WARN [10-06|05:51:08.101] Dropping unsynced node during sync       id=678517f99d7e1d4c conn=inbound addr=203.221.156.106:46872 type=Geth/v1.10.8-stable-...
INFO [10-06|05:51:09.209] Looking for peers                        peercount=29 tried=4 static=0
INFO [10-06|05:51:13.181] Imported new block headers               count=1   elapsed=6.872ms   number=13,363,680 hash=94ae65..391ac9 age=1m17s
ERROR[10-06|05:51:14.300] Snapshot extension registration failed   peer=20dcc090 err="peer connected on snap without compatible eth support"
INFO [10-06|05:51:16.199] Imported new block headers               count=1   elapsed=6.128ms   number=13,363,681 hash=38021a..e9f984
INFO [10-06|05:51:16.403] State heal in progress                   accounts=1318@73.65KiB slots=5@412.00B codes=12416@105.41MiB nodes=294,773,418@86.41GiB pending=105,539
INFO [10-06|05:51:19.209] Looking for peers                        peercount=30 tried=2 static=0
INFO [10-06|05:51:22.631] Imported new block headers               count=1   elapsed=7.092ms   number=13,363,682 hash=0f1fba..d1d5b0
INFO [10-06|05:51:24.989] Downloader queue stats                   receiptTasks=0   blockTasks=0   itemSize=316.21KiB throttle=830
INFO [10-06|05:51:25.652] Imported new block headers               count=1   elapsed=8.385ms   number=13,363,683 hash=3ac36a..34c3c2
INFO [10-06|05:51:29.211] Looking for peers                        peercount=33 tried=3 static=0
INFO [10-06|05:51:30.776] State heal in progress                   accounts=1382@76.97KiB slots=5@412.00B codes=12416@105.41MiB nodes=294,774,162@86.41GiB pending=106,695
WARN [10-06|05:51:31.297] Unexpected trienode heal packet          peer=9c6b7bf0 reqid=3,880,780,799,158,767,192
INFO [10-06|05:51:34.687] Imported new block headers               count=1   elapsed=6.844ms   number=13,363,684 hash=cfd972..95300a
WARN [10-06|05:51:35.622] Checkpoint challenge timed out, dropping id=89d4d2c165209c8b conn=inbound addr=179.53.62.201:39160   type=erigon/v2021.08.5-al...
WARN [10-06|05:51:35.952] Unexpected trienode heal packet          peer=addddd1a reqid=7,960,239,908,046,093,086
INFO [10-06|05:51:37.704] Imported new block headers               count=1   elapsed=6.698ms   number=13,363,685 hash=f2e1cb..4f165d
INFO [10-06|05:51:39.212] Looking for peers                        peercount=32 tried=3 static=0
INFO [10-06|05:51:42.692] State heal in progress                   accounts=1437@80.09KiB slots=5@412.00B codes=12416@105.41MiB nodes=294,774,804@86.41GiB pending=107,732
WARN [10-06|05:51:42.693] Unexpected trienode heal packet          peer=a2022db6 reqid=5,471,442,520,495,209,835
INFO [10-06|05:51:43.732] Imported new block headers               count=1   elapsed=5.942ms   number=13,363,686 hash=afa868..b17b53
INFO [10-06|05:51:49.214] Looking for peers                        peercount=33 tried=3 static=0
WARN [10-06|05:51:50.505] Unexpected trienode heal packet          peer=1e9eb49c reqid=3,755,080,782,858,983,420
WARN [10-06|05:51:53.897] Dropping unsynced node during sync       id=3d4b9d27cdb1f716 conn=inbound addr=141.226.153.186:58256 type=Geth/v1.10.6-stable-...
INFO [10-06|05:51:56.711] State heal in progress                   accounts=1479@82.42KiB slots=5@412.00B codes=12416@105.41MiB nodes=294,775,517@86.41GiB pending=108,931
WARN [10-06|05:51:56.712] Unexpected trienode heal packet          peer=ab4e9b70 reqid=9,125,987,145,264,669,085
INFO [10-06|05:51:59.215] Looking for peers                        peercount=34 tried=3 static=0
ERROR[10-06|05:52:00.293] Snapshot extension registration failed   peer=20dcc090 err="peer connected on snap without compatible eth support"
INFO [10-06|05:52:03.274] Imported new block headers               count=2   elapsed=8.704ms   number=13,363,688 hash=80b960..354f82
ERROR[10-06|05:52:04.675] Snapshot extension registration failed   peer=c4dc26bb err="peer connected on snap without compatible eth support"
ERROR[10-06|05:52:05.623] Snapshot extension registration failed   peer=ea823330 err="peer connected on snap without compatible eth support"
INFO [10-06|05:52:05.701] State heal in progress                   accounts=1528@85.24KiB slots=6@493.00B codes=12416@105.41MiB nodes=294,776,016@86.41GiB pending=109,758
INFO [10-06|05:52:09.215] Looking for peers                        peercount=34 tried=2 static=0
INFO [10-06|05:52:09.303] Imported new block headers               count=1   elapsed=6.720ms   number=13,363,689 hash=a40c44..308abd
INFO [10-06|05:52:13.907] State heal in progress                   accounts=1561@87.22KiB slots=6@493.00B codes=12416@105.41MiB nodes=294,776,460@86.41GiB pending=110,539
INFO [10-06|05:52:19.216] Looking for peers                        peercount=33 tried=4 static=0
INFO [10-06|05:52:22.766] State heal in progress                   accounts=1590@88.67KiB slots=6@493.00B codes=12416@105.41MiB nodes=294,776,894@86.41GiB pending=111,243
INFO [10-06|05:52:26.024] Downloader queue stats                   receiptTasks=0   blockTasks=0   itemSize=268.28KiB throttle=978
ERROR[10-06|05:52:26.721] Snapshot extension registration failed   peer=63cbe74f err="peer connected on snap without compatible eth support"
INFO [10-06|05:52:29.218] Looking for peers                        peercount=34 tried=3 static=0
INFO [10-06|05:52:33.096] State heal in progress                   accounts=1632@91.20KiB slots=6@493.00B codes=12416@105.41MiB nodes=294,777,440@86.41GiB pending=112,130
WARN [10-06|05:52:35.444] Dropping unsynced node during sync       id=892ff1d92a15261d conn=inbound addr=18.142.145.182:56778  type=OpenEthereum/v3.3.0-...
ERROR[10-06|05:52:36.617] Snapshot extension registration failed   peer=34f97777 err="peer connected on snap without compatible eth support"
ERROR[10-06|05:52:37.246] Snapshot extension registration failed   peer=20dcc090 err="peer connected on snap without compatible eth support"
ERROR[10-06|05:52:37.807] Snapshot extension registration failed   peer=79ce5bee err="peer connected on snap without compatible eth support"
INFO [10-06|05:52:39.218] Looking for peers                        peercount=34 tried=4 static=0
INFO [10-06|05:52:41.390] State heal in progress                   accounts=1667@93.16KiB slots=6@493.00B codes=12416@105.41MiB nodes=294,777,898@86.41GiB pending=112,926
INFO [10-06|05:52:49.220] Looking for peers                        peercount=36 tried=3 static=0
INFO [10-06|05:52:53.043] State heal in progress                   accounts=1707@95.61KiB slots=6@493.00B codes=12416@105.41MiB nodes=294,778,475@86.41GiB pending=113,841
WARN [10-06|05:52:57.301] Unexpected trienode heal packet          peer=ab4e9b70 reqid=5,049,724,224,159,545,993
ERROR[10-06|05:52:58.441] Snapshot extension registration failed   peer=9316c04a err="peer connected on snap without compatible eth support"
WARN [10-06|05:52:58.581] Unexpected trienode heal packet          peer=addddd1a reqid=8,226,482,362,811,679,153
WARN [10-06|05:52:58.589] Unexpected trienode heal packet          peer=a1f9d329 reqid=7,013,267,694,769,121,410
INFO [10-06|05:52:59.220] Looking for peers                        peercount=35 tried=2 static=0
WARN [10-06|05:53:01.465] Dropping unsynced node during sync       id=1411502d71e1dbc2 conn=inbound addr=185.24.122.38:47774   type=OpenEthereum/v3.3.0-...
INFO [10-06|05:53:05.235] State heal in progress                   accounts=1758@98.41KiB slots=6@493.00B codes=12416@105.41MiB nodes=294,779,113@86.41GiB pending=114,843
INFO [10-06|05:53:06.488] Imported new block headers               count=1   elapsed=6.843ms   number=13,363,690 hash=641166..9a1b48 age=1m7s
WARN [10-06|05:53:08.174] Unexpected trienode heal packet          peer=4b2f77e8 reqid=6,845,983,050,483,669,071
INFO [10-06|05:53:09.506] Imported new block headers               count=1   elapsed=6.421ms   number=13,363,691 hash=995a2b..29f2de age=1m8s
INFO [10-06|05:53:09.629] Looking for peers                        peercount=35 tried=3 static=0
INFO [10-06|05:53:14.506] State heal in progress                   accounts=1803@101.12KiB slots=6@493.00B codes=12416@105.41MiB nodes=294,779,608@86.41GiB pending=115,638
INFO [10-06|05:53:18.543] Imported new block headers               count=1   elapsed=6.037ms   number=13,363,692 hash=f8f45f..bb3d0d age=1m11s
INFO [10-06|05:53:19.631] Looking for peers                        peercount=35 tried=3 static=0
WARN [10-06|05:53:20.564] Unexpected trienode heal packet          peer=00780da4 reqid=5,922,181,660,694,141,459
ERROR[10-06|05:53:24.127] Snapshot extension registration failed   peer=20dcc090 err="peer connected on snap without compatible eth support"
INFO [10-06|05:53:27.498] State heal in progress                   accounts=1849@103.56KiB slots=6@493.00B codes=12416@105.41MiB nodes=294,780,264@86.41GiB pending=116,700
WARN [10-06|05:53:29.285] Dropping unsynced node during sync       id=2b5854999da34d5c conn=inbound addr=47.149.80.50:30254    type=OpenEthereum/v3.3.0-...
INFO [10-06|05:53:29.632] Looking for peers                        peercount=35 tried=3 static=0
INFO [10-06|05:53:33.598] Imported new block headers               count=1   elapsed=6.529ms   number=13,363,693 hash=869801..a83ef7
INFO [10-06|05:53:35.061] Downloader queue stats                   receiptTasks=0   blockTasks=0   itemSize=266.71KiB throttle=983
WARN [10-06|05:53:35.061] Pivot became stale, moving               old=13,363,565 new=13,363,630
INFO [10-06|05:53:35.269] Imported new block receipts              count=65  elapsed=207.326ms number=13,363,629 hash=7cd99a..b8e21d age=12m19s   size=5.55MiB
INFO [10-06|05:53:39.633] Looking for peers                        peercount=35 tried=2 static=0
INFO [10-06|05:53:40.798] State heal in progress                   accounts=1903@106.75KiB slots=6@493.00B codes=12416@105.41MiB nodes=294,780,939@86.41GiB pending=117,829
INFO [10-06|05:53:40.798] State heal in progress                   accounts=1903@106.75KiB slots=6@493.00B codes=12416@105.41MiB nodes=294,780,939@86.41GiB pending=117,829
WARN [10-06|05:53:40.928] Unexpected trienode heal packet          peer=1e9eb49c reqid=2,875,969,281,873,419,788
WARN [10-06|05:53:43.462] Unexpected trienode heal packet          peer=addddd1a reqid=2,882,037,135,450,292,821
INFO [10-06|05:53:48.659] Imported new block headers               count=1   elapsed=10.380ms  number=13,363,694 hash=58b5c1..9c34f6
INFO [10-06|05:53:49.252] State heal in progress                   accounts=1903@106.75KiB slots=6@493.00B codes=12416@105.41MiB nodes=294,782,360@86.42GiB pending=22547
INFO [10-06|05:53:49.635] Looking for peers                        peercount=35 tried=3 static=0
ERROR[10-06|05:53:54.065] Snapshot extension registration failed   peer=aec4562e err="peer connected on snap without compatible eth support"
INFO [10-06|05:53:58.318] State heal in progress                   accounts=1903@106.75KiB slots=6@493.00B codes=12416@105.41MiB nodes=294,784,389@86.42GiB pending=47840
INFO [10-06|05:53:59.637] Looking for peers                        peercount=36 tried=4 static=0
INFO [10-06|05:54:09.637] Looking for peers                        peercount=36 tried=3 static=0
INFO [10-06|05:54:12.720] State heal in progress                   accounts=1903@106.75KiB slots=6@493.00B codes=12416@105.41MiB nodes=294,786,240@86.42GiB pending=68483
INFO [10-06|05:54:19.659] Looking for peers                        peercount=36 tried=3 static=0
INFO [10-06|05:54:22.368] State heal in progress                   accounts=1903@106.75KiB slots=6@493.00B codes=12416@105.41MiB nodes=294,787,198@86.42GiB pending=76255
INFO [10-06|05:54:29.677] Looking for peers                        peercount=36 tried=3 static=0
INFO [10-06|05:54:36.341] State heal in progress                   accounts=1903@106.75KiB slots=6@493.00B codes=12416@105.41MiB nodes=294,788,916@86.42GiB pending=96698
INFO [10-06|05:54:36.873] Imported new block headers               count=1   elapsed=24.583ms  number=13,363,695 hash=687c41..b57194 age=1m21s
INFO [10-06|05:54:39.683] Looking for peers                        peercount=36 tried=3 static=0
WARN [10-06|05:54:43.889] Unexpected trienode heal packet          peer=addddd1a reqid=1,100,743,964,546,545,366
INFO [10-06|05:54:44.853] Downloader queue stats                   receiptTasks=0   blockTasks=0   itemSize=285.08KiB throttle=920
INFO [10-06|05:54:49.685] Looking for peers                        peercount=36 tried=3 static=0
INFO [10-06|05:54:51.931] Imported new block headers               count=1   elapsed=7.847ms   number=13,363,696 hash=d1c55e..6643b4 age=1m28s
INFO [10-06|05:54:52.790] State heal in progress                   accounts=1903@106.75KiB slots=6@493.00B codes=12416@105.41MiB nodes=294,790,626@86.42GiB pending=106,221
WARN [10-06|05:54:53.712] Unexpected trienode heal packet          peer=a1f9d329 reqid=8,060,577,742,943,740,606
INFO [10-06|05:54:59.689] Looking for peers                        peercount=35 tried=3 static=0
INFO [10-06|05:55:02.215] State heal in progress                   accounts=1903@106.75KiB slots=6@493.00B codes=12416@105.41MiB nodes=294,791,571@86.42GiB pending=113,009
INFO [10-06|05:55:09.690] Looking for peers                        peercount=34 tried=3 static=0
INFO [10-06|05:55:13.015] Imported new block headers               count=1   elapsed=6.100ms   number=13,363,697 hash=b02760..4e3e5d age=1m26s
INFO [10-06|05:55:14.139] State heal in progress                   accounts=1903@106.75KiB slots=6@493.00B codes=12416@105.41MiB nodes=294,793,141@86.42GiB pending=118,267
ERROR[10-06|05:55:15.028] Snapshot extension registration failed   peer=f80b417d err="peer connected on snap without compatible eth support"
INFO [10-06|05:55:19.047] Imported new block headers               count=1   elapsed=6.318ms   number=13,363,698 hash=f896fa..8a2ad2
INFO [10-06|05:55:19.693] Looking for peers                        peercount=34 tried=3 static=0
ERROR[10-06|05:55:29.590] Snapshot extension registration failed   peer=aec4562e err="peer connected on snap without compatible eth support"
INFO [10-06|05:55:29.694] Looking for peers                        peercount=34 tried=3 static=0
INFO [10-06|05:55:34.110] Imported new block headers               count=1   elapsed=5.922ms   number=13,363,699 hash=2bc85c..078f9e
INFO [10-06|05:55:36.000] State heal in progress                   accounts=1903@106.75KiB slots=6@493.00B codes=12416@105.41MiB nodes=294,793,901@86.42GiB pending=119,501
INFO [10-06|05:55:37.131] Imported new block headers               count=1   elapsed=6.321ms   number=13,363,700 hash=de3c1f..eab375
ERROR[10-06|05:55:37.343] Snapshot extension registration failed   peer=63cbe74f err="peer connected on snap without compatible eth support"
INFO [10-06|05:55:39.695] Looking for peers                        peercount=34 tried=3 static=0
INFO [10-06|05:55:49.696] Looking for peers                        peercount=35 tried=3 static=0
INFO [10-06|05:55:51.631] State heal in progress                   accounts=1903@106.75KiB slots=6@493.00B codes=12416@105.41MiB nodes=294,794,461@86.42GiB pending=120,691
INFO [10-06|05:55:53.900] Downloader queue stats                   receiptTasks=0   blockTasks=0   itemSize=303.92KiB throttle=863
ERROR[10-06|05:55:58.731] Snapshot extension registration failed   peer=5e9ddde8 err="peer connected on snap without compatible eth support"
INFO [10-06|05:55:59.698] Looking for peers                        peercount=33 tried=3 static=0
INFO [10-06|05:56:09.699] Looking for peers                        peercount=33 tried=3 static=0
INFO [10-06|05:56:14.774] State heal in progress                   accounts=1903@106.75KiB slots=6@493.00B codes=12416@105.41MiB nodes=294,795,222@86.42GiB pending=122,498
INFO [10-06|05:56:16.298] Imported new block headers               count=1   elapsed=6.968ms   number=13,363,701 hash=7eed1a..8a3fbb
ERROR[10-06|05:56:19.149] Snapshot extension registration failed   peer=1cd502f4 err="peer connected on snap without compatible eth support"
INFO [10-06|05:56:19.700] Looking for peers                        peercount=32 tried=3 static=0
INFO [10-06|05:56:22.374] Imported new block headers               count=1   elapsed=8.739ms   number=13,363,702 hash=c40537..67df5e
INFO [10-06|05:56:25.766] Imported new block headers               count=1   elapsed=6.822ms   number=13,363,703 hash=64b4a7..e2247b