INFO [10-06|06:05:52.052] Looking for peers                        peercount=23 tried=3 static=0
INFO [10-06|06:05:57.103] Imported new block headers               count=1   elapsed=6.782ms   number=13,363,753 hash=4c60d5..1ec1a5
INFO [10-06|06:05:57.328] Downloader queue stats                   receiptTasks=0   blockTasks=0   itemSize=222.01KiB throttle=1181
INFO [10-06|06:05:59.785] State heal in progress                   accounts=8262@423.55KiB slots=3799@282.62KiB codes=12421@105.47MiB nodes=294,835,672@86.43GiB pending=147,432
INFO [10-06|06:06:02.053] Looking for peers                        peercount=23 tried=3 static=0
INFO [10-06|06:06:09.475] State heal in progress                   accounts=8270@423.90KiB slots=3922@292.12KiB codes=12421@105.47MiB nodes=294,836,247@86.43GiB pending=147,740
INFO [10-06|06:06:11.820] Imported new block headers               count=1   elapsed=7.435ms   number=13,363,754 hash=6eac93..cce975
INFO [10-06|06:06:12.054] Looking for peers                        peercount=23 tried=3 static=0
INFO [10-06|06:06:19.023] State heal in progress                   accounts=8287@424.76KiB slots=4144@309.32KiB codes=12421@105.47MiB nodes=294,837,053@86.43GiB pending=148,124
INFO [10-06|06:06:22.055] Looking for peers                        peercount=23 tried=3 static=0
INFO [10-06|06:06:28.720] State heal in progress                   accounts=8336@427.18KiB slots=4380@327.67KiB codes=12421@105.47MiB nodes=294,837,851@86.43GiB pending=148,212
INFO [10-06|06:06:32.057] Looking for peers                        peercount=23 tried=3 static=0
INFO [10-06|06:06:37.239] State heal in progress                   accounts=8540@437.32KiB slots=4715@352.82KiB codes=12421@105.47MiB nodes=294,839,001@86.43GiB pending=147,814
INFO [10-06|06:06:38.933] Imported new block headers               count=1   elapsed=6.873ms   number=13,363,755 hash=812cac..984536 age=1m7s
INFO [10-06|06:06:45.986] State heal in progress                   accounts=8578@439.18KiB slots=4891@366.22KiB codes=12421@105.47MiB nodes=294,839,755@86.43GiB pending=147,931
INFO [10-06|06:06:48.533] Imported new block headers               count=1   elapsed=6.815ms   number=13,363,756 hash=9570a6..dc23e1
WARN [10-06|06:06:49.358] Pivot became stale, moving               old=13,363,630 new=13,363,694
INFO [10-06|06:06:49.597] Imported new block receipts              count=64  elapsed=236.518ms number=13,363,693 hash=869801..a83ef7 age=13m47s   size=9.77MiB
INFO [10-06|06:06:50.644] State heal in progress                   accounts=8595@439.93KiB slots=5002@374.77KiB codes=12421@105.47MiB nodes=294,840,143@86.43GiB pending=147,968
WARN [10-06|06:06:50.657] Unexpected trienode heal packet          peer=7e0e5ef7 reqid=7,716,509,913,320,386,386
WARN [10-06|06:06:50.686] Unexpected trienode heal packet          peer=ab4e9b70 reqid=3,203,572,581,481,663,599
WARN [10-06|06:06:50.803] Unexpected trienode heal packet          peer=397c7cce reqid=5,411,573,182,877,721,647
WARN [10-06|06:06:50.888] Unexpected trienode heal packet          peer=a1f9d329 reqid=7,499,261,706,915,480,841
WARN [10-06|06:06:51.843] Unexpected trienode heal packet          peer=00780da4 reqid=761,690,990,589,461,438
WARN [10-06|06:06:53.639] Unexpected trienode heal packet          peer=a2022db6 reqid=1,922,806,135,083,299,750
INFO [10-06|06:07:01.814] State heal in progress                   accounts=8595@439.93KiB slots=5002@374.77KiB codes=12421@105.47MiB nodes=294,842,454@86.43GiB pending=31546
WARN [10-06|06:07:10.856] Unexpected trienode heal packet          peer=addddd1a reqid=650,050,111,648,009,290
INFO [10-06|06:07:16.120] State heal in progress                   accounts=8595@439.93KiB slots=5002@374.77KiB codes=12421@105.47MiB nodes=294,845,110@86.44GiB pending=61257
INFO [10-06|06:07:27.044] State heal in progress                   accounts=8595@439.93KiB slots=5002@374.77KiB codes=12421@105.47MiB nodes=294,846,374@86.44GiB pending=64122
ERROR[10-06|06:07:27.098] Snapshot extension registration failed   peer=63cbe74f err="peer connected on snap without compatible eth support"
INFO [10-06|06:07:41.486] State heal in progress                   accounts=8595@439.93KiB slots=5002@374.77KiB codes=12421@105.47MiB nodes=294,848,103@86.44GiB pending=68934
INFO [10-06|06:07:43.130] Imported new block headers               count=1   elapsed=11.715ms  number=13,363,757 hash=7cebf2..7597c1 age=1m34s
INFO [10-06|06:07:55.511] State heal in progress                   accounts=8595@439.93KiB slots=5002@374.77KiB codes=12421@105.47MiB nodes=294,849,843@86.44GiB pending=73750
INFO [10-06|06:07:58.714] Downloader queue stats                   receiptTasks=0   blockTasks=0   itemSize=288.63KiB throttle=909
INFO [10-06|06:08:10.276] State heal in progress                   accounts=8595@439.93KiB slots=5002@374.77KiB codes=12421@105.47MiB nodes=294,851,640@86.44GiB pending=82995
WARN [10-06|06:08:10.582] Unexpected trienode heal packet          peer=a1f9d329 reqid=3,201,916,206,603,435,266
INFO [10-06|06:08:16.273] Imported new block headers               count=1   elapsed=8.166ms   number=13,363,758 hash=81020f..e8dcff age=1m41s
INFO [10-06|06:08:22.304] Imported new block headers               count=1   elapsed=6.693ms   number=13,363,759 hash=a3fee8..c0ccca age=1m37s
INFO [10-06|06:08:24.432] State heal in progress                   accounts=8595@439.93KiB slots=5002@374.77KiB codes=12421@105.47MiB nodes=294,853,424@86.44GiB pending=92758
INFO [10-06|06:08:28.334] Imported new block headers               count=1   elapsed=6.031ms   number=13,363,760 hash=48f1a8..02df8b
INFO [10-06|06:08:37.734] State heal in progress                   accounts=8595@439.93KiB slots=5002@374.77KiB codes=12421@105.47MiB nodes=294,854,610@86.44GiB pending=96142
INFO [10-06|06:08:46.410] Imported new block headers               count=1   elapsed=8.333ms   number=13,363,761 hash=4c5461..be662e
INFO [10-06|06:08:49.434] Imported new block headers               count=1   elapsed=10.015ms  number=13,363,762 hash=7d7ca5..fdb213
INFO [10-06|06:08:52.325] State heal in progress                   accounts=8595@439.93KiB slots=5002@374.77KiB codes=12421@105.47MiB nodes=294,855,882@86.44GiB pending=98474
INFO [10-06|06:09:02.580] State heal in progress                   accounts=8595@439.93KiB slots=5002@374.77KiB codes=12421@105.47MiB nodes=294,856,305@86.44GiB pending=98918
INFO [10-06|06:09:04.495] Imported new block headers               count=1   elapsed=6.816ms   number=13,363,763 hash=dbb408..448ee6
INFO [10-06|06:09:12.598] State heal in progress                   accounts=8595@439.93KiB slots=5002@374.77KiB codes=12421@105.47MiB nodes=294,856,863@86.44GiB pending=100,439
INFO [10-06|06:09:16.776] Downloader queue stats                   receiptTasks=0   blockTasks=0   itemSize=287.24KiB throttle=913
INFO [10-06|06:09:22.521] State heal in progress                   accounts=8595@439.93KiB slots=5002@374.77KiB codes=12421@105.47MiB nodes=294,857,565@86.44GiB pending=102,143
INFO [10-06|06:09:23.885] Imported new block headers               count=1   elapsed=8.421ms   number=13,363,764 hash=0f2de4..3cc16e
INFO [10-06|06:09:29.920] Imported new block headers               count=1   elapsed=9.949ms   number=13,363,765 hash=8b0281..2919de
INFO [10-06|06:09:33.531] State heal in progress                   accounts=8595@439.93KiB slots=5002@374.77KiB codes=12421@105.47MiB nodes=294,858,218@86.44GiB pending=103,913
INFO [10-06|06:09:38.960] Imported new block headers               count=1   elapsed=6.158ms   number=13,363,766 hash=977996..e7500c
INFO [10-06|06:09:44.992] Imported new block headers               count=1   elapsed=6.914ms   number=13,363,767 hash=e5929e..6efa9f
INFO [10-06|06:09:45.162] State heal in progress                   accounts=8595@439.93KiB slots=5002@374.77KiB codes=12421@105.47MiB nodes=294,858,897@86.44GiB pending=104,758
INFO [10-06|06:09:51.023] Imported new block headers               count=2   elapsed=6.511ms   number=13,363,769 hash=45570b..5fe8bc
INFO [10-06|06:09:58.232] State heal in progress                   accounts=8595@439.93KiB slots=5002@374.77KiB codes=12421@105.47MiB nodes=294,859,527@86.44GiB pending=105,434
INFO [10-06|06:10:09.096] Imported new block headers               count=2   elapsed=7.129ms   number=13,363,771 hash=970271..d4af8f
INFO [10-06|06:10:15.530] State heal in progress                   accounts=8596@440.03KiB slots=5002@374.77KiB codes=12421@105.47MiB nodes=294,860,237@86.44GiB pending=106,220
INFO [10-06|06:10:21.333] Imported new block headers               count=1   elapsed=6.474ms   number=13,363,772 hash=2da308..53e036
INFO [10-06|06:10:23.817] Downloader queue stats                   receiptTasks=0   blockTasks=0   itemSize=247.06KiB throttle=1062
INFO [10-06|06:10:26.884] State heal in progress                   accounts=8596@440.03KiB slots=5002@374.77KiB codes=12421@105.47MiB nodes=294,860,643@86.44GiB pending=106,654
INFO [10-06|06:10:31.677] Imported new block headers               count=1   elapsed=7.992ms   number=13,363,773 hash=82a45b..04016f
INFO [10-06|06:10:35.917] State heal in progress                   accounts=8629@442.04KiB slots=5002@374.77KiB codes=12421@105.47MiB nodes=294,861,194@86.44GiB pending=107,129
INFO [10-06|06:10:40.720] Imported new block headers               count=1   elapsed=7.221ms   number=13,363,774 hash=9de5bb..f62e83
INFO [10-06|06:10:45.593] State heal in progress                   accounts=8688@445.49KiB slots=5002@374.77KiB codes=12421@105.47MiB nodes=294,861,764@86.44GiB pending=107,552
INFO [10-06|06:10:50.104] Imported new block headers               count=1   elapsed=12.592ms  number=13,363,775 hash=41e4b4..e771a8
INFO [10-06|06:10:57.738] State heal in progress                   accounts=8711@446.66KiB slots=5002@374.77KiB codes=12421@105.47MiB nodes=294,862,421@86.44GiB pending=108,166
INFO [10-06|06:11:02.155] Imported new block headers               count=1   elapsed=8.797ms   number=13,363,776 hash=fc8940..975f72
INFO [10-06|06:11:06.774] State heal in progress                   accounts=8713@446.75KiB slots=5002@374.77KiB codes=12421@105.47MiB nodes=294,862,767@86.44GiB pending=108,531
INFO [10-06|06:11:15.579] State heal in progress                   accounts=8785@450.80KiB slots=5002@374.77KiB codes=12421@105.47MiB nodes=294,863,330@86.44GiB pending=108,963
INFO [10-06|06:11:24.556] State heal in progress                   accounts=8849@454.49KiB slots=5002@374.77KiB codes=12421@105.47MiB nodes=294,863,918@86.44GiB pending=109,449
INFO [10-06|06:11:26.278] Imported new block headers               count=1   elapsed=7.581ms   number=13,363,777 hash=0975c2..7ac57a