INFO [10-06|01:59:07.806] Imported new block headers               count=1    elapsed=6.117ms   number=13,362,592 hash=35881d..179bca
INFO [10-06|01:59:08.040] Imported new block headers               count=1    elapsed=8.316ms   number=13,362,593 hash=52b4bc..2e670a
INFO [10-06|01:59:10.433] State heal in progress                   accounts=518@27.04KiB slots=1@87.00B codes=12400@105.30MiB nodes=293,754,087@86.08GiB pending=90429
WARN [10-06|01:59:10.627] Checkpoint challenge timed out, dropping id=40eef1fd3ed011a1 conn=inbound addr=195.154.80.140:50162  type=erigon/v2021.10.1-al...
WARN [10-06|01:59:10.654] Unexpected bytecode heal packet          peer=9300ae06 reqid=4,530,316,458,085,835,100
ERROR[10-06|01:59:13.369] Snapshot extension registration failed   peer=1d4fc8e3 err="peer connected on snap without compatible eth support"
ERROR[10-06|01:59:14.529] Snapshot extension registration failed   peer=db10c423 err="peer connected on snap without compatible eth support"
INFO [10-06|01:59:20.643] State heal in progress                   accounts=643@33.61KiB slots=1@87.00B codes=12400@105.30MiB nodes=293,754,760@86.08GiB pending=90709
WARN [10-06|01:59:20.769] Dropping unsynced node during sync       id=16c2f2ae89ca5dc6 conn=inbound addr=62.171.187.24:52964   type=Geth/v1.10.9-stable-...
INFO [10-06|01:59:21.200] Imported new block headers               count=1    elapsed=7.981ms   number=13,362,594 hash=a57a08..ab70d6
WARN [10-06|01:59:27.546] Unexpected trienode heal packet          peer=2875b082 reqid=6,385,440,908,048,904,575
WARN [10-06|01:59:28.577] Unexpected trienode heal packet          peer=c25dc4e4 reqid=8,572,293,518,968,427,461
ERROR[10-06|01:59:28.825] Snapshot extension registration failed   peer=ae8f0800 err="peer connected on snap without compatible eth support"
INFO [10-06|01:59:28.854] State heal in progress                   accounts=715@37.10KiB slots=2@173.00B codes=12400@105.30MiB nodes=293,755,226@86.08GiB pending=90976
ERROR[10-06|01:59:31.692] Snapshot extension registration failed   peer=fd7bde42 err="peer connected on snap without compatible eth support"
WARN [10-06|01:59:34.690] Unexpected trienode heal packet          peer=7f51f3a0 reqid=86,071,757,987,035,290
INFO [10-06|01:59:38.363] State heal in progress                   accounts=772@39.77KiB slots=2@173.00B codes=12400@105.30MiB nodes=293,755,689@86.08GiB pending=91292
WARN [10-06|01:59:38.363] Unexpected trienode heal packet          peer=9300ae06 reqid=5,561,701,504,183,899,576
ERROR[10-06|01:59:39.098] Snapshot extension registration failed   peer=20dcc090 err="peer connected on snap without compatible eth support"
INFO [10-06|01:59:40.827] Imported new block headers               count=1    elapsed=6.198ms   number=13,362,595 hash=2b291f..cb9fbf
ERROR[10-06|01:59:41.212] Snapshot extension registration failed   peer=cd1cdc46 err="peer connected on snap without compatible eth support"
WARN [10-06|01:59:42.876] Unexpected trienode heal packet          peer=85c41b4d reqid=8,189,153,235,557,827,749
WARN [10-06|01:59:47.288] Dropping unsynced node during sync       id=8d62276bff139dcd conn=inbound addr=8.209.68.121:53012    type=
INFO [10-06|01:59:48.761] State heal in progress                   accounts=840@43.40KiB slots=2@173.00B codes=12400@105.30MiB nodes=293,756,243@86.08GiB pending=91707
WARN [10-06|01:59:50.323] Unexpected bytecode heal packet          peer=fe0bf8a8 reqid=2,748,293,048,557,486,238
WARN [10-06|01:59:50.331] Unexpected trienode heal packet          peer=fe0bf8a8 reqid=4,953,358,467,152,590,674
INFO [10-06|01:59:50.756] Imported new block headers               count=1    elapsed=6.188ms   number=13,362,596 hash=0283fb..76dfe3
ERROR[10-06|01:59:52.329] Snapshot extension registration failed   peer=0ebd686d err="peer connected on snap without compatible eth support"
INFO [10-06|02:00:00.686] Imported new block headers               count=1    elapsed=6.696ms   number=13,362,597 hash=da081c..54b62a
INFO [10-06|02:00:03.001] State heal in progress                   accounts=1016@52.34KiB slots=3@259.00B codes=12400@105.30MiB nodes=293,757,165@86.08GiB pending=92101
WARN [10-06|02:00:03.006] Unexpected bytecode heal packet          peer=7f51f3a0 reqid=7,069,922,250,738,118,154
INFO [10-06|02:00:07.381] Imported new block headers               count=1    elapsed=6.536ms   number=13,362,598 hash=363fc0..7a4abe
INFO [10-06|02:00:11.046] Downloader queue stats                   receiptTasks=0   blockTasks=0   itemSize=240.56KiB throttle=1090
INFO [10-06|02:00:11.459] State heal in progress                   accounts=1426@74.77KiB slots=4@347.00B codes=12400@105.30MiB nodes=293,758,179@86.08GiB pending=91820
ERROR[10-06|02:00:13.208] Snapshot extension registration failed   peer=b17b6239 err="peer connected on snap without compatible eth support"
INFO [10-06|02:00:14.083] Imported new block headers               count=2    elapsed=12.116ms  number=13,362,600 hash=44e8d8..dfea3f
INFO [10-06|02:00:24.911] State heal in progress                   accounts=1596@84.04KiB slots=4@347.00B codes=12400@105.30MiB nodes=293,759,008@86.08GiB pending=92286
INFO [10-06|02:00:33.351] State heal in progress                   accounts=1695@89.43KiB slots=5@433.00B codes=12401@105.32MiB nodes=293,759,533@86.08GiB pending=92671
INFO [10-06|02:00:33.703] Imported new block headers               count=1    elapsed=6.073ms   number=13,362,601 hash=93fa06..106fe2
ERROR[10-06|02:00:34.162] Snapshot extension registration failed   peer=df737b0f err="peer connected on snap without compatible eth support"
ERROR[10-06|02:00:43.439] Snapshot extension registration failed   peer=adf33177 err="peer connected on snap without compatible eth support"
INFO [10-06|02:00:44.583] State heal in progress                   accounts=2315@123.67KiB slots=7@606.00B codes=12402@105.32MiB nodes=293,761,023@86.08GiB pending=92606
ERROR[10-06|02:00:49.722] Snapshot extension registration failed   peer=1cd502f4 err="peer connected on snap without compatible eth support"
INFO [10-06|02:00:53.333] Imported new block headers               count=1    elapsed=6.577ms   number=13,362,602 hash=b7bacf..df4d96
INFO [10-06|02:00:53.601] State heal in progress                   accounts=2589@138.77KiB slots=17@1.40KiB codes=12403@105.33MiB nodes=293,761,860@86.08GiB pending=92805
WARN [10-06|02:00:55.287] Unexpected trienode heal packet          peer=7f51f3a0 reqid=6,447,008,491,912,817,392
WARN [10-06|02:00:55.933] Dropping unsynced node during sync       id=0f1843f2cc651f77 conn=inbound addr=185.219.37.2:58434    type=OpenEthereum/v3.3.0-...
ERROR[10-06|02:00:58.179] Snapshot extension registration failed   peer=657914f4 err="peer connected on snap without compatible eth support"
INFO [10-06|02:01:02.317] State heal in progress                   accounts=2794@149.86KiB slots=23@1.88KiB codes=12405@105.33MiB nodes=293,762,645@86.08GiB pending=94008
ERROR[10-06|02:01:07.291] Snapshot extension registration failed   peer=f80b417d err="peer connected on snap without compatible eth support"
INFO [10-06|02:01:12.820] State heal in progress                   accounts=3005@161.18KiB slots=39@3.22KiB codes=12405@105.33MiB nodes=293,763,387@86.08GiB pending=94665
ERROR[10-06|02:01:20.239] Snapshot extension registration failed   peer=adf33177 err="peer connected on snap without compatible eth support"
INFO [10-06|02:01:22.682] State heal in progress                   accounts=3177@170.99KiB slots=43@3.53KiB codes=12405@105.33MiB nodes=293,764,119@86.08GiB pending=95077
ERROR[10-06|02:01:23.220] Snapshot extension registration failed   peer=4efb975c err="peer connected on snap without compatible eth support"
WARN [10-06|02:01:23.514] Dropping unsynced node during sync       id=7771eeb6ff609c13 conn=inbound addr=37.120.46.235:47194   type=OpenEthereum/v3.3.0-...
INFO [10-06|02:01:30.939] State heal in progress                   accounts=3197@171.99KiB slots=66@5.32KiB codes=12405@105.33MiB nodes=293,764,654@86.08GiB pending=95970
INFO [10-06|02:01:40.853] State heal in progress                   accounts=3330@179.14KiB slots=77@6.16KiB codes=12405@105.33MiB nodes=293,765,309@86.08GiB pending=96623
WARN [10-06|02:01:41.119] Checkpoint challenge timed out, dropping id=030f3e3a26960648 conn=dyndial addr=209.6.140.72:30303    type=erigon/v2021.09.4/li...
ERROR[10-06|02:01:42.865] Snapshot extension registration failed   peer=7c73a33a err="peer connected on snap without compatible eth support"
INFO [10-06|02:01:48.539] Imported new block headers               count=1    elapsed=10.162ms  number=13,362,603 hash=da8949..794ad0 age=1m40s
INFO [10-06|02:01:49.898] State heal in progress                   accounts=3423@184.16KiB slots=96@7.64KiB codes=12405@105.33MiB nodes=293,766,084@86.08GiB pending=98941
ERROR[10-06|02:01:56.324] Snapshot extension registration failed   peer=cb5b9771 err="peer connected on snap without compatible eth support"
INFO [10-06|02:01:57.916] State heal in progress                   accounts=3439@185.16KiB slots=128@10.19KiB codes=12405@105.33MiB nodes=293,766,572@86.08GiB pending=100,317
INFO [10-06|02:01:58.466] Imported new block headers               count=1    elapsed=7.830ms   number=13,362,604 hash=38635d..b6b6aa age=1m28s
ERROR[10-06|02:01:59.266] Snapshot extension registration failed   peer=5e9ddde8 err="peer connected on snap without compatible eth support"
ERROR[10-06|02:01:59.856] Snapshot extension registration failed   peer=f80b417d err="peer connected on snap without compatible eth support"
INFO [10-06|02:02:01.207] Downloader queue stats                   receiptTasks=0   blockTasks=0   itemSize=226.30KiB throttle=1159
INFO [10-06|02:02:07.494] State heal in progress                   accounts=3622@194.69KiB slots=157@12.43KiB codes=12405@105.33MiB nodes=293,767,369@86.08GiB pending=100,839
INFO [10-06|02:02:16.366] State heal in progress                   accounts=3739@200.73KiB slots=220@17.33KiB codes=12405@105.33MiB nodes=293,768,204@86.08GiB pending=103,607
INFO [10-06|02:02:24.937] State heal in progress                   accounts=3852@206.74KiB slots=267@21.12KiB codes=12405@105.33MiB nodes=293,768,985@86.08GiB pending=105,795
INFO [10-06|02:02:27.788] Imported new block headers               count=1    elapsed=7.126ms   number=13,362,605 hash=7fedf6..c692c6 age=1m37s
INFO [10-06|02:02:33.640] State heal in progress                   accounts=3878@208.14KiB slots=467@35.55KiB codes=12405@105.33MiB nodes=293,769,985@86.08GiB pending=110,814
INFO [10-06|02:02:37.716] Imported new block headers               count=1    elapsed=6.146ms   number=13,362,606 hash=775bb6..0dee92
INFO [10-06|02:02:41.700] State heal in progress                   accounts=3942@211.58KiB slots=759@56.68KiB codes=12405@105.33MiB nodes=293,770,948@86.08GiB pending=111,859
ERROR[10-06|02:02:42.092] Snapshot extension registration failed   peer=20dcc090 err="peer connected on snap without compatible eth support"
ERROR[10-06|02:02:47.515] Snapshot extension registration failed   peer=5e9ddde8 err="peer connected on snap without compatible eth support"
INFO [10-06|02:02:47.646] Imported new block headers               count=1    elapsed=6.969ms   number=13,362,607 hash=4d6765..3d9291
INFO [10-06|02:02:51.677] State heal in progress                   accounts=3991@214.14KiB slots=833@62.16KiB codes=12405@105.33MiB nodes=293,771,514@86.08GiB pending=112,323
INFO [10-06|02:02:59.966] State heal in progress                   accounts=4016@215.49KiB slots=854@63.70KiB codes=12405@105.33MiB nodes=293,771,877@86.08GiB pending=112,843
WARN [10-06|02:02:59.968] Unexpected trienode heal packet          peer=ddc6f00a reqid=7,118,225,253,461,148,059
INFO [10-06|02:03:04.040] Imported new block headers               count=1    elapsed=7.702ms   number=13,362,608 hash=ef2783..1e50a6
INFO [10-06|02:03:06.250] Downloader queue stats                   receiptTasks=0   blockTasks=0   itemSize=287.65KiB throttle=912
INFO [10-06|02:03:09.737] State heal in progress                   accounts=4034@216.56KiB slots=874@65.16KiB codes=12405@105.33MiB nodes=293,772,244@86.08GiB pending=113,363
WARN [10-06|02:03:09.738] Unexpected trienode heal packet          peer=2875b082 reqid=6,600,687,172,447,227,095
INFO [10-06|02:03:10.736] Imported new block headers               count=1    elapsed=6.924ms   number=13,362,609 hash=0ff402..77db03
WARN [10-06|02:03:12.939] Unexpected trienode heal packet          peer=b6ebe1b5 reqid=2,806,259,649,231,003,981
INFO [10-06|02:03:14.199] Imported new block headers               count=1    elapsed=6.683ms   number=13,362,610 hash=905c03..8711ff
WARN [10-06|02:03:16.236] Unexpected trienode heal packet          peer=83fae468 reqid=1,383,943,317,487,484,964
INFO [10-06|02:03:20.897] Imported new block headers               count=1    elapsed=7.688ms   number=13,362,611 hash=e2b12d..33618b
INFO [10-06|02:03:21.431] State heal in progress                   accounts=4088@219.69KiB slots=907@67.59KiB codes=12405@105.33MiB nodes=293,772,825@86.08GiB pending=114,309
WARN [10-06|02:03:21.432] Unexpected trienode heal packet          peer=9300ae06 reqid=5,111,611,775,992,256,864
INFO [10-06|02:03:27.597] Imported new block headers               count=2    elapsed=12.110ms  number=13,362,613 hash=83a923..2fc133
WARN [10-06|02:03:28.254] Unexpected trienode heal packet          peer=7f51f3a0 reqid=5,379,742,267,014,682,772
INFO [10-06|02:03:31.548] State heal in progress                   accounts=4090@219.83KiB slots=1048@77.49KiB codes=12405@105.33MiB nodes=293,773,365@86.08GiB pending=115,055
WARN [10-06|02:03:31.551] Unexpected trienode heal packet          peer=244de030 reqid=3,790,740,658,038,640,881
INFO [10-06|02:03:37.524] Imported new block headers               count=1    elapsed=7.036ms   number=13,362,614 hash=70a70a..637991
ERROR[10-06|02:03:39.156] Snapshot extension registration failed   peer=ab3f6bca err="peer connected on snap without compatible eth support"
INFO [10-06|02:03:40.317] State heal in progress                   accounts=4148@222.87KiB slots=1136@83.92KiB codes=12405@105.33MiB nodes=293,773,954@86.08GiB pending=115,784
ERROR[10-06|02:03:43.220] Snapshot extension registration failed   peer=f80b417d err="peer connected on snap without compatible eth support"
INFO [10-06|02:03:44.218] Imported new block headers               count=1    elapsed=5.839ms   number=13,362,615 hash=75e1a5..ea930b
INFO [10-06|02:03:50.407] State heal in progress                   accounts=4168@224.05KiB slots=1200@88.59KiB codes=12405@105.33MiB nodes=293,774,478@86.08GiB pending=116,861
INFO [10-06|02:03:54.150] Imported new block headers               count=1    elapsed=6.076ms   number=13,362,616 hash=c94b32..bd0f45
INFO [10-06|02:03:59.464] State heal in progress                   accounts=4188@225.09KiB slots=1259@93.00KiB codes=12405@105.33MiB nodes=293,774,933@86.08GiB pending=117,584
ERROR[10-06|02:04:00.044] Snapshot extension registration failed   peer=b822a526 err="peer connected on snap without compatible eth support"
INFO [10-06|02:04:00.848] Imported new block headers               count=1    elapsed=7.680ms   number=13,362,617 hash=942ad9..d3a45e
INFO [10-06|02:04:07.543] Imported new block headers               count=1    elapsed=7.084ms   number=13,362,618 hash=b0a718..44bf48
INFO [10-06|02:04:08.287] Downloader queue stats                   receiptTasks=0   blockTasks=0   itemSize=207.73KiB throttle=1262
INFO [10-06|02:04:10.215] State heal in progress                   accounts=4216@226.59KiB slots=1334@98.50KiB codes=12405@105.33MiB nodes=293,775,568@86.08GiB pending=119,075
WARN [10-06|02:04:14.262] Checkpoint challenge timed out, dropping id=311173c232587dc3 conn=inbound addr=47.101.207.103:60694  type=Nethermind/v1.11.3-0...
INFO [10-06|02:04:18.515] State heal in progress                   accounts=4247@228.01KiB slots=1391@102.69KiB codes=12405@105.33MiB nodes=293,776,060@86.08GiB pending=119,908
ERROR[10-06|02:04:18.610] Snapshot extension registration failed   peer=9bd3dcce err="peer connected on snap without compatible eth support"
ERROR[10-06|02:04:21.315] Snapshot extension registration failed   peer=79ce5bee err="peer connected on snap without compatible eth support"
INFO [10-06|02:04:23.937] Imported new block headers               count=1    elapsed=6.242ms   number=13,362,619 hash=496f7d..66e244