INFO [10-07|14:48:16.828] Imported new block headers               count=1   elapsed=6.178ms   number=13,372,405 hash=f77e13..9e6332
INFO [10-07|14:48:17.317] Downloader queue stats                   receiptTasks=0   blockTasks=0   itemSize=274.21KiB throttle=957
INFO [10-07|14:48:17.434] State heal in progress                   accounts=14430@788.30KiB slots=60092@4.41MiB    codes=12720@108.06MiB nodes=302,983,879@89.23GiB pending=90330
WARN [10-07|14:48:24.472] Unexpected trienode heal packet          peer=fe228111 reqid=3,381,712,506,204,473,741
INFO [10-07|14:48:25.879] Imported new block headers               count=1   elapsed=7.347ms   number=13,372,406 hash=3431dd..4d2435
INFO [10-07|14:48:37.437] State heal in progress                   accounts=14432@788.39KiB slots=60092@4.41MiB    codes=12720@108.06MiB nodes=302,984,668@89.23GiB pending=91202
WARN [10-07|14:48:37.837] Unexpected trienode heal packet          peer=d39fedf5 reqid=2,894,632,459,329,902,004
WARN [10-07|14:48:39.643] Unexpected trienode heal packet          peer=80eb3449 reqid=3,729,929,163,874,939,099
INFO [10-07|14:48:52.010] State heal in progress                   accounts=14433@788.44KiB slots=60092@4.41MiB    codes=12720@108.06MiB nodes=302,985,146@89.23GiB pending=91739
INFO [10-07|14:48:56.011] Imported new block headers               count=1   elapsed=6.067ms   number=13,372,407 hash=830095..0bea77
INFO [10-07|14:49:08.073] Imported new block headers               count=1   elapsed=7.207ms   number=13,372,408 hash=adecd8..214708
INFO [10-07|14:49:09.871] State heal in progress                   accounts=14450@789.32KiB slots=60092@4.41MiB    codes=12720@108.06MiB nodes=302,985,686@89.23GiB pending=92343
INFO [10-07|14:49:11.109] Imported new block headers               count=1   elapsed=7.743ms   number=13,372,409 hash=56f799..9a55e4
INFO [10-07|14:49:17.145] Imported new block headers               count=1   elapsed=8.144ms   number=13,372,410 hash=903190..ebd66a
INFO [10-07|14:49:17.355] Downloader queue stats                   receiptTasks=0   blockTasks=0   itemSize=264.28KiB throttle=992
INFO [10-07|14:49:20.923] State heal in progress                   accounts=14455@789.54KiB slots=60092@4.41MiB    codes=12720@108.06MiB nodes=302,986,060@89.23GiB pending=92750
INFO [10-07|14:49:23.180] Imported new block headers               count=1   elapsed=5.639ms   number=13,372,411 hash=314b0b..4e87fc
INFO [10-07|14:49:29.222] Imported new block headers               count=1   elapsed=7.266ms   number=13,372,412 hash=959055..8c8055
INFO [10-07|14:49:41.096] State heal in progress                   accounts=14459@789.72KiB slots=60092@4.41MiB    codes=12720@108.06MiB nodes=302,986,613@89.23GiB pending=93421
WARN [10-07|14:49:41.097] Unexpected trienode heal packet          peer=c6756baa reqid=8,677,126,185,203,293,352
WARN [10-07|14:49:41.106] Unexpected trienode heal packet          peer=f9364195 reqid=982,501,758,931,582,300
WARN [10-07|14:49:41.189] Unexpected trienode heal packet          peer=bbef7b28 reqid=633,457,806,305,921,116
WARN [10-07|14:49:41.772] Unexpected trienode heal packet          peer=cf743aa1 reqid=860,738,843,759,139,876
WARN [10-07|14:49:41.793] Unexpected trienode heal packet          peer=d39fedf5 reqid=4,737,488,725,902,232,216
WARN [10-07|14:49:41.807] Unexpected trienode heal packet          peer=80eb3449 reqid=7,094,113,169,291,787,634
INFO [10-07|14:49:44.327] Imported new block headers               count=1   elapsed=6.611ms   number=13,372,413 hash=8fcb52..8c6ed3
INFO [10-07|14:49:47.351] Imported new block headers               count=1   elapsed=7.164ms   number=13,372,414 hash=4e499e..886c9b
INFO [10-07|14:49:50.375] Imported new block headers               count=1   elapsed=6.841ms   number=13,372,415 hash=12183d..890a0e
INFO [10-07|14:49:52.048] State heal in progress                   accounts=14477@790.98KiB slots=60092@4.41MiB    codes=12720@108.06MiB nodes=302,987,049@89.23GiB pending=93872
WARN [10-07|14:49:57.619] Unexpected trienode heal packet          peer=fe228111 reqid=4,287,515,129,112,186,263
WARN [10-07|14:49:57.942] Unexpected trienode heal packet          peer=c6756baa reqid=3,574,436,182,162,171,466
WARN [10-07|14:49:58.072] Unexpected trienode heal packet          peer=f9364195 reqid=3,450,152,299,340,978,983
WARN [10-07|14:49:58.249] Unexpected trienode heal packet          peer=bbef7b28 reqid=6,369,000,474,051,753,193
WARN [10-07|14:49:59.246] Unexpected trienode heal packet          peer=d39fedf5 reqid=7,385,840,908,739,768,337
WARN [10-07|14:49:59.768] Unexpected trienode heal packet          peer=80eb3449 reqid=127,675,355,329,014,163
WARN [10-07|14:49:59.926] Unexpected trienode heal packet          peer=a9480055 reqid=114,258,960,690,247,088
INFO [10-07|14:50:00.336] State heal in progress                   accounts=14492@791.64KiB slots=60092@4.41MiB    codes=12720@108.06MiB nodes=302,987,336@89.23GiB pending=94137
WARN [10-07|14:50:00.337] Unexpected trienode heal packet          peer=f49e079d reqid=4,634,422,670,931,824,490
INFO [10-07|14:50:05.448] Imported new block headers               count=1   elapsed=6.722ms   number=13,372,416 hash=6791fb..4b1f59
INFO [10-07|14:50:08.484] Imported new block headers               count=1   elapsed=11.320ms  number=13,372,417 hash=99007d..7c414f
INFO [10-07|14:50:09.194] State heal in progress                   accounts=14501@792.10KiB slots=60092@4.41MiB    codes=12720@108.06MiB nodes=302,987,694@89.23GiB pending=94927
WARN [10-07|14:50:09.194] Unexpected trienode heal packet          peer=09fd4c3e reqid=2,721,766,049,688,509,133
INFO [10-07|14:50:14.518] Imported new block headers               count=1   elapsed=8.545ms   number=13,372,418 hash=0dc9c0..6be841
INFO [10-07|14:50:18.370] State heal in progress                   accounts=14513@792.64KiB slots=60092@4.41MiB    codes=12720@108.06MiB nodes=302,988,068@89.23GiB pending=95525
INFO [10-07|14:50:28.763] State heal in progress                   accounts=14516@792.78KiB slots=60092@4.41MiB    codes=12720@108.06MiB nodes=302,988,454@89.23GiB pending=96355
INFO [10-07|14:50:32.610] Imported new block headers               count=1   elapsed=7.456ms   number=13,372,419 hash=26db50..14d81c
INFO [10-07|14:50:33.410] Downloader queue stats                   receiptTasks=0   blockTasks=0   itemSize=227.60KiB throttle=1152
INFO [10-07|14:50:37.071] State heal in progress                   accounts=14531@793.50KiB slots=60092@4.41MiB    codes=12720@108.06MiB nodes=302,988,748@89.23GiB pending=96618
INFO [10-07|14:50:41.660] Imported new block headers               count=2   elapsed=9.550ms   number=13,372,421 hash=25366e..675cdb
INFO [10-07|14:50:46.787] State heal in progress                   accounts=14545@794.16KiB slots=60092@4.41MiB    codes=12720@108.06MiB nodes=302,989,131@89.23GiB pending=97173
INFO [10-07|14:50:47.694] Imported new block headers               count=1   elapsed=7.125ms   number=13,372,422 hash=187c30..91647c
WARN [10-07|14:50:47.801] Checkpoint challenge timed out, dropping id=4f9e5f5b6a61653f conn=inbound addr=34.85.53.204:32874    type=OpenEthereum/v3.3.0-...
INFO [10-07|14:50:55.965] State heal in progress                   accounts=14554@794.61KiB slots=60092@4.41MiB    codes=12720@108.06MiB nodes=302,989,515@89.23GiB pending=97977
WARN [10-07|14:50:55.967] Unexpected trienode heal packet          peer=09fd4c3e reqid=8,779,849,081,438,795,040
WARN [10-07|14:50:56.063] Unexpected trienode heal packet          peer=3319911a reqid=6,374,888,786,620,609,890
WARN [10-07|14:51:02.392] Unexpected trienode heal packet          peer=bbef7b28 reqid=2,414,613,786,264,672,275
INFO [10-07|14:51:05.281] State heal in progress                   accounts=14564@795.11KiB slots=60092@4.41MiB    codes=12720@108.06MiB nodes=302,989,832@89.23GiB pending=98280
WARN [10-07|14:51:05.281] Unexpected trienode heal packet          peer=fe228111 reqid=3,088,365,199,236,018,633
WARN [10-07|14:51:05.608] Unexpected trienode heal packet          peer=d39fedf5 reqid=4,154,160,534,638,443,021
WARN [10-07|14:51:06.549] Unexpected trienode heal packet          peer=c6756baa reqid=7,487,362,042,533,532,745
WARN [10-07|14:51:06.814] Unexpected trienode heal packet          peer=f9364195 reqid=1,381,422,461,073,597,219
WARN [10-07|14:51:07.092] Unexpected trienode heal packet          peer=f49e079d reqid=3,601,478,666,028,287,821
WARN [10-07|14:51:11.495] Unexpected trienode heal packet          peer=ccbfdbc9 reqid=7,299,548,884,157,628,785
INFO [10-07|14:51:15.234] State heal in progress                   accounts=14579@795.90KiB slots=60092@4.41MiB    codes=12720@108.06MiB nodes=302,990,175@89.23GiB pending=98650
WARN [10-07|14:51:15.235] Unexpected trienode heal packet          peer=c0e10dd9 reqid=8,598,561,281,569,692,770
INFO [10-07|14:51:17.847] Imported new block headers               count=1   elapsed=10.012ms  number=13,372,423 hash=e8150c..adc646
INFO [10-07|14:51:23.881] Imported new block headers               count=1   elapsed=7.783ms   number=13,372,424 hash=12a670..5dc66d
INFO [10-07|14:51:24.470] State heal in progress                   accounts=14588@796.29KiB slots=60092@4.41MiB    codes=12720@108.06MiB nodes=302,990,496@89.23GiB pending=98962
WARN [10-07|14:51:24.470] Unexpected trienode heal packet          peer=cf743aa1 reqid=976,358,066,646,511,111
WARN [10-07|14:51:24.853] Unexpected trienode heal packet          peer=80eb3449 reqid=8,971,903,597,702,766,067
WARN [10-07|14:51:25.210] Unexpected trienode heal packet          peer=a9480055 reqid=3,423,536,320,354,753,727
WARN [10-07|14:51:25.270] Unexpected trienode heal packet          peer=fb395765 reqid=3,596,293,928,034,759,190
INFO [10-07|14:51:34.473] State heal in progress                   accounts=14602@796.95KiB slots=60092@4.41MiB    codes=12720@108.06MiB nodes=302,990,875@89.23GiB pending=99494
WARN [10-07|14:51:34.474] Unexpected trienode heal packet          peer=09fd4c3e reqid=5,046,864,105,821,085,966
WARN [10-07|14:51:34.479] Unexpected trienode heal packet          peer=3319911a reqid=8,072,134,780,715,121,239
WARN [10-07|14:51:34.525] Unexpected trienode heal packet          peer=bbef7b28 reqid=2,056,635,530,391,082,394
WARN [10-07|14:51:34.537] Unexpected trienode heal packet          peer=c6756baa reqid=1,021,186,305,122,030,378
WARN [10-07|14:51:34.539] Unexpected trienode heal packet          peer=fe228111 reqid=891,003,830,821,888,931
WARN [10-07|14:51:34.539] Unexpected trienode heal packet          peer=d39fedf5 reqid=8,616,451,721,586,508,683
WARN [10-07|14:51:34.567] Unexpected trienode heal packet          peer=f9364195 reqid=287,648,997,380,988,224
INFO [10-07|14:51:36.636] Imported new block headers               count=1   elapsed=7.056ms   number=13,372,425 hash=d01958..cc38c5
INFO [10-07|14:51:37.452] Downloader queue stats                   receiptTasks=0   blockTasks=0   itemSize=249.10KiB throttle=1053
INFO [10-07|14:51:43.069] State heal in progress                   accounts=14655@799.72KiB slots=60092@4.41MiB    codes=12720@108.06MiB nodes=302,991,288@89.23GiB pending=99889
INFO [10-07|14:51:56.765] State heal in progress                   accounts=14765@805.53KiB slots=60092@4.41MiB    codes=12720@108.06MiB nodes=302,991,915@89.23GiB pending=100,192
WARN [10-07|14:51:57.016] Unexpected trienode heal packet          peer=80eb3449 reqid=107,866,270,466,891,221
WARN [10-07|14:51:57.589] Unexpected trienode heal packet          peer=f9364195 reqid=9,173,328,830,364,203,905
WARN [10-07|14:51:57.594] Unexpected trienode heal packet          peer=c0e10dd9 reqid=6,764,390,652,576,780,076
INFO [10-07|14:51:57.732] Imported new block headers               count=1   elapsed=6.871ms   number=13,372,426 hash=db8044..3004c6
WARN [10-07|14:52:00.190] Unexpected trienode heal packet          peer=3319911a reqid=1,320,505,923,981,332,504
WARN [10-07|14:52:00.881] Unexpected trienode heal packet          peer=cf743aa1 reqid=2,900,902,507,896,580,805
WARN [10-07|14:52:01.243] Unexpected trienode heal packet          peer=bbef7b28 reqid=8,283,961,078,982,496,231
WARN [10-07|14:52:01.868] Unexpected trienode heal packet          peer=09fd4c3e reqid=733,053,548,748,848,205
WARN [10-07|14:52:02.098] Unexpected trienode heal packet          peer=f49e079d reqid=4,079,717,203,894,477,596
INFO [10-07|14:52:08.954] State heal in progress                   accounts=14849@809.93KiB slots=60092@4.41MiB    codes=12720@108.06MiB nodes=302,992,488@89.23GiB pending=100,657
INFO [10-07|14:52:12.809] Imported new block headers               count=2   elapsed=11.841ms  number=13,372,428 hash=d9517f..5b4f67
WARN [10-07|14:52:16.530] Unexpected trienode heal packet          peer=80eb3449 reqid=736,089,510,598,062,787
WARN [10-07|14:52:16.594] Unexpected trienode heal packet          peer=f9364195 reqid=5,688,780,181,537,522,943
WARN [10-07|14:52:16.595] Unexpected trienode heal packet          peer=a9480055 reqid=6,732,839,886,933,202,657
INFO [10-07|14:52:17.022] State heal in progress                   accounts=14895@812.23KiB slots=60092@4.41MiB    codes=12720@108.06MiB nodes=302,992,884@89.23GiB pending=101,350
INFO [10-07|14:52:24.865] Imported new block headers               count=1   elapsed=7.127ms   number=13,372,429 hash=60b5ed..7812ac
INFO [10-07|14:52:26.030] State heal in progress                   accounts=14943@814.72KiB slots=60092@4.41MiB    codes=12720@108.06MiB nodes=302,993,271@89.23GiB pending=101,632
INFO [10-07|14:52:27.888] Imported new block headers               count=1   elapsed=6.150ms   number=13,372,430 hash=adb70d..464277
INFO [10-07|14:52:30.913] Imported new block headers               count=1   elapsed=6.955ms   number=13,372,431 hash=c6c7a5..83cb5e
WARN [10-07|14:52:31.575] Unexpected trienode heal packet          peer=3319911a reqid=1,487,861,688,470,718,793
INFO [10-07|14:52:34.104] State heal in progress                   accounts=15045@820.52KiB slots=60092@4.41MiB    codes=12720@108.06MiB nodes=302,993,691@89.23GiB pending=101,774
INFO [10-07|14:52:42.974] Imported new block headers               count=1   elapsed=7.191ms   number=13,372,432 hash=2f14e0..a1eb76
INFO [10-07|14:52:43.509] Downloader queue stats                   receiptTasks=0   blockTasks=0   itemSize=217.90KiB throttle=1204
INFO [10-07|14:52:45.997] Imported new block headers               count=1   elapsed=7.246ms   number=13,372,433 hash=a4d0d1..f02819
INFO [10-07|14:52:47.577] State heal in progress                   accounts=15141@825.39KiB slots=60093@4.41MiB    codes=12720@108.06MiB nodes=302,994,296@89.23GiB pending=102,186
WARN [10-07|14:52:47.620] Unexpected trienode heal packet          peer=d39fedf5 reqid=1,562,890,161,702,574,075
WARN [10-07|14:52:53.450] Unexpected trienode heal packet          peer=80eb3449 reqid=3,826,881,221,981,135,167
WARN [10-07|14:52:53.629] Unexpected trienode heal packet          peer=f9364195 reqid=3,560,299,603,618,603,115
WARN [10-07|14:52:53.654] Unexpected trienode heal packet          peer=fe228111 reqid=7,866,273,109,077,043,083
WARN [10-07|14:52:53.706] Unexpected trienode heal packet          peer=bbef7b28 reqid=8,334,302,697,632,327,619
WARN [10-07|14:52:53.950] Unexpected trienode heal packet          peer=c6756baa reqid=6,528,432,655,047,288,836
WARN [10-07|14:52:54.204] Unexpected trienode heal packet          peer=c0e10dd9 reqid=3,501,341,940,519,561,887
INFO [10-07|14:52:59.749] State heal in progress                   accounts=15262@831.35KiB slots=60094@4.41MiB    codes=12720@108.06MiB nodes=302,994,932@89.23GiB pending=102,753
WARN [10-07|14:52:59.749] Unexpected trienode heal packet          peer=3319911a reqid=6,231,541,601,764,478,125
WARN [10-07|14:52:59.769] Unexpected trienode heal packet          peer=cf743aa1 reqid=2,159,952,213,030,738,022
WARN [10-07|14:52:59.798] Unexpected trienode heal packet          peer=09fd4c3e reqid=6,388,427,650,925,495,061
WARN [10-07|14:52:59.899] Unexpected trienode heal packet          peer=f49e079d reqid=3,840,339,575,631,776,386
WARN [10-07|14:53:00.250] Unexpected trienode heal packet          peer=fb395765 reqid=257,561,939,111,187,751
INFO [10-07|14:53:09.604] State heal in progress                   accounts=15371@837.17KiB slots=60096@4.41MiB    codes=12720@108.06MiB nodes=302,995,638@89.23GiB pending=103,187
INFO [10-07|14:53:19.143] Imported new block headers               count=1   elapsed=7.182ms   number=13,372,434 hash=12fc1d..565bb0
INFO [10-07|14:53:19.823] State heal in progress                   accounts=15463@841.98KiB slots=60096@4.41MiB    codes=12720@108.06MiB nodes=302,996,328@89.23GiB pending=103,599
WARN [10-07|14:53:19.824] Unexpected trienode heal packet          peer=d39fedf5 reqid=3,942,467,728,975,257,163
WARN [10-07|14:53:21.065] Unexpected trienode heal packet          peer=f9364195 reqid=937,275,634,440,876,022
WARN [10-07|14:53:21.572] Unexpected trienode heal packet          peer=80eb3449 reqid=9,030,545,528,805,538,404
WARN [10-07|14:53:21.854] Unexpected trienode heal packet          peer=fe228111 reqid=5,471,113,810,814,982,752
WARN [10-07|14:53:22.168] Unexpected trienode heal packet          peer=bbef7b28 reqid=6,769,025,527,812,137,323
WARN [10-07|14:53:23.232] Unexpected trienode heal packet          peer=c6756baa reqid=7,728,547,906,454,488,500
WARN [10-07|14:53:23.594] Unexpected trienode heal packet          peer=c0e10dd9 reqid=7,882,480,123,968,079,138
INFO [10-07|14:53:29.009] State heal in progress                   accounts=15544@845.78KiB slots=60096@4.41MiB    codes=12720@108.06MiB nodes=302,996,886@89.23GiB pending=104,066
WARN [10-07|14:53:29.009] Unexpected trienode heal packet          peer=3319911a reqid=6,673,254,126,517,474,416
WARN [10-07|14:53:31.020] Unexpected trienode heal packet          peer=cf743aa1 reqid=8,526,918,697,581,957,027
INFO [10-07|14:53:31.203] Imported new block headers               count=1   elapsed=7.238ms   number=13,372,435 hash=621427..dcc3f3
WARN [10-07|14:53:31.526] Unexpected trienode heal packet          peer=09fd4c3e reqid=6,561,451,158,967,085,316
WARN [10-07|14:53:36.221] Unexpected trienode heal packet          peer=fb395765 reqid=8,079,075,298,295,861,993
INFO [10-07|14:53:40.283] State heal in progress                   accounts=15646@851.04KiB slots=60097@4.41MiB    codes=12720@108.06MiB nodes=302,997,609@89.23GiB pending=104,461
WARN [10-07|14:53:40.284] Unexpected trienode heal packet          peer=a9480055 reqid=2,339,203,433,438,513,002
WARN [10-07|14:53:40.364] Unexpected trienode heal packet          peer=d39fedf5 reqid=6,503,987,355,853,089,958
WARN [10-07|14:53:40.375] Unexpected trienode heal packet          peer=80eb3449 reqid=4,016,045,001,074,209,117
WARN [10-07|14:53:40.388] Unexpected trienode heal packet          peer=fe228111 reqid=4,899,593,656,388,016,818
WARN [10-07|14:53:40.396] Unexpected trienode heal packet          peer=f9364195 reqid=1,532,607,095,816,963,877
WARN [10-07|14:53:40.404] Unexpected trienode heal packet          peer=bbef7b28 reqid=1,335,773,097,722,636,028
WARN [10-07|14:53:40.423] Unexpected trienode heal packet          peer=c6756baa reqid=8,464,285,290,904,042,193
INFO [10-07|14:53:43.265] Imported new block headers               count=2   elapsed=9.773ms   number=13,372,437 hash=1e90a0..e96735
INFO [10-07|14:53:43.551] Downloader queue stats                   receiptTasks=0   blockTasks=0   itemSize=270.54KiB throttle=969
INFO [10-07|14:53:48.530] State heal in progress                   accounts=15749@856.45KiB slots=60097@4.41MiB    codes=12720@108.06MiB nodes=302,998,160@89.23GiB pending=104,711
INFO [10-07|14:53:59.416] State heal in progress                   accounts=15849@861.87KiB slots=60097@4.41MiB    codes=12720@108.06MiB nodes=302,998,824@89.23GiB pending=105,096
WARN [10-07|14:53:59.417] Unexpected trienode heal packet          peer=bbef7b28 reqid=187,776,835,982,286,366