INFO [10-06|00:28:34.884] State heal in progress                   accounts=59@3.84KiB slots=0@0.00B codes=12390@105.19MiB nodes=293,306,165@85.91GiB pending=67128
ERROR[10-06|00:28:37.174] Snapshot extension registration failed   peer=be4e9430 err="peer connected on snap without compatible eth support"
INFO [10-06|00:28:38.885] Looking for peers                        peercount=21 tried=3 static=0
INFO [10-06|00:28:40.645] State heal in progress                   accounts=82@5.22KiB slots=0@0.00B codes=12390@105.19MiB nodes=293,306,564@85.91GiB pending=67470
WARN [10-06|00:28:40.645] Synchronisation failed, dropping peer    peer=086e264c9a83d81956207894c07fc862800e61629f3a3b9a4ab213f6bd6e18aa err="action from bad peer ignored: header request timed out"
WARN [10-06|00:28:40.690] Unexpected trienode heal packet          peer=d676db51 reqid=4,304,179,335,335,324,649
WARN [10-06|00:28:40.746] Unexpected trienode heal packet          peer=7d2d9e2c reqid=6,257,129,465,200,654,494
WARN [10-06|00:28:40.762] Unexpected trienode heal packet          peer=ab06cc21 reqid=3,502,348,256,555,567,374
WARN [10-06|00:28:40.817] Unexpected trienode heal packet          peer=c43d9534 reqid=1,929,987,456,544,969,896
ERROR[10-06|00:28:41.697] Snapshot extension registration failed   peer=d6cb8a50 err="peer connected on snap without compatible eth support"
INFO [10-06|00:28:42.598] Disabling direct-ancient mode            origin=13,362,132 ancient=12,976,127
INFO [10-06|00:28:43.164] Imported new block headers               count=3    elapsed=329.829ms number=13,362,210 hash=c105cc..9bea1e ignored=75
INFO [10-06|00:28:44.967] Imported new block receipts              count=15   elapsed=186.707ms number=13,362,147 hash=ab1f33..99bb28 age=17m39s   size=1.94MiB
INFO [10-06|00:28:48.364] State heal in progress                   accounts=82@5.22KiB slots=0@0.00B codes=12390@105.19MiB nodes=293,307,750@85.91GiB pending=17042
WARN [10-06|00:28:48.392] Unexpected trienode heal packet          peer=7d2d9e2c reqid=4,265,723,222,195,249,838
WARN [10-06|00:28:48.456] Unexpected trienode heal packet          peer=c43d9534 reqid=8,511,040,224,759,307,455
INFO [10-06|00:28:48.469] Imported new block headers               count=1    elapsed=9.839ms   number=13,362,211 hash=1027b9..0fec98
WARN [10-06|00:28:48.515] Unexpected trienode heal packet          peer=ab06cc21 reqid=8,856,800,894,038,856,817
INFO [10-06|00:28:48.886] Looking for peers                        peercount=23 tried=3 static=0
WARN [10-06|00:28:49.226] Unexpected trienode heal packet          peer=d676db51 reqid=7,247,324,842,111,569,730
ERROR[10-06|00:28:55.771] Snapshot extension registration failed   peer=9a2e6f86 err="peer connected on snap without compatible eth support"
ERROR[10-06|00:28:56.071] Snapshot extension registration failed   peer=9bd3dcce err="peer connected on snap without compatible eth support"
INFO [10-06|00:28:57.055] State heal in progress                   accounts=82@5.22KiB slots=0@0.00B codes=12390@105.19MiB nodes=293,310,780@85.91GiB pending=42155
WARN [10-06|00:28:58.550] Unexpected trienode heal packet          peer=4b296521 reqid=8,976,138,075,969,770,701
INFO [10-06|00:28:58.887] Looking for peers                        peercount=26 tried=4 static=0
ERROR[10-06|00:29:01.766] Snapshot extension registration failed   peer=66d5d37c err="peer connected on snap without compatible eth support"
ERROR[10-06|00:29:06.180] Snapshot extension registration failed   peer=f09511d9 err="peer connected on snap without compatible eth support"
INFO [10-06|00:29:06.734] State heal in progress                   accounts=82@5.22KiB slots=0@0.00B codes=12390@105.19MiB nodes=293,312,507@85.92GiB pending=59847
WARN [10-06|00:29:08.355] Checkpoint challenge timed out, dropping id=1e2fa142d3009aac conn=inbound addr=104.236.44.42:43734  type=OpenEthereum/v3.3.0-...
ERROR[10-06|00:29:08.390] Snapshot extension registration failed   peer=2f7ca915 err="peer connected on snap without compatible eth support"
INFO [10-06|00:29:08.888] Looking for peers                        peercount=25 tried=3 static=0
INFO [10-06|00:29:15.415] Imported new block headers               count=2    elapsed=10.777ms  number=13,362,213 hash=d3bd08..4e5a5f
INFO [10-06|00:29:18.890] Looking for peers                        peercount=26 tried=3 static=0
INFO [10-06|00:29:19.886] Imported new block headers               count=1    elapsed=6.532ms   number=13,362,214 hash=7e6174..0b6642
INFO [10-06|00:29:22.398] Downloader queue stats                   receiptTasks=0   blockTasks=0   itemSize=259.84KiB throttle=1009
INFO [10-06|00:29:22.656] State heal in progress                   accounts=82@5.22KiB slots=0@0.00B codes=12390@105.19MiB nodes=293,314,317@85.92GiB pending=62874
INFO [10-06|00:29:28.159] Imported new block headers               count=1    elapsed=6.805ms   number=13,362,215 hash=c3c8a6..0a29aa
INFO [10-06|00:29:28.894] Looking for peers                        peercount=24 tried=4 static=0
ERROR[10-06|00:29:29.011] Snapshot extension registration failed   peer=81c0300f err="peer connected on snap without compatible eth support"
INFO [10-06|00:29:32.241] State heal in progress                   accounts=82@5.22KiB slots=0@0.00B codes=12390@105.19MiB nodes=293,315,218@85.92GiB pending=64893
WARN [10-06|00:29:32.242] Unexpected trienode heal packet          peer=7d2d9e2c reqid=8,093,108,341,883,038,002
WARN [10-06|00:29:33.773] Checkpoint challenge timed out, dropping id=956b48ab34b2b380 conn=inbound addr=18.192.57.113:58290  type=erigon/v2021.10.1-al...
ERROR[10-06|00:29:35.706] Snapshot extension registration failed   peer=d6cb8a50 err="peer connected on snap without compatible eth support"
ERROR[10-06|00:29:39.080] Snapshot extension registration failed   peer=1d4fc8e3 err="peer connected on snap without compatible eth support"
INFO [10-06|00:29:39.080] Looking for peers                        peercount=25 tried=3 static=0
INFO [10-06|00:29:39.222] Imported new block headers               count=1    elapsed=6.950ms   number=13,362,216 hash=e0f1a0..296e73
INFO [10-06|00:29:41.021] State heal in progress                   accounts=82@5.22KiB slots=0@0.00B codes=12390@105.19MiB nodes=293,316,101@85.92GiB pending=67674
WARN [10-06|00:29:41.021] Unexpected trienode heal packet          peer=4b296521 reqid=1,341,903,384,582,277,390
INFO [10-06|00:29:45.128] Imported new block headers               count=1    elapsed=6.250ms   number=13,362,217 hash=c23458..b2b621
INFO [10-06|00:29:49.080] Looking for peers                        peercount=23 tried=3 static=0
INFO [10-06|00:29:49.812] State heal in progress                   accounts=82@5.22KiB slots=0@0.00B codes=12390@105.19MiB nodes=293,317,304@85.92GiB pending=71791
INFO [10-06|00:29:59.104] Looking for peers                        peercount=24 tried=2 static=0
INFO [10-06|00:30:06.102] State heal in progress                   accounts=82@5.22KiB slots=0@0.00B codes=12390@105.19MiB nodes=293,318,088@85.92GiB pending=73166
INFO [10-06|00:30:09.104] Looking for peers                        peercount=24 tried=3 static=0
INFO [10-06|00:30:12.568] Imported new block headers               count=2    elapsed=7.038ms   number=13,362,219 hash=4583b1..8afad4
ERROR[10-06|00:30:18.418] Snapshot extension registration failed   peer=adf33177 err="peer connected on snap without compatible eth support"
INFO [10-06|00:30:19.107] Looking for peers                        peercount=24 tried=4 static=0
INFO [10-06|00:30:24.659] State heal in progress                   accounts=82@5.22KiB slots=0@0.00B codes=12390@105.19MiB nodes=293,318,627@85.92GiB pending=73802
WARN [10-06|00:30:24.674] Unexpected trienode heal packet          peer=4b296521 reqid=7,663,088,660,947,341,480
WARN [10-06|00:30:24.740] Unexpected trienode heal packet          peer=7d2d9e2c reqid=3,419,234,409,995,605,196
INFO [10-06|00:30:29.108] Looking for peers                        peercount=24 tried=3 static=0
ERROR[10-06|00:30:30.154] Snapshot extension registration failed   peer=20dcc090 err="peer connected on snap without compatible eth support"
WARN [10-06|00:30:35.245] Dropping unsynced node during sync       id=b8e94ce80b130482 conn=inbound addr=173.56.9.84:62820    type=ethereumjs-devp2p/v4...
INFO [10-06|00:30:39.111] Looking for peers                        peercount=24 tried=1 static=0
INFO [10-06|00:30:42.560] State heal in progress                   accounts=82@5.22KiB slots=0@0.00B codes=12390@105.19MiB nodes=293,319,427@85.92GiB pending=75004
ERROR[10-06|00:30:47.043] Snapshot extension registration failed   peer=134a88e1 err="peer connected on snap without compatible eth support"
INFO [10-06|00:30:49.111] Looking for peers                        peercount=23 tried=4 static=0
INFO [10-06|00:30:52.355] State heal in progress                   accounts=82@5.22KiB slots=0@0.00B codes=12390@105.19MiB nodes=293,319,817@85.92GiB pending=75430
ERROR[10-06|00:30:52.772] Snapshot extension registration failed   peer=adf33177 err="peer connected on snap without compatible eth support"
INFO [10-06|00:30:59.113] Looking for peers                        peercount=23 tried=4 static=0
ERROR[10-06|00:31:00.695] Snapshot extension registration failed   peer=531a6ea7 err="peer connected on snap without compatible eth support"
INFO [10-06|00:31:04.949] State heal in progress                   accounts=92@5.66KiB slots=0@0.00B codes=12390@105.19MiB nodes=293,320,500@85.92GiB pending=76270
INFO [10-06|00:31:09.114] Looking for peers                        peercount=23 tried=2 static=0
INFO [10-06|00:31:12.628] Imported new block headers               count=1    elapsed=11.632ms  number=13,362,220 hash=e781f2..db8773 age=1m33s
INFO [10-06|00:31:14.753] Imported new block headers               count=1    elapsed=8.033ms   number=13,362,221 hash=a63453..4e1bbf age=1m10s
INFO [10-06|00:31:15.480] Downloader queue stats                   receiptTasks=0   blockTasks=0   itemSize=222.28KiB throttle=1180
INFO [10-06|00:31:19.115] Looking for peers                        peercount=23 tried=3 static=0
INFO [10-06|00:31:21.704] State heal in progress                   accounts=92@5.66KiB slots=0@0.00B codes=12390@105.19MiB nodes=293,321,313@85.92GiB pending=77116
WARN [10-06|00:31:27.703] Dropping unsynced node during sync       id=d23e31a31edc8486 conn=inbound addr=3.248.101.106:15172  type=Geth/v1.10.8-unstabl...
INFO [10-06|00:31:28.773] Imported new block headers               count=1    elapsed=6.246ms   number=13,362,222 hash=1ef60a..45908b age=1m23s
INFO [10-06|00:31:29.305] Looking for peers                        peercount=25 tried=4 static=0
INFO [10-06|00:31:31.877] State heal in progress                   accounts=124@7.40KiB slots=0@0.00B codes=12390@105.19MiB nodes=293,321,775@85.92GiB pending=77485
INFO [10-06|00:31:39.389] Looking for peers                        peercount=25 tried=2 static=0
WARN [10-06|00:31:39.727] Checkpoint challenge timed out, dropping id=0956f0e01bd3a962 conn=inbound addr=47.90.252.157:57990  type=erigon/v2021.08.5-al...
INFO [10-06|00:31:42.183] Imported new block headers               count=1    elapsed=5.661ms   number=13,362,223 hash=36e998..66672c
INFO [10-06|00:31:42.414] State heal in progress                   accounts=205@12.02KiB slots=0@0.00B codes=12390@105.19MiB nodes=293,322,459@85.92GiB pending=78486
INFO [10-06|00:31:49.402] Looking for peers                        peercount=22 tried=3 static=0
ERROR[10-06|00:31:49.422] Snapshot extension registration failed   peer=653558a6 err="peer connected on snap without compatible eth support"
INFO [10-06|00:31:53.481] Imported new block headers               count=1    elapsed=5.825ms   number=13,362,224 hash=c236e0..0b5445
ERROR[10-06|00:31:54.382] Snapshot extension registration failed   peer=98998f1a err="peer connected on snap without compatible eth support"
ERROR[10-06|00:31:56.963] Snapshot extension registration failed   peer=1d4fc8e3 err="peer connected on snap without compatible eth support"
INFO [10-06|00:31:57.083] State heal in progress                   accounts=231@13.56KiB slots=0@0.00B codes=12390@105.19MiB nodes=293,323,127@85.92GiB pending=79168
ERROR[10-06|00:31:57.290] Snapshot extension registration failed   peer=9c8d9aaf err="peer connected on snap without compatible eth support"
INFO [10-06|00:31:58.984] Imported new block headers               count=2    elapsed=7.049ms   number=13,362,226 hash=18cd09..646ea3
INFO [10-06|00:31:59.406] Looking for peers                        peercount=22 tried=4 static=0
INFO [10-06|00:32:06.628] State heal in progress                   accounts=319@18.30KiB slots=0@0.00B codes=12390@105.19MiB nodes=293,323,704@85.92GiB pending=79470
INFO [10-06|00:32:07.512] Imported new block headers               count=1    elapsed=6.000ms   number=13,362,227 hash=18e0b4..ef6590
INFO [10-06|00:32:09.408] Looking for peers                        peercount=23 tried=3 static=0
WARN [10-06|00:32:09.528] Checkpoint challenge timed out, dropping id=9e8fd5cdf84aff50 conn=inbound addr=27.111.169.25:2449   type=OpenEthereum/v3.3.0-...
INFO [10-06|00:32:16.095] State heal in progress                   accounts=423@24.32KiB slots=0@0.00B codes=12390@105.19MiB nodes=293,324,253@85.92GiB pending=79704
INFO [10-06|00:32:19.410] Looking for peers                        peercount=22 tried=3 static=0
WARN [10-06|00:32:22.001] Checkpoint challenge timed out, dropping id=75f6913746613840 conn=inbound addr=81.166.141.170:50576 type=erigon/v2021.09.5-al...
INFO [10-06|00:32:24.289] State heal in progress                   accounts=438@25.15KiB slots=0@0.00B codes=12390@105.19MiB nodes=293,324,593@85.92GiB pending=80010
INFO [10-06|00:32:26.886] Imported new block headers               count=2    elapsed=11.155ms  number=13,362,229 hash=49b436..c2f8d2
INFO [10-06|00:32:27.530] Downloader queue stats                   receiptTasks=0   blockTasks=0   itemSize=231.07KiB throttle=1135
INFO [10-06|00:32:29.411] Looking for peers                        peercount=21 tried=3 static=0
ERROR[10-06|00:32:32.853] Snapshot extension registration failed   peer=89826fc5 err="peer connected on snap without compatible eth support"
INFO [10-06|00:32:33.827] State heal in progress                   accounts=493@28.14KiB slots=0@0.00B codes=12390@105.19MiB nodes=293,325,146@85.92GiB pending=80403
WARN [10-06|00:32:36.641] Checkpoint challenge timed out, dropping id=0f31c46dbe7e3f1f conn=inbound addr=35.164.184.184:9122  type=OpenEthereum/v3.3.0-...
INFO [10-06|00:32:39.412] Looking for peers                        peercount=23 tried=3 static=0
WARN [10-06|00:32:46.523] Dropping unsynced node during sync       id=6033ff995320f1d9 conn=inbound addr=65.21.230.244:47020  type="nimbus-eth1 v0.1.0 [..."
WARN [10-06|00:32:48.865] Checkpoint challenge timed out, dropping id=311173c232587dc3 conn=inbound addr=47.101.207.103:35932 type=Nethermind/v1.11.3-0...
INFO [10-06|00:32:48.909] State heal in progress                   accounts=636@36.05KiB slots=0@0.00B codes=12390@105.19MiB nodes=293,325,982@85.92GiB pending=80804
INFO [10-06|00:32:49.413] Looking for peers                        peercount=22 tried=3 static=0
ERROR[10-06|00:32:49.892] Snapshot extension registration failed   peer=3503425b err="peer connected on snap without compatible eth support"
INFO [10-06|00:32:53.754] Imported new block headers               count=1    elapsed=6.330ms   number=13,362,230 hash=e77f7b..98965a
INFO [10-06|00:32:59.415] Looking for peers                        peercount=22 tried=1 static=0
INFO [10-06|00:33:01.577] State heal in progress                   accounts=697@39.40KiB slots=0@0.00B codes=12390@105.19MiB nodes=293,326,568@85.92GiB pending=81199
INFO [10-06|00:33:02.194] Imported new block headers               count=2    elapsed=6.421ms   number=13,362,232 hash=aac6c8..2731ad
INFO [10-06|00:33:09.416] Looking for peers                        peercount=23 tried=3 static=0
INFO [10-06|00:33:09.807] State heal in progress                   accounts=785@44.36KiB slots=0@0.00B codes=12390@105.19MiB nodes=293,327,121@85.92GiB pending=81650
ERROR[10-06|00:33:14.539] Snapshot extension registration failed   peer=20dcc090 err="peer connected on snap without compatible eth support"
INFO [10-06|00:33:17.581] Imported new block headers               count=1    elapsed=16.057ms  number=13,362,233 hash=085a18..2a9b1a
INFO [10-06|00:33:19.417] Looking for peers                        peercount=23 tried=4 static=0
INFO [10-06|00:33:19.913] State heal in progress                   accounts=870@49.07KiB slots=1@86.00B codes=12390@105.19MiB nodes=293,327,677@85.92GiB pending=81979
INFO [10-06|00:33:23.247] Imported new block headers               count=1    elapsed=6.719ms   number=13,362,234 hash=7f7720..932fe4
INFO [10-06|00:33:29.419] Looking for peers                        peercount=24 tried=1 static=0
INFO [10-06|00:33:31.504] State heal in progress                   accounts=938@52.97KiB slots=2@173.00B codes=12390@105.19MiB nodes=293,328,266@85.92GiB pending=82522
ERROR[10-06|00:33:32.921] Snapshot extension registration failed   peer=cd1cdc46 err="peer connected on snap without compatible eth support"
ERROR[10-06|00:33:37.606] Snapshot extension registration failed   peer=f71de906 err="peer connected on snap without compatible eth support"
INFO [10-06|00:33:39.420] Looking for peers                        peercount=25 tried=5 static=0