INFO [10-06|00:43:21.542] Looking for peers                        peercount=32 tried=3 static=0
INFO [10-06|00:43:22.368] Imported new block headers               count=1    elapsed=14.140ms  number=13,362,272 hash=bd7bc0..a3e94b age=1m2s
WARN [10-06|00:43:23.823] Dropping unsynced node during sync       id=002dda600244448c conn=inbound addr=99.0.104.122:39882   type=Geth/v1.10.10-unstab...
INFO [10-06|00:43:30.159] State heal in progress                   accounts=5684@331.00KiB slots=2585@194.23KiB codes=12393@105.22MiB nodes=293,379,952@85.94GiB pending=97429
INFO [10-06|00:43:31.543] Looking for peers                        peercount=32 tried=3 static=0
ERROR[10-06|00:43:35.232] Snapshot extension registration failed   peer=17bfcda0 err="peer connected on snap without compatible eth support"
ERROR[10-06|00:43:37.257] Snapshot extension registration failed   peer=20dcc090 err="peer connected on snap without compatible eth support"
INFO [10-06|00:43:38.520] State heal in progress                   accounts=5698@331.96KiB slots=2810@210.88KiB codes=12393@105.22MiB nodes=293,380,749@85.94GiB pending=97572
ERROR[10-06|00:43:39.957] Snapshot extension registration failed   peer=20dcc090 err="peer connected on snap without compatible eth support"
INFO [10-06|00:43:41.543] Looking for peers                        peercount=32 tried=3 static=0
ERROR[10-06|00:43:48.665] Snapshot extension registration failed   peer=48d37088 err="peer connected on snap without compatible eth support"
INFO [10-06|00:43:48.827] State heal in progress                   accounts=5733@333.90KiB slots=3027@227.16KiB codes=12393@105.22MiB nodes=293,381,591@85.94GiB pending=97882
INFO [10-06|00:43:51.544] Looking for peers                        peercount=32 tried=3 static=0
INFO [10-06|00:43:55.447] Imported new block headers               count=2    elapsed=18.934ms  number=13,362,274 hash=a78801..ff670e age=1m5s
INFO [10-06|00:43:56.395] Downloader queue stats                   receiptTasks=0   blockTasks=0   itemSize=280.22KiB throttle=936
INFO [10-06|00:43:58.768] State heal in progress                   accounts=5738@334.18KiB slots=3406@255.11KiB codes=12393@105.22MiB nodes=293,382,714@85.94GiB pending=97749
ERROR[10-06|00:44:07.160] Snapshot extension registration failed   peer=bb35738e err="peer connected on snap without compatible eth support"
INFO [10-06|00:44:07.350] State heal in progress                   accounts=5753@335.06KiB slots=3645@272.98KiB codes=12393@105.22MiB nodes=293,383,517@85.94GiB pending=97852
INFO [10-06|00:44:18.637] State heal in progress                   accounts=5758@335.33KiB slots=3939@294.73KiB codes=12393@105.22MiB nodes=293,384,546@85.94GiB pending=98898
INFO [10-06|00:44:21.666] Imported new block headers               count=1    elapsed=8.107ms   number=13,362,275 hash=f93ca5..5de538 age=1m3s
ERROR[10-06|00:44:25.082] Snapshot extension registration failed   peer=20dcc090 err="peer connected on snap without compatible eth support"
INFO [10-06|00:44:28.074] State heal in progress                   accounts=5784@336.77KiB slots=4163@311.55KiB codes=12393@105.22MiB nodes=293,385,389@85.94GiB pending=99215
INFO [10-06|00:44:32.174] Imported new block headers               count=1    elapsed=7.146ms   number=13,362,276 hash=2bc1b3..38b7a0
INFO [10-06|00:44:39.252] State heal in progress                   accounts=5784@336.77KiB slots=4378@327.55KiB codes=12393@105.22MiB nodes=293,386,147@85.94GiB pending=99578
ERROR[10-06|00:44:43.993] Snapshot extension registration failed   peer=219700a3 err="peer connected on snap without compatible eth support"
WARN [10-06|00:44:44.301] Dropping unsynced node during sync       id=6033ff995320f1d9 conn=inbound addr=65.21.230.244:56996  type="nimbus-eth1 v0.1.0 [..."
ERROR[10-06|00:44:45.545] Snapshot extension registration failed   peer=20dcc090 err="peer connected on snap without compatible eth support"
INFO [10-06|00:44:47.719] State heal in progress                   accounts=5791@337.25KiB slots=4463@334.04KiB codes=12393@105.22MiB nodes=293,386,647@85.94GiB pending=100,151
WARN [10-06|00:44:54.252] Unexpected bytecode heal packet          peer=8c7fde21 reqid=5,470,903,428,141,292,677
WARN [10-06|00:44:54.263] Unexpected trienode heal packet          peer=8c7fde21 reqid=5,238,171,017,597,671,394
ERROR[10-06|00:44:56.371] Snapshot extension registration failed   peer=f09511d9 err="peer connected on snap without compatible eth support"
INFO [10-06|00:44:59.331] State heal in progress                   accounts=5791@337.25KiB slots=4575@342.42KiB codes=12394@105.24MiB nodes=293,387,235@85.94GiB pending=100,874
WARN [10-06|00:44:59.332] Unexpected bytecode heal packet          peer=81e8669c reqid=5,957,946,601,884,191,769
INFO [10-06|00:45:09.991] State heal in progress                   accounts=5795@337.55KiB slots=4624@346.22KiB codes=12394@105.24MiB nodes=293,387,786@85.94GiB pending=102,467
INFO [10-06|00:45:21.353] State heal in progress                   accounts=5852@340.90KiB slots=4761@356.59KiB codes=12394@105.24MiB nodes=293,388,541@85.94GiB pending=103,233
ERROR[10-06|00:45:22.812] Snapshot extension registration failed   peer=dade6272 err="peer connected on snap without compatible eth support"
WARN [10-06|00:45:28.387] Dropping unsynced node during sync       id=6033ff995320f1d9 conn=inbound addr=65.21.230.244:34700  type="nimbus-eth1 v0.1.0 [..."
INFO [10-06|00:45:29.885] State heal in progress                   accounts=5872@341.97KiB slots=4928@369.12KiB codes=12396@105.25MiB nodes=293,389,216@85.94GiB pending=103,707
ERROR[10-06|00:45:32.316] Snapshot extension registration failed   peer=b6d46900 err="peer connected on snap without compatible eth support"
INFO [10-06|00:45:32.660] Imported new block headers               count=1    elapsed=6.134ms   number=13,362,277 hash=703f83..1e32b7 age=1m38s
INFO [10-06|00:45:33.462] Downloader queue stats                   receiptTasks=0   blockTasks=0   itemSize=279.54KiB throttle=938
INFO [10-06|00:45:37.661] Imported new block headers               count=2    elapsed=6.300ms   number=13,362,279 hash=22d94b..0313b8 age=1m7s
INFO [10-06|00:45:39.504] State heal in progress                   accounts=5920@344.75KiB slots=5036@377.09KiB codes=12396@105.25MiB nodes=293,389,860@85.94GiB pending=104,334
INFO [10-06|00:45:41.526] Imported new block headers               count=1    elapsed=6.659ms   number=13,362,280 hash=0d8a08..730b9b
INFO [10-06|00:45:47.890] State heal in progress                   accounts=5951@346.74KiB slots=5138@384.61KiB codes=12396@105.25MiB nodes=293,390,452@85.94GiB pending=105,055
WARN [10-06|00:45:50.485] Unexpected trienode heal packet          peer=82d8bdfe reqid=3,679,494,177,671,342,073
WARN [10-06|00:45:52.947] Dropping unsynced node during sync       id=620479f55bb64150 conn=inbound addr=93.115.28.167:48328  type=OpenEthereum/v3.3.0-...
INFO [10-06|00:45:56.731] State heal in progress                   accounts=5973@348.10KiB slots=5264@394.02KiB codes=12396@105.25MiB nodes=293,391,071@85.94GiB pending=105,881
INFO [10-06|00:46:05.742] State heal in progress                   accounts=6000@349.98KiB slots=5385@403.16KiB codes=12396@105.25MiB nodes=293,391,696@85.94GiB pending=106,538
INFO [10-06|00:46:05.747] State heal in progress                   accounts=6000@349.98KiB slots=5385@403.16KiB codes=12396@105.25MiB nodes=293,391,696@85.94GiB pending=106,538
WARN [10-06|00:46:05.764] Synchronisation failed, dropping peer    peer=da5f9fbce37dd96ec6093a5712655f99e5795b630a806f6eda894759695c8887 err="action from bad peer ignored: header request timed out"
WARN [10-06|00:46:05.795] Unexpected trienode heal packet          peer=3acfa415 reqid=3,891,985,051,629,729,015
WARN [10-06|00:46:05.834] Unexpected trienode heal packet          peer=8c7fde21 reqid=1,969,113,073,268,576,090
WARN [10-06|00:46:05.863] Unexpected trienode heal packet          peer=81e8669c reqid=8,378,184,950,186,025,835
WARN [10-06|00:46:05.926] Unexpected trienode heal packet          peer=4880e5f9 reqid=9,091,837,996,416,447,917
WARN [10-06|00:46:05.998] Unexpected trienode heal packet          peer=4871758a reqid=6,213,493,432,055,129,257
WARN [10-06|00:46:06.022] Unexpected trienode heal packet          peer=f321cd78 reqid=2,180,725,797,060,470,491
INFO [10-06|00:46:07.785] Disabling direct-ancient mode            origin=13,362,175 ancient=12,976,127
INFO [10-06|00:46:08.466] Imported new block headers               count=3    elapsed=464.620ms number=13,362,283 hash=ad4efd..85b509 ignored=105
WARN [10-06|00:46:10.372] Unexpected trienode heal packet          peer=82d8bdfe reqid=2,840,432,821,418,738,715
INFO [10-06|00:46:10.822] Imported new block receipts              count=23   elapsed=146.998ms number=13,362,198 hash=5f68f7..703257 age=20m34s   size=3.19MiB
INFO [10-06|00:46:10.906] Imported new block receipts              count=20   elapsed=64.819ms  number=13,362,218 hash=706544..8e73e8 age=16m48s   size=2.24MiB
INFO [10-06|00:46:11.234] Imported new block headers               count=1    elapsed=6.393ms   number=13,362,284 hash=1f2b6d..cf17be
WARN [10-06|00:46:11.446] Unexpected trienode heal packet          peer=95025766 reqid=2,467,145,364,635,882,074
INFO [10-06|00:46:11.590] State heal in progress                   accounts=6000@349.98KiB slots=5385@403.16KiB codes=12396@105.25MiB nodes=293,392,279@85.94GiB pending=8834
WARN [10-06|00:46:11.643] Unexpected trienode heal packet          peer=81e8669c reqid=2,828,747,607,311,263,734
WARN [10-06|00:46:11.715] Unexpected trienode heal packet          peer=3acfa415 reqid=4,305,178,693,790,552,166
WARN [10-06|00:46:11.836] Unexpected trienode heal packet          peer=f321cd78 reqid=4,331,169,848,995,322,449
WARN [10-06|00:46:11.874] Unexpected trienode heal packet          peer=8c7fde21 reqid=2,562,951,559,077,750,505
WARN [10-06|00:46:12.240] Unexpected trienode heal packet          peer=4880e5f9 reqid=5,253,832,620,858,021,963
WARN [10-06|00:46:15.260] Unexpected trienode heal packet          peer=488cd3bc reqid=7,269,279,947,135,646,336
INFO [10-06|00:46:20.284] State heal in progress                   accounts=6000@349.98KiB slots=5385@403.16KiB codes=12396@105.25MiB nodes=293,394,402@85.94GiB pending=26939
INFO [10-06|00:46:34.093] State heal in progress                   accounts=6000@349.98KiB slots=5385@403.16KiB codes=12396@105.25MiB nodes=293,397,100@85.94GiB pending=57264
INFO [10-06|00:46:34.094] State heal in progress                   accounts=6000@349.98KiB slots=5385@403.16KiB codes=12396@105.25MiB nodes=293,397,100@85.94GiB pending=57264
WARN [10-06|00:46:34.094] Synchronisation failed, dropping peer    peer=f321cd781e305ed69b7a98ffa6f05296e92a5a90eafbef5166f67202f17423a3 err="action from bad peer ignored: header request timed out"
WARN [10-06|00:46:34.105] Unexpected trienode heal packet          peer=4b2f77e8 reqid=8,962,943,320,611,454,837
WARN [10-06|00:46:34.117] Unexpected trienode heal packet          peer=3acfa415 reqid=8,122,084,134,444,829,972
WARN [10-06|00:46:34.124] Unexpected trienode heal packet          peer=8c7fde21 reqid=496,909,709,599,575,112
WARN [10-06|00:46:34.180] Unexpected trienode heal packet          peer=4880e5f9 reqid=3,880,323,090,107,864,957
WARN [10-06|00:46:34.203] Unexpected trienode heal packet          peer=81e8669c reqid=6,980,702,850,084,550,466
WARN [10-06|00:46:34.333] Unexpected trienode heal packet          peer=4871758a reqid=8,553,422,811,219,079,202
INFO [10-06|00:46:34.346] Disabling direct-ancient mode            origin=13,362,218 ancient=12,976,127
INFO [10-06|00:46:34.543] Imported new block headers               count=1    elapsed=174.399ms number=13,362,285 hash=b95996..a9a1dd ignored=66
WARN [10-06|00:46:35.196] Unexpected trienode heal packet          peer=488cd3bc reqid=1,428,201,026,102,117,313
INFO [10-06|00:46:35.711] Downloader queue stats                   receiptTasks=0   blockTasks=0   itemSize=268.50KiB throttle=977
INFO [10-06|00:46:35.737] Imported new block receipts              count=4    elapsed=26.051ms  number=13,362,222 hash=1ef60a..45908b age=16m30s   size=637.13KiB
INFO [10-06|00:46:35.960] State heal in progress                   accounts=6000@349.98KiB slots=5385@403.16KiB codes=12396@105.25MiB nodes=293,397,373@85.94GiB pending=4369
WARN [10-06|00:46:35.982] Unexpected trienode heal packet          peer=4b2f77e8 reqid=3,929,011,308,877,795,452
WARN [10-06|00:46:35.982] Unexpected trienode heal packet          peer=3acfa415 reqid=9,112,992,194,808,595,564
WARN [10-06|00:46:35.989] Unexpected trienode heal packet          peer=8c7fde21 reqid=6,280,915,909,028,291,682
WARN [10-06|00:46:36.049] Unexpected trienode heal packet          peer=4880e5f9 reqid=7,613,032,663,966,617,167
WARN [10-06|00:46:36.074] Unexpected trienode heal packet          peer=81e8669c reqid=3,151,314,116,479,331,145
WARN [10-06|00:46:36.096] Unexpected trienode heal packet          peer=077a3391 reqid=8,507,070,397,993,875,420
WARN [10-06|00:46:36.099] Unexpected trienode heal packet          peer=2fa38b9f reqid=2,008,340,800,991,920,251
WARN [10-06|00:46:36.129] Unexpected trienode heal packet          peer=94bef142 reqid=7,840,749,400,154,243,415
WARN [10-06|00:46:36.135] Unexpected trienode heal packet          peer=80320507 reqid=8,130,227,760,299,263,332
WARN [10-06|00:46:36.159] Unexpected trienode heal packet          peer=3ef1026f reqid=4,699,584,839,330,913,407
WARN [10-06|00:46:36.174] Unexpected trienode heal packet          peer=7603f8b3 reqid=7,110,022,471,168,812,774
WARN [10-06|00:46:36.174] Unexpected trienode heal packet          peer=4e5f15cd reqid=1,480,467,914,198,236,306
WARN [10-06|00:46:36.216] Unexpected trienode heal packet          peer=4871758a reqid=1,120,605,260,201,634,708
WARN [10-06|00:46:36.757] Unexpected trienode heal packet          peer=488cd3bc reqid=7,898,196,538,882,513,583
WARN [10-06|00:46:37.020] Unexpected trienode heal packet          peer=bf3948e1 reqid=1,595,573,969,774,149,430
ERROR[10-06|00:46:39.454] Snapshot extension registration failed   peer=372bfa0e err="peer connected on snap without compatible eth support"
ERROR[10-06|00:46:40.040] Snapshot extension registration failed   peer=aec4562e err="peer connected on snap without compatible eth support"
WARN [10-06|00:46:43.289] Unexpected trienode heal packet          peer=82d8bdfe reqid=1,651,533,166,553,860,252
WARN [10-06|00:46:44.375] Unexpected trienode heal packet          peer=95025766 reqid=6,044,861,974,529,591,432
INFO [10-06|00:46:45.628] State heal in progress                   accounts=6000@349.98KiB slots=5385@403.16KiB codes=12396@105.25MiB nodes=293,401,425@85.95GiB pending=57671
ERROR[10-06|00:46:48.319] Snapshot extension registration failed   peer=159bab88 err="peer connected on snap without compatible eth support"
WARN [10-06|00:46:50.237] Rewinding blockchain                     target=13,360,236
INFO [10-06|00:46:51.464] State heal in progress                   accounts=6000@349.98KiB slots=5385@403.16KiB codes=12396@105.25MiB nodes=293,402,321@85.95GiB pending=70935
WARN [10-06|00:46:51.487] Unexpected trienode heal packet          peer=3acfa415 reqid=3,814,529,705,522,420,607
WARN [10-06|00:46:51.493] Unexpected trienode heal packet          peer=8c7fde21 reqid=90,110,009,103,734,300
WARN [10-06|00:46:51.500] Unexpected trienode heal packet          peer=81e8669c reqid=2,225,431,867,967,984,263
WARN [10-06|00:46:51.548] Unexpected trienode heal packet          peer=4880e5f9 reqid=4,081,609,874,567,163,052
WARN [10-06|00:46:51.661] Unexpected trienode heal packet          peer=95025766 reqid=6,241,534,283,234,882,851
WARN [10-06|00:46:51.671] Unexpected trienode heal packet          peer=82d8bdfe reqid=3,856,470,216,105,730,308
WARN [10-06|00:46:51.702] Unexpected trienode heal packet          peer=4871758a reqid=316,815,634,998,993,874
WARN [10-06|00:46:51.866] Unexpected trienode heal packet          peer=488cd3bc reqid=154,479,571,481,762,211
INFO [10-06|00:46:53.957] Loaded most recent local header          number=13,360,236 hash=0ae2f9..6f779a td=31,861,872,768,654,875,360,317 age=7h52m55s
INFO [10-06|00:46:53.958] Loaded most recent local full block      number=0          hash=d4e567..cb8fa3 td=17,179,869,184                 age=52y6mo6d
INFO [10-06|00:46:53.958] Loaded most recent local fast block      number=13,360,236 hash=0ae2f9..6f779a td=31,861,872,768,654,875,360,317 age=7h52m55s
INFO [10-06|00:46:53.958] Loaded last fast-sync pivot marker       number=13,362,223
WARN [10-06|00:46:53.958] Rolled back chain segment                header=13362285->13360236 fast=13362222->13360236 block=0->0 reason=nil
WARN [10-06|00:46:53.959] Synchronisation failed, dropping peer    peer=4b2f77e85a7468dae4d4f49fe160fa12b5a35dc179e95ac77d963f5721e63d56 err="action from bad peer ignored: header request timed out"
WARN [10-06|00:47:03.391] Synchronisation failed, dropping peer    peer=0f31c46dbe7e3f1f81ad81f511f3314686d1f81b4b12dd106d79f17f797e7fd4 err=timeout
INFO [10-06|00:47:09.043] Disabling direct-ancient mode            origin=13,360,236 ancient=12,976,127
INFO [10-06|00:47:09.044] State heal in progress                   accounts=6000@349.98KiB slots=5385@403.16KiB codes=12396@105.25MiB nodes=293,402,321@85.95GiB pending=1
INFO [10-06|00:47:09.419] Imported new block headers               count=192  elapsed=24.185ms  number=13,360,428 hash=64f421..63f5f6 age=7h8m29s
INFO [10-06|00:47:09.621] Imported new block headers               count=192  elapsed=36.098ms  number=13,360,620 hash=a3191d..e29fc8 age=6h30m20s
INFO [10-06|00:47:09.933] Imported new block headers               count=192  elapsed=19.208ms  number=13,360,812 hash=869990..045dbc age=5h43m43s
WARN [10-06|00:47:12.702] Dropping unsynced node during sync       id=f44f4865ce6c46d8 conn=inbound addr=69.158.103.238:49498 type=Geth/v1.10.8-stable-...
INFO [10-06|00:47:13.474] Imported new block headers               count=1344 elapsed=269.442ms number=13,362,156 hash=eab5b8..0cc746 age=34m42s
INFO [10-06|00:47:13.926] Imported new block receipts              count=100  elapsed=1.645s    number=13,360,336 hash=a78ebb..9e8bef age=7h31m    size=13.19MiB
ERROR[10-06|00:47:18.323] Snapshot extension registration failed   peer=73b794f9 err="peer connected on snap without compatible eth support"
INFO [10-06|00:47:18.864] Imported new block headers               count=130  elapsed=1.090s    number=13,362,286 hash=3593d1..1c2767 age=1m12s
INFO [10-06|00:47:19.365] Imported new block receipts              count=5    elapsed=94.796ms  number=13,360,341 hash=3b76f8..b19c9f age=7h28m46s size=833.67KiB
ERROR[10-06|00:47:19.433] Snapshot extension registration failed   peer=b5d0cd34 err="peer connected on snap without compatible eth support"
INFO [10-06|00:47:19.889] State heal in progress                   accounts=6000@349.98KiB slots=5385@403.16KiB codes=12396@105.25MiB nodes=293,404,522@85.95GiB pending=28295
INFO [10-06|00:47:23.215] Imported new block receipts              count=325  elapsed=3.805s    number=13,360,666 hash=a319ec..db97d9 age=6h20m13s size=43.13MiB
INFO [10-06|00:47:27.360] Imported new block receipts              count=289  elapsed=4.135s    number=13,360,955 hash=4ae604..e7606e age=5h11m14s size=29.61MiB
INFO [10-06|00:47:27.676] Imported new block headers               count=1    elapsed=10.296ms  number=13,362,287 hash=85526b..b82e1a age=1m19s
INFO [10-06|00:47:27.927] Imported new block receipts              count=10   elapsed=97.377ms  number=13,360,965 hash=2f52ad..5caeca age=5h9m56s  size=641.77KiB
INFO [10-06|00:47:28.378] Imported new block headers               count=1    elapsed=6.967ms   number=13,362,288 hash=d623e9..1bc4ba age=1m1s
INFO [10-06|00:47:31.924] State heal in progress                   accounts=6000@349.98KiB slots=5385@403.16KiB codes=12396@105.25MiB nodes=293,405,354@85.95GiB pending=36206
WARN [10-06|00:47:36.040] Checkpoint challenge timed out, dropping id=75f6913746613840 conn=inbound addr=81.166.141.170:34490 type=erigon/v2021.09.5-al...
INFO [10-06|00:47:37.467] Imported new block receipts              count=574  elapsed=4.913s    number=13,361,539 hash=5c0eb1..41fbbd age=2h57m59s size=81.34MiB
INFO [10-06|00:47:37.484] Downloader queue stats                   receiptTasks=0   blockTasks=0   itemSize=277.34KiB throttle=946
INFO [10-06|00:47:39.705] Imported new block receipts              count=683  elapsed=2.210s    number=13,362,222 hash=1ef60a..45908b age=17m34s   size=95.94MiB
INFO [10-06|00:47:40.081] State heal in progress                   accounts=6000@349.98KiB slots=5385@403.16KiB codes=12396@105.25MiB nodes=293,406,270@85.95GiB pending=50436
INFO [10-06|00:47:40.082] State heal in progress                   accounts=6000@349.98KiB slots=5385@403.16KiB codes=12396@105.25MiB nodes=293,406,270@85.95GiB pending=50436
WARN [10-06|00:47:40.285] Unexpected trienode heal packet          peer=81e8669c reqid=6,276,983,669,640,755,954
WARN [10-06|00:47:40.317] Unexpected trienode heal packet          peer=4871758a reqid=8,902,471,153,517,329,904
WARN [10-06|00:47:40.342] Unexpected trienode heal packet          peer=34d6bd73 reqid=5,607,897,611,122,426,241
ERROR[10-06|00:47:43.603] Snapshot extension registration failed   peer=d9eb389f err="peer connected on snap without compatible eth support"
WARN [10-06|00:47:48.681] Dropping unsynced node during sync       id=6033ff995320f1d9 conn=inbound addr=65.21.230.244:52708  type="nimbus-eth1 v0.1.0 [..."
INFO [10-06|00:47:52.024] State heal in progress                   accounts=6000@349.98KiB slots=5385@403.16KiB codes=12396@105.25MiB nodes=293,408,399@85.95GiB pending=29409
INFO [10-06|00:47:59.925] Imported new block headers               count=1    elapsed=1.611s    number=13,362,289 hash=569fee..a8c39d
INFO [10-06|00:48:00.324] State heal in progress                   accounts=6000@349.98KiB slots=5385@403.16KiB codes=12396@105.25MiB nodes=293,410,166@85.95GiB pending=54559
INFO [10-06|00:48:04.869] Imported new block headers               count=1    elapsed=35.450ms  number=13,362,290 hash=b329d8..45d774
INFO [10-06|00:48:08.409] State heal in progress                   accounts=6000@349.98KiB slots=5385@403.16KiB codes=12396@105.25MiB nodes=293,410,951@85.95GiB pending=55828
ERROR[10-06|00:48:12.767] Snapshot extension registration failed   peer=dd93e8c0 err="peer connected on snap without compatible eth support"
WARN [10-06|00:48:13.447] Dropping unsynced node during sync       id=1158bec0d0ff31d1 conn=inbound addr=35.238.237.238:37648 type=Geth/v1.10.8-stable-...
INFO [10-06|00:48:16.916] State heal in progress                   accounts=6000@349.98KiB slots=5385@403.16KiB codes=12396@105.25MiB nodes=293,412,025@85.95GiB pending=59036
ERROR[10-06|00:48:23.428] Snapshot extension registration failed   peer=db10c423 err="peer connected on snap without compatible eth support"
INFO [10-06|00:48:25.836] State heal in progress                   accounts=6000@349.98KiB slots=5385@403.16KiB codes=12396@105.25MiB nodes=293,413,080@85.95GiB pending=64087
INFO [10-06|00:48:30.440] Imported new block headers               count=1    elapsed=8.199ms   number=13,362,291 hash=7f9c6b..c5fe7e age=1m6s
INFO [10-06|00:48:34.812] State heal in progress                   accounts=6000@349.98KiB slots=5385@403.16KiB codes=12396@105.25MiB nodes=293,413,531@85.95GiB pending=64542
ERROR[10-06|00:48:41.901] Snapshot extension registration failed   peer=20dcc090 err="peer connected on snap without compatible eth support"