WARN [10-06|01:23:40.216] Dropping unsynced node during sync       id=015a3ad26cebb106 conn=inbound addr=47.96.169.40:47604   type=OpenEthereum/v3.3.0-...
ERROR[10-06|01:23:42.112] Snapshot extension registration failed   peer=ea9f4f05 err="peer connected on snap without compatible eth support"
INFO [10-06|01:23:45.166] Downloader queue stats                   receiptTasks=0  blockTasks=0  itemSize=234.60KiB throttle=1118
INFO [10-06|01:23:46.800] State heal in progress                   accounts=2041@107.83KiB slots=102@7.24KiB codes=12397@105.27MiB nodes=293,555,039@86.01GiB pending=94544
ERROR[10-06|01:23:50.674] Snapshot extension registration failed   peer=ff1c3ee4 err="peer connected on snap without compatible eth support"
ERROR[10-06|01:23:52.332] Snapshot extension registration failed   peer=b5496381 err="peer connected on snap without compatible eth support"
INFO [10-06|01:23:56.565] State heal in progress                   accounts=2312@122.71KiB slots=251@17.89KiB codes=12397@105.27MiB nodes=293,556,225@86.01GiB pending=94969
INFO [10-06|01:24:00.094] Imported new block headers               count=1  elapsed=10.478ms  number=13,362,428 hash=18d7e6..0c7a91 age=1m9s
INFO [10-06|01:24:06.486] State heal in progress                   accounts=2450@130.60KiB slots=278@19.81KiB codes=12397@105.27MiB nodes=293,557,072@86.01GiB pending=95709
INFO [10-06|01:24:08.595] Imported new block headers               count=4  elapsed=14.257ms  number=13,362,432 hash=e86298..850cac
INFO [10-06|01:24:14.953] State heal in progress                   accounts=2498@133.31KiB slots=297@21.23KiB codes=12397@105.27MiB nodes=293,557,641@86.01GiB pending=96669
ERROR[10-06|01:24:21.930] Snapshot extension registration failed   peer=b58b4e2f err="peer connected on snap without compatible eth support"
ERROR[10-06|01:24:22.249] Snapshot extension registration failed   peer=66d5d37c err="peer connected on snap without compatible eth support"
INFO [10-06|01:24:26.464] State heal in progress                   accounts=2572@137.46KiB slots=337@24.03KiB codes=12397@105.27MiB nodes=293,558,296@86.01GiB pending=97500
ERROR[10-06|01:24:27.166] Snapshot extension registration failed   peer=749f2e23 err="peer connected on snap without compatible eth support"
WARN [10-06|01:24:29.931] Unexpected bytecode heal packet          peer=80ede9a0 reqid=4,666,299,465,644,155,767
ERROR[10-06|01:24:32.127] Snapshot extension registration failed   peer=36d11616 err="peer connected on snap without compatible eth support"
INFO [10-06|01:24:35.144] State heal in progress                   accounts=2720@145.82KiB slots=469@33.47KiB codes=12397@105.27MiB nodes=293,559,181@86.01GiB pending=98098
INFO [10-06|01:24:43.252] State heal in progress                   accounts=2810@150.41KiB slots=513@36.57KiB codes=12397@105.27MiB nodes=293,559,774@86.01GiB pending=98554
ERROR[10-06|01:24:45.677] Snapshot extension registration failed   peer=581eddda err="peer connected on snap without compatible eth support"
ERROR[10-06|01:24:46.988] Snapshot extension registration failed   peer=9bd3dcce err="peer connected on snap without compatible eth support"
INFO [10-06|01:24:47.450] Imported new block headers               count=1  elapsed=6.853ms   number=13,362,433 hash=acc1b5..ae9338
INFO [10-06|01:24:48.212] Downloader queue stats                   receiptTasks=0  blockTasks=0  itemSize=243.16KiB throttle=1079
WARN [10-06|01:24:51.236] Unexpected bytecode heal packet          peer=b4fd376f reqid=397,600,582,999,964,552
INFO [10-06|01:24:54.134] State heal in progress                   accounts=2973@160.00KiB slots=563@40.25KiB codes=12397@105.27MiB nodes=293,560,733@86.01GiB pending=99369
INFO [10-06|01:24:56.578] Imported new block headers               count=2  elapsed=11.457ms  number=13,362,435 hash=dfed71..1b21a3
ERROR[10-06|01:25:04.511] Snapshot extension registration failed   peer=5e9ddde8 err="peer connected on snap without compatible eth support"
INFO [10-06|01:25:07.627] State heal in progress                   accounts=2989@161.04KiB slots=565@40.42KiB codes=12397@105.27MiB nodes=293,561,150@86.01GiB pending=99834
WARN [10-06|01:25:07.633] Unexpected bytecode heal packet          peer=40bcfd5e reqid=2,697,820,422,490,772,029
WARN [10-06|01:25:09.843] Unexpected trienode heal packet          peer=ee019336 reqid=1,134,720,038,990,809,159
WARN [10-06|01:25:10.073] Checkpoint challenge timed out, dropping id=ee2fceaf2f932595 conn=inbound addr=35.209.161.232:41376 type=OpenEthereum/v3.3.0-...
WARN [10-06|01:25:13.881] Unexpected trienode heal packet          peer=d8c491e0 reqid=498,506,990,329,371,117
INFO [10-06|01:25:16.131] Imported new block headers               count=1  elapsed=6.597ms   number=13,362,436 hash=114e88..d5a216
ERROR[10-06|01:25:17.621] Snapshot extension registration failed   peer=74226e25 err="peer connected on snap without compatible eth support"
INFO [10-06|01:25:19.060] State heal in progress                   accounts=3015@162.51KiB slots=607@43.58KiB codes=12397@105.27MiB nodes=293,561,768@86.01GiB pending=100,703
WARN [10-06|01:25:19.060] Unexpected trienode heal packet          peer=7439d270 reqid=5,799,053,652,559,794,262
ERROR[10-06|01:25:19.435] Snapshot extension registration failed   peer=20dcc090 err="peer connected on snap without compatible eth support"
WARN [10-06|01:25:23.188] Unexpected trienode heal packet          peer=ff9a9ea0 reqid=5,177,296,764,348,729,213
INFO [10-06|01:25:24.678] Imported new block headers               count=1  elapsed=6.679ms   number=13,362,437 hash=b322f3..fd36f1
INFO [10-06|01:25:28.527] State heal in progress                   accounts=3093@166.65KiB slots=693@49.82KiB codes=12397@105.27MiB nodes=293,562,467@86.01GiB pending=101,593
ERROR[10-06|01:25:32.108] Snapshot extension registration failed   peer=51d80fd5 err="peer connected on snap without compatible eth support"
WARN [10-06|01:25:32.193] Unexpected bytecode heal packet          peer=551c2739 reqid=5,059,625,608,123,100,398
ERROR[10-06|01:25:36.156] Snapshot extension registration failed   peer=66f31a4e err="peer connected on snap without compatible eth support"
INFO [10-06|01:25:36.577] State heal in progress                   accounts=3206@173.21KiB slots=724@52.11KiB codes=12397@105.27MiB nodes=293,563,032@86.02GiB pending=102,063
INFO [10-06|01:25:40.480] Imported new block headers               count=1  elapsed=6.451ms   number=13,362,438 hash=97738d..838364
ERROR[10-06|01:25:42.107] Snapshot extension registration failed   peer=f09511d9 err="peer connected on snap without compatible eth support"
INFO [10-06|01:25:46.697] State heal in progress                   accounts=3275@177.14KiB slots=770@55.51KiB codes=12398@105.27MiB nodes=293,563,679@86.02GiB pending=102,757
WARN [10-06|01:25:55.252] Checkpoint challenge timed out, dropping id=a60c8f1a0f6c0ac0 conn=inbound addr=178.128.200.177:56692 type=OpenEthereum/v3.3.0-...
INFO [10-06|01:25:55.938] State heal in progress                   accounts=3345@180.72KiB slots=833@60.08KiB codes=12398@105.27MiB nodes=293,564,335@86.02GiB pending=103,300
INFO [10-06|01:26:03.675] Imported new block headers               count=2  elapsed=8.712ms   number=13,362,440 hash=177657..d623ad
INFO [10-06|01:26:04.264] Downloader queue stats                   receiptTasks=0  blockTasks=0  itemSize=242.43KiB throttle=1082
INFO [10-06|01:26:05.441] State heal in progress                   accounts=3423@185.15KiB slots=894@64.58KiB codes=12398@105.27MiB nodes=293,565,026@86.02GiB pending=103,884
INFO [10-06|01:26:06.188] Imported new block headers               count=2  elapsed=8.706ms   number=13,362,442 hash=8f9ca3..65a922
ERROR[10-06|01:26:07.006] Snapshot extension registration failed   peer=20dcc090 err="peer connected on snap without compatible eth support"
INFO [10-06|01:26:13.891] State heal in progress                   accounts=3484@188.81KiB slots=934@67.51KiB codes=12398@105.27MiB nodes=293,565,567@86.02GiB pending=104,598
ERROR[10-06|01:26:15.337] Snapshot extension registration failed   peer=1f224850 err="peer connected on snap without compatible eth support"
INFO [10-06|01:26:24.119] State heal in progress                   accounts=3564@193.10KiB slots=984@71.15KiB codes=12398@105.27MiB nodes=293,566,272@86.02GiB pending=105,174
INFO [10-06|01:26:29.838] Imported new block headers               count=4  elapsed=16.777ms  number=13,362,446 hash=e3a951..75d7b4
INFO [10-06|01:26:33.159] State heal in progress                   accounts=3626@196.54KiB slots=1021@73.77KiB codes=12398@105.27MiB nodes=293,566,838@86.02GiB pending=105,829
INFO [10-06|01:26:43.547] State heal in progress                   accounts=3702@201.10KiB slots=1071@77.46KiB codes=12398@105.27MiB nodes=293,567,532@86.02GiB pending=106,595
ERROR[10-06|01:26:47.543] Snapshot extension registration failed   peer=dfcf040e err="peer connected on snap without compatible eth support"
ERROR[10-06|01:26:48.922] Snapshot extension registration failed   peer=e0c983b3 err="peer connected on snap without compatible eth support"
INFO [10-06|01:26:53.179] State heal in progress                   accounts=3774@204.68KiB slots=1110@80.36KiB codes=12398@105.27MiB nodes=293,568,116@86.02GiB pending=107,135
WARN [10-06|01:26:53.232] Dropping unsynced node during sync       id=986f555715c3768a conn=inbound addr=92.62.129.41:15271    type=Geth/v1.10.8-stable-...
ERROR[10-06|01:27:02.037] Snapshot extension registration failed   peer=5fb3c6b4 err="peer connected on snap without compatible eth support"
ERROR[10-06|01:27:02.875] Snapshot extension registration failed   peer=74226e25 err="peer connected on snap without compatible eth support"
INFO [10-06|01:27:03.632] State heal in progress                   accounts=3870@210.27KiB slots=1175@85.08KiB codes=12398@105.27MiB nodes=293,568,811@86.02GiB pending=107,589
INFO [10-06|01:27:07.630] Imported new block headers               count=1  elapsed=6.662ms   number=13,362,447 hash=9cc367..21468d
INFO [10-06|01:27:11.738] State heal in progress                   accounts=3939@213.83KiB slots=1223@88.48KiB codes=12398@105.27MiB nodes=293,569,399@86.02GiB pending=108,081
INFO [10-06|01:27:12.301] Downloader queue stats                   receiptTasks=0  blockTasks=0  itemSize=229.28KiB throttle=1144
INFO [10-06|01:27:20.925] State heal in progress                   accounts=4047@219.94KiB slots=1265@91.61KiB codes=12398@105.27MiB nodes=293,570,103@86.02GiB pending=108,625
ERROR[10-06|01:27:23.187] Snapshot extension registration failed   peer=20dcc090 err="peer connected on snap without compatible eth support"
INFO [10-06|01:27:30.987] State heal in progress                   accounts=4105@223.37KiB slots=1401@101.55KiB codes=12398@105.27MiB nodes=293,570,880@86.02GiB pending=109,144
ERROR[10-06|01:27:31.915] Snapshot extension registration failed   peer=20dcc090 err="peer connected on snap without compatible eth support"
ERROR[10-06|01:27:32.303] Snapshot extension registration failed   peer=5e9ddde8 err="peer connected on snap without compatible eth support"
INFO [10-06|01:27:36.492] Imported new block headers               count=1  elapsed=6.297ms   number=13,362,448 hash=b9c2a2..f35954 age=1m17s
INFO [10-06|01:27:41.821] State heal in progress                   accounts=4187@227.84KiB slots=1751@127.45KiB codes=12398@105.27MiB nodes=293,572,061@86.02GiB pending=109,343
ERROR[10-06|01:27:44.187] Snapshot extension registration failed   peer=e4476e9e err="peer connected on snap without compatible eth support"
INFO [10-06|01:27:51.341] State heal in progress                   accounts=4230@230.26KiB slots=1908@139.59KiB codes=12398@105.27MiB nodes=293,572,839@86.02GiB pending=109,714
WARN [10-06|01:27:53.738] Dropping unsynced node during sync       id=6033ff995320f1d9 conn=inbound addr=65.21.230.244:44144   type="nimbus-eth1 v0.1.0 [..."
INFO [10-06|01:28:02.048] State heal in progress                   accounts=4254@231.66KiB slots=2013@147.41KiB codes=12398@105.27MiB nodes=293,573,445@86.02GiB pending=109,978
INFO [10-06|01:28:07.363] Imported new block headers               count=1  elapsed=8.851ms   number=13,362,449 hash=14b823..06f4b6 age=1m45s
WARN [10-06|01:28:10.995] Checkpoint challenge timed out, dropping id=cba96918b8ccec75 conn=inbound addr=3.144.154.220:57008   type=OpenEthereum/v3.3.0-...
INFO [10-06|01:28:12.115] State heal in progress                   accounts=4283@233.51KiB slots=2260@166.04KiB codes=12398@105.27MiB nodes=293,574,393@86.02GiB pending=110,116
INFO [10-06|01:28:15.468] Imported new block headers               count=2  elapsed=6.182ms   number=13,362,451 hash=79176c..670195
INFO [10-06|01:28:17.373] Downloader queue stats                   receiptTasks=0  blockTasks=0  itemSize=296.72KiB throttle=884
INFO [10-06|01:28:20.899] Imported new block headers               count=1  elapsed=6.855ms   number=13,362,452 hash=8fbb67..c71863
INFO [10-06|01:28:21.362] State heal in progress                   accounts=4320@235.62KiB slots=2428@179.01KiB codes=12398@105.27MiB nodes=293,575,161@86.02GiB pending=110,332
INFO [10-06|01:28:30.018] State heal in progress                   accounts=4339@236.69KiB slots=2767@204.45KiB codes=12398@105.27MiB nodes=293,576,307@86.02GiB pending=110,475
ERROR[10-06|01:28:33.252] Snapshot extension registration failed   peer=cb5b9771 err="peer connected on snap without compatible eth support"
INFO [10-06|01:28:38.066] State heal in progress                   accounts=4369@238.26KiB slots=2990@221.12KiB codes=12398@105.27MiB nodes=293,577,132@86.02GiB pending=110,508
ERROR[10-06|01:28:41.918] Snapshot extension registration failed   peer=c3220315 err="peer connected on snap without compatible eth support"
WARN [10-06|01:28:44.922] Checkpoint challenge timed out, dropping id=2794717740d41b6c conn=inbound addr=3.237.201.76:38492    type=OpenEthereum/v3.3.0-...
INFO [10-06|01:28:47.058] State heal in progress                   accounts=4384@239.15KiB slots=3237@239.68KiB codes=12398@105.27MiB nodes=293,578,009@86.02GiB pending=110,607
INFO [10-06|01:28:55.595] State heal in progress                   accounts=4392@239.61KiB slots=3596@266.06KiB codes=12398@105.27MiB nodes=293,578,963@86.02GiB pending=110,469
INFO [10-06|01:28:59.555] Imported new block headers               count=1  elapsed=8.976ms   number=13,362,453 hash=7a847c..ca6d55 age=1m
INFO [10-06|01:29:05.665] State heal in progress                   accounts=4396@239.85KiB slots=4006@296.84KiB codes=12398@105.27MiB nodes=293,580,116@86.02GiB pending=110,262