WARN [10-06|01:43:42.973] Unexpected trienode heal packet          peer=9300ae06 reqid=3,962,499,703,736,696,291
WARN [10-06|01:43:43.051] Unexpected trienode heal packet          peer=c6acfab3 reqid=6,441,004,518,803,140,831
WARN [10-06|01:43:43.056] Unexpected trienode heal packet          peer=bcf334f0 reqid=2,515,590,115,419,626,490
WARN [10-06|01:43:43.122] Unexpected trienode heal packet          peer=39701a7a reqid=2,637,544,162,123,109,107
WARN [10-06|01:43:43.431] Unexpected trienode heal packet          peer=db3e46f7 reqid=7,709,470,273,439,051,886
INFO [10-06|01:43:46.517] Imported new block headers               count=1  elapsed=6.256ms   number=13,362,521 hash=88be61..f97e47
INFO [10-06|01:43:52.001] State heal in progress                   accounts=7002@416.46KiB slots=28541@2.14MiB   codes=12400@105.30MiB nodes=293,679,108@86.04GiB pending=30004
INFO [10-06|01:44:04.749] State heal in progress                   accounts=7002@416.46KiB slots=28541@2.14MiB   codes=12400@105.30MiB nodes=293,681,977@86.04GiB pending=63090
INFO [10-06|01:44:10.650] Imported new block headers               count=1  elapsed=12.359ms  number=13,362,522 hash=261988..0f31ca age=1m10s
INFO [10-06|01:44:12.922] Downloader queue stats                   receiptTasks=0  blockTasks=0  itemSize=271.42KiB throttle=966
INFO [10-06|01:44:16.612] State heal in progress                   accounts=7002@416.46KiB slots=28541@2.14MiB   codes=12400@105.30MiB nodes=293,683,652@86.04GiB pending=65879
WARN [10-06|01:44:18.530] Dropping unsynced node during sync       id=6033ff995320f1d9 conn=inbound addr=65.21.230.244:50334   type="nimbus-eth1 v0.1.0 [..."
ERROR[10-06|01:44:22.925] Snapshot extension registration failed   peer=223b38ff err="peer connected on snap without compatible eth support"
INFO [10-06|01:44:23.274] Imported new block headers               count=2  elapsed=12.388ms  number=13,362,524 hash=64d331..740994
WARN [10-06|01:44:23.312] Unexpected trienode heal packet          peer=40bcfd5e reqid=5,951,779,488,833,068,082
WARN [10-06|01:44:23.465] Unexpected trienode heal packet          peer=fd24d79d reqid=2,394,636,997,921,296,585
WARN [10-06|01:44:23.568] Unexpected trienode heal packet          peer=bcf334f0 reqid=2,355,876,512,252,420,666
INFO [10-06|01:44:29.577] State heal in progress                   accounts=7002@416.46KiB slots=28541@2.14MiB   codes=12400@105.30MiB nodes=293,685,489@86.05GiB pending=72619
WARN [10-06|01:44:29.578] Unexpected trienode heal packet          peer=c6acfab3 reqid=8,450,834,729,406,007,053
WARN [10-06|01:44:36.083] Unexpected trienode heal packet          peer=db3e46f7 reqid=4,276,755,079,334,872,639
ERROR[10-06|01:44:36.630] Snapshot extension registration failed   peer=749f2e23 err="peer connected on snap without compatible eth support"
ERROR[10-06|01:44:42.240] Snapshot extension registration failed   peer=dfcf040e err="peer connected on snap without compatible eth support"
INFO [10-06|01:44:42.323] State heal in progress                   accounts=7002@416.46KiB slots=28541@2.14MiB   codes=12400@105.30MiB nodes=293,687,275@86.05GiB pending=79013
WARN [10-06|01:44:42.324] Unexpected trienode heal packet          peer=39701a7a reqid=2,663,146,169,818,099,760
WARN [10-06|01:44:48.686] Unexpected trienode heal packet          peer=3dd7d0b4 reqid=8,918,873,077,659,681,191
WARN [10-06|01:44:58.237] Checkpoint challenge timed out, dropping id=7c134d2b3fe8eb63 conn=inbound addr=132.187.10.55:51468   type=erigon/v2021.09.1-al...
INFO [10-06|01:44:58.618] State heal in progress                   accounts=7002@416.46KiB slots=28541@2.14MiB   codes=12400@105.30MiB nodes=293,689,069@86.05GiB pending=87817
WARN [10-06|01:44:58.619] Unexpected trienode heal packet          peer=69b2ad40 reqid=845,943,765,173,007,154
ERROR[10-06|01:44:59.830] Snapshot extension registration failed   peer=aec4562e err="peer connected on snap without compatible eth support"
WARN [10-06|01:45:00.597] Dropping unsynced node during sync       id=6033ff995320f1d9 conn=inbound addr=65.21.230.244:55462   type="nimbus-eth1 v0.1.0 [..."
ERROR[10-06|01:45:01.346] Snapshot extension registration failed   peer=20dcc090 err="peer connected on snap without compatible eth support"
INFO [10-06|01:45:13.346] State heal in progress                   accounts=7002@416.46KiB slots=28541@2.14MiB   codes=12400@105.30MiB nodes=293,689,963@86.05GiB pending=91879
WARN [10-06|01:45:13.347] Unexpected trienode heal packet          peer=b763c79e reqid=4,513,009,975,092,917,840
INFO [10-06|01:45:22.980] State heal in progress                   accounts=7002@416.46KiB slots=28541@2.14MiB   codes=12400@105.30MiB nodes=293,690,832@86.05GiB pending=96505
WARN [10-06|01:45:22.984] Unexpected trienode heal packet          peer=fe95900d reqid=3,120,120,446,961,755,816
WARN [10-06|01:45:23.306] Unexpected trienode heal packet          peer=9300ae06 reqid=4,443,375,202,413,421,145
INFO [10-06|01:45:32.699] State heal in progress                   accounts=7002@416.46KiB slots=28541@2.14MiB   codes=12400@105.30MiB nodes=293,691,686@86.05GiB pending=99242
WARN [10-06|01:45:32.714] Unexpected trienode heal packet          peer=fd24d79d reqid=5,773,285,614,003,603,016
INFO [10-06|01:45:42.285] State heal in progress                   accounts=7002@416.46KiB slots=28541@2.14MiB   codes=12400@105.30MiB nodes=293,692,445@86.05GiB pending=100,777
INFO [10-06|01:45:44.688] Imported new block headers               count=1  elapsed=9.206ms   number=13,362,525 hash=88216e..9cba3c age=1m36s
INFO [10-06|01:45:45.983] Downloader queue stats                   receiptTasks=0  blockTasks=0  itemSize=277.70KiB throttle=944
INFO [10-06|01:45:50.536] State heal in progress                   accounts=7002@416.46KiB slots=28541@2.14MiB   codes=12400@105.30MiB nodes=293,693,124@86.05GiB pending=102,260
INFO [10-06|01:45:56.754] Imported new block headers               count=1  elapsed=9.155ms   number=13,362,526 hash=e6e59a..46dbed age=1m40s
INFO [10-06|01:46:00.898] State heal in progress                   accounts=7002@416.46KiB slots=28541@2.14MiB   codes=12400@105.30MiB nodes=293,694,019@86.05GiB pending=104,214
INFO [10-06|01:46:11.855] State heal in progress                   accounts=7002@416.46KiB slots=28541@2.14MiB   codes=12400@105.30MiB nodes=293,694,868@86.05GiB pending=105,910
INFO [10-06|01:46:20.747] Imported new block headers               count=5  elapsed=29.433ms  number=13,362,531 hash=068adb..92654b
INFO [10-06|01:46:23.756] Imported new block headers               count=1  elapsed=7.223ms   number=13,362,532 hash=2dc833..7c7bb2
INFO [10-06|01:46:24.095] State heal in progress                   accounts=7002@416.46KiB slots=28541@2.14MiB   codes=12400@105.30MiB nodes=293,695,839@86.05GiB pending=107,939
INFO [10-06|01:46:32.831] Imported new block headers               count=1  elapsed=8.408ms   number=13,362,533 hash=f2b116..a40655
INFO [10-06|01:46:35.399] State heal in progress                   accounts=7002@416.46KiB slots=28541@2.14MiB   codes=12400@105.30MiB nodes=293,696,759@86.05GiB pending=109,869
ERROR[10-06|01:46:41.519] Snapshot extension registration failed   peer=1fdbbcbd err="peer connected on snap without compatible eth support"
INFO [10-06|01:46:44.126] State heal in progress                   accounts=7002@416.46KiB slots=28541@2.14MiB   codes=12400@105.30MiB nodes=293,697,407@86.05GiB pending=111,205
INFO [10-06|01:46:47.913] Imported new block headers               count=2  elapsed=16.128ms  number=13,362,535 hash=8b53ce..62dfc6
INFO [10-06|01:46:51.030] Downloader queue stats                   receiptTasks=0  blockTasks=0  itemSize=238.14KiB throttle=1101
INFO [10-06|01:46:52.423] State heal in progress                   accounts=7002@416.46KiB slots=28541@2.14MiB   codes=12400@105.30MiB nodes=293,698,141@86.05GiB pending=112,485
INFO [10-06|01:47:02.818] State heal in progress                   accounts=7002@416.46KiB slots=28541@2.14MiB   codes=12400@105.30MiB nodes=293,698,949@86.05GiB pending=113,413
INFO [10-06|01:47:16.080] State heal in progress                   accounts=7002@416.46KiB slots=28541@2.14MiB   codes=12400@105.30MiB nodes=293,699,939@86.05GiB pending=115,013
WARN [10-06|01:47:16.082] Unexpected trienode heal packet          peer=9300ae06 reqid=3,609,011,045,362,162,855
WARN [10-06|01:47:22.009] Unexpected trienode heal packet          peer=bcf334f0 reqid=5,794,488,280,448,445,156
WARN [10-06|01:47:23.406] Unexpected trienode heal packet          peer=db3e46f7 reqid=4,091,538,992,400,127,071
INFO [10-06|01:47:23.730] Imported new block headers               count=1  elapsed=8.155ms   number=13,362,536 hash=eeea13..592127
WARN [10-06|01:47:23.947] Unexpected trienode heal packet          peer=fd24d79d reqid=5,881,698,371,830,654,704
INFO [10-06|01:47:24.101] State heal in progress                   accounts=7002@416.46KiB slots=28541@2.14MiB   codes=12400@105.30MiB nodes=293,700,495@86.05GiB pending=115,592
WARN [10-06|01:47:24.101] Unexpected trienode heal packet          peer=39701a7a reqid=1,693,177,140,347,511,691
WARN [10-06|01:47:24.602] Unexpected trienode heal packet          peer=407af07f reqid=7,613,908,782,709,067,414
INFO [10-06|01:47:29.768] Imported new block headers               count=1  elapsed=6.794ms   number=13,362,537 hash=389c47..0ccffd
INFO [10-06|01:47:32.793] Imported new block headers               count=1  elapsed=6.437ms   number=13,362,538 hash=5cb084..d08c0d
INFO [10-06|01:47:33.692] State heal in progress                   accounts=7002@416.46KiB slots=28541@2.14MiB   codes=12400@105.30MiB nodes=293,701,158@86.05GiB pending=116,312
WARN [10-06|01:47:33.693] Unexpected trienode heal packet          peer=69b2ad40 reqid=133,987,669,128,184,920
INFO [10-06|01:47:47.135] State heal in progress                   accounts=7016@417.25KiB slots=28541@2.14MiB   codes=12400@105.30MiB nodes=293,702,057@86.05GiB pending=117,587
WARN [10-06|01:47:47.137] Unexpected trienode heal packet          peer=9300ae06 reqid=7,455,855,064,376,326,368
WARN [10-06|01:47:47.153] Unexpected trienode heal packet          peer=bcf334f0 reqid=918,782,922,065,221,160
INFO [10-06|01:47:47.875] Imported new block headers               count=1  elapsed=6.593ms   number=13,362,539 hash=3dab46..4d95e4
INFO [10-06|01:48:00.690] State heal in progress                   accounts=7078@420.72KiB slots=28541@2.14MiB   codes=12400@105.30MiB nodes=293,702,775@86.05GiB pending=118,218
INFO [10-06|01:48:09.128] State heal in progress                   accounts=7111@422.59KiB slots=28541@2.14MiB   codes=12400@105.30MiB nodes=293,703,279@86.05GiB pending=118,680
INFO [10-06|01:48:18.413] Imported new block headers               count=1  elapsed=7.405ms   number=13,362,540 hash=450f88..47ab23
INFO [10-06|01:48:19.081] Downloader queue stats                   receiptTasks=0  blockTasks=0  itemSize=244.03KiB throttle=1075
INFO [10-06|01:48:21.454] Imported new block headers               count=1  elapsed=7.188ms   number=13,362,541 hash=49c988..2d7c7d
INFO [10-06|01:48:22.192] State heal in progress                   accounts=7166@426.29KiB slots=28541@2.14MiB   codes=12400@105.30MiB nodes=293,704,070@86.05GiB pending=119,527
INFO [10-06|01:48:27.490] Imported new block headers               count=1  elapsed=6.990ms   number=13,362,542 hash=e461f5..97bfd5
ERROR[10-06|01:48:31.669] Snapshot extension registration failed   peer=4620afc8 err="peer connected on snap without compatible eth support"
INFO [10-06|01:48:31.684] State heal in progress                   accounts=7208@428.67KiB slots=28541@2.14MiB   codes=12400@105.30MiB nodes=293,704,743@86.05GiB pending=120,371
INFO [10-06|01:48:42.262] State heal in progress                   accounts=7230@430.17KiB slots=28541@2.14MiB   codes=12400@105.30MiB nodes=293,705,446@86.05GiB pending=121,377
INFO [10-06|01:48:53.522] State heal in progress                   accounts=7426@443.39KiB slots=28541@2.14MiB   codes=12400@105.30MiB nodes=293,706,417@86.05GiB pending=121,966
INFO [10-06|01:48:54.617] Imported new block headers               count=2  elapsed=7.524ms   number=13,362,544 hash=3e50ca..f672a6
INFO [10-06|01:49:02.989] State heal in progress                   accounts=7544@450.83KiB slots=28541@2.14MiB   codes=12400@105.30MiB nodes=293,707,185@86.06GiB pending=122,463
INFO [10-06|01:49:06.688] Imported new block headers               count=2  elapsed=13.036ms  number=13,362,546 hash=09f15e..254686
INFO [10-06|01:49:11.159] State heal in progress                   accounts=7625@455.99KiB slots=28541@2.14MiB   codes=12400@105.30MiB nodes=293,707,995@86.06GiB pending=123,233