INFO [10-06|01:38:38.733] Imported new block headers               count=3  elapsed=12.036ms  number=13,362,497 hash=18e605..1be960
INFO [10-06|01:38:41.139] State heal in progress                   accounts=6657@393.19KiB slots=11632@878.77KiB codes=12400@105.30MiB nodes=293,635,863@86.03GiB pending=101,450
ERROR[10-06|01:38:42.937] Snapshot extension registration failed   peer=63cbe74f err="peer connected on snap without compatible eth support"
WARN [10-06|01:38:45.599] Dropping unsynced node during sync       id=6033ff995320f1d9 conn=inbound addr=65.21.230.244:38624   type="nimbus-eth1 v0.1.0 [..."
INFO [10-06|01:38:50.896] State heal in progress                   accounts=6677@394.59KiB slots=11770@889.41KiB codes=12400@105.30MiB nodes=293,636,618@86.04GiB pending=102,155
INFO [10-06|01:39:00.062] State heal in progress                   accounts=6698@396.01KiB slots=11916@900.64KiB codes=12400@105.30MiB nodes=293,637,386@86.04GiB pending=102,950
ERROR[10-06|01:39:07.229] Snapshot extension registration failed   peer=60dc7da9 err="peer connected on snap without compatible eth support"
INFO [10-06|01:39:08.179] Imported new block headers               count=2  elapsed=7.312ms   number=13,362,499 hash=b1fcd1..afe408
ERROR[10-06|01:39:08.267] Snapshot extension registration failed   peer=749f2e23 err="peer connected on snap without compatible eth support"
INFO [10-06|01:39:08.536] State heal in progress                   accounts=6715@397.29KiB slots=12083@913.32KiB codes=12400@105.30MiB nodes=293,638,132@86.04GiB pending=103,559
ERROR[10-06|01:39:12.969] Snapshot extension registration failed   peer=ae8f0800 err="peer connected on snap without compatible eth support"
INFO [10-06|01:39:17.401] State heal in progress                   accounts=6745@399.21KiB slots=12567@951.43KiB codes=12400@105.30MiB nodes=293,639,272@86.04GiB pending=103,575
INFO [10-06|01:39:25.807] State heal in progress                   accounts=6776@401.25KiB slots=12898@977.27KiB codes=12400@105.30MiB nodes=293,640,432@86.04GiB pending=103,941
WARN [10-06|01:39:27.833] Dropping unsynced node during sync       id=6033ff995320f1d9 conn=inbound addr=65.21.230.244:43630   type="nimbus-eth1 v0.1.0 [..."
INFO [10-06|01:39:29.225] Imported new block headers               count=2  elapsed=11.706ms  number=13,362,501 hash=c816be..94c01e
INFO [10-06|01:39:29.979] Downloader queue stats                   receiptTasks=0  blockTasks=0  itemSize=245.37KiB throttle=1069
INFO [10-06|01:39:35.347] State heal in progress                   accounts=6805@403.56KiB slots=13500@1.00MiB   codes=12400@105.30MiB nodes=293,642,171@86.04GiB pending=104,288
ERROR[10-06|01:39:39.883] Snapshot extension registration failed   peer=5e9ddde8 err="peer connected on snap without compatible eth support"
ERROR[10-06|01:39:45.004] Snapshot extension registration failed   peer=0c79ffae err="peer connected on snap without compatible eth support"
INFO [10-06|01:39:45.155] State heal in progress                   accounts=6825@404.86KiB slots=14555@1.08MiB   codes=12400@105.30MiB nodes=293,644,173@86.04GiB pending=103,189
INFO [10-06|01:39:54.165] State heal in progress                   accounts=6825@404.86KiB slots=14729@1.09MiB   codes=12400@105.30MiB nodes=293,644,802@86.04GiB pending=103,413
WARN [10-06|01:39:55.068] Unexpected trienode heal packet          peer=1e501997 reqid=2,579,956,194,062,530,571
INFO [10-06|01:40:03.230] State heal in progress                   accounts=6842@406.19KiB slots=15235@1.13MiB   codes=12400@105.30MiB nodes=293,646,064@86.04GiB pending=103,553
INFO [10-06|01:40:11.474] Imported new block headers               count=1  elapsed=6.482ms   number=13,362,502 hash=126490..a6271e age=1m10s
INFO [10-06|01:40:12.119] State heal in progress                   accounts=6853@407.01KiB slots=15800@1.17MiB   codes=12400@105.30MiB nodes=293,647,349@86.04GiB pending=103,316
INFO [10-06|01:40:21.798] State heal in progress                   accounts=6855@407.10KiB slots=16060@1.19MiB   codes=12400@105.30MiB nodes=293,648,137@86.04GiB pending=103,407
WARN [10-06|01:40:26.041] Dropping unsynced node during sync       id=1158bec0d0ff31d1 conn=inbound addr=35.238.237.238:44614  type=Geth/v1.10.8-stable-...
ERROR[10-06|01:40:27.645] Snapshot extension registration failed   peer=c1098342 err="peer connected on snap without compatible eth support"
INFO [10-06|01:40:30.073] State heal in progress                   accounts=6866@407.70KiB slots=16322@1.21MiB   codes=12400@105.30MiB nodes=293,648,943@86.04GiB pending=103,452
INFO [10-06|01:40:32.578] Imported new block headers               count=1  elapsed=7.103ms   number=13,362,503 hash=85c2fe..54d611 age=1m12s
INFO [10-06|01:40:33.034] Downloader queue stats                   receiptTasks=0  blockTasks=0  itemSize=255.15KiB throttle=1028
ERROR[10-06|01:40:33.518] Snapshot extension registration failed   peer=6268e558 err="peer connected on snap without compatible eth support"
INFO [10-06|01:40:39.337] State heal in progress                   accounts=6898@409.39KiB slots=16913@1.26MiB   codes=12400@105.30MiB nodes=293,650,376@86.04GiB pending=103,257
INFO [10-06|01:40:41.633] Imported new block headers               count=1  elapsed=6.082ms   number=13,362,504 hash=6e8ade..45f599 age=1m17s
INFO [10-06|01:40:44.659] Imported new block headers               count=1  elapsed=7.228ms   number=13,362,505 hash=d9027f..b7f324
WARN [10-06|01:40:45.193] Checkpoint challenge timed out, dropping id=3f42842d3bad7dd7 conn=inbound addr=47.243.35.213:36882   type=OpenEthereum/v3.3.0-...
INFO [10-06|01:40:47.683] Imported new block headers               count=1  elapsed=6.039ms   number=13,362,506 hash=eb545a..4535cd
INFO [10-06|01:40:48.670] State heal in progress                   accounts=6908@409.94KiB slots=17363@1.29MiB   codes=12400@105.30MiB nodes=293,651,483@86.04GiB pending=103,121
INFO [10-06|01:40:53.721] Imported new block headers               count=1  elapsed=6.939ms   number=13,362,507 hash=ec17ff..ab5c5f
INFO [10-06|01:40:56.973] State heal in progress                   accounts=6914@410.39KiB slots=17775@1.33MiB   codes=12400@105.30MiB nodes=293,652,563@86.04GiB pending=103,181
INFO [10-06|01:41:06.104] State heal in progress                   accounts=6923@410.90KiB slots=18225@1.36MiB   codes=12400@105.30MiB nodes=293,653,644@86.04GiB pending=103,027
INFO [10-06|01:41:08.798] Imported new block headers               count=1  elapsed=6.232ms   number=13,362,508 hash=65ca9d..ce846b
WARN [10-06|01:41:14.128] Dropping unsynced node during sync       id=6033ff995320f1d9 conn=inbound addr=65.21.230.244:56490   type="nimbus-eth1 v0.1.0 [..."
ERROR[10-06|01:41:14.537] Snapshot extension registration failed   peer=2850cddf err="peer connected on snap without compatible eth support"
INFO [10-06|01:41:14.854] Imported new block headers               count=1  elapsed=9.737ms   number=13,362,509 hash=745c24..d251df
INFO [10-06|01:41:15.138] State heal in progress                   accounts=6930@411.32KiB slots=18700@1.40MiB   codes=12400@105.30MiB nodes=293,654,711@86.04GiB pending=102,674
ERROR[10-06|01:41:23.321] Snapshot extension registration failed   peer=153f3a49 err="peer connected on snap without compatible eth support"
INFO [10-06|01:41:24.814] State heal in progress                   accounts=6940@412.11KiB slots=19129@1.43MiB   codes=12400@105.30MiB nodes=293,655,801@86.04GiB pending=102,684
INFO [10-06|01:41:33.022] Imported new block headers               count=1  elapsed=5.860ms   number=13,362,510 hash=f19b3a..a7b5e5
INFO [10-06|01:41:33.156] State heal in progress                   accounts=6940@412.11KiB slots=19414@1.45MiB   codes=12400@105.30MiB nodes=293,656,566@86.04GiB pending=102,680
INFO [10-06|01:41:36.049] Imported new block headers               count=2  elapsed=6.535ms   number=13,362,512 hash=7c2cd5..b3ac0b
INFO [10-06|01:41:38.073] Downloader queue stats                   receiptTasks=0  blockTasks=0  itemSize=235.34KiB throttle=1114
INFO [10-06|01:41:42.247] State heal in progress                   accounts=6947@412.60KiB slots=19656@1.47MiB   codes=12400@105.30MiB nodes=293,657,354@86.04GiB pending=102,798
INFO [10-06|01:41:50.512] State heal in progress                   accounts=6952@412.88KiB slots=20028@1.50MiB   codes=12400@105.30MiB nodes=293,658,294@86.04GiB pending=102,724
ERROR[10-06|01:41:51.574] Snapshot extension registration failed   peer=b717961b err="peer connected on snap without compatible eth support"
INFO [10-06|01:41:59.069] State heal in progress                   accounts=6959@413.30KiB slots=20834@1.56MiB   codes=12400@105.30MiB nodes=293,659,905@86.04GiB pending=101,896
ERROR[10-06|01:42:01.533] Snapshot extension registration failed   peer=71cad460 err="peer connected on snap without compatible eth support"
INFO [10-06|01:42:07.745] State heal in progress                   accounts=6960@413.40KiB slots=21329@1.60MiB   codes=12400@105.30MiB nodes=293,661,115@86.04GiB pending=101,765
INFO [10-06|01:42:16.327] State heal in progress                   accounts=6966@413.66KiB slots=21977@1.65MiB   codes=12400@105.30MiB nodes=293,662,459@86.04GiB pending=100,931
INFO [10-06|01:42:19.307] Imported new block headers               count=2  elapsed=7.439ms   number=13,362,514 hash=3621ee..0fd98a
INFO [10-06|01:42:25.075] State heal in progress                   accounts=6975@414.45KiB slots=22736@1.70MiB   codes=12400@105.30MiB nodes=293,663,977@86.04GiB pending=100,214
INFO [10-06|01:42:33.332] State heal in progress                   accounts=6976@414.49KiB slots=23557@1.77MiB   codes=12400@105.30MiB nodes=293,665,635@86.04GiB pending=99257
INFO [10-06|01:42:34.382] Imported new block headers               count=1  elapsed=6.725ms   number=13,362,515 hash=cdf503..da2f3b age=1m
INFO [10-06|01:42:41.348] State heal in progress                   accounts=6980@414.78KiB slots=24344@1.83MiB   codes=12400@105.30MiB nodes=293,667,295@86.04GiB pending=98411
INFO [10-06|01:42:50.137] State heal in progress                   accounts=6987@415.43KiB slots=25039@1.88MiB   codes=12400@105.30MiB nodes=293,668,863@86.04GiB pending=97779
INFO [10-06|01:42:55.503] Imported new block headers               count=1  elapsed=9.135ms   number=13,362,516 hash=e1305e..e3491c
INFO [10-06|01:42:56.129] Downloader queue stats                   receiptTasks=0  blockTasks=0  itemSize=219.77KiB throttle=1193
INFO [10-06|01:42:58.632] State heal in progress                   accounts=6987@415.43KiB slots=25788@1.93MiB   codes=12400@105.30MiB nodes=293,670,389@86.04GiB pending=96836
INFO [10-06|01:43:01.278] Imported new block headers               count=2  elapsed=10.279ms  number=13,362,518 hash=c3f4a2..6c17f4
INFO [10-06|01:43:04.299] Imported new block headers               count=1  elapsed=6.362ms   number=13,362,519 hash=a41f4d..6c94db
INFO [10-06|01:43:07.391] State heal in progress                   accounts=6991@415.71KiB slots=26489@1.99MiB   codes=12400@105.30MiB nodes=293,671,968@86.04GiB pending=96234
INFO [10-06|01:43:15.739] State heal in progress                   accounts=6991@415.71KiB slots=27028@2.03MiB   codes=12400@105.30MiB nodes=293,673,244@86.04GiB pending=97051
INFO [10-06|01:43:24.592] State heal in progress                   accounts=6995@415.95KiB slots=27567@2.07MiB   codes=12400@105.30MiB nodes=293,674,525@86.04GiB pending=97784
INFO [10-06|01:43:32.988] State heal in progress                   accounts=7002@416.46KiB slots=28177@2.11MiB   codes=12400@105.30MiB nodes=293,675,968@86.04GiB pending=97168
INFO [10-06|01:43:40.473] Imported new block headers               count=1  elapsed=7.253ms   number=13,362,520 hash=9a8a76..fdd926
WARN [10-06|01:43:41.158] Pivot became stale, moving               old=13,362,394 new=13,362,458
INFO [10-06|01:43:41.363] Imported new block receipts              count=64 elapsed=203.069ms number=13,362,457 hash=9805ca..c7ec31 age=14m44s   size=8.58MiB
INFO [10-06|01:43:42.886] State heal in progress                   accounts=7002@416.46KiB slots=28541@2.14MiB   codes=12400@105.30MiB nodes=293,676,922@86.04GiB pending=97273
INFO [10-06|01:43:42.893] State heal in progress                   accounts=7002@416.46KiB slots=28541@2.14MiB   codes=12400@105.30MiB nodes=293,676,922@86.04GiB pending=97273
WARN [10-06|01:43:42.893] Unexpected trienode heal packet          peer=3dd7d0b4 reqid=4,989,784,355,800,200,260
WARN [10-06|01:43:42.918] Unexpected trienode heal packet          peer=b763c79e reqid=1,511,423,422,127,248,410
WARN [10-06|01:43:42.973] Unexpected trienode heal packet          peer=9300ae06 reqid=3,962,499,703,736,696,291
WARN [10-06|01:43:43.051] Unexpected trienode heal packet          peer=c6acfab3 reqid=6,441,004,518,803,140,831
WARN [10-06|01:43:43.056] Unexpected trienode heal packet          peer=bcf334f0 reqid=2,515,590,115,419,626,490
WARN [10-06|01:43:43.122] Unexpected trienode heal packet          peer=39701a7a reqid=2,637,544,162,123,109,107
WARN [10-06|01:43:43.431] Unexpected trienode heal packet          peer=db3e46f7 reqid=7,709,470,273,439,051,886
INFO [10-06|01:43:46.517] Imported new block headers               count=1  elapsed=6.256ms   number=13,362,521 hash=88be61..f97e47
INFO [10-06|01:43:52.001] State heal in progress                   accounts=7002@416.46KiB slots=28541@2.14MiB   codes=12400@105.30MiB nodes=293,679,108@86.04GiB pending=30004
INFO [10-06|01:44:04.749] State heal in progress                   accounts=7002@416.46KiB slots=28541@2.14MiB   codes=12400@105.30MiB nodes=293,681,977@86.04GiB pending=63090