INFO [10-06|03:29:38.122] Looking for peers                        peercount=13 tried=2 static=0
INFO [10-06|03:29:44.052] State heal in progress                   accounts=2082@143.78KiB slots=5861@462.37KiB codes=12406@105.33MiB nodes=294,129,479@86.20GiB pending=92112
INFO [10-06|03:29:46.195] Imported new block headers               count=1    elapsed=5.704ms     number=13,363,028 hash=6c976f..38aa59 age=1m4s
INFO [10-06|03:29:48.122] Looking for peers                        peercount=14 tried=5 static=0
INFO [10-06|03:29:52.097] State heal in progress                   accounts=2083@143.83KiB slots=6210@490.11KiB codes=12406@105.33MiB nodes=294,130,325@86.20GiB pending=91915
INFO [10-06|03:29:58.126] Looking for peers                        peercount=14 tried=3 static=0
WARN [10-06|03:30:00.423] Dropping unsynced node during sync       id=7dd45cc77c69c4f2 conn=inbound addr=144.76.0.7:59744     type=OpenEthereum/v3.3.0-...
INFO [10-06|03:30:01.099] State heal in progress                   accounts=2086@144.02KiB slots=6419@506.81KiB codes=12406@105.33MiB nodes=294,131,049@86.20GiB pending=91982
INFO [10-06|03:30:01.267] Imported new block headers               count=1    elapsed=5.738ms     number=13,363,029 hash=0c998b..b591a6
INFO [10-06|03:30:08.127] Looking for peers                        peercount=15 tried=4 static=0
INFO [10-06|03:30:10.053] State heal in progress                   accounts=2088@144.17KiB slots=6708@530.13KiB codes=12406@105.33MiB nodes=294,131,899@86.20GiB pending=91968
ERROR[10-06|03:30:10.754] Snapshot extension registration failed   peer=20dcc090 err="peer connected on snap without compatible eth support"
WARN [10-06|03:30:13.065] Unexpected trienode heal packet          peer=4f4e7745 reqid=4,089,653,038,725,024,470
ERROR[10-06|03:30:15.812] Snapshot extension registration failed   peer=1d4ddff1 err="peer connected on snap without compatible eth support"
INFO [10-06|03:30:18.128] Looking for peers                        peercount=15 tried=4 static=0
INFO [10-06|03:30:18.333] State heal in progress                   accounts=2089@144.21KiB slots=7127@563.29KiB codes=12406@105.33MiB nodes=294,132,882@86.20GiB pending=91766
INFO [10-06|03:30:19.357] Imported new block headers               count=1    elapsed=6.255ms     number=13,363,030 hash=d30a74..49b2c2
INFO [10-06|03:30:20.097] Downloader queue stats                   receiptTasks=0    blockTasks=0    itemSize=284.60KiB throttle=922
ERROR[10-06|03:30:24.949] Snapshot extension registration failed   peer=9bd3dcce err="peer connected on snap without compatible eth support"
INFO [10-06|03:30:27.227] State heal in progress                   accounts=2089@144.21KiB slots=7633@604.06KiB codes=12406@105.33MiB nodes=294,133,979@86.20GiB pending=91393
INFO [10-06|03:30:28.130] Looking for peers                        peercount=16 tried=3 static=0
WARN [10-06|03:30:28.874] Unexpected trienode heal packet          peer=4f4e7745 reqid=8,642,012,662,763,744,678
INFO [10-06|03:30:31.420] Imported new block headers               count=1    elapsed=9.884ms     number=13,363,031 hash=972b0b..72912f
INFO [10-06|03:30:35.952] State heal in progress                   accounts=2090@144.25KiB slots=8056@637.68KiB codes=12406@105.33MiB nodes=294,134,957@86.20GiB pending=91267
INFO [10-06|03:30:38.131] Looking for peers                        peercount=18 tried=3 static=0
INFO [10-06|03:30:40.464] Imported new block headers               count=1    elapsed=6.669ms     number=13,363,032 hash=4bd12c..2e7fa0
INFO [10-06|03:30:45.532] State heal in progress                   accounts=2090@144.25KiB slots=8444@668.78KiB codes=12406@105.33MiB nodes=294,135,924@86.20GiB pending=91067
ERROR[10-06|03:30:46.458] Snapshot extension registration failed   peer=3af25a30 err="peer connected on snap without compatible eth support"
INFO [10-06|03:30:48.132] Looking for peers                        peercount=18 tried=3 static=0
WARN [10-06|03:30:50.396] Unexpected trienode heal packet          peer=4f4e7745 reqid=1,466,230,974,737,537,408
INFO [10-06|03:30:54.016] State heal in progress                   accounts=2093@144.44KiB slots=8881@703.92KiB codes=12406@105.33MiB nodes=294,136,885@86.20GiB pending=90720
WARN [10-06|03:30:55.494] Dropping unsynced node during sync       id=1411502d71e1dbc2 conn=inbound addr=185.24.122.38:36508  type=OpenEthereum/v3.3.0-...
INFO [10-06|03:30:58.132] Looking for peers                        peercount=17 tried=4 static=0
ERROR[10-06|03:30:58.639] Snapshot extension registration failed   peer=20dcc090 err="peer connected on snap without compatible eth support"
ERROR[10-06|03:31:01.861] Snapshot extension registration failed   peer=f80b417d err="peer connected on snap without compatible eth support"
INFO [10-06|03:31:02.704] State heal in progress                   accounts=2093@144.44KiB slots=9406@745.91KiB codes=12406@105.33MiB nodes=294,137,971@86.20GiB pending=90117
INFO [10-06|03:31:08.135] Looking for peers                        peercount=18 tried=1 static=0
INFO [10-06|03:31:10.797] State heal in progress                   accounts=2095@144.58KiB slots=9924@787.23KiB codes=12406@105.33MiB nodes=294,139,072@86.21GiB pending=89665
INFO [10-06|03:31:13.613] Imported new block headers               count=1    elapsed=6.716ms     number=13,363,033 hash=13a30d..8149a6
INFO [10-06|03:31:18.194] Looking for peers                        peercount=19 tried=5 static=0
INFO [10-06|03:31:19.249] State heal in progress                   accounts=2095@144.58KiB slots=10435@828.42KiB codes=12406@105.33MiB nodes=294,140,170@86.21GiB pending=89202
INFO [10-06|03:31:25.672] Imported new block headers               count=1    elapsed=6.557ms     number=13,363,034 hash=fbe4fd..de337f
ERROR[10-06|03:31:26.178] Snapshot extension registration failed   peer=b52c702e err="peer connected on snap without compatible eth support"
WARN [10-06|03:31:26.264] Unexpected trienode heal packet          peer=4f4e7745 reqid=6,310,825,633,256,993,044
INFO [10-06|03:31:27.140] Downloader queue stats                   receiptTasks=0    blockTasks=0    itemSize=263.50KiB throttle=995
INFO [10-06|03:31:27.526] State heal in progress                   accounts=2095@144.58KiB slots=11070@879.72KiB codes=12406@105.33MiB nodes=294,141,394@86.21GiB pending=88344
INFO [10-06|03:31:28.288] Looking for peers                        peercount=18 tried=3 static=0
INFO [10-06|03:31:32.032] Imported new block headers               count=1    elapsed=7.705ms     number=13,363,035 hash=21b07e..5382fc
INFO [10-06|03:31:35.606] State heal in progress                   accounts=2095@144.58KiB slots=11506@914.74KiB codes=12406@105.33MiB nodes=294,142,402@86.21GiB pending=88051
INFO [10-06|03:31:38.519] Looking for peers                        peercount=18 tried=2 static=0
WARN [10-06|03:31:38.870] Unexpected trienode heal packet          peer=4f4e7745 reqid=1,283,243,174,683,350,091
INFO [10-06|03:31:44.265] State heal in progress                   accounts=2095@144.58KiB slots=11911@947.27KiB codes=12406@105.33MiB nodes=294,143,405@86.21GiB pending=87759
INFO [10-06|03:31:47.104] Imported new block headers               count=1    elapsed=6.341ms     number=13,363,036 hash=da1d29..bfb729
WARN [10-06|03:31:49.821] Unexpected trienode heal packet          peer=4f4e7745 reqid=3,989,759,437,589,523,793
ERROR[10-06|03:31:50.188] Snapshot extension registration failed   peer=db10c423 err="peer connected on snap without compatible eth support"
INFO [10-06|03:31:52.818] State heal in progress                   accounts=2095@144.58KiB slots=12424@988.35KiB codes=12406@105.33MiB nodes=294,144,525@86.21GiB pending=87258
INFO [10-06|03:31:53.139] Imported new block headers               count=1    elapsed=6.391ms     number=13,363,037 hash=fe10af..9cf519
INFO [10-06|03:32:01.882] State heal in progress                   accounts=2095@144.58KiB slots=13003@1.01MiB   codes=12406@105.33MiB nodes=294,145,821@86.21GiB pending=87659
INFO [10-06|03:32:09.917] State heal in progress                   accounts=2095@144.58KiB slots=13360@1.04MiB   codes=12406@105.33MiB nodes=294,146,689@86.21GiB pending=87726
INFO [10-06|03:32:11.222] Imported new block headers               count=1    elapsed=6.526ms     number=13,363,038 hash=48542c..3f5ab4
INFO [10-06|03:32:18.563] State heal in progress                   accounts=2095@144.58KiB slots=13697@1.06MiB   codes=12406@105.33MiB nodes=294,147,562@86.21GiB pending=87860
ERROR[10-06|03:32:19.574] Snapshot extension registration failed   peer=45950479 err="peer connected on snap without compatible eth support"
WARN [10-06|03:32:24.725] Unexpected trienode heal packet          peer=4f4e7745 reqid=1,295,322,904,084,280,199
INFO [10-06|03:32:27.222] State heal in progress                   accounts=2095@144.58KiB slots=14122@1.10MiB   codes=12406@105.33MiB nodes=294,148,543@86.21GiB pending=87614
INFO [10-06|03:32:32.317] Imported new block headers               count=2    elapsed=6.608ms     number=13,363,040 hash=7ad889..887e51
WARN [10-06|03:32:35.089] Unexpected trienode heal packet          peer=4f4e7745 reqid=1,760,690,901,905,184,101
INFO [10-06|03:32:35.340] Imported new block headers               count=1    elapsed=5.570ms     number=13,363,041 hash=dde34d..64a3dd
INFO [10-06|03:32:36.173] State heal in progress                   accounts=2095@144.58KiB slots=14528@1.13MiB   codes=12406@105.33MiB nodes=294,149,529@86.21GiB pending=87303
INFO [10-06|03:32:39.187] Downloader queue stats                   receiptTasks=0    blockTasks=0    itemSize=262.75KiB throttle=998
ERROR[10-06|03:32:43.682] Snapshot extension registration failed   peer=20dcc090 err="peer connected on snap without compatible eth support"
WARN [10-06|03:32:43.904] Unexpected trienode heal packet          peer=4f4e7745 reqid=81,546,008,663,180,774
INFO [10-06|03:32:45.051] State heal in progress                   accounts=2095@144.58KiB slots=14941@1.16MiB   codes=12406@105.33MiB nodes=294,150,511@86.21GiB pending=87133
INFO [10-06|03:32:53.713] State heal in progress                   accounts=2095@144.58KiB slots=15285@1.19MiB   codes=12406@105.33MiB nodes=294,151,354@86.21GiB pending=86987
INFO [10-06|03:33:02.122] State heal in progress                   accounts=2095@144.58KiB slots=15610@1.21MiB   codes=12406@105.33MiB nodes=294,152,190@86.21GiB pending=86895
INFO [10-06|03:33:11.248] State heal in progress                   accounts=2095@144.58KiB slots=16024@1.25MiB   codes=12406@105.33MiB nodes=294,153,157@86.21GiB pending=86691
INFO [10-06|03:33:19.861] State heal in progress                   accounts=2095@144.58KiB slots=16370@1.27MiB   codes=12406@105.33MiB nodes=294,153,993@86.21GiB pending=86573
INFO [10-06|03:33:28.780] State heal in progress                   accounts=2095@144.58KiB slots=16689@1.30MiB   codes=12406@105.33MiB nodes=294,154,842@86.21GiB pending=86636
WARN [10-06|03:33:33.806] Dropping unsynced node during sync       id=82f34247d13bdf86 conn=inbound addr=172.89.63.239:53146  type=Geth/v1.10.8-stable-...
INFO [10-06|03:33:37.933] State heal in progress                   accounts=2095@144.58KiB slots=16756@1.30MiB   codes=12406@105.33MiB nodes=294,155,335@86.21GiB pending=88955
INFO [10-06|03:33:39.519] Imported new block headers               count=1    elapsed=12.190ms    number=13,363,042 hash=86c8b4..7814ae age=1m10s
INFO [10-06|03:33:46.234] Downloader queue stats                   receiptTasks=0    blockTasks=0    itemSize=243.59KiB throttle=1077
INFO [10-06|03:33:46.683] State heal in progress                   accounts=2095@144.58KiB slots=16840@1.31MiB   codes=12406@105.33MiB nodes=294,156,044@86.21GiB pending=93381
INFO [10-06|03:33:58.271] State heal in progress                   accounts=2095@144.58KiB slots=16971@1.32MiB   codes=12406@105.33MiB nodes=294,156,735@86.21GiB pending=95026
INFO [10-06|03:34:00.614] Imported new block headers               count=1    elapsed=7.245ms     number=13,363,043 hash=5eb4e6..b5cf11 age=1m30s
ERROR[10-06|03:34:01.451] Snapshot extension registration failed   peer=18c77bfe err="peer connected on snap without compatible eth support"
INFO [10-06|03:34:03.636] Imported new block headers               count=1    elapsed=6.169ms     number=13,363,044 hash=519fce..a31568 age=1m30s
INFO [10-06|03:34:06.417] State heal in progress                   accounts=2095@144.58KiB slots=17073@1.33MiB   codes=12406@105.33MiB nodes=294,157,353@86.21GiB pending=97746
INFO [10-06|03:34:14.801] State heal in progress                   accounts=2095@144.58KiB slots=17176@1.34MiB   codes=12406@105.33MiB nodes=294,157,880@86.21GiB pending=98655
INFO [10-06|03:34:18.706] Imported new block headers               count=2    elapsed=6.283ms     number=13,363,046 hash=19acc5..b45b93
INFO [10-06|03:34:23.434] State heal in progress                   accounts=2095@144.58KiB slots=17374@1.35MiB   codes=12406@105.33MiB nodes=294,158,581@86.21GiB pending=99515
INFO [10-06|03:34:27.763] Imported new block headers               count=1    elapsed=6.424ms     number=13,363,047 hash=b62bc4..debe36
INFO [10-06|03:34:32.017] State heal in progress                   accounts=2095@144.58KiB slots=17497@1.36MiB   codes=12406@105.33MiB nodes=294,159,182@86.21GiB pending=100,650
INFO [10-06|03:34:33.798] Imported new block headers               count=1    elapsed=6.759ms     number=13,363,048 hash=e2b769..646b1f
ERROR[10-06|03:34:34.859] Snapshot extension registration failed   peer=ab3f6bca err="peer connected on snap without compatible eth support"
WARN [10-06|03:34:38.893] Dropping unsynced node during sync       id=730d30ca778f55e8 conn=inbound addr=74.57.133.159:57042  type=Geth/v1.10.10-unstab...
INFO [10-06|03:34:39.684] Looking for peers                        peercount=20 tried=3 static=0
INFO [10-06|03:34:39.835] Imported new block headers               count=1    elapsed=8.686ms     number=13,363,049 hash=d6bfa5..0693e0
INFO [10-06|03:34:40.126] State heal in progress                   accounts=2095@144.58KiB slots=17633@1.37MiB   codes=12406@105.33MiB nodes=294,159,756@86.21GiB pending=101,456
ERROR[10-06|03:34:42.214] Snapshot extension registration failed   peer=3e412007 err="peer connected on snap without compatible eth support"
WARN [10-06|03:34:43.271] Pivot became stale, moving               old=13,362,923 new=13,362,987
INFO [10-06|03:34:43.531] Imported new block receipts              count=64   elapsed=259.524ms   number=13,362,986 hash=08632a..0de2ad age=15m27s   size=9.41MiB
INFO [10-06|03:34:45.121] State heal in progress                   accounts=2095@144.58KiB slots=17876@1.39MiB   codes=12406@105.33MiB nodes=294,160,324@86.21GiB pending=101,776
INFO [10-06|03:34:49.685] Looking for peers                        peercount=19 tried=3 static=0
INFO [10-06|03:34:51.892] Imported new block headers               count=1    elapsed=6.957ms     number=13,363,050 hash=2a4c66..6a4958
INFO [10-06|03:34:54.915] Imported new block headers               count=1    elapsed=6.471ms     number=13,363,051 hash=c39833..5ada59
INFO [10-06|03:34:55.542] State heal in progress                   accounts=2095@144.58KiB slots=17876@1.39MiB   codes=12406@105.33MiB nodes=294,162,607@86.21GiB pending=29934
INFO [10-06|03:34:57.144] Downloader queue stats                   receiptTasks=0    blockTasks=0    itemSize=236.97KiB throttle=1107
INFO [10-06|03:34:59.686] Looking for peers                        peercount=18 tried=2 static=0
INFO [10-06|03:35:05.564] State heal in progress                   accounts=2095@144.58KiB slots=17876@1.39MiB   codes=12406@105.33MiB nodes=294,163,466@86.21GiB pending=33499
INFO [10-06|03:35:09.687] Looking for peers                        peercount=18 tried=3 static=0