INFO [10-06|03:44:41.311] Imported new block headers               count=1    elapsed=6.251ms     number=13,363,104 hash=887962..e4d045
INFO [10-06|03:44:41.840] Looking for peers                        peercount=20 tried=3 static=0
INFO [10-06|03:44:47.526] State heal in progress                   accounts=6290@379.11KiB slots=20549@1.59MiB   codes=12407@105.34MiB nodes=294,205,933@86.22GiB pending=99654
INFO [10-06|03:44:53.370] Imported new block headers               count=1    elapsed=5.587ms     number=13,363,105 hash=939378..054115
ERROR[10-06|03:44:54.210] Snapshot extension registration failed   peer=60dc7da9 err="peer connected on snap without compatible eth support"
INFO [10-06|03:44:55.912] State heal in progress                   accounts=6320@381.00KiB slots=20754@1.61MiB   codes=12407@105.34MiB nodes=294,206,735@86.22GiB pending=100,069
INFO [10-06|03:44:59.549] Downloader queue stats                   receiptTasks=0    blockTasks=0    itemSize=246.10KiB throttle=1066
INFO [10-06|03:45:02.423] Imported new block headers               count=2    elapsed=11.589ms    number=13,363,107 hash=45f6d5..301fd5
INFO [10-06|03:45:04.075] State heal in progress                   accounts=6369@383.96KiB slots=21048@1.63MiB   codes=12407@105.34MiB nodes=294,207,712@86.22GiB pending=100,317
ERROR[10-06|03:45:06.388] Snapshot extension registration failed   peer=20dcc090 err="peer connected on snap without compatible eth support"
INFO [10-06|03:45:12.142] Imported new block headers               count=2    elapsed=9.728ms     number=13,363,109 hash=81ff34..46434b
INFO [10-06|03:45:13.903] State heal in progress                   accounts=6418@386.77KiB slots=21308@1.65MiB   codes=12407@105.34MiB nodes=294,208,694@86.22GiB pending=100,661
INFO [10-06|03:45:18.173] Imported new block headers               count=1    elapsed=6.253ms     number=13,363,110 hash=a6513a..a1b266
INFO [10-06|03:45:22.445] State heal in progress                   accounts=6450@388.46KiB slots=21750@1.68MiB   codes=12407@105.34MiB nodes=294,209,780@86.22GiB pending=100,311
INFO [10-06|03:45:31.594] State heal in progress                   accounts=6467@389.43KiB slots=22198@1.71MiB   codes=12407@105.34MiB nodes=294,210,917@86.22GiB pending=100,218
ERROR[10-06|03:45:35.911] Snapshot extension registration failed   peer=cc8018e3 err="peer connected on snap without compatible eth support"
INFO [10-06|03:45:40.014] State heal in progress                   accounts=6539@393.75KiB slots=22485@1.73MiB   codes=12407@105.34MiB nodes=294,211,881@86.23GiB pending=100,246
INFO [10-06|03:45:48.964] State heal in progress                   accounts=6564@395.22KiB slots=22867@1.76MiB   codes=12407@105.34MiB nodes=294,212,995@86.23GiB pending=100,078
INFO [10-06|03:45:57.661] State heal in progress                   accounts=6598@396.95KiB slots=23265@1.79MiB   codes=12407@105.34MiB nodes=294,214,132@86.23GiB pending=100,043
INFO [10-06|03:46:06.383] Imported new block headers               count=1    elapsed=11.596ms    number=13,363,111 hash=c2f52f..341b35
INFO [10-06|03:46:07.184] State heal in progress                   accounts=6610@397.60KiB slots=23691@1.82MiB   codes=12407@105.34MiB nodes=294,215,263@86.23GiB pending=100,074
INFO [10-06|03:46:11.597] Downloader queue stats                   receiptTasks=0    blockTasks=0    itemSize=206.57KiB throttle=1270
ERROR[10-06|03:46:15.468] Snapshot extension registration failed   peer=3412b2dd err="peer connected on snap without compatible eth support"
INFO [10-06|03:46:16.355] State heal in progress                   accounts=6632@398.68KiB slots=24006@1.85MiB   codes=12407@105.34MiB nodes=294,216,200@86.23GiB pending=100,022
ERROR[10-06|03:46:16.944] Snapshot extension registration failed   peer=2eed2385 err="peer connected on snap without compatible eth support"
INFO [10-06|03:46:19.320] Imported new block headers               count=1    elapsed=7.241ms     number=13,363,112 hash=19266c..e7fc12 age=1m11s
INFO [10-06|03:46:22.347] Imported new block headers               count=1    elapsed=10.152ms    number=13,363,113 hash=8b4943..0d04d3 age=1m8s
WARN [10-06|03:46:22.603] Pivot became stale, moving               old=13,362,987 new=13,363,051
INFO [10-06|03:46:22.949] Imported new block receipts              count=64   elapsed=342.371ms   number=13,363,050 hash=2a4c66..6a4958 age=11m57s   size=8.70MiB
WARN [10-06|03:46:24.517] Dropping unsynced node during sync       id=678517f99d7e1d4c conn=inbound addr=203.221.156.106:54616 type=Geth/v1.10.8-stable-...
INFO [10-06|03:46:24.603] State heal in progress                   accounts=6637@399.01KiB slots=24241@1.86MiB   codes=12407@105.34MiB nodes=294,216,976@86.23GiB pending=100,274
INFO [10-06|03:46:24.604] State heal in progress                   accounts=6637@399.01KiB slots=24241@1.86MiB   codes=12407@105.34MiB nodes=294,216,976@86.23GiB pending=100,274
WARN [10-06|03:46:24.621] Unexpected trienode heal packet          peer=917622d2 reqid=3,955,409,949,599,495,349
INFO [10-06|03:46:25.367] Imported new block headers               count=1    elapsed=7.128ms     number=13,363,114 hash=1324cb..e8e039
INFO [10-06|03:46:28.390] Imported new block headers               count=1    elapsed=7.158ms     number=13,363,115 hash=383f5a..8ef225
WARN [10-06|03:46:28.546] Unexpected trienode heal packet          peer=3a51d156 reqid=475,413,645,719,379,739
ERROR[10-06|03:46:28.732] Snapshot extension registration failed   peer=6268e558 err="peer connected on snap without compatible eth support"
INFO [10-06|03:46:34.455] State heal in progress                   accounts=6637@399.01KiB slots=24241@1.86MiB   codes=12407@105.34MiB nodes=294,219,102@86.23GiB pending=27607
INFO [10-06|03:46:43.444] State heal in progress                   accounts=6637@399.01KiB slots=24241@1.86MiB   codes=12407@105.34MiB nodes=294,220,689@86.23GiB pending=43417
ERROR[10-06|03:46:45.194] Snapshot extension registration failed   peer=394f23e8 err="peer connected on snap without compatible eth support"
INFO [10-06|03:46:53.644] State heal in progress                   accounts=6637@399.01KiB slots=24241@1.86MiB   codes=12407@105.34MiB nodes=294,222,023@86.23GiB pending=45241
INFO [10-06|03:46:55.516] Imported new block headers               count=1    elapsed=11.912ms    number=13,363,116 hash=ca3782..6fc8d7
ERROR[10-06|03:46:55.800] Snapshot extension registration failed   peer=75880f26 err="peer connected on snap without compatible eth support"
INFO [10-06|03:46:58.535] Imported new block headers               count=1    elapsed=7.256ms     number=13,363,117 hash=0a7097..ab6662
INFO [10-06|03:47:01.562] Imported new block headers               count=2    elapsed=10.745ms    number=13,363,119 hash=e7fc2c..0dc440
INFO [10-06|03:47:03.542] State heal in progress                   accounts=6637@399.01KiB slots=24241@1.86MiB   codes=12407@105.34MiB nodes=294,223,370@86.23GiB pending=50998
INFO [10-06|03:47:04.587] Imported new block headers               count=1    elapsed=11.589ms    number=13,363,120 hash=7d7b7c..8285fe
INFO [10-06|03:47:07.612] Imported new block headers               count=2    elapsed=11.658ms    number=13,363,122 hash=4a8361..1a8760
ERROR[10-06|03:47:12.860] Snapshot extension registration failed   peer=3e412007 err="peer connected on snap without compatible eth support"
INFO [10-06|03:47:17.022] State heal in progress                   accounts=6637@399.01KiB slots=24241@1.86MiB   codes=12407@105.34MiB nodes=294,224,519@86.23GiB pending=52882
WARN [10-06|03:47:17.023] Unexpected trienode heal packet          peer=b205d444 reqid=7,255,541,932,457,594,753
WARN [10-06|03:47:24.027] Unexpected trienode heal packet          peer=3a51d156 reqid=4,498,901,984,362,248,142
WARN [10-06|03:47:24.915] Unexpected trienode heal packet          peer=bcaabf75 reqid=3,110,363,982,362,187,276
INFO [10-06|03:47:25.196] State heal in progress                   accounts=6637@399.01KiB slots=24241@1.86MiB   codes=12407@105.34MiB nodes=294,225,089@86.23GiB pending=53843
WARN [10-06|03:47:25.205] Unexpected trienode heal packet          peer=917622d2 reqid=6,381,452,817,564,670,636
INFO [10-06|03:47:28.713] Imported new block headers               count=2    elapsed=11.693ms    number=13,363,124 hash=ca59b6..7713bf
INFO [10-06|03:47:29.676] Downloader queue stats                   receiptTasks=0    blockTasks=0    itemSize=205.93KiB throttle=1273
INFO [10-06|03:47:38.431] State heal in progress                   accounts=6637@399.01KiB slots=24241@1.86MiB   codes=12407@105.34MiB nodes=294,226,209@86.23GiB pending=57217
ERROR[10-06|03:47:38.550] Snapshot extension registration failed   peer=aec4562e err="peer connected on snap without compatible eth support"
ERROR[10-06|03:47:42.844] Snapshot extension registration failed   peer=70d956b8 err="peer connected on snap without compatible eth support"
INFO [10-06|03:47:49.807] Imported new block headers               count=1    elapsed=7.403ms     number=13,363,125 hash=bee9db..039d60
INFO [10-06|03:47:52.247] State heal in progress                   accounts=6637@399.01KiB slots=24241@1.86MiB   codes=12407@105.34MiB nodes=294,227,113@86.23GiB pending=58594
INFO [10-06|03:48:00.603] State heal in progress                   accounts=6638@399.06KiB slots=24241@1.86MiB   codes=12407@105.34MiB nodes=294,227,657@86.23GiB pending=59500
ERROR[10-06|03:48:05.904] Snapshot extension registration failed   peer=35caeca0 err="peer connected on snap without compatible eth support"
INFO [10-06|03:48:11.039] State heal in progress                   accounts=6645@399.55KiB slots=24241@1.86MiB   codes=12407@105.34MiB nodes=294,228,404@86.23GiB pending=60329
INFO [10-06|03:48:19.939] Imported new block headers               count=1    elapsed=7.045ms     number=13,363,126 hash=a5d41d..793915
INFO [10-06|03:48:22.346] State heal in progress                   accounts=6697@402.54KiB slots=24241@1.86MiB   codes=12407@105.34MiB nodes=294,229,292@86.23GiB pending=61352
INFO [10-06|03:48:30.714] State heal in progress                   accounts=6801@408.66KiB slots=24241@1.86MiB   codes=12407@105.34MiB nodes=294,230,156@86.23GiB pending=62192
INFO [10-06|03:48:33.785] Imported new block headers               count=1    elapsed=7.452ms     number=13,363,127 hash=6d7561..da73fa age=1m7s
INFO [10-06|03:48:34.732] Downloader queue stats                   receiptTasks=0    blockTasks=0    itemSize=255.03KiB throttle=1028
INFO [10-06|03:48:41.541] State heal in progress                   accounts=6836@410.89KiB slots=24241@1.86MiB   codes=12407@105.34MiB nodes=294,230,879@86.23GiB pending=62887
ERROR[10-06|03:48:48.953] Snapshot extension registration failed   peer=79ce5bee err="peer connected on snap without compatible eth support"
INFO [10-06|03:48:50.462] State heal in progress                   accounts=6856@412.42KiB slots=24241@1.86MiB   codes=12407@105.34MiB nodes=294,231,432@86.23GiB pending=63427
ERROR[10-06|03:48:51.632] Snapshot extension registration failed   peer=18c77bfe err="peer connected on snap without compatible eth support"
INFO [10-06|03:48:59.237] State heal in progress                   accounts=6929@417.14KiB slots=24241@1.86MiB   codes=12407@105.34MiB nodes=294,232,119@86.23GiB pending=63953
WARN [10-06|03:48:59.572] Unexpected trienode heal packet          peer=3a51d156 reqid=4,145,293,738,271,847,860
WARN [10-06|03:48:59.589] Unexpected trienode heal packet          peer=b205d444 reqid=9,092,507,015,617,190,187
ERROR[10-06|03:49:04.222] Snapshot extension registration failed   peer=1d4ddff1 err="peer connected on snap without compatible eth support"
INFO [10-06|03:49:09.386] State heal in progress                   accounts=7023@423.36KiB slots=24241@1.86MiB   codes=12407@105.34MiB nodes=294,232,882@86.23GiB pending=64493
ERROR[10-06|03:49:13.212] Snapshot extension registration failed   peer=86628972 err="peer connected on snap without compatible eth support"
INFO [10-06|03:49:16.019] Imported new block headers               count=1    elapsed=12.057ms    number=13,363,128 hash=6e38ad..e4f7e3 age=1m31s
INFO [10-06|03:49:19.153] State heal in progress                   accounts=7028@423.69KiB slots=24241@1.86MiB   codes=12407@105.34MiB nodes=294,233,421@86.23GiB pending=65075
ERROR[10-06|03:49:24.266] Snapshot extension registration failed   peer=40708135 err="peer connected on snap without compatible eth support"
ERROR[10-06|03:49:25.893] Snapshot extension registration failed   peer=3fa903d3 err="peer connected on snap without compatible eth support"
INFO [10-06|03:49:29.897] State heal in progress                   accounts=7059@425.48KiB slots=24241@1.86MiB   codes=12407@105.34MiB nodes=294,234,139@86.23GiB pending=65819
WARN [10-06|03:49:29.900] Unexpected trienode heal packet          peer=917622d2 reqid=3,907,964,936,816,160,134
ERROR[10-06|03:49:32.563] Snapshot extension registration failed   peer=79ce5bee err="peer connected on snap without compatible eth support"
INFO [10-06|03:49:34.100] Imported new block headers               count=1    elapsed=8.901ms     number=13,363,129 hash=82e532..6f64ee age=1m19s
INFO [10-06|03:49:34.774] Downloader queue stats                   receiptTasks=0    blockTasks=0    itemSize=283.75KiB throttle=924
ERROR[10-06|03:49:43.553] Snapshot extension registration failed   peer=f80b417d err="peer connected on snap without compatible eth support"
INFO [10-06|03:49:43.904] State heal in progress                   accounts=7121@429.31KiB slots=24241@1.86MiB   codes=12407@105.34MiB nodes=294,234,983@86.23GiB pending=66584
INFO [10-06|03:49:54.114] State heal in progress                   accounts=7250@437.31KiB slots=24241@1.86MiB   codes=12407@105.34MiB nodes=294,235,867@86.23GiB pending=67220
ERROR[10-06|03:49:55.980] Snapshot extension registration failed   peer=18c77bfe err="peer connected on snap without compatible eth support"
ERROR[10-06|03:49:56.173] Snapshot extension registration failed   peer=2e94dc38 err="peer connected on snap without compatible eth support"
ERROR[10-06|03:49:57.006] Snapshot extension registration failed   peer=85512e24 err="peer connected on snap without compatible eth support"
INFO [10-06|03:50:01.226] Imported new block headers               count=1    elapsed=7.121ms     number=13,363,130 hash=c9a155..d7af7d age=1m31s
INFO [10-06|03:50:04.592] State heal in progress                   accounts=7314@441.41KiB slots=24241@1.86MiB   codes=12407@105.34MiB nodes=294,236,594@86.23GiB pending=67801