INFO [10-06|03:49:34.100] Imported new block headers               count=1    elapsed=8.901ms     number=13,363,129 hash=82e532..6f64ee age=1m19s
INFO [10-06|03:49:34.774] Downloader queue stats                   receiptTasks=0    blockTasks=0    itemSize=283.75KiB throttle=924
ERROR[10-06|03:49:43.553] Snapshot extension registration failed   peer=f80b417d err="peer connected on snap without compatible eth support"
INFO [10-06|03:49:43.904] State heal in progress                   accounts=7121@429.31KiB slots=24241@1.86MiB   codes=12407@105.34MiB nodes=294,234,983@86.23GiB pending=66584
INFO [10-06|03:49:54.114] State heal in progress                   accounts=7250@437.31KiB slots=24241@1.86MiB   codes=12407@105.34MiB nodes=294,235,867@86.23GiB pending=67220
ERROR[10-06|03:49:55.980] Snapshot extension registration failed   peer=18c77bfe err="peer connected on snap without compatible eth support"
ERROR[10-06|03:49:56.173] Snapshot extension registration failed   peer=2e94dc38 err="peer connected on snap without compatible eth support"
ERROR[10-06|03:49:57.006] Snapshot extension registration failed   peer=85512e24 err="peer connected on snap without compatible eth support"
INFO [10-06|03:50:01.226] Imported new block headers               count=1    elapsed=7.121ms     number=13,363,130 hash=c9a155..d7af7d age=1m31s
INFO [10-06|03:50:04.592] State heal in progress                   accounts=7314@441.41KiB slots=24241@1.86MiB   codes=12407@105.34MiB nodes=294,236,594@86.23GiB pending=67801
INFO [10-06|03:50:16.520] State heal in progress                   accounts=7344@443.49KiB slots=24241@1.86MiB   codes=12407@105.34MiB nodes=294,237,283@86.23GiB pending=68532
ERROR[10-06|03:50:18.891] Snapshot extension registration failed   peer=159bab88 err="peer connected on snap without compatible eth support"
INFO [10-06|03:50:25.275] State heal in progress                   accounts=7429@448.58KiB slots=24242@1.86MiB   codes=12407@105.34MiB nodes=294,237,973@86.24GiB pending=70384
ERROR[10-06|03:50:29.008] Snapshot extension registration failed   peer=b181a1da err="peer connected on snap without compatible eth support"
INFO [10-06|03:50:35.841] State heal in progress                   accounts=7633@461.24KiB slots=24242@1.86MiB   codes=12407@105.34MiB nodes=294,239,052@86.24GiB pending=71099
INFO [10-06|03:50:37.382] Imported new block headers               count=1    elapsed=6.361ms     number=13,363,131 hash=855c23..3164b4 age=1m24s
INFO [10-06|03:50:40.841] Downloader queue stats                   receiptTasks=0    blockTasks=0    itemSize=304.55KiB throttle=861
INFO [10-06|03:50:43.479] Imported new block headers               count=1    elapsed=7.036ms     number=13,363,132 hash=f97503..427fc4 age=1m12s
INFO [10-06|03:50:44.138] State heal in progress                   accounts=7751@468.70KiB slots=24242@1.86MiB   codes=12407@105.34MiB nodes=294,239,739@86.24GiB pending=71605
INFO [10-06|03:50:47.489] Imported new block headers               count=1    elapsed=5.604ms     number=13,363,133 hash=c358d1..da25be
INFO [10-06|03:50:52.345] State heal in progress                   accounts=7936@480.25KiB slots=24245@1.86MiB   codes=12407@105.34MiB nodes=294,240,508@86.24GiB pending=71998
ERROR[10-06|03:51:02.006] Snapshot extension registration failed   peer=3fa903d3 err="peer connected on snap without compatible eth support"
INFO [10-06|03:51:03.792] State heal in progress                   accounts=7993@483.93KiB slots=24248@1.86MiB   codes=12407@105.34MiB nodes=294,241,176@86.24GiB pending=72619
WARN [10-06|03:51:03.793] Unexpected trienode heal packet          peer=e32a9155 reqid=1,536,145,397,647,080,640
WARN [10-06|03:51:08.192] Unexpected trienode heal packet          peer=6a417dd7 reqid=3,262,877,435,539,247,525
WARN [10-06|03:51:11.478] Unexpected trienode heal packet          peer=bcaabf75 reqid=6,310,943,038,353,721,854
INFO [10-06|03:51:13.159] State heal in progress                   accounts=8067@488.37KiB slots=24251@1.86MiB   codes=12407@105.34MiB nodes=294,241,762@86.24GiB pending=73191
WARN [10-06|03:51:13.159] Unexpected trienode heal packet          peer=3a51d156 reqid=7,361,834,071,570,611,366
WARN [10-06|03:51:18.822] Unexpected trienode heal packet          peer=69ac5a72 reqid=5,253,422,278,817,436,651
INFO [10-06|03:51:20.632] Imported new block headers               count=1    elapsed=6.225ms     number=13,363,134 hash=8b4e5d..11c0d3
INFO [10-06|03:51:24.079] State heal in progress                   accounts=8128@492.28KiB slots=24252@1.86MiB   codes=12407@105.34MiB nodes=294,242,321@86.24GiB pending=73807
INFO [10-06|03:51:32.164] State heal in progress                   accounts=8151@493.82KiB slots=24252@1.86MiB   codes=12407@105.34MiB nodes=294,242,677@86.24GiB pending=74199
ERROR[10-06|03:51:36.078] Snapshot extension registration failed   peer=20dcc090 err="peer connected on snap without compatible eth support"
ERROR[10-06|03:51:36.774] Snapshot extension registration failed   peer=2ce79434 err="peer connected on snap without compatible eth support"
ERROR[10-06|03:51:41.156] Snapshot extension registration failed   peer=1d4ddff1 err="peer connected on snap without compatible eth support"
INFO [10-06|03:51:41.631] State heal in progress                   accounts=8210@497.67KiB slots=24253@1.86MiB   codes=12407@105.34MiB nodes=294,243,198@86.24GiB pending=74644
INFO [10-06|03:51:51.865] State heal in progress                   accounts=8273@501.68KiB slots=24254@1.86MiB   codes=12407@105.34MiB nodes=294,243,794@86.24GiB pending=75179
INFO [10-06|03:52:01.543] State heal in progress                   accounts=8340@505.51KiB slots=24255@1.86MiB   codes=12407@105.34MiB nodes=294,244,351@86.24GiB pending=75612
INFO [10-06|03:52:12.127] State heal in progress                   accounts=8401@509.22KiB slots=24255@1.86MiB   codes=12407@105.34MiB nodes=294,244,960@86.24GiB pending=76152
INFO [10-06|03:52:12.551] Imported new block headers               count=1    elapsed=9.657ms     number=13,363,135 hash=7885f4..c7e3e0 age=1m32s
INFO [10-06|03:52:12.902] Downloader queue stats                   receiptTasks=0    blockTasks=0    itemSize=287.29KiB throttle=913
ERROR[10-06|03:52:13.026] Snapshot extension registration failed   peer=1fdbbcbd err="peer connected on snap without compatible eth support"
INFO [10-06|03:52:15.786] Imported new block headers               count=1    elapsed=5.799ms     number=13,363,136 hash=566de8..164641 age=1m30s
ERROR[10-06|03:52:17.420] Snapshot extension registration failed   peer=6922ba1a err="peer connected on snap without compatible eth support"
ERROR[10-06|03:52:18.215] Snapshot extension registration failed   peer=f80b417d err="peer connected on snap without compatible eth support"
INFO [10-06|03:52:23.585] State heal in progress                   accounts=8440@511.46KiB slots=24256@1.86MiB   codes=12407@105.34MiB nodes=294,245,514@86.24GiB pending=76734
WARN [10-06|03:52:23.768] Unexpected trienode heal packet          peer=3a51d156 reqid=8,836,438,723,764,027,873
INFO [10-06|03:52:33.772] State heal in progress                   accounts=8487@514.29KiB slots=24258@1.86MiB   codes=12407@105.34MiB nodes=294,246,073@86.24GiB pending=77233
INFO [10-06|03:52:33.870] Imported new block headers               count=2    elapsed=6.847ms     number=13,363,138 hash=05a733..05aaa9
ERROR[10-06|03:52:44.602] Snapshot extension registration failed   peer=1d4ddff1 err="peer connected on snap without compatible eth support"
INFO [10-06|03:52:44.756] State heal in progress                   accounts=8522@516.55KiB slots=24258@1.86MiB   codes=12407@105.34MiB nodes=294,246,594@86.24GiB pending=77767
INFO [10-06|03:52:51.953] Imported new block headers               count=1    elapsed=5.840ms     number=13,363,139 hash=d62003..801885
INFO [10-06|03:52:56.531] State heal in progress                   accounts=8537@517.45KiB slots=24259@1.86MiB   codes=12407@105.34MiB nodes=294,247,035@86.24GiB pending=78216
INFO [10-06|03:53:04.013] Imported new block headers               count=1    elapsed=6.900ms     number=13,363,140 hash=31011b..d2ba58
INFO [10-06|03:53:08.029] State heal in progress                   accounts=8551@518.64KiB slots=24264@1.86MiB   codes=12407@105.34MiB nodes=294,247,495@86.24GiB pending=78743
WARN [10-06|03:53:08.080] Unexpected trienode heal packet          peer=69ac5a72 reqid=6,124,145,534,098,606,254
WARN [10-06|03:53:08.300] Unexpected trienode heal packet          peer=e32a9155 reqid=2,625,593,608,951,859,806
INFO [10-06|03:53:18.739] State heal in progress                   accounts=8586@520.89KiB slots=24273@1.87MiB   codes=12407@105.34MiB nodes=294,248,005@86.24GiB pending=79556
INFO [10-06|03:53:27.825] State heal in progress                   accounts=8600@521.69KiB slots=24290@1.87MiB   codes=12407@105.34MiB nodes=294,248,456@86.24GiB pending=80215
ERROR[10-06|03:53:33.584] Snapshot extension registration failed   peer=7c73a33a err="peer connected on snap without compatible eth support"
INFO [10-06|03:53:36.339] State heal in progress                   accounts=8613@522.42KiB slots=24315@1.87MiB   codes=12407@105.34MiB nodes=294,248,902@86.24GiB pending=80742
INFO [10-06|03:53:40.169] Imported new block headers               count=1    elapsed=6.587ms     number=13,363,141 hash=bb5113..c0231f age=1m8s
INFO [10-06|03:53:40.962] Downloader queue stats                   receiptTasks=0    blockTasks=0    itemSize=287.61KiB throttle=912
INFO [10-06|03:53:43.192] Imported new block headers               count=1    elapsed=6.616ms     number=13,363,142 hash=1f5a44..4d0a6b
INFO [10-06|03:53:45.518] State heal in progress                   accounts=8613@522.42KiB slots=24349@1.87MiB   codes=12407@105.34MiB nodes=294,249,324@86.24GiB pending=81134
INFO [10-06|03:53:46.216] Imported new block headers               count=1    elapsed=6.573ms     number=13,363,143 hash=079576..a5cf43
ERROR[10-06|03:53:52.500] Snapshot extension registration failed   peer=e58115d6 err="peer connected on snap without compatible eth support"
INFO [10-06|03:53:56.393] State heal in progress                   accounts=8632@523.55KiB slots=24383@1.87MiB   codes=12407@105.34MiB nodes=294,249,856@86.24GiB pending=81677
ERROR[10-06|03:54:00.815] Snapshot extension registration failed   peer=b9ce4405 err="peer connected on snap without compatible eth support"
INFO [10-06|03:54:04.465] State heal in progress                   accounts=8646@524.39KiB slots=24447@1.88MiB   codes=12407@105.34MiB nodes=294,250,288@86.24GiB pending=81973
ERROR[10-06|03:54:04.485] Snapshot extension registration failed   peer=f08989ee err="peer connected on snap without compatible eth support"
INFO [10-06|03:54:16.780] State heal in progress                   accounts=8655@525.03KiB slots=24554@1.89MiB   codes=12407@105.34MiB nodes=294,250,975@86.24GiB pending=82516
INFO [10-06|03:54:28.006] State heal in progress                   accounts=8659@525.32KiB slots=24666@1.89MiB   codes=12407@105.34MiB nodes=294,251,633@86.24GiB pending=83002
INFO [10-06|03:54:37.438] Imported new block headers               count=1    elapsed=11.936ms    number=13,363,144 hash=2faae7..e9a9a8
INFO [10-06|03:54:37.968] State heal in progress                   accounts=8704@527.71KiB slots=24825@1.91MiB   codes=12407@105.34MiB nodes=294,252,379@86.24GiB pending=83186
ERROR[10-06|03:54:41.181] Snapshot extension registration failed   peer=3fa903d3 err="peer connected on snap without compatible eth support"
INFO [10-06|03:54:47.699] State heal in progress                   accounts=8706@527.80KiB slots=24995@1.92MiB   codes=12407@105.34MiB nodes=294,253,013@86.24GiB pending=83400
INFO [10-06|03:54:49.491] Imported new block headers               count=1    elapsed=7.421ms     number=13,363,145 hash=c40ab1..128c85 age=1m8s
INFO [10-06|03:54:50.003] Downloader queue stats                   receiptTasks=0    blockTasks=0    itemSize=255.90KiB throttle=1025
INFO [10-06|03:54:58.182] State heal in progress                   accounts=8712@528.23KiB slots=25149@1.93MiB   codes=12407@105.34MiB nodes=294,253,674@86.24GiB pending=83687
INFO [10-06|03:55:01.549] Imported new block headers               count=2    elapsed=7.048ms     number=13,363,147 hash=52d491..7b4a24
INFO [10-06|03:55:04.571] Imported new block headers               count=1    elapsed=6.207ms     number=13,363,148 hash=5e5d9e..90d667
INFO [10-06|03:55:06.994] State heal in progress                   accounts=8715@528.42KiB slots=25347@1.94MiB   codes=12407@105.34MiB nodes=294,254,313@86.24GiB pending=83747
ERROR[10-06|03:55:08.877] Snapshot extension registration failed   peer=6268e558 err="peer connected on snap without compatible eth support"
INFO [10-06|03:55:10.607] Imported new block headers               count=1    elapsed=6.424ms     number=13,363,149 hash=46fcb2..b1451d