2021-10-06 04:55:26 UTC Syncing #13363423 0x48af…e057     0.20 blk/s    8.0 tx/s    1.0 Mgas/s      0+    5 Qed Ancient:#12390304 LI:#13363429   30/50 peers      3 MiB chain    2 MiB queue  RPC:  0 conn,    0 req/s,    0 µs
2021-10-06 04:55:31 UTC Syncing #13363424 0xb2a3…2170     0.20 blk/s   86.4 tx/s    6.0 Mgas/s      0+    4 Qed Ancient:#12390305 LI:#13363429   29/50 peers      3 MiB chain    1 MiB queue  RPC:  0 conn,    0 req/s,    0 µs
2021-10-06 04:55:39 UTC Syncing #13363424 0xb2a3…2170     0.00 blk/s    0.0 tx/s    0.0 Mgas/s      0+    5 Qed Ancient:#12390305 LI:#13363430   30/50 peers      3 MiB chain    2 MiB queue  RPC:  0 conn,    0 req/s,    0 µs
2021-10-06 04:55:45 UTC Syncing #13363425 0x49fa…d5ce     0.21 blk/s  100.2 tx/s    6.5 Mgas/s      0+    4 Qed Ancient:#12390306 LI:#13363430   30/50 peers      3 MiB chain    1 MiB queue  RPC:  0 conn,    0 req/s,    0 µs
2021-10-06 04:55:46 UTC Syncing #13363425 0x49fa…d5ce     0.00 blk/s    0.0 tx/s    0.0 Mgas/s      0+    5 Qed Ancient:#12390306 LI:#13363431   29/50 peers      3 MiB chain    1 MiB queue  RPC:  0 conn,    0 req/s,    0 µs
2021-10-06 04:56:16 UTC  Ancient:#12390576 AB:#12393642   28/50 peers     11 MiB chain  0 bytes queue  RPC:  0 conn,    0 req/s,    0 µs
2021-10-06 04:56:16 UTC Imported #13363433 0x125a…2833 (68 txs, 5.15 Mgas, 1596 ms, 38.29 KiB)
2021-10-06 04:56:54 UTC  Ancient:#12391766 AB:#12393642   27/50 peers      2 MiB chain  0 bytes queue  RPC:  0 conn,    0 req/s,    0 µs
2021-10-06 04:57:50 UTC Syncing #13363433 0x125a…2833     0.00 blk/s    0.0 tx/s    0.0 Mgas/s      0+    7 Qed Ancient:#12391766 LI:#13363442   19/25 peers      2 MiB chain    1 MiB queue  RPC:  0 conn,    0 req/s,    0 µs
2021-10-06 04:58:13 UTC Syncing #13363434 0x08b4…15ad     0.04 blk/s   23.4 tx/s    1.3 Mgas/s      0+   10 Qed Ancient:#12391997 LI:#13363444   16/25 peers      5 MiB chain    2 MiB queue  RPC:  0 conn,    0 req/s,    0 µs
2021-10-06 04:59:26 UTC Syncing #13363434 0x08b4…15ad     0.00 blk/s    0.0 tx/s    0.0 Mgas/s      0+   17 Qed Ancient:#12393746 LI:#13363451    9/25 peers      1 MiB chain    4 MiB queue  RPC:  0 conn,    0 req/s,    0 µs
2021-10-06 04:59:31 UTC Syncing #13363434 0x08b4…15ad     0.00 blk/s    0.0 tx/s    0.0 Mgas/s      0+   17 Qed Ancient:#12393816 LI:#13363451    9/25 peers      4 MiB chain    4 MiB queue  RPC:  0 conn,    0 req/s,    0 µs
2021-10-06 04:59:31 UTC Syncing #13363434 0x08b4…15ad     0.00 blk/s    0.0 tx/s    0.0 Mgas/s      0+   17 Qed Ancient:#12393848 LI:#13363451    9/25 peers      4 MiB chain    4 MiB queue  RPC:  0 conn,    0 req/s,    0 µs
2021-10-06 04:59:31 UTC Syncing #13363434 0x08b4…15ad     0.00 blk/s    0.0 tx/s    0.0 Mgas/s      0+   17 Qed Ancient:#12393821 LI:#13363451    9/25 peers      4 MiB chain    4 MiB queue  RPC:  0 conn,    0 req/s,    0 µs
2021-10-06 04:59:31 UTC Syncing #13363434 0x08b4…15ad     0.00 blk/s    0.0 tx/s    0.0 Mgas/s      0+   17 Qed Ancient:#12393848 LI:#13363451    9/25 peers      4 MiB chain    4 MiB queue  RPC:  0 conn,    0 req/s,    0 µs
2021-10-06 04:59:42 UTC Syncing #13363434 0x08b4…15ad     0.00 blk/s    0.0 tx/s    0.0 Mgas/s      0+   16 Qed Ancient:#12393848 LI:#13363451    9/25 peers      4 MiB chain    3 MiB queue  RPC:  0 conn,    0 req/s,    0 µs
2021-10-06 04:59:42 UTC Syncing #13363434 0x08b4…15ad     0.00 blk/s    0.0 tx/s    0.0 Mgas/s      0+   16 Qed Ancient:#12393848 LI:#13363451    9/25 peers      4 MiB chain    3 MiB queue  RPC:  0 conn,    0 req/s,    0 µs
2021-10-06 04:59:46 UTC Syncing #13363434 0x08b4…15ad     0.00 blk/s    0.0 tx/s    0.0 Mgas/s      0+   18 Qed Ancient:#12393848 LI:#13363452    8/25 peers      4 MiB chain    4 MiB queue  RPC:  0 conn,    0 req/s,    0 µs
2021-10-06 04:59:51 UTC Syncing #13363434 0x08b4…15ad     0.00 blk/s    0.0 tx/s    0.0 Mgas/s      0+   18 Qed Ancient:#12393848 LI:#13363452    8/25 peers      4 MiB chain    4 MiB queue  RPC:  0 conn,    0 req/s,    0 µs
2021-10-06 04:59:56 UTC Syncing #13363434 0x08b4…15ad     0.00 blk/s    0.0 tx/s    0.0 Mgas/s      0+   18 Qed Ancient:#12393848 LI:#13363452    8/25 peers      4 MiB chain    4 MiB queue  RPC:  0 conn,    0 req/s,    0 µs
2021-10-06 05:00:02 UTC Syncing #13363436 0x0b52…1634     0.40 blk/s   99.8 tx/s    6.3 Mgas/s      0+   16 Qed Ancient:#12393850 LI:#13363453    8/25 peers      4 MiB chain    4 MiB queue  RPC:  0 conn,    0 req/s,    0 µs
2021-10-06 05:00:15 UTC Syncing #13363436 0x0b52…1634     0.00 blk/s    0.0 tx/s    0.0 Mgas/s      0+   17 Qed Ancient:#12393850 LI:#13363453    8/25 peers      4 MiB chain    4 MiB queue  RPC:  0 conn,    0 req/s,    0 µs
2021-10-06 05:00:15 UTC Syncing #13363436 0x0b52…1634     0.00 blk/s    0.0 tx/s    0.0 Mgas/s      0+   17 Qed Ancient:#12393850 LI:#13363453    5/25 peers      4 MiB chain    4 MiB queue  RPC:  0 conn,    0 req/s,    0 µs
2021-10-06 05:00:16 UTC Syncing #13363436 0x0b52…1634     0.00 blk/s    0.0 tx/s    0.0 Mgas/s      0+   20 Qed Ancient:#12393850 LI:#13363455    3/25 peers      4 MiB chain    4 MiB queue  RPC:  0 conn,    0 req/s,    0 µs
2021-10-06 05:00:21 UTC Syncing #13363436 0x0b52…1634     0.00 blk/s    0.0 tx/s    0.0 Mgas/s      0+   20 Qed Ancient:#12393850 LI:#13363455    2/25 peers      4 MiB chain    4 MiB queue  RPC:  0 conn,    0 req/s,    0 µs
2021-10-06 05:00:26 UTC Syncing #13363436 0x0b52…1634     0.00 blk/s    0.0 tx/s    0.0 Mgas/s      0+   20 Qed Ancient:#12393850 LI:#13363455    2/25 peers      4 MiB chain    4 MiB queue  RPC:  0 conn,    0 req/s,    0 µs
2021-10-06 05:00:34 UTC Syncing #13363438 0x22b3…607d     0.40 blk/s   38.4 tx/s    3.9 Mgas/s      0+   18 Qed Ancient:#12393852 LI:#13363455    2/25 peers      4 MiB chain    4 MiB queue  RPC:  0 conn,    0 req/s,    0 µs
2021-10-06 05:00:37 UTC Syncing #13363438 0x22b3…607d     0.00 blk/s    0.0 tx/s    0.0 Mgas/s      0+   19 Qed Ancient:#12393852 LI:#13363456    2/25 peers      4 MiB chain    5 MiB queue  RPC:  0 conn,    0 req/s,    0 µs
2021-10-06 05:00:41 UTC Syncing #13363438 0x22b3…607d     0.00 blk/s    0.0 tx/s    0.0 Mgas/s      0+   19 Qed Ancient:#12393852 LI:#13363456    2/25 peers      4 MiB chain    5 MiB queue  RPC:  0 conn,    0 req/s,    0 µs
2021-10-06 05:00:49 UTC Syncing #13363439 0x4535…2f44     0.20 blk/s   27.2 tx/s    1.7 Mgas/s      0+   18 Qed Ancient:#12393853 LI:#13363456    2/25 peers      4 MiB chain    4 MiB queue  RPC:  0 conn,    0 req/s,    0 µs
2021-10-06 05:00:51 UTC Syncing #13363439 0x4535…2f44     0.00 blk/s    0.0 tx/s    0.0 Mgas/s      0+   18 Qed Ancient:#12393853 LI:#13363456    2/25 peers      4 MiB chain    4 MiB queue  RPC:  0 conn,    0 req/s,    0 µs
2021-10-06 05:00:56 UTC Syncing #13363439 0x4535…2f44     0.00 blk/s    0.0 tx/s    0.0 Mgas/s      0+   18 Qed Ancient:#12393853 LI:#13363456    2/25 peers      4 MiB chain    4 MiB queue  RPC:  0 conn,    0 req/s,    0 µs
2021-10-06 05:01:01 UTC Syncing #13363439 0x4535…2f44     0.00 blk/s    0.0 tx/s    0.0 Mgas/s      0+   18 Qed Ancient:#12393853 LI:#13363456    2/25 peers      4 MiB chain    4 MiB queue  RPC:  0 conn,    0 req/s,    0 µs
2021-10-06 05:01:06 UTC Syncing #13363439 0x4535…2f44     0.00 blk/s    0.0 tx/s    0.0 Mgas/s      0+   18 Qed Ancient:#12393853 LI:#13363456    2/25 peers      4 MiB chain    4 MiB queue  RPC:  0 conn,    0 req/s,    0 µs
2021-10-06 05:01:11 UTC Syncing #13363439 0x4535…2f44     0.00 blk/s    0.0 tx/s    0.0 Mgas/s      0+   19 Qed Ancient:#12393853 LI:#13363457    3/25 peers      4 MiB chain    5 MiB queue  RPC:  0 conn,    0 req/s,    0 µs
2021-10-06 05:01:19 UTC Syncing #13363440 0xaa96…3732     0.20 blk/s   25.4 tx/s    2.6 Mgas/s      0+   20 Qed Ancient:#12393854 LI:#13363458    3/25 peers      4 MiB chain    5 MiB queue  RPC:  0 conn,    0 req/s,    0 µs
2021-10-06 05:01:21 UTC Syncing #13363440 0xaa96…3732     0.00 blk/s    0.0 tx/s    0.0 Mgas/s      0+   20 Qed Ancient:#12393854 LI:#13363458    3/25 peers      4 MiB chain    5 MiB queue  RPC:  0 conn,    0 req/s,    0 µs
2021-10-06 05:01:32 UTC Syncing #13363441 0x56b6…d53b     0.20 blk/s   10.0 tx/s    0.8 Mgas/s      0+   19 Qed Ancient:#12393855 LI:#13363458    5/25 peers      4 MiB chain    5 MiB queue  RPC:  0 conn,    0 req/s,    0 µs
2021-10-06 05:01:32 UTC Syncing #13363441 0x56b6…d53b     0.10 blk/s    5.0 tx/s    0.4 Mgas/s      0+   19 Qed Ancient:#12393855 LI:#13363458    5/25 peers      4 MiB chain    5 MiB queue  RPC:  0 conn,    0 req/s,    0 µs
2021-10-06 05:01:36 UTC Syncing #13363441 0x56b6…d53b     0.00 blk/s    0.0 tx/s    0.0 Mgas/s      0+   20 Qed Ancient:#12393855 LI:#13363459    5/25 peers      4 MiB chain    5 MiB queue  RPC:  0 conn,    0 req/s,    0 µs
2021-10-06 05:01:47 UTC Syncing #13363443 0x7870…0d68     0.20 blk/s   27.1 tx/s    3.0 Mgas/s      0+   19 Qed Ancient:#12393857 LI:#13363460    9/25 peers      4 MiB chain    5 MiB queue  RPC:  0 conn,    0 req/s,    0 µs
2021-10-06 05:01:47 UTC Syncing #13363443 0x7870…0d68     0.40 blk/s   54.2 tx/s    6.0 Mgas/s      0+   19 Qed Ancient:#12393857 LI:#13363460    9/25 peers      4 MiB chain    5 MiB queue  RPC:  0 conn,    0 req/s,    0 µs
2021-10-06 05:01:51 UTC Syncing #13363443 0x7870…0d68     0.00 blk/s    0.0 tx/s    0.0 Mgas/s      0+   19 Qed Ancient:#12393857 LI:#13363460    9/25 peers      4 MiB chain    5 MiB queue  RPC:  0 conn,    0 req/s,    0 µs
2021-10-06 05:02:04 UTC Syncing #13363444 0x1b0a…ec77     0.10 blk/s   17.8 tx/s    3.0 Mgas/s      0+   18 Qed Ancient:#12393858 LI:#13363460    9/25 peers      4 MiB chain    5 MiB queue  RPC:  0 conn,    0 req/s,    0 µs
2021-10-06 05:02:04 UTC Syncing #13363444 0x1b0a…ec77     0.20 blk/s   35.6 tx/s    6.0 Mgas/s      0+   18 Qed Ancient:#12393858 LI:#13363460    9/25 peers      4 MiB chain    5 MiB queue  RPC:  0 conn,    0 req/s,    0 µs
2021-10-06 05:02:07 UTC Syncing #13363444 0x1b0a…ec77     0.00 blk/s    0.0 tx/s    0.0 Mgas/s      0+   22 Qed Ancient:#12393858 LI:#13363464    9/25 peers      4 MiB chain    5 MiB queue  RPC:  0 conn,    0 req/s,    0 µs
2021-10-06 05:02:16 UTC Syncing #13363446 0x61c2…f7f5     0.40 blk/s   39.0 tx/s   12.0 Mgas/s      0+   20 Qed Ancient:#12393860 LI:#13363464    9/25 peers      4 MiB chain    5 MiB queue  RPC:  0 conn,    0 req/s,    0 µs
2021-10-06 05:02:16 UTC Syncing #13363447 0xf029…12d7     0.20 blk/s   18.6 tx/s    6.0 Mgas/s      0+   20 Qed Ancient:#12393861 LI:#13363465    8/25 peers      4 MiB chain    4 MiB queue  RPC:  0 conn,    0 req/s,    0 µs
2021-10-06 05:02:21 UTC Syncing #13363448 0x940e…a50f     0.20 blk/s   16.2 tx/s    6.0 Mgas/s      0+   19 Qed Ancient:#12393862 LI:#13363465    8/25 peers      4 MiB chain    4 MiB queue  RPC:  0 conn,    0 req/s,    0 µs
2021-10-06 05:02:31 UTC Syncing #13363450 0xb7e9…148e     0.40 blk/s   37.2 tx/s   12.0 Mgas/s      0+   20 Qed Ancient:#12393864 LI:#13363468    4/25 peers      4 MiB chain    4 MiB queue  RPC:  0 conn,    0 req/s,    0 µs
2021-10-06 05:02:35 UTC Syncing #13363452 0xee0e…4da9     0.60 blk/s   45.4 tx/s   18.0 Mgas/s      0+   18 Qed Ancient:#12393867 LI:#13363469    4/25 peers      5 MiB chain    3 MiB queue  RPC:  0 conn,    0 req/s,    0 µs
2021-10-06 05:02:39 UTC Syncing #13363455 0xe431…b645     0.80 blk/s   55.4 tx/s   24.0 Mgas/s      0+   15 Qed Ancient:#12393871 LI:#13363470    4/25 peers      5 MiB chain    2 MiB queue  RPC:  0 conn,    0 req/s,    0 µs
2021-10-06 05:02:44 UTC Syncing #13363458 0xe343…6bac     0.60 blk/s   45.2 tx/s   18.0 Mgas/s      0+   12 Qed Ancient:#12393874 LI:#13363470    4/25 peers      5 MiB chain    2 MiB queue  RPC:  0 conn,    0 req/s,    0 µs
2021-10-06 05:02:47 UTC Syncing #13363460 0x66c7…6b11     0.60 blk/s   44.8 tx/s   18.0 Mgas/s      0+    9 Qed Ancient:#12393878 LI:#13363470    4/25 peers      6 MiB chain  988 KiB queue  RPC:  0 conn,    0 req/s,    0 µs
2021-10-06 05:02:52 UTC Syncing #13363462 0x798a…8f5b     0.40 blk/s   17.6 tx/s    6.0 Mgas/s      0+    7 Qed Ancient:#12393880 LI:#13363470    4/25 peers      6 MiB chain  720 KiB queue  RPC:  0 conn,    0 req/s,    0 µs
2021-10-06 05:02:59 UTC Syncing #13363464 0xb712…7459     0.40 blk/s   23.8 tx/s    7.1 Mgas/s      0+    5 Qed Ancient:#12393882 LI:#13363470    4/25 peers      6 MiB chain  518 KiB queue  RPC:  0 conn,    0 req/s,    0 µs
2021-10-06 05:03:24 UTC Imported #13363470 0xad8a…42d1 (4 txs, 1.96 Mgas, 30 ms, 7.32 KiB)
2021-10-06 05:03:44 UTC  Ancient:#12394322 AB:#12394494    4/25 peers    638 KiB chain  507 KiB queue  RPC:  0 conn,    0 req/s,    0 µs
2021-10-06 05:03:44 UTC  Ancient:#12394300 AB:#12394494    4/25 peers    109 KiB chain    1 MiB queue  RPC:  0 conn,    0 req/s,    0 µs
2021-10-06 05:03:44 UTC  Ancient:#12394322 AB:#12394494    4/25 peers    638 KiB chain  506 KiB queue  RPC:  0 conn,    0 req/s,    0 µs
2021-10-06 05:03:56 UTC Imported #13363475 0xe94f…19ce (36 txs, 7.08 Mgas, 5849 ms, 24.37 KiB)
2021-10-06 05:04:12 UTC  Ancient:#12394670 AB:#12394670    4/25 peers      2 MiB chain  0 bytes queue  RPC:  0 conn,    0 req/s,    0 µs