2021-10-07 22:54:31 UTC Syncing #13374552 0x5fde…b563     0.00 blk/s    0.0 tx/s    0.0 Mgas/s      0+   22 Qed Ancient:#12907561 LI:#13374575   14/25 peers      5 MiB chain    6 MiB queue  RPC:  0 conn,    0 req/s,    0 µs
2021-10-07 22:54:39 UTC Syncing #13374552 0x5fde…b563     0.00 blk/s    0.0 tx/s    0.0 Mgas/s      0+   22 Qed Ancient:#12907561 LI:#13374575   14/25 peers      5 MiB chain    6 MiB queue  RPC:  0 conn,    0 req/s,    0 µs
2021-10-07 22:54:41 UTC Syncing #13374552 0x5fde…b563     0.00 blk/s    0.0 tx/s    0.0 Mgas/s      0+   23 Qed Ancient:#12907561 LI:#13374576   14/25 peers      5 MiB chain    6 MiB queue  RPC:  0 conn,    0 req/s,    0 µs
2021-10-07 22:54:49 UTC Syncing #13374553 0x9d92…f731     0.20 blk/s  108.0 tx/s    6.0 Mgas/s      0+   22 Qed Ancient:#12907562 LI:#13374577   14/25 peers      5 MiB chain    6 MiB queue  RPC:  0 conn,    0 req/s,    0 µs
2021-10-07 22:54:54 UTC Syncing #13374554 0x28fa…f883     0.20 blk/s   31.8 tx/s    2.5 Mgas/s      0+   23 Qed Ancient:#12907563 LI:#13374577   14/25 peers      5 MiB chain    6 MiB queue  RPC:  0 conn,    0 req/s,    0 µs
2021-10-07 22:54:59 UTC Syncing #13374555 0x3d0d…6c75     0.20 blk/s   20.0 tx/s    1.4 Mgas/s      0+   23 Qed Ancient:#12907564 LI:#13374578   14/25 peers      5 MiB chain    6 MiB queue  RPC:  0 conn,    0 req/s,    0 µs
2021-10-07 22:55:06 UTC Syncing #13374556 0xe32a…90b4     0.20 blk/s   70.8 tx/s    4.8 Mgas/s      0+   22 Qed Ancient:#12907565 LI:#13374578   14/25 peers      5 MiB chain    5 MiB queue  RPC:  0 conn,    0 req/s,    0 µs
2021-10-07 22:55:09 UTC Syncing #13374558 0x55f1…ec5b     0.40 blk/s    8.8 tx/s    0.6 Mgas/s      0+   21 Qed Ancient:#12907567 LI:#13374579   14/25 peers      5 MiB chain    5 MiB queue  RPC:  0 conn,    0 req/s,    0 µs
2021-10-07 22:55:11 UTC Syncing #13374558 0x55f1…ec5b     0.00 blk/s    0.0 tx/s    0.0 Mgas/s      0+   22 Qed Ancient:#12907567 LI:#13374580   14/25 peers      5 MiB chain    6 MiB queue  RPC:  0 conn,    0 req/s,    0 µs
2021-10-07 22:55:17 UTC Syncing #13374558 0x55f1…ec5b     0.00 blk/s    0.0 tx/s    0.0 Mgas/s      0+   22 Qed Ancient:#12907567 LI:#13374580   14/25 peers      5 MiB chain    6 MiB queue  RPC:  0 conn,    0 req/s,    0 µs
2021-10-07 22:55:21 UTC Syncing #13374558 0x55f1…ec5b     0.00 blk/s    0.0 tx/s    0.0 Mgas/s      0+   23 Qed Ancient:#12907567 LI:#13374581   16/25 peers      5 MiB chain    6 MiB queue  RPC:  0 conn,    0 req/s,    0 µs
2021-10-07 22:55:26 UTC Syncing #13374558 0x55f1…ec5b     0.00 blk/s    0.0 tx/s    0.0 Mgas/s      0+   23 Qed Ancient:#12907567 LI:#13374581   18/25 peers      5 MiB chain    6 MiB queue  RPC:  0 conn,    0 req/s,    0 µs
2021-10-07 22:55:31 UTC Syncing #13374558 0x55f1…ec5b     0.00 blk/s    0.0 tx/s    0.0 Mgas/s      0+   23 Qed Ancient:#12907567 LI:#13374581   20/25 peers      5 MiB chain    6 MiB queue  RPC:  0 conn,    0 req/s,    0 µs
2021-10-07 22:55:38 UTC Syncing #13374559 0xd613…5090     0.20 blk/s   53.4 tx/s    4.8 Mgas/s      0+   23 Qed Ancient:#12907569 LI:#13374582   20/25 peers      5 MiB chain    6 MiB queue  RPC:  0 conn,    0 req/s,    0 µs
2021-10-07 22:55:41 UTC Syncing #13374559 0xd613…5090     0.00 blk/s    0.0 tx/s    0.0 Mgas/s      0+   23 Qed Ancient:#12907569 LI:#13374582   20/25 peers      5 MiB chain    6 MiB queue  RPC:  0 conn,    0 req/s,    0 µs
2021-10-07 22:55:46 UTC Syncing #13374560 0xd61e…3b69     0.20 blk/s   33.8 tx/s    2.8 Mgas/s      0+   22 Qed Ancient:#12907570 LI:#13374582   21/25 peers      5 MiB chain    5 MiB queue  RPC:  0 conn,    0 req/s,    0 µs
2021-10-07 22:55:51 UTC Syncing #13374560 0xd61e…3b69     0.00 blk/s    0.0 tx/s    0.0 Mgas/s      0+   22 Qed Ancient:#12907570 LI:#13374582   20/25 peers      5 MiB chain    5 MiB queue  RPC:  0 conn,    0 req/s,    0 µs
2021-10-07 22:55:56 UTC Syncing #13374561 0x5c34…de92     0.20 blk/s   44.8 tx/s    3.5 Mgas/s      0+   21 Qed Ancient:#12907571 LI:#13374582   20/25 peers      5 MiB chain    5 MiB queue  RPC:  0 conn,    0 req/s,    0 µs
2021-10-07 22:56:01 UTC Syncing #13374562 0x64fb…a04f     0.20 blk/s   22.2 tx/s    1.5 Mgas/s      0+   21 Qed Ancient:#12907572 LI:#13374583   19/25 peers      5 MiB chain    5 MiB queue  RPC:  0 conn,    0 req/s,    0 µs
2021-10-07 22:56:06 UTC Syncing #13374562 0x64fb…a04f     0.00 blk/s    0.0 tx/s    0.0 Mgas/s      0+   22 Qed Ancient:#12907572 LI:#13374584   18/25 peers      5 MiB chain    6 MiB queue  RPC:  0 conn,    0 req/s,    0 µs
2021-10-07 22:56:11 UTC Syncing #13374562 0x64fb…a04f     0.00 blk/s    0.0 tx/s    0.0 Mgas/s      0+   22 Qed Ancient:#12907572 LI:#13374584   20/25 peers      5 MiB chain    6 MiB queue  RPC:  0 conn,    0 req/s,    0 µs
2021-10-07 22:56:19 UTC Syncing #13374562 0x64fb…a04f     0.00 blk/s    0.0 tx/s    0.0 Mgas/s      0+   22 Qed Ancient:#12907572 LI:#13374584   21/25 peers      5 MiB chain    6 MiB queue  RPC:  0 conn,    0 req/s,    0 µs
2021-10-07 22:56:21 UTC Syncing #13374562 0x64fb…a04f     0.00 blk/s    0.0 tx/s    0.0 Mgas/s      0+   22 Qed Ancient:#12907572 LI:#13374584   20/25 peers      5 MiB chain    6 MiB queue  RPC:  0 conn,    0 req/s,    0 µs
2021-10-07 22:56:26 UTC Syncing #13374562 0x64fb…a04f     0.00 blk/s    0.0 tx/s    0.0 Mgas/s      0+   22 Qed Ancient:#12907572 LI:#13374584   18/25 peers      6 MiB chain    6 MiB queue  RPC:  0 conn,    0 req/s,    0 µs
2021-10-07 22:56:35 UTC Syncing #13374563 0xd3cf…e5ab     0.20 blk/s   73.8 tx/s    4.5 Mgas/s      0+   21 Qed Ancient:#12907573 LI:#13374584   17/25 peers      6 MiB chain    5 MiB queue  RPC:  0 conn,    0 req/s,    0 µs
2021-10-07 22:56:39 UTC Syncing #13374564 0x6b66…bfd9     0.20 blk/s    5.4 tx/s    0.5 Mgas/s      0+   20 Qed Ancient:#12907574 LI:#13374584   17/25 peers      6 MiB chain    5 MiB queue  RPC:  0 conn,    0 req/s,    0 µs
2021-10-07 22:56:41 UTC Syncing #13374564 0x6b66…bfd9     0.00 blk/s    0.0 tx/s    0.0 Mgas/s      0+   20 Qed Ancient:#12907574 LI:#13374584   17/25 peers      6 MiB chain    5 MiB queue  RPC:  0 conn,    0 req/s,    0 µs
2021-10-07 22:56:46 UTC Syncing #13374564 0x6b66…bfd9     0.00 blk/s    0.0 tx/s    0.0 Mgas/s      0+   20 Qed Ancient:#12907574 LI:#13374584   18/25 peers      6 MiB chain    5 MiB queue  RPC:  0 conn,    0 req/s,    0 µs
2021-10-07 22:56:54 UTC Syncing #13374564 0x6b66…bfd9     0.00 blk/s    0.0 tx/s    0.0 Mgas/s      0+   21 Qed Ancient:#12907574 LI:#13374585   18/25 peers      6 MiB chain    6 MiB queue  RPC:  0 conn,    0 req/s,    0 µs
2021-10-07 22:57:02 UTC Syncing #13374565 0xf516…1647     0.10 blk/s   12.6 tx/s    2.0 Mgas/s      0+   20 Qed Ancient:#12907575 LI:#13374585   18/25 peers      6 MiB chain    6 MiB queue  RPC:  0 conn,    0 req/s,    0 µs
2021-10-07 22:57:02 UTC Syncing #13374565 0xf516…1647     0.20 blk/s   25.2 tx/s    3.9 Mgas/s      0+   20 Qed Ancient:#12907575 LI:#13374585   18/25 peers      6 MiB chain    6 MiB queue  RPC:  0 conn,    0 req/s,    0 µs
2021-10-07 22:57:10 UTC Syncing #13374566 0x48db…2068     0.20 blk/s   33.0 tx/s    2.7 Mgas/s      0+   22 Qed Ancient:#12907575 LI:#13374587   14/25 peers      6 MiB chain    6 MiB queue  RPC:  0 conn,    0 req/s,    0 µs
2021-10-07 22:57:17 UTC Syncing #13374567 0x8973…4cbf     0.10 blk/s    6.4 tx/s    0.4 Mgas/s      0+   20 Qed Ancient:#12907577 LI:#13374587   14/25 peers      6 MiB chain    6 MiB queue  RPC:  0 conn,    0 req/s,    0 µs
2021-10-07 22:57:17 UTC Syncing #13374567 0x8973…4cbf     0.00 blk/s    0.0 tx/s    0.0 Mgas/s      0+   21 Qed Ancient:#12907576 LI:#13374587   14/25 peers      6 MiB chain    6 MiB queue  RPC:  0 conn,    0 req/s,    0 µs
2021-10-07 22:57:27 UTC Syncing #13374567 0x8973…4cbf     0.20 blk/s   12.8 tx/s    0.8 Mgas/s      0+   20 Qed Ancient:#12907577 LI:#13374587   14/25 peers      6 MiB chain    6 MiB queue  RPC:  0 conn,    0 req/s,    0 µs
2021-10-07 22:57:27 UTC Syncing #13374567 0x8973…4cbf     0.10 blk/s    6.4 tx/s    0.4 Mgas/s      0+   20 Qed Ancient:#12907577 LI:#13374587   14/25 peers      6 MiB chain    6 MiB queue  RPC:  0 conn,    0 req/s,    0 µs
2021-10-07 22:57:31 UTC Syncing #13374567 0x8973…4cbf     0.00 blk/s    0.0 tx/s    0.0 Mgas/s      0+   21 Qed Ancient:#12907577 LI:#13374588   14/25 peers      6 MiB chain    6 MiB queue  RPC:  0 conn,    0 req/s,    0 µs
2021-10-07 22:57:36 UTC Syncing #13374567 0x8973…4cbf     0.00 blk/s    0.0 tx/s    0.0 Mgas/s      0+   22 Qed Ancient:#12907577 LI:#13374589   13/25 peers      6 MiB chain    6 MiB queue  RPC:  0 conn,    0 req/s,    0 µs
2021-10-07 22:57:45 UTC Syncing #13374569 0xf257…55bf     0.40 blk/s   74.2 tx/s    6.4 Mgas/s      0+   21 Qed Ancient:#12907579 LI:#13374590   14/25 peers      6 MiB chain    6 MiB queue  RPC:  0 conn,    0 req/s,    0 µs
2021-10-07 22:57:50 UTC Syncing #13374569 0xf257…55bf     0.00 blk/s    0.0 tx/s    0.0 Mgas/s      0+   21 Qed Ancient:#12907579 LI:#13374590   14/25 peers      6 MiB chain    6 MiB queue  RPC:  0 conn,    0 req/s,    0 µs
2021-10-07 22:57:51 UTC Syncing #13374569 0xf257…55bf     0.00 blk/s    0.0 tx/s    0.0 Mgas/s      0+   21 Qed Ancient:#12907579 LI:#13374590   14/25 peers      6 MiB chain    6 MiB queue  RPC:  0 conn,    0 req/s,    0 µs
2021-10-07 22:57:56 UTC Syncing #13374569 0xf257…55bf     0.00 blk/s    0.0 tx/s    0.0 Mgas/s      0+   21 Qed Ancient:#12907579 LI:#13374590   12/25 peers      6 MiB chain    6 MiB queue  RPC:  0 conn,    0 req/s,    0 µs
2021-10-07 22:58:01 UTC Syncing #13374569 0xf257…55bf     0.00 blk/s    0.0 tx/s    0.0 Mgas/s      0+   22 Qed Ancient:#12907579 LI:#13374591   15/25 peers      5 MiB chain    6 MiB queue  RPC:  0 conn,    0 req/s,    0 µs
2021-10-07 22:58:10 UTC Syncing #13374570 0x1d65…4c2e     0.20 blk/s   49.4 tx/s    3.7 Mgas/s      0+   22 Qed Ancient:#12907580 LI:#13374592   17/25 peers      6 MiB chain    6 MiB queue  RPC:  0 conn,    0 req/s,    0 µs
2021-10-07 22:58:11 UTC Syncing #13374570 0x1d65…4c2e     0.00 blk/s    0.0 tx/s    0.0 Mgas/s      0+   22 Qed Ancient:#12907580 LI:#13374592   17/25 peers      6 MiB chain    6 MiB queue  RPC:  0 conn,    0 req/s,    0 µs
2021-10-07 22:58:18 UTC Syncing #13374571 0xff68…2ee4     0.20 blk/s   81.6 tx/s    6.0 Mgas/s      0+   21 Qed Ancient:#12907581 LI:#13374592   19/25 peers      6 MiB chain    6 MiB queue  RPC:  0 conn,    0 req/s,    0 µs
2021-10-07 22:58:24 UTC Syncing #13374571 0xff68…2ee4     0.00 blk/s    0.0 tx/s    0.0 Mgas/s      0+   23 Qed Ancient:#12907581 LI:#13374594   18/25 peers      6 MiB chain    6 MiB queue  RPC:  0 conn,    0 req/s,    0 µs
2021-10-07 22:58:29 UTC Syncing #13374573 0xd993…4deb     0.40 blk/s   99.6 tx/s    8.0 Mgas/s      0+   21 Qed Ancient:#12907583 LI:#13374594   18/25 peers      6 MiB chain    5 MiB queue  RPC:  0 conn,    0 req/s,    0 µs
2021-10-07 22:58:35 UTC Syncing #13374575 0xd16b…e2d3     0.40 blk/s   56.2 tx/s    3.5 Mgas/s      0+   19 Qed Ancient:#12907585 LI:#13374594   17/25 peers      6 MiB chain    5 MiB queue  RPC:  0 conn,    0 req/s,    0 µs
2021-10-07 22:58:39 UTC Syncing #13374576 0x3cda…ff27     0.20 blk/s   47.6 tx/s    3.1 Mgas/s      0+   18 Qed Ancient:#12907586 LI:#13374594   17/25 peers      6 MiB chain    5 MiB queue  RPC:  0 conn,    0 req/s,    0 µs
2021-10-07 22:58:44 UTC Syncing #13374578 0x653d…e3f5     0.60 blk/s   58.6 tx/s    4.6 Mgas/s      0+   15 Qed Ancient:#12907589 LI:#13374594   17/25 peers      4 MiB chain    4 MiB queue  RPC:  0 conn,    0 req/s,    0 µs
2021-10-07 22:58:51 UTC Syncing #13374578 0x653d…e3f5     0.00 blk/s    0.0 tx/s    0.0 Mgas/s      0+   15 Qed Ancient:#12907589 LI:#13374594   17/25 peers      4 MiB chain    4 MiB queue  RPC:  0 conn,    0 req/s,    0 µs
2021-10-07 22:58:51 UTC Syncing #13374578 0x653d…e3f5     0.00 blk/s    0.0 tx/s    0.0 Mgas/s      0+   15 Qed Ancient:#12907589 LI:#13374594   17/25 peers      4 MiB chain    4 MiB queue  RPC:  0 conn,    0 req/s,    0 µs
2021-10-07 22:58:58 UTC Syncing #13374580 0x881d…992d     0.40 blk/s   74.6 tx/s    7.3 Mgas/s      0+   13 Qed Ancient:#12907591 LI:#13374594   17/25 peers      4 MiB chain    4 MiB queue  RPC:  0 conn,    0 req/s,    0 µs
2021-10-07 22:59:04 UTC Syncing #13374581 0x9ced…9222     0.20 blk/s   34.2 tx/s    2.5 Mgas/s      0+   12 Qed Ancient:#12907592 LI:#13374594   17/25 peers      4 MiB chain    4 MiB queue  RPC:  0 conn,    0 req/s,    0 µs
2021-10-07 22:59:10 UTC Syncing #13374582 0x141b…a831     0.20 blk/s   29.6 tx/s    2.2 Mgas/s      0+   12 Qed Ancient:#12907593 LI:#13374595   17/25 peers      4 MiB chain    3 MiB queue  RPC:  0 conn,    0 req/s,    0 µs
2021-10-07 22:59:23 UTC Syncing #13374582 0x141b…a831     0.00 blk/s    0.0 tx/s    0.0 Mgas/s      0+   12 Qed Ancient:#12907593 LI:#13374595   16/25 peers      4 MiB chain    3 MiB queue  RPC:  0 conn,    0 req/s,    0 µs
2021-10-07 22:59:23 UTC Syncing #13374584 0x5811…df1d     0.20 blk/s   64.7 tx/s    4.6 Mgas/s      0+   10 Qed Ancient:#12907595 LI:#13374595   16/25 peers      4 MiB chain    3 MiB queue  RPC:  0 conn,    0 req/s,    0 µs
2021-10-07 22:59:23 UTC Syncing #13374584 0x5811…df1d     0.00 blk/s    0.0 tx/s    0.0 Mgas/s      0+   10 Qed Ancient:#12907595 LI:#13374595   16/25 peers      4 MiB chain    3 MiB queue  RPC:  0 conn,    0 req/s,    0 µs
2021-10-07 22:59:28 UTC Syncing #13374584 0x5811…df1d     0.00 blk/s    0.0 tx/s    0.0 Mgas/s      0+   10 Qed Ancient:#12907595 LI:#13374595   16/25 peers      4 MiB chain    3 MiB queue  RPC:  0 conn,    0 req/s,    0 µs
2021-10-07 22:59:33 UTC Syncing #13374585 0x8ad3…e19c     0.20 blk/s   84.8 tx/s    6.0 Mgas/s      0+    9 Qed Ancient:#12907596 LI:#13374595   16/25 peers      4 MiB chain    2 MiB queue  RPC:  0 conn,    0 req/s,    0 µs
2021-10-07 22:59:38 UTC Syncing #13374587 0x8d1f…18bb     0.40 blk/s   66.8 tx/s    5.0 Mgas/s      0+    7 Qed Ancient:#12907598 LI:#13374595   16/25 peers      4 MiB chain    2 MiB queue  RPC:  0 conn,    0 req/s,    0 µs
2021-10-07 22:59:44 UTC Syncing #13374588 0x9c1a…3083     0.20 blk/s  112.8 tx/s    4.7 Mgas/s      0+    7 Qed Ancient:#12907599 LI:#13374596   16/25 peers      4 MiB chain    2 MiB queue  RPC:  0 conn,    0 req/s,    0 µs
2021-10-07 22:59:49 UTC Syncing #13374590 0x4b37…5917     0.40 blk/s   40.6 tx/s    2.3 Mgas/s      0+    5 Qed Ancient:#12907601 LI:#13374596   16/25 peers      4 MiB chain    2 MiB queue  RPC:  0 conn,    0 req/s,    0 µs
2021-10-07 22:59:55 UTC Syncing #13374591 0x9696…2b6b     0.20 blk/s   37.6 tx/s    2.4 Mgas/s      0+    5 Qed Ancient:#12907602 LI:#13374597   16/25 peers      4 MiB chain    2 MiB queue  RPC:  0 conn,    0 req/s,    0 µs