2021-10-06 04:01:44 UTC Syncing #13363172 0x1629…1839     0.00 blk/s    0.0 tx/s    0.0 Mgas/s      0+    8 Qed Ancient:#12381319 LI:#13363180   19/25 peers      5 MiB chain    2 MiB queue  RPC:  0 conn,    0 req/s,    0 µs
2021-10-06 04:01:52 UTC Syncing #13363173 0x5254…7bf2     0.20 blk/s   61.4 tx/s    6.0 Mgas/s      0+   10 Qed Ancient:#12381320 LI:#13363183   19/25 peers      5 MiB chain    2 MiB queue  RPC:  0 conn,    0 req/s,    0 µs
2021-10-06 04:01:53 UTC Syncing #13363173 0x5254…7bf2     0.00 blk/s    0.0 tx/s    0.0 Mgas/s      0+   11 Qed Ancient:#12381320 LI:#13363184   19/25 peers      5 MiB chain    2 MiB queue  RPC:  0 conn,    0 req/s,    0 µs
2021-10-06 04:02:03 UTC Syncing #13363176 0xdf05…4032     0.60 blk/s   89.2 tx/s    6.5 Mgas/s      0+    9 Qed Ancient:#12381323 LI:#13363185   19/25 peers      5 MiB chain    2 MiB queue  RPC:  0 conn,    0 req/s,    0 µs
2021-10-06 04:02:07 UTC Syncing #13363177 0x9be1…93c4     0.20 blk/s   21.2 tx/s    2.7 Mgas/s      0+    8 Qed Ancient:#12381324 LI:#13363185   19/25 peers      5 MiB chain    1 MiB queue  RPC:  0 conn,    0 req/s,    0 µs
2021-10-06 04:02:11 UTC Syncing #13363178 0x6a49…bbf6     0.40 blk/s   37.8 tx/s    2.7 Mgas/s      0+    7 Qed Ancient:#12381326 LI:#13363186   19/25 peers      5 MiB chain    1 MiB queue  RPC:  0 conn,    0 req/s,    0 µs
2021-10-06 04:02:15 UTC Syncing #13363179 0xb0a8…f1ab     0.20 blk/s   34.0 tx/s    2.4 Mgas/s      0+    6 Qed Ancient:#12381327 LI:#13363186   19/25 peers      5 MiB chain    1 MiB queue  RPC:  0 conn,    0 req/s,    0 µs
2021-10-06 04:02:18 UTC Syncing #13363181 0xd58c…96d0     0.40 blk/s   48.4 tx/s    3.9 Mgas/s      0+    4 Qed Ancient:#12381329 LI:#13363186   19/25 peers      5 MiB chain  748 KiB queue  RPC:  0 conn,    0 req/s,    0 µs
2021-10-06 04:02:50 UTC  Ancient:#12381335 AB:#12384608   18/25 peers      5 MiB chain  529 KiB queue  RPC:  0 conn,    0 req/s,    0 µs
2021-10-06 04:03:17 UTC Imported #13363191 0x62e0…6a18 (135 txs, 14.97 Mgas, 6195 ms, 51.07 KiB)
2021-10-06 04:04:10 UTC Syncing #13363191 0x62e0…6a18     0.05 blk/s    5.2 tx/s    0.5 Mgas/s      0+    9 Qed Ancient:#12384433 LI:#13363199   12/25 peers    568 KiB chain    3 MiB queue  RPC:  0 conn,    0 req/s,    0 µs
2021-10-06 04:04:11 UTC Syncing #13363191 0x62e0…6a18     0.05 blk/s    5.2 tx/s    0.5 Mgas/s      0+    8 Qed Ancient:#12384412 LI:#13363199   13/25 peers    0 bytes chain    3 MiB queue  RPC:  0 conn,    0 req/s,    0 µs
2021-10-06 04:04:36 UTC Syncing #13363191 0x62e0…6a18     0.00 blk/s    0.0 tx/s    0.0 Mgas/s      0+   13 Qed Ancient:#12384462 LI:#13363203   10/25 peers      1 MiB chain    4 MiB queue  RPC:  0 conn,    0 req/s,    0 µs
2021-10-06 04:04:38 UTC Syncing #13363191 0x62e0…6a18     0.00 blk/s    0.0 tx/s    0.0 Mgas/s      0+   12 Qed Ancient:#12384462 LI:#13363203    9/25 peers      1 MiB chain    4 MiB queue  RPC:  0 conn,    0 req/s,    0 µs
2021-10-06 04:04:43 UTC Syncing #13363191 0x62e0…6a18     0.00 blk/s    0.0 tx/s    0.0 Mgas/s      0+   13 Qed Ancient:#12384462 LI:#13363204   10/25 peers      1 MiB chain    4 MiB queue  RPC:  0 conn,    0 req/s,    0 µs
2021-10-06 04:04:48 UTC Syncing #13363191 0x62e0…6a18     0.00 blk/s    0.0 tx/s    0.0 Mgas/s      0+   14 Qed Ancient:#12384462 LI:#13363205   10/25 peers      1 MiB chain    4 MiB queue  RPC:  0 conn,    0 req/s,    0 µs
2021-10-06 04:04:54 UTC Syncing #13363191 0x62e0…6a18     0.00 blk/s    0.0 tx/s    0.0 Mgas/s      0+   14 Qed Ancient:#12384462 LI:#13363205   10/25 peers      1 MiB chain    4 MiB queue  RPC:  0 conn,    0 req/s,    0 µs
2021-10-06 04:04:58 UTC Syncing #13363191 0x62e0…6a18     0.00 blk/s    0.0 tx/s    0.0 Mgas/s      0+   14 Qed Ancient:#12384462 LI:#13363205   10/25 peers      1 MiB chain    4 MiB queue  RPC:  0 conn,    0 req/s,    0 µs
2021-10-06 04:05:03 UTC Syncing #13363191 0x62e0…6a18     0.00 blk/s    0.0 tx/s    0.0 Mgas/s      0+   14 Qed Ancient:#12384462 LI:#13363205   10/25 peers      1 MiB chain    4 MiB queue  RPC:  0 conn,    0 req/s,    0 µs
2021-10-06 04:05:08 UTC Syncing #13363191 0x62e0…6a18     0.00 blk/s    0.0 tx/s    0.0 Mgas/s      0+   15 Qed Ancient:#12384462 LI:#13363206   12/25 peers      1 MiB chain    5 MiB queue  RPC:  0 conn,    0 req/s,    0 µs
2021-10-06 04:05:13 UTC Syncing #13363192 0x3d65…54e8     0.20 blk/s   37.6 tx/s    2.8 Mgas/s      0+   16 Qed Ancient:#12384463 LI:#13363207   14/25 peers      1 MiB chain    5 MiB queue  RPC:  0 conn,    0 req/s,    0 µs
2021-10-06 04:05:18 UTC Syncing #13363192 0x3d65…54e8     0.00 blk/s    0.0 tx/s    0.0 Mgas/s      0+   15 Qed Ancient:#12384463 LI:#13363207   23/25 peers      2 MiB chain    5 MiB queue  RPC:  0 conn,    0 req/s,    0 µs
2021-10-06 04:05:23 UTC Syncing #13363192 0x3d65…54e8     0.00 blk/s    0.0 tx/s    0.0 Mgas/s      0+   15 Qed Ancient:#12384463 LI:#13363207   23/25 peers      2 MiB chain    5 MiB queue  RPC:  0 conn,    0 req/s,    0 µs
2021-10-06 04:05:28 UTC Syncing #13363192 0x3d65…54e8     0.00 blk/s    0.0 tx/s    0.0 Mgas/s      0+   15 Qed Ancient:#12384463 LI:#13363207   25/25 peers      3 MiB chain    5 MiB queue  RPC:  0 conn,    0 req/s,    0 µs
2021-10-06 04:05:33 UTC Syncing #13363193 0x6b04…0bb9     0.20 blk/s   36.0 tx/s    2.2 Mgas/s      0+   14 Qed Ancient:#12384464 LI:#13363207   25/25 peers      3 MiB chain    4 MiB queue  RPC:  0 conn,    0 req/s,    0 µs
2021-10-06 04:05:38 UTC Syncing #13363193 0x6b04…0bb9     0.00 blk/s    0.0 tx/s    0.0 Mgas/s      0+   14 Qed Ancient:#12384464 LI:#13363207   25/25 peers      3 MiB chain    4 MiB queue  RPC:  0 conn,    0 req/s,    0 µs
2021-10-06 04:05:48 UTC Syncing #13363193 0x6b04…0bb9     0.00 blk/s    0.0 tx/s    0.0 Mgas/s      0+   15 Qed Ancient:#12384464 LI:#13363208   25/25 peers      3 MiB chain    5 MiB queue  RPC:  0 conn,    0 req/s,    0 µs
2021-10-06 04:05:51 UTC Syncing #13363193 0x6b04…0bb9     0.00 blk/s    0.0 tx/s    0.0 Mgas/s      0+   15 Qed Ancient:#12384464 LI:#13363208   23/25 peers      3 MiB chain    5 MiB queue  RPC:  0 conn,    0 req/s,    0 µs
2021-10-06 04:05:54 UTC Syncing #13363193 0x6b04…0bb9     0.00 blk/s    0.0 tx/s    0.0 Mgas/s      0+   16 Qed Ancient:#12384464 LI:#13363209   23/25 peers      3 MiB chain    6 MiB queue  RPC:  0 conn,    0 req/s,    0 µs
2021-10-06 04:05:58 UTC Syncing #13363193 0x6b04…0bb9     0.00 blk/s    0.0 tx/s    0.0 Mgas/s      0+   16 Qed Ancient:#12384464 LI:#13363209   24/25 peers      3 MiB chain    6 MiB queue  RPC:  0 conn,    0 req/s,    0 µs
2021-10-06 04:06:04 UTC Syncing #13363193 0x6b04…0bb9     0.00 blk/s    0.0 tx/s    0.0 Mgas/s      0+   16 Qed Ancient:#12384464 LI:#13363209   25/25 peers      3 MiB chain    6 MiB queue  RPC:  0 conn,    0 req/s,    0 µs
2021-10-06 04:06:08 UTC Syncing #13363193 0x6b04…0bb9     0.00 blk/s    0.0 tx/s    0.0 Mgas/s      0+   16 Qed Ancient:#12384464 LI:#13363209   25/25 peers      3 MiB chain    6 MiB queue  RPC:  0 conn,    0 req/s,    0 µs
2021-10-06 04:06:16 UTC Syncing #13363193 0x6b04…0bb9     0.00 blk/s    0.0 tx/s    0.0 Mgas/s      0+   16 Qed Ancient:#12384464 LI:#13363209   25/25 peers      3 MiB chain    6 MiB queue  RPC:  0 conn,    0 req/s,    0 µs
2021-10-06 04:06:19 UTC Syncing #13363193 0x6b04…0bb9     0.00 blk/s    0.0 tx/s    0.0 Mgas/s      0+   16 Qed Ancient:#12384464 LI:#13363209   25/25 peers      3 MiB chain    6 MiB queue  RPC:  0 conn,    0 req/s,    0 µs
2021-10-06 04:06:23 UTC Syncing #13363194 0x0c6d…854a     0.20 blk/s   43.0 tx/s    4.3 Mgas/s      0+   15 Qed Ancient:#12384466 LI:#13363209   25/25 peers      4 MiB chain    5 MiB queue  RPC:  0 conn,    0 req/s,    0 µs
2021-10-06 04:06:28 UTC Syncing #13363194 0x0c6d…854a     0.00 blk/s    0.0 tx/s    0.0 Mgas/s      0+   16 Qed Ancient:#12384466 LI:#13363210   26/50 peers      4 MiB chain    6 MiB queue  RPC:  0 conn,    0 req/s,    0 µs
2021-10-06 04:06:33 UTC Syncing #13363194 0x0c6d…854a     0.00 blk/s    0.0 tx/s    0.0 Mgas/s      0+   16 Qed Ancient:#12384466 LI:#13363210   25/25 peers      4 MiB chain    6 MiB queue  RPC:  0 conn,    0 req/s,    0 µs
2021-10-06 04:06:38 UTC Syncing #13363194 0x0c6d…854a     0.00 blk/s    0.0 tx/s    0.0 Mgas/s      0+   16 Qed Ancient:#12384466 LI:#13363210   25/25 peers      4 MiB chain    6 MiB queue  RPC:  0 conn,    0 req/s,    0 µs
2021-10-06 04:06:44 UTC Syncing #13363194 0x0c6d…854a     0.00 blk/s    0.0 tx/s    0.0 Mgas/s      0+   17 Qed Ancient:#12384466 LI:#13363211   24/25 peers      4 MiB chain    7 MiB queue  RPC:  0 conn,    0 req/s,    0 µs
2021-10-06 04:06:49 UTC Syncing #13363194 0x0c6d…854a     0.00 blk/s    0.0 tx/s    0.0 Mgas/s      0+   17 Qed Ancient:#12384466 LI:#13363211   24/25 peers      4 MiB chain    7 MiB queue  RPC:  0 conn,    0 req/s,    0 µs
2021-10-06 04:06:55 UTC Syncing #13363195 0xbe39…0d93     0.20 blk/s   15.2 tx/s    1.7 Mgas/s      0+   16 Qed Ancient:#12384467 LI:#13363211   24/25 peers      4 MiB chain    6 MiB queue  RPC:  0 conn,    0 req/s,    0 µs
2021-10-06 04:06:59 UTC Syncing #13363195 0xbe39…0d93     0.00 blk/s    0.0 tx/s    0.0 Mgas/s      0+   16 Qed Ancient:#12384467 LI:#13363211   24/25 peers      4 MiB chain    6 MiB queue  RPC:  0 conn,    0 req/s,    0 µs
2021-10-06 04:07:03 UTC Syncing #13363195 0xbe39…0d93     0.00 blk/s    0.0 tx/s    0.0 Mgas/s      0+   17 Qed Ancient:#12384467 LI:#13363212   24/25 peers      4 MiB chain    6 MiB queue  RPC:  0 conn,    0 req/s,    0 µs
2021-10-06 04:07:08 UTC Syncing #13363195 0xbe39…0d93     0.00 blk/s    0.0 tx/s    0.0 Mgas/s      0+   17 Qed Ancient:#12384467 LI:#13363212   24/25 peers      4 MiB chain    6 MiB queue  RPC:  0 conn,    0 req/s,    0 µs
2021-10-06 04:07:15 UTC Syncing #13363195 0xbe39…0d93     0.00 blk/s    0.0 tx/s    0.0 Mgas/s      0+   17 Qed Ancient:#12384467 LI:#13363212   24/25 peers      4 MiB chain    6 MiB queue  RPC:  0 conn,    0 req/s,    0 µs
2021-10-06 04:07:18 UTC Syncing #13363195 0xbe39…0d93     0.00 blk/s    0.0 tx/s    0.0 Mgas/s      0+   18 Qed Ancient:#12384467 LI:#13363213   23/25 peers      4 MiB chain    6 MiB queue  RPC:  0 conn,    0 req/s,    0 µs
2021-10-06 04:07:27 UTC Syncing #13363195 0xbe39…0d93     0.00 blk/s    0.0 tx/s    0.0 Mgas/s      0+   20 Qed Ancient:#12384467 LI:#13363215   23/25 peers      4 MiB chain    7 MiB queue  RPC:  0 conn,    0 req/s,    0 µs
2021-10-06 04:07:33 UTC Syncing #13363195 0xbe39…0d93     0.00 blk/s    0.0 tx/s    0.0 Mgas/s      0+   20 Qed Ancient:#12384467 LI:#13363215   25/25 peers      4 MiB chain    7 MiB queue  RPC:  0 conn,    0 req/s,    0 µs
2021-10-06 04:07:38 UTC Syncing #13363195 0xbe39…0d93     0.00 blk/s    0.0 tx/s    0.0 Mgas/s      0+   20 Qed Ancient:#12384467 LI:#13363215   25/25 peers      4 MiB chain    7 MiB queue  RPC:  0 conn,    0 req/s,    0 µs
2021-10-06 04:07:43 UTC Syncing #13363195 0xbe39…0d93     0.00 blk/s    0.0 tx/s    0.0 Mgas/s      0+   20 Qed Ancient:#12384467 LI:#13363215   25/25 peers      4 MiB chain    7 MiB queue  RPC:  0 conn,    0 req/s,    0 µs
2021-10-06 04:07:48 UTC Syncing #13363195 0xbe39…0d93     0.00 blk/s    0.0 tx/s    0.0 Mgas/s      0+   20 Qed Ancient:#12384467 LI:#13363215   25/25 peers      4 MiB chain    7 MiB queue  RPC:  0 conn,    0 req/s,    0 µs
2021-10-06 04:07:53 UTC Syncing #13363195 0xbe39…0d93     0.00 blk/s    0.0 tx/s    0.0 Mgas/s      0+   20 Qed Ancient:#12384467 LI:#13363215   25/25 peers      4 MiB chain    7 MiB queue  RPC:  0 conn,    0 req/s,    0 µs