2021-10-06 04:22:36 UTC Syncing #13363255 0x7b8d…71fa     0.40 blk/s   92.6 tx/s    7.1 Mgas/s      0+   18 Qed Ancient:#12384856 LI:#13363273   10/25 peers      2 MiB chain    5 MiB queue  RPC:  0 conn,    0 req/s,    0 µs
2021-10-06 04:22:44 UTC Syncing #13363258 0x385c…de40     0.30 blk/s   50.3 tx/s    3.8 Mgas/s      0+   15 Qed Ancient:#12384859 LI:#13363273    9/25 peers      2 MiB chain    5 MiB queue  RPC:  0 conn,    0 req/s,    0 µs
2021-10-06 04:22:44 UTC Syncing #13363256 0x562b…f25e     0.20 blk/s   65.2 tx/s    4.3 Mgas/s      0+   17 Qed Ancient:#12384857 LI:#13363273    9/25 peers      2 MiB chain    5 MiB queue  RPC:  0 conn,    0 req/s,    0 µs
2021-10-06 04:22:52 UTC Syncing #13363259 0x882c…58f0     0.60 blk/s   55.0 tx/s    4.7 Mgas/s      0+   15 Qed Ancient:#12384860 LI:#13363274    8/25 peers      2 MiB chain    5 MiB queue  RPC:  0 conn,    0 req/s,    0 µs
2021-10-06 04:23:00 UTC Syncing #13363261 0xe5e2…1490     0.20 blk/s   18.0 tx/s    1.3 Mgas/s      0+   13 Qed Ancient:#12384862 LI:#13363274    8/25 peers      2 MiB chain    4 MiB queue  RPC:  0 conn,    0 req/s,    0 µs
2021-10-06 04:23:00 UTC Syncing #13363261 0xe5e2…1490     0.40 blk/s   36.0 tx/s    2.7 Mgas/s      0+   13 Qed Ancient:#12384862 LI:#13363274    8/25 peers      2 MiB chain    4 MiB queue  RPC:  0 conn,    0 req/s,    0 µs
2021-10-06 04:23:10 UTC Syncing #13363265 0x362e…0fd1     0.40 blk/s   81.5 tx/s    5.3 Mgas/s      0+   12 Qed Ancient:#12384866 LI:#13363277    7/25 peers      2 MiB chain    4 MiB queue  RPC:  0 conn,    0 req/s,    0 µs
2021-10-06 04:23:10 UTC Syncing #13363262 0x07db…b6fb     0.20 blk/s  115.0 tx/s    6.0 Mgas/s      0+   15 Qed Ancient:#12384863 LI:#13363277    7/25 peers      2 MiB chain    5 MiB queue  RPC:  0 conn,    0 req/s,    0 µs
2021-10-06 04:23:19 UTC Syncing #13363265 0x362e…0fd1     0.60 blk/s   48.0 tx/s    4.6 Mgas/s      0+   13 Qed Ancient:#12384866 LI:#13363278    7/25 peers      2 MiB chain    4 MiB queue  RPC:  0 conn,    0 req/s,    0 µs
2021-10-06 04:23:19 UTC Syncing #13363265 0x362e…0fd1     0.30 blk/s   24.0 tx/s    2.3 Mgas/s      0+   13 Qed Ancient:#12384866 LI:#13363278    5/25 peers      2 MiB chain    4 MiB queue  RPC:  0 conn,    0 req/s,    0 µs
2021-10-06 04:23:28 UTC Syncing #13363266 0x3250…60cb     0.10 blk/s   43.4 tx/s    3.0 Mgas/s      0+   12 Qed Ancient:#12384867 LI:#13363278    5/25 peers      3 MiB chain    3 MiB queue  RPC:  0 conn,    0 req/s,    0 µs
2021-10-06 04:23:28 UTC Syncing #13363266 0x3250…60cb     0.20 blk/s   86.8 tx/s    6.0 Mgas/s      0+   12 Qed Ancient:#12384867 LI:#13363278    5/25 peers      3 MiB chain    3 MiB queue  RPC:  0 conn,    0 req/s,    0 µs
2021-10-06 04:23:35 UTC Syncing #13363267 0x6204…59b8     0.20 blk/s   79.0 tx/s    6.0 Mgas/s      0+   12 Qed Ancient:#12384868 LI:#13363279    5/25 peers      3 MiB chain    4 MiB queue  RPC:  0 conn,    0 req/s,    0 µs
2021-10-06 04:23:38 UTC Syncing #13363267 0x6204…59b8     0.20 blk/s   74.6 tx/s    5.9 Mgas/s      0+   11 Qed Ancient:#12384869 LI:#13363279    5/25 peers      4 MiB chain    3 MiB queue  RPC:  0 conn,    0 req/s,    0 µs
2021-10-06 04:23:48 UTC Syncing #13363268 0xcd23…8054     0.20 blk/s   66.2 tx/s    5.9 Mgas/s      0+   10 Qed Ancient:#12384870 LI:#13363279    5/25 peers      4 MiB chain    3 MiB queue  RPC:  0 conn,    0 req/s,    0 µs
2021-10-06 04:23:56 UTC Syncing #13363271 0x2f1d…db37     0.60 blk/s   71.0 tx/s    5.7 Mgas/s      0+    7 Qed Ancient:#12384873 LI:#13363280    5/25 peers      4 MiB chain    2 MiB queue  RPC:  0 conn,    0 req/s,    0 µs
2021-10-06 04:23:56 UTC Syncing #13363271 0x2f1d…db37     0.30 blk/s   35.9 tx/s    2.9 Mgas/s      0+    8 Qed Ancient:#12384873 LI:#13363280    5/25 peers      4 MiB chain    2 MiB queue  RPC:  0 conn,    0 req/s,    0 µs
2021-10-06 04:24:04 UTC Syncing #13363273 0xb39c…2a75     0.20 blk/s   51.4 tx/s    3.5 Mgas/s      0+    7 Qed Ancient:#12384875 LI:#13363282    5/25 peers      4 MiB chain    2 MiB queue  RPC:  0 conn,    0 req/s,    0 µs
2021-10-06 04:24:04 UTC Syncing #13363272 0xe99c…4400     0.20 blk/s   92.2 tx/s    6.0 Mgas/s      0+    8 Qed Ancient:#12384874 LI:#13363282    5/25 peers      4 MiB chain    2 MiB queue  RPC:  0 conn,    0 req/s,    0 µs
2021-10-06 04:24:10 UTC Syncing #13363276 0xf281…c915     0.80 blk/s   92.6 tx/s    7.4 Mgas/s      0+    5 Qed Ancient:#12384878 LI:#13363283    5/25 peers      4 MiB chain    1 MiB queue  RPC:  0 conn,    0 req/s,    0 µs
2021-10-06 04:24:18 UTC Syncing #13363276 0xf281…c915     0.00 blk/s    0.0 tx/s    0.0 Mgas/s      0+    7 Qed Ancient:#12384878 LI:#13363284    5/25 peers      4 MiB chain    2 MiB queue  RPC:  0 conn,    0 req/s,    0 µs
2021-10-06 04:24:24 UTC Syncing #13363278 0xff25…72d8     0.40 blk/s   80.0 tx/s    5.2 Mgas/s      0+    5 Qed Ancient:#12384880 LI:#13363284    5/25 peers      4 MiB chain  939 KiB queue  RPC:  0 conn,    0 req/s,    0 µs
2021-10-06 04:24:24 UTC Syncing #13363278 0xff25…72d8     0.20 blk/s   40.0 tx/s    2.6 Mgas/s      0+    5 Qed Ancient:#12384880 LI:#13363284    5/25 peers      4 MiB chain  939 KiB queue  RPC:  0 conn,    0 req/s,    0 µs
2021-10-06 04:24:54 UTC  Ancient:#12384888 AB:#12387922    5/25 peers      5 MiB chain  0 bytes queue  RPC:  0 conn,    0 req/s,    0 µs
2021-10-06 04:25:21 UTC Imported #13363287 0x6bf1…1298 (46 txs, 3.66 Mgas, 1583 ms, 24.81 KiB)
2021-10-06 04:26:16 UTC Syncing #13363287 0x6bf1…1298     0.01 blk/s    0.6 tx/s    0.0 Mgas/s      0+    9 Qed Ancient:#12387542 LI:#13363295    3/25 peers    0 bytes chain    2 MiB queue  RPC:  0 conn,    0 req/s,    0 µs
2021-10-06 04:26:23 UTC Syncing #13363287 0x6bf1…1298     0.00 blk/s    0.0 tx/s    0.0 Mgas/s      0+   10 Qed Ancient:#12387546 LI:#13363296    2/25 peers    142 KiB chain    3 MiB queue  RPC:  0 conn,    0 req/s,    0 µs
2021-10-06 04:26:42 UTC Syncing #13363287 0x6bf1…1298     0.00 blk/s    0.0 tx/s    0.0 Mgas/s      0+   11 Qed Ancient:#12387550 LI:#13363297    2/25 peers    284 KiB chain    3 MiB queue  RPC:  0 conn,    0 req/s,    0 µs
2021-10-06 04:26:42 UTC Syncing #13363287 0x6bf1…1298     0.00 blk/s    0.0 tx/s    0.0 Mgas/s      0+   10 Qed Ancient:#12387550 LI:#13363297    2/25 peers    355 KiB chain    3 MiB queue  RPC:  0 conn,    0 req/s,    0 µs
2021-10-06 04:26:48 UTC Syncing #13363287 0x6bf1…1298     0.00 blk/s    0.0 tx/s    0.0 Mgas/s      0+   10 Qed Ancient:#12387550 LI:#13363297    2/25 peers    355 KiB chain    3 MiB queue  RPC:  0 conn,    0 req/s,    0 µs
2021-10-06 04:26:53 UTC Syncing #13363287 0x6bf1…1298     0.00 blk/s    0.0 tx/s    0.0 Mgas/s      0+   14 Qed Ancient:#12387550 LI:#13363301    3/25 peers    355 KiB chain    4 MiB queue  RPC:  0 conn,    0 req/s,    0 µs
2021-10-06 04:26:58 UTC Syncing #13363287 0x6bf1…1298     0.00 blk/s    0.0 tx/s    0.0 Mgas/s      0+   15 Qed Ancient:#12387550 LI:#13363302    3/25 peers    355 KiB chain    4 MiB queue  RPC:  0 conn,    0 req/s,    0 µs
2021-10-06 04:27:05 UTC Syncing #13363288 0x3054…00b3     0.20 blk/s   56.2 tx/s    4.9 Mgas/s      0+   15 Qed Ancient:#12387551 LI:#13363302    2/25 peers    355 KiB chain    4 MiB queue  RPC:  0 conn,    0 req/s,    0 µs
2021-10-06 04:27:08 UTC Syncing #13363288 0x3054…00b3     0.00 blk/s    0.0 tx/s    0.0 Mgas/s      0+   17 Qed Ancient:#12387551 LI:#13363304    2/25 peers    355 KiB chain    4 MiB queue  RPC:  0 conn,    0 req/s,    0 µs
2021-10-06 04:27:14 UTC Syncing #13363288 0x3054…00b3     0.00 blk/s    0.0 tx/s    0.0 Mgas/s      0+   17 Qed Ancient:#12387551 LI:#13363304    2/25 peers    355 KiB chain    4 MiB queue  RPC:  0 conn,    0 req/s,    0 µs
2021-10-06 04:27:18 UTC Syncing #13363288 0x3054…00b3     0.00 blk/s    0.0 tx/s    0.0 Mgas/s      0+   17 Qed Ancient:#12387551 LI:#13363304    2/25 peers    355 KiB chain    4 MiB queue  RPC:  0 conn,    0 req/s,    0 µs
2021-10-06 04:27:26 UTC Syncing #13363288 0x3054…00b3     0.00 blk/s    0.0 tx/s    0.0 Mgas/s      0+   16 Qed Ancient:#12387551 LI:#13363304    2/25 peers    356 KiB chain    4 MiB queue  RPC:  0 conn,    0 req/s,    0 µs
2021-10-06 04:27:28 UTC Syncing #13363288 0x3054…00b3     0.00 blk/s    0.0 tx/s    0.0 Mgas/s      0+   17 Qed Ancient:#12387551 LI:#13363305    2/25 peers    356 KiB chain    4 MiB queue  RPC:  0 conn,    0 req/s,    0 µs
2021-10-06 04:27:33 UTC Syncing #13363288 0x3054…00b3     0.00 blk/s    0.0 tx/s    0.0 Mgas/s      0+   17 Qed Ancient:#12387551 LI:#13363305    2/25 peers    356 KiB chain    4 MiB queue  RPC:  0 conn,    0 req/s,    0 µs
2021-10-06 04:27:39 UTC Syncing #13363288 0x3054…00b3     0.20 blk/s   71.2 tx/s    5.3 Mgas/s      0+   17 Qed Ancient:#12387552 LI:#13363306    2/25 peers    356 KiB chain    4 MiB queue  RPC:  0 conn,    0 req/s,    0 µs
2021-10-06 04:27:43 UTC Syncing #13363288 0x3054…00b3     0.00 blk/s    0.0 tx/s    0.0 Mgas/s      0+   18 Qed Ancient:#12387552 LI:#13363306    2/25 peers    356 KiB chain    5 MiB queue  RPC:  0 conn,    0 req/s,    0 µs
2021-10-06 04:27:48 UTC Syncing #13363288 0x3054…00b3     0.00 blk/s    0.0 tx/s    0.0 Mgas/s      0+   17 Qed Ancient:#12387552 LI:#13363306    2/25 peers    862 KiB chain    4 MiB queue  RPC:  0 conn,    0 req/s,    0 µs
2021-10-06 04:27:51 UTC Reorg to #13363289 0x882f…9714 (0x3054…00b3 #13363287 0x6bf1…1298 0xaab0…ba64)
2021-10-06 04:27:56 UTC Syncing #13363289 0x882f…9714     0.20 blk/s   20.6 tx/s    1.8 Mgas/s      0+   16 Qed Ancient:#12387553 LI:#13363306    2/25 peers      1 MiB chain    4 MiB queue  RPC:  0 conn,    0 req/s,    0 µs
2021-10-06 04:27:58 UTC Syncing #13363289 0x882f…9714     0.00 blk/s    0.0 tx/s    0.0 Mgas/s      0+   16 Qed Ancient:#12387553 LI:#13363306    2/25 peers      1 MiB chain    4 MiB queue  RPC:  0 conn,    0 req/s,    0 µs
2021-10-06 04:28:03 UTC Syncing #13363290 0xb5c6…1659     0.20 blk/s    3.0 tx/s    0.7 Mgas/s      0+   15 Qed Ancient:#12387554 LI:#13363306    2/25 peers      1 MiB chain    4 MiB queue  RPC:  0 conn,    0 req/s,    0 µs
2021-10-06 04:28:08 UTC Syncing #13363290 0xb5c6…1659     0.00 blk/s    0.0 tx/s    0.0 Mgas/s      0+   16 Qed Ancient:#12387554 LI:#13363307    2/25 peers      1 MiB chain    5 MiB queue  RPC:  0 conn,    0 req/s,    0 µs
2021-10-06 04:28:13 UTC Syncing #13363291 0xfa40…acb3     0.20 blk/s   28.6 tx/s    2.8 Mgas/s      0+   15 Qed Ancient:#12387555 LI:#13363307    2/25 peers      1 MiB chain    5 MiB queue  RPC:  0 conn,    0 req/s,    0 µs
2021-10-06 04:28:19 UTC Syncing #13363291 0xfa40…acb3     0.00 blk/s    0.0 tx/s    0.0 Mgas/s      0+   15 Qed Ancient:#12387555 LI:#13363307    2/25 peers      1 MiB chain    5 MiB queue  RPC:  0 conn,    0 req/s,    0 µs