2021-10-07 22:46:51 UTC  Ancient:#12905626 AB:#12908424   13/25 peers      4 MiB chain  0 bytes queue  RPC:  0 conn,    0 req/s,    0 µs
2021-10-07 22:47:35 UTC  Ancient:#12905626 AB:#12909137   15/25 peers      5 MiB chain  564 KiB queue  RPC:  0 conn,    0 req/s,    0 µs
2021-10-07 22:47:46 UTC Syncing #13374539 0xd673…c51b     0.00 blk/s    0.0 tx/s    0.0 Mgas/s      0+    4 Qed Ancient:#12905626 LI:#13374543   11/25 peers      5 MiB chain    2 MiB queue  RPC:  0 conn,    0 req/s,    0 µs
2021-10-07 22:47:51 UTC Syncing #13374539 0xd673…c51b     0.00 blk/s    0.0 tx/s    0.0 Mgas/s      0+    4 Qed Ancient:#12905626 LI:#13374543   12/25 peers      5 MiB chain    2 MiB queue  RPC:  0 conn,    0 req/s,    0 µs
2021-10-07 22:47:56 UTC Syncing #13374539 0xd673…c51b     0.00 blk/s    0.0 tx/s    0.0 Mgas/s      0+    4 Qed Ancient:#12905626 LI:#13374543   15/25 peers      5 MiB chain    2 MiB queue  RPC:  0 conn,    0 req/s,    0 µs
2021-10-07 22:48:26 UTC  Ancient:#12905627 AB:#12909137   17/25 peers      5 MiB chain    2 MiB queue  RPC:  0 conn,    0 req/s,    0 µs
2021-10-07 22:48:38 UTC Syncing #13374541 0x96f6…99e5     0.08 blk/s   30.2 tx/s    2.4 Mgas/s      0+    6 Qed Ancient:#12905684 LI:#13374546   21/25 peers      5 MiB chain    3 MiB queue  RPC:  0 conn,    0 req/s,    0 µs
2021-10-07 22:48:43 UTC Syncing #13374541 0x96f6…99e5     0.00 blk/s    0.0 tx/s    0.0 Mgas/s      0+    5 Qed Ancient:#12905685 LI:#13374546   20/25 peers      5 MiB chain    2 MiB queue  RPC:  0 conn,    0 req/s,    0 µs
2021-10-07 22:48:55 UTC Syncing #13374541 0x96f6…99e5     0.00 blk/s    0.0 tx/s    0.0 Mgas/s      0+    5 Qed Ancient:#12905685 LI:#13374546   24/25 peers      5 MiB chain    2 MiB queue  RPC:  0 conn,    0 req/s,    0 µs
2021-10-07 22:49:01 UTC Syncing #13374541 0x96f6…99e5     0.00 blk/s    0.0 tx/s    0.0 Mgas/s      0+    5 Qed Ancient:#12905685 LI:#13374546   22/25 peers      5 MiB chain    2 MiB queue  RPC:  0 conn,    0 req/s,    0 µs
2021-10-07 22:50:22 UTC Syncing #13374542 0xd184…bcb0     0.01 blk/s    9.5 tx/s    0.4 Mgas/s      0+   11 Qed Ancient:#12907079 LI:#13374552   12/25 peers     18 MiB chain    4 MiB queue  RPC:  0 conn,    0 req/s,    0 µs
2021-10-07 22:50:31 UTC Syncing #13374542 0xd184…bcb0     0.00 blk/s    0.0 tx/s    0.0 Mgas/s      0+   11 Qed Ancient:#12907437 LI:#13374553    9/25 peers    0 bytes chain    4 MiB queue  RPC:  0 conn,    0 req/s,    0 µs
2021-10-07 22:50:31 UTC Syncing #13374542 0xd184…bcb0     0.00 blk/s    0.0 tx/s    0.0 Mgas/s      0+   11 Qed Ancient:#12907437 LI:#13374554    9/25 peers   744 bytes chain    4 MiB queue  RPC:  0 conn,    0 req/s,    0 µs
2021-10-07 22:50:38 UTC Syncing #13374542 0xd184…bcb0     0.00 blk/s    0.0 tx/s    0.0 Mgas/s      0+   12 Qed Ancient:#12907437 LI:#13374554    9/25 peers   744 bytes chain    4 MiB queue  RPC:  0 conn,    0 req/s,    0 µs
2021-10-07 22:50:41 UTC Syncing #13374542 0xd184…bcb0     0.20 blk/s   76.8 tx/s    6.0 Mgas/s      0+   12 Qed Ancient:#12907438 LI:#13374555   10/25 peers     92 KiB chain    4 MiB queue  RPC:  0 conn,    0 req/s,    0 µs
2021-10-07 22:50:46 UTC Syncing #13374542 0xd184…bcb0     0.00 blk/s    0.0 tx/s    0.0 Mgas/s      0+   12 Qed Ancient:#12907438 LI:#13374555   10/25 peers     92 KiB chain    4 MiB queue  RPC:  0 conn,    0 req/s,    0 µs
2021-10-07 22:50:51 UTC Syncing #13374542 0xd184…bcb0     0.00 blk/s    0.0 tx/s    0.0 Mgas/s      0+   12 Qed Ancient:#12907438 LI:#13374555   10/25 peers     92 KiB chain    4 MiB queue  RPC:  0 conn,    0 req/s,    0 µs
2021-10-07 22:50:56 UTC Syncing #13374542 0xd184…bcb0     0.00 blk/s    0.0 tx/s    0.0 Mgas/s      0+   12 Qed Ancient:#12907438 LI:#13374555   11/25 peers     92 KiB chain    4 MiB queue  RPC:  0 conn,    0 req/s,    0 µs
2021-10-07 22:51:01 UTC Syncing #13374542 0xd184…bcb0     0.00 blk/s    0.0 tx/s    0.0 Mgas/s      0+   12 Qed Ancient:#12907438 LI:#13374555   13/25 peers     92 KiB chain    4 MiB queue  RPC:  0 conn,    0 req/s,    0 µs
2021-10-07 22:51:06 UTC Syncing #13374542 0xd184…bcb0     0.00 blk/s    0.0 tx/s    0.0 Mgas/s      0+   12 Qed Ancient:#12907438 LI:#13374555   14/25 peers     92 KiB chain    4 MiB queue  RPC:  0 conn,    0 req/s,    0 µs
2021-10-07 22:51:11 UTC Syncing #13374542 0xd184…bcb0     0.00 blk/s    0.0 tx/s    0.0 Mgas/s      0+   12 Qed Ancient:#12907438 LI:#13374555   14/25 peers     92 KiB chain    4 MiB queue  RPC:  0 conn,    0 req/s,    0 µs
2021-10-07 22:51:30 UTC Syncing #13374542 0xd184…bcb0     0.00 blk/s    0.0 tx/s    0.0 Mgas/s      0+   13 Qed Ancient:#12907438 LI:#13374556   14/25 peers     92 KiB chain    4 MiB queue  RPC:  0 conn,    0 req/s,    0 µs
2021-10-07 22:51:30 UTC Syncing #13374542 0xd184…bcb0     0.00 blk/s    0.0 tx/s    0.0 Mgas/s      0+   13 Qed Ancient:#12907438 LI:#13374556   14/25 peers     92 KiB chain    4 MiB queue  RPC:  0 conn,    0 req/s,    0 µs
2021-10-07 22:51:30 UTC Syncing #13374542 0xd184…bcb0     0.00 blk/s    0.0 tx/s    0.0 Mgas/s      0+   13 Qed Ancient:#12907438 LI:#13374556   14/25 peers     92 KiB chain    4 MiB queue  RPC:  0 conn,    0 req/s,    0 µs
2021-10-07 22:51:31 UTC Syncing #13374542 0xd184…bcb0     0.00 blk/s    0.0 tx/s    0.0 Mgas/s      0+   17 Qed Ancient:#12907438 LI:#13374560   10/25 peers     92 KiB chain    5 MiB queue  RPC:  0 conn,    0 req/s,    0 µs
2021-10-07 22:51:36 UTC Syncing #13374542 0xd184…bcb0     0.00 blk/s    0.0 tx/s    0.0 Mgas/s      0+   17 Qed Ancient:#12907438 LI:#13374560    8/25 peers     92 KiB chain    5 MiB queue  RPC:  0 conn,    0 req/s,    0 µs
2021-10-07 22:51:42 UTC Syncing #13374542 0xd184…bcb0     0.00 blk/s    0.0 tx/s    0.0 Mgas/s      0+   17 Qed Ancient:#12907438 LI:#13374560   12/25 peers    840 KiB chain    5 MiB queue  RPC:  0 conn,    0 req/s,    0 µs
2021-10-07 22:51:46 UTC Syncing #13374542 0xd184…bcb0     0.00 blk/s    0.0 tx/s    0.0 Mgas/s      0+   18 Qed Ancient:#12907438 LI:#13374561   12/25 peers      1 MiB chain    5 MiB queue  RPC:  0 conn,    0 req/s,    0 µs
2021-10-07 22:51:52 UTC Syncing #13374542 0xd184…bcb0     0.00 blk/s    0.0 tx/s    0.0 Mgas/s      0+   18 Qed Ancient:#12907438 LI:#13374561   13/25 peers      1 MiB chain    5 MiB queue  RPC:  0 conn,    0 req/s,    0 µs
2021-10-07 22:51:56 UTC Syncing #13374543 0xdafd…f97c     0.20 blk/s   65.6 tx/s    6.0 Mgas/s      0+   17 Qed Ancient:#12907439 LI:#13374561   13/25 peers      1 MiB chain    5 MiB queue  RPC:  0 conn,    0 req/s,    0 µs
2021-10-07 22:52:01 UTC Syncing #13374543 0xdafd…f97c     0.00 blk/s    0.0 tx/s    0.0 Mgas/s      0+   18 Qed Ancient:#12907439 LI:#13374562   15/25 peers      1 MiB chain    5 MiB queue  RPC:  0 conn,    0 req/s,    0 µs
2021-10-07 22:52:08 UTC Syncing #13374544 0x9d50…458d     0.20 blk/s   27.2 tx/s    2.0 Mgas/s      0+   17 Qed Ancient:#12907440 LI:#13374562   15/25 peers      1 MiB chain    5 MiB queue  RPC:  0 conn,    0 req/s,    0 µs
2021-10-07 22:52:11 UTC Syncing #13374544 0x9d50…458d     0.00 blk/s    0.0 tx/s    0.0 Mgas/s      0+   19 Qed Ancient:#12907440 LI:#13374564   14/25 peers      1 MiB chain    5 MiB queue  RPC:  0 conn,    0 req/s,    0 µs
2021-10-07 22:52:17 UTC Syncing #13374544 0x9d50…458d     0.00 blk/s    0.0 tx/s    0.0 Mgas/s      0+   20 Qed Ancient:#12907440 LI:#13374565   13/25 peers      1 MiB chain    6 MiB queue  RPC:  0 conn,    0 req/s,    0 µs
2021-10-07 22:52:21 UTC Syncing #13374544 0x9d50…458d     0.00 blk/s    0.0 tx/s    0.0 Mgas/s      0+   20 Qed Ancient:#12907440 LI:#13374565   14/25 peers      1 MiB chain    6 MiB queue  RPC:  0 conn,    0 req/s,    0 µs
2021-10-07 22:52:26 UTC Syncing #13374545 0xa93f…787d     0.20 blk/s   56.6 tx/s    3.9 Mgas/s      0+   19 Qed Ancient:#12907441 LI:#13374565   14/25 peers      1 MiB chain    5 MiB queue  RPC:  0 conn,    0 req/s,    0 µs
2021-10-07 22:52:32 UTC Syncing #13374546 0x49fe…e577     0.20 blk/s   15.6 tx/s    0.9 Mgas/s      0+   18 Qed Ancient:#12907443 LI:#13374565   14/25 peers      2 MiB chain    5 MiB queue  RPC:  0 conn,    0 req/s,    0 µs
2021-10-07 22:52:36 UTC Syncing #13374546 0x49fe…e577     0.00 blk/s    0.0 tx/s    0.0 Mgas/s      0+   20 Qed Ancient:#12907443 LI:#13374567   13/25 peers      2 MiB chain    5 MiB queue  RPC:  0 conn,    0 req/s,    0 µs
2021-10-07 22:52:41 UTC Syncing #13374546 0x49fe…e577     0.00 blk/s    0.0 tx/s    0.0 Mgas/s      0+   20 Qed Ancient:#12907443 LI:#13374567   13/25 peers      2 MiB chain    5 MiB queue  RPC:  0 conn,    0 req/s,    0 µs
2021-10-07 22:52:46 UTC Syncing #13374546 0x49fe…e577     0.00 blk/s    0.0 tx/s    0.0 Mgas/s      0+   22 Qed Ancient:#12907443 LI:#13374569   16/25 peers      2 MiB chain    6 MiB queue  RPC:  0 conn,    0 req/s,    0 µs
2021-10-07 22:52:51 UTC Syncing #13374546 0x49fe…e577     0.00 blk/s    0.0 tx/s    0.0 Mgas/s      0+   22 Qed Ancient:#12907443 LI:#13374569   18/25 peers      2 MiB chain    6 MiB queue  RPC:  0 conn,    0 req/s,    0 µs
2021-10-07 22:52:56 UTC Syncing #13374546 0x49fe…e577     0.00 blk/s    0.0 tx/s    0.0 Mgas/s      0+   22 Qed Ancient:#12907443 LI:#13374569   20/25 peers      2 MiB chain    6 MiB queue  RPC:  0 conn,    0 req/s,    0 µs
2021-10-07 22:53:04 UTC Syncing #13374547 0x75bb…e0d2     0.20 blk/s   76.6 tx/s    6.0 Mgas/s      0+   21 Qed Ancient:#12907444 LI:#13374569   20/25 peers      2 MiB chain    6 MiB queue  RPC:  0 conn,    0 req/s,    0 µs
2021-10-07 22:53:06 UTC Syncing #13374547 0x75bb…e0d2     0.00 blk/s    0.0 tx/s    0.0 Mgas/s      0+   22 Qed Ancient:#12907444 LI:#13374570   17/25 peers      2 MiB chain    6 MiB queue  RPC:  0 conn,    0 req/s,    0 µs
2021-10-07 22:53:22 UTC Syncing #13374549 0x3c5b…81f2     0.15 blk/s   17.2 tx/s    1.3 Mgas/s      0+   21 Qed Ancient:#12907515 LI:#13374570   18/25 peers      4 MiB chain    6 MiB queue  RPC:  0 conn,    0 req/s,    0 µs
2021-10-07 22:53:22 UTC Syncing #13374549 0x3c5b…81f2     0.00 blk/s    0.0 tx/s    0.0 Mgas/s      0+   21 Qed Ancient:#12907557 LI:#13374570   18/25 peers      6 MiB chain    6 MiB queue  RPC:  0 conn,    0 req/s,    0 µs
2021-10-07 22:53:29 UTC Syncing #13374549 0x3c5b…81f2     0.00 blk/s    0.0 tx/s    0.0 Mgas/s      0+   20 Qed Ancient:#12907558 LI:#13374570   15/25 peers      6 MiB chain    5 MiB queue  RPC:  0 conn,    0 req/s,    0 µs
2021-10-07 22:53:32 UTC Syncing #13374549 0x3c5b…81f2     0.00 blk/s    0.0 tx/s    0.0 Mgas/s      0+   20 Qed Ancient:#12907558 LI:#13374570   15/25 peers      3 MiB chain    5 MiB queue  RPC:  0 conn,    0 req/s,    0 µs
2021-10-07 22:53:36 UTC Syncing #13374549 0x3c5b…81f2     0.00 blk/s    0.0 tx/s    0.0 Mgas/s      0+   20 Qed Ancient:#12907558 LI:#13374570   13/25 peers      3 MiB chain    5 MiB queue  RPC:  0 conn,    0 req/s,    0 µs
2021-10-07 22:53:45 UTC Syncing #13374550 0x4da9…d595     0.20 blk/s   33.2 tx/s    2.6 Mgas/s      0+   19 Qed Ancient:#12907559 LI:#13374570   13/25 peers      5 MiB chain    5 MiB queue  RPC:  0 conn,    0 req/s,    0 µs
2021-10-07 22:53:46 UTC Syncing #13374550 0x4da9…d595     0.00 blk/s    0.0 tx/s    0.0 Mgas/s      0+   19 Qed Ancient:#12907559 LI:#13374570   12/25 peers      5 MiB chain    5 MiB queue  RPC:  0 conn,    0 req/s,    0 µs
2021-10-07 22:53:53 UTC Syncing #13374550 0x4da9…d595     0.00 blk/s    0.0 tx/s    0.0 Mgas/s      0+   20 Qed Ancient:#12907559 LI:#13374571   14/25 peers      5 MiB chain    6 MiB queue  RPC:  0 conn,    0 req/s,    0 µs
2021-10-07 22:54:00 UTC Syncing #13374550 0x4da9…d595     0.00 blk/s    0.0 tx/s    0.0 Mgas/s      0+   20 Qed Ancient:#12907559 LI:#13374571   14/25 peers      5 MiB chain    6 MiB queue  RPC:  0 conn,    0 req/s,    0 µs
2021-10-07 22:54:11 UTC Syncing #13374552 0x5fde…b563     0.13 blk/s   23.1 tx/s    1.4 Mgas/s      0+   21 Qed Ancient:#12907561 LI:#13374573   11/25 peers      5 MiB chain    6 MiB queue  RPC:  0 conn,    0 req/s,    0 µs
2021-10-07 22:54:20 UTC Syncing #13374552 0x5fde…b563     0.00 blk/s    0.0 tx/s    0.0 Mgas/s      0+   21 Qed Ancient:#12907561 LI:#13374574   13/25 peers      5 MiB chain    6 MiB queue  RPC:  0 conn,    0 req/s,    0 µs
2021-10-07 22:54:26 UTC Syncing #13374552 0x5fde…b563     0.00 blk/s    0.0 tx/s    0.0 Mgas/s      0+   21 Qed Ancient:#12907561 LI:#13374574   13/25 peers      5 MiB chain    6 MiB queue  RPC:  0 conn,    0 req/s,    0 µs
2021-10-07 22:54:31 UTC Syncing #13374552 0x5fde…b563     0.00 blk/s    0.0 tx/s    0.0 Mgas/s      0+   22 Qed Ancient:#12907561 LI:#13374575   14/25 peers      5 MiB chain    6 MiB queue  RPC:  0 conn,    0 req/s,    0 µs
2021-10-07 22:54:39 UTC Syncing #13374552 0x5fde…b563     0.00 blk/s    0.0 tx/s    0.0 Mgas/s      0+   22 Qed Ancient:#12907561 LI:#13374575   14/25 peers      5 MiB chain    6 MiB queue  RPC:  0 conn,    0 req/s,    0 µs
2021-10-07 22:54:41 UTC Syncing #13374552 0x5fde…b563     0.00 blk/s    0.0 tx/s    0.0 Mgas/s      0+   23 Qed Ancient:#12907561 LI:#13374576   14/25 peers      5 MiB chain    6 MiB queue  RPC:  0 conn,    0 req/s,    0 µs
2021-10-07 22:54:49 UTC Syncing #13374553 0x9d92…f731     0.20 blk/s  108.0 tx/s    6.0 Mgas/s      0+   22 Qed Ancient:#12907562 LI:#13374577   14/25 peers      5 MiB chain    6 MiB queue  RPC:  0 conn,    0 req/s,    0 µs
2021-10-07 22:54:54 UTC Syncing #13374554 0x28fa…f883     0.20 blk/s   31.8 tx/s    2.5 Mgas/s      0+   23 Qed Ancient:#12907563 LI:#13374577   14/25 peers      5 MiB chain    6 MiB queue  RPC:  0 conn,    0 req/s,    0 µs
2021-10-07 22:54:59 UTC Syncing #13374555 0x3d0d…6c75     0.20 blk/s   20.0 tx/s    1.4 Mgas/s      0+   23 Qed Ancient:#12907564 LI:#13374578   14/25 peers      5 MiB chain    6 MiB queue  RPC:  0 conn,    0 req/s,    0 µs
2021-10-07 22:55:06 UTC Syncing #13374556 0xe32a…90b4     0.20 blk/s   70.8 tx/s    4.8 Mgas/s      0+   22 Qed Ancient:#12907565 LI:#13374578   14/25 peers      5 MiB chain    5 MiB queue  RPC:  0 conn,    0 req/s,    0 µs
2021-10-07 22:55:09 UTC Syncing #13374558 0x55f1…ec5b     0.40 blk/s    8.8 tx/s    0.6 Mgas/s      0+   21 Qed Ancient:#12907567 LI:#13374579   14/25 peers      5 MiB chain    5 MiB queue  RPC:  0 conn,    0 req/s,    0 µs
2021-10-07 22:55:11 UTC Syncing #13374558 0x55f1…ec5b     0.00 blk/s    0.0 tx/s    0.0 Mgas/s      0+   22 Qed Ancient:#12907567 LI:#13374580   14/25 peers      5 MiB chain    6 MiB queue  RPC:  0 conn,    0 req/s,    0 µs