INFO [10-07|19:49:10.621] Imported new block headers               count=1  elapsed=7.255ms   number=13,373,767 hash=f5fe4f..9c3a43
INFO [10-07|19:49:15.019] Imported new block headers               count=1  elapsed=6.976ms   number=13,373,768 hash=ab6e85..e39873
INFO [10-07|19:49:18.051] State heal in progress                   accounts=23519@1.20MiB    slots=6636@519.18KiB codes=12752@108.29MiB nodes=304,349,716@89.63GiB pending=125,793
WARN [10-07|19:49:19.182] Unexpected trienode heal packet          peer=30e60a4e reqid=2,629,223,110,923,435,912
INFO [10-07|19:49:28.364] State heal in progress                   accounts=23732@1.21MiB    slots=6636@519.18KiB codes=12752@108.29MiB nodes=304,350,604@89.63GiB pending=126,344
INFO [10-07|19:49:34.375] Imported new block headers               count=1  elapsed=7.172ms   number=13,373,769 hash=4744df..811c5d
INFO [10-07|19:49:34.710] Downloader queue stats                   receiptTasks=0 blockTasks=0 itemSize=235.62KiB throttle=1113
INFO [10-07|19:49:37.774] State heal in progress                   accounts=23787@1.21MiB    slots=6636@519.18KiB codes=12752@108.29MiB nodes=304,351,135@89.63GiB pending=127,089
INFO [10-07|19:49:44.940] Imported new block headers               count=1  elapsed=6.839ms   number=13,373,770 hash=e1ba1d..a1e9b9
INFO [10-07|19:49:46.710] State heal in progress                   accounts=23917@1.22MiB    slots=6636@519.18KiB codes=12752@108.29MiB nodes=304,351,842@89.63GiB pending=127,498
INFO [10-07|19:49:55.176] State heal in progress                   accounts=24086@1.23MiB    slots=6636@519.18KiB codes=12752@108.29MiB nodes=304,352,593@89.63GiB pending=127,726
INFO [10-07|19:50:01.260] Imported new block headers               count=1  elapsed=8.613ms   number=13,373,771 hash=7253c5..a09579
INFO [10-07|19:50:04.550] State heal in progress                   accounts=24135@1.23MiB    slots=6636@519.18KiB codes=12752@108.29MiB nodes=304,353,177@89.63GiB pending=128,238
INFO [10-07|19:50:12.630] State heal in progress                   accounts=24161@1.23MiB    slots=6636@519.18KiB codes=12752@108.29MiB nodes=304,353,678@89.63GiB pending=128,677
INFO [10-07|19:50:17.422] Imported new block headers               count=1  elapsed=6.796ms   number=13,373,772 hash=5b2c29..ee2bb2
INFO [10-07|19:50:21.317] State heal in progress                   accounts=24285@1.24MiB    slots=6636@519.18KiB codes=12752@108.29MiB nodes=304,354,390@89.63GiB pending=129,051
INFO [10-07|19:50:30.809] State heal in progress                   accounts=24339@1.24MiB    slots=6636@519.18KiB codes=12752@108.29MiB nodes=304,354,956@89.63GiB pending=129,572
WARN [10-07|19:50:30.811] Unexpected trienode heal packet          peer=31e47659 reqid=6,912,718,421,416,659,254
WARN [10-07|19:50:34.991] Unexpected trienode heal packet          peer=c746522c reqid=8,170,923,728,928,386,251
INFO [10-07|19:50:39.898] State heal in progress                   accounts=24396@1.24MiB    slots=6636@519.18KiB codes=12752@108.29MiB nodes=304,355,521@89.63GiB pending=130,197
WARN [10-07|19:50:39.899] Unexpected trienode heal packet          peer=40bcfd5e reqid=9,105,885,748,319,877,135
WARN [10-07|19:50:40.416] Unexpected trienode heal packet          peer=07527e24 reqid=6,227,277,558,707,278,287
WARN [10-07|19:50:43.993] Unexpected trienode heal packet          peer=dc3be0f6 reqid=5,196,204,199,140,839,487
WARN [10-07|19:50:45.005] Unexpected trienode heal packet          peer=a0f90a1e reqid=3,975,849,698,765,664,978
INFO [10-07|19:50:45.965] Imported new block headers               count=2  elapsed=13.142ms  number=13,373,774 hash=bc9aea..6bd6c4
WARN [10-07|19:50:46.431] Unexpected trienode heal packet          peer=a2f9f85f reqid=3,131,971,628,901,460,381
INFO [10-07|19:50:46.764] Downloader queue stats                   receiptTasks=0 blockTasks=0 itemSize=261.97KiB throttle=1001
INFO [10-07|19:50:49.966] State heal in progress                   accounts=24508@1.25MiB    slots=6636@519.18KiB codes=12752@108.29MiB nodes=304,356,253@89.63GiB pending=130,583
WARN [10-07|19:50:49.966] Unexpected trienode heal packet          peer=fdda365f reqid=8,655,822,186,074,335,916
WARN [10-07|19:50:51.159] Unexpected trienode heal packet          peer=30e60a4e reqid=8,537,967,640,999,165,738
WARN [10-07|19:50:52.561] Unexpected trienode heal packet          peer=9abd7dd0 reqid=5,118,834,912,719,056,477
WARN [10-07|19:50:55.861] Unexpected trienode heal packet          peer=a5cef330 reqid=467,501,853,942,279,816
INFO [10-07|19:50:59.901] State heal in progress                   accounts=24651@1.25MiB    slots=6636@519.18KiB codes=12752@108.29MiB nodes=304,356,994@89.63GiB pending=130,904
WARN [10-07|19:50:59.901] Unexpected trienode heal packet          peer=2450a96d reqid=2,954,811,291,774,374,409
WARN [10-07|19:51:00.430] Unexpected trienode heal packet          peer=7273aca6 reqid=5,531,068,642,626,458,308
WARN [10-07|19:51:01.949] Unexpected trienode heal packet          peer=857b968e reqid=793,465,166,647,521,024
WARN [10-07|19:51:03.483] Unexpected trienode heal packet          peer=d34ee4fd reqid=8,868,131,443,037,043,358
WARN [10-07|19:51:03.864] Unexpected trienode heal packet          peer=2f96d7cb reqid=6,493,473,625,625,390,464
WARN [10-07|19:51:07.644] Unexpected trienode heal packet          peer=3dac805d reqid=4,613,100,149,373,395,518
INFO [10-07|19:51:08.169] State heal in progress                   accounts=24729@1.26MiB    slots=6637@519.28KiB codes=12752@108.29MiB nodes=304,357,549@89.63GiB pending=131,305
WARN [10-07|19:51:08.171] Unexpected trienode heal packet          peer=a542ca90 reqid=7,879,095,025,632,125,809
WARN [10-07|19:51:11.484] Unexpected trienode heal packet          peer=73987819 reqid=4,537,151,607,993,040,600
INFO [10-07|19:51:11.854] Imported new block headers               count=1  elapsed=6.359ms   number=13,373,775 hash=55cbd9..2ee77b
WARN [10-07|19:51:15.091] Unexpected trienode heal packet          peer=31e47659 reqid=6,702,596,674,240,214,179
WARN [10-07|19:51:15.112] Unexpected trienode heal packet          peer=c746522c reqid=8,153,923,661,367,309,382
WARN [10-07|19:51:15.149] Unexpected trienode heal packet          peer=40bcfd5e reqid=3,065,356,260,552,621,033
WARN [10-07|19:51:15.199] Unexpected trienode heal packet          peer=07527e24 reqid=2,046,034,873,199,787,215
WARN [10-07|19:51:15.208] Unexpected trienode heal packet          peer=dc3be0f6 reqid=728,621,606,751,617,466
WARN [10-07|19:51:15.272] Unexpected trienode heal packet          peer=a0f90a1e reqid=6,367,755,473,258,422,711
WARN [10-07|19:51:15.369] Unexpected trienode heal packet          peer=a2f9f85f reqid=8,456,692,114,433,427,556
WARN [10-07|19:51:15.439] Unexpected trienode heal packet          peer=fdda365f reqid=3,251,773,670,049,943,434
WARN [10-07|19:51:15.441] Unexpected trienode heal packet          peer=30e60a4e reqid=3,897,875,330,003,835,783
INFO [10-07|19:51:16.502] State heal in progress                   accounts=24815@1.26MiB    slots=6637@519.28KiB codes=12752@108.29MiB nodes=304,358,150@89.63GiB pending=131,706
INFO [10-07|19:51:18.472] Imported new block headers               count=1  elapsed=7.741ms   number=13,373,776 hash=f779b4..ce8211
INFO [10-07|19:51:25.170] State heal in progress                   accounts=24932@1.27MiB    slots=6638@519.34KiB codes=12752@108.29MiB nodes=304,358,697@89.63GiB pending=131,912
INFO [10-07|19:51:31.734] Imported new block headers               count=1  elapsed=5.915ms   number=13,373,777 hash=069ea8..e5f7d3
INFO [10-07|19:51:33.645] State heal in progress                   accounts=25030@1.27MiB    slots=6638@519.34KiB codes=12752@108.29MiB nodes=304,359,194@89.63GiB pending=132,187
WARN [10-07|19:51:37.204] Unexpected trienode heal packet          peer=a0f90a1e reqid=7,432,699,776,312,241,947
WARN [10-07|19:51:38.530] Unexpected trienode heal packet          peer=a2f9f85f reqid=2,362,490,240,975,233,045
WARN [10-07|19:51:39.896] Unexpected trienode heal packet          peer=fdda365f reqid=7,316,437,354,063,889,083
WARN [10-07|19:51:41.139] Unexpected trienode heal packet          peer=a5cef330 reqid=6,057,300,572,102,347,316
INFO [10-07|19:51:44.690] State heal in progress                   accounts=25182@1.28MiB    slots=6638@519.34KiB codes=12752@108.29MiB nodes=304,359,901@89.63GiB pending=132,459
WARN [10-07|19:51:44.691] Unexpected trienode heal packet          peer=30e60a4e reqid=7,726,850,053,114,560,267
WARN [10-07|19:51:46.156] Unexpected trienode heal packet          peer=7273aca6 reqid=3,387,962,877,166,273,295
WARN [10-07|19:51:47.055] Unexpected trienode heal packet          peer=857b968e reqid=3,166,685,274,877,756,029
WARN [10-07|19:51:47.977] Unexpected trienode heal packet          peer=d34ee4fd reqid=2,665,619,623,227,149,290
INFO [10-07|19:51:53.906] State heal in progress                   accounts=25299@1.29MiB    slots=6638@519.34KiB codes=12752@108.29MiB nodes=304,360,458@89.63GiB pending=132,807
INFO [10-07|19:51:54.303] Imported new block headers               count=1  elapsed=6.210ms   number=13,373,778 hash=b8e049..090b97
INFO [10-07|19:51:54.804] Downloader queue stats                   receiptTasks=0 blockTasks=0 itemSize=255.75KiB throttle=1025
WARN [10-07|19:51:57.724] Unexpected trienode heal packet          peer=c746522c reqid=491,318,664,220,772,499
WARN [10-07|19:51:58.952] Unexpected trienode heal packet          peer=07527e24 reqid=4,223,649,827,400,460,368
INFO [10-07|19:52:02.672] State heal in progress                   accounts=25387@1.29MiB    slots=6638@519.34KiB codes=12752@108.29MiB nodes=304,360,971@89.63GiB pending=133,210
WARN [10-07|19:52:02.672] Unexpected trienode heal packet          peer=dc3be0f6 reqid=8,853,887,653,643,615,114
INFO [10-07|19:52:04.260] Imported new block headers               count=1  elapsed=6.116ms   number=13,373,779 hash=c93c7b..4c08bb
WARN [10-07|19:52:04.390] Unexpected trienode heal packet          peer=40bcfd5e reqid=7,834,822,286,583,608,263
WARN [10-07|19:52:08.031] Unexpected trienode heal packet          peer=a5cef330 reqid=6,216,440,605,830,719,728
WARN [10-07|19:52:08.032] Unexpected trienode heal packet          peer=fdda365f reqid=4,476,355,014,910,864,297
WARN [10-07|19:52:08.097] Unexpected trienode heal packet          peer=30e60a4e reqid=4,391,276,791,224,642,712
WARN [10-07|19:52:08.213] Unexpected trienode heal packet          peer=7273aca6 reqid=161,591,410,998,644,580
WARN [10-07|19:52:08.222] Unexpected trienode heal packet          peer=857b968e reqid=4,664,379,025,350,303,293
WARN [10-07|19:52:08.265] Unexpected trienode heal packet          peer=d34ee4fd reqid=7,784,822,291,946,667,146
WARN [10-07|19:52:08.379] Unexpected trienode heal packet          peer=3dac805d reqid=94,482,387,754,939,506
INFO [10-07|19:52:12.048] State heal in progress                   accounts=25526@1.30MiB    slots=6638@519.34KiB codes=12752@108.29MiB nodes=304,361,576@89.63GiB pending=133,484
INFO [10-07|19:52:14.081] Imported new block headers               count=1  elapsed=5.522ms   number=13,373,780 hash=4122c5..bc931a
INFO [10-07|19:52:14.274] Imported new block headers               count=1  elapsed=5.658ms   number=13,373,781 hash=2f843c..1ca236
INFO [10-07|19:52:17.660] Imported new block headers               count=1  elapsed=6.070ms   number=13,373,782 hash=4698a2..e6031c
INFO [10-07|19:52:21.048] Imported new block headers               count=1  elapsed=7.515ms   number=13,373,783 hash=22bc44..652d6a
INFO [10-07|19:52:21.501] State heal in progress                   accounts=25617@1.30MiB    slots=6638@519.34KiB codes=12752@108.29MiB nodes=304,362,124@89.63GiB pending=133,910
INFO [10-07|19:52:29.507] State heal in progress                   accounts=25747@1.31MiB    slots=6638@519.34KiB codes=12752@108.29MiB nodes=304,362,653@89.63GiB pending=134,129
INFO [10-07|19:52:37.716] State heal in progress                   accounts=25840@1.31MiB    slots=6639@519.44KiB codes=12752@108.29MiB nodes=304,363,103@89.63GiB pending=134,329
INFO [10-07|19:52:47.264] State heal in progress                   accounts=25999@1.32MiB    slots=6640@519.51KiB codes=12752@108.29MiB nodes=304,363,762@89.63GiB pending=134,522
WARN [10-07|19:52:53.342] Unexpected trienode heal packet          peer=9abd7dd0 reqid=7,250,685,395,729,973,725
WARN [10-07|19:52:53.833] Unexpected trienode heal packet          peer=fdda365f reqid=8,696,886,025,592,497,307
WARN [10-07|19:52:53.883] Unexpected trienode heal packet          peer=30e60a4e reqid=9,141,380,790,921,664,251
WARN [10-07|19:52:53.981] Unexpected trienode heal packet          peer=7273aca6 reqid=4,919,667,318,952,122,009
WARN [10-07|19:52:54.061] Unexpected trienode heal packet          peer=857b968e reqid=7,021,277,459,176,018,247
WARN [10-07|19:52:54.147] Unexpected trienode heal packet          peer=2450a96d reqid=9,029,846,094,601,279,266
WARN [10-07|19:52:54.285] Unexpected trienode heal packet          peer=a542ca90 reqid=737,870,457,136,223,888
INFO [10-07|19:52:55.002] Imported new block headers               count=1  elapsed=5.956ms   number=13,373,784 hash=a99b05..b789d9
INFO [10-07|19:52:55.454] State heal in progress                   accounts=26075@1.32MiB    slots=6640@519.51KiB codes=12753@108.31MiB nodes=304,364,289@89.63GiB pending=135,347
INFO [10-07|19:52:55.836] Downloader queue stats                   receiptTasks=0 blockTasks=0 itemSize=226.38KiB throttle=1158
INFO [10-07|19:52:58.391] Imported new block headers               count=1  elapsed=9.713ms   number=13,373,785 hash=941045..37c2bf
ERROR[10-07|19:53:02.986] Snapshot extension registration failed   peer=b9ce4405 err="peer connected on snap without compatible eth support"
INFO [10-07|19:53:04.877] State heal in progress                   accounts=26150@1.33MiB    slots=6642@519.69KiB codes=12753@108.31MiB nodes=304,364,868@89.63GiB pending=137,149
WARN [10-07|19:53:11.917] Unexpected trienode heal packet          peer=a2f9f85f reqid=2,443,100,745,595,960,633
INFO [10-07|19:53:14.203] State heal in progress                   accounts=26403@1.34MiB    slots=6644@519.85KiB codes=12753@108.31MiB nodes=304,365,671@89.63GiB pending=137,741
WARN [10-07|19:53:14.204] Unexpected trienode heal packet          peer=a5cef330 reqid=5,767,390,525,050,669,170
WARN [10-07|19:53:17.716] Unexpected trienode heal packet          peer=a0f90a1e reqid=7,310,418,892,216,771,469
WARN [10-07|19:53:18.637] Unexpected trienode heal packet          peer=9abd7dd0 reqid=904,703,602,233,922,699
WARN [10-07|19:53:18.823] Unexpected trienode heal packet          peer=30e60a4e reqid=485,813,047,371,826,319
WARN [10-07|19:53:18.993] Unexpected trienode heal packet          peer=7273aca6 reqid=2,491,535,948,328,147,656
WARN [10-07|19:53:19.261] Unexpected trienode heal packet          peer=857b968e reqid=4,270,673,420,758,643,518
WARN [10-07|19:53:19.580] Unexpected trienode heal packet          peer=2450a96d reqid=7,069,084,788,721,848,246
WARN [10-07|19:53:19.871] Unexpected trienode heal packet          peer=2f96d7cb reqid=7,154,985,133,128,356,423
INFO [10-07|19:53:23.553] State heal in progress                   accounts=26548@1.35MiB    slots=6647@520.11KiB codes=12753@108.31MiB nodes=304,366,301@89.63GiB pending=138,209
WARN [10-07|19:53:23.554] Unexpected trienode heal packet          peer=a542ca90 reqid=6,466,796,330,847,505,072
WARN [10-07|19:53:23.814] Unexpected trienode heal packet          peer=73987819 reqid=9,132,407,826,655,839,758
ERROR[10-07|19:53:25.110] Snapshot extension registration failed   peer=9c8d9aaf err="peer connected on snap without compatible eth support"
WARN [10-07|19:53:28.326] Unexpected trienode heal packet          peer=3dac805d reqid=285,034,423,496,911,999
WARN [10-07|19:53:28.613] Unexpected trienode heal packet          peer=31e47659 reqid=6,741,114,451,891,317,276
INFO [10-07|19:53:30.515] Imported new block headers               count=1  elapsed=6.191ms   number=13,373,786 hash=f21f15..c0b73e age=1m12s
WARN [10-07|19:53:31.530] Unexpected trienode heal packet          peer=fdda365f reqid=232,538,431,415,899,952
WARN [10-07|19:53:31.547] Unexpected trienode heal packet          peer=d34ee4fd reqid=3,714,864,385,301,096,581
INFO [10-07|19:53:31.915] State heal in progress                   accounts=26657@1.35MiB    slots=6647@520.11KiB codes=12753@108.31MiB nodes=304,366,870@89.63GiB pending=138,974
WARN [10-07|19:53:31.916] Unexpected trienode heal packet          peer=c746522c reqid=2,220,788,929,437,376,541
WARN [10-07|19:53:32.494] Checkpoint challenge timed out, dropping id=ff1c10183143af93 conn=inbound addr=88.99.99.120:34640   type=OpenEthereum/v3.3.0-...
WARN [10-07|19:53:33.410] Unexpected trienode heal packet          peer=07527e24 reqid=8,667,508,522,910,994,818
WARN [10-07|19:53:37.437] Unexpected trienode heal packet          peer=dc3be0f6 reqid=4,666,959,747,983,318,160
WARN [10-07|19:53:38.004] Unexpected trienode heal packet          peer=40bcfd5e reqid=3,173,975,541,784,349,247
WARN [10-07|19:53:38.409] Unexpected trienode heal packet          peer=a2f9f85f reqid=5,243,188,515,577,084,948
WARN [10-07|19:53:38.534] Unexpected trienode heal packet          peer=30e60a4e reqid=5,099,567,806,245,106,474
WARN [10-07|19:53:38.550] Unexpected trienode heal packet          peer=7273aca6 reqid=7,179,768,584,379,243,269
INFO [10-07|19:53:40.559] State heal in progress                   accounts=26750@1.36MiB    slots=6651@520.42KiB codes=12753@108.31MiB nodes=304,367,390@89.63GiB pending=140,349
INFO [10-07|19:53:49.259] State heal in progress                   accounts=26986@1.37MiB    slots=6652@520.50KiB codes=12753@108.31MiB nodes=304,368,195@89.63GiB pending=142,499
INFO [10-07|19:53:58.082] State heal in progress                   accounts=27224@1.38MiB    slots=6652@520.50KiB codes=12753@108.31MiB nodes=304,368,986@89.63GiB pending=144,280
INFO [10-07|19:53:59.514] Imported new block headers               count=2  elapsed=13.384ms  number=13,373,788 hash=262003..38db0f age=1m4s
INFO [10-07|19:53:59.875] Downloader queue stats                   receiptTasks=0 blockTasks=0 itemSize=288.23KiB throttle=910
WARN [10-07|19:53:59.875] Pivot became stale, moving               old=13,373,661 new=13,373,726
INFO [10-07|19:53:59.996] Imported new block receipts              count=65 elapsed=119.758ms number=13,373,725 hash=f776c3..83ffa4 age=12m41s   size=4.43MiB
INFO [10-07|19:54:00.657] State heal in progress                   accounts=27295@1.39MiB    slots=6652@520.50KiB codes=12753@108.31MiB nodes=304,369,223@89.63GiB pending=144,949
WARN [10-07|19:54:00.669] Unexpected trienode heal packet          peer=31e47659 reqid=6,872,777,162,094,967,749
WARN [10-07|19:54:00.673] Unexpected trienode heal packet          peer=07527e24 reqid=6,180,885,630,650,468,145
WARN [10-07|19:54:00.679] Unexpected trienode heal packet          peer=73987819 reqid=1,865,458,888,234,562,760
WARN [10-07|19:54:00.684] Unexpected trienode heal packet          peer=a2f9f85f reqid=1,867,727,219,965,587,090
WARN [10-07|19:54:00.739] Unexpected trienode heal packet          peer=857b968e reqid=452,669,969,384,117,203
WARN [10-07|19:54:00.740] Unexpected trienode heal packet          peer=c746522c reqid=6,962,607,777,613,156,191
WARN [10-07|19:54:00.747] Unexpected trienode heal packet          peer=7273aca6 reqid=3,848,643,688,828,861,495
WARN [10-07|19:54:00.748] Unexpected trienode heal packet          peer=a542ca90 reqid=8,352,374,573,874,035,702
WARN [10-07|19:54:00.760] Unexpected trienode heal packet          peer=30e60a4e reqid=1,551,718,336,231,889,953
WARN [10-07|19:54:00.766] Unexpected trienode heal packet          peer=fdda365f reqid=7,781,863,477,578,009,521
WARN [10-07|19:54:00.779] Unexpected trienode heal packet          peer=9abd7dd0 reqid=1,211,177,538,576,246,561
WARN [10-07|19:54:00.783] Unexpected trienode heal packet          peer=a0f90a1e reqid=5,759,099,630,074,136,023
WARN [10-07|19:54:00.864] Unexpected trienode heal packet          peer=40bcfd5e reqid=5,576,175,464,278,812,812
WARN [10-07|19:54:00.882] Unexpected trienode heal packet          peer=3dac805d reqid=4,674,338,864,603,412,152
WARN [10-07|19:54:01.409] Unexpected trienode heal packet          peer=d34ee4fd reqid=5,441,853,937,154,295,097
INFO [10-07|19:54:12.224] State heal in progress                   accounts=27295@1.39MiB    slots=6652@520.50KiB codes=12753@108.31MiB nodes=304,371,647@89.64GiB pending=37497
INFO [10-07|19:54:22.158] Imported new block headers               count=1  elapsed=8.351ms   number=13,373,789 hash=89f8dd..e2a2f1
INFO [10-07|19:54:26.729] State heal in progress                   accounts=27295@1.39MiB    slots=6652@520.50KiB codes=12753@108.31MiB nodes=304,373,984@89.64GiB pending=62194
WARN [10-07|19:54:26.730] Unexpected trienode heal packet          peer=30e60a4e reqid=5,283,814,897,732,305,406
WARN [10-07|19:54:31.630] Unexpected trienode heal packet          peer=2f96d7cb reqid=7,646,540,261,967,795,052
WARN [10-07|19:54:33.983] Unexpected trienode heal packet          peer=07527e24 reqid=981,861,032,593,067,184
WARN [10-07|19:54:37.530] Dropping unsynced node during sync       id=5ced89f6cb52b5de conn=inbound addr=136.55.108.244:56382 type=Geth/v1.10.9-stable-...
INFO [10-07|19:54:41.743] State heal in progress                   accounts=27295@1.39MiB    slots=6652@520.50KiB codes=12753@108.31MiB nodes=304,375,785@89.64GiB pending=79490
WARN [10-07|19:54:41.743] Unexpected trienode heal packet          peer=fdda365f reqid=2,273,538,761,290,989,071
INFO [10-07|19:54:42.091] Imported new block headers               count=1  elapsed=10.875ms  number=13,373,790 hash=31c000..ff112f
INFO [10-07|19:54:42.281] Imported new block headers               count=1  elapsed=7.772ms   number=13,373,791 hash=16ec0b..1767ca
WARN [10-07|19:54:42.357] Unexpected trienode heal packet          peer=c746522c reqid=4,722,504,275,849,151,724
WARN [10-07|19:54:42.457] Unexpected trienode heal packet          peer=a542ca90 reqid=7,028,222,205,540,703,909
WARN [10-07|19:54:44.143] Unexpected trienode heal packet          peer=a5cef330 reqid=8,509,997,919,691,805,556