2021-10-07 21:33:22 UTC Syncing #13374218 0xc7e3…ecc9     0.00 blk/s    0.0 tx/s    0.0 Mgas/s      0+    7 Qed Ancient:#12890290 LI:#13374226   11/25 peers      3 MiB chain    2 MiB queue  RPC:  0 conn,    0 req/s,    0 µs
2021-10-07 21:33:27 UTC Syncing #13374218 0xc7e3…ecc9     0.00 blk/s    0.0 tx/s    0.0 Mgas/s      0+    8 Qed Ancient:#12890290 LI:#13374227   10/25 peers      3 MiB chain    3 MiB queue  RPC:  0 conn,    0 req/s,    0 µs
2021-10-07 21:33:33 UTC Syncing #13374218 0xc7e3…ecc9     0.00 blk/s    0.0 tx/s    0.0 Mgas/s      0+    8 Qed Ancient:#12890290 LI:#13374227   11/25 peers      3 MiB chain    3 MiB queue  RPC:  0 conn,    0 req/s,    0 µs
2021-10-07 21:33:37 UTC Syncing #13374220 0xe78d…c98f     0.40 blk/s   80.4 tx/s    4.8 Mgas/s      0+    6 Qed Ancient:#12890292 LI:#13374227   12/25 peers      3 MiB chain    2 MiB queue  RPC:  0 conn,    0 req/s,    0 µs
2021-10-07 21:33:42 UTC Syncing #13374220 0xe78d…c98f     0.00 blk/s    0.0 tx/s    0.0 Mgas/s      0+    6 Qed Ancient:#12890292 LI:#13374227   12/25 peers      3 MiB chain    2 MiB queue  RPC:  0 conn,    0 req/s,    0 µs
2021-10-07 21:33:47 UTC Syncing #13374220 0xe78d…c98f     0.00 blk/s    0.0 tx/s    0.0 Mgas/s      0+    6 Qed Ancient:#12890292 LI:#13374227    9/25 peers      3 MiB chain    2 MiB queue  RPC:  0 conn,    0 req/s,    0 µs
2021-10-07 21:33:52 UTC Syncing #13374220 0xe78d…c98f     0.00 blk/s    0.0 tx/s    0.0 Mgas/s      0+    6 Qed Ancient:#12890292 LI:#13374227    9/25 peers      3 MiB chain    2 MiB queue  RPC:  0 conn,    0 req/s,    0 µs
2021-10-07 21:33:57 UTC Syncing #13374220 0xe78d…c98f     0.00 blk/s    0.0 tx/s    0.0 Mgas/s      0+    6 Qed Ancient:#12890292 LI:#13374227    9/25 peers      3 MiB chain    2 MiB queue  RPC:  0 conn,    0 req/s,    0 µs
2021-10-07 21:34:02 UTC Syncing #13374220 0xe78d…c98f     0.00 blk/s    0.0 tx/s    0.0 Mgas/s      0+    7 Qed Ancient:#12890292 LI:#13374228   11/25 peers      3 MiB chain    2 MiB queue  RPC:  0 conn,    0 req/s,    0 µs
2021-10-07 21:34:07 UTC Syncing #13374220 0xe78d…c98f     0.00 blk/s    0.0 tx/s    0.0 Mgas/s      0+    7 Qed Ancient:#12890292 LI:#13374228   13/25 peers      3 MiB chain    2 MiB queue  RPC:  0 conn,    0 req/s,    0 µs
2021-10-07 21:35:25 UTC Syncing #13374221 0xdafe…edb9     0.04 blk/s   16.6 tx/s    1.1 Mgas/s      0+   11 Qed Ancient:#12890292 LI:#13374231    9/25 peers      3 MiB chain    4 MiB queue  RPC:  0 conn,    0 req/s,    0 µs
2021-10-07 21:35:38 UTC Syncing #13374221 0xdafe…edb9     0.00 blk/s    0.0 tx/s    0.0 Mgas/s      0+   11 Qed Ancient:#12891629 LI:#13374231    6/25 peers      9 KiB chain    4 MiB queue  RPC:  0 conn,    0 req/s,    0 µs
2021-10-07 21:35:38 UTC Syncing #13374221 0xdafe…edb9     0.00 blk/s    0.0 tx/s    0.0 Mgas/s      0+   11 Qed Ancient:#12891816 LI:#13374231    6/25 peers      2 MiB chain    4 MiB queue  RPC:  0 conn,    0 req/s,    0 µs
2021-10-07 21:35:45 UTC Syncing #13374221 0xdafe…edb9     0.00 blk/s    0.0 tx/s    0.0 Mgas/s      0+   10 Qed Ancient:#12891817 LI:#13374231    6/25 peers      2 MiB chain    4 MiB queue  RPC:  0 conn,    0 req/s,    0 µs
2021-10-07 21:35:49 UTC Syncing #13374221 0xdafe…edb9     0.00 blk/s    0.0 tx/s    0.0 Mgas/s      0+   10 Qed Ancient:#12891817 LI:#13374231    6/25 peers      2 MiB chain    4 MiB queue  RPC:  0 conn,    0 req/s,    0 µs
2021-10-07 21:35:52 UTC Syncing #13374221 0xdafe…edb9     0.00 blk/s    0.0 tx/s    0.0 Mgas/s      0+   10 Qed Ancient:#12891817 LI:#13374231    6/25 peers      2 MiB chain    4 MiB queue  RPC:  0 conn,    0 req/s,    0 µs
2021-10-07 21:35:57 UTC Syncing #13374221 0xdafe…edb9     0.00 blk/s    0.0 tx/s    0.0 Mgas/s      0+   10 Qed Ancient:#12891817 LI:#13374231    3/25 peers      2 MiB chain    4 MiB queue  RPC:  0 conn,    0 req/s,    0 µs
2021-10-07 21:36:08 UTC Syncing #13374222 0x4691…8bbd     0.10 blk/s   38.5 tx/s    3.0 Mgas/s      0+    9 Qed Ancient:#12891818 LI:#13374231    1/25 peers      4 MiB chain    3 MiB queue  RPC:  0 conn,    0 req/s,    0 µs
2021-10-07 21:36:08 UTC Syncing #13374222 0x4691…8bbd     0.20 blk/s   77.0 tx/s    6.0 Mgas/s      0+    9 Qed Ancient:#12891818 LI:#13374231    1/25 peers      4 MiB chain    3 MiB queue  RPC:  0 conn,    0 req/s,    0 µs
2021-10-07 21:36:14 UTC Syncing #13374222 0x4691…8bbd     0.00 blk/s    0.0 tx/s    0.0 Mgas/s      0+    9 Qed Ancient:#12891818 LI:#13374231    1/25 peers      4 MiB chain    3 MiB queue  RPC:  0 conn,    0 req/s,    0 µs
2021-10-07 21:36:17 UTC Syncing #13374222 0x4691…8bbd     0.00 blk/s    0.0 tx/s    0.0 Mgas/s      0+    9 Qed Ancient:#12891818 LI:#13374231    1/25 peers      4 MiB chain    3 MiB queue  RPC:  0 conn,    0 req/s,    0 µs
2021-10-07 21:36:22 UTC Syncing #13374222 0x4691…8bbd     0.00 blk/s    0.0 tx/s    0.0 Mgas/s      0+    9 Qed Ancient:#12891818 LI:#13374231    0/25 peers      4 MiB chain    3 MiB queue  RPC:  0 conn,    0 req/s,    0 µs
2021-10-07 21:36:27 UTC Syncing #13374222 0x4691…8bbd     0.00 blk/s    0.0 tx/s    0.0 Mgas/s      0+    9 Qed Ancient:#12891818 LI:#13374231    0/25 peers      4 MiB chain    3 MiB queue  RPC:  0 conn,    0 req/s,    0 µs
2021-10-07 21:36:32 UTC Syncing #13374223 0x7e5d…ed28     0.20 blk/s  116.6 tx/s    5.9 Mgas/s      0+    8 Qed Ancient:#12891819 LI:#13374231    0/25 peers      5 MiB chain    3 MiB queue  RPC:  0 conn,    0 req/s,    0 µs
2021-10-07 21:36:37 UTC Syncing #13374224 0xf2ea…a6c4     0.20 blk/s   16.2 tx/s    1.0 Mgas/s      0+    7 Qed Ancient:#12891820 LI:#13374231    0/25 peers      5 MiB chain    2 MiB queue  RPC:  0 conn,    0 req/s,    0 µs
2021-10-07 21:36:43 UTC Syncing #13374224 0xf2ea…a6c4     0.00 blk/s    0.0 tx/s    0.0 Mgas/s      0+    7 Qed Ancient:#12891820 LI:#13374231    1/25 peers      5 MiB chain    2 MiB queue  RPC:  0 conn,    0 req/s,    0 µs
2021-10-07 21:36:47 UTC Syncing #13374224 0xf2ea…a6c4     0.00 blk/s    0.0 tx/s    0.0 Mgas/s      0+    7 Qed Ancient:#12891820 LI:#13374231    2/25 peers      5 MiB chain    2 MiB queue  RPC:  0 conn,    0 req/s,    0 µs
2021-10-07 21:36:52 UTC Syncing #13374224 0xf2ea…a6c4     0.00 blk/s    0.0 tx/s    0.0 Mgas/s      0+    7 Qed Ancient:#12891820 LI:#13374231    4/25 peers      5 MiB chain    2 MiB queue  RPC:  0 conn,    0 req/s,    0 µs
2021-10-07 21:36:57 UTC Syncing #13374225 0x0093…8d06     0.20 blk/s   72.6 tx/s    3.7 Mgas/s      0+    6 Qed Ancient:#12891821 LI:#13374231    4/25 peers      5 MiB chain    2 MiB queue  RPC:  0 conn,    0 req/s,    0 µs
2021-10-07 21:37:02 UTC Syncing #13374225 0x0093…8d06     0.00 blk/s    0.0 tx/s    0.0 Mgas/s      0+    6 Qed Ancient:#12891821 LI:#13374231    3/25 peers      5 MiB chain    2 MiB queue  RPC:  0 conn,    0 req/s,    0 µs
2021-10-07 21:37:07 UTC Syncing #13374225 0x0093…8d06     0.00 blk/s    0.0 tx/s    0.0 Mgas/s      0+    6 Qed Ancient:#12891821 LI:#13374231    3/25 peers      5 MiB chain    2 MiB queue  RPC:  0 conn,    0 req/s,    0 µs
2021-10-07 21:37:12 UTC Syncing #13374225 0x0093…8d06     0.00 blk/s    0.0 tx/s    0.0 Mgas/s      0+    6 Qed Ancient:#12891821 LI:#13374231    3/25 peers      5 MiB chain    2 MiB queue  RPC:  0 conn,    0 req/s,    0 µs
2021-10-07 21:37:19 UTC Syncing #13374226 0xd0c9…cb28     0.20 blk/s   60.6 tx/s    3.0 Mgas/s      0+    5 Qed Ancient:#12891823 LI:#13374231    3/25 peers      5 MiB chain    2 MiB queue  RPC:  0 conn,    0 req/s,    0 µs
2021-10-07 21:37:22 UTC Syncing #13374226 0xd0c9…cb28     0.00 blk/s    0.0 tx/s    0.0 Mgas/s      0+    5 Qed Ancient:#12891823 LI:#13374231    2/25 peers      5 MiB chain    2 MiB queue  RPC:  0 conn,    0 req/s,    0 µs
2021-10-07 21:37:30 UTC Syncing #13374227 0xdac6…7884     0.20 blk/s   24.8 tx/s    1.5 Mgas/s      0+    4 Qed Ancient:#12891824 LI:#13374231    1/25 peers      5 MiB chain    2 MiB queue  RPC:  0 conn,    0 req/s,    0 µs
2021-10-07 21:37:32 UTC Syncing #13374227 0xdac6…7884     0.00 blk/s    0.0 tx/s    0.0 Mgas/s      0+    4 Qed Ancient:#12891824 LI:#13374231    1/25 peers      5 MiB chain    2 MiB queue  RPC:  0 conn,    0 req/s,    0 µs
2021-10-07 21:37:37 UTC Syncing #13374227 0xdac6…7884     0.00 blk/s    0.0 tx/s    0.0 Mgas/s      0+    4 Qed Ancient:#12891824 LI:#13374231    1/25 peers      5 MiB chain    2 MiB queue  RPC:  0 conn,    0 req/s,    0 µs
2021-10-07 21:37:42 UTC Syncing #13374227 0xdac6…7884     0.00 blk/s    0.0 tx/s    0.0 Mgas/s      0+    4 Qed Ancient:#12891824 LI:#13374231    2/25 peers      5 MiB chain    2 MiB queue  RPC:  0 conn,    0 req/s,    0 µs
2021-10-07 21:37:47 UTC Syncing #13374227 0xdac6…7884     0.00 blk/s    0.0 tx/s    0.0 Mgas/s      0+    4 Qed Ancient:#12891824 LI:#13374231    2/25 peers      5 MiB chain    2 MiB queue  RPC:  0 conn,    0 req/s,    0 µs
2021-10-07 21:37:52 UTC Syncing #13374227 0xdac6…7884     0.00 blk/s    0.0 tx/s    0.0 Mgas/s      0+    4 Qed Ancient:#12891824 LI:#13374231    1/25 peers      5 MiB chain    2 MiB queue  RPC:  0 conn,    0 req/s,    0 µs
2021-10-07 21:37:56 UTC Could not revert to previous block, last: 13374231 (0x742a…15de)
2021-10-07 21:37:57 UTC Syncing #13374227 0xdac6…7884     0.00 blk/s    0.0 tx/s    0.0 Mgas/s      0+    4 Qed Ancient:#12891824 LI:#13374227    0/25 peers      5 MiB chain    2 MiB queue  RPC:  0 conn,    0 req/s,    0 µs
2021-10-07 21:38:07 UTC Syncing #13374228 0xdd0e…f188     0.10 blk/s   49.8 tx/s    3.0 Mgas/s      0+    3 Qed Ancient:#12891825 LI:#13374227    1/25 peers      5 MiB chain    1 MiB queue  RPC:  0 conn,    0 req/s,    0 µs
2021-10-07 21:38:12 UTC Syncing #13374228 0xdd0e…f188     0.20 blk/s   96.8 tx/s    6.0 Mgas/s      0+    2 Qed Ancient:#12891826 LI:#13374227    1/25 peers      5 MiB chain  450 KiB queue  RPC:  0 conn,    0 req/s,    0 µs
2021-10-07 21:38:17 UTC Syncing #13374228 0xdd0e…f188     0.00 blk/s    0.0 tx/s    0.0 Mgas/s      0+    2 Qed Ancient:#12891826 LI:#13374227    1/25 peers      5 MiB chain  450 KiB queue  RPC:  0 conn,    0 req/s,    0 µs
2021-10-07 21:38:36 UTC Reorg to #13374229 0xcfc3…e5cf (0xdd0e…f188 #13374227 0xdac6…7884 0xcb6a…034d)
2021-10-07 21:38:46 UTC  Ancient:#12891828 AB:#12893577    1/25 peers      5 MiB chain   78 KiB queue  RPC:  0 conn,    0 req/s,    0 µs