2021-10-06 03:46:47 UTC Syncing #13363062 0x8c39…2564     0.00 blk/s    0.0 tx/s    0.0 Mgas/s      0+   56 Qed Ancient:#12378951 LI:#13363117   16/25 peers    909 KiB chain   14 MiB queue  RPC:  0 conn,    0 req/s,    0 µs
2021-10-06 03:46:50 UTC Syncing #13363063 0x6c16…8622     0.20 blk/s   38.8 tx/s    2.8 Mgas/s      0+   55 Qed Ancient:#12378952 LI:#13363117   16/25 peers    979 KiB chain   14 MiB queue  RPC:  0 conn,    0 req/s,    0 µs
2021-10-06 03:47:00 UTC Syncing #13363064 0x2b07…893d     0.20 blk/s   24.2 tx/s    2.0 Mgas/s      0+   55 Qed Ancient:#12378953 LI:#13363118   16/25 peers    980 KiB chain   14 MiB queue  RPC:  0 conn,    0 req/s,    0 µs
2021-10-06 03:47:00 UTC Syncing #13363064 0x2b07…893d     0.00 blk/s    0.0 tx/s    0.0 Mgas/s      0+   58 Qed Ancient:#12378953 LI:#13363121   15/25 peers    980 KiB chain   15 MiB queue  RPC:  0 conn,    0 req/s,    0 µs
2021-10-06 03:47:17 UTC Syncing #13363068 0x54f6…400b     0.26 blk/s   36.8 tx/s    3.5 Mgas/s      0+   58 Qed Ancient:#12379094 LI:#13363124   12/25 peers      5 MiB chain   15 MiB queue  RPC:  0 conn,    0 req/s,    0 µs
2021-10-06 03:47:17 UTC Syncing #13363067 0xc5ae…aaad     0.23 blk/s   30.3 tx/s    2.3 Mgas/s      0+   58 Qed Ancient:#12378956 LI:#13363124   12/25 peers      1 MiB chain   15 MiB queue  RPC:  0 conn,    0 req/s,    0 µs
2021-10-06 03:47:21 UTC Syncing #13363070 0x5266…f2e0     0.67 blk/s   56.8 tx/s    6.6 Mgas/s      0+   55 Qed Ancient:#12379096 LI:#13363124   12/25 peers      5 MiB chain   14 MiB queue  RPC:  0 conn,    0 req/s,    0 µs
2021-10-06 03:47:26 UTC Syncing #13363070 0x5266…f2e0     0.00 blk/s    0.0 tx/s    0.0 Mgas/s      0+   55 Qed Ancient:#12379096 LI:#13363124   12/25 peers      5 MiB chain   14 MiB queue  RPC:  0 conn,    0 req/s,    0 µs
2021-10-06 03:47:31 UTC Syncing #13363071 0x483f…1a62     0.20 blk/s   81.6 tx/s    6.0 Mgas/s      0+   55 Qed Ancient:#12379097 LI:#13363125   12/25 peers      5 MiB chain   14 MiB queue  RPC:  0 conn,    0 req/s,    0 µs
2021-10-06 03:47:36 UTC Syncing #13363071 0x483f…1a62     0.00 blk/s    0.0 tx/s    0.0 Mgas/s      0+   56 Qed Ancient:#12379097 LI:#13363126   11/25 peers      5 MiB chain   14 MiB queue  RPC:  0 conn,    0 req/s,    0 µs
2021-10-06 03:47:43 UTC Syncing #13363072 0x0843…a4bb     0.20 blk/s   47.4 tx/s    6.0 Mgas/s      0+   55 Qed Ancient:#12379098 LI:#13363126   11/25 peers      5 MiB chain   14 MiB queue  RPC:  0 conn,    0 req/s,    0 µs
2021-10-06 03:47:45 UTC Syncing #13363072 0x0843…a4bb     0.00 blk/s    0.0 tx/s    0.0 Mgas/s      0+   55 Qed Ancient:#12379098 LI:#13363126   11/25 peers      5 MiB chain   14 MiB queue  RPC:  0 conn,    0 req/s,    0 µs
2021-10-06 03:47:52 UTC Syncing #13363073 0x2124…9b7d     0.20 blk/s   50.2 tx/s    5.8 Mgas/s      0+   55 Qed Ancient:#12379099 LI:#13363127   10/25 peers      5 MiB chain   14 MiB queue  RPC:  0 conn,    0 req/s,    0 µs
2021-10-06 03:47:56 UTC Syncing #13363076 0xbc0a…f510     0.60 blk/s   42.2 tx/s    3.5 Mgas/s      0+   52 Qed Ancient:#12379102 LI:#13363127   10/25 peers      5 MiB chain   14 MiB queue  RPC:  0 conn,    0 req/s,    0 µs
2021-10-06 03:48:01 UTC Syncing #13363076 0xbc0a…f510     0.00 blk/s    0.0 tx/s    0.0 Mgas/s      0+   52 Qed Ancient:#12379102 LI:#13363127    9/25 peers      5 MiB chain   14 MiB queue  RPC:  0 conn,    0 req/s,    0 µs
2021-10-06 03:48:10 UTC Syncing #13363078 0x3b0c…e65f     0.40 blk/s   54.6 tx/s    5.4 Mgas/s      0+   50 Qed Ancient:#12379104 LI:#13363127    9/25 peers      5 MiB chain   13 MiB queue  RPC:  0 conn,    0 req/s,    0 µs
2021-10-06 03:48:10 UTC Syncing #13363078 0x3b0c…e65f     0.00 blk/s    0.0 tx/s    0.0 Mgas/s      0+   50 Qed Ancient:#12379104 LI:#13363127    9/25 peers      5 MiB chain   13 MiB queue  RPC:  0 conn,    0 req/s,    0 µs
2021-10-06 03:48:19 UTC Syncing #13363079 0x673f…d30c     0.20 blk/s   83.0 tx/s    6.0 Mgas/s      0+   49 Qed Ancient:#12379106 LI:#13363127    7/25 peers      5 MiB chain   13 MiB queue  RPC:  0 conn,    0 req/s,    0 µs
2021-10-06 03:48:20 UTC Syncing #13363079 0x673f…d30c     0.00 blk/s    0.0 tx/s    0.0 Mgas/s      0+   50 Qed Ancient:#12379106 LI:#13363128    7/25 peers      5 MiB chain   13 MiB queue  RPC:  0 conn,    0 req/s,    0 µs
2021-10-06 03:48:26 UTC Syncing #13363080 0x093f…e5a9     0.20 blk/s   34.6 tx/s    4.6 Mgas/s      0+   49 Qed Ancient:#12379107 LI:#13363128    7/25 peers      5 MiB chain   13 MiB queue  RPC:  0 conn,    0 req/s,    0 µs
2021-10-06 03:48:30 UTC Syncing #13363081 0x4530…e550     0.20 blk/s   32.2 tx/s    3.2 Mgas/s      0+   48 Qed Ancient:#12379108 LI:#13363128    7/25 peers      5 MiB chain   13 MiB queue  RPC:  0 conn,    0 req/s,    0 µs
2021-10-06 03:48:39 UTC Syncing #13363082 0x89b3…4e05     0.20 blk/s   76.4 tx/s    3.8 Mgas/s      0+   48 Qed Ancient:#12379109 LI:#13363129    7/25 peers      5 MiB chain   13 MiB queue  RPC:  0 conn,    0 req/s,    0 µs
2021-10-06 03:48:43 UTC Syncing #13363083 0x47c4…b92f     0.20 blk/s   25.8 tx/s    2.3 Mgas/s      0+   47 Qed Ancient:#12379110 LI:#13363129    7/25 peers      5 MiB chain   12 MiB queue  RPC:  0 conn,    0 req/s,    0 µs
2021-10-06 03:48:50 UTC Syncing #13363084 0x8e0b…f6c5     0.20 blk/s   46.2 tx/s    3.8 Mgas/s      0+   46 Qed Ancient:#12379111 LI:#13363129    6/25 peers      5 MiB chain   12 MiB queue  RPC:  0 conn,    0 req/s,    0 µs
2021-10-06 03:48:50 UTC Syncing #13363084 0x8e0b…f6c5     0.00 blk/s    0.0 tx/s    0.0 Mgas/s      0+   46 Qed Ancient:#12379111 LI:#13363129    6/25 peers      5 MiB chain   12 MiB queue  RPC:  0 conn,    0 req/s,    0 µs
2021-10-06 03:49:00 UTC Syncing #13363085 0x674b…f765     0.20 blk/s   75.6 tx/s    6.0 Mgas/s      0+   45 Qed Ancient:#12379112 LI:#13363129    6/25 peers      5 MiB chain   11 MiB queue  RPC:  0 conn,    0 req/s,    0 µs
2021-10-06 03:49:00 UTC Syncing #13363085 0x674b…f765     0.00 blk/s    0.0 tx/s    0.0 Mgas/s      0+   45 Qed Ancient:#12379112 LI:#13363129    6/25 peers      5 MiB chain   11 MiB queue  RPC:  0 conn,    0 req/s,    0 µs
2021-10-06 03:49:09 UTC Syncing #13363086 0xa5a3…8fe8     0.20 blk/s   64.8 tx/s    4.9 Mgas/s      0+   44 Qed Ancient:#12379113 LI:#13363129    9/25 peers      5 MiB chain   11 MiB queue  RPC:  0 conn,    0 req/s,    0 µs
2021-10-06 03:49:15 UTC Syncing #13363088 0xbf60…a333     0.40 blk/s   31.8 tx/s    2.8 Mgas/s      0+   42 Qed Ancient:#12379115 LI:#13363129    8/25 peers      5 MiB chain   11 MiB queue  RPC:  0 conn,    0 req/s,    0 µs
2021-10-06 03:49:15 UTC Syncing #13363088 0xbf60…a333     0.00 blk/s    0.0 tx/s    0.0 Mgas/s      0+   42 Qed Ancient:#12379115 LI:#13363129    8/25 peers      5 MiB chain   11 MiB queue  RPC:  0 conn,    0 req/s,    0 µs
2021-10-06 03:49:21 UTC Syncing #13363090 0x7046…e0bf     0.40 blk/s   95.2 tx/s    7.2 Mgas/s      0+   41 Qed Ancient:#12379117 LI:#13363130    8/25 peers      5 MiB chain   11 MiB queue  RPC:  0 conn,    0 req/s,    0 µs
2021-10-06 03:49:27 UTC Syncing #13363092 0x745a…e78c     0.60 blk/s   34.8 tx/s    3.0 Mgas/s      0+   38 Qed Ancient:#12379120 LI:#13363130    8/25 peers      6 MiB chain   10 MiB queue  RPC:  0 conn,    0 req/s,    0 µs
2021-10-06 03:49:30 UTC Syncing #13363092 0x745a…e78c     0.20 blk/s   88.2 tx/s    2.8 Mgas/s      0+   37 Qed Ancient:#12379121 LI:#13363129    7/25 peers      6 MiB chain   10 MiB queue  RPC:  0 conn,    0 req/s,    0 µs
2021-10-06 03:49:31 UTC Could not revert to previous block, last: 13363131 (0x855c…64b4)
2021-10-06 03:49:35 UTC Syncing #13363092 0x745a…e78c     0.00 blk/s    0.0 tx/s    0.0 Mgas/s      0+   38 Qed Ancient:#12379121 LI:#13363087   11/25 peers      6 MiB chain   10 MiB queue  RPC:  0 conn,    0 req/s,    0 µs
2021-10-06 03:49:39 UTC Reorg to #13363093 0xdec5…c898 (0x745a…e78c 0x6dc4…dba0 #13363090 0x7046…e0bf 0x8f85…334f 0x4c0e…61f9)
2021-10-06 03:49:43 UTC Syncing #13363093 0xdec5…c898     0.20 blk/s   68.4 tx/s    5.9 Mgas/s      0+   37 Qed Ancient:#12379122 LI:#13363089   13/25 peers      3 MiB chain   10 MiB queue  RPC:  0 conn,    0 req/s,    0 µs
2021-10-06 03:49:47 UTC Syncing #13363095 0x230c…d97c     0.40 blk/s   53.6 tx/s    4.1 Mgas/s      0+   35 Qed Ancient:#12379124 LI:#13363089   13/25 peers      3 MiB chain    9 MiB queue  RPC:  0 conn,    0 req/s,    0 µs
2021-10-06 03:49:52 UTC Syncing #13363095 0x230c…d97c     0.00 blk/s    0.0 tx/s    0.0 Mgas/s      0+   35 Qed Ancient:#12379124 LI:#13363089   12/25 peers      3 MiB chain    9 MiB queue  RPC:  0 conn,    0 req/s,    0 µs
2021-10-06 03:49:56 UTC Syncing #13363096 0xcebb…3fba     0.20 blk/s   53.6 tx/s    3.6 Mgas/s      0+   34 Qed Ancient:#12379125 LI:#13363089   12/25 peers      3 MiB chain    9 MiB queue  RPC:  0 conn,    0 req/s,    0 µs
2021-10-06 03:50:02 UTC Syncing #13363097 0xa37b…d98b     0.20 blk/s   48.0 tx/s    3.8 Mgas/s      0+   33 Qed Ancient:#12379126 LI:#13363089   11/25 peers      3 MiB chain    9 MiB queue  RPC:  0 conn,    0 req/s,    0 µs
2021-10-06 03:50:07 UTC Syncing #13363099 0x1242…2670     0.40 blk/s   61.0 tx/s    4.5 Mgas/s      0+   32 Qed Ancient:#12379128 LI:#13363132   11/25 peers      3 MiB chain    8 MiB queue  RPC:  0 conn,    0 req/s,    0 µs
2021-10-06 03:50:12 UTC Syncing #13363099 0x1242…2670     0.00 blk/s    0.0 tx/s    0.0 Mgas/s      0+   32 Qed Ancient:#12379128 LI:#13363132   11/25 peers      3 MiB chain    8 MiB queue  RPC:  0 conn,    0 req/s,    0 µs
2021-10-06 03:50:16 UTC Syncing #13363102 0x5640…a584     0.60 blk/s   73.0 tx/s    7.3 Mgas/s      0+   29 Qed Ancient:#12379131 LI:#13363132   11/25 peers      4 MiB chain    8 MiB queue  RPC:  0 conn,    0 req/s,    0 µs
2021-10-06 03:50:21 UTC Syncing #13363102 0x5640…a584     0.00 blk/s    0.0 tx/s    0.0 Mgas/s      0+   29 Qed Ancient:#12379131 LI:#13363132   11/25 peers      4 MiB chain    8 MiB queue  RPC:  0 conn,    0 req/s,    0 µs
2021-10-06 03:50:28 UTC Syncing #13363104 0x8879…d045     0.40 blk/s   59.0 tx/s    4.7 Mgas/s      0+   27 Qed Ancient:#12379133 LI:#13363132   12/25 peers      4 MiB chain    7 MiB queue  RPC:  0 conn,    0 req/s,    0 µs
2021-10-06 03:50:32 UTC Syncing #13363105 0x9393…4115     0.20 blk/s   49.8 tx/s    5.1 Mgas/s      0+   26 Qed Ancient:#12379134 LI:#13363132   12/25 peers      4 MiB chain    7 MiB queue  RPC:  0 conn,    0 req/s,    0 µs
2021-10-06 03:50:37 UTC Syncing #13363107 0x45f6…1fd5     0.40 blk/s   39.6 tx/s    5.2 Mgas/s      0+   24 Qed Ancient:#12379136 LI:#13363132   12/25 peers      4 MiB chain    7 MiB queue  RPC:  0 conn,    0 req/s,    0 µs
2021-10-06 03:50:42 UTC Syncing #13363109 0x81ff…434b     0.40 blk/s   30.8 tx/s    2.2 Mgas/s      0+   23 Qed Ancient:#12379138 LI:#13363133   12/25 peers      4 MiB chain    7 MiB queue  RPC:  0 conn,    0 req/s,    0 µs
2021-10-06 03:50:48 UTC Syncing #13363109 0x81ff…434b     0.00 blk/s    0.0 tx/s    0.0 Mgas/s      0+   24 Qed Ancient:#12379138 LI:#13363134   12/25 peers      4 MiB chain    7 MiB queue  RPC:  0 conn,    0 req/s,    0 µs
2021-10-06 03:50:53 UTC Syncing #13363110 0xa651…b266     0.20 blk/s   57.2 tx/s    6.0 Mgas/s      0+   24 Qed Ancient:#12379140 LI:#13363135   12/25 peers      4 MiB chain    7 MiB queue  RPC:  0 conn,    0 req/s,    0 µs
2021-10-06 03:50:57 UTC Syncing #13363112 0x1926…fc12     0.40 blk/s   44.6 tx/s    3.3 Mgas/s      0+   22 Qed Ancient:#12379142 LI:#13363135   12/25 peers      5 MiB chain    6 MiB queue  RPC:  0 conn,    0 req/s,    0 µs
2021-10-06 03:51:02 UTC Syncing #13363112 0x1926…fc12     0.00 blk/s    0.0 tx/s    0.0 Mgas/s      0+   22 Qed Ancient:#12379142 LI:#13363135   12/25 peers      5 MiB chain    6 MiB queue  RPC:  0 conn,    0 req/s,    0 µs
2021-10-06 03:51:05 UTC Syncing #13363113 0x8b49…04d3     0.20 blk/s   91.6 tx/s    5.9 Mgas/s      0+   21 Qed Ancient:#12379143 LI:#13363135   12/25 peers      5 MiB chain    6 MiB queue  RPC:  0 conn,    0 req/s,    0 µs
2021-10-06 03:51:11 UTC Syncing #13363113 0x8b49…04d3     0.00 blk/s    0.0 tx/s    0.0 Mgas/s      0+   21 Qed Ancient:#12379143 LI:#13363135   12/25 peers      5 MiB chain    6 MiB queue  RPC:  0 conn,    0 req/s,    0 µs
2021-10-06 03:51:15 UTC Syncing #13363113 0x8b49…04d3     0.00 blk/s    0.0 tx/s    0.0 Mgas/s      0+   21 Qed Ancient:#12379143 LI:#13363135   12/25 peers      5 MiB chain    6 MiB queue  RPC:  0 conn,    0 req/s,    0 µs
2021-10-06 03:51:20 UTC Syncing #13363114 0x1324…e039     0.20 blk/s   46.0 tx/s    6.0 Mgas/s      0+   21 Qed Ancient:#12379144 LI:#13363136   12/25 peers      5 MiB chain    6 MiB queue  RPC:  0 conn,    0 req/s,    0 µs
2021-10-06 03:51:25 UTC Syncing #13363114 0x1324…e039     0.00 blk/s    0.0 tx/s    0.0 Mgas/s      0+   21 Qed Ancient:#12379144 LI:#13363136   12/25 peers      5 MiB chain    6 MiB queue  RPC:  0 conn,    0 req/s,    0 µs
2021-10-06 03:51:32 UTC Syncing #13363116 0xca37…c8d7     0.40 blk/s   78.0 tx/s    6.3 Mgas/s      0+   19 Qed Ancient:#12379146 LI:#13363136   11/25 peers      5 MiB chain    6 MiB queue  RPC:  0 conn,    0 req/s,    0 µs
2021-10-06 03:51:38 UTC Syncing #13363117 0x0a70…6662     0.20 blk/s   19.8 tx/s    2.4 Mgas/s      0+   18 Qed Ancient:#12379147 LI:#13363136   11/25 peers      5 MiB chain    5 MiB queue  RPC:  0 conn,    0 req/s,    0 µs
2021-10-06 03:51:42 UTC Syncing #13363117 0x0a70…6662     0.00 blk/s    0.0 tx/s    0.0 Mgas/s      0+   18 Qed Ancient:#12379147 LI:#13363136   11/25 peers      5 MiB chain    5 MiB queue  RPC:  0 conn,    0 req/s,    0 µs
2021-10-06 03:51:48 UTC Syncing #13363119 0xe7fc…c440     0.40 blk/s   77.2 tx/s    7.5 Mgas/s      0+   16 Qed Ancient:#12379149 LI:#13363136   11/25 peers      5 MiB chain    5 MiB queue  RPC:  0 conn,    0 req/s,    0 µs
2021-10-06 03:51:56 UTC Syncing #13363122 0x4a83…8760     0.30 blk/s   16.9 tx/s    1.7 Mgas/s      0+   13 Qed Ancient:#12379152 LI:#13363136   11/25 peers      5 MiB chain    4 MiB queue  RPC:  0 conn,    0 req/s,    0 µs
2021-10-06 03:51:56 UTC Syncing #13363122 0x4a83…8760     0.60 blk/s   33.8 tx/s    3.3 Mgas/s      0+   13 Qed Ancient:#12379152 LI:#13363136   11/25 peers      5 MiB chain    4 MiB queue  RPC:  0 conn,    0 req/s,    0 µs
2021-10-06 03:52:01 UTC Syncing #13363123 0xed4c…6344     0.20 blk/s   34.4 tx/s    3.0 Mgas/s      0+   12 Qed Ancient:#12379153 LI:#13363136   11/25 peers      5 MiB chain    4 MiB queue  RPC:  0 conn,    0 req/s,    0 µs
2021-10-06 03:52:05 UTC Syncing #13363124 0xca59…13bf     0.20 blk/s   28.0 tx/s    3.0 Mgas/s      0+   11 Qed Ancient:#12379154 LI:#13363136   11/25 peers      5 MiB chain    4 MiB queue  RPC:  0 conn,    0 req/s,    0 µs
2021-10-06 03:52:11 UTC Syncing #13363124 0xca59…13bf     0.00 blk/s    0.0 tx/s    0.0 Mgas/s      0+   11 Qed Ancient:#12379154 LI:#13363136   10/25 peers      5 MiB chain    4 MiB queue  RPC:  0 conn,    0 req/s,    0 µs
2021-10-06 03:52:19 UTC Syncing #13363125 0xbee9…9d60     0.20 blk/s   72.2 tx/s    5.9 Mgas/s      0+   12 Qed Ancient:#12379155 LI:#13363138   10/25 peers      5 MiB chain    5 MiB queue  RPC:  0 conn,    0 req/s,    0 µs
2021-10-06 03:52:25 UTC Syncing #13363126 0xa5d4…3915     0.20 blk/s   28.4 tx/s    1.6 Mgas/s      0+   11 Qed Ancient:#12379156 LI:#13363138   10/25 peers      5 MiB chain    4 MiB queue  RPC:  0 conn,    0 req/s,    0 µs
2021-10-06 03:52:25 UTC Syncing #13363126 0xa5d4…3915     0.00 blk/s    0.0 tx/s    0.0 Mgas/s      0+   11 Qed Ancient:#12379156 LI:#13363138   10/25 peers      5 MiB chain    4 MiB queue  RPC:  0 conn,    0 req/s,    0 µs
2021-10-06 03:52:30 UTC Syncing #13363127 0x6d75…73fa     0.20 blk/s   64.0 tx/s    5.9 Mgas/s      0+   10 Qed Ancient:#12379157 LI:#13363138   10/25 peers      5 MiB chain    4 MiB queue  RPC:  0 conn,    0 req/s,    0 µs
2021-10-06 03:52:35 UTC Syncing #13363127 0x6d75…73fa     0.00 blk/s    0.0 tx/s    0.0 Mgas/s      0+   12 Qed Ancient:#12379157 LI:#13363140   10/25 peers      5 MiB chain    4 MiB queue  RPC:  0 conn,    0 req/s,    0 µs
2021-10-06 03:52:40 UTC Syncing #13363127 0x6d75…73fa     0.00 blk/s    0.0 tx/s    0.0 Mgas/s      0+   12 Qed Ancient:#12379157 LI:#13363140    8/25 peers      5 MiB chain    4 MiB queue  RPC:  0 conn,    0 req/s,    0 µs