2021-10-06 03:41:50 UTC Syncing #13363043 0x5eb4…cf11     0.00 blk/s    0.0 tx/s    0.0 Mgas/s      0+   44 Qed Ancient:#12378926 LI:#13363088    3/25 peers      7 MiB chain   11 MiB queue  RPC:  0 conn,    0 req/s,    0 µs
2021-10-06 03:41:55 UTC Syncing #13363043 0x5eb4…cf11     0.00 blk/s    0.0 tx/s    0.0 Mgas/s      0+   45 Qed Ancient:#12378926 LI:#13363089    5/25 peers      7 MiB chain   12 MiB queue  RPC:  0 conn,    0 req/s,    0 µs
2021-10-06 03:42:00 UTC Syncing #13363043 0x5eb4…cf11     0.00 blk/s    0.0 tx/s    0.0 Mgas/s      0+   45 Qed Ancient:#12378926 LI:#13363089    6/25 peers      8 MiB chain   12 MiB queue  RPC:  0 conn,    0 req/s,    0 µs
2021-10-06 03:42:17 UTC Syncing #13363044 0x519f…1568     0.07 blk/s   37.2 tx/s    2.0 Mgas/s      0+   47 Qed Ancient:#12378927 LI:#13363092    5/25 peers      5 MiB chain   12 MiB queue  RPC:  0 conn,    0 req/s,    0 µs
2021-10-06 03:42:17 UTC Syncing #13363044 0x519f…1568     0.20 blk/s  111.6 tx/s    6.0 Mgas/s      0+   47 Qed Ancient:#12378927 LI:#13363092    5/25 peers      5 MiB chain   12 MiB queue  RPC:  0 conn,    0 req/s,    0 µs
2021-10-06 03:42:17 UTC Syncing #13363044 0x519f…1568     0.10 blk/s   55.8 tx/s    3.0 Mgas/s      0+   47 Qed Ancient:#12378927 LI:#13363092    5/25 peers      5 MiB chain   12 MiB queue  RPC:  0 conn,    0 req/s,    0 µs
2021-10-06 03:42:20 UTC Syncing #13363044 0x519f…1568     0.00 blk/s    0.0 tx/s    0.0 Mgas/s      0+   48 Qed Ancient:#12378927 LI:#13363092    4/25 peers      5 MiB chain   12 MiB queue  RPC:  0 conn,    0 req/s,    0 µs
2021-10-06 03:42:25 UTC Syncing #13363044 0x519f…1568     0.00 blk/s    0.0 tx/s    0.0 Mgas/s      0+   49 Qed Ancient:#12378927 LI:#13363092    6/25 peers      5 MiB chain   12 MiB queue  RPC:  0 conn,    0 req/s,    0 µs
2021-10-06 03:42:30 UTC Syncing #13363044 0x519f…1568     0.00 blk/s    0.0 tx/s    0.0 Mgas/s      0+   49 Qed Ancient:#12378927 LI:#13363092    6/25 peers      5 MiB chain   12 MiB queue  RPC:  0 conn,    0 req/s,    0 µs
2021-10-06 03:42:35 UTC Syncing #13363044 0x519f…1568     0.00 blk/s    0.0 tx/s    0.0 Mgas/s      0+   49 Qed Ancient:#12378927 LI:#13363092    6/25 peers      5 MiB chain   12 MiB queue  RPC:  0 conn,    0 req/s,    0 µs
2021-10-06 03:42:40 UTC Syncing #13363045 0x703b…f15f     0.20 blk/s   75.4 tx/s    5.9 Mgas/s      0+   48 Qed Ancient:#12378929 LI:#13363092    6/25 peers      5 MiB chain   12 MiB queue  RPC:  0 conn,    0 req/s,    0 µs
2021-10-06 03:42:47 UTC Syncing #13363045 0x703b…f15f     0.00 blk/s    0.0 tx/s    0.0 Mgas/s      0+   49 Qed Ancient:#12378929 LI:#13363093    6/25 peers      5 MiB chain   12 MiB queue  RPC:  0 conn,    0 req/s,    0 µs
2021-10-06 03:42:51 UTC Syncing #13363045 0x703b…f15f     0.00 blk/s    0.0 tx/s    0.0 Mgas/s      0+   49 Qed Ancient:#12378929 LI:#13363093    5/25 peers      5 MiB chain   12 MiB queue  RPC:  0 conn,    0 req/s,    0 µs
2021-10-06 03:42:55 UTC Syncing #13363045 0x703b…f15f     0.00 blk/s    0.0 tx/s    0.0 Mgas/s      0+   51 Qed Ancient:#12378929 LI:#13363095    4/25 peers      5 MiB chain   13 MiB queue  RPC:  0 conn,    0 req/s,    0 µs
2021-10-06 03:43:06 UTC Syncing #13363047 0xb62b…be36     0.20 blk/s   39.0 tx/s    3.5 Mgas/s      0+   49 Qed Ancient:#12378932 LI:#13363095    4/25 peers      6 MiB chain   12 MiB queue  RPC:  0 conn,    0 req/s,    0 µs
2021-10-06 03:43:06 UTC Syncing #13363046 0x19ac…5b93     0.20 blk/s   54.6 tx/s    5.9 Mgas/s      0+   50 Qed Ancient:#12378931 LI:#13363095    4/25 peers      6 MiB chain   13 MiB queue  RPC:  0 conn,    0 req/s,    0 µs
2021-10-06 03:43:14 UTC Syncing #13363048 0xe2b7…6b1f     0.40 blk/s   41.4 tx/s    2.3 Mgas/s      0+   49 Qed Ancient:#12378935 LI:#13363096    4/25 peers      6 MiB chain   13 MiB queue  RPC:  0 conn,    0 req/s,    0 µs
2021-10-06 03:43:15 UTC Syncing #13363048 0xe2b7…6b1f     0.00 blk/s    0.0 tx/s    0.0 Mgas/s      0+   49 Qed Ancient:#12378935 LI:#13363096    4/25 peers      6 MiB chain   13 MiB queue  RPC:  0 conn,    0 req/s,    0 µs
2021-10-06 03:43:22 UTC Syncing #13363049 0xd6bf…93e0     0.20 blk/s   27.8 tx/s    2.0 Mgas/s      0+   48 Qed Ancient:#12378936 LI:#13363096    4/25 peers      6 MiB chain   13 MiB queue  RPC:  0 conn,    0 req/s,    0 µs
2021-10-06 03:43:26 UTC Syncing #13363050 0x2a4c…4958     0.20 blk/s   13.4 tx/s    1.0 Mgas/s      0+   47 Qed Ancient:#12378937 LI:#13363096    4/25 peers      6 MiB chain   12 MiB queue  RPC:  0 conn,    0 req/s,    0 µs
2021-10-06 03:43:30 UTC Syncing #13363050 0x2a4c…4958     0.00 blk/s    0.0 tx/s    0.0 Mgas/s      0+   47 Qed Ancient:#12378937 LI:#13363096    4/25 peers      6 MiB chain   12 MiB queue  RPC:  0 conn,    0 req/s,    0 µs
2021-10-06 03:43:36 UTC Syncing #13363050 0x2a4c…4958     0.00 blk/s    0.0 tx/s    0.0 Mgas/s      0+   47 Qed Ancient:#12378937 LI:#13363096    8/25 peers      6 MiB chain   12 MiB queue  RPC:  0 conn,    0 req/s,    0 µs
2021-10-06 03:43:47 UTC Syncing #13363051 0xc398…da59     0.20 blk/s   28.0 tx/s    2.0 Mgas/s      0+   46 Qed Ancient:#12378938 LI:#13363096    8/25 peers      6 MiB chain   12 MiB queue  RPC:  0 conn,    0 req/s,    0 µs
2021-10-06 03:43:47 UTC Syncing #13363051 0xc398…da59     0.10 blk/s   14.0 tx/s    1.0 Mgas/s      0+   46 Qed Ancient:#12378938 LI:#13363096    8/25 peers      6 MiB chain   12 MiB queue  RPC:  0 conn,    0 req/s,    0 µs
2021-10-06 03:43:52 UTC Syncing #13363051 0xc398…da59     0.00 blk/s    0.0 tx/s    0.0 Mgas/s      0+   48 Qed Ancient:#12378938 LI:#13363098    7/25 peers      6 MiB chain   13 MiB queue  RPC:  0 conn,    0 req/s,    0 µs
2021-10-06 03:43:58 UTC Syncing #13363051 0xc398…da59     0.00 blk/s    0.0 tx/s    0.0 Mgas/s      0+   48 Qed Ancient:#12378938 LI:#13363098    7/25 peers      6 MiB chain   13 MiB queue  RPC:  0 conn,    0 req/s,    0 µs
2021-10-06 03:44:04 UTC Syncing #13363052 0x8b9e…181b     0.20 blk/s   44.0 tx/s    3.7 Mgas/s      0+   49 Qed Ancient:#12378940 LI:#13363100    7/25 peers      6 MiB chain   13 MiB queue  RPC:  0 conn,    0 req/s,    0 µs
2021-10-06 03:44:08 UTC Syncing #13363053 0xa0e2…17dd     0.20 blk/s   14.6 tx/s    0.6 Mgas/s      0+   48 Qed Ancient:#12378941 LI:#13363100    7/25 peers      6 MiB chain   13 MiB queue  RPC:  0 conn,    0 req/s,    0 µs
2021-10-06 03:44:10 UTC Syncing #13363053 0xa0e2…17dd     0.00 blk/s    0.0 tx/s    0.0 Mgas/s      0+   50 Qed Ancient:#12378941 LI:#13363102    7/25 peers      6 MiB chain   13 MiB queue  RPC:  0 conn,    0 req/s,    0 µs
2021-10-06 03:44:16 UTC Syncing #13363053 0xa0e2…17dd     0.00 blk/s    0.0 tx/s    0.0 Mgas/s      0+   50 Qed Ancient:#12378941 LI:#13363102   10/25 peers      6 MiB chain   13 MiB queue  RPC:  0 conn,    0 req/s,    0 µs
2021-10-06 03:44:20 UTC Syncing #13363053 0xa0e2…17dd     0.00 blk/s    0.0 tx/s    0.0 Mgas/s      0+   50 Qed Ancient:#12378941 LI:#13363102    9/25 peers      6 MiB chain   13 MiB queue  RPC:  0 conn,    0 req/s,    0 µs
2021-10-06 03:44:25 UTC Syncing #13363053 0xa0e2…17dd     0.00 blk/s    0.0 tx/s    0.0 Mgas/s      0+   52 Qed Ancient:#12378941 LI:#13363104   10/25 peers      6 MiB chain   13 MiB queue  RPC:  0 conn,    0 req/s,    0 µs
2021-10-06 03:44:30 UTC Syncing #13363053 0xa0e2…17dd     0.00 blk/s    0.0 tx/s    0.0 Mgas/s      0+   52 Qed Ancient:#12378941 LI:#13363104   11/25 peers      6 MiB chain   13 MiB queue  RPC:  0 conn,    0 req/s,    0 µs
2021-10-06 03:44:35 UTC Syncing #13363053 0xa0e2…17dd     0.00 blk/s    0.0 tx/s    0.0 Mgas/s      0+   52 Qed Ancient:#12378941 LI:#13363104   11/25 peers      6 MiB chain   13 MiB queue  RPC:  0 conn,    0 req/s,    0 µs
2021-10-06 03:44:40 UTC Syncing #13363054 0x85d5…4686     0.20 blk/s   72.2 tx/s    5.7 Mgas/s      0+   51 Qed Ancient:#12378942 LI:#13363104   11/25 peers      6 MiB chain   13 MiB queue  RPC:  0 conn,    0 req/s,    0 µs
2021-10-06 03:44:50 UTC Syncing #13363054 0x85d5…4686     0.00 blk/s    0.0 tx/s    0.0 Mgas/s      0+   51 Qed Ancient:#12378942 LI:#13363104   12/25 peers      6 MiB chain   13 MiB queue  RPC:  0 conn,    0 req/s,    0 µs
2021-10-06 03:44:50 UTC Syncing #13363054 0x85d5…4686     0.00 blk/s    0.0 tx/s    0.0 Mgas/s      0+   51 Qed Ancient:#12378942 LI:#13363104   12/25 peers      6 MiB chain   13 MiB queue  RPC:  0 conn,    0 req/s,    0 µs
2021-10-06 03:44:59 UTC Syncing #13363055 0xdb9d…f362     0.20 blk/s   36.6 tx/s    2.9 Mgas/s      0+   51 Qed Ancient:#12378943 LI:#13363105   11/25 peers      6 MiB chain   13 MiB queue  RPC:  0 conn,    0 req/s,    0 µs
2021-10-06 03:45:01 UTC Syncing #13363055 0xdb9d…f362     0.00 blk/s    0.0 tx/s    0.0 Mgas/s      0+   51 Qed Ancient:#12378943 LI:#13363105    9/25 peers      6 MiB chain   13 MiB queue  RPC:  0 conn,    0 req/s,    0 µs
2021-10-06 03:45:07 UTC Syncing #13363056 0x9084…bfe7     0.20 blk/s   21.0 tx/s    1.8 Mgas/s      0+   50 Qed Ancient:#12378944 LI:#13363109    8/25 peers      6 MiB chain   13 MiB queue  RPC:  0 conn,    0 req/s,    0 µs
2021-10-06 03:45:10 UTC Syncing #13363056 0x9084…bfe7     0.00 blk/s    0.0 tx/s    0.0 Mgas/s      0+   55 Qed Ancient:#12378944 LI:#13363110    6/25 peers      6 MiB chain   14 MiB queue  RPC:  0 conn,    0 req/s,    0 µs
2021-10-06 03:45:15 UTC Syncing #13363056 0x9084…bfe7     0.00 blk/s    0.0 tx/s    0.0 Mgas/s      0+   57 Qed Ancient:#12378944 LI:#13363112    9/25 peers      6 MiB chain   14 MiB queue  RPC:  0 conn,    0 req/s,    0 µs
2021-10-06 03:45:21 UTC Syncing #13363057 0x4bc1…37b2     0.20 blk/s   39.0 tx/s    2.7 Mgas/s      0+   56 Qed Ancient:#12378946 LI:#13363112   11/25 peers      5 MiB chain   14 MiB queue  RPC:  0 conn,    0 req/s,    0 µs
2021-10-06 03:45:27 UTC Syncing #13363057 0x4bc1…37b2     0.00 blk/s    0.0 tx/s    0.0 Mgas/s      0+   56 Qed Ancient:#12378946 LI:#13363112   11/25 peers      5 MiB chain   14 MiB queue  RPC:  0 conn,    0 req/s,    0 µs
2021-10-06 03:45:33 UTC Syncing #13363058 0x1547…d334     0.20 blk/s   21.4 tx/s    2.1 Mgas/s      0+   55 Qed Ancient:#12378947 LI:#13363112   10/25 peers      4 MiB chain   14 MiB queue  RPC:  0 conn,    0 req/s,    0 µs
2021-10-06 03:45:35 UTC Syncing #13363058 0x1547…d334     0.00 blk/s    0.0 tx/s    0.0 Mgas/s      0+   55 Qed Ancient:#12378947 LI:#13363112    9/25 peers      4 MiB chain   14 MiB queue  RPC:  0 conn,    0 req/s,    0 µs
2021-10-06 03:45:40 UTC Syncing #13363058 0x1547…d334     0.00 blk/s    0.0 tx/s    0.0 Mgas/s      0+   55 Qed Ancient:#12378947 LI:#13363112   14/25 peers      4 MiB chain   14 MiB queue  RPC:  0 conn,    0 req/s,    0 µs
2021-10-06 03:45:48 UTC Syncing #13363060 0xbb67…bacd     0.40 blk/s   48.0 tx/s    4.6 Mgas/s      0+   53 Qed Ancient:#12378949 LI:#13363112   14/25 peers      4 MiB chain   13 MiB queue  RPC:  0 conn,    0 req/s,    0 µs
2021-10-06 03:45:55 UTC Syncing #13363060 0xbb67…bacd     0.00 blk/s    0.0 tx/s    0.0 Mgas/s      0+   53 Qed Ancient:#12378949 LI:#13363112   14/25 peers      4 MiB chain   13 MiB queue  RPC:  0 conn,    0 req/s,    0 µs
2021-10-06 03:45:55 UTC Syncing #13363060 0xbb67…bacd     0.00 blk/s    0.0 tx/s    0.0 Mgas/s      0+   53 Qed Ancient:#12378949 LI:#13363112   14/25 peers      4 MiB chain   13 MiB queue  RPC:  0 conn,    0 req/s,    0 µs
2021-10-06 03:46:00 UTC Syncing #13363060 0xbb67…bacd     0.00 blk/s    0.0 tx/s    0.0 Mgas/s      0+   53 Qed Ancient:#12378949 LI:#13363112   14/25 peers      4 MiB chain   13 MiB queue  RPC:  0 conn,    0 req/s,    0 µs
2021-10-06 03:46:05 UTC Syncing #13363060 0xbb67…bacd     0.00 blk/s    0.0 tx/s    0.0 Mgas/s      0+   54 Qed Ancient:#12378949 LI:#13363113   15/25 peers      5 MiB chain   14 MiB queue  RPC:  0 conn,    0 req/s,    0 µs
2021-10-06 03:46:11 UTC Syncing #13363060 0xbb67…bacd     0.00 blk/s    0.0 tx/s    0.0 Mgas/s      0+   54 Qed Ancient:#12378949 LI:#13363113   15/25 peers      8 MiB chain   14 MiB queue  RPC:  0 conn,    0 req/s,    0 µs
2021-10-06 03:46:21 UTC Syncing #13363061 0xd17f…9097     0.20 blk/s   63.2 tx/s    4.4 Mgas/s      0+   53 Qed Ancient:#12378950 LI:#13363113   15/25 peers    909 KiB chain   13 MiB queue  RPC:  0 conn,    0 req/s,    0 µs
2021-10-06 03:46:21 UTC Syncing #13363061 0xd17f…9097     0.10 blk/s   31.6 tx/s    2.2 Mgas/s      0+   53 Qed Ancient:#12378950 LI:#13363113   15/25 peers    909 KiB chain   13 MiB queue  RPC:  0 conn,    0 req/s,    0 µs
2021-10-06 03:46:26 UTC Syncing #13363061 0xd17f…9097     0.00 blk/s    0.0 tx/s    0.0 Mgas/s      0+   54 Qed Ancient:#12378950 LI:#13363114   16/25 peers    909 KiB chain   14 MiB queue  RPC:  0 conn,    0 req/s,    0 µs
2021-10-06 03:46:30 UTC Syncing #13363061 0xd17f…9097     0.00 blk/s    0.0 tx/s    0.0 Mgas/s      0+   57 Qed Ancient:#12378950 LI:#13363117   15/25 peers    909 KiB chain   15 MiB queue  RPC:  0 conn,    0 req/s,    0 µs
2021-10-06 03:46:36 UTC Syncing #13363062 0x8c39…2564     0.20 blk/s   31.8 tx/s    4.4 Mgas/s      0+   56 Qed Ancient:#12378951 LI:#13363117   16/25 peers    909 KiB chain   14 MiB queue  RPC:  0 conn,    0 req/s,    0 µs
2021-10-06 03:46:40 UTC Syncing #13363062 0x8c39…2564     0.00 blk/s    0.0 tx/s    0.0 Mgas/s      0+   56 Qed Ancient:#12378951 LI:#13363117   16/25 peers    909 KiB chain   14 MiB queue  RPC:  0 conn,    0 req/s,    0 µs
2021-10-06 03:46:47 UTC Syncing #13363062 0x8c39…2564     0.00 blk/s    0.0 tx/s    0.0 Mgas/s      0+   56 Qed Ancient:#12378951 LI:#13363117   16/25 peers    909 KiB chain   14 MiB queue  RPC:  0 conn,    0 req/s,    0 µs
2021-10-06 03:46:50 UTC Syncing #13363063 0x6c16…8622     0.20 blk/s   38.8 tx/s    2.8 Mgas/s      0+   55 Qed Ancient:#12378952 LI:#13363117   16/25 peers    979 KiB chain   14 MiB queue  RPC:  0 conn,    0 req/s,    0 µs
2021-10-06 03:47:00 UTC Syncing #13363064 0x2b07…893d     0.20 blk/s   24.2 tx/s    2.0 Mgas/s      0+   55 Qed Ancient:#12378953 LI:#13363118   16/25 peers    980 KiB chain   14 MiB queue  RPC:  0 conn,    0 req/s,    0 µs
2021-10-06 03:47:00 UTC Syncing #13363064 0x2b07…893d     0.00 blk/s    0.0 tx/s    0.0 Mgas/s      0+   58 Qed Ancient:#12378953 LI:#13363121   15/25 peers    980 KiB chain   15 MiB queue  RPC:  0 conn,    0 req/s,    0 µs
2021-10-06 03:47:17 UTC Syncing #13363068 0x54f6…400b     0.26 blk/s   36.8 tx/s    3.5 Mgas/s      0+   58 Qed Ancient:#12379094 LI:#13363124   12/25 peers      5 MiB chain   15 MiB queue  RPC:  0 conn,    0 req/s,    0 µs
2021-10-06 03:47:17 UTC Syncing #13363067 0xc5ae…aaad     0.23 blk/s   30.3 tx/s    2.3 Mgas/s      0+   58 Qed Ancient:#12378956 LI:#13363124   12/25 peers      1 MiB chain   15 MiB queue  RPC:  0 conn,    0 req/s,    0 µs
2021-10-06 03:47:21 UTC Syncing #13363070 0x5266…f2e0     0.67 blk/s   56.8 tx/s    6.6 Mgas/s      0+   55 Qed Ancient:#12379096 LI:#13363124   12/25 peers      5 MiB chain   14 MiB queue  RPC:  0 conn,    0 req/s,    0 µs
2021-10-06 03:47:26 UTC Syncing #13363070 0x5266…f2e0     0.00 blk/s    0.0 tx/s    0.0 Mgas/s      0+   55 Qed Ancient:#12379096 LI:#13363124   12/25 peers      5 MiB chain   14 MiB queue  RPC:  0 conn,    0 req/s,    0 µs
2021-10-06 03:47:31 UTC Syncing #13363071 0x483f…1a62     0.20 blk/s   81.6 tx/s    6.0 Mgas/s      0+   55 Qed Ancient:#12379097 LI:#13363125   12/25 peers      5 MiB chain   14 MiB queue  RPC:  0 conn,    0 req/s,    0 µs
2021-10-06 03:47:36 UTC Syncing #13363071 0x483f…1a62     0.00 blk/s    0.0 tx/s    0.0 Mgas/s      0+   56 Qed Ancient:#12379097 LI:#13363126   11/25 peers      5 MiB chain   14 MiB queue  RPC:  0 conn,    0 req/s,    0 µs