INFO [10-06|06:46:05.209] Imported new block headers               count=1   elapsed=6.778ms   number=13,363,922 hash=60a04e..40d351 age=1m4s
INFO [10-06|06:46:06.446] State heal in progress                   accounts=2405@143.23KiB slots=111@8.74KiB codes=12421@105.47MiB nodes=294,926,571@86.47GiB pending=81829
ERROR[10-06|06:46:07.593] Snapshot extension registration failed   peer=3af25a30 err="peer connected on snap without compatible eth support"
INFO [10-06|06:46:08.389] Imported new block headers               count=1   elapsed=6.728ms   number=13,363,923 hash=64792c..21491d age=1m2s
INFO [10-06|06:46:14.662] Imported new block headers               count=1   elapsed=9.152ms   number=13,363,924 hash=cfa90a..fb2783
INFO [10-06|06:46:17.436] State heal in progress                   accounts=2533@150.51KiB slots=124@9.73KiB codes=12421@105.47MiB nodes=294,927,313@86.47GiB pending=82422
INFO [10-06|06:46:28.653] State heal in progress                   accounts=2632@155.90KiB slots=139@10.94KiB codes=12421@105.47MiB nodes=294,928,025@86.47GiB pending=83188
INFO [10-06|06:46:36.381] Imported new block headers               count=1   elapsed=6.248ms   number=13,363,925 hash=700e69..62d72c
INFO [10-06|06:46:37.425] State heal in progress                   accounts=2733@161.75KiB slots=168@13.26KiB codes=12421@105.47MiB nodes=294,928,716@86.47GiB pending=83800
INFO [10-06|06:46:37.553] Downloader queue stats                   receiptTasks=0  blockTasks=0   itemSize=291.59KiB throttle=900
INFO [10-06|06:46:48.987] State heal in progress                   accounts=2828@167.21KiB slots=182@14.37KiB codes=12421@105.47MiB nodes=294,929,463@86.47GiB pending=84979
INFO [10-06|06:46:58.106] Imported new block headers               count=1   elapsed=7.970ms   number=13,363,926 hash=6297ab..c471fd
INFO [10-06|06:46:59.903] State heal in progress                   accounts=2897@171.70KiB slots=212@16.86KiB codes=12421@105.47MiB nodes=294,930,182@86.47GiB pending=85908
WARN [10-06|06:47:00.029] Checkpoint challenge timed out, dropping id=e5b94677a605b16b conn=inbound addr=157.90.199.87:34302   type=erigon/v2021.09.4/li...
INFO [10-06|06:47:04.375] Imported new block headers               count=1   elapsed=6.066ms   number=13,363,927 hash=a93244..fa4e7e
ERROR[10-06|06:47:04.616] Snapshot extension registration failed   peer=3976e1c6 err="peer connected on snap without compatible eth support"
INFO [10-06|06:47:07.555] Imported new block headers               count=1   elapsed=6.641ms   number=13,363,928 hash=f88c84..e87df2
INFO [10-06|06:47:10.720] State heal in progress                   accounts=2967@175.87KiB slots=258@20.47KiB codes=12421@105.47MiB nodes=294,930,809@86.47GiB pending=86639
INFO [10-06|06:47:20.918] State heal in progress                   accounts=3052@180.71KiB slots=279@22.18KiB codes=12421@105.47MiB nodes=294,931,502@86.47GiB pending=87394
INFO [10-06|06:47:26.197] Imported new block headers               count=1   elapsed=6.181ms   number=13,363,929 hash=4f86e9..256cb3
INFO [10-06|06:47:30.744] State heal in progress                   accounts=3131@185.11KiB slots=316@25.19KiB codes=12421@105.47MiB nodes=294,932,177@86.47GiB pending=88258
INFO [10-06|06:47:35.566] Imported new block headers               count=1   elapsed=9.877ms   number=13,363,930 hash=163ae0..1edd4c
ERROR[10-06|06:47:41.265] Snapshot extension registration failed   peer=a7c6f33b err="peer connected on snap without compatible eth support"
INFO [10-06|06:47:41.295] State heal in progress                   accounts=3192@188.72KiB slots=347@27.61KiB codes=12421@105.47MiB nodes=294,932,843@86.47GiB pending=89380
INFO [10-06|06:47:41.834] Imported new block headers               count=1   elapsed=7.711ms   number=13,363,931 hash=dc9c64..2b0522
INFO [10-06|06:47:42.587] Downloader queue stats                   receiptTasks=0  blockTasks=0   itemSize=252.81KiB throttle=1037
ERROR[10-06|06:47:49.908] Snapshot extension registration failed   peer=1f224850 err="peer connected on snap without compatible eth support"
INFO [10-06|06:47:50.919] State heal in progress                   accounts=3336@196.17KiB slots=363@28.86KiB codes=12421@105.47MiB nodes=294,933,589@86.47GiB pending=89875
INFO [10-06|06:47:57.378] Imported new block headers               count=1   elapsed=9.353ms   number=13,363,932 hash=fa2cee..2d68ec
ERROR[10-06|06:47:59.963] Snapshot extension registration failed   peer=cd1cdc46 err="peer connected on snap without compatible eth support"
INFO [10-06|06:48:00.555] Imported new block headers               count=1   elapsed=6.314ms   number=13,363,933 hash=089b5e..86d590
ERROR[10-06|06:48:00.673] Snapshot extension registration failed   peer=a05e766c err="peer connected on snap without compatible eth support"
INFO [10-06|06:48:00.903] State heal in progress                   accounts=3396@199.61KiB slots=403@31.99KiB codes=12421@105.47MiB nodes=294,934,273@86.47GiB pending=90687
INFO [10-06|06:48:11.591] State heal in progress                   accounts=3431@201.31KiB slots=458@36.23KiB codes=12421@105.47MiB nodes=294,934,912@86.47GiB pending=91490
ERROR[10-06|06:48:13.954] Snapshot extension registration failed   peer=20dcc090 err="peer connected on snap without compatible eth support"
WARN [10-06|06:48:14.028] Dropping unsynced node during sync       id=3d4b9d27cdb1f716 conn=inbound addr=141.226.153.186:65136 type=Geth/v1.10.6-stable-...
INFO [10-06|06:48:20.713] State heal in progress                   accounts=3513@206.15KiB slots=499@39.44KiB codes=12421@105.47MiB nodes=294,935,548@86.47GiB pending=92129
INFO [10-06|06:48:22.277] Imported new block headers               count=1   elapsed=6.450ms   number=13,363,934 hash=351b43..0e3eb1
ERROR[10-06|06:48:23.579] Snapshot extension registration failed   peer=0c28307a err="peer connected on snap without compatible eth support"
ERROR[10-06|06:48:30.584] Snapshot extension registration failed   peer=49de6cc2 err="peer connected on snap without compatible eth support"
INFO [10-06|06:48:30.672] State heal in progress                   accounts=3574@209.83KiB slots=558@44.18KiB codes=12421@105.47MiB nodes=294,936,192@86.47GiB pending=92924
INFO [10-06|06:48:34.728] Imported new block headers               count=1   elapsed=6.319ms   number=13,363,935 hash=8123c5..10b79d
INFO [10-06|06:48:39.950] State heal in progress                   accounts=3644@213.75KiB slots=609@47.91KiB codes=12421@105.47MiB nodes=294,936,831@86.47GiB pending=93791
ERROR[10-06|06:48:41.670] Snapshot extension registration failed   peer=20cbda0c err="peer connected on snap without compatible eth support"
INFO [10-06|06:48:48.608] State heal in progress                   accounts=3678@216.00KiB slots=685@53.93KiB codes=12421@105.47MiB nodes=294,937,432@86.47GiB pending=94425
INFO [10-06|06:48:56.449] Imported new block headers               count=1   elapsed=5.965ms   number=13,363,936 hash=d05024..a30c81
INFO [10-06|06:48:57.384] State heal in progress                   accounts=3703@217.55KiB slots=790@62.33KiB codes=12421@105.47MiB nodes=294,938,014@86.47GiB pending=94835
INFO [10-06|06:48:57.655] Downloader queue stats                   receiptTasks=0  blockTasks=0   itemSize=251.34KiB throttle=1043
INFO [10-06|06:49:06.897] State heal in progress                   accounts=3782@221.93KiB slots=833@65.88KiB codes=12421@105.47MiB nodes=294,938,654@86.47GiB pending=95488
INFO [10-06|06:49:08.903] Imported new block headers               count=1   elapsed=8.642ms   number=13,363,937 hash=e0d9e3..461e4e
INFO [10-06|06:49:15.047] State heal in progress                   accounts=3821@224.18KiB slots=905@71.64KiB codes=12421@105.47MiB nodes=294,939,238@86.47GiB pending=95994
ERROR[10-06|06:49:23.060] Snapshot extension registration failed   peer=219700a3 err="peer connected on snap without compatible eth support"
INFO [10-06|06:49:24.148] State heal in progress                   accounts=3880@227.33KiB slots=968@76.58KiB codes=12421@105.47MiB nodes=294,939,845@86.47GiB pending=96546
INFO [10-06|06:49:32.635] State heal in progress                   accounts=3953@231.21KiB slots=1027@81.24KiB codes=12421@105.47MiB nodes=294,940,464@86.47GiB pending=97067
INFO [10-06|06:49:33.714] Imported new block headers               count=1   elapsed=7.465ms   number=13,363,938 hash=c143b8..e6ba81 age=1m1s
INFO [10-06|06:49:36.894] Imported new block headers               count=1   elapsed=6.353ms   number=13,363,939 hash=c17c19..b9a558
ERROR[10-06|06:49:39.266] Snapshot extension registration failed   peer=85512e24 err="peer connected on snap without compatible eth support"
INFO [10-06|06:49:41.392] State heal in progress                   accounts=3991@233.31KiB slots=1289@101.39KiB codes=12421@105.47MiB nodes=294,941,325@86.47GiB pending=97074
INFO [10-06|06:49:46.254] Imported new block headers               count=1   elapsed=6.103ms   number=13,363,940 hash=b46d8f..d65c4f
INFO [10-06|06:49:50.050] State heal in progress                   accounts=4022@234.93KiB slots=1377@108.25KiB codes=12421@105.47MiB nodes=294,941,890@86.47GiB pending=97558
INFO [10-06|06:49:55.619] Imported new block headers               count=2   elapsed=11.169ms  number=13,363,942 hash=f7b031..cfc905
INFO [10-06|06:49:58.768] State heal in progress                   accounts=4062@237.48KiB slots=1459@114.65KiB codes=12421@105.47MiB nodes=294,942,459@86.47GiB pending=97986
ERROR[10-06|06:50:01.860] Snapshot extension registration failed   peer=c1ee3c5a err="peer connected on snap without compatible eth support"
INFO [10-06|06:50:01.884] Imported new block headers               count=1   elapsed=6.331ms   number=13,363,943 hash=8a469c..3a9ca5
INFO [10-06|06:50:05.063] Imported new block headers               count=1   elapsed=5.612ms   number=13,363,944 hash=1de9ab..e57587
ERROR[10-06|06:50:06.875] Snapshot extension registration failed   peer=6f817b70 err="peer connected on snap without compatible eth support"
INFO [10-06|06:50:07.518] State heal in progress                   accounts=4107@239.85KiB slots=1523@119.36KiB codes=12421@105.47MiB nodes=294,943,009@86.47GiB pending=98384
INFO [10-06|06:50:08.246] Imported new block headers               count=1   elapsed=8.950ms   number=13,363,945 hash=15cb10..6e8c41
ERROR[10-06|06:50:15.903] Snapshot extension registration failed   peer=f477fd86 err="peer connected on snap without compatible eth support"
INFO [10-06|06:50:17.841] State heal in progress                   accounts=4133@241.35KiB slots=1594@124.82KiB codes=12421@105.47MiB nodes=294,943,640@86.47GiB pending=99063
ERROR[10-06|06:50:17.928] Snapshot extension registration failed   peer=b5496381 err="peer connected on snap without compatible eth support"
INFO [10-06|06:50:20.693] Imported new block headers               count=1   elapsed=6.468ms   number=13,363,946 hash=2e184f..9326ee
INFO [10-06|06:50:20.704] Downloader queue stats                   receiptTasks=0  blockTasks=0   itemSize=245.13KiB throttle=1070
INFO [10-06|06:50:23.873] Imported new block headers               count=1   elapsed=6.261ms   number=13,363,947 hash=9b766b..e68fb4
ERROR[10-06|06:50:27.535] Snapshot extension registration failed   peer=89027a8b err="peer connected on snap without compatible eth support"
ERROR[10-06|06:50:27.743] Snapshot extension registration failed   peer=aec4562e err="peer connected on snap without compatible eth support"
INFO [10-06|06:50:28.534] State heal in progress                   accounts=4133@241.35KiB slots=1621@127.00KiB codes=12421@105.47MiB nodes=294,944,136@86.47GiB pending=100,277
INFO [10-06|06:50:39.041] State heal in progress                   accounts=4181@243.81KiB slots=1761@137.91KiB codes=12421@105.47MiB nodes=294,944,935@86.47GiB pending=100,890
INFO [10-06|06:50:48.325] State heal in progress                   accounts=4211@245.52KiB slots=1855@145.13KiB codes=12421@105.47MiB nodes=294,945,526@86.47GiB pending=101,340
INFO [10-06|06:51:00.045] State heal in progress                   accounts=4232@246.84KiB slots=1907@149.15KiB codes=12421@105.47MiB nodes=294,946,229@86.47GiB pending=103,212
WARN [10-06|06:51:01.605] Checkpoint challenge timed out, dropping id=311173c232587dc3 conn=inbound addr=47.101.207.103:49520  type=Nethermind/v1.11.3-0...
INFO [10-06|06:51:07.227] Imported new block headers               count=1   elapsed=6.713ms   number=13,363,948 hash=188d2a..9dadff age=1m1s
INFO [10-06|06:51:08.311] State heal in progress                   accounts=4250@247.90KiB slots=1995@155.91KiB codes=12421@105.47MiB nodes=294,946,813@86.47GiB pending=103,792
ERROR[10-06|06:51:15.005] Snapshot extension registration failed   peer=fcb2c2fb err="peer connected on snap without compatible eth support"
ERROR[10-06|06:51:17.889] Snapshot extension registration failed   peer=e416104e err="peer connected on snap without compatible eth support"
INFO [10-06|06:51:18.269] State heal in progress                   accounts=4298@250.50KiB slots=2136@166.80KiB codes=12421@105.47MiB nodes=294,947,579@86.47GiB pending=104,348
INFO [10-06|06:51:28.877] State heal in progress                   accounts=4349@253.78KiB slots=2255@176.11KiB codes=12421@105.47MiB nodes=294,948,345@86.47GiB pending=104,939
INFO [10-06|06:51:32.038] Imported new block headers               count=1   elapsed=6.726ms   number=13,363,949 hash=b770f8..83ab99 age=1m13s
INFO [10-06|06:51:32.746] Downloader queue stats                   receiptTasks=0  blockTasks=0   itemSize=226.91KiB throttle=1156
ERROR[10-06|06:51:36.350] Snapshot extension registration failed   peer=9bd3dcce err="peer connected on snap without compatible eth support"
INFO [10-06|06:51:37.243] State heal in progress                   accounts=4400@256.64KiB slots=2333@182.05KiB codes=12421@105.47MiB nodes=294,948,943@86.47GiB pending=105,539
INFO [10-06|06:51:38.308] Imported new block headers               count=1   elapsed=6.315ms   number=13,363,950 hash=5fceb0..13e93f age=1m16s
INFO [10-06|06:51:46.530] State heal in progress                   accounts=4454@259.72KiB slots=2489@193.98KiB codes=12421@105.47MiB nodes=294,949,708@86.47GiB pending=105,934