INFO [10-06|00:12:58.759] State heal in progress                   accounts=10659@610.40KiB slots=13351@1010.50KiB codes=12390@105.19MiB nodes=293,236,369@85.88GiB pending=108,726
INFO [10-06|00:13:04.046] Imported new block headers               count=1  elapsed=8.074ms   number=13,362,155 hash=ccc5ee..29c69b
INFO [10-06|00:13:05.291] Looking for peers                        peercount=36 tried=4 static=0
INFO [10-06|00:13:07.125] State heal in progress                   accounts=10659@610.40KiB slots=13697@1.01MiB    codes=12390@105.19MiB nodes=293,237,319@85.88GiB pending=108,887
INFO [10-06|00:13:15.293] Looking for peers                        peercount=36 tried=3 static=0
INFO [10-06|00:13:15.789] State heal in progress                   accounts=10659@610.40KiB slots=13932@1.03MiB    codes=12390@105.19MiB nodes=293,238,126@85.88GiB pending=109,543
INFO [10-06|00:13:21.648] Imported new block headers               count=1  elapsed=6.624ms   number=13,362,156 hash=eab5b8..0cc746
INFO [10-06|00:13:22.418] Downloader queue stats                   receiptTasks=0 blockTasks=0 itemSize=214.41KiB throttle=1223
INFO [10-06|00:13:24.208] State heal in progress                   accounts=10659@610.40KiB slots=14018@1.04MiB    codes=12390@105.19MiB nodes=293,238,626@85.88GiB pending=110,197
INFO [10-06|00:13:25.120] Imported new block headers               count=1  elapsed=6.251ms   number=13,362,157 hash=6cf45c..1ff542
INFO [10-06|00:13:27.806] Looking for peers                        peercount=36 tried=3 static=0
INFO [10-06|00:13:33.158] State heal in progress                   accounts=10659@610.40KiB slots=14249@1.05MiB    codes=12390@105.19MiB nodes=293,239,417@85.88GiB pending=110,412
INFO [10-06|00:13:37.807] Looking for peers                        peercount=36 tried=3 static=0
INFO [10-06|00:13:41.435] State heal in progress                   accounts=10659@610.40KiB slots=14608@1.08MiB    codes=12390@105.19MiB nodes=293,240,346@85.88GiB pending=110,472
INFO [10-06|00:13:47.808] Looking for peers                        peercount=36 tried=3 static=0
INFO [10-06|00:13:50.464] State heal in progress                   accounts=10660@610.44KiB slots=14945@1.11MiB    codes=12390@105.19MiB nodes=293,241,279@85.88GiB pending=110,589
INFO [10-06|00:13:57.809] Looking for peers                        peercount=36 tried=3 static=0
INFO [10-06|00:13:59.012] State heal in progress                   accounts=10660@610.44KiB slots=15208@1.13MiB    codes=12390@105.19MiB nodes=293,242,060@85.88GiB pending=110,814
INFO [10-06|00:14:07.810] Looking for peers                        peercount=36 tried=2 static=0
INFO [10-06|00:14:07.936] State heal in progress                   accounts=10660@610.44KiB slots=15806@1.17MiB    codes=12390@105.19MiB nodes=293,243,393@85.88GiB pending=110,628
INFO [10-06|00:14:09.940] Imported new block headers               count=1  elapsed=6.950ms   number=13,362,158 hash=8bca06..d15a5d age=1m9s
WARN [10-06|00:14:10.455] Pivot became stale, moving               old=13,362,032 new=13,362,096
INFO [10-06|00:14:10.652] Imported new block receipts              count=64 elapsed=194.792ms number=13,362,095 hash=c1f5ab..085eaa age=15m36s   size=8.94MiB
INFO [10-06|00:14:11.929] State heal in progress                   accounts=10662@610.58KiB slots=16063@1.19MiB    codes=12390@105.19MiB nodes=293,244,000@85.88GiB pending=110,530
WARN [10-06|00:14:11.986] Unexpected trienode heal packet          peer=7772c17f reqid=3,230,415,707,328,035,972
INFO [10-06|00:14:17.811] Looking for peers                        peercount=36 tried=4 static=0
INFO [10-06|00:14:21.853] State heal in progress                   accounts=10662@610.58KiB slots=16063@1.19MiB    codes=12390@105.19MiB nodes=293,246,282@85.88GiB pending=29752
INFO [10-06|00:14:27.046] Imported new block headers               count=1  elapsed=6.467ms   number=13,362,159 hash=c7e570..5f6156 age=1m13s
INFO [10-06|00:14:27.813] Looking for peers                        peercount=36 tried=3 static=0
INFO [10-06|00:14:27.947] Downloader queue stats                   receiptTasks=0 blockTasks=0 itemSize=216.41KiB throttle=1212
INFO [10-06|00:14:33.558] State heal in progress                   accounts=10662@610.58KiB slots=16063@1.19MiB    codes=12390@105.19MiB nodes=293,247,822@85.88GiB pending=34090
INFO [10-06|00:14:37.814] Looking for peers                        peercount=36 tried=3 static=0
INFO [10-06|00:14:44.484] State heal in progress                   accounts=10662@610.58KiB slots=16063@1.19MiB    codes=12390@105.19MiB nodes=293,249,718@85.88GiB pending=49069
INFO [10-06|00:14:47.816] Looking for peers                        peercount=36 tried=3 static=0
INFO [10-06|00:14:56.573] State heal in progress                   accounts=10662@610.58KiB slots=16063@1.19MiB    codes=12390@105.19MiB nodes=293,251,483@85.89GiB pending=55066
INFO [10-06|00:14:57.817] Looking for peers                        peercount=36 tried=3 static=0
WARN [10-06|00:14:58.391] Unexpected trienode heal packet          peer=40bcfd5e reqid=4,294,857,958,976,764,036
WARN [10-06|00:14:58.506] Unexpected trienode heal packet          peer=c25dc4e4 reqid=3,051,998,650,425,451,532
INFO [10-06|00:15:02.546] Imported new block headers               count=2  elapsed=9.600ms   number=13,362,161 hash=389102..a8ced5 age=1m9s
INFO [10-06|00:15:07.819] Looking for peers                        peercount=36 tried=3 static=0
INFO [10-06|00:15:10.779] Imported new block headers               count=1  elapsed=6.933ms   number=13,362,162 hash=42bd4e..8f2a2b
INFO [10-06|00:15:11.372] State heal in progress                   accounts=10662@610.58KiB slots=16063@1.19MiB    codes=12390@105.19MiB nodes=293,252,979@85.89GiB pending=59736
INFO [10-06|00:15:17.820] Looking for peers                        peercount=36 tried=2 static=0
INFO [10-06|00:15:20.755] Imported new block headers               count=1  elapsed=6.829ms   number=13,362,163 hash=3ee2ad..7e9e32
INFO [10-06|00:15:22.799] State heal in progress                   accounts=10662@610.58KiB slots=16063@1.19MiB    codes=12390@105.19MiB nodes=293,253,838@85.89GiB pending=62781
INFO [10-06|00:15:27.822] Looking for peers                        peercount=36 tried=3 static=0
INFO [10-06|00:15:31.199] Imported new block headers               count=1  elapsed=6.868ms   number=13,362,164 hash=1fba3a..043384
INFO [10-06|00:15:31.993] Downloader queue stats                   receiptTasks=0 blockTasks=0 itemSize=261.67KiB throttle=1002
INFO [10-06|00:15:32.125] State heal in progress                   accounts=10662@610.58KiB slots=16063@1.19MiB    codes=12390@105.19MiB nodes=293,254,483@85.89GiB pending=63455
INFO [10-06|00:15:37.909] Looking for peers                        peercount=36 tried=4 static=0
INFO [10-06|00:15:39.665] Imported new block headers               count=1  elapsed=9.472ms   number=13,362,165 hash=28132d..61d374
INFO [10-06|00:15:41.533] State heal in progress                   accounts=10662@610.58KiB slots=16063@1.19MiB    codes=12390@105.19MiB nodes=293,255,196@85.89GiB pending=64783
INFO [10-06|00:15:47.911] Looking for peers                        peercount=36 tried=3 static=0
INFO [10-06|00:15:49.757] State heal in progress                   accounts=10662@610.58KiB slots=16063@1.19MiB    codes=12390@105.19MiB nodes=293,255,875@85.89GiB pending=65913
INFO [10-06|00:15:57.913] Looking for peers                        peercount=36 tried=3 static=0
INFO [10-06|00:16:01.106] State heal in progress                   accounts=10662@610.58KiB slots=16063@1.19MiB    codes=12390@105.19MiB nodes=293,256,843@85.89GiB pending=67095
INFO [10-06|00:16:07.918] Looking for peers                        peercount=35 tried=3 static=0
INFO [10-06|00:16:08.708] State heal in progress                   accounts=10662@610.58KiB slots=16063@1.19MiB    codes=12390@105.19MiB nodes=293,257,583@85.89GiB pending=68235
WARN [10-06|00:16:08.709] Synchronisation failed, dropping peer    peer=2a36bac0398bf06ae5262bc9d7111ef3cbd3806448deaa6e9ecbe9680d24db00 err="action from bad peer ignored: header request timed out"
WARN [10-06|00:16:08.755] Unexpected trienode heal packet          peer=7772c17f reqid=3,670,802,772,543,333,985
WARN [10-06|00:16:08.781] Unexpected trienode heal packet          peer=f28ab507 reqid=8,925,830,836,019,416,331
WARN [10-06|00:16:08.794] Unexpected trienode heal packet          peer=9300ae06 reqid=3,605,097,407,312,719,800
WARN [10-06|00:16:08.803] Unexpected trienode heal packet          peer=6e544948 reqid=565,493,468,893,932,982
WARN [10-06|00:16:08.912] Unexpected trienode heal packet          peer=40bcfd5e reqid=3,986,129,931,162,182,438
WARN [10-06|00:16:09.070] Unexpected trienode heal packet          peer=293b75f8 reqid=2,321,057,408,924,593,214
INFO [10-06|00:16:09.271] Disabling direct-ancient mode            origin=13,362,095 ancient=12,976,127
INFO [10-06|00:16:09.650] Imported new block headers               count=2  elapsed=317.885ms number=13,362,167 hash=4e79fc..7d3240 ignored=70
WARN [10-06|00:16:09.789] Unexpected trienode heal packet          peer=4bfd9ac2 reqid=7,217,590,924,007,392,661
WARN [10-06|00:16:09.792] Unexpected trienode heal packet          peer=c25dc4e4 reqid=4,626,270,771,847,449,712
ERROR[10-06|00:16:09.864] Snapshot extension registration failed   peer=67e93ad4 err="peer connected on snap without compatible eth support"
INFO [10-06|00:16:11.435] Imported new block receipts              count=8  elapsed=34.303ms  number=13,362,103 hash=b58a97..20ef40 age=16m9s    size=1.03MiB
INFO [10-06|00:16:11.865] State heal in progress                   accounts=10662@610.58KiB slots=16063@1.19MiB    codes=12390@105.19MiB nodes=293,258,134@85.89GiB pending=8806
WARN [10-06|00:16:11.888] Unexpected trienode heal packet          peer=7772c17f reqid=470,357,101,836,108,572
WARN [10-06|00:16:11.917] Unexpected trienode heal packet          peer=f28ab507 reqid=7,405,263,204,306,546,454
WARN [10-06|00:16:11.967] Unexpected trienode heal packet          peer=4bfd9ac2 reqid=3,195,901,337,403,778,806
WARN [10-06|00:16:12.050] Unexpected trienode heal packet          peer=9300ae06 reqid=1,295,691,681,757,988,858
WARN [10-06|00:16:12.119] Unexpected trienode heal packet          peer=6e544948 reqid=7,303,209,056,673,070,913
WARN [10-06|00:16:12.277] Unexpected trienode heal packet          peer=40bcfd5e reqid=4,564,664,535,358,801,482
WARN [10-06|00:16:12.415] Unexpected trienode heal packet          peer=293b75f8 reqid=3,758,974,283,958,729,226
WARN [10-06|00:16:12.523] Unexpected trienode heal packet          peer=c25dc4e4 reqid=5,401,106,213,100,375,764
INFO [10-06|00:16:17.929] Looking for peers                        peercount=35 tried=3 static=0
INFO [10-06|00:16:21.517] State heal in progress                   accounts=10662@610.58KiB slots=16063@1.19MiB    codes=12390@105.19MiB nodes=293,262,152@85.89GiB pending=57730
INFO [10-06|00:16:27.931] Looking for peers                        peercount=35 tried=3 static=0
ERROR[10-06|00:16:28.090] Snapshot extension registration failed   peer=af5dfeb7 err="peer connected on snap without compatible eth support"
INFO [10-06|00:16:29.830] State heal in progress                   accounts=10662@610.58KiB slots=16063@1.19MiB    codes=12390@105.19MiB nodes=293,265,453@85.89GiB pending=64994
INFO [10-06|00:16:37.934] Looking for peers                        peercount=36 tried=3 static=0
INFO [10-06|00:16:38.750] State heal in progress                   accounts=10662@610.58KiB slots=16063@1.19MiB    codes=12390@105.19MiB nodes=293,268,045@85.89GiB pending=74229
INFO [10-06|00:16:47.935] Looking for peers                        peercount=36 tried=3 static=0
INFO [10-06|00:16:56.556] State heal in progress                   accounts=10662@610.58KiB slots=16063@1.19MiB    codes=12390@105.19MiB nodes=293,269,827@85.89GiB pending=81100
INFO [10-06|00:16:57.936] Looking for peers                        peercount=36 tried=3 static=0
INFO [10-06|00:17:07.938] Looking for peers                        peercount=36 tried=3 static=0
INFO [10-06|00:17:09.245] State heal in progress                   accounts=10662@610.58KiB slots=16063@1.19MiB    codes=12390@105.19MiB nodes=293,270,894@85.90GiB pending=87337
INFO [10-06|00:17:15.960] Imported new block headers               count=1  elapsed=8.110ms   number=13,362,168 hash=eafce0..db986f age=1m42s
INFO [10-06|00:17:16.939] Downloader queue stats                   receiptTasks=0 blockTasks=0 itemSize=243.31KiB throttle=1078
INFO [10-06|00:17:17.939] Looking for peers                        peercount=36 tried=3 static=0
INFO [10-06|00:17:23.810] State heal in progress                   accounts=10662@610.58KiB slots=16063@1.19MiB    codes=12390@105.19MiB nodes=293,272,340@85.90GiB pending=93112
INFO [10-06|00:17:27.941] Looking for peers                        peercount=36 tried=2 static=0
WARN [10-06|00:17:30.801] Unexpected trienode heal packet          peer=7772c17f reqid=7,945,070,125,038,453,301
INFO [10-06|00:17:34.113] Imported new block headers               count=1  elapsed=6.390ms   number=13,362,169 hash=d09524..9960f3 age=1m43s
INFO [10-06|00:17:35.840] State heal in progress                   accounts=10662@610.58KiB slots=16063@1.19MiB    codes=12390@105.19MiB nodes=293,273,680@85.90GiB pending=95127
WARN [10-06|00:17:35.841] Unexpected trienode heal packet          peer=40bcfd5e reqid=8,789,690,671,687,320,427
INFO [10-06|00:17:37.942] Looking for peers                        peercount=36 tried=4 static=0
WARN [10-06|00:17:41.492] Unexpected trienode heal packet          peer=293b75f8 reqid=6,787,768,553,841,294,361
INFO [10-06|00:17:43.193] Imported new block headers               count=1  elapsed=6.051ms   number=13,362,170 hash=e3791c..430eeb age=1m40s
INFO [10-06|00:17:47.944] Looking for peers                        peercount=36 tried=2 static=0
INFO [10-06|00:17:54.449] State heal in progress                   accounts=10662@610.58KiB slots=16063@1.19MiB    codes=12390@105.19MiB nodes=293,274,560@85.90GiB pending=96078
WARN [10-06|00:17:54.450] Unexpected trienode heal packet          peer=c25dc4e4 reqid=7,983,180,869,081,085,129
WARN [10-06|00:17:54.612] Unexpected trienode heal packet          peer=9300ae06 reqid=7,449,780,621,829,524,005
WARN [10-06|00:17:54.721] Unexpected trienode heal packet          peer=4bfd9ac2 reqid=372,744,590,296,278,831
WARN [10-06|00:17:54.859] Unexpected trienode heal packet          peer=6e544948 reqid=5,037,013,678,029,258,481
INFO [10-06|00:17:57.945] Looking for peers                        peercount=35 tried=4 static=0
INFO [10-06|00:18:06.420] State heal in progress                   accounts=10662@610.58KiB slots=16063@1.19MiB    codes=12390@105.19MiB nodes=293,275,130@85.90GiB pending=97359
INFO [10-06|00:18:07.947] Looking for peers                        peercount=35 tried=1 static=0
ERROR[10-06|00:18:13.779] Snapshot extension registration failed   peer=685a2d9f err="peer connected on snap without compatible eth support"
INFO [10-06|00:18:16.785] State heal in progress                   accounts=10662@610.58KiB slots=16063@1.19MiB    codes=12390@105.19MiB nodes=293,275,623@85.90GiB pending=98322
INFO [10-06|00:18:17.948] Looking for peers                        peercount=35 tried=4 static=0
INFO [10-06|00:18:25.421] State heal in progress                   accounts=10662@610.58KiB slots=16063@1.19MiB    codes=12390@105.19MiB nodes=293,276,072@85.90GiB pending=99202