ERROR[10-06|02:18:59.338] Snapshot extension registration failed   peer=20cbda0c err="peer connected on snap without compatible eth support"
INFO [10-06|02:19:00.900] Imported new block headers               count=1  elapsed=7.634ms   number=13,362,702 hash=b208b0..ecad52 age=1m2s
INFO [10-06|02:19:00.907] Imported new block headers               count=1  elapsed=5.621ms   number=13,362,703 hash=1dc978..7c110d
INFO [10-06|02:19:01.560] Downloader queue stats                   receiptTasks=0 blockTasks=0  itemSize=209.15KiB throttle=1254
INFO [10-06|02:19:05.051] State heal in progress                   accounts=889@47.41KiB slots=1@82.00B codes=12400@105.30MiB nodes=293,763,483@86.08GiB pending=81454
WARN [10-06|02:19:09.924] Checkpoint challenge timed out, dropping id=311173c232587dc3 conn=inbound addr=47.101.207.103:50674 type=Nethermind/v1.11.3-0...
ERROR[10-06|02:19:10.254] Snapshot extension registration failed   peer=531a6ea7 err="peer connected on snap without compatible eth support"
INFO [10-06|02:19:15.057] State heal in progress                   accounts=1162@62.37KiB slots=12@881.00B codes=12400@105.30MiB nodes=293,764,503@86.08GiB pending=81695
WARN [10-06|02:19:30.663] Checkpoint challenge timed out, dropping id=4e442821c82807a5 conn=inbound addr=138.197.104.166:37868 type=OpenEthereum/v3.3.0-...
INFO [10-06|02:19:33.398] State heal in progress                   accounts=1214@65.19KiB slots=12@881.00B codes=12400@105.30MiB nodes=293,765,294@86.08GiB pending=82382
ERROR[10-06|02:19:41.856] Snapshot extension registration failed   peer=9634124a err="peer connected on snap without compatible eth support"
INFO [10-06|02:19:42.814] State heal in progress                   accounts=1326@71.48KiB slots=16@1.18KiB codes=12400@105.30MiB nodes=293,765,863@86.08GiB pending=82695
INFO [10-06|02:19:45.844] Imported new block headers               count=3  elapsed=12.796ms  number=13,362,706 hash=530748..4fa2a3
ERROR[10-06|02:19:51.489] Snapshot extension registration failed   peer=1d4fc8e3 err="peer connected on snap without compatible eth support"
INFO [10-06|02:19:52.407] State heal in progress                   accounts=1396@75.20KiB slots=16@1.18KiB codes=12400@105.30MiB nodes=293,766,887@86.08GiB pending=83675
ERROR[10-06|02:19:55.275] Snapshot extension registration failed   peer=3e412007 err="peer connected on snap without compatible eth support"
INFO [10-06|02:20:07.487] State heal in progress                   accounts=1428@76.77KiB slots=16@1.18KiB codes=12400@105.30MiB nodes=293,767,330@86.08GiB pending=84055
ERROR[10-06|02:20:13.650] Snapshot extension registration failed   peer=20dcc090 err="peer connected on snap without compatible eth support"
INFO [10-06|02:20:20.467] State heal in progress                   accounts=1536@82.89KiB slots=18@1.31KiB codes=12400@105.30MiB nodes=293,767,952@86.08GiB pending=84393
ERROR[10-06|02:20:25.318] Snapshot extension registration failed   peer=2e94dc38 err="peer connected on snap without compatible eth support"
INFO [10-06|02:20:37.227] State heal in progress                   accounts=1555@83.96KiB slots=22@1.59KiB codes=12400@105.30MiB nodes=293,768,490@86.08GiB pending=84926
INFO [10-06|02:20:37.233] State heal in progress                   accounts=1555@83.96KiB slots=22@1.59KiB codes=12400@105.30MiB nodes=293,768,490@86.08GiB pending=84926
WARN [10-06|02:20:37.236] Synchronisation failed, dropping peer    peer=694bda5d426f40d7a49d345afb6f5b8e5df5b50adbc74d707cdb873996fe2e2f err="action from bad peer ignored: header request timed out"
WARN [10-06|02:20:37.255] Unexpected trienode heal packet          peer=076ed192 reqid=5,618,021,212,142,253,690
WARN [10-06|02:20:37.341] Unexpected trienode heal packet          peer=382c412a reqid=6,934,169,270,092,755,804
WARN [10-06|02:20:37.447] Unexpected trienode heal packet          peer=6d63f63c reqid=7,140,895,855,458,449,742
WARN [10-06|02:20:37.448] Unexpected trienode heal packet          peer=e4c832aa reqid=6,225,769,577,266,413,966
WARN [10-06|02:20:37.485] Unexpected trienode heal packet          peer=d1b0d4d2 reqid=9,152,253,758,532,047,293
WARN [10-06|02:20:37.501] Unexpected trienode heal packet          peer=326d3236 reqid=2,245,323,354,485,564,766
INFO [10-06|02:20:37.519] Disabling direct-ancient mode            origin=13,362,616 ancient=12,976,127
INFO [10-06|02:20:37.877] Imported new block headers               count=2  elapsed=312.821ms number=13,362,708 hash=6e117b..f34df0 age=1m6s     ignored=90
INFO [10-06|02:20:45.416] State heal in progress                   accounts=1555@83.96KiB slots=22@1.59KiB codes=12400@105.30MiB nodes=293,770,624@86.08GiB pending=30255
INFO [10-06|02:20:45.893] Downloader queue stats                   receiptTasks=0 blockTasks=0  itemSize=156.78KiB throttle=1673
INFO [10-06|02:20:45.998] Imported new block receipts              count=28 elapsed=103.842ms number=13,362,644 hash=1b7e82..d24044 age=12m17s   size=2.64MiB
INFO [10-06|02:20:46.649] Imported new block headers               count=2  elapsed=13.027ms  number=13,362,710 hash=9a35e1..557547
INFO [10-06|02:20:48.433] State heal in progress                   accounts=1555@83.96KiB slots=22@1.59KiB codes=12400@105.30MiB nodes=293,771,534@86.08GiB pending=42850
WARN [10-06|02:20:48.503] Unexpected trienode heal packet          peer=382c412a reqid=1,208,520,950,150,602,175
WARN [10-06|02:20:48.657] Unexpected trienode heal packet          peer=d1b0d4d2 reqid=6,554,649,159,203,788,644
WARN [10-06|02:20:48.689] Unexpected trienode heal packet          peer=e4c832aa reqid=6,992,099,099,783,408,567
WARN [10-06|02:20:48.718] Unexpected trienode heal packet          peer=6d63f63c reqid=3,403,196,128,798,372,869
WARN [10-06|02:20:48.773] Unexpected trienode heal packet          peer=076ed192 reqid=5,735,444,699,338,132,377
WARN [10-06|02:20:48.799] Unexpected trienode heal packet          peer=326d3236 reqid=6,327,715,763,472,863,158
INFO [10-06|02:20:49.696] Imported new block headers               count=1  elapsed=7.513ms   number=13,362,711 hash=1683d8..e98b71
ERROR[10-06|02:20:51.656] Snapshot extension registration failed   peer=e416104e err="peer connected on snap without compatible eth support"
INFO [10-06|02:20:57.946] State heal in progress                   accounts=1555@83.96KiB slots=22@1.59KiB codes=12400@105.30MiB nodes=293,775,467@86.09GiB pending=56854
ERROR[10-06|02:20:58.869] Snapshot extension registration failed   peer=77fd5de9 err="peer connected on snap without compatible eth support"
ERROR[10-06|02:21:00.253] Snapshot extension registration failed   peer=b52c702e err="peer connected on snap without compatible eth support"
ERROR[10-06|02:21:08.863] Snapshot extension registration failed   peer=0daa5b20 err="peer connected on snap without compatible eth support"
WARN [10-06|02:21:09.274] Checkpoint challenge timed out, dropping id=3c298e40030c81e3 conn=inbound addr=46.4.73.108:44476     type=OpenEthereum/v3.3.0-...
INFO [10-06|02:21:11.500] State heal in progress                   accounts=1555@83.96KiB slots=22@1.59KiB codes=12400@105.30MiB nodes=293,778,054@86.09GiB pending=63149
INFO [10-06|02:21:24.345] State heal in progress                   accounts=1555@83.96KiB slots=22@1.59KiB codes=12400@105.30MiB nodes=293,779,813@86.09GiB pending=68335
WARN [10-06|02:21:33.373] Dropping unsynced node during sync       id=5476b207e17a89cd conn=inbound addr=112.35.33.38:55884    type=OpenEthereum/v3.3.0-...
INFO [10-06|02:21:34.954] Imported new block headers               count=1  elapsed=11.183ms  number=13,362,712 hash=49488d..b7b6a0
INFO [10-06|02:21:36.935] State heal in progress                   accounts=1555@83.96KiB slots=22@1.59KiB codes=12400@105.30MiB nodes=293,781,530@86.09GiB pending=73897
WARN [10-06|02:21:36.936] Unexpected trienode heal packet          peer=4814858d reqid=4,706,913,474,938,934,577
ERROR[10-06|02:21:43.869] Snapshot extension registration failed   peer=b58b4e2f err="peer connected on snap without compatible eth support"
INFO [10-06|02:21:49.747] State heal in progress                   accounts=1555@83.96KiB slots=22@1.59KiB codes=12400@105.30MiB nodes=293,783,250@86.09GiB pending=80962
INFO [10-06|02:21:50.490] Downloader queue stats                   receiptTasks=0 blockTasks=0  itemSize=257.62KiB throttle=1018
ERROR[10-06|02:21:54.829] Snapshot extension registration failed   peer=20dcc090 err="peer connected on snap without compatible eth support"
INFO [10-06|02:22:03.416] State heal in progress                   accounts=1555@83.96KiB slots=22@1.59KiB codes=12400@105.30MiB nodes=293,785,051@86.09GiB pending=90226
WARN [10-06|02:22:03.417] Unexpected trienode heal packet          peer=6d63f63c reqid=7,090,345,415,000,211,265
INFO [10-06|02:22:05.099] Imported new block headers               count=1  elapsed=11.844ms  number=13,362,713 hash=d6387c..a1a975 age=1m20s
ERROR[10-06|02:22:07.222] Snapshot extension registration failed   peer=40678fb5 err="peer connected on snap without compatible eth support"
WARN [10-06|02:22:11.075] Unexpected trienode heal packet          peer=d1b0d4d2 reqid=759,309,450,603,064,782
INFO [10-06|02:22:17.157] Imported new block headers               count=1  elapsed=9.504ms   number=13,362,714 hash=1b7d07..53a185 age=1m30s
WARN [10-06|02:22:18.016] Checkpoint challenge timed out, dropping id=978e0db002bbbac6 conn=inbound addr=51.81.184.9:43120     type=erigon/v2021.08.5-al...
INFO [10-06|02:22:18.538] State heal in progress                   accounts=1555@83.96KiB slots=22@1.59KiB codes=12400@105.30MiB nodes=293,786,660@86.09GiB pending=99342
WARN [10-06|02:22:18.545] Unexpected trienode heal packet          peer=382c412a reqid=4,373,359,499,183,827,441
WARN [10-06|02:22:24.607] Unexpected trienode heal packet          peer=4814858d reqid=6,105,003,139,836,644,424
WARN [10-06|02:22:24.619] Unexpected trienode heal packet          peer=076ed192 reqid=4,510,393,271,458,124,679
INFO [10-06|02:22:29.230] Imported new block headers               count=1  elapsed=7.029ms   number=13,362,715 hash=4dc217..251005
INFO [10-06|02:22:32.248] Imported new block headers               count=1  elapsed=6.117ms   number=13,362,716 hash=bad8b2..de573c
INFO [10-06|02:22:33.315] State heal in progress                   accounts=1555@83.96KiB slots=22@1.59KiB codes=12400@105.30MiB nodes=293,787,992@86.09GiB pending=103,305
INFO [10-06|02:22:38.277] Imported new block headers               count=1  elapsed=6.238ms   number=13,362,717 hash=5ae6ab..dd91a8
INFO [10-06|02:22:42.996] State heal in progress                   accounts=1555@83.96KiB slots=22@1.59KiB codes=12400@105.30MiB nodes=293,788,578@86.09GiB pending=104,483
ERROR[10-06|02:22:52.745] Snapshot extension registration failed   peer=20dcc090 err="peer connected on snap without compatible eth support"
ERROR[10-06|02:22:53.270] Snapshot extension registration failed   peer=9a6a4094 err="peer connected on snap without compatible eth support"
INFO [10-06|02:22:53.322] State heal in progress                   accounts=1555@83.96KiB slots=22@1.59KiB codes=12400@105.30MiB nodes=293,789,172@86.09GiB pending=105,722
ERROR[10-06|02:22:54.607] Snapshot extension registration failed   peer=db10c423 err="peer connected on snap without compatible eth support"
INFO [10-06|02:23:01.880] State heal in progress                   accounts=1555@83.96KiB slots=22@1.59KiB codes=12400@105.30MiB nodes=293,789,679@86.09GiB pending=106,727
INFO [10-06|02:23:12.984] State heal in progress                   accounts=1555@83.96KiB slots=22@1.59KiB codes=12400@105.30MiB nodes=293,790,377@86.09GiB pending=108,423
INFO [10-06|02:23:17.561] Downloader queue stats                   receiptTasks=0 blockTasks=0  itemSize=286.62KiB throttle=915
INFO [10-06|02:23:22.127] State heal in progress                   accounts=1555@83.96KiB slots=22@1.59KiB codes=12400@105.30MiB nodes=293,790,876@86.09GiB pending=109,499
INFO [10-06|02:23:23.296] Imported new block headers               count=1  elapsed=6.944ms   number=13,362,718 hash=c45b0f..0601c3
INFO [10-06|02:23:26.907] Imported new block headers               count=1  elapsed=5.636ms   number=13,362,719 hash=da2813..a53735
INFO [10-06|02:23:35.459] State heal in progress                   accounts=1555@83.96KiB slots=22@1.59KiB codes=12400@105.30MiB nodes=293,791,625@86.09GiB pending=111,104
ERROR[10-06|02:23:42.580] Snapshot extension registration failed   peer=1cd502f4 err="peer connected on snap without compatible eth support"
INFO [10-06|02:23:44.579] State heal in progress                   accounts=1555@83.96KiB slots=22@1.59KiB codes=12400@105.30MiB nodes=293,792,139@86.09GiB pending=112,386
INFO [10-06|02:23:56.001] State heal in progress                   accounts=1555@83.96KiB slots=22@1.59KiB codes=12400@105.30MiB nodes=293,792,850@86.09GiB pending=113,995
WARN [10-06|02:23:56.282] Dropping unsynced node during sync       id=1411502d71e1dbc2 conn=inbound addr=185.24.122.38:34030   type=OpenEthereum/v3.3.0-...
INFO [10-06|02:24:05.717] State heal in progress                   accounts=1555@83.96KiB slots=22@1.59KiB codes=12400@105.30MiB nodes=293,793,468@86.10GiB pending=114,973
INFO [10-06|02:24:09.094] Imported new block headers               count=1  elapsed=7.347ms   number=13,362,720 hash=e86c3a..ec1387 age=1m35s
INFO [10-06|02:24:12.119] Imported new block headers               count=1  elapsed=6.269ms   number=13,362,721 hash=d02b8f..57dfa3
INFO [10-06|02:24:14.240] State heal in progress                   accounts=1555@83.96KiB slots=22@1.59KiB codes=12400@105.30MiB nodes=293,793,981@86.10GiB pending=115,900
INFO [10-06|02:24:15.399] Imported new block headers               count=1  elapsed=7.716ms   number=13,362,722 hash=6890b6..c71835
ERROR[10-06|02:24:19.672] Snapshot extension registration failed   peer=ea823330 err="peer connected on snap without compatible eth support"
ERROR[10-06|02:24:20.750] Snapshot extension registration failed   peer=20dcc090 err="peer connected on snap without compatible eth support"
WARN [10-06|02:24:23.245] Dropping unsynced node during sync       id=eefea4db904a8346 conn=inbound addr=161.35.203.151:55328  type=OpenEthereum/v3.3.0-...
INFO [10-06|02:24:24.964] State heal in progress                   accounts=1555@83.96KiB slots=22@1.59KiB codes=12400@105.30MiB nodes=293,794,638@86.10GiB pending=116,674
INFO [10-06|02:24:27.618] Downloader queue stats                   receiptTasks=0 blockTasks=0  itemSize=294.89KiB throttle=889
WARN [10-06|02:24:29.321] Dropping unsynced node during sync       id=1411502d71e1dbc2 conn=inbound addr=185.24.122.38:42598   type=OpenEthereum/v3.3.0-...
ERROR[10-06|02:24:29.636] Snapshot extension registration failed   peer=f80b417d err="peer connected on snap without compatible eth support"
INFO [10-06|02:24:30.468] Imported new block headers               count=1  elapsed=9.843ms   number=13,362,723 hash=2c6b28..90367b
ERROR[10-06|02:24:31.055] Snapshot extension registration failed   peer=2eed2385 err="peer connected on snap without compatible eth support"
INFO [10-06|02:24:33.364] State heal in progress                   accounts=1576@85.01KiB slots=22@1.59KiB codes=12400@105.30MiB nodes=293,795,211@86.10GiB pending=117,355