INFO [10-06|02:33:25.857] Downloader queue stats                   receiptTasks=0 blockTasks=0  itemSize=254.59KiB throttle=1030
INFO [10-06|02:33:27.286] State heal in progress                   accounts=5910@335.97KiB slots=4790@356.77KiB codes=12401@105.31MiB nodes=293,843,896@86.11GiB pending=64366
INFO [10-06|02:33:37.674] State heal in progress                   accounts=5910@335.97KiB slots=4790@356.77KiB codes=12401@105.31MiB nodes=293,845,409@86.11GiB pending=69282
WARN [10-06|02:33:37.675] Unexpected trienode heal packet          peer=453f2513 reqid=6,722,181,071,181,620,536
INFO [10-06|02:33:43.505] Imported new block headers               count=1  elapsed=21.097ms  number=13,362,774 hash=451a79..1bfced
INFO [10-06|02:33:51.710] State heal in progress                   accounts=5910@335.97KiB slots=4790@356.77KiB codes=12401@105.31MiB nodes=293,847,455@86.11GiB pending=77124
WARN [10-06|02:33:51.713] Unexpected trienode heal packet          peer=d1b0d4d2 reqid=6,421,084,039,986,148,323
INFO [10-06|02:34:04.280] State heal in progress                   accounts=5910@335.97KiB slots=4790@356.77KiB codes=12401@105.31MiB nodes=293,849,237@86.11GiB pending=82984
INFO [10-06|02:34:10.702] Imported new block headers               count=1  elapsed=8.027ms   number=13,362,775 hash=30fe6f..e79b2e age=1m7s
INFO [10-06|02:34:16.254] State heal in progress                   accounts=5910@335.97KiB slots=4790@356.77KiB codes=12401@105.31MiB nodes=293,851,049@86.11GiB pending=91557
INFO [10-06|02:34:36.897] State heal in progress                   accounts=5910@335.97KiB slots=4790@356.77KiB codes=12401@105.31MiB nodes=293,852,805@86.11GiB pending=105,212
INFO [10-06|02:34:45.911] State heal in progress                   accounts=5910@335.97KiB slots=4790@356.77KiB codes=12401@105.31MiB nodes=293,853,810@86.11GiB pending=107,716
INFO [10-06|02:34:50.017] Imported new block headers               count=2  elapsed=7.225ms   number=13,362,777 hash=ce7f5e..5e209f age=1m13s
INFO [10-06|02:34:50.919] Downloader queue stats                   receiptTasks=0 blockTasks=0  itemSize=298.18KiB throttle=880
INFO [10-06|02:34:58.129] State heal in progress                   accounts=5910@335.97KiB slots=4790@356.77KiB codes=12401@105.31MiB nodes=293,854,965@86.12GiB pending=111,793
INFO [10-06|02:35:09.062] State heal in progress                   accounts=5910@335.97KiB slots=4790@356.77KiB codes=12401@105.31MiB nodes=293,855,915@86.12GiB pending=114,390
WARN [10-06|02:35:14.639] Unexpected trienode heal packet          peer=d1b0d4d2 reqid=3,642,751,363,519,628,147
INFO [10-06|02:35:17.130] Imported new block headers               count=1  elapsed=7.108ms   number=13,362,778 hash=9cd4cb..f1b405 age=1m11s
INFO [10-06|02:35:21.350] State heal in progress                   accounts=5910@335.97KiB slots=4790@356.77KiB codes=12401@105.31MiB nodes=293,856,852@86.12GiB pending=116,514
WARN [10-06|02:35:21.352] Unexpected trienode heal packet          peer=326d3236 reqid=4,726,295,273,575,259,967
INFO [10-06|02:35:26.170] Imported new block headers               count=1  elapsed=7.387ms   number=13,362,779 hash=eb54c5..9c904a
WARN [10-06|02:35:27.260] Unexpected trienode heal packet          peer=4814858d reqid=6,026,861,143,230,571,491
INFO [10-06|02:35:33.338] State heal in progress                   accounts=5910@335.97KiB slots=4790@356.77KiB codes=12401@105.31MiB nodes=293,857,894@86.12GiB pending=119,434
WARN [10-06|02:35:33.340] Unexpected trienode heal packet          peer=6becd58e reqid=769,063,322,304,122,938
WARN [10-06|02:35:38.088] Unexpected trienode heal packet          peer=e4c832aa reqid=3,496,570,599,035,758,916
INFO [10-06|02:35:38.230] Imported new block headers               count=1  elapsed=10.722ms  number=13,362,780 hash=5fe745..baedf1
INFO [10-06|02:35:45.560] State heal in progress                   accounts=5910@335.97KiB slots=4790@356.77KiB codes=12401@105.31MiB nodes=293,858,654@86.12GiB pending=120,612
INFO [10-06|02:35:58.054] State heal in progress                   accounts=5910@335.97KiB slots=4790@356.77KiB codes=12401@105.31MiB nodes=293,859,583@86.12GiB pending=122,050
INFO [10-06|02:36:06.816] State heal in progress                   accounts=5910@335.97KiB slots=4790@356.77KiB codes=12401@105.31MiB nodes=293,860,081@86.12GiB pending=122,578
INFO [10-06|02:36:15.701] State heal in progress                   accounts=5910@335.97KiB slots=4790@356.77KiB codes=12401@105.31MiB nodes=293,860,606@86.12GiB pending=123,206
WARN [10-06|02:36:15.756] Unexpected trienode heal packet          peer=453f2513 reqid=2,742,357,122,728,681,092
INFO [10-06|02:36:17.432] Imported new block headers               count=1  elapsed=6.718ms   number=13,362,781 hash=98719f..9088b3 age=1m2s
INFO [10-06|02:36:17.977] Downloader queue stats                   receiptTasks=0 blockTasks=0  itemSize=299.23KiB throttle=877
INFO [10-06|02:36:20.454] Imported new block headers               count=1  elapsed=8.452ms   number=13,362,782 hash=fdc5a2..561e5a
INFO [10-06|02:36:21.647] Imported new block headers               count=1  elapsed=13.230ms  number=13,362,783 hash=a7e371..0d46ee
INFO [10-06|02:36:24.662] Imported new block headers               count=1  elapsed=6.225ms   number=13,362,784 hash=f8fb94..ffd706
INFO [10-06|02:36:24.674] State heal in progress                   accounts=5912@336.11KiB slots=4790@356.77KiB codes=12401@105.31MiB nodes=293,861,145@86.12GiB pending=123,969
INFO [10-06|02:36:38.438] State heal in progress                   accounts=5923@336.80KiB slots=4790@356.77KiB codes=12401@105.31MiB nodes=293,861,963@86.12GiB pending=125,222
INFO [10-06|02:36:39.742] Imported new block headers               count=2  elapsed=10.785ms  number=13,362,786 hash=052b13..cc0788
INFO [10-06|02:36:42.768] Imported new block headers               count=1  elapsed=6.255ms   number=13,362,787 hash=532c3c..17fda4
INFO [10-06|02:36:52.514] State heal in progress                   accounts=5926@336.94KiB slots=4790@356.77KiB codes=12401@105.31MiB nodes=293,862,740@86.12GiB pending=126,425
INFO [10-06|02:37:03.290] State heal in progress                   accounts=5926@336.94KiB slots=4790@356.77KiB codes=12401@105.31MiB nodes=293,863,257@86.12GiB pending=127,191
INFO [10-06|02:37:03.884] Imported new block headers               count=1  elapsed=8.513ms   number=13,362,788 hash=2cdf2b..ed31ae
INFO [10-06|02:37:17.291] State heal in progress                   accounts=5926@336.94KiB slots=4790@356.77KiB codes=12401@105.31MiB nodes=293,864,096@86.12GiB pending=129,161
INFO [10-06|02:37:18.948] Imported new block headers               count=2  elapsed=11.508ms  number=13,362,790 hash=3ad4ff..84b514
INFO [10-06|02:37:19.038] Downloader queue stats                   receiptTasks=0 blockTasks=0  itemSize=247.41KiB throttle=1060
WARN [10-06|02:37:24.419] Unexpected trienode heal packet          peer=453f2513 reqid=8,521,010,981,517,871,902
INFO [10-06|02:37:28.023] Imported new block headers               count=2  elapsed=14.802ms  number=13,362,792 hash=c8fdf2..8a4abf
INFO [10-06|02:37:30.845] State heal in progress                   accounts=5929@337.07KiB slots=4790@356.77KiB codes=12401@105.31MiB nodes=293,864,854@86.12GiB pending=130,670
INFO [10-06|02:37:37.054] Imported new block headers               count=1  elapsed=7.102ms   number=13,362,793 hash=7d9f0c..20cbfe
INFO [10-06|02:37:39.404] State heal in progress                   accounts=5992@341.02KiB slots=4790@356.77KiB codes=12401@105.31MiB nodes=293,865,501@86.12GiB pending=131,553
INFO [10-06|02:37:43.110] Imported new block headers               count=1  elapsed=5.898ms   number=13,362,794 hash=83df14..e9570b
INFO [10-06|02:37:48.671] State heal in progress                   accounts=6054@344.38KiB slots=4790@356.77KiB codes=12401@105.31MiB nodes=293,866,161@86.12GiB pending=132,061
INFO [10-06|02:38:02.673] State heal in progress                   accounts=6073@345.57KiB slots=4790@356.77KiB codes=12401@105.31MiB nodes=293,866,903@86.12GiB pending=132,973
ERROR[10-06|02:38:03.050] Snapshot extension registration failed   peer=1125cc47 err="peer connected on snap without compatible eth support"
INFO [10-06|02:38:04.328] Imported new block headers               count=1  elapsed=7.027ms   number=13,362,795 hash=57d29e..5d6be3
INFO [10-06|02:38:10.702] State heal in progress                   accounts=6168@350.20KiB slots=4790@356.77KiB codes=12401@105.31MiB nodes=293,867,503@86.12GiB pending=133,375
INFO [10-06|02:38:13.435] Imported new block headers               count=1  elapsed=6.976ms   number=13,362,796 hash=8d48fe..d96bf0
WARN [10-06|02:38:17.109] Unexpected trienode heal packet          peer=326d3236 reqid=306,109,704,506,860,435
INFO [10-06|02:38:23.394] State heal in progress                   accounts=6303@357.92KiB slots=4790@356.77KiB codes=12401@105.31MiB nodes=293,868,461@86.12GiB pending=134,483
INFO [10-06|02:38:23.453] Imported new block headers               count=1  elapsed=5.937ms   number=13,362,797 hash=551297..f5975f
INFO [10-06|02:38:24.087] Downloader queue stats                   receiptTasks=0 blockTasks=0  itemSize=250.21KiB throttle=1048
INFO [10-06|02:38:26.473] Imported new block headers               count=1  elapsed=5.952ms   number=13,362,798 hash=4ad20d..483254
INFO [10-06|02:38:31.927] State heal in progress                   accounts=6426@365.02KiB slots=4790@356.77KiB codes=12401@105.31MiB nodes=293,869,132@86.12GiB pending=135,071
INFO [10-06|02:38:43.193] State heal in progress                   accounts=6592@375.04KiB slots=4790@356.77KiB codes=12401@105.31MiB nodes=293,870,074@86.12GiB pending=135,745
INFO [10-06|02:38:51.699] State heal in progress                   accounts=6644@378.19KiB slots=4790@356.77KiB codes=12401@105.31MiB nodes=293,870,650@86.12GiB pending=136,372
INFO [10-06|02:39:00.810] State heal in progress                   accounts=6859@390.63KiB slots=4790@356.77KiB codes=12401@105.31MiB nodes=293,871,589@86.12GiB pending=136,840
INFO [10-06|02:39:09.156] State heal in progress                   accounts=6959@396.13KiB slots=4790@356.77KiB codes=12401@105.31MiB nodes=293,872,173@86.12GiB pending=137,221
INFO [10-06|02:39:17.740] Imported new block headers               count=1  elapsed=9.641ms   number=13,362,799 hash=b42848..c8efc2 age=1m5s
INFO [10-06|02:39:20.821] State heal in progress                   accounts=7292@415.40KiB slots=4791@356.87KiB codes=12401@105.31MiB nodes=293,873,362@86.12GiB pending=137,643
INFO [10-06|02:39:23.911] Imported new block headers               count=1  elapsed=6.513ms   number=13,362,800 hash=d75803..d7db4a age=1m6s
INFO [10-06|02:39:24.124] Downloader queue stats                   receiptTasks=0 blockTasks=0  itemSize=232.21KiB throttle=1129
INFO [10-06|02:39:31.008] State heal in progress                   accounts=7450@424.02KiB slots=4791@356.87KiB codes=12402@105.31MiB nodes=293,874,220@86.12GiB pending=138,125