$ python steady_state_analyzer.py -c ./experiments/openethereum/experiment_config_openethereum.ini --host http://localhost:9090 --start=2021-10-05T14:00:00+02:00 --end=2021-10-05T19:00:00+02:00

+--------------+--------------+------------------+----------------------+------------------------------+------------------------+
| Syscall Name |  Error Code  | Samples in Total | Invocations in Total |         Failure Rate         |        Variance        |
+--------------+--------------+------------------+----------------------+------------------------------+------------------------+
|   accept4    |    EAGAIN    |       1194       |        28844         | 0.489099, 0.498334, 0.500000 |  0.001163156162099806  |
|   accept4    |   SUCCESS    |        -         |        28897         |              -               |           -            |
|   connect    | EINPROGRESS  |       178        |        25244         | 1.000000, 0.985304, 1.000000 |  0.012177608380108052  |
|   connect    |   SUCCESS    |        -         |          24          |              -               |           -            |
|  epoll_ctl   |    ENOENT    |        3         |          3           | 0.000503, 0.001218, 0.002383 | 9.334852436552336e-07  |
|  epoll_ctl   |   SUCCESS    |        -         |        728259        |              -               |           -            |
|    futex     |    EAGAIN    |       1201       |        217459        | 0.003821, 0.022107, 0.064440 | 0.00045341428704290184 |
|    futex     |  ETIMEDOUT   |       1201       |        309655        | 0.013724, 0.040752, 0.068694 |  0.000326948830795756  |
|    futex     |   SUCCESS    |        -         |       10033302       |              -               |           -            |
| getpeername  |   ENOTCONN   |        1         |          1           | 0.014286, 0.014286, 0.014286 |          0.0           |
| getpeername  |   SUCCESS    |        -         |        47858         |              -               |           -            |
|    ioctl     |    ENOTTY    |       1015       |        38402         | 0.000923, 0.024323, 0.060061 | 0.00034945864272498676 |
|    ioctl     |   SUCCESS    |        -         |       2883134        |              -               |           -            |
|    mkdir     |    EEXIST    |        60        |          60          | 1.000000, 1.000000, 1.000000 |          0.0           |
|    mkdir     |   SUCCESS    |        -         |          0           |              -               |           -            |
|    openat    |    ENOENT    |        1         |          1           | 0.000104, 0.000104, 0.000104 |          0.0           |
|    openat    |   SUCCESS    |        -         |       5749234        |              -               |           -            |
|     read     |    EAGAIN    |       1201       |       2538524        | 0.116747, 0.295794, 0.439856 |  0.009897721173431056  |
|     read     |   SUCCESS    |        -         |       5523702        |              -               |           -            |
|    readv     |    EAGAIN    |       1189       |         3505         | 0.400000, 0.487311, 0.500000 |  0.003241393641085069  |
|    readv     |   SUCCESS    |        -         |         3783         |              -               |           -            |
|   recvfrom   |    EAGAIN    |       1191       |        917736        | 0.046296, 0.187226, 0.382100 |  0.00866971297111239   |
|   recvfrom   | ECONNREFUSED |        18        |          40          | 0.000072, 0.000414, 0.001006 | 1.1743500093205557e-07 |
|   recvfrom   |  ECONNRESET  |        12        |          13          | 0.000094, 0.000349, 0.000815 | 7.470783613842871e-08  |
|   recvfrom   |   SUCCESS    |        -         |       5459119        |              -               |           -            |
|    sendto    | EAFNOSUPPORT |        1         |          1           | 0.001637, 0.001637, 0.001637 |          0.0           |
|    sendto    |    EAGAIN    |        52        |         768          | 0.001717, 0.024682, 0.044950 |  0.009315176112796236  |
|    sendto    | ECONNREFUSED |        12        |          33          | 0.001138, 0.003943, 0.009078 |  9.29661262517449e-06  |
|    sendto    |  ECONNRESET  |        5         |          5           | 0.001295, 0.001778, 0.002117 | 1.4755689092676188e-07 |
|    sendto    |    EPIPE     |       160        |         1522         | 0.001962, 0.027238, 0.085815 | 0.0009202861239283888  |
|    sendto    |   SUCCESS    |        -         |        308977        |              -               |           -            |
+--------------+--------------+------------------+----------------------+------------------------------+------------------------+

+----------------------+--------------------+--------------------+--------------------+--------------------+
|     Metric Name      |        Min         |        Mean        |        Max         |      Variance      |
+----------------------+--------------------+--------------------+--------------------+--------------------+
| blockchaincache_size |     1137440.0      | 4872818.305317325  |     8285278.0      | 14194703810904.771 |
|    import_blocks     |        0.0         | 1.1652886153781512 |        4.5         | 2.2472621473989656 |
|   kvdb_bytes_read    | 32166.980000000003 | 171542.93286328876 | 513332.4800000001  | 28671559032.282257 |
|   kvdb_bytes_write   |        0.0         | 582110.6059620492  | 2116143.8600000013 | 2323206178702.0977 |
|      peer_stats      |        23.0        | 27.154373927958833 |        31.0        | 5.531914831018376  |
| sync_blocks_highest  |        0.0         | 1.1278542399897162 |        3.0         | 1.6037707533915744 |
| sync_blocks_recieved |        0.0         | 57.15815722536748  |        3.0         | 1844274.3739558202 |
+----------------------+--------------------+--------------------+--------------------+--------------------+