$ python steady_state_analyzer.py -c ./experiments/openethereum/experiment_config_openethereum.ini --host http://localhost:9090 --start=2021-10-05T19:00:00+02:00 --end=2021-10-06T00:00:00+02:00

+--------------+--------------+------------------+----------------------+------------------------------+------------------------+
| Syscall Name |  Error Code  | Samples in Total | Invocations in Total |         Failure Rate         |        Variance        |
+--------------+--------------+------------------+----------------------+------------------------------+------------------------+
|   accept4    |    EAGAIN    |       1192       |        26044         | 0.421696, 0.496140, 0.548684 |  0.003184988813380561  |
|   accept4    |   SUCCESS    |        -         |        26115         |              -               |           -            |
|   connect    | EINPROGRESS  |       279        |        44314         | 1.000000, 0.984639, 1.000000 |  0.012930597143470663  |
|   connect    |   SUCCESS    |        -         |          30          |              -               |           -            |
|  epoll_ctl   |    ENOENT    |        6         |          6           | 0.000468, 0.001536, 0.004861 | 4.386962834011967e-06  |
|  epoll_ctl   |   SUCCESS    |        -         |        795862        |              -               |           -            |
|    futex     |    EAGAIN    |       1201       |        318867        | 0.004518, 0.029479, 0.089895 | 0.0007822652161379539  |
|    futex     |  ETIMEDOUT   |       1201       |        309720        | 0.012916, 0.036972, 0.064244 | 0.00032903160133429115 |
|    futex     |   SUCCESS    |        -         |       11770291       |              -               |           -            |
| getpeername  |   ENOTCONN   |        6         |          6           | 0.009351, 0.027454, 0.056490 | 0.00034848718134925205 |
| getpeername  |   SUCCESS    |        -         |        50332         |              -               |           -            |
|    ioctl     |    ENOTTY    |       969        |        34405         | 0.001151, 0.020155, 0.056312 | 0.0003243799554318537  |
|    ioctl     |   SUCCESS    |        -         |       3395524        |              -               |           -            |
|    mkdir     |    EEXIST    |        60        |          60          | 1.000000, 1.000000, 1.000000 |          0.0           |
|    mkdir     |   SUCCESS    |        -         |          0           |              -               |           -            |
|    openat    |    ENOENT    |        2         |          2           | 0.000073, 0.000104, 0.000135 | 1.1844762883341561e-09 |
|    openat    |   SUCCESS    |        -         |       6782976        |              -               |           -            |
|     read     |    EAGAIN    |       1201       |       3173227        | 0.088448, 0.291456, 0.435922 |  0.011847052340728284  |
|     read     |   SUCCESS    |        -         |       6677052        |              -               |           -            |
|    readv     |    EAGAIN    |       1183       |         3467         | 0.337500, 0.482228, 0.500000 | 0.0044722275184229205  |
|    readv     |   SUCCESS    |        -         |         3872         |              -               |           -            |
|   recvfrom   |    EAGAIN    |       1191       |       1075234        | 0.054088, 0.183175, 0.362394 |  0.008468044578837208  |
|   recvfrom   | ECONNREFUSED |        50        |         183          | 0.000066, 0.000696, 0.002057 | 5.961877698400245e-07  |
|   recvfrom   |  ECONNRESET  |        18        |          20          | 0.000102, 0.000242, 0.000505 | 2.0008176359798645e-08 |
|   recvfrom   |   SUCCESS    |        -         |       7295244        |              -               |           -            |
|    sendto    |    EAGAIN    |       113        |         1479         | 0.001844, 0.027427, 0.105608 |  0.002044603725690678  |
|    sendto    | ECONNREFUSED |        36        |         159          | 0.001682, 0.007624, 0.025290 | 7.076618335321802e-05  |
|    sendto    |  ECONNRESET  |        11        |          13          | 0.001484, 0.003267, 0.006149 | 2.661074620863354e-06  |
|    sendto    |    EPIPE     |       262        |         2380         | 0.002255, 0.030414, 0.083856 | 0.0015868217684087127  |
|    sendto    |   SUCCESS    |        -         |        326792        |              -               |           -            |
+--------------+--------------+------------------+----------------------+------------------------------+------------------------+

+----------------------+--------------------+--------------------+-------------------+--------------------+
|     Metric Name      |        Min         |        Mean        |        Max        |      Variance      |
+----------------------+--------------------+--------------------+-------------------+--------------------+
| blockchaincache_size |      363832.0      | 4441153.029360967  | 8718749.199999994 | 8962740200877.102  |
|    import_blocks     |        0.0         | 1.1297685275973885 |        4.5        | 2.0785967843988735 |
|   kvdb_bytes_read    | 30477.175000000003 | 200295.93175485425 | 632503.5968600005 | 39809934664.87061  |
|   kvdb_bytes_write   |        0.0         | 601870.6009761287  | 2656686.085000005 | 2012765350764.4165 |
|      peer_stats      |        21.0        |  26.9153713298791  |        31.0       |  9.72340793638012  |
| sync_blocks_highest  |        0.0         | 1.1110981839448797 |        3.0        | 1.654044384372379  |
| sync_blocks_recieved |        0.0         | 89.97526496570255  |        3.0        | 3048569.382691636  |
+----------------------+--------------------+--------------------+-------------------+--------------------+