2021-10-06 06:29:09 UTC Syncing #13363834 0xcab7…18dd     0.00 blk/s    0.0 tx/s    0.0 Mgas/s      0+   29 Qed Ancient:#12416531 LI:#13363860   26/50 peers      6 MiB chain    9 MiB queue  RPC:  0 conn,    0 req/s,    0 µs
2021-10-06 06:29:14 UTC Syncing #13363834 0xcab7…18dd     0.00 blk/s    0.0 tx/s    0.0 Mgas/s      0+   29 Qed Ancient:#12416531 LI:#13363860   26/50 peers      6 MiB chain    9 MiB queue  RPC:  0 conn,    0 req/s,    0 µs
2021-10-06 06:29:19 UTC Syncing #13363834 0xcab7…18dd     0.00 blk/s    0.0 tx/s    0.0 Mgas/s      0+   29 Qed Ancient:#12416531 LI:#13363860   26/50 peers      6 MiB chain    9 MiB queue  RPC:  0 conn,    0 req/s,    0 µs
2021-10-06 06:29:25 UTC Syncing #13363835 0xbdd5…a846     0.20 blk/s  131.4 tx/s    6.0 Mgas/s      0+   28 Qed Ancient:#12416532 LI:#13363860   26/50 peers      6 MiB chain    9 MiB queue  RPC:  0 conn,    0 req/s,    0 µs
2021-10-06 06:29:33 UTC Syncing #13363835 0xbdd5…a846     0.00 blk/s    0.0 tx/s    0.0 Mgas/s      0+   30 Qed Ancient:#12416532 LI:#13363862   23/25 peers      6 MiB chain    9 MiB queue  RPC:  0 conn,    0 req/s,    0 µs
2021-10-06 06:29:39 UTC Syncing #13363835 0xbdd5…a846     0.00 blk/s    0.0 tx/s    0.0 Mgas/s      0+   30 Qed Ancient:#12416532 LI:#13363862   23/25 peers      6 MiB chain    9 MiB queue  RPC:  0 conn,    0 req/s,    0 µs
2021-10-06 06:29:44 UTC Syncing #13363835 0xbdd5…a846     0.00 blk/s    0.0 tx/s    0.0 Mgas/s      0+   30 Qed Ancient:#12416532 LI:#13363862   29/50 peers      6 MiB chain    9 MiB queue  RPC:  0 conn,    0 req/s,    0 µs
2021-10-06 06:29:53 UTC Syncing #13363835 0xbdd5…a846     0.00 blk/s    0.0 tx/s    0.0 Mgas/s      0+   30 Qed Ancient:#12416532 LI:#13363862   29/50 peers      6 MiB chain    9 MiB queue  RPC:  0 conn,    0 req/s,    0 µs
2021-10-06 06:30:00 UTC Syncing #13363836 0xea6c…8d4d     0.20 blk/s   84.0 tx/s    5.9 Mgas/s      0+   29 Qed Ancient:#12416533 LI:#13363863   29/50 peers      6 MiB chain    9 MiB queue  RPC:  0 conn,    0 req/s,    0 µs
2021-10-06 06:30:00 UTC Syncing #13363836 0xea6c…8d4d     0.10 blk/s   42.0 tx/s    3.0 Mgas/s      0+   29 Qed Ancient:#12416533 LI:#13363863   29/50 peers      6 MiB chain    9 MiB queue  RPC:  0 conn,    0 req/s,    0 µs
2021-10-06 06:30:35 UTC Syncing #13363837 0xe739…e4b3     0.03 blk/s    8.1 tx/s    1.0 Mgas/s      0+   31 Qed Ancient:#12416533 LI:#13363864   30/50 peers      6 MiB chain    9 MiB queue  RPC:  0 conn,    0 req/s,    0 µs
2021-10-06 06:30:43 UTC Syncing #13363837 0xe739…e4b3     0.00 blk/s    0.0 tx/s    0.0 Mgas/s      0+   33 Qed Ancient:#12416669 LI:#13363866   30/50 peers      8 MiB chain   10 MiB queue  RPC:  0 conn,    0 req/s,    0 µs
2021-10-06 06:30:43 UTC Syncing #13363837 0xe739…e4b3     0.00 blk/s    0.0 tx/s    0.0 Mgas/s      0+   33 Qed Ancient:#12416808 LI:#13363867   27/50 peers      4 MiB chain   10 MiB queue  RPC:  0 conn,    0 req/s,    0 µs
2021-10-06 06:30:58 UTC Syncing #13363838 0xda3b…22a3     0.11 blk/s    9.2 tx/s    0.8 Mgas/s      0+   33 Qed Ancient:#12417005 LI:#13363867   27/50 peers      9 MiB chain   10 MiB queue  RPC:  0 conn,    0 req/s,    0 µs
2021-10-06 06:30:58 UTC Syncing #13363837 0xe739…e4b3     0.00 blk/s    0.0 tx/s    0.0 Mgas/s      0+   33 Qed Ancient:#12416810 LI:#13363867   27/50 peers      4 MiB chain   10 MiB queue  RPC:  0 conn,    0 req/s,    0 µs
2021-10-06 06:30:59 UTC Syncing #13363838 0xda3b…22a3     0.16 blk/s   14.2 tx/s    1.2 Mgas/s      0+   33 Qed Ancient:#12417005 LI:#13363868   25/25 peers      5 MiB chain   10 MiB queue  RPC:  0 conn,    0 req/s,    0 µs
2021-10-06 06:30:59 UTC Syncing #13363838 0xda3b…22a3     0.16 blk/s   14.1 tx/s    1.2 Mgas/s      0+   33 Qed Ancient:#12417006 LI:#13363868   25/25 peers      5 MiB chain   10 MiB queue  RPC:  0 conn,    0 req/s,    0 µs
2021-10-06 06:32:11 UTC Syncing #13363839 0x9b56…7687     0.01 blk/s    3.3 tx/s    0.3 Mgas/s      0+   36 Qed Ancient:#12417541 LI:#13363871   28/50 peers      2 MiB chain   11 MiB queue  RPC:  0 conn,    0 req/s,    0 µs
2021-10-06 06:32:11 UTC Syncing #13363839 0x9b56…7687     0.00 blk/s    0.0 tx/s    0.0 Mgas/s      0+   36 Qed Ancient:#12417541 LI:#13363871   28/50 peers      2 MiB chain   11 MiB queue  RPC:  0 conn,    0 req/s,    0 µs
2021-10-06 06:32:11 UTC Syncing #13363838 0xda3b…22a3     0.00 blk/s    0.0 tx/s    0.0 Mgas/s      0+   36 Qed Ancient:#12417483 LI:#13363871   28/50 peers    0 bytes chain   11 MiB queue  RPC:  0 conn,    0 req/s,    0 µs
2021-10-06 06:32:18 UTC Syncing #13363840 0x92ab…2d39     0.30 blk/s   24.2 tx/s    2.2 Mgas/s      0+   34 Qed Ancient:#12417543 LI:#13363871   28/50 peers      2 MiB chain   11 MiB queue  RPC:  0 conn,    0 req/s,    0 µs
2021-10-06 06:32:22 UTC Syncing #13363840 0x92ab…2d39     0.00 blk/s    0.0 tx/s    0.0 Mgas/s      0+   34 Qed Ancient:#12417543 LI:#13363871   26/50 peers      2 MiB chain   11 MiB queue  RPC:  0 conn,    0 req/s,    0 µs
2021-10-06 06:32:22 UTC Reorg to #13363841 0xb4fe…d1af (0x1e23…a4d3 #13363840 0x92ab…2d39 )
2021-10-06 06:32:27 UTC Syncing #13363841 0xb4fe…d1af     0.40 blk/s   52.8 tx/s    4.5 Mgas/s      0+   32 Qed Ancient:#12417545 LI:#13363871   26/50 peers      3 MiB chain   10 MiB queue  RPC:  0 conn,    0 req/s,    0 µs
2021-10-06 06:32:32 UTC Syncing #13363841 0xb4fe…d1af     0.00 blk/s    0.0 tx/s    0.0 Mgas/s      0+   33 Qed Ancient:#12417545 LI:#13363872   26/50 peers      3 MiB chain   11 MiB queue  RPC:  0 conn,    0 req/s,    0 µs
2021-10-06 06:32:34 UTC Syncing #13363841 0xb4fe…d1af     0.00 blk/s    0.0 tx/s    0.0 Mgas/s      0+   33 Qed Ancient:#12417545 LI:#13363872   26/50 peers      3 MiB chain   11 MiB queue  RPC:  0 conn,    0 req/s,    0 µs
2021-10-06 06:32:39 UTC Syncing #13363841 0xb4fe…d1af     0.00 blk/s    0.0 tx/s    0.0 Mgas/s      0+   33 Qed Ancient:#12417545 LI:#13363872   25/25 peers      3 MiB chain   11 MiB queue  RPC:  0 conn,    0 req/s,    0 µs
2021-10-06 06:32:48 UTC Syncing #13363841 0xb4fe…d1af     0.00 blk/s    0.0 tx/s    0.0 Mgas/s      0+   33 Qed Ancient:#12417545 LI:#13363872   24/25 peers      3 MiB chain   11 MiB queue  RPC:  0 conn,    0 req/s,    0 µs
2021-10-06 06:32:55 UTC Syncing #13363841 0xb4fe…d1af     0.00 blk/s    0.0 tx/s    0.0 Mgas/s      0+   33 Qed Ancient:#12417545 LI:#13363873   24/25 peers      3 MiB chain   11 MiB queue  RPC:  0 conn,    0 req/s,    0 µs
2021-10-06 06:32:55 UTC Syncing #13363842 0x017e…6ed9     0.10 blk/s   28.0 tx/s    3.0 Mgas/s      0+   32 Qed Ancient:#12417547 LI:#13363873   24/25 peers      3 MiB chain   10 MiB queue  RPC:  0 conn,    0 req/s,    0 µs
2021-10-06 06:33:01 UTC Syncing #13363843 0x90c8…f394     0.20 blk/s   28.8 tx/s    2.6 Mgas/s      0+   32 Qed Ancient:#12417548 LI:#13363873   24/25 peers      3 MiB chain   10 MiB queue  RPC:  0 conn,    0 req/s,    0 µs
2021-10-06 06:33:06 UTC Syncing #13363843 0x90c8…f394     0.00 blk/s    0.0 tx/s    0.0 Mgas/s      0+   32 Qed Ancient:#12417548 LI:#13363873   24/25 peers      3 MiB chain   10 MiB queue  RPC:  0 conn,    0 req/s,    0 µs
2021-10-06 06:33:13 UTC Syncing #13363844 0xe9a5…6c21     0.20 blk/s   27.0 tx/s    1.9 Mgas/s      0+   31 Qed Ancient:#12417549 LI:#13363873   23/25 peers      3 MiB chain   10 MiB queue  RPC:  0 conn,    0 req/s,    0 µs
2021-10-06 06:33:15 UTC Syncing #13363844 0xe9a5…6c21     0.00 blk/s    0.0 tx/s    0.0 Mgas/s      0+   31 Qed Ancient:#12417549 LI:#13363873   23/25 peers      3 MiB chain   10 MiB queue  RPC:  0 conn,    0 req/s,    0 µs
2021-10-06 06:33:19 UTC Syncing #13363844 0xe9a5…6c21     0.00 blk/s    0.0 tx/s    0.0 Mgas/s      0+   31 Qed Ancient:#12417549 LI:#13363873   20/25 peers      3 MiB chain   10 MiB queue  RPC:  0 conn,    0 req/s,    0 µs
2021-10-06 06:33:24 UTC Syncing #13363844 0xe9a5…6c21     0.00 blk/s    0.0 tx/s    0.0 Mgas/s      0+   31 Qed Ancient:#12417549 LI:#13363873   20/25 peers      3 MiB chain   10 MiB queue  RPC:  0 conn,    0 req/s,    0 µs
2021-10-06 06:33:33 UTC Syncing #13363845 0xebcb…4c75     0.20 blk/s   59.8 tx/s    4.7 Mgas/s      0+   30 Qed Ancient:#12417550 LI:#13363873   20/25 peers      3 MiB chain   10 MiB queue  RPC:  0 conn,    0 req/s,    0 µs
2021-10-06 06:33:34 UTC Syncing #13363845 0xebcb…4c75     0.00 blk/s    0.0 tx/s    0.0 Mgas/s      0+   31 Qed Ancient:#12417550 LI:#13363874   20/25 peers      3 MiB chain   10 MiB queue  RPC:  0 conn,    0 req/s,    0 µs
2021-10-06 06:33:52 UTC Syncing #13363847 0xeca7…4c19     0.20 blk/s   18.2 tx/s    1.4 Mgas/s      0+   30 Qed Ancient:#12417552 LI:#13363875   20/25 peers      3 MiB chain   10 MiB queue  RPC:  0 conn,    0 req/s,    0 µs
2021-10-06 06:33:52 UTC Syncing #13363847 0xeca7…4c19     0.00 blk/s    0.0 tx/s    0.0 Mgas/s      0+   30 Qed Ancient:#12417552 LI:#13363875   20/25 peers      3 MiB chain   10 MiB queue  RPC:  0 conn,    0 req/s,    0 µs
2021-10-06 06:33:52 UTC Syncing #13363846 0xb5da…09f6     0.20 blk/s    7.8 tx/s    0.7 Mgas/s      0+   31 Qed Ancient:#12417551 LI:#13363875   20/25 peers      3 MiB chain   10 MiB queue  RPC:  0 conn,    0 req/s,    0 µs
2021-10-06 06:33:58 UTC Syncing #13363847 0xeca7…4c19     0.20 blk/s   28.6 tx/s    2.1 Mgas/s      0+   31 Qed Ancient:#12417552 LI:#13363876   18/25 peers      3 MiB chain   10 MiB queue  RPC:  0 conn,    0 req/s,    0 µs
2021-10-06 06:34:04 UTC Syncing #13363848 0x22df…8079     0.20 blk/s   38.6 tx/s    1.9 Mgas/s      0+   30 Qed Ancient:#12417553 LI:#13363876   17/25 peers      3 MiB chain   10 MiB queue  RPC:  0 conn,    0 req/s,    0 µs
2021-10-06 06:34:04 UTC Syncing #13363848 0x22df…8079     0.00 blk/s    0.0 tx/s    0.0 Mgas/s      0+   30 Qed Ancient:#12417553 LI:#13363876   17/25 peers      3 MiB chain   10 MiB queue  RPC:  0 conn,    0 req/s,    0 µs
2021-10-06 06:34:09 UTC Syncing #13363848 0x22df…8079     0.00 blk/s    0.0 tx/s    0.0 Mgas/s      0+   30 Qed Ancient:#12417553 LI:#13363876   17/25 peers      3 MiB chain   10 MiB queue  RPC:  0 conn,    0 req/s,    0 µs
2021-10-06 06:34:19 UTC Syncing #13363849 0xa712…875d     0.10 blk/s   20.4 tx/s    1.6 Mgas/s      0+   30 Qed Ancient:#12417554 LI:#13363877   17/25 peers      3 MiB chain   10 MiB queue  RPC:  0 conn,    0 req/s,    0 µs
2021-10-06 06:34:19 UTC Syncing #13363849 0xa712…875d     0.20 blk/s   40.8 tx/s    3.2 Mgas/s      0+   30 Qed Ancient:#12417554 LI:#13363877   17/25 peers      3 MiB chain   10 MiB queue  RPC:  0 conn,    0 req/s,    0 µs
2021-10-06 06:34:31 UTC Syncing #13363850 0x678c…e56b     0.10 blk/s    7.6 tx/s    0.4 Mgas/s      0+   29 Qed Ancient:#12417555 LI:#13363877   17/25 peers      3 MiB chain   10 MiB queue  RPC:  0 conn,    0 req/s,    0 µs
2021-10-06 06:34:31 UTC Syncing #13363850 0x678c…e56b     0.20 blk/s   15.2 tx/s    0.9 Mgas/s      0+   29 Qed Ancient:#12417555 LI:#13363877   17/25 peers      3 MiB chain   10 MiB queue  RPC:  0 conn,    0 req/s,    0 µs
2021-10-06 06:34:34 UTC Syncing #13363850 0x678c…e56b     0.00 blk/s    0.0 tx/s    0.0 Mgas/s      0+   31 Qed Ancient:#12417555 LI:#13363879   17/25 peers      3 MiB chain   10 MiB queue  RPC:  0 conn,    0 req/s,    0 µs
2021-10-06 06:34:39 UTC Syncing #13363850 0x678c…e56b     0.00 blk/s    0.0 tx/s    0.0 Mgas/s      0+   31 Qed Ancient:#12417555 LI:#13363879   17/25 peers      3 MiB chain   10 MiB queue  RPC:  0 conn,    0 req/s,    0 µs
2021-10-06 06:34:44 UTC Syncing #13363850 0x678c…e56b     0.00 blk/s    0.0 tx/s    0.0 Mgas/s      0+   32 Qed Ancient:#12417555 LI:#13363881   20/25 peers      3 MiB chain   11 MiB queue  RPC:  0 conn,    0 req/s,    0 µs
2021-10-06 06:34:49 UTC Syncing #13363850 0x678c…e56b     0.00 blk/s    0.0 tx/s    0.0 Mgas/s      0+   33 Qed Ancient:#12417555 LI:#13363881   21/25 peers      3 MiB chain   11 MiB queue  RPC:  0 conn,    0 req/s,    0 µs
2021-10-06 06:34:59 UTC Syncing #13363852 0x0938…5d04     0.40 blk/s   82.0 tx/s    4.7 Mgas/s      0+   31 Qed Ancient:#12417557 LI:#13363881   21/25 peers      3 MiB chain   10 MiB queue  RPC:  0 conn,    0 req/s,    0 µs
2021-10-06 06:34:59 UTC Syncing #13363852 0x0938…5d04     0.00 blk/s    0.0 tx/s    0.0 Mgas/s      0+   31 Qed Ancient:#12417557 LI:#13363881   21/25 peers      3 MiB chain   10 MiB queue  RPC:  0 conn,    0 req/s,    0 µs
2021-10-06 06:35:05 UTC Syncing #13363853 0x56f1…a888     0.20 blk/s   71.6 tx/s    3.9 Mgas/s      0+   30 Qed Ancient:#12417558 LI:#13363881   21/25 peers      3 MiB chain   10 MiB queue  RPC:  0 conn,    0 req/s,    0 µs
2021-10-06 06:35:09 UTC Syncing #13363854 0xac6b…3e20     0.20 blk/s    8.0 tx/s    0.8 Mgas/s      0+   29 Qed Ancient:#12417559 LI:#13363881   20/25 peers      3 MiB chain   10 MiB queue  RPC:  0 conn,    0 req/s,    0 µs
2021-10-06 06:35:15 UTC Syncing #13363854 0xac6b…3e20     0.00 blk/s    0.0 tx/s    0.0 Mgas/s      0+   29 Qed Ancient:#12417559 LI:#13363881   20/25 peers      3 MiB chain   10 MiB queue  RPC:  0 conn,    0 req/s,    0 µs
2021-10-06 06:35:20 UTC Syncing #13363855 0x5b93…531c     0.20 blk/s   25.0 tx/s    2.1 Mgas/s      0+   28 Qed Ancient:#12417561 LI:#13363881   20/25 peers      3 MiB chain    9 MiB queue  RPC:  0 conn,    0 req/s,    0 µs
2021-10-06 06:35:25 UTC Syncing #13363855 0x5b93…531c     0.00 blk/s    0.0 tx/s    0.0 Mgas/s      0+   28 Qed Ancient:#12417561 LI:#13363881   20/25 peers      3 MiB chain    9 MiB queue  RPC:  0 conn,    0 req/s,    0 µs
2021-10-06 06:35:29 UTC Syncing #13363855 0x5b93…531c     0.00 blk/s    0.0 tx/s    0.0 Mgas/s      0+   28 Qed Ancient:#12417561 LI:#13363881   20/25 peers      3 MiB chain    9 MiB queue  RPC:  0 conn,    0 req/s,    0 µs