2021-10-06 06:49:49 UTC Syncing #13363937 0xe0d9…1e4e     0.10 blk/s   17.3 tx/s    1.2 Mgas/s      0+    4 Qed Ancient:#12420076 LI:#13363942    5/25 peers    215 KiB chain  914 KiB queue  RPC:  0 conn,    0 req/s,    0 µs
2021-10-06 06:49:54 UTC Syncing #13363937 0xe0d9…1e4e     0.00 blk/s    0.0 tx/s    0.0 Mgas/s      0+    6 Qed Ancient:#12420076 LI:#13363944    5/25 peers    215 KiB chain    1 MiB queue  RPC:  0 conn,    0 req/s,    0 µs
2021-10-06 06:49:59 UTC Syncing #13363937 0xe0d9…1e4e     0.00 blk/s    0.0 tx/s    0.0 Mgas/s      0+    7 Qed Ancient:#12420076 LI:#13363945    5/25 peers    215 KiB chain    2 MiB queue  RPC:  0 conn,    0 req/s,    0 µs
2021-10-06 06:50:04 UTC Syncing #13363937 0xe0d9…1e4e     0.00 blk/s    0.0 tx/s    0.0 Mgas/s      0+    8 Qed Ancient:#12420076 LI:#13363946    5/25 peers    215 KiB chain    2 MiB queue  RPC:  0 conn,    0 req/s,    0 µs
2021-10-06 06:50:15 UTC Syncing #13363939 0xc17c…a558     0.20 blk/s   40.2 tx/s    3.9 Mgas/s      0+    7 Qed Ancient:#12420078 LI:#13363947    5/25 peers    355 KiB chain    2 MiB queue  RPC:  0 conn,    0 req/s,    0 µs
2021-10-06 06:50:15 UTC Syncing #13363938 0xc143…ba81     0.20 blk/s   59.6 tx/s    6.0 Mgas/s      0+    8 Qed Ancient:#12420077 LI:#13363947    5/25 peers    355 KiB chain    2 MiB queue  RPC:  0 conn,    0 req/s,    0 µs
2021-10-06 06:50:21 UTC Syncing #13363939 0xc17c…a558     0.20 blk/s   20.8 tx/s    1.9 Mgas/s      0+    7 Qed Ancient:#12420078 LI:#13363947    5/25 peers    355 KiB chain    2 MiB queue  RPC:  0 conn,    0 req/s,    0 µs
2021-10-06 06:50:24 UTC Syncing #13363939 0xc17c…a558     0.00 blk/s    0.0 tx/s    0.0 Mgas/s      0+    9 Qed Ancient:#12420078 LI:#13363949    5/25 peers    355 KiB chain    2 MiB queue  RPC:  0 conn,    0 req/s,    0 µs
2021-10-06 06:50:37 UTC Syncing #13363941 0xcb9b…eb9d     0.40 blk/s   45.4 tx/s    3.5 Mgas/s      0+    7 Qed Ancient:#12420080 LI:#13363949    4/25 peers    356 KiB chain    2 MiB queue  RPC:  0 conn,    0 req/s,    0 µs
2021-10-06 06:50:37 UTC Syncing #13363941 0xcb9b…eb9d     0.20 blk/s   22.7 tx/s    1.7 Mgas/s      0+    7 Qed Ancient:#12420080 LI:#13363949    4/25 peers    356 KiB chain    2 MiB queue  RPC:  0 conn,    0 req/s,    0 µs
2021-10-06 06:50:48 UTC Syncing #13363942 0xf7b0…c905     0.10 blk/s   24.3 tx/s    2.1 Mgas/s      0+    6 Qed Ancient:#12420081 LI:#13363949    4/25 peers    356 KiB chain    1 MiB queue  RPC:  0 conn,    0 req/s,    0 µs
2021-10-06 06:50:48 UTC Syncing #13363941 0xcb9b…eb9d     0.00 blk/s    0.0 tx/s    0.0 Mgas/s      0+    7 Qed Ancient:#12420080 LI:#13363949    4/25 peers    356 KiB chain    2 MiB queue  RPC:  0 conn,    0 req/s,    0 µs
2021-10-06 06:50:54 UTC Syncing #13363942 0xf7b0…c905     0.20 blk/s   48.6 tx/s    4.2 Mgas/s      0+    6 Qed Ancient:#12420081 LI:#13363949    4/25 peers    356 KiB chain    1 MiB queue  RPC:  0 conn,    0 req/s,    0 µs
2021-10-06 06:51:02 UTC Syncing #13363944 0x1de9…7587     0.20 blk/s   13.7 tx/s    1.5 Mgas/s      0+    4 Qed Ancient:#12420083 LI:#13363949    4/25 peers    636 KiB chain  856 KiB queue  RPC:  0 conn,    0 req/s,    0 µs
2021-10-06 06:51:02 UTC Syncing #13363943 0x8a46…9ca5     0.20 blk/s   22.8 tx/s    2.8 Mgas/s      0+    5 Qed Ancient:#12420082 LI:#13363949    4/25 peers    636 KiB chain    1 MiB queue  RPC:  0 conn,    0 req/s,    0 µs
2021-10-06 06:51:06 UTC Syncing #13363944 0x1de9…7587     0.00 blk/s    0.0 tx/s    0.0 Mgas/s      0+    4 Qed Ancient:#12420083 LI:#13363949    4/25 peers    636 KiB chain  856 KiB queue  RPC:  0 conn,    0 req/s,    0 µs
2021-10-06 06:51:09 UTC Syncing #13363944 0x1de9…7587     0.00 blk/s    0.0 tx/s    0.0 Mgas/s      0+    5 Qed Ancient:#12420083 LI:#13363950    4/25 peers    636 KiB chain    1 MiB queue  RPC:  0 conn,    0 req/s,    0 µs
2021-10-06 06:51:14 UTC Syncing #13363944 0x1de9…7587     0.00 blk/s    0.0 tx/s    0.0 Mgas/s      0+    5 Qed Ancient:#12420083 LI:#13363950    4/25 peers    636 KiB chain    1 MiB queue  RPC:  0 conn,    0 req/s,    0 µs
2021-10-06 06:51:19 UTC Syncing #13363944 0x1de9…7587     0.00 blk/s    0.0 tx/s    0.0 Mgas/s      0+    5 Qed Ancient:#12420083 LI:#13363950    4/25 peers    636 KiB chain    1 MiB queue  RPC:  0 conn,    0 req/s,    0 µs
2021-10-06 06:51:49 UTC Syncing #13363947 0x9b76…8fb4     0.12 blk/s   35.8 tx/s    1.8 Mgas/s      0+    5 Qed Ancient:#12420086 LI:#13363952    4/25 peers    637 KiB chain    2 MiB queue  RPC:  0 conn,    0 req/s,    0 µs
2021-10-06 06:51:49 UTC Syncing #13363947 0x9b76…8fb4     0.10 blk/s   29.9 tx/s    1.5 Mgas/s      0+    5 Qed Ancient:#12420086 LI:#13363952    4/25 peers    637 KiB chain    2 MiB queue  RPC:  0 conn,    0 req/s,    0 µs
2021-10-06 06:52:10 UTC Syncing #13363949 0xb770…ab99     0.13 blk/s   31.1 tx/s    2.2 Mgas/s      0+    4 Qed Ancient:#12420088 LI:#13363954    4/25 peers    638 KiB chain    2 MiB queue  RPC:  0 conn,    0 req/s,    0 µs
2021-10-06 06:52:10 UTC Syncing #13363949 0xb770…ab99     0.10 blk/s   23.3 tx/s    1.7 Mgas/s      0+    4 Qed Ancient:#12420088 LI:#13363954    4/25 peers    638 KiB chain    2 MiB queue  RPC:  0 conn,    0 req/s,    0 µs
2021-10-06 06:52:14 UTC Syncing #13363949 0xb770…ab99     0.00 blk/s    0.0 tx/s    0.0 Mgas/s      0+    5 Qed Ancient:#12420088 LI:#13363954    4/25 peers    638 KiB chain    2 MiB queue  RPC:  0 conn,    0 req/s,    0 µs
2021-10-06 06:52:23 UTC Syncing #13363950 0x5fce…e93f     0.20 blk/s   94.2 tx/s    6.0 Mgas/s      0+    4 Qed Ancient:#12420089 LI:#13363954    3/25 peers    638 KiB chain    1 MiB queue  RPC:  0 conn,    0 req/s,    0 µs
2021-10-06 06:52:24 UTC Syncing #13363950 0x5fce…e93f     0.00 blk/s    0.0 tx/s    0.0 Mgas/s      0+    4 Qed Ancient:#12420089 LI:#13363954    3/25 peers    638 KiB chain    1 MiB queue  RPC:  0 conn,    0 req/s,    0 µs
2021-10-06 06:52:29 UTC Syncing #13363950 0x5fce…e93f     0.00 blk/s    0.0 tx/s    0.0 Mgas/s      0+    4 Qed Ancient:#12420089 LI:#13363954    3/25 peers    638 KiB chain    1 MiB queue  RPC:  0 conn,    0 req/s,    0 µs
2021-10-06 06:52:34 UTC Syncing #13363950 0x5fce…e93f     0.00 blk/s    0.0 tx/s    0.0 Mgas/s      0+    4 Qed Ancient:#12420089 LI:#13363954    3/25 peers    638 KiB chain    1 MiB queue  RPC:  0 conn,    0 req/s,    0 µs
2021-10-06 06:52:41 UTC Syncing #13363951 0x11a4…c39f     0.20 blk/s   65.8 tx/s    6.0 Mgas/s      0+    5 Qed Ancient:#12420089 LI:#13363955    3/25 peers      1 MiB chain    2 MiB queue  RPC:  0 conn,    0 req/s,    0 µs
2021-10-06 06:52:44 UTC Syncing #13363951 0x11a4…c39f     0.00 blk/s    0.0 tx/s    0.0 Mgas/s      0+    4 Qed Ancient:#12420090 LI:#13363955    3/25 peers      1 MiB chain    1 MiB queue  RPC:  0 conn,    0 req/s,    0 µs
2021-10-06 06:52:49 UTC Syncing #13363951 0x11a4…c39f     0.00 blk/s    0.0 tx/s    0.0 Mgas/s      0+    5 Qed Ancient:#12420090 LI:#13363956    3/25 peers      1 MiB chain    1 MiB queue  RPC:  0 conn,    0 req/s,    0 µs
2021-10-06 06:52:54 UTC Syncing #13363951 0x11a4…c39f     0.00 blk/s    0.0 tx/s    0.0 Mgas/s      0+    5 Qed Ancient:#12420090 LI:#13363956    3/25 peers      1 MiB chain    1 MiB queue  RPC:  0 conn,    0 req/s,    0 µs
2021-10-06 06:52:59 UTC Syncing #13363951 0x11a4…c39f     0.00 blk/s    0.0 tx/s    0.0 Mgas/s      0+    5 Qed Ancient:#12420090 LI:#13363956    3/25 peers      1 MiB chain    1 MiB queue  RPC:  0 conn,    0 req/s,    0 µs
2021-10-06 06:53:05 UTC Syncing #13363952 0x5fa1…f636     0.20 blk/s   47.4 tx/s    5.8 Mgas/s      0+    4 Qed Ancient:#12420091 LI:#13363956    3/25 peers      1 MiB chain 1015 KiB queue  RPC:  0 conn,    0 req/s,    0 µs
2021-10-06 06:53:14 UTC Syncing #13363952 0x5fa1…f636     0.10 blk/s   24.3 tx/s    3.0 Mgas/s      0+    4 Qed Ancient:#12420092 LI:#13363957    4/25 peers      2 MiB chain  967 KiB queue  RPC:  0 conn,    0 req/s,    0 µs
2021-10-06 06:53:51 UTC  Ancient:#12420097 AB:#12421048    3/25 peers      2 MiB chain  0 bytes queue  RPC:  0 conn,    0 req/s,    0 µs
2021-10-06 06:53:51 UTC  Ancient:#12420097 AB:#12421048    3/25 peers      2 MiB chain  0 bytes queue  RPC:  0 conn,    0 req/s,    0 µs
2021-10-06 06:55:07 UTC Syncing #13363957 0xe0f8…5994     0.02 blk/s    3.1 tx/s    0.4 Mgas/s      0+    4 Qed Ancient:#12420543 LI:#13363962    1/25 peers    0 bytes chain  784 KiB queue  RPC:  0 conn,    0 req/s,    0 µs
2021-10-06 06:55:07 UTC Syncing #13363957 0xe0f8…5994     0.00 blk/s    0.0 tx/s    0.0 Mgas/s      0+    4 Qed Ancient:#12420543 LI:#13363962    1/25 peers   744 bytes chain  784 KiB queue  RPC:  0 conn,    0 req/s,    0 µs