2021-10-08 05:11:54 UTC Syncing #13376236 0xd28e…0b47     0.60 blk/s   86.0 tx/s    6.7 Mgas/s      0+    9 Qed Ancient:#12980536 LI:#13376246   34/50 peers      6 MiB chain    2 MiB queue  RPC:  0 conn,    0 req/s,    0 µs
2021-10-08 05:11:59 UTC Syncing #13376236 0xd28e…0b47     0.00 blk/s    0.0 tx/s    0.0 Mgas/s      0+   10 Qed Ancient:#12980536 LI:#13376247   32/50 peers      6 MiB chain    3 MiB queue  RPC:  0 conn,    0 req/s,    0 µs
2021-10-08 05:12:04 UTC Syncing #13376238 0x9962…57bf     0.40 blk/s   63.0 tx/s    5.2 Mgas/s      0+    8 Qed Ancient:#12980538 LI:#13376247   32/50 peers      3 MiB chain    2 MiB queue  RPC:  0 conn,    0 req/s,    0 µs
2021-10-08 05:12:09 UTC Syncing #13376240 0xfc83…fefa     0.40 blk/s   28.6 tx/s    3.7 Mgas/s      0+    6 Qed Ancient:#12980540 LI:#13376247   32/50 peers      3 MiB chain    2 MiB queue  RPC:  0 conn,    0 req/s,    0 µs
2021-10-08 05:12:14 UTC Syncing #13376241 0x2cf9…2d0f     0.20 blk/s   66.6 tx/s    6.0 Mgas/s      0+    6 Qed Ancient:#12980541 LI:#13376248   32/50 peers      3 MiB chain    2 MiB queue  RPC:  0 conn,    0 req/s,    0 µs
2021-10-08 05:12:19 UTC Syncing #13376241 0x2cf9…2d0f     0.00 blk/s    0.0 tx/s    0.0 Mgas/s      0+    6 Qed Ancient:#12980541 LI:#13376248   32/50 peers      3 MiB chain    2 MiB queue  RPC:  0 conn,    0 req/s,    0 µs
2021-10-08 05:12:24 UTC Syncing #13376242 0x11ea…b87e     0.20 blk/s   45.0 tx/s    4.6 Mgas/s      0+    6 Qed Ancient:#12980542 LI:#13376249   31/50 peers      3 MiB chain    1 MiB queue  RPC:  0 conn,    0 req/s,    0 µs
2021-10-08 05:12:29 UTC Syncing #13376242 0x11ea…b87e     0.00 blk/s    0.0 tx/s    0.0 Mgas/s      0+    6 Qed Ancient:#12980542 LI:#13376249   32/50 peers      3 MiB chain    1 MiB queue  RPC:  0 conn,    0 req/s,    0 µs
2021-10-08 05:12:34 UTC Syncing #13376243 0x8441…1f40     0.20 blk/s   79.0 tx/s    6.0 Mgas/s      0+    6 Qed Ancient:#12980543 LI:#13376250   33/50 peers      3 MiB chain    1 MiB queue  RPC:  0 conn,    0 req/s,    0 µs
2021-10-08 05:12:39 UTC Syncing #13376244 0x3579…6f99     0.20 blk/s   22.6 tx/s    2.1 Mgas/s      0+    5 Qed Ancient:#12980544 LI:#13376250   31/50 peers      3 MiB chain    1 MiB queue  RPC:  0 conn,    0 req/s,    0 µs
2021-10-08 05:12:59 UTC Updated conversion rate to Ξ1 = US$3558.42 (1338207.6 wei/gas)
2021-10-08 05:13:37 UTC  Ancient:#12981973 AB:#12983830   31/50 peers     19 KiB chain 776 bytes queue  RPC:  0 conn,    0 req/s,    0 µs
2021-10-08 05:13:37 UTC  Ancient:#12981976 AB:#12983830   31/50 peers     72 KiB chain    2 KiB queue  RPC:  0 conn,    0 req/s,    0 µs
2021-10-08 05:13:37 UTC  Ancient:#12981974 AB:#12983830   31/50 peers     36 KiB chain 776 bytes queue  RPC:  0 conn,    0 req/s,    0 µs
2021-10-08 05:13:37 UTC Imported #13376250 0x8b9b…e557 (147 txs, 13.18 Mgas, 4796 ms, 66.74 KiB)
2021-10-08 05:13:42 UTC Syncing #13376250 0x8b9b…e557     0.00 blk/s    0.0 tx/s    0.0 Mgas/s      0+    6 Qed Ancient:#12982044 LI:#13376256   29/50 peers      2 MiB chain    2 MiB queue  RPC:  0 conn,    0 req/s,    0 µs
2021-10-08 05:13:44 UTC Syncing #13376250 0x8b9b…e557     0.00 blk/s    0.0 tx/s    0.0 Mgas/s      0+    5 Qed Ancient:#12982044 LI:#13376256   29/50 peers      2 MiB chain    1 MiB queue  RPC:  0 conn,    0 req/s,    0 µs
2021-10-08 05:13:49 UTC Syncing #13376250 0x8b9b…e557     0.00 blk/s    0.0 tx/s    0.0 Mgas/s      0+    5 Qed Ancient:#12982044 LI:#13376256   29/50 peers      2 MiB chain    1 MiB queue  RPC:  0 conn,    0 req/s,    0 µs
2021-10-08 05:13:55 UTC Syncing #13376250 0x8b9b…e557     0.00 blk/s    0.0 tx/s    0.0 Mgas/s      0+    5 Qed Ancient:#12982044 LI:#13376256   27/50 peers      2 MiB chain    1 MiB queue  RPC:  0 conn,    0 req/s,    0 µs
2021-10-08 05:13:59 UTC Syncing #13376250 0x8b9b…e557     0.00 blk/s    0.0 tx/s    0.0 Mgas/s      0+    6 Qed Ancient:#12982044 LI:#13376257   24/25 peers      2 MiB chain    1 MiB queue  RPC:  0 conn,    0 req/s,    0 µs
2021-10-08 05:14:04 UTC Syncing #13376250 0x8b9b…e557     0.00 blk/s    0.0 tx/s    0.0 Mgas/s      0+    6 Qed Ancient:#12982044 LI:#13376257   21/25 peers      2 MiB chain    1 MiB queue  RPC:  0 conn,    0 req/s,    0 µs
2021-10-08 05:14:09 UTC Syncing #13376251 0x6f9d…746e     0.20 blk/s   53.6 tx/s    6.0 Mgas/s      0+    5 Qed Ancient:#12982045 LI:#13376257   24/25 peers      3 MiB chain  919 KiB queue  RPC:  0 conn,    0 req/s,    0 µs
2021-10-08 05:14:14 UTC Syncing #13376251 0x6f9d…746e     0.00 blk/s    0.0 tx/s    0.0 Mgas/s      0+    6 Qed Ancient:#12982045 LI:#13376258   24/25 peers      5 MiB chain    1 MiB queue  RPC:  0 conn,    0 req/s,    0 µs
2021-10-08 05:14:19 UTC Syncing #13376251 0x6f9d…746e     0.00 blk/s    0.0 tx/s    0.0 Mgas/s      0+    6 Qed Ancient:#12982045 LI:#13376258   25/25 peers      6 MiB chain    1 MiB queue  RPC:  0 conn,    0 req/s,    0 µs
2021-10-08 05:14:24 UTC Syncing #13376251 0x6f9d…746e     0.00 blk/s    0.0 tx/s    0.0 Mgas/s      0+    8 Qed Ancient:#12982045 LI:#13376260   23/25 peers      6 MiB chain    1 MiB queue  RPC:  0 conn,    0 req/s,    0 µs
2021-10-08 05:14:29 UTC Syncing #13376252 0x9698…978a     0.00 blk/s    0.0 tx/s    0.0 Mgas/s      0+    8 Qed Ancient:#12982045 LI:#13376260   23/25 peers      6 MiB chain    1 MiB queue  RPC:  0 conn,    0 req/s,    0 µs
2021-10-08 05:14:34 UTC Syncing #13376252 0x9698…978a     0.20 blk/s   45.4 tx/s    6.0 Mgas/s      0+    9 Qed Ancient:#12982046 LI:#13376262   24/25 peers      7 MiB chain    1 MiB queue  RPC:  0 conn,    0 req/s,    0 µs
2021-10-08 05:14:39 UTC Syncing #13376252 0x9698…978a     0.00 blk/s    0.0 tx/s    0.0 Mgas/s      0+    9 Qed Ancient:#12982046 LI:#13376262   25/25 peers      7 MiB chain    1 MiB queue  RPC:  0 conn,    0 req/s,    0 µs
2021-10-08 05:14:44 UTC Syncing #13376252 0x9698…978a     0.00 blk/s    0.0 tx/s    0.0 Mgas/s      0+    9 Qed Ancient:#12982046 LI:#13376262   25/25 peers      8 MiB chain    1 MiB queue  RPC:  0 conn,    0 req/s,    0 µs
2021-10-08 05:14:49 UTC Syncing #13376252 0x9698…978a     0.00 blk/s    0.0 tx/s    0.0 Mgas/s      0+    9 Qed Ancient:#12982046 LI:#13376262   25/25 peers      8 MiB chain    1 MiB queue  RPC:  0 conn,    0 req/s,    0 µs
2021-10-08 05:14:54 UTC Syncing #13376252 0x9698…978a     0.00 blk/s    0.0 tx/s    0.0 Mgas/s      0+    9 Qed Ancient:#12982046 LI:#13376262   25/25 peers      8 MiB chain    1 MiB queue  RPC:  0 conn,    0 req/s,    0 µs
2021-10-08 05:14:59 UTC Syncing #13376254 0x6254…81ad     0.40 blk/s   81.0 tx/s    5.7 Mgas/s      0+    7 Qed Ancient:#12982049 LI:#13376262   25/25 peers      6 MiB chain    1 MiB queue  RPC:  0 conn,    0 req/s,    0 µs
2021-10-08 05:15:04 UTC Syncing #13376255 0xf97c…2455     0.20 blk/s   20.4 tx/s    0.8 Mgas/s      0+    7 Qed Ancient:#12982050 LI:#13376263   26/50 peers      3 MiB chain    1 MiB queue  RPC:  0 conn,    0 req/s,    0 µs
2021-10-08 05:15:10 UTC Syncing #13376256 0x1c8c…8b20     0.20 blk/s   11.2 tx/s    3.3 Mgas/s      0+    6 Qed Ancient:#12982051 LI:#13376263   24/25 peers      3 MiB chain    1 MiB queue  RPC:  0 conn,    0 req/s,    0 µs
2021-10-08 05:15:14 UTC Syncing #13376257 0xf24a…3a9b     0.20 blk/s   24.8 tx/s    1.6 Mgas/s      0+    5 Qed Ancient:#12982052 LI:#13376263   24/25 peers      3 MiB chain  961 KiB queue  RPC:  0 conn,    0 req/s,    0 µs
2021-10-08 05:15:19 UTC Syncing #13376257 0xf24a…3a9b     0.00 blk/s    0.0 tx/s    0.0 Mgas/s      0+    5 Qed Ancient:#12982052 LI:#13376263   24/25 peers      3 MiB chain  961 KiB queue  RPC:  0 conn,    0 req/s,    0 µs
2021-10-08 05:15:24 UTC Syncing #13376257 0xf24a…3a9b     0.00 blk/s    0.0 tx/s    0.0 Mgas/s      0+    6 Qed Ancient:#12982052 LI:#13376264   23/25 peers      3 MiB chain    1 MiB queue  RPC:  0 conn,    0 req/s,    0 µs
2021-10-08 05:15:29 UTC Syncing #13376258 0x3377…3155     0.20 blk/s   40.0 tx/s    3.0 Mgas/s      0+    5 Qed Ancient:#12982054 LI:#13376264   24/25 peers      3 MiB chain    1 MiB queue  RPC:  0 conn,    0 req/s,    0 µs
2021-10-08 05:15:34 UTC Syncing #13376259 0x317e…3563     0.20 blk/s   13.4 tx/s    0.9 Mgas/s      0+    5 Qed Ancient:#12982055 LI:#13376265   23/25 peers      3 MiB chain    1 MiB queue  RPC:  0 conn,    0 req/s,    0 µs
2021-10-08 05:16:00 UTC Syncing #13376259 0x317e…3563     0.00 blk/s    0.0 tx/s    0.0 Mgas/s      0+    6 Qed Ancient:#12982055 LI:#13376266   23/25 peers      3 MiB chain    2 MiB queue  RPC:  0 conn,    0 req/s,    0 µs
2021-10-08 05:16:11 UTC Syncing #13376259 0x317e…3563     0.00 blk/s    0.0 tx/s    0.0 Mgas/s      0+    6 Qed Ancient:#12982055 LI:#13376266   22/25 peers      3 MiB chain    2 MiB queue  RPC:  0 conn,    0 req/s,    0 µs
2021-10-08 05:16:42 UTC Syncing #13376261 0xec16…fbe2     0.25 blk/s   32.9 tx/s    4.3 Mgas/s      0+    5 Qed Ancient:#12982298 LI:#13376266   23/25 peers      7 MiB chain    2 MiB queue  RPC:  0 conn,    0 req/s,    0 µs
2021-10-08 05:16:42 UTC Syncing #13376261 0xec16…fbe2     0.00 blk/s    0.0 tx/s    0.0 Mgas/s      0+    5 Qed Ancient:#12982298 LI:#13376266   23/25 peers      7 MiB chain    2 MiB queue  RPC:  0 conn,    0 req/s,    0 µs
2021-10-08 05:16:42 UTC Syncing #13376261 0xec16…fbe2     0.00 blk/s    0.0 tx/s    0.0 Mgas/s      0+    5 Qed Ancient:#12982298 LI:#13376266   23/25 peers      7 MiB chain    2 MiB queue  RPC:  0 conn,    0 req/s,    0 µs
2021-10-08 05:16:42 UTC Syncing #13376259 0x317e…3563     0.00 blk/s    0.0 tx/s    0.0 Mgas/s      0+    6 Qed Ancient:#12982055 LI:#13376266   23/25 peers      3 MiB chain    2 MiB queue  RPC:  0 conn,    0 req/s,    0 µs
2021-10-08 05:16:42 UTC Syncing #13376261 0xec16…fbe2     0.19 blk/s   25.3 tx/s    3.3 Mgas/s      0+    5 Qed Ancient:#12982298 LI:#13376266   23/25 peers      7 MiB chain    2 MiB queue  RPC:  0 conn,    0 req/s,    0 µs
2021-10-08 05:16:42 UTC Syncing #13376261 0xec16…fbe2     0.00 blk/s    0.0 tx/s    0.0 Mgas/s      0+    5 Qed Ancient:#12982298 LI:#13376266   23/25 peers      7 MiB chain    2 MiB queue  RPC:  0 conn,    0 req/s,    0 µs
2021-10-08 05:16:45 UTC Syncing #13376261 0xec16…fbe2     0.00 blk/s    0.0 tx/s    0.0 Mgas/s      0+    4 Qed Ancient:#12982299 LI:#13376266   21/25 peers      7 MiB chain    2 MiB queue  RPC:  0 conn,    0 req/s,    0 µs
2021-10-08 05:16:54 UTC Syncing #13376262 0x5c1a…c4cb     0.10 blk/s    8.5 tx/s    0.6 Mgas/s      0+    4 Qed Ancient:#12982300 LI:#13376267   20/25 peers      6 MiB chain    2 MiB queue  RPC:  0 conn,    0 req/s,    0 µs
2021-10-08 05:16:59 UTC Syncing #13376262 0x5c1a…c4cb     0.00 blk/s    0.0 tx/s    0.0 Mgas/s      0+    4 Qed Ancient:#12982300 LI:#13376267   22/25 peers      6 MiB chain    2 MiB queue  RPC:  0 conn,    0 req/s,    0 µs
2021-10-08 05:17:17 UTC Syncing #13376263 0x5f30…733a     0.05 blk/s   15.3 tx/s    0.9 Mgas/s      0+    4 Qed Ancient:#12982301 LI:#13376268   25/25 peers      6 MiB chain    2 MiB queue  RPC:  0 conn,    0 req/s,    0 µs
2021-10-08 05:17:24 UTC Syncing #13376263 0x5f30…733a     0.00 blk/s    0.0 tx/s    0.0 Mgas/s      0+    4 Qed Ancient:#12982301 LI:#13376268   24/25 peers      6 MiB chain    2 MiB queue  RPC:  0 conn,    0 req/s,    0 µs
2021-10-08 05:17:29 UTC Syncing #13376263 0x5f30…733a     0.00 blk/s    0.0 tx/s    0.0 Mgas/s      0+    4 Qed Ancient:#12982301 LI:#13376268   22/25 peers      6 MiB chain    2 MiB queue  RPC:  0 conn,    0 req/s,    0 µs
2021-10-08 05:17:53 UTC Syncing #13376264 0x0b76…dd7a     0.04 blk/s   12.5 tx/s    1.2 Mgas/s      0+    5 Qed Ancient:#12982302 LI:#13376270   19/25 peers      6 MiB chain    2 MiB queue  RPC:  0 conn,    0 req/s,    0 µs
2021-10-08 05:17:53 UTC Syncing #13376264 0x0b76…dd7a     0.04 blk/s   12.5 tx/s    1.2 Mgas/s      0+    5 Qed Ancient:#12982302 LI:#13376270   19/25 peers      6 MiB chain    2 MiB queue  RPC:  0 conn,    0 req/s,    0 µs