2021-10-06 01:38:21 UTC Syncing #13362491 0x8527…686a     0.00 blk/s    0.0 tx/s    0.0 Mgas/s      0+    4 Qed Ancient:#12351694 LI:#13362496   26/50 peers      2 MiB chain    1 MiB queue  RPC:  0 conn,    0 req/s,    0 µs
2021-10-06 01:38:26 UTC Syncing #13362491 0x8527…686a     0.00 blk/s    0.0 tx/s    0.0 Mgas/s      0+    4 Qed Ancient:#12351694 LI:#13362496   26/50 peers      2 MiB chain    1 MiB queue  RPC:  0 conn,    0 req/s,    0 µs
2021-10-06 01:38:31 UTC Syncing #13362491 0x8527…686a     0.00 blk/s    0.0 tx/s    0.0 Mgas/s      0+    4 Qed Ancient:#12351694 LI:#13362496   25/25 peers      2 MiB chain    1 MiB queue  RPC:  0 conn,    0 req/s,    0 µs
2021-10-06 01:38:36 UTC Syncing #13362492 0x96ac…9530     0.20 blk/s   62.2 tx/s    6.0 Mgas/s      0+    7 Qed Ancient:#12351695 LI:#13362498   24/25 peers      2 MiB chain    1 MiB queue  RPC:  0 conn,    0 req/s,    0 µs
2021-10-06 01:38:41 UTC Syncing #13362492 0x96ac…9530     0.00 blk/s    0.0 tx/s    0.0 Mgas/s      0+    8 Qed Ancient:#12351695 LI:#13362499   27/50 peers      3 MiB chain    1 MiB queue  RPC:  0 conn,    0 req/s,    0 µs
2021-10-06 01:38:46 UTC Syncing #13362492 0x96ac…9530     0.00 blk/s    0.0 tx/s    0.0 Mgas/s      0+    8 Qed Ancient:#12351695 LI:#13362499   27/50 peers      3 MiB chain    1 MiB queue  RPC:  0 conn,    0 req/s,    0 µs
2021-10-06 01:38:52 UTC Syncing #13362494 0x751f…ada9     0.40 blk/s   67.2 tx/s    4.9 Mgas/s      0+    6 Qed Ancient:#12351697 LI:#13362499   28/50 peers      3 MiB chain  801 KiB queue  RPC:  0 conn,    0 req/s,    0 µs
2021-10-06 01:38:56 UTC Syncing #13362494 0x751f…ada9     0.00 blk/s    0.0 tx/s    0.0 Mgas/s      0+    6 Qed Ancient:#12351697 LI:#13362499   28/50 peers      3 MiB chain  801 KiB queue  RPC:  0 conn,    0 req/s,    0 µs
2021-10-06 01:39:01 UTC Syncing #13362494 0x751f…ada9     0.00 blk/s    0.0 tx/s    0.0 Mgas/s      0+    7 Qed Ancient:#12351697 LI:#13362500   28/50 peers      3 MiB chain    1 MiB queue  RPC:  0 conn,    0 req/s,    0 µs
2021-10-06 01:39:06 UTC Syncing #13362494 0x751f…ada9     0.00 blk/s    0.0 tx/s    0.0 Mgas/s      0+    8 Qed Ancient:#12351697 LI:#13362501   28/50 peers      3 MiB chain    1 MiB queue  RPC:  0 conn,    0 req/s,    0 µs
2021-10-06 01:39:11 UTC Syncing #13362494 0x751f…ada9     0.00 blk/s    0.0 tx/s    0.0 Mgas/s      0+    8 Qed Ancient:#12351697 LI:#13362501   29/50 peers      3 MiB chain    1 MiB queue  RPC:  0 conn,    0 req/s,    0 µs
2021-10-06 01:39:16 UTC Syncing #13362494 0x751f…ada9     0.00 blk/s    0.0 tx/s    0.0 Mgas/s      0+    8 Qed Ancient:#12351697 LI:#13362501   29/50 peers      3 MiB chain    1 MiB queue  RPC:  0 conn,    0 req/s,    0 µs
2021-10-06 01:39:21 UTC Syncing #13362495 0x228b…8f50     0.20 blk/s   56.2 tx/s    6.0 Mgas/s      0+    8 Qed Ancient:#12351698 LI:#13362502   29/50 peers      3 MiB chain    2 MiB queue  RPC:  0 conn,    0 req/s,    0 µs
2021-10-06 01:39:26 UTC Syncing #13362495 0x228b…8f50     0.00 blk/s    0.0 tx/s    0.0 Mgas/s      0+    9 Qed Ancient:#12351698 LI:#13362503   29/50 peers      3 MiB chain    2 MiB queue  RPC:  0 conn,    0 req/s,    0 µs
2021-10-06 01:39:31 UTC Syncing #13362496 0x2175…7ad1     0.20 blk/s   27.2 tx/s    2.4 Mgas/s      0+    8 Qed Ancient:#12351699 LI:#13362503   29/50 peers      3 MiB chain    2 MiB queue  RPC:  0 conn,    0 req/s,    0 µs
2021-10-06 01:39:36 UTC Syncing #13362496 0x2175…7ad1     0.00 blk/s    0.0 tx/s    0.0 Mgas/s      0+    8 Qed Ancient:#12351699 LI:#13362503   29/50 peers      3 MiB chain    2 MiB queue  RPC:  0 conn,    0 req/s,    0 µs
2021-10-06 01:39:41 UTC Syncing #13362496 0x2175…7ad1     0.00 blk/s    0.0 tx/s    0.0 Mgas/s      0+    8 Qed Ancient:#12351699 LI:#13362503   29/50 peers      3 MiB chain    2 MiB queue  RPC:  0 conn,    0 req/s,    0 µs
2021-10-06 01:39:46 UTC Syncing #13362497 0x18e6…e960     0.20 blk/s   46.8 tx/s    4.3 Mgas/s      0+    7 Qed Ancient:#12351700 LI:#13362503   30/50 peers      3 MiB chain    1 MiB queue  RPC:  0 conn,    0 req/s,    0 µs
2021-10-06 01:40:06 UTC Syncing #13362499 0xb1fc…e408     0.20 blk/s    5.2 tx/s    0.4 Mgas/s      0+    4 Qed Ancient:#12351704 LI:#13362504   32/50 peers      3 MiB chain    1 MiB queue  RPC:  0 conn,    0 req/s,    0 µs
2021-10-06 01:40:11 UTC Syncing #13362499 0xb1fc…e408     0.00 blk/s    0.0 tx/s    0.0 Mgas/s      0+    4 Qed Ancient:#12351704 LI:#13362504   32/50 peers      3 MiB chain    1 MiB queue  RPC:  0 conn,    0 req/s,    0 µs
2021-10-06 01:40:16 UTC Syncing #13362499 0xb1fc…e408     0.00 blk/s    0.0 tx/s    0.0 Mgas/s      0+    4 Qed Ancient:#12351704 LI:#13362504   33/50 peers      3 MiB chain    1 MiB queue  RPC:  0 conn,    0 req/s,    0 µs
2021-10-06 01:40:41 UTC Syncing #13362501 0xc816…c01e     0.08 blk/s   15.0 tx/s    1.2 Mgas/s      0+    4 Qed Ancient:#12351706 LI:#13362507   33/50 peers      3 MiB chain    2 MiB queue  RPC:  0 conn,    0 req/s,    0 µs
2021-10-06 01:40:46 UTC Syncing #13362501 0xc816…c01e     0.00 blk/s    0.0 tx/s    0.0 Mgas/s      0+    7 Qed Ancient:#12351706 LI:#13362508   33/50 peers      3 MiB chain    2 MiB queue  RPC:  0 conn,    0 req/s,    0 µs
2021-10-06 01:40:51 UTC Syncing #13362502 0x1264…271e     0.20 blk/s   55.4 tx/s    6.0 Mgas/s      0+    7 Qed Ancient:#12351707 LI:#13362509   34/50 peers      3 MiB chain    2 MiB queue  RPC:  0 conn,    0 req/s,    0 µs
2021-10-06 01:40:56 UTC Syncing #13362503 0x85c2…d611     0.20 blk/s   11.6 tx/s    1.1 Mgas/s      0+    6 Qed Ancient:#12351708 LI:#13362509   34/50 peers      3 MiB chain    1 MiB queue  RPC:  0 conn,    0 req/s,    0 µs
2021-10-06 01:41:01 UTC Syncing #13362504 0x6e8a…f599     0.20 blk/s   83.6 tx/s    6.0 Mgas/s      0+    5 Qed Ancient:#12351709 LI:#13362509   36/50 peers      3 MiB chain  607 KiB queue  RPC:  0 conn,    0 req/s,    0 µs
2021-10-06 01:41:06 UTC Syncing #13362504 0x6e8a…f599     0.00 blk/s    0.0 tx/s    0.0 Mgas/s      0+    6 Qed Ancient:#12351709 LI:#13362510   35/50 peers      3 MiB chain  718 KiB queue  RPC:  0 conn,    0 req/s,    0 µs
2021-10-06 01:41:25 UTC Imported #13362511 0x326e…7424 (180 txs, 14.35 Mgas, 4737 ms, 96.33 KiB)
2021-10-06 01:42:20 UTC  Ancient:#12353086 AB:#12355040   33/50 peers     72 KiB chain 776 bytes queue  RPC:  0 conn,    0 req/s,    0 µs
2021-10-06 01:42:20 UTC  Ancient:#12353083 AB:#12355040   33/50 peers     37 MiB chain  0 bytes queue  RPC:  0 conn,    0 req/s,    0 µs
2021-10-06 01:42:20 UTC  Ancient:#12353085 AB:#12355040   33/50 peers     36 KiB chain 776 bytes queue  RPC:  0 conn,    0 req/s,    0 µs
2021-10-06 01:42:20 UTC  Ancient:#12353086 AB:#12355040   33/50 peers     72 KiB chain 776 bytes queue  RPC:  0 conn,    0 req/s,    0 µs
2021-10-06 01:42:26 UTC Syncing #13362511 0x326e…7424     0.00 blk/s    0.0 tx/s    0.0 Mgas/s      0+    4 Qed Ancient:#12353087 LI:#13362516   30/50 peers    216 KiB chain  685 KiB queue  RPC:  0 conn,    0 req/s,    0 µs
2021-10-06 01:42:26 UTC Syncing #13362511 0x326e…7424     0.00 blk/s    0.0 tx/s    0.0 Mgas/s      0+    4 Qed Ancient:#12353087 LI:#13362516   30/50 peers    216 KiB chain  685 KiB queue  RPC:  0 conn,    0 req/s,    0 µs
2021-10-06 01:42:41 UTC Syncing #13362511 0x326e…7424     0.00 blk/s    0.0 tx/s    0.0 Mgas/s      0+    5 Qed Ancient:#12353087 LI:#13362517   29/50 peers    216 KiB chain  901 KiB queue  RPC:  0 conn,    0 req/s,    0 µs
2021-10-06 01:42:41 UTC Syncing #13362511 0x326e…7424     0.00 blk/s    0.0 tx/s    0.0 Mgas/s      0+    5 Qed Ancient:#12353087 LI:#13362517   29/50 peers    216 KiB chain  901 KiB queue  RPC:  0 conn,    0 req/s,    0 µs
2021-10-06 01:42:43 UTC Syncing #13362511 0x326e…7424     0.00 blk/s    0.0 tx/s    0.0 Mgas/s      0+    5 Qed Ancient:#12353087 LI:#13362517   29/50 peers    216 KiB chain  901 KiB queue  RPC:  0 conn,    0 req/s,    0 µs
2021-10-06 01:42:46 UTC Syncing #13362511 0x326e…7424     0.00 blk/s    0.0 tx/s    0.0 Mgas/s      0+    5 Qed Ancient:#12353087 LI:#13362517   29/50 peers    216 KiB chain  901 KiB queue  RPC:  0 conn,    0 req/s,    0 µs
2021-10-06 01:42:51 UTC Syncing #13362511 0x326e…7424     0.00 blk/s    0.0 tx/s    0.0 Mgas/s      0+    6 Qed Ancient:#12353087 LI:#13362518   24/25 peers    216 KiB chain    1 MiB queue  RPC:  0 conn,    0 req/s,    0 µs
2021-10-06 01:42:56 UTC Syncing #13362511 0x326e…7424     0.00 blk/s    0.0 tx/s    0.0 Mgas/s      0+    8 Qed Ancient:#12353087 LI:#13362520   23/25 peers    216 KiB chain    2 MiB queue  RPC:  0 conn,    0 req/s,    0 µs
2021-10-06 01:43:01 UTC Syncing #13362511 0x326e…7424     0.00 blk/s    0.0 tx/s    0.0 Mgas/s      0+    9 Qed Ancient:#12353087 LI:#13362521   15/25 peers    216 KiB chain    2 MiB queue  RPC:  0 conn,    0 req/s,    0 µs
2021-10-06 01:43:06 UTC Syncing #13362511 0x326e…7424     0.00 blk/s    0.0 tx/s    0.0 Mgas/s      0+    9 Qed Ancient:#12353087 LI:#13362521   14/25 peers    216 KiB chain    2 MiB queue  RPC:  0 conn,    0 req/s,    0 µs
2021-10-06 01:43:11 UTC Syncing #13362511 0x326e…7424     0.00 blk/s    0.0 tx/s    0.0 Mgas/s      0+    9 Qed Ancient:#12353087 LI:#13362521   13/25 peers    216 KiB chain    2 MiB queue  RPC:  0 conn,    0 req/s,    0 µs
2021-10-06 01:43:42 UTC Syncing #13362512 0x7c2c…ac0b     0.10 blk/s   28.0 tx/s    2.5 Mgas/s      0+    8 Qed Ancient:#12353088 LI:#13362521   14/25 peers    216 KiB chain    2 MiB queue  RPC:  0 conn,    0 req/s,    0 µs
2021-10-06 01:43:42 UTC Syncing #13362512 0x7c2c…ac0b     0.00 blk/s    0.0 tx/s    0.0 Mgas/s      0+    8 Qed Ancient:#12353088 LI:#13362521   14/25 peers    216 KiB chain    2 MiB queue  RPC:  0 conn,    0 req/s,    0 µs
2021-10-06 01:43:42 UTC Syncing #13362512 0x7c2c…ac0b     0.00 blk/s    0.0 tx/s    0.0 Mgas/s      0+    8 Qed Ancient:#12353088 LI:#13362521   14/25 peers    216 KiB chain    2 MiB queue  RPC:  0 conn,    0 req/s,    0 µs
2021-10-06 01:43:42 UTC Syncing #13362511 0x326e…7424     0.00 blk/s    0.0 tx/s    0.0 Mgas/s      0+    9 Qed Ancient:#12353087 LI:#13362521   14/25 peers    216 KiB chain    2 MiB queue  RPC:  0 conn,    0 req/s,    0 µs
2021-10-06 01:43:46 UTC Syncing #13362513 0x00ac…b654     0.10 blk/s   16.3 tx/s    1.8 Mgas/s      0+    9 Qed Ancient:#12353089 LI:#13362523   14/25 peers    217 KiB chain    3 MiB queue  RPC:  0 conn,    0 req/s,    0 µs
2021-10-06 01:43:51 UTC Syncing #13362513 0x00ac…b654     0.00 blk/s    0.0 tx/s    0.0 Mgas/s      0+    9 Qed Ancient:#12353089 LI:#13362523   14/25 peers    217 KiB chain    3 MiB queue  RPC:  0 conn,    0 req/s,    0 µs
2021-10-06 01:43:56 UTC Syncing #13362514 0x3621…d98a     0.20 blk/s   17.8 tx/s    1.2 Mgas/s      0+    8 Qed Ancient:#12353090 LI:#13362523   13/25 peers    357 KiB chain    2 MiB queue  RPC:  0 conn,    0 req/s,    0 µs
2021-10-06 01:44:01 UTC Syncing #13362514 0x3621…d98a     0.00 blk/s    0.0 tx/s    0.0 Mgas/s      0+    8 Qed Ancient:#12353090 LI:#13362523   13/25 peers    357 KiB chain    2 MiB queue  RPC:  0 conn,    0 req/s,    0 µs
2021-10-06 01:44:06 UTC Syncing #13362514 0x3621…d98a     0.00 blk/s    0.0 tx/s    0.0 Mgas/s      0+    8 Qed Ancient:#12353090 LI:#13362523   17/25 peers    367 KiB chain    2 MiB queue  RPC:  0 conn,    0 req/s,    0 µs