2021-10-06 01:58:02 UTC Syncing #13362569 0x6a71…51f5     0.00 blk/s    0.0 tx/s    0.0 Mgas/s      0+   18 Qed Ancient:#12355827 LI:#13362588   12/25 peers      4 MiB chain    4 MiB queue  RPC:  0 conn,    0 req/s,    0 µs
2021-10-06 01:58:02 UTC Syncing #13362569 0x6a71…51f5     0.00 blk/s    0.0 tx/s    0.0 Mgas/s      0+   18 Qed Ancient:#12355827 LI:#13362588   12/25 peers      4 MiB chain    4 MiB queue  RPC:  0 conn,    0 req/s,    0 µs
2021-10-06 01:58:13 UTC Syncing #13362570 0xeff8…7991     0.10 blk/s   42.3 tx/s    3.0 Mgas/s      0+   18 Qed Ancient:#12355829 LI:#13362589   10/25 peers      4 MiB chain    4 MiB queue  RPC:  0 conn,    0 req/s,    0 µs
2021-10-06 01:58:13 UTC Syncing #13362570 0xeff8…7991     0.20 blk/s   84.6 tx/s    6.0 Mgas/s      0+   18 Qed Ancient:#12355829 LI:#13362589   10/25 peers      4 MiB chain    4 MiB queue  RPC:  0 conn,    0 req/s,    0 µs
2021-10-06 01:58:16 UTC Syncing #13362570 0xeff8…7991     0.00 blk/s    0.0 tx/s    0.0 Mgas/s      0+   18 Qed Ancient:#12355829 LI:#13362589    9/25 peers      4 MiB chain    4 MiB queue  RPC:  0 conn,    0 req/s,    0 µs
2021-10-06 01:58:21 UTC Syncing #13362570 0xeff8…7991     0.00 blk/s    0.0 tx/s    0.0 Mgas/s      0+   19 Qed Ancient:#12355829 LI:#13362590    9/25 peers      4 MiB chain    4 MiB queue  RPC:  0 conn,    0 req/s,    0 µs
2021-10-06 01:58:30 UTC Syncing #13362571 0xcca8…38cf     0.20 blk/s   62.8 tx/s    5.9 Mgas/s      0+   19 Qed Ancient:#12355830 LI:#13362591   10/25 peers      4 MiB chain    4 MiB queue  RPC:  0 conn,    0 req/s,    0 µs
2021-10-06 01:58:31 UTC Syncing #13362571 0xcca8…38cf     0.00 blk/s    0.0 tx/s    0.0 Mgas/s      0+   19 Qed Ancient:#12355830 LI:#13362591   11/25 peers      4 MiB chain    4 MiB queue  RPC:  0 conn,    0 req/s,    0 µs
2021-10-06 01:58:49 UTC Syncing #13362571 0xcca8…38cf     0.00 blk/s    0.0 tx/s    0.0 Mgas/s      0+   19 Qed Ancient:#12355830 LI:#13362591   19/25 peers      5 MiB chain    4 MiB queue  RPC:  0 conn,    0 req/s,    0 µs
2021-10-06 01:59:13 UTC Syncing #13362572 0x535e…6feb     0.04 blk/s    8.6 tx/s    0.9 Mgas/s      0+   24 Qed Ancient:#12356075 LI:#13362595   13/25 peers     12 MiB chain    5 MiB queue  RPC:  0 conn,    0 req/s,    0 µs
2021-10-06 01:59:44 UTC Syncing #13362572 0x535e…6feb     0.00 blk/s    0.0 tx/s    0.0 Mgas/s      0+   25 Qed Ancient:#12356710 LI:#13362596    9/25 peers    0 bytes chain    6 MiB queue  RPC:  0 conn,    0 req/s,    0 µs
2021-10-06 01:59:44 UTC Syncing #13362572 0x535e…6feb     0.00 blk/s    0.0 tx/s    0.0 Mgas/s      0+   25 Qed Ancient:#12356785 LI:#13362596    9/25 peers      2 MiB chain    6 MiB queue  RPC:  0 conn,    0 req/s,    0 µs
2021-10-06 01:59:53 UTC Syncing #13362572 0x535e…6feb     0.00 blk/s    0.0 tx/s    0.0 Mgas/s      0+   25 Qed Ancient:#12356785 LI:#13362597    9/25 peers      2 MiB chain    6 MiB queue  RPC:  0 conn,    0 req/s,    0 µs
2021-10-06 01:59:53 UTC Syncing #13362573 0x9ab0…1a08     0.16 blk/s   16.1 tx/s    0.9 Mgas/s      0+   24 Qed Ancient:#12356786 LI:#13362597    9/25 peers      2 MiB chain    6 MiB queue  RPC:  0 conn,    0 req/s,    0 µs
2021-10-06 02:00:05 UTC Syncing #13362573 0x9ab0…1a08     0.00 blk/s    0.0 tx/s    0.0 Mgas/s      0+   25 Qed Ancient:#12356786 LI:#13362599    8/25 peers      2 MiB chain    6 MiB queue  RPC:  0 conn,    0 req/s,    0 µs
2021-10-06 02:00:05 UTC Syncing #13362573 0x9ab0…1a08     0.00 blk/s    0.0 tx/s    0.0 Mgas/s      0+   25 Qed Ancient:#12356786 LI:#13362599    8/25 peers      2 MiB chain    6 MiB queue  RPC:  0 conn,    0 req/s,    0 µs
2021-10-06 02:00:25 UTC Syncing #13362575 0xae92…fa53     0.19 blk/s   27.8 tx/s    2.7 Mgas/s      0+   28 Qed Ancient:#12356872 LI:#13362602    8/25 peers      4 MiB chain    6 MiB queue  RPC:  0 conn,    0 req/s,    0 µs
2021-10-06 02:00:25 UTC Syncing #13362575 0xae92…fa53     0.00 blk/s    0.0 tx/s    0.0 Mgas/s      0+   28 Qed Ancient:#12356872 LI:#13362602    8/25 peers      4 MiB chain    6 MiB queue  RPC:  0 conn,    0 req/s,    0 µs
2021-10-06 02:00:25 UTC Syncing #13362573 0x9ab0…1a08     0.00 blk/s    0.0 tx/s    0.0 Mgas/s      0+   29 Qed Ancient:#12356786 LI:#13362602    8/25 peers      2 MiB chain    6 MiB queue  RPC:  0 conn,    0 req/s,    0 µs
2021-10-06 02:00:33 UTC Syncing #13362575 0xae92…fa53     0.23 blk/s   34.2 tx/s    3.4 Mgas/s      0+   27 Qed Ancient:#12356873 LI:#13362602    8/25 peers      4 MiB chain    6 MiB queue  RPC:  0 conn,    0 req/s,    0 µs
2021-10-06 02:00:33 UTC Syncing #13362575 0xae92…fa53     0.54 blk/s   80.1 tx/s    7.9 Mgas/s      0+   27 Qed Ancient:#12356873 LI:#13362602    8/25 peers      4 MiB chain    6 MiB queue  RPC:  0 conn,    0 req/s,    0 µs
2021-10-06 02:00:49 UTC Syncing #13362576 0xee27…e085     0.10 blk/s    9.9 tx/s    0.7 Mgas/s      0+   27 Qed Ancient:#12356874 LI:#13362603    7/25 peers      4 MiB chain    6 MiB queue  RPC:  0 conn,    0 req/s,    0 µs
2021-10-06 02:00:49 UTC Syncing #13362576 0xee27…e085     0.00 blk/s    0.0 tx/s    0.0 Mgas/s      0+   27 Qed Ancient:#12356874 LI:#13362603    7/25 peers      4 MiB chain    6 MiB queue  RPC:  0 conn,    0 req/s,    0 µs
2021-10-06 02:00:49 UTC Syncing #13362576 0xee27…e085     0.20 blk/s   19.8 tx/s    1.5 Mgas/s      0+   27 Qed Ancient:#12356874 LI:#13362603    7/25 peers      4 MiB chain    6 MiB queue  RPC:  0 conn,    0 req/s,    0 µs
2021-10-06 02:00:51 UTC Syncing #13362576 0xee27…e085     0.00 blk/s    0.0 tx/s    0.0 Mgas/s      0+   27 Qed Ancient:#12356874 LI:#13362604    7/25 peers      4 MiB chain    6 MiB queue  RPC:  0 conn,    0 req/s,    0 µs
2021-10-06 02:00:56 UTC Syncing #13362576 0xee27…e085     0.00 blk/s    0.0 tx/s    0.0 Mgas/s      0+   28 Qed Ancient:#12356874 LI:#13362604    7/25 peers      4 MiB chain    7 MiB queue  RPC:  0 conn,    0 req/s,    0 µs
2021-10-06 02:01:04 UTC Syncing #13362577 0x6904…dc29     0.20 blk/s   24.2 tx/s    2.8 Mgas/s      0+   27 Qed Ancient:#12356875 LI:#13362604    7/25 peers      4 MiB chain    6 MiB queue  RPC:  0 conn,    0 req/s,    0 µs
2021-10-06 02:01:06 UTC Syncing #13362577 0x6904…dc29     0.00 blk/s    0.0 tx/s    0.0 Mgas/s      0+   27 Qed Ancient:#12356875 LI:#13362604    7/25 peers      4 MiB chain    6 MiB queue  RPC:  0 conn,    0 req/s,    0 µs
2021-10-06 02:01:11 UTC Syncing #13362577 0x6904…dc29     0.00 blk/s    0.0 tx/s    0.0 Mgas/s      0+   27 Qed Ancient:#12356875 LI:#13362604    7/25 peers      4 MiB chain    6 MiB queue  RPC:  0 conn,    0 req/s,    0 µs
2021-10-06 02:01:26 UTC Syncing #13362577 0x6904…dc29     0.00 blk/s    0.0 tx/s    0.0 Mgas/s      0+   27 Qed Ancient:#12356875 LI:#13362604    7/25 peers      4 MiB chain    6 MiB queue  RPC:  0 conn,    0 req/s,    0 µs
2021-10-06 02:01:26 UTC Syncing #13362577 0x6904…dc29     0.00 blk/s    0.0 tx/s    0.0 Mgas/s      0+   27 Qed Ancient:#12356875 LI:#13362604    7/25 peers      4 MiB chain    6 MiB queue  RPC:  0 conn,    0 req/s,    0 µs
2021-10-06 02:01:26 UTC Syncing #13362577 0x6904…dc29     0.00 blk/s    0.0 tx/s    0.0 Mgas/s      0+   27 Qed Ancient:#12356875 LI:#13362604    7/25 peers      4 MiB chain    6 MiB queue  RPC:  0 conn,    0 req/s,    0 µs
2021-10-06 02:01:31 UTC Syncing #13362577 0x6904…dc29     0.00 blk/s    0.0 tx/s    0.0 Mgas/s      0+   27 Qed Ancient:#12356875 LI:#13362604    7/25 peers      4 MiB chain    6 MiB queue  RPC:  0 conn,    0 req/s,    0 µs
2021-10-06 02:01:36 UTC Syncing #13362577 0x6904…dc29     0.00 blk/s    0.0 tx/s    0.0 Mgas/s      0+   27 Qed Ancient:#12356875 LI:#13362604   19/25 peers      4 MiB chain    6 MiB queue  RPC:  0 conn,    0 req/s,    0 µs
2021-10-06 02:01:41 UTC Syncing #13362577 0x6904…dc29     0.00 blk/s    0.0 tx/s    0.0 Mgas/s      0+   27 Qed Ancient:#12356875 LI:#13362604   23/25 peers      4 MiB chain    6 MiB queue  RPC:  0 conn,    0 req/s,    0 µs
2021-10-06 02:01:47 UTC Syncing #13362577 0x6904…dc29     0.00 blk/s    0.0 tx/s    0.0 Mgas/s      0+   28 Qed Ancient:#12356875 LI:#13362605   25/25 peers      4 MiB chain    7 MiB queue  RPC:  0 conn,    0 req/s,    0 µs
2021-10-06 02:01:58 UTC Syncing #13362578 0xb703…95d2     0.10 blk/s   40.0 tx/s    3.0 Mgas/s      0+   27 Qed Ancient:#12356876 LI:#13362605   25/25 peers      5 MiB chain    7 MiB queue  RPC:  0 conn,    0 req/s,    0 µs
2021-10-06 02:01:58 UTC Syncing #13362578 0xb703…95d2     0.20 blk/s   80.0 tx/s    5.9 Mgas/s      0+   27 Qed Ancient:#12356876 LI:#13362605   25/25 peers      5 MiB chain    7 MiB queue  RPC:  0 conn,    0 req/s,    0 µs
2021-10-06 02:02:01 UTC Syncing #13362578 0xb703…95d2     0.00 blk/s    0.0 tx/s    0.0 Mgas/s      0+   28 Qed Ancient:#12356876 LI:#13362606   23/25 peers      5 MiB chain    7 MiB queue  RPC:  0 conn,    0 req/s,    0 µs
2021-10-06 02:02:07 UTC Syncing #13362578 0xb703…95d2     0.00 blk/s    0.0 tx/s    0.0 Mgas/s      0+   28 Qed Ancient:#12356876 LI:#13362606   23/25 peers      5 MiB chain    7 MiB queue  RPC:  0 conn,    0 req/s,    0 µs
2021-10-06 02:02:12 UTC Syncing #13362579 0x7493…4e8d     0.20 blk/s   39.4 tx/s    3.6 Mgas/s      0+   27 Qed Ancient:#12356877 LI:#13362606   23/25 peers      5 MiB chain    7 MiB queue  RPC:  0 conn,    0 req/s,    0 µs
2021-10-06 02:02:19 UTC Syncing #13362579 0x7493…4e8d     0.00 blk/s    0.0 tx/s    0.0 Mgas/s      0+   27 Qed Ancient:#12356877 LI:#13362606   23/25 peers      5 MiB chain    7 MiB queue  RPC:  0 conn,    0 req/s,    0 µs
2021-10-06 02:02:21 UTC Syncing #13362579 0x7493…4e8d     0.00 blk/s    0.0 tx/s    0.0 Mgas/s      0+   27 Qed Ancient:#12356877 LI:#13362606   22/25 peers      5 MiB chain    7 MiB queue  RPC:  0 conn,    0 req/s,    0 µs
2021-10-06 02:02:33 UTC Syncing #13362580 0xbb13…c8b3     0.10 blk/s    9.1 tx/s    0.7 Mgas/s      0+   26 Qed Ancient:#12356878 LI:#13362606   22/25 peers      5 MiB chain    7 MiB queue  RPC:  0 conn,    0 req/s,    0 µs
2021-10-06 02:02:33 UTC Syncing #13362580 0xbb13…c8b3     0.20 blk/s   18.4 tx/s    1.5 Mgas/s      0+   26 Qed Ancient:#12356878 LI:#13362606   22/25 peers      5 MiB chain    7 MiB queue  RPC:  0 conn,    0 req/s,    0 µs
2021-10-06 02:02:36 UTC Syncing #13362580 0xbb13…c8b3     0.00 blk/s    0.0 tx/s    0.0 Mgas/s      0+   28 Qed Ancient:#12356878 LI:#13362608   19/25 peers      5 MiB chain    7 MiB queue  RPC:  0 conn,    0 req/s,    0 µs
2021-10-06 02:02:41 UTC Syncing #13362580 0xbb13…c8b3     0.00 blk/s    0.0 tx/s    0.0 Mgas/s      0+   28 Qed Ancient:#12356878 LI:#13362608   13/25 peers      5 MiB chain    7 MiB queue  RPC:  0 conn,    0 req/s,    0 µs
2021-10-06 02:02:48 UTC Syncing #13362581 0x3dd1…e1dd     0.20 blk/s   31.2 tx/s    2.7 Mgas/s      0+   27 Qed Ancient:#12356879 LI:#13362608   13/25 peers      5 MiB chain    7 MiB queue  RPC:  0 conn,    0 req/s,    0 µs
2021-10-06 02:02:51 UTC Syncing #13362581 0x3dd1…e1dd     0.00 blk/s    0.0 tx/s    0.0 Mgas/s      0+   28 Qed Ancient:#12356879 LI:#13362609   13/25 peers      5 MiB chain    7 MiB queue  RPC:  0 conn,    0 req/s,    0 µs
2021-10-06 02:02:56 UTC Syncing #13362581 0x3dd1…e1dd     0.00 blk/s    0.0 tx/s    0.0 Mgas/s      0+   28 Qed Ancient:#12356879 LI:#13362609   18/25 peers      5 MiB chain    7 MiB queue  RPC:  0 conn,    0 req/s,    0 µs
2021-10-06 02:03:01 UTC Syncing #13362581 0x3dd1…e1dd     0.00 blk/s    0.0 tx/s    0.0 Mgas/s      0+   29 Qed Ancient:#12356879 LI:#13362610   20/25 peers      5 MiB chain    7 MiB queue  RPC:  0 conn,    0 req/s,    0 µs
2021-10-06 02:03:10 UTC Syncing #13362582 0x5b74…7b66     0.20 blk/s   52.6 tx/s    3.8 Mgas/s      0+   28 Qed Ancient:#12356880 LI:#13362610   21/25 peers      5 MiB chain    7 MiB queue  RPC:  0 conn,    0 req/s,    0 µs
2021-10-06 02:03:18 UTC Syncing #13362584 0x8438…a095     0.20 blk/s    7.4 tx/s    0.8 Mgas/s      0+   27 Qed Ancient:#12356882 LI:#13362611   21/25 peers      5 MiB chain    7 MiB queue  RPC:  0 conn,    0 req/s,    0 µs
2021-10-06 02:03:18 UTC Syncing #13362583 0x0c32…e40a     0.20 blk/s   10.2 tx/s    1.2 Mgas/s      0+   28 Qed Ancient:#12356881 LI:#13362611   21/25 peers      5 MiB chain    7 MiB queue  RPC:  0 conn,    0 req/s,    0 µs
2021-10-06 02:03:25 UTC Syncing #13362584 0x8438…a095     0.20 blk/s    4.6 tx/s    0.5 Mgas/s      0+   29 Qed Ancient:#12356882 LI:#13362613   21/25 peers      5 MiB chain    7 MiB queue  RPC:  0 conn,    0 req/s,    0 µs
2021-10-06 02:03:27 UTC Syncing #13362584 0x8438…a095     0.00 blk/s    0.0 tx/s    0.0 Mgas/s      0+   30 Qed Ancient:#12356882 LI:#13362614   15/25 peers      5 MiB chain    8 MiB queue  RPC:  0 conn,    0 req/s,    0 µs
2021-10-06 02:03:32 UTC Syncing #13362584 0x8438…a095     0.00 blk/s    0.0 tx/s    0.0 Mgas/s      0+   30 Qed Ancient:#12356882 LI:#13362614   14/25 peers      5 MiB chain    8 MiB queue  RPC:  0 conn,    0 req/s,    0 µs
2021-10-06 02:03:39 UTC Syncing #13362586 0xfb40…ea20     0.40 blk/s   43.8 tx/s    4.1 Mgas/s      0+   28 Qed Ancient:#12356884 LI:#13362614   14/25 peers      5 MiB chain    7 MiB queue  RPC:  0 conn,    0 req/s,    0 µs
2021-10-06 02:03:46 UTC Syncing #13362586 0xfb40…ea20     0.00 blk/s    0.0 tx/s    0.0 Mgas/s      0+   28 Qed Ancient:#12356884 LI:#13362614   14/25 peers      5 MiB chain    7 MiB queue  RPC:  0 conn,    0 req/s,    0 µs
2021-10-06 02:03:46 UTC Syncing #13362586 0xfb40…ea20     0.00 blk/s    0.0 tx/s    0.0 Mgas/s      0+   31 Qed Ancient:#12356884 LI:#13362617   13/25 peers      5 MiB chain    8 MiB queue  RPC:  0 conn,    0 req/s,    0 µs
2021-10-06 02:03:51 UTC Syncing #13362586 0xfb40…ea20     0.00 blk/s    0.0 tx/s    0.0 Mgas/s      0+   31 Qed Ancient:#12356884 LI:#13362617   14/25 peers      5 MiB chain    8 MiB queue  RPC:  0 conn,    0 req/s,    0 µs
2021-10-06 02:03:56 UTC Syncing #13362586 0xfb40…ea20     0.00 blk/s    0.0 tx/s    0.0 Mgas/s      0+   32 Qed Ancient:#12356884 LI:#13362618   16/25 peers      5 MiB chain    8 MiB queue  RPC:  0 conn,    0 req/s,    0 µs
2021-10-06 02:04:01 UTC Syncing #13362586 0xfb40…ea20     0.00 blk/s    0.0 tx/s    0.0 Mgas/s      0+   33 Qed Ancient:#12356884 LI:#13362619   18/25 peers      6 MiB chain    8 MiB queue  RPC:  0 conn,    0 req/s,    0 µs
2021-10-06 02:04:06 UTC Syncing #13362587 0x247b…9a7c     0.20 blk/s   61.4 tx/s    5.5 Mgas/s      0+   34 Qed Ancient:#12356885 LI:#13362620   18/25 peers      6 MiB chain    8 MiB queue  RPC:  0 conn,    0 req/s,    0 µs
2021-10-06 02:04:13 UTC Syncing #13362587 0x247b…9a7c     0.00 blk/s    0.0 tx/s    0.0 Mgas/s      0+   33 Qed Ancient:#12356886 LI:#13362620   18/25 peers      6 MiB chain    8 MiB queue  RPC:  0 conn,    0 req/s,    0 µs