INFO [10-06|04:09:54.746] Imported new block headers               count=1   elapsed=5.962ms   number=13,363,226 hash=34c055..88c938
INFO [10-06|04:09:56.179] Looking for peers                        peercount=28 tried=3 static=0
INFO [10-06|04:09:59.022] State heal in progress                   accounts=4329@281.25KiB slots=4889@358.62KiB codes=12409@105.37MiB nodes=294,328,995@86.27GiB pending=118,677
ERROR[10-06|04:10:04.981] Snapshot extension registration failed   peer=1f9d978a err="peer connected on snap without compatible eth support"
INFO [10-06|04:10:06.181] Looking for peers                        peercount=27 tried=3 static=0
INFO [10-06|04:10:10.744] State heal in progress                   accounts=4439@288.06KiB slots=4901@359.57KiB codes=12409@105.37MiB nodes=294,329,958@86.27GiB pending=120,198
WARN [10-06|04:10:14.228] Dropping unsynced node during sync       id=2d798425322bbeb2 conn=inbound addr=223.16.253.136:38450  type=OpenEthereum/v3.3.0-...
INFO [10-06|04:10:16.182] Looking for peers                        peercount=29 tried=2 static=0
INFO [10-06|04:10:20.191] State heal in progress                   accounts=4541@293.79KiB slots=4905@359.89KiB codes=12409@105.37MiB nodes=294,330,803@86.27GiB pending=120,992
INFO [10-06|04:10:26.182] Looking for peers                        peercount=30 tried=4 static=0
ERROR[10-06|04:10:34.355] Snapshot extension registration failed   peer=c4dc26bb err="peer connected on snap without compatible eth support"
INFO [10-06|04:10:36.185] Looking for peers                        peercount=32 tried=3 static=0
INFO [10-06|04:10:40.523] State heal in progress                   accounts=4636@299.96KiB slots=4908@360.15KiB codes=12409@105.37MiB nodes=294,331,772@86.27GiB pending=122,157
INFO [10-06|04:10:46.186] Looking for peers                        peercount=32 tried=3 static=0
ERROR[10-06|04:10:48.196] Snapshot extension registration failed   peer=c1098342 err="peer connected on snap without compatible eth support"
INFO [10-06|04:10:55.242] State heal in progress                   accounts=4644@300.43KiB slots=4914@360.61KiB codes=12409@105.37MiB nodes=294,332,255@86.27GiB pending=122,816
INFO [10-06|04:10:56.187] Looking for peers                        peercount=33 tried=3 static=0
INFO [10-06|04:10:56.728] Imported new block headers               count=1   elapsed=6.720ms   number=13,363,227 hash=b47ba7..a57320 age=1m31s
INFO [10-06|04:11:03.536] Downloader queue stats                   receiptTasks=0   blockTasks=0   itemSize=246.68KiB throttle=1063
INFO [10-06|04:11:05.998] State heal in progress                   accounts=4742@306.50KiB slots=4920@361.10KiB codes=12409@105.37MiB nodes=294,332,997@86.27GiB pending=124,012
WARN [10-06|04:11:06.004] Unexpected trienode heal packet          peer=4b2f77e8 reqid=4,471,158,540,679,220,245
INFO [10-06|04:11:06.188] Looking for peers                        peercount=35 tried=3 static=0
INFO [10-06|04:11:11.456] Imported new block headers               count=1   elapsed=10.961ms  number=13,363,228 hash=abf5b5..cfa649 age=1m45s
INFO [10-06|04:11:16.190] Looking for peers                        peercount=34 tried=3 static=0
INFO [10-06|04:11:16.204] State heal in progress                   accounts=4782@308.86KiB slots=4930@361.86KiB codes=12409@105.37MiB nodes=294,333,688@86.27GiB pending=125,265
INFO [10-06|04:11:24.858] State heal in progress                   accounts=4815@310.60KiB slots=4945@362.90KiB codes=12409@105.37MiB nodes=294,334,276@86.27GiB pending=126,275
INFO [10-06|04:11:26.191] Looking for peers                        peercount=34 tried=3 static=0
INFO [10-06|04:11:33.050] State heal in progress                   accounts=4851@312.54KiB slots=4965@364.43KiB codes=12409@105.37MiB nodes=294,334,831@86.27GiB pending=127,239
WARN [10-06|04:11:34.393] Unexpected trienode heal packet          peer=6181d749 reqid=3,245,005,049,904,457,313
WARN [10-06|04:11:36.184] Unexpected trienode heal packet          peer=3221935c reqid=9,219,595,929,391,648,064
INFO [10-06|04:11:36.193] Looking for peers                        peercount=32 tried=3 static=0
WARN [10-06|04:11:37.531] Dropping unsynced node during sync       id=f34bd5a304a9c2a3 conn=inbound addr=24.212.145.207:57832  type=Geth/v1.10.7-stable-...
INFO [10-06|04:11:41.407] State heal in progress                   accounts=4895@315.41KiB slots=4979@365.51KiB codes=12409@105.37MiB nodes=294,335,431@86.27GiB pending=128,210
WARN [10-06|04:11:41.408] Unexpected trienode heal packet          peer=2d37a34d reqid=4,138,798,653,096,833,177
INFO [10-06|04:11:46.194] Looking for peers                        peercount=34 tried=3 static=0
INFO [10-06|04:11:51.647] State heal in progress                   accounts=4939@318.09KiB slots=5001@367.18KiB codes=12409@105.37MiB nodes=294,336,207@86.27GiB pending=129,810
INFO [10-06|04:11:56.196] Looking for peers                        peercount=33 tried=3 static=0
WARN [10-06|04:11:57.279] Unexpected trienode heal packet          peer=4b2f77e8 reqid=3,579,238,126,234,241,564
WARN [10-06|04:11:59.076] Unexpected trienode heal packet          peer=6181d749 reqid=7,284,902,509,348,084,508
INFO [10-06|04:11:59.760] State heal in progress                   accounts=4984@320.75KiB slots=5020@368.60KiB codes=12409@105.37MiB nodes=294,336,767@86.27GiB pending=130,731
INFO [10-06|04:12:06.197] Looking for peers                        peercount=33 tried=3 static=0
INFO [10-06|04:12:07.789] State heal in progress                   accounts=5016@322.56KiB slots=5031@369.44KiB codes=12409@105.37MiB nodes=294,337,322@86.27GiB pending=131,562
ERROR[10-06|04:12:07.935] Snapshot extension registration failed   peer=f80b417d err="peer connected on snap without compatible eth support"
INFO [10-06|04:12:14.149] Imported new block headers               count=1   elapsed=9.090ms   number=13,363,229 hash=af0453..c0cd32 age=2m22s
INFO [10-06|04:12:16.199] Looking for peers                        peercount=33 tried=3 static=0
INFO [10-06|04:12:17.447] State heal in progress                   accounts=5067@325.56KiB slots=5061@371.65KiB codes=12409@105.37MiB nodes=294,338,119@86.27GiB pending=132,944
INFO [10-06|04:12:17.612] Downloader queue stats                   receiptTasks=0   blockTasks=0   itemSize=300.15KiB throttle=874
WARN [10-06|04:12:23.698] Unexpected trienode heal packet          peer=2d37a34d reqid=3,165,851,201,186,976,144
INFO [10-06|04:12:23.954] Imported new block headers               count=1   elapsed=7.210ms   number=13,363,230 hash=2bd53c..ca5287 age=1m35s
INFO [10-06|04:12:26.200] Looking for peers                        peercount=34 tried=1 static=0
INFO [10-06|04:12:26.467] State heal in progress                   accounts=5140@330.11KiB slots=5088@373.63KiB codes=12409@105.37MiB nodes=294,338,826@86.27GiB pending=133,980
ERROR[10-06|04:12:30.422] Snapshot extension registration failed   peer=4fbbb958 err="peer connected on snap without compatible eth support"
INFO [10-06|04:12:35.380] State heal in progress                   accounts=5189@333.01KiB slots=5104@374.84KiB codes=12409@105.37MiB nodes=294,339,416@86.27GiB pending=134,941
INFO [10-06|04:12:36.201] Looking for peers                        peercount=33 tried=3 static=0
WARN [10-06|04:12:38.908] Checkpoint challenge timed out, dropping id=ce1fbdd8e7a3e6a3 conn=inbound addr=150.109.95.182:53196  type=OpenEthereum/v3.3.0-...
WARN [10-06|04:12:43.560] Dropping unsynced node during sync       id=015a3ad26cebb106 conn=inbound addr=47.96.169.40:40736    type=OpenEthereum/v3.3.0-...
INFO [10-06|04:12:43.774] State heal in progress                   accounts=5231@335.32KiB slots=5113@375.53KiB codes=12409@105.37MiB nodes=294,339,990@86.27GiB pending=135,745
INFO [10-06|04:12:46.201] Looking for peers                        peercount=31 tried=5 static=0
WARN [10-06|04:12:46.759] Unexpected trienode heal packet          peer=4b2f77e8 reqid=3,003,562,804,652,216,474
INFO [10-06|04:12:53.244] State heal in progress                   accounts=5299@339.43KiB slots=5134@377.10KiB codes=12409@105.37MiB nodes=294,340,634@86.27GiB pending=136,568
WARN [10-06|04:12:54.333] Unexpected trienode heal packet          peer=b88beea7 reqid=5,745,855,731,559,996,735
INFO [10-06|04:12:56.208] Looking for peers                        peercount=32 tried=1 static=0
INFO [10-06|04:13:02.055] State heal in progress                   accounts=5349@342.38KiB slots=5140@377.52KiB codes=12409@105.37MiB nodes=294,341,241@86.27GiB pending=137,705
WARN [10-06|04:13:02.056] Unexpected trienode heal packet          peer=e7bd215b reqid=5,464,238,966,626,756,652
ERROR[10-06|04:13:04.299] Snapshot extension registration failed   peer=2850cddf err="peer connected on snap without compatible eth support"
WARN [10-06|04:13:05.006] Unexpected trienode heal packet          peer=2d37a34d reqid=1,693,843,380,964,946,146
WARN [10-06|04:13:05.010] Unexpected trienode heal packet          peer=173e78c9 reqid=1,520,265,004,860,405,730
WARN [10-06|04:13:05.540] Unexpected trienode heal packet          peer=3221935c reqid=2,455,521,681,835,245,296
INFO [10-06|04:13:06.209] Looking for peers                        peercount=32 tried=3 static=0
ERROR[10-06|04:13:07.054] Snapshot extension registration failed   peer=9c8d9aaf err="peer connected on snap without compatible eth support"
INFO [10-06|04:13:10.272] State heal in progress                   accounts=5393@345.18KiB slots=5152@378.40KiB codes=12409@105.37MiB nodes=294,341,734@86.27GiB pending=138,349
INFO [10-06|04:13:11.319] Imported new block headers               count=1   elapsed=7.264ms   number=13,363,231 hash=7a3177..77540a age=2m3s
INFO [10-06|04:13:14.574] Imported new block headers               count=1   elapsed=6.017ms   number=13,363,232 hash=305d42..c4d92c age=1m4s
INFO [10-06|04:13:16.209] Looking for peers                        peercount=33 tried=3 static=0
INFO [10-06|04:13:20.555] State heal in progress                   accounts=5425@347.43KiB slots=5169@379.65KiB codes=12409@105.37MiB nodes=294,342,278@86.27GiB pending=139,128
ERROR[10-06|04:13:21.984] Snapshot extension registration failed   peer=ff5d8b86 err="peer connected on snap without compatible eth support"
ERROR[10-06|04:13:22.488] Snapshot extension registration failed   peer=f80b417d err="peer connected on snap without compatible eth support"
INFO [10-06|04:13:25.676] Downloader queue stats                   receiptTasks=0   blockTasks=0   itemSize=352.37KiB throttle=744
INFO [10-06|04:13:26.211] Looking for peers                        peercount=32 tried=5 static=0
WARN [10-06|04:13:26.376] Checkpoint challenge timed out, dropping id=311173c232587dc3 conn=inbound addr=47.101.207.103:42072  type=Nethermind/v1.11.3-0...
INFO [10-06|04:13:27.218] Imported new block headers               count=1   elapsed=6.732ms   number=13,363,233 hash=1cc794..a6093c age=1m9s
INFO [10-06|04:13:29.713] State heal in progress                   accounts=5442@348.41KiB slots=5192@381.32KiB codes=12409@105.37MiB nodes=294,342,755@86.27GiB pending=139,847
INFO [10-06|04:13:36.213] Looking for peers                        peercount=31 tried=3 static=0
INFO [10-06|04:13:40.653] State heal in progress                   accounts=5475@350.32KiB slots=5246@385.42KiB codes=12409@105.37MiB nodes=294,343,453@86.27GiB pending=140,573
INFO [10-06|04:13:43.121] Imported new block headers               count=1   elapsed=6.898ms   number=13,363,234 hash=a2b502..ce6d44
INFO [10-06|04:13:46.214] Looking for peers                        peercount=30 tried=2 static=0
INFO [10-06|04:13:49.246] State heal in progress                   accounts=5505@352.21KiB slots=5259@386.44KiB codes=12409@105.37MiB nodes=294,343,978@86.27GiB pending=141,270
INFO [10-06|04:13:49.506] Imported new block headers               count=1   elapsed=7.871ms   number=13,363,235 hash=b9fc89..59bcbf
INFO [10-06|04:13:55.921] Imported new block headers               count=1   elapsed=6.724ms   number=13,363,236 hash=3ea811..7c5445
INFO [10-06|04:13:56.214] Looking for peers                        peercount=29 tried=2 static=0
INFO [10-06|04:13:57.911] State heal in progress                   accounts=5529@353.61KiB slots=5281@388.18KiB codes=12409@105.37MiB nodes=294,344,465@86.27GiB pending=141,868
INFO [10-06|04:14:02.807] Imported new block headers               count=1   elapsed=6.853ms   number=13,363,237 hash=ef92d9..715187
WARN [10-06|04:14:03.318] Dropping unsynced node during sync       id=459ef4131b8834fc conn=inbound addr=143.198.97.149:39082  type=OpenEthereum/v3.3.0-...
INFO [10-06|04:14:06.214] Looking for peers                        peercount=29 tried=5 static=0
INFO [10-06|04:14:07.863] State heal in progress                   accounts=5532@353.86KiB slots=5297@389.42KiB codes=12409@105.37MiB nodes=294,344,886@86.27GiB pending=142,303
WARN [10-06|04:14:09.733] Unexpected trienode heal packet          peer=b88beea7 reqid=4,700,447,151,213,004,073
WARN [10-06|04:14:11.592] Unexpected trienode heal packet          peer=e7bd215b reqid=7,590,434,199,810,752,386
INFO [10-06|04:14:16.249] Looking for peers                        peercount=29 tried=2 static=0
INFO [10-06|04:14:16.536] State heal in progress                   accounts=5541@354.49KiB slots=5584@410.86KiB codes=12409@105.37MiB nodes=294,345,750@86.27GiB pending=142,363
ERROR[10-06|04:14:16.567] Snapshot extension registration failed   peer=db10c423 err="peer connected on snap without compatible eth support"
INFO [10-06|04:14:24.860] State heal in progress                   accounts=5544@354.63KiB slots=5652@415.79KiB codes=12409@105.37MiB nodes=294,346,357@86.27GiB pending=143,831
INFO [10-06|04:14:26.259] Looking for peers                        peercount=30 tried=3 static=0
INFO [10-06|04:14:33.839] State heal in progress                   accounts=5545@354.67KiB slots=5755@423.91KiB codes=12409@105.37MiB nodes=294,346,973@86.27GiB pending=144,728
INFO [10-06|04:14:36.260] Looking for peers                        peercount=30 tried=2 static=0
ERROR[10-06|04:14:36.792] Snapshot extension registration failed   peer=4fbbb958 err="peer connected on snap without compatible eth support"
INFO [10-06|04:14:37.393] Imported new block headers               count=1   elapsed=10.431ms  number=13,363,238 hash=db9207..9f78e9
INFO [10-06|04:14:38.730] Downloader queue stats                   receiptTasks=0   blockTasks=0   itemSize=277.96KiB throttle=944
INFO [10-06|04:14:42.205] State heal in progress                   accounts=5549@354.91KiB slots=5932@437.50KiB codes=12409@105.37MiB nodes=294,347,616@86.27GiB pending=144,883
ERROR[10-06|04:14:44.528] Snapshot extension registration failed   peer=3e412007 err="peer connected on snap without compatible eth support"
ERROR[10-06|04:14:44.909] Snapshot extension registration failed   peer=17bfcda0 err="peer connected on snap without compatible eth support"
INFO [10-06|04:14:45.628] Imported new block headers               count=1   elapsed=10.401ms  number=13,363,239 hash=7ce6ce..74c305
INFO [10-06|04:14:46.261] Looking for peers                        peercount=31 tried=5 static=0
INFO [10-06|04:14:51.009] State heal in progress                   accounts=5558@355.42KiB slots=6141@452.71KiB codes=12409@105.37MiB nodes=294,348,358@86.27GiB pending=145,151
ERROR[10-06|04:14:52.299] Snapshot extension registration failed   peer=dfcf040e err="peer connected on snap without compatible eth support"
ERROR[10-06|04:14:54.241] Snapshot extension registration failed   peer=337030b8 err="peer connected on snap without compatible eth support"
INFO [10-06|04:14:56.262] Looking for peers                        peercount=31 tried=3 static=0
ERROR[10-06|04:14:58.446] Snapshot extension registration failed   peer=5e9ddde8 err="peer connected on snap without compatible eth support"
INFO [10-06|04:14:59.447] State heal in progress                   accounts=5570@356.18KiB slots=6434@475.36KiB codes=12409@105.37MiB nodes=294,349,285@86.27GiB pending=145,757
INFO [10-06|04:15:06.263] Looking for peers                        peercount=32 tried=3 static=0
INFO [10-06|04:15:08.242] State heal in progress                   accounts=5577@356.67KiB slots=6640@491.25KiB codes=12409@105.37MiB nodes=294,350,077@86.27GiB pending=146,196
ERROR[10-06|04:15:08.743] Snapshot extension registration failed   peer=d6cb8a50 err="peer connected on snap without compatible eth support"
ERROR[10-06|04:15:15.346] Snapshot extension registration failed   peer=e416104e err="peer connected on snap without compatible eth support"
INFO [10-06|04:15:16.264] Looking for peers                        peercount=31 tried=3 static=0
INFO [10-06|04:15:18.589] State heal in progress                   accounts=5579@356.76KiB slots=6884@509.45KiB codes=12409@105.37MiB nodes=294,350,888@86.27GiB pending=146,274
INFO [10-06|04:15:26.266] Looking for peers                        peercount=32 tried=3 static=0
INFO [10-06|04:15:26.428] Imported new block headers               count=1   elapsed=7.080ms   number=13,363,240 hash=7842d2..0a6ce1 age=1m27s
INFO [10-06|04:15:29.654] State heal in progress                   accounts=5585@357.14KiB slots=7020@519.85KiB codes=12409@105.37MiB nodes=294,351,558@86.27GiB pending=146,668
INFO [10-06|04:15:29.683] Imported new block headers               count=1   elapsed=6.381ms   number=13,363,241 hash=15dbdb..44dcfe