ERROR[10-06|04:19:58.515] Snapshot extension registration failed   peer=c1098342 err="peer connected on snap without compatible eth support"
INFO [10-06|04:20:00.773] State heal in progress                   accounts=5656@361.31KiB slots=19500@1.45MiB   codes=12409@105.37MiB nodes=294,384,120@86.28GiB pending=145,167
INFO [10-06|04:20:03.949] Downloader queue stats                   receiptTasks=0   blockTasks=0   itemSize=251.36KiB throttle=1043
INFO [10-06|04:20:07.549] Looking for peers                        peercount=33 tried=3 static=0
INFO [10-06|04:20:09.551] State heal in progress                   accounts=5656@361.31KiB slots=19804@1.47MiB   codes=12409@105.37MiB nodes=294,385,047@86.28GiB pending=145,637
INFO [10-06|04:20:09.669] Imported new block headers               count=1   elapsed=8.758ms   number=13,363,264 hash=19e18b..9c30b7
INFO [10-06|04:20:17.815] State heal in progress                   accounts=5656@361.31KiB slots=20106@1.50MiB   codes=12409@105.37MiB nodes=294,385,927@86.28GiB pending=146,413
INFO [10-06|04:20:17.956] Looking for peers                        peercount=32 tried=3 static=0
INFO [10-06|04:20:28.091] Looking for peers                        peercount=34 tried=3 static=0
INFO [10-06|04:20:28.383] State heal in progress                   accounts=5656@361.31KiB slots=20331@1.51MiB   codes=12409@105.37MiB nodes=294,386,839@86.28GiB pending=147,399
ERROR[10-06|04:20:33.964] Snapshot extension registration failed   peer=219700a3 err="peer connected on snap without compatible eth support"
ERROR[10-06|04:20:34.250] Snapshot extension registration failed   peer=1cd502f4 err="peer connected on snap without compatible eth support"
INFO [10-06|04:20:37.514] State heal in progress                   accounts=5656@361.31KiB slots=20445@1.52MiB   codes=12409@105.37MiB nodes=294,387,392@86.28GiB pending=147,790
INFO [10-06|04:20:38.275] Looking for peers                        peercount=36 tried=3 static=0
INFO [10-06|04:20:41.097] Imported new block headers               count=1   elapsed=10.662ms  number=13,363,265 hash=362eeb..bc0fd1
WARN [10-06|04:20:42.386] Unexpected trienode heal packet          peer=def82022 reqid=7,066,392,566,824,526,823
WARN [10-06|04:20:44.976] Unexpected trienode heal packet          peer=e918ddf7 reqid=6,474,095,851,025,223,748
INFO [10-06|04:20:46.677] State heal in progress                   accounts=5656@361.31KiB slots=20648@1.54MiB   codes=12409@105.37MiB nodes=294,388,132@86.28GiB pending=148,480
INFO [10-06|04:20:48.626] Looking for peers                        peercount=36 tried=2 static=0
INFO [10-06|04:20:56.156] State heal in progress                   accounts=5656@361.31KiB slots=20909@1.56MiB   codes=12409@105.37MiB nodes=294,388,955@86.28GiB pending=148,777
INFO [10-06|04:20:58.627] Looking for peers                        peercount=36 tried=3 static=0
WARN [10-06|04:20:58.699] Unexpected trienode heal packet          peer=aaba4aae reqid=537,414,708,923,952,513
INFO [10-06|04:21:05.466] State heal in progress                   accounts=5656@361.31KiB slots=20998@1.56MiB   codes=12409@105.37MiB nodes=294,389,511@86.28GiB pending=149,346
ERROR[10-06|04:21:07.475] Snapshot extension registration failed   peer=40708135 err="peer connected on snap without compatible eth support"
INFO [10-06|04:21:08.629] Looking for peers                        peercount=34 tried=3 static=0
ERROR[10-06|04:21:11.639] Snapshot extension registration failed   peer=4fbbb958 err="peer connected on snap without compatible eth support"
INFO [10-06|04:21:14.547] State heal in progress                   accounts=5656@361.31KiB slots=21121@1.57MiB   codes=12409@105.37MiB nodes=294,390,141@86.28GiB pending=149,973
INFO [10-06|04:21:15.644] Imported new block headers               count=1   elapsed=7.841ms   number=13,363,266 hash=32501d..4960cb age=1m23s
INFO [10-06|04:21:20.009] Downloader queue stats                   receiptTasks=0   blockTasks=0   itemSize=251.04KiB throttle=1045
ERROR[10-06|04:21:20.775] Snapshot extension registration failed   peer=dd93e8c0 err="peer connected on snap without compatible eth support"
INFO [10-06|04:21:23.413] State heal in progress                   accounts=5656@361.31KiB slots=21309@1.59MiB   codes=12409@105.37MiB nodes=294,390,876@86.28GiB pending=150,650
INFO [10-06|04:21:32.631] State heal in progress                   accounts=5656@361.31KiB slots=21462@1.60MiB   codes=12409@105.37MiB nodes=294,391,514@86.28GiB pending=151,242
INFO [10-06|04:21:34.548] Imported new block headers               count=1   elapsed=6.302ms   number=13,363,267 hash=620443..1459b8 age=1m34s
INFO [10-06|04:21:40.689] State heal in progress                   accounts=5656@361.31KiB slots=21567@1.60MiB   codes=12409@105.37MiB nodes=294,392,055@86.28GiB pending=151,683
INFO [10-06|04:21:47.190] Imported new block headers               count=1   elapsed=6.462ms   number=13,363,268 hash=cd2314..038054 age=1m12s
WARN [10-06|04:21:48.038] Pivot became stale, moving               old=13,363,142 new=13,363,206
ERROR[10-06|04:21:48.075] Snapshot extension registration failed   peer=2470c614 err="peer connected on snap without compatible eth support"
INFO [10-06|04:21:48.231] Imported new block receipts              count=64  elapsed=189.763ms number=13,363,205 hash=e7e73c..bc0d10 age=17m9s    size=8.76MiB
INFO [10-06|04:21:49.073] State heal in progress                   accounts=5657@361.41KiB slots=21833@1.62MiB   codes=12409@105.37MiB nodes=294,392,851@86.28GiB pending=152,111
INFO [10-06|04:21:49.076] State heal in progress                   accounts=5657@361.41KiB slots=21833@1.62MiB   codes=12409@105.37MiB nodes=294,392,851@86.28GiB pending=152,111
WARN [10-06|04:21:49.109] Unexpected trienode heal packet          peer=c8cb5d96 reqid=7,826,099,288,067,079,147
WARN [10-06|04:21:49.111] Unexpected trienode heal packet          peer=bf3f5d56 reqid=7,072,840,994,350,790,643
WARN [10-06|04:21:49.193] Unexpected trienode heal packet          peer=0c13ed86 reqid=1,429,806,470,229,961,475
WARN [10-06|04:21:49.219] Unexpected trienode heal packet          peer=4a0496d5 reqid=8,499,703,293,623,196,499
ERROR[10-06|04:21:50.471] Snapshot extension registration failed   peer=b17b6239 err="peer connected on snap without compatible eth support"
INFO [10-06|04:21:53.763] Imported new block headers               count=1   elapsed=7.028ms   number=13,363,269 hash=2300ea..d5121d
ERROR[10-06|04:21:57.209] Snapshot extension registration failed   peer=9cd9b175 err="peer connected on snap without compatible eth support"
INFO [10-06|04:21:57.381] State heal in progress                   accounts=5657@361.41KiB slots=21833@1.62MiB   codes=12409@105.37MiB nodes=294,394,430@86.28GiB pending=19352
INFO [10-06|04:22:08.648] State heal in progress                   accounts=5657@361.41KiB slots=21833@1.62MiB   codes=12409@105.37MiB nodes=294,396,831@86.28GiB pending=56745
WARN [10-06|04:22:14.847] Checkpoint challenge timed out, dropping id=03b946c3dcf02e5a conn=inbound addr=65.21.200.91:46186    type=erigon/v2021.10.1-al...
INFO [10-06|04:22:16.002] Imported new block headers               count=1   elapsed=6.827ms   number=13,363,270 hash=4ae674..4d2104
INFO [10-06|04:22:19.269] Imported new block headers               count=1   elapsed=9.321ms   number=13,363,271 hash=2f1d91..16db37
INFO [10-06|04:22:20.119] Downloader queue stats                   receiptTasks=0   blockTasks=0   itemSize=263.00KiB throttle=997
INFO [10-06|04:22:21.297] State heal in progress                   accounts=5657@361.41KiB slots=21833@1.62MiB   codes=12409@105.37MiB nodes=294,397,761@86.28GiB pending=58912
WARN [10-06|04:22:21.298] Unexpected trienode heal packet          peer=65e19908 reqid=2,344,107,089,166,425,951
ERROR[10-06|04:22:30.005] Snapshot extension registration failed   peer=9bd3dcce err="peer connected on snap without compatible eth support"
INFO [10-06|04:22:33.432] State heal in progress                   accounts=5657@361.41KiB slots=21833@1.62MiB   codes=12409@105.37MiB nodes=294,398,621@86.28GiB pending=62166
INFO [10-06|04:22:45.641] State heal in progress                   accounts=5657@361.41KiB slots=21833@1.62MiB   codes=12409@105.37MiB nodes=294,399,506@86.28GiB pending=66504
WARN [10-06|04:22:45.642] Unexpected trienode heal packet          peer=8ed2a53c reqid=3,539,956,433,211,293,034
WARN [10-06|04:22:46.212] Unexpected trienode heal packet          peer=bf3f5d56 reqid=3,440,220,959,169,850,763
INFO [10-06|04:22:46.526] Imported new block headers               count=2   elapsed=8.486ms   number=13,363,273 hash=b39ccf..be2a75
ERROR[10-06|04:22:48.275] Snapshot extension registration failed   peer=419b7d12 err="peer connected on snap without compatible eth support"
INFO [10-06|04:22:50.734] Imported new block headers               count=1   elapsed=10.949ms  number=13,363,274 hash=ab43f2..526782
INFO [10-06|04:22:57.823] State heal in progress                   accounts=5657@361.41KiB slots=21833@1.62MiB   codes=12409@105.37MiB nodes=294,400,430@86.28GiB pending=71675
INFO [10-06|04:23:00.383] Imported new block headers               count=1   elapsed=7.387ms   number=13,363,275 hash=54f4cd..144058
INFO [10-06|04:23:05.975] State heal in progress                   accounts=5657@361.41KiB slots=21833@1.62MiB   codes=12409@105.37MiB nodes=294,401,292@86.28GiB pending=73781
INFO [10-06|04:23:10.025] Imported new block headers               count=1   elapsed=10.317ms  number=13,363,276 hash=f281f9..5bc915
ERROR[10-06|04:23:14.389] Snapshot extension registration failed   peer=250c7dca err="peer connected on snap without compatible eth support"
INFO [10-06|04:23:18.944] State heal in progress                   accounts=5657@361.41KiB slots=21833@1.62MiB   codes=12409@105.37MiB nodes=294,402,643@86.28GiB pending=77930
INFO [10-06|04:23:28.777] State heal in progress                   accounts=5657@361.41KiB slots=21833@1.62MiB   codes=12409@105.37MiB nodes=294,403,610@86.29GiB pending=80624
INFO [10-06|04:23:35.208] Imported new block headers               count=1   elapsed=12.792ms  number=13,363,277 hash=2c50fc..7548e1
INFO [10-06|04:23:36.167] Downloader queue stats                   receiptTasks=0   blockTasks=0   itemSize=263.46KiB throttle=996
INFO [10-06|04:23:38.162] State heal in progress                   accounts=5657@361.41KiB slots=21833@1.62MiB   codes=12409@105.37MiB nodes=294,404,395@86.29GiB pending=82871
WARN [10-06|04:23:45.945] Unexpected trienode heal packet          peer=bf3f5d56 reqid=3,812,094,349,172,456,524
ERROR[10-06|04:23:49.665] Snapshot extension registration failed   peer=cb5b9771 err="peer connected on snap without compatible eth support"
INFO [10-06|04:23:51.099] Imported new block headers               count=1   elapsed=7.497ms   number=13,363,278 hash=ff2502..5972d8
INFO [10-06|04:23:52.300] State heal in progress                   accounts=5657@361.41KiB slots=21833@1.62MiB   codes=12409@105.37MiB nodes=294,405,019@86.29GiB pending=83505
WARN [10-06|04:23:52.301] Unexpected trienode heal packet          peer=e918ddf7 reqid=2,300,637,573,637,715,271
INFO [10-06|04:23:57.482] Imported new block headers               count=1   elapsed=6.891ms   number=13,363,279 hash=e04a45..abab30
WARN [10-06|04:23:59.314] Unexpected trienode heal packet          peer=c8cb5d96 reqid=2,509,356,371,585,233,081
INFO [10-06|04:24:00.737] Imported new block headers               count=1   elapsed=7.250ms   number=13,363,280 hash=e26cd6..f12222
INFO [10-06|04:24:07.228] Imported new block headers               count=1   elapsed=6.442ms   number=13,363,281 hash=011ac7..9fa724
ERROR[10-06|04:24:12.618] Snapshot extension registration failed   peer=b58b4e2f err="peer connected on snap without compatible eth support"
INFO [10-06|04:24:13.167] State heal in progress                   accounts=5657@361.41KiB slots=21833@1.62MiB   codes=12409@105.37MiB nodes=294,405,834@86.29GiB pending=84504
WARN [10-06|04:24:13.168] Unexpected trienode heal packet          peer=65e19908 reqid=6,377,526,406,803,270,718
INFO [10-06|04:24:14.020] Imported new block headers               count=1   elapsed=5.649ms   number=13,363,282 hash=9034fe..d0f3c7
WARN [10-06|04:24:16.290] Unexpected trienode heal packet          peer=8ed2a53c reqid=8,154,302,758,765,619,071
WARN [10-06|04:24:19.974] Unexpected trienode heal packet          peer=0c13ed86 reqid=4,392,638,043,707,430,793
ERROR[10-06|04:24:26.248] Snapshot extension registration failed   peer=40678fb5 err="peer connected on snap without compatible eth support"
INFO [10-06|04:24:28.964] State heal in progress                   accounts=5657@361.41KiB slots=21833@1.62MiB   codes=12409@105.37MiB nodes=294,406,514@86.29GiB pending=85365
WARN [10-06|04:24:28.964] Unexpected trienode heal packet          peer=bf3f5d56 reqid=8,055,204,194,234,717,169
INFO [10-06|04:24:36.085] Imported new block headers               count=1   elapsed=7.205ms   number=13,363,283 hash=daa55f..285130
INFO [10-06|04:24:39.206] Downloader queue stats                   receiptTasks=0   blockTasks=0   itemSize=237.10KiB throttle=1106
INFO [10-06|04:24:42.471] Imported new block headers               count=2   elapsed=10.072ms  number=13,363,285 hash=b4c32d..7617f6
INFO [10-06|04:24:44.329] State heal in progress                   accounts=5657@361.41KiB slots=21833@1.62MiB   codes=12409@105.37MiB nodes=294,407,106@86.29GiB pending=86019
INFO [10-06|04:24:53.457] State heal in progress                   accounts=5657@361.41KiB slots=21833@1.62MiB   codes=12409@105.37MiB nodes=294,407,477@86.29GiB pending=86397
WARN [10-06|04:24:58.750] Unexpected trienode heal packet          peer=bf3f5d56 reqid=5,398,861,018,217,499,711
INFO [10-06|04:25:01.483] Imported new block headers               count=1   elapsed=7.328ms   number=13,363,286 hash=2cfa5e..5a2e1d
ERROR[10-06|04:25:03.109] Snapshot extension registration failed   peer=9c8d9aaf err="peer connected on snap without compatible eth support"
INFO [10-06|04:25:05.078] Imported new block headers               count=1   elapsed=5.902ms   number=13,363,287 hash=6bf152..a11298
INFO [10-06|04:25:08.335] Imported new block headers               count=1   elapsed=7.285ms   number=13,363,288 hash=aab0d0..52ba64
INFO [10-06|04:25:10.658] State heal in progress                   accounts=5657@361.41KiB slots=21833@1.62MiB   codes=12409@105.37MiB nodes=294,408,158@86.29GiB pending=87316
INFO [10-06|04:25:11.589] Imported new block headers               count=1   elapsed=5.990ms   number=13,363,289 hash=882f47..bf9714
INFO [10-06|04:25:15.000] Imported new block headers               count=1   elapsed=7.174ms   number=13,363,290 hash=b5c646..1e1659
INFO [10-06|04:25:20.988] State heal in progress                   accounts=5657@361.41KiB slots=21833@1.62MiB   codes=12409@105.37MiB nodes=294,408,541@86.29GiB pending=87735
ERROR[10-06|04:25:25.546] Snapshot extension registration failed   peer=f80b417d err="peer connected on snap without compatible eth support"
INFO [10-06|04:25:27.809] Imported new block headers               count=1   elapsed=5.816ms   number=13,363,291 hash=fa4070..4aacb3
ERROR[10-06|04:25:28.262] Snapshot extension registration failed   peer=cb5b9771 err="peer connected on snap without compatible eth support"