2021-10-06 07:05:32 UTC Syncing #13364004 0x1190…8537     0.00 blk/s    0.0 tx/s    0.0 Mgas/s      0+   12 Qed Ancient:#12422032 LI:#13364016   24/25 peers      6 MiB chain    2 MiB queue  RPC:  0 conn,    0 req/s,    0 µs
2021-10-06 07:05:40 UTC Syncing #13364005 0x45f7…cdc9     0.20 blk/s   76.0 tx/s    6.0 Mgas/s      0+   12 Qed Ancient:#12422033 LI:#13364017   24/25 peers      4 MiB chain    2 MiB queue  RPC:  0 conn,    0 req/s,    0 µs
2021-10-06 07:05:42 UTC Syncing #13364005 0x45f7…cdc9     0.00 blk/s    0.0 tx/s    0.0 Mgas/s      0+   14 Qed Ancient:#12422033 LI:#13364019   23/25 peers      4 MiB chain    3 MiB queue  RPC:  0 conn,    0 req/s,    0 µs
2021-10-06 07:05:51 UTC Syncing #13364006 0x5d8a…5b79     0.20 blk/s   24.4 tx/s    3.8 Mgas/s      0+   13 Qed Ancient:#12422034 LI:#13364019   25/25 peers      5 MiB chain    3 MiB queue  RPC:  0 conn,    0 req/s,    0 µs
2021-10-06 07:05:55 UTC Syncing #13364008 0xeb74…4b46     0.40 blk/s   19.6 tx/s    1.2 Mgas/s      0+   11 Qed Ancient:#12422036 LI:#13364019   26/50 peers      5 MiB chain    2 MiB queue  RPC:  0 conn,    0 req/s,    0 µs
2021-10-06 07:05:57 UTC Syncing #13364008 0xeb74…4b46     0.20 blk/s   11.2 tx/s    0.6 Mgas/s      0+   11 Qed Ancient:#12422037 LI:#13364020   26/50 peers      5 MiB chain    3 MiB queue  RPC:  0 conn,    0 req/s,    0 µs
2021-10-06 07:06:05 UTC Syncing #13364009 0x48af…c844     0.20 blk/s   18.2 tx/s    1.2 Mgas/s      0+   10 Qed Ancient:#12422038 LI:#13364020   25/25 peers      5 MiB chain    2 MiB queue  RPC:  0 conn,    0 req/s,    0 µs
2021-10-06 07:06:08 UTC Syncing #13364009 0x48af…c844     0.00 blk/s    0.0 tx/s    0.0 Mgas/s      0+   10 Qed Ancient:#12422038 LI:#13364020   24/25 peers      5 MiB chain    2 MiB queue  RPC:  0 conn,    0 req/s,    0 µs
2021-10-06 07:06:15 UTC Syncing #13364009 0x48af…c844     0.00 blk/s    0.0 tx/s    0.0 Mgas/s      0+   10 Qed Ancient:#12422038 LI:#13364020   22/25 peers      5 MiB chain    2 MiB queue  RPC:  0 conn,    0 req/s,    0 µs
2021-10-06 07:06:17 UTC Syncing #13364009 0x48af…c844     0.00 blk/s    0.0 tx/s    0.0 Mgas/s      0+   10 Qed Ancient:#12422038 LI:#13364020   22/25 peers      5 MiB chain    2 MiB queue  RPC:  0 conn,    0 req/s,    0 µs
2021-10-06 07:06:26 UTC Syncing #13364011 0x0e65…19b3     0.30 blk/s   31.8 tx/s    2.5 Mgas/s      0+    9 Qed Ancient:#12422040 LI:#13364020   25/25 peers      5 MiB chain    2 MiB queue  RPC:  0 conn,    0 req/s,    0 µs
2021-10-06 07:06:53 UTC Syncing #13364012 0x0868…336c     0.03 blk/s    6.7 tx/s    0.5 Mgas/s      0+   10 Qed Ancient:#12422151 LI:#13364021   25/25 peers      8 MiB chain    3 MiB queue  RPC:  0 conn,    0 req/s,    0 µs
2021-10-06 07:06:53 UTC Syncing #13364011 0x0e65…19b3     0.00 blk/s    0.0 tx/s    0.0 Mgas/s      0+   10 Qed Ancient:#12422103 LI:#13364021   25/25 peers      6 MiB chain    3 MiB queue  RPC:  0 conn,    0 req/s,    0 µs
2021-10-06 07:07:00 UTC Syncing #13364012 0x0868…336c     0.22 blk/s   42.5 tx/s    3.4 Mgas/s      0+    9 Qed Ancient:#12422152 LI:#13364021   25/25 peers      5 MiB chain    3 MiB queue  RPC:  0 conn,    0 req/s,    0 µs
2021-10-06 07:07:05 UTC Syncing #13364014 0xa95b…f445     0.40 blk/s   23.2 tx/s    1.8 Mgas/s      0+    8 Qed Ancient:#12422154 LI:#13364022   25/25 peers      5 MiB chain    2 MiB queue  RPC:  0 conn,    0 req/s,    0 µs
2021-10-06 07:07:09 UTC Syncing #13364014 0xa95b…f445     0.00 blk/s    0.0 tx/s    0.0 Mgas/s      0+    9 Qed Ancient:#12422154 LI:#13364023   25/25 peers      5 MiB chain    2 MiB queue  RPC:  0 conn,    0 req/s,    0 µs
2021-10-06 07:07:17 UTC Syncing #13364014 0xa95b…f445     0.00 blk/s    0.0 tx/s    0.0 Mgas/s      0+    9 Qed Ancient:#12422154 LI:#13364023   25/25 peers      5 MiB chain    2 MiB queue  RPC:  0 conn,    0 req/s,    0 µs
2021-10-06 07:07:17 UTC Syncing #13364014 0xa95b…f445     0.00 blk/s    0.0 tx/s    0.0 Mgas/s      0+    9 Qed Ancient:#12422154 LI:#13364023   25/25 peers      5 MiB chain    2 MiB queue  RPC:  0 conn,    0 req/s,    0 µs
2021-10-06 07:07:22 UTC Syncing #13364014 0xa95b…f445     0.00 blk/s    0.0 tx/s    0.0 Mgas/s      0+   10 Qed Ancient:#12422154 LI:#13364024   24/25 peers      5 MiB chain    3 MiB queue  RPC:  0 conn,    0 req/s,    0 µs
2021-10-06 07:07:27 UTC Syncing #13364014 0xa95b…f445     0.00 blk/s    0.0 tx/s    0.0 Mgas/s      0+   10 Qed Ancient:#12422154 LI:#13364024   23/25 peers      5 MiB chain    3 MiB queue  RPC:  0 conn,    0 req/s,    0 µs
2021-10-06 07:07:35 UTC Syncing #13364015 0x4fff…6e94     0.20 blk/s  128.3 tx/s    6.0 Mgas/s      0+   10 Qed Ancient:#12422155 LI:#13364025   23/25 peers      4 MiB chain    3 MiB queue  RPC:  0 conn,    0 req/s,    0 µs
2021-10-06 07:07:37 UTC Syncing #13364015 0x4fff…6e94     0.00 blk/s    0.0 tx/s    0.0 Mgas/s      0+   10 Qed Ancient:#12422155 LI:#13364025   23/25 peers      4 MiB chain    3 MiB queue  RPC:  0 conn,    0 req/s,    0 µs
2021-10-06 07:07:46 UTC Syncing #13364016 0x2f53…3ce3     0.20 blk/s   43.4 tx/s    4.3 Mgas/s      0+   10 Qed Ancient:#12422156 LI:#13364025   23/25 peers      4 MiB chain    3 MiB queue  RPC:  0 conn,    0 req/s,    0 µs
2021-10-06 07:07:47 UTC Syncing #13364016 0x2f53…3ce3     0.00 blk/s    0.0 tx/s    0.0 Mgas/s      0+    9 Qed Ancient:#12422156 LI:#13364025   23/25 peers      5 MiB chain    3 MiB queue  RPC:  0 conn,    0 req/s,    0 µs
2021-10-06 07:07:52 UTC Syncing #13364016 0x2f53…3ce3     0.00 blk/s    0.0 tx/s    0.0 Mgas/s      0+    9 Qed Ancient:#12422156 LI:#13364025   24/25 peers      5 MiB chain    3 MiB queue  RPC:  0 conn,    0 req/s,    0 µs
2021-10-06 07:08:01 UTC Syncing #13364017 0x25a3…adda     0.20 blk/s   43.8 tx/s    4.6 Mgas/s      0+    9 Qed Ancient:#12422157 LI:#13364026   24/25 peers      5 MiB chain    3 MiB queue  RPC:  0 conn,    0 req/s,    0 µs
2021-10-06 07:08:02 UTC Syncing #13364017 0x25a3…adda     0.00 blk/s    0.0 tx/s    0.0 Mgas/s      0+    9 Qed Ancient:#12422157 LI:#13364026   23/25 peers      5 MiB chain    3 MiB queue  RPC:  0 conn,    0 req/s,    0 µs
2021-10-06 07:08:08 UTC Syncing #13364019 0x3a4d…26cd     0.40 blk/s   33.6 tx/s    3.1 Mgas/s      0+    7 Qed Ancient:#12422159 LI:#13364026   23/25 peers      2 MiB chain    2 MiB queue  RPC:  0 conn,    0 req/s,    0 µs
2021-10-06 07:08:12 UTC Syncing #13364020 0x0b2f…4edb     0.20 blk/s   34.4 tx/s    2.9 Mgas/s      0+    6 Qed Ancient:#12422160 LI:#13364026   23/25 peers      2 MiB chain    2 MiB queue  RPC:  0 conn,    0 req/s,    0 µs
2021-10-06 07:08:17 UTC Syncing #13364020 0x0b2f…4edb     0.00 blk/s    0.0 tx/s    0.0 Mgas/s      0+    6 Qed Ancient:#12422160 LI:#13364026   23/25 peers      2 MiB chain    2 MiB queue  RPC:  0 conn,    0 req/s,    0 µs
2021-10-06 07:08:22 UTC Syncing #13364021 0x785c…2b8c     0.20 blk/s   75.0 tx/s    6.0 Mgas/s      0+    6 Qed Ancient:#12422161 LI:#13364027   23/25 peers      2 MiB chain    2 MiB queue  RPC:  0 conn,    0 req/s,    0 µs
2021-10-06 07:08:29 UTC Syncing #13364022 0x02bc…ac1b     0.40 blk/s   73.8 tx/s    6.0 Mgas/s      0+    5 Qed Ancient:#12422163 LI:#13364028   24/25 peers      3 MiB chain    2 MiB queue  RPC:  0 conn,    0 req/s,    0 µs
2021-10-06 07:08:32 UTC Syncing #13364023 0x952e…8d54     0.20 blk/s   75.0 tx/s    6.0 Mgas/s      0+    4 Qed Ancient:#12422164 LI:#13364028   23/25 peers      3 MiB chain    1 MiB queue  RPC:  0 conn,    0 req/s,    0 µs
2021-10-06 07:08:37 UTC Syncing #13364023 0x952e…8d54     0.00 blk/s    0.0 tx/s    0.0 Mgas/s      0+    4 Qed Ancient:#12422164 LI:#13364028   23/25 peers      3 MiB chain    1 MiB queue  RPC:  0 conn,    0 req/s,    0 µs
2021-10-06 07:09:09 UTC  Ancient:#12422880 AB:#12425502   23/25 peers    145 KiB chain  421 KiB queue  RPC:  0 conn,    0 req/s,    0 µs
2021-10-06 07:09:09 UTC  Ancient:#12422989 AB:#12425502   23/25 peers      4 MiB chain  421 KiB queue  RPC:  0 conn,    0 req/s,    0 µs
2021-10-06 07:09:41 UTC  Ancient:#12422991 AB:#12425579   23/25 peers      4 MiB chain  261 KiB queue  RPC:  0 conn,    0 req/s,    0 µs
2021-10-06 07:10:34 UTC Syncing #13364034 0x198f…60b3     0.06 blk/s    8.7 tx/s    0.8 Mgas/s      0+    6 Qed Ancient:#12423742 LI:#13364039   14/25 peers      9 MiB chain    2 MiB queue  RPC:  0 conn,    0 req/s,    0 µs
2021-10-06 07:10:46 UTC Syncing #13364034 0x198f…60b3     0.00 blk/s    0.0 tx/s    0.0 Mgas/s      0+    5 Qed Ancient:#12423743 LI:#13364039   14/25 peers      9 KiB chain    1 MiB queue  RPC:  0 conn,    0 req/s,    0 µs
2021-10-06 07:10:46 UTC Syncing #13364034 0x198f…60b3     0.00 blk/s    0.0 tx/s    0.0 Mgas/s      0+    5 Qed Ancient:#12423743 LI:#13364039   14/25 peers     74 KiB chain    1 MiB queue  RPC:  0 conn,    0 req/s,    0 µs
2021-10-06 07:10:52 UTC Syncing #13364034 0x198f…60b3     0.00 blk/s    0.0 tx/s    0.0 Mgas/s      0+    6 Qed Ancient:#12423743 LI:#13364040    9/25 peers     74 KiB chain    2 MiB queue  RPC:  0 conn,    0 req/s,    0 µs
2021-10-06 07:10:57 UTC Syncing #13364034 0x198f…60b3     0.00 blk/s    0.0 tx/s    0.0 Mgas/s      0+    6 Qed Ancient:#12423743 LI:#13364040    8/25 peers     74 KiB chain    2 MiB queue  RPC:  0 conn,    0 req/s,    0 µs
2021-10-06 07:11:02 UTC Syncing #13364035 0xeec4…c8a4     0.20 blk/s   88.0 tx/s    6.0 Mgas/s      0+    5 Qed Ancient:#12423744 LI:#13364040    8/25 peers    144 KiB chain    1 MiB queue  RPC:  0 conn,    0 req/s,    0 µs
2021-10-06 07:11:07 UTC Syncing #13364035 0xeec4…c8a4     0.00 blk/s    0.0 tx/s    0.0 Mgas/s      0+    6 Qed Ancient:#12423744 LI:#13364041    8/25 peers    144 KiB chain    1 MiB queue  RPC:  0 conn,    0 req/s,    0 µs
2021-10-06 07:11:12 UTC Syncing #13364035 0xeec4…c8a4     0.00 blk/s    0.0 tx/s    0.0 Mgas/s      0+    6 Qed Ancient:#12423744 LI:#13364041    8/25 peers    144 KiB chain    1 MiB queue  RPC:  0 conn,    0 req/s,    0 µs
2021-10-06 07:11:17 UTC Syncing #13364035 0xeec4…c8a4     0.00 blk/s    0.0 tx/s    0.0 Mgas/s      0+    6 Qed Ancient:#12423744 LI:#13364041    8/25 peers    144 KiB chain    1 MiB queue  RPC:  0 conn,    0 req/s,    0 µs
2021-10-06 07:11:22 UTC Syncing #13364035 0xeec4…c8a4     0.00 blk/s    0.0 tx/s    0.0 Mgas/s      0+    6 Qed Ancient:#12423744 LI:#13364041    8/25 peers    144 KiB chain    1 MiB queue  RPC:  0 conn,    0 req/s,    0 µs