2021-10-06 07:20:39 UTC Syncing #13364060 0x0163…9d12     0.20 blk/s   14.6 tx/s    0.9 Mgas/s      0+   15 Qed Ancient:#12425864 LI:#13364075    9/25 peers    218 KiB chain    4 MiB queue  RPC:  0 conn,    0 req/s,    0 µs
2021-10-06 07:20:42 UTC Syncing #13364060 0x0163…9d12     0.00 blk/s    0.0 tx/s    0.0 Mgas/s      0+   18 Qed Ancient:#12425864 LI:#13364078    8/25 peers    218 KiB chain    4 MiB queue  RPC:  0 conn,    0 req/s,    0 µs
2021-10-06 07:20:47 UTC Syncing #13364060 0x0163…9d12     0.00 blk/s    0.0 tx/s    0.0 Mgas/s      0+   18 Qed Ancient:#12425864 LI:#13364078    8/25 peers    218 KiB chain    4 MiB queue  RPC:  0 conn,    0 req/s,    0 µs
2021-10-06 07:20:52 UTC Syncing #13364060 0x0163…9d12     0.00 blk/s    0.0 tx/s    0.0 Mgas/s      0+   18 Qed Ancient:#12425864 LI:#13364078    7/25 peers    218 KiB chain    4 MiB queue  RPC:  0 conn,    0 req/s,    0 µs
2021-10-06 07:20:57 UTC Syncing #13364061 0xc606…d4b7     0.20 blk/s  101.2 tx/s    6.0 Mgas/s      0+   18 Qed Ancient:#12425865 LI:#13364078    9/25 peers    358 KiB chain    4 MiB queue  RPC:  0 conn,    0 req/s,    0 µs
2021-10-06 07:21:02 UTC Syncing #13364061 0xc606…d4b7     0.00 blk/s    0.0 tx/s    0.0 Mgas/s      0+   18 Qed Ancient:#12425865 LI:#13364078    9/25 peers    358 KiB chain    4 MiB queue  RPC:  0 conn,    0 req/s,    0 µs
2021-10-06 07:21:07 UTC Syncing #13364061 0xc606…d4b7     0.00 blk/s    0.0 tx/s    0.0 Mgas/s      0+   17 Qed Ancient:#12425865 LI:#13364078   18/25 peers    358 KiB chain    4 MiB queue  RPC:  0 conn,    0 req/s,    0 µs
2021-10-06 07:21:12 UTC Syncing #13364061 0xc606…d4b7     0.00 blk/s    0.0 tx/s    0.0 Mgas/s      0+   17 Qed Ancient:#12425865 LI:#13364078   20/25 peers    358 KiB chain    4 MiB queue  RPC:  0 conn,    0 req/s,    0 µs
2021-10-06 07:21:17 UTC Syncing #13364061 0xc606…d4b7     0.00 blk/s    0.0 tx/s    0.0 Mgas/s      0+   17 Qed Ancient:#12425865 LI:#13364078   22/25 peers    433 KiB chain    4 MiB queue  RPC:  0 conn,    0 req/s,    0 µs
2021-10-06 07:21:22 UTC Syncing #13364061 0xc606…d4b7     0.00 blk/s    0.0 tx/s    0.0 Mgas/s      0+   18 Qed Ancient:#12425865 LI:#13364079   22/25 peers    685 KiB chain    4 MiB queue  RPC:  0 conn,    0 req/s,    0 µs
2021-10-06 07:21:27 UTC Syncing #13364061 0xc606…d4b7     0.00 blk/s    0.0 tx/s    0.0 Mgas/s      0+   18 Qed Ancient:#12425865 LI:#13364079   23/25 peers    685 KiB chain    4 MiB queue  RPC:  0 conn,    0 req/s,    0 µs
2021-10-06 07:21:32 UTC Syncing #13364061 0xc606…d4b7     0.00 blk/s    0.0 tx/s    0.0 Mgas/s      0+   18 Qed Ancient:#12425865 LI:#13364079   25/25 peers    691 KiB chain    4 MiB queue  RPC:  0 conn,    0 req/s,    0 µs
2021-10-06 07:21:40 UTC Syncing #13364062 0xc03c…6ef9     0.20 blk/s   48.6 tx/s    5.3 Mgas/s      0+   17 Qed Ancient:#12425866 LI:#13364079   25/25 peers    692 KiB chain    4 MiB queue  RPC:  0 conn,    0 req/s,    0 µs
2021-10-06 07:21:42 UTC Syncing #13364062 0xc03c…6ef9     0.00 blk/s    0.0 tx/s    0.0 Mgas/s      0+   17 Qed Ancient:#12425866 LI:#13364079   24/25 peers    692 KiB chain    4 MiB queue  RPC:  0 conn,    0 req/s,    0 µs
2021-10-06 07:21:48 UTC Syncing #13364062 0xc03c…6ef9     0.00 blk/s    0.0 tx/s    0.0 Mgas/s      0+   17 Qed Ancient:#12425866 LI:#13364079   24/25 peers    692 KiB chain    4 MiB queue  RPC:  0 conn,    0 req/s,    0 µs
2021-10-06 07:21:52 UTC Syncing #13364062 0xc03c…6ef9     0.00 blk/s    0.0 tx/s    0.0 Mgas/s      0+   18 Qed Ancient:#12425866 LI:#13364080   25/25 peers    692 KiB chain    4 MiB queue  RPC:  0 conn,    0 req/s,    0 µs
2021-10-06 07:21:57 UTC Syncing #13364062 0xc03c…6ef9     0.00 blk/s    0.0 tx/s    0.0 Mgas/s      0+   18 Qed Ancient:#12425866 LI:#13364080   25/25 peers    692 KiB chain    4 MiB queue  RPC:  0 conn,    0 req/s,    0 µs
2021-10-06 07:22:07 UTC Syncing #13364064 0xdcd5…3a8b     0.20 blk/s   29.0 tx/s    2.2 Mgas/s      0+   16 Qed Ancient:#12425868 LI:#13364081   24/25 peers    972 KiB chain    4 MiB queue  RPC:  0 conn,    0 req/s,    0 µs
2021-10-06 07:22:07 UTC Syncing #13364063 0x6ff2…8c99     0.20 blk/s   50.2 tx/s    4.0 Mgas/s      0+   17 Qed Ancient:#12425867 LI:#13364081   24/25 peers    692 KiB chain    4 MiB queue  RPC:  0 conn,    0 req/s,    0 µs
2021-10-06 07:22:15 UTC Syncing #13364065 0x66bd…3d15     0.40 blk/s   20.4 tx/s    1.7 Mgas/s      0+   16 Qed Ancient:#12425869 LI:#13364081   24/25 peers    972 KiB chain    4 MiB queue  RPC:  0 conn,    0 req/s,    0 µs
2021-10-06 07:22:20 UTC Syncing #13364065 0x66bd…3d15     0.00 blk/s    0.0 tx/s    0.0 Mgas/s      0+   17 Qed Ancient:#12425869 LI:#13364082   24/25 peers    972 KiB chain    4 MiB queue  RPC:  0 conn,    0 req/s,    0 µs
2021-10-06 07:22:23 UTC Syncing #13364065 0x66bd…3d15     0.00 blk/s    0.0 tx/s    0.0 Mgas/s      0+   17 Qed Ancient:#12425869 LI:#13364082   21/25 peers    972 KiB chain    4 MiB queue  RPC:  0 conn,    0 req/s,    0 µs
2021-10-06 07:22:32 UTC Syncing #13364065 0x66bd…3d15     0.00 blk/s    0.0 tx/s    0.0 Mgas/s      0+   17 Qed Ancient:#12425869 LI:#13364082   21/25 peers    972 KiB chain    4 MiB queue  RPC:  0 conn,    0 req/s,    0 µs
2021-10-06 07:22:32 UTC Syncing #13364066 0x152d…6b48     0.10 blk/s   16.9 tx/s    1.3 Mgas/s      0+   16 Qed Ancient:#12425870 LI:#13364082   21/25 peers    973 KiB chain    4 MiB queue  RPC:  0 conn,    0 req/s,    0 µs
2021-10-06 07:22:41 UTC Syncing #13364067 0x2a36…2d07     0.20 blk/s   27.2 tx/s    1.4 Mgas/s      0+   16 Qed Ancient:#12425871 LI:#13364083   21/25 peers      1 MiB chain    4 MiB queue  RPC:  0 conn,    0 req/s,    0 µs
2021-10-06 07:22:48 UTC Syncing #13364068 0xdb7a…fb9a     0.20 blk/s   10.2 tx/s    1.0 Mgas/s      0+   15 Qed Ancient:#12425872 LI:#13364083   20/25 peers      1 MiB chain    4 MiB queue  RPC:  0 conn,    0 req/s,    0 µs
2021-10-06 07:22:48 UTC Syncing #13364068 0xdb7a…fb9a     0.10 blk/s    5.1 tx/s    0.5 Mgas/s      0+   15 Qed Ancient:#12425872 LI:#13364083   20/25 peers      1 MiB chain    4 MiB queue  RPC:  0 conn,    0 req/s,    0 µs
2021-10-06 07:22:52 UTC Syncing #13364068 0xdb7a…fb9a     0.00 blk/s    0.0 tx/s    0.0 Mgas/s      0+   16 Qed Ancient:#12425872 LI:#13364084   20/25 peers      1 MiB chain    4 MiB queue  RPC:  0 conn,    0 req/s,    0 µs
2021-10-06 07:23:03 UTC Syncing #13364070 0xa7fb…e66e     0.20 blk/s   27.0 tx/s    2.3 Mgas/s      0+   14 Qed Ancient:#12425874 LI:#13364084   20/25 peers      1 MiB chain    4 MiB queue  RPC:  0 conn,    0 req/s,    0 µs
2021-10-06 07:23:03 UTC Syncing #13364069 0xb194…0dc2     0.20 blk/s   43.8 tx/s    3.3 Mgas/s      0+   15 Qed Ancient:#12425873 LI:#13364084   20/25 peers      1 MiB chain    4 MiB queue  RPC:  0 conn,    0 req/s,    0 µs
2021-10-06 07:23:11 UTC Syncing #13364070 0xa7fb…e66e     0.20 blk/s   10.2 tx/s    1.3 Mgas/s      0+   14 Qed Ancient:#12425874 LI:#13364084   20/25 peers      1 MiB chain    4 MiB queue  RPC:  0 conn,    0 req/s,    0 µs
2021-10-06 07:23:12 UTC Syncing #13364070 0xa7fb…e66e     0.00 blk/s    0.0 tx/s    0.0 Mgas/s      0+   14 Qed Ancient:#12425874 LI:#13364084   19/25 peers      1 MiB chain    4 MiB queue  RPC:  0 conn,    0 req/s,    0 µs
2021-10-06 07:23:22 UTC Syncing #13364071 0xaa84…d744     0.20 blk/s   60.6 tx/s    5.7 Mgas/s      0+   14 Qed Ancient:#12425875 LI:#13364085   18/25 peers      1 MiB chain    4 MiB queue  RPC:  0 conn,    0 req/s,    0 µs
2021-10-06 07:23:22 UTC Syncing #13364072 0xad3b…f2f5     0.20 blk/s   35.9 tx/s    3.3 Mgas/s      0+   13 Qed Ancient:#12425876 LI:#13364085   18/25 peers      1 MiB chain    4 MiB queue  RPC:  0 conn,    0 req/s,    0 µs
2021-10-06 07:23:28 UTC Syncing #13364072 0xad3b…f2f5     0.20 blk/s   11.2 tx/s    0.9 Mgas/s      0+   13 Qed Ancient:#12425876 LI:#13364085   13/25 peers      1 MiB chain    4 MiB queue  RPC:  0 conn,    0 req/s,    0 µs
2021-10-06 07:23:34 UTC Syncing #13364073 0x8031…41d6     0.20 blk/s   15.0 tx/s    1.4 Mgas/s      0+   13 Qed Ancient:#12425877 LI:#13364086   13/25 peers      2 MiB chain    4 MiB queue  RPC:  0 conn,    0 req/s,    0 µs
2021-10-06 07:23:37 UTC Syncing #13364073 0x8031…41d6     0.00 blk/s    0.0 tx/s    0.0 Mgas/s      0+   14 Qed Ancient:#12425877 LI:#13364087   12/25 peers      2 MiB chain    4 MiB queue  RPC:  0 conn,    0 req/s,    0 µs
2021-10-06 07:23:42 UTC Syncing #13364073 0x8031…41d6     0.00 blk/s    0.0 tx/s    0.0 Mgas/s      0+   14 Qed Ancient:#12425877 LI:#13364087   11/25 peers      2 MiB chain    4 MiB queue  RPC:  0 conn,    0 req/s,    0 µs
2021-10-06 07:23:47 UTC Syncing #13364074 0x1697…ac86     0.20 blk/s   71.8 tx/s    5.1 Mgas/s      0+   13 Qed Ancient:#12425878 LI:#13364087   11/25 peers      2 MiB chain    4 MiB queue  RPC:  0 conn,    0 req/s,    0 µs
2021-10-06 07:23:52 UTC Syncing #13364074 0x1697…ac86     0.20 blk/s   74.4 tx/s    5.1 Mgas/s      0+   12 Qed Ancient:#12425880 LI:#13364087   11/25 peers      2 MiB chain    3 MiB queue  RPC:  0 conn,    0 req/s,    0 µs
2021-10-06 07:23:58 UTC Syncing #13364074 0x1697…ac86     0.00 blk/s    0.0 tx/s    0.0 Mgas/s      0+   13 Qed Ancient:#12425880 LI:#13364088   14/25 peers      2 MiB chain    3 MiB queue  RPC:  0 conn,    0 req/s,    0 µs
2021-10-06 07:24:02 UTC Syncing #13364074 0x1697…ac86     0.00 blk/s    0.0 tx/s    0.0 Mgas/s      0+   14 Qed Ancient:#12425880 LI:#13364089   14/25 peers      2 MiB chain    4 MiB queue  RPC:  0 conn,    0 req/s,    0 µs
2021-10-06 07:24:07 UTC Syncing #13364074 0x1697…ac86     0.00 blk/s    0.0 tx/s    0.0 Mgas/s      0+   14 Qed Ancient:#12425880 LI:#13364089   15/25 peers      2 MiB chain    4 MiB queue  RPC:  0 conn,    0 req/s,    0 µs
2021-10-06 07:24:12 UTC Syncing #13364074 0x1697…ac86     0.00 blk/s    0.0 tx/s    0.0 Mgas/s      0+   14 Qed Ancient:#12425880 LI:#13364089   16/25 peers      4 MiB chain    4 MiB queue  RPC:  0 conn,    0 req/s,    0 µs
2021-10-06 07:24:17 UTC Syncing #13364074 0x1697…ac86     0.00 blk/s    0.0 tx/s    0.0 Mgas/s      0+   15 Qed Ancient:#12425880 LI:#13364090   16/25 peers      4 MiB chain    4 MiB queue  RPC:  0 conn,    0 req/s,    0 µs
2021-10-06 07:24:24 UTC Syncing #13364074 0x1697…ac86     0.00 blk/s    0.0 tx/s    0.0 Mgas/s      0+   15 Qed Ancient:#12425880 LI:#13364090   16/25 peers      4 MiB chain    4 MiB queue  RPC:  0 conn,    0 req/s,    0 µs
2021-10-06 07:24:27 UTC Syncing #13364075 0xb943…fc58     0.20 blk/s   79.4 tx/s    5.7 Mgas/s      0+   16 Qed Ancient:#12425881 LI:#13364092   16/25 peers      4 MiB chain    4 MiB queue  RPC:  0 conn,    0 req/s,    0 µs
2021-10-06 07:24:33 UTC Syncing #13364075 0xb943…fc58     0.00 blk/s    0.0 tx/s    0.0 Mgas/s      0+   16 Qed Ancient:#12425881 LI:#13364092   16/25 peers      4 MiB chain    4 MiB queue  RPC:  0 conn,    0 req/s,    0 µs
2021-10-06 07:24:42 UTC Syncing #13364076 0x7f47…77d7     0.20 blk/s   23.2 tx/s    2.4 Mgas/s      0+   15 Qed Ancient:#12425882 LI:#13364092   16/25 peers      4 MiB chain    4 MiB queue  RPC:  0 conn,    0 req/s,    0 µs
2021-10-06 07:24:42 UTC Syncing #13364078 0xc379…d44b     0.40 blk/s   20.2 tx/s    2.6 Mgas/s      2+   13 Qed Ancient:#12425884 LI:#13364095   16/25 peers      4 MiB chain    4 MiB queue  RPC:  0 conn,    0 req/s,    0 µs
2021-10-06 07:24:50 UTC Syncing #13364078 0xc379…d44b     0.00 blk/s    0.0 tx/s    0.0 Mgas/s      0+   17 Qed Ancient:#12425884 LI:#13364095   15/25 peers      4 MiB chain    4 MiB queue  RPC:  0 conn,    0 req/s,    0 µs
2021-10-06 07:24:52 UTC Syncing #13364078 0xc379…d44b     0.00 blk/s    0.0 tx/s    0.0 Mgas/s      0+   17 Qed Ancient:#12425884 LI:#13364095   15/25 peers      4 MiB chain    4 MiB queue  RPC:  0 conn,    0 req/s,    0 µs
2021-10-06 07:24:57 UTC Syncing #13364078 0xc379…d44b     0.00 blk/s    0.0 tx/s    0.0 Mgas/s      0+   17 Qed Ancient:#12425884 LI:#13364095   15/25 peers      4 MiB chain    4 MiB queue  RPC:  0 conn,    0 req/s,    0 µs
2021-10-06 07:25:06 UTC Syncing #13364078 0xc379…d44b     0.00 blk/s    0.0 tx/s    0.0 Mgas/s      0+   17 Qed Ancient:#12425884 LI:#13364095   15/25 peers      4 MiB chain    4 MiB queue  RPC:  0 conn,    0 req/s,    0 µs
2021-10-06 07:25:13 UTC Syncing #13364079 0xfa65…ec18     0.10 blk/s   37.9 tx/s    3.0 Mgas/s      0+   17 Qed Ancient:#12425885 LI:#13364096   15/25 peers      4 MiB chain    4 MiB queue  RPC:  0 conn,    0 req/s,    0 µs
2021-10-06 07:25:13 UTC Syncing #13364079 0xfa65…ec18     0.20 blk/s   75.8 tx/s    6.0 Mgas/s      0+   17 Qed Ancient:#12425885 LI:#13364096   15/25 peers      4 MiB chain    4 MiB queue  RPC:  0 conn,    0 req/s,    0 µs
2021-10-06 07:25:17 UTC Syncing #13364079 0xfa65…ec18     0.00 blk/s    0.0 tx/s    0.0 Mgas/s      0+   18 Qed Ancient:#12425885 LI:#13364097   15/25 peers      4 MiB chain    4 MiB queue  RPC:  0 conn,    0 req/s,    0 µs
2021-10-06 07:25:22 UTC Syncing #13364079 0xfa65…ec18     0.00 blk/s    0.0 tx/s    0.0 Mgas/s      0+   19 Qed Ancient:#12425885 LI:#13364098   17/25 peers      4 MiB chain    4 MiB queue  RPC:  0 conn,    0 req/s,    0 µs
2021-10-06 07:25:27 UTC Syncing #13364079 0xfa65…ec18     0.00 blk/s    0.0 tx/s    0.0 Mgas/s      0+   19 Qed Ancient:#12425885 LI:#13364098   20/25 peers      4 MiB chain    4 MiB queue  RPC:  0 conn,    0 req/s,    0 µs
2021-10-06 07:25:34 UTC Syncing #13364080 0xedb6…8130     0.20 blk/s   80.0 tx/s    6.0 Mgas/s      0+   18 Qed Ancient:#12425886 LI:#13364098   20/25 peers      4 MiB chain    4 MiB queue  RPC:  0 conn,    0 req/s,    0 µs
2021-10-06 07:25:37 UTC Syncing #13364080 0xedb6…8130     0.00 blk/s    0.0 tx/s    0.0 Mgas/s      0+   18 Qed Ancient:#12425886 LI:#13364098   23/25 peers      4 MiB chain    4 MiB queue  RPC:  0 conn,    0 req/s,    0 µs
2021-10-06 07:25:48 UTC Syncing #13364080 0xedb6…8130     0.00 blk/s    0.0 tx/s    0.0 Mgas/s      0+   18 Qed Ancient:#12425886 LI:#13364098   24/25 peers      4 MiB chain    4 MiB queue  RPC:  0 conn,    0 req/s,    0 µs
2021-10-06 07:25:48 UTC Syncing #13364080 0xedb6…8130     0.00 blk/s    0.0 tx/s    0.0 Mgas/s      0+   18 Qed Ancient:#12425886 LI:#13364098   24/25 peers      4 MiB chain    4 MiB queue  RPC:  0 conn,    0 req/s,    0 µs
2021-10-06 07:25:58 UTC Syncing #13364082 0x88c9…798b     0.20 blk/s   31.3 tx/s    3.9 Mgas/s      0+   16 Qed Ancient:#12425889 LI:#13364098   26/50 peers      4 MiB chain    3 MiB queue  RPC:  0 conn,    0 req/s,    0 µs
2021-10-06 07:25:58 UTC Syncing #13364082 0x88c9…798b     0.40 blk/s   62.6 tx/s    7.7 Mgas/s      0+   16 Qed Ancient:#12425889 LI:#13364098   26/50 peers      4 MiB chain    3 MiB queue  RPC:  0 conn,    0 req/s,    0 µs
2021-10-06 07:26:02 UTC Syncing #13364083 0x48f1…50cc     0.20 blk/s   30.0 tx/s    2.2 Mgas/s      0+   15 Qed Ancient:#12425890 LI:#13364098   26/50 peers      4 MiB chain    3 MiB queue  RPC:  0 conn,    0 req/s,    0 µs
2021-10-06 07:26:07 UTC Syncing #13364083 0x48f1…50cc     0.00 blk/s    0.0 tx/s    0.0 Mgas/s      0+   17 Qed Ancient:#12425890 LI:#13364100   25/25 peers      4 MiB chain    4 MiB queue  RPC:  0 conn,    0 req/s,    0 µs
2021-10-06 07:26:12 UTC Syncing #13364084 0xf535…b712     0.20 blk/s   37.8 tx/s    2.6 Mgas/s      0+   18 Qed Ancient:#12425891 LI:#13364101   24/25 peers      4 MiB chain    4 MiB queue  RPC:  0 conn,    0 req/s,    0 µs
2021-10-06 07:26:17 UTC Syncing #13364084 0xf535…b712     0.00 blk/s    0.0 tx/s    0.0 Mgas/s      0+   17 Qed Ancient:#12425891 LI:#13364101   24/25 peers      5 MiB chain    4 MiB queue  RPC:  0 conn,    0 req/s,    0 µs
2021-10-06 07:26:22 UTC Syncing #13364084 0xf535…b712     0.00 blk/s    0.0 tx/s    0.0 Mgas/s      0+   17 Qed Ancient:#12425891 LI:#13364101   24/25 peers      6 MiB chain    4 MiB queue  RPC:  0 conn,    0 req/s,    0 µs