2021-10-06 07:25:48 UTC Syncing #13364080 0xedb6…8130     0.00 blk/s    0.0 tx/s    0.0 Mgas/s      0+   18 Qed Ancient:#12425886 LI:#13364098   24/25 peers      4 MiB chain    4 MiB queue  RPC:  0 conn,    0 req/s,    0 µs
2021-10-06 07:25:48 UTC Syncing #13364080 0xedb6…8130     0.00 blk/s    0.0 tx/s    0.0 Mgas/s      0+   18 Qed Ancient:#12425886 LI:#13364098   24/25 peers      4 MiB chain    4 MiB queue  RPC:  0 conn,    0 req/s,    0 µs
2021-10-06 07:25:58 UTC Syncing #13364082 0x88c9…798b     0.20 blk/s   31.3 tx/s    3.9 Mgas/s      0+   16 Qed Ancient:#12425889 LI:#13364098   26/50 peers      4 MiB chain    3 MiB queue  RPC:  0 conn,    0 req/s,    0 µs
2021-10-06 07:25:58 UTC Syncing #13364082 0x88c9…798b     0.40 blk/s   62.6 tx/s    7.7 Mgas/s      0+   16 Qed Ancient:#12425889 LI:#13364098   26/50 peers      4 MiB chain    3 MiB queue  RPC:  0 conn,    0 req/s,    0 µs
2021-10-06 07:26:02 UTC Syncing #13364083 0x48f1…50cc     0.20 blk/s   30.0 tx/s    2.2 Mgas/s      0+   15 Qed Ancient:#12425890 LI:#13364098   26/50 peers      4 MiB chain    3 MiB queue  RPC:  0 conn,    0 req/s,    0 µs
2021-10-06 07:26:07 UTC Syncing #13364083 0x48f1…50cc     0.00 blk/s    0.0 tx/s    0.0 Mgas/s      0+   17 Qed Ancient:#12425890 LI:#13364100   25/25 peers      4 MiB chain    4 MiB queue  RPC:  0 conn,    0 req/s,    0 µs
2021-10-06 07:26:12 UTC Syncing #13364084 0xf535…b712     0.20 blk/s   37.8 tx/s    2.6 Mgas/s      0+   18 Qed Ancient:#12425891 LI:#13364101   24/25 peers      4 MiB chain    4 MiB queue  RPC:  0 conn,    0 req/s,    0 µs
2021-10-06 07:26:17 UTC Syncing #13364084 0xf535…b712     0.00 blk/s    0.0 tx/s    0.0 Mgas/s      0+   17 Qed Ancient:#12425891 LI:#13364101   24/25 peers      5 MiB chain    4 MiB queue  RPC:  0 conn,    0 req/s,    0 µs
2021-10-06 07:26:22 UTC Syncing #13364084 0xf535…b712     0.00 blk/s    0.0 tx/s    0.0 Mgas/s      0+   17 Qed Ancient:#12425891 LI:#13364101   24/25 peers      6 MiB chain    4 MiB queue  RPC:  0 conn,    0 req/s,    0 µs
2021-10-06 07:26:27 UTC Syncing #13364084 0xf535…b712     0.00 blk/s    0.0 tx/s    0.0 Mgas/s      0+   17 Qed Ancient:#12425891 LI:#13364101   25/25 peers      7 MiB chain    4 MiB queue  RPC:  0 conn,    0 req/s,    0 µs
2021-10-06 07:26:32 UTC Syncing #13364084 0xf535…b712     0.00 blk/s    0.0 tx/s    0.0 Mgas/s      0+   17 Qed Ancient:#12425891 LI:#13364101   25/25 peers      6 MiB chain    4 MiB queue  RPC:  0 conn,    0 req/s,    0 µs
2021-10-06 07:26:43 UTC Syncing #13364085 0xa726…63b8     0.20 blk/s   53.8 tx/s    4.4 Mgas/s      0+   16 Qed Ancient:#12425892 LI:#13364102   25/25 peers      6 MiB chain    3 MiB queue  RPC:  0 conn,    0 req/s,    0 µs
2021-10-06 07:26:43 UTC Syncing #13364086 0xd59f…2303     0.20 blk/s   40.7 tx/s    3.2 Mgas/s      0+   15 Qed Ancient:#12425893 LI:#13364102   25/25 peers      6 MiB chain    3 MiB queue  RPC:  0 conn,    0 req/s,    0 µs
2021-10-06 07:26:48 UTC Syncing #13364087 0xb01a…57ce     0.20 blk/s   21.2 tx/s    1.2 Mgas/s      0+   15 Qed Ancient:#12425894 LI:#13364102   25/25 peers      6 MiB chain    4 MiB queue  RPC:  0 conn,    0 req/s,    0 µs
2021-10-06 07:27:00 UTC Syncing #13364087 0xb01a…57ce     0.00 blk/s    0.0 tx/s    0.0 Mgas/s      0+   18 Qed Ancient:#12425894 LI:#13364104   24/25 peers      6 MiB chain    4 MiB queue  RPC:  0 conn,    0 req/s,    0 µs
2021-10-06 07:27:00 UTC Syncing #13364088 0xf8f5…0881     0.10 blk/s   22.1 tx/s    2.0 Mgas/s      0+   17 Qed Ancient:#12425895 LI:#13364104   24/25 peers      6 MiB chain    4 MiB queue  RPC:  0 conn,    0 req/s,    0 µs
2021-10-06 07:27:05 UTC Syncing #13364088 0xf8f5…0881     0.00 blk/s    0.0 tx/s    0.0 Mgas/s      0+   18 Qed Ancient:#12425895 LI:#13364105   24/25 peers      6 MiB chain    4 MiB queue  RPC:  0 conn,    0 req/s,    0 µs
2021-10-06 07:27:13 UTC Syncing #13364089 0x8c89…c7b3     0.20 blk/s   20.8 tx/s    1.4 Mgas/s      0+   18 Qed Ancient:#12425896 LI:#13364106   24/25 peers      6 MiB chain    4 MiB queue  RPC:  0 conn,    0 req/s,    0 µs
2021-10-06 07:27:13 UTC Syncing #13364089 0x8c89…c7b3     0.10 blk/s   10.4 tx/s    0.7 Mgas/s      0+   18 Qed Ancient:#12425896 LI:#13364106   24/25 peers      6 MiB chain    4 MiB queue  RPC:  0 conn,    0 req/s,    0 µs
2021-10-06 07:27:17 UTC Syncing #13364089 0x8c89…c7b3     0.00 blk/s    0.0 tx/s    0.0 Mgas/s      0+   19 Qed Ancient:#12425896 LI:#13364106   23/25 peers      6 MiB chain    5 MiB queue  RPC:  0 conn,    0 req/s,    0 µs
2021-10-06 07:27:25 UTC Syncing #13364090 0x6110…65b5     0.20 blk/s   36.2 tx/s    3.8 Mgas/s      0+   18 Qed Ancient:#12425897 LI:#13364106   23/25 peers      6 MiB chain    4 MiB queue  RPC:  0 conn,    0 req/s,    0 µs
2021-10-06 07:27:32 UTC Syncing #13364091 0xb0ca…2bb2     0.20 blk/s    5.0 tx/s    0.3 Mgas/s      0+   17 Qed Ancient:#12425898 LI:#13364106   23/25 peers      6 MiB chain    4 MiB queue  RPC:  0 conn,    0 req/s,    0 µs
2021-10-06 07:27:32 UTC Syncing #13364091 0xb0ca…2bb2     0.10 blk/s    2.5 tx/s    0.2 Mgas/s      0+   17 Qed Ancient:#12425898 LI:#13364106   23/25 peers      6 MiB chain    4 MiB queue  RPC:  0 conn,    0 req/s,    0 µs
2021-10-06 07:27:37 UTC Syncing #13364091 0xb0ca…2bb2     0.00 blk/s    0.0 tx/s    0.0 Mgas/s      0+   19 Qed Ancient:#12425898 LI:#13364108   21/25 peers      6 MiB chain    5 MiB queue  RPC:  0 conn,    0 req/s,    0 µs
2021-10-06 07:27:42 UTC Syncing #13364091 0xb0ca…2bb2     0.00 blk/s    0.0 tx/s    0.0 Mgas/s      0+   19 Qed Ancient:#12425898 LI:#13364108   19/25 peers      6 MiB chain    5 MiB queue  RPC:  0 conn,    0 req/s,    0 µs
2021-10-06 07:27:47 UTC Syncing #13364092 0x937a…f44f     0.20 blk/s   38.0 tx/s    4.2 Mgas/s      0+   18 Qed Ancient:#12425899 LI:#13364108   20/25 peers      6 MiB chain    5 MiB queue  RPC:  0 conn,    0 req/s,    0 µs
2021-10-06 07:27:52 UTC Syncing #13364092 0x937a…f44f     0.00 blk/s    0.0 tx/s    0.0 Mgas/s      0+   18 Qed Ancient:#12425899 LI:#13364108   20/25 peers      6 MiB chain    5 MiB queue  RPC:  0 conn,    0 req/s,    0 µs
2021-10-06 07:27:57 UTC Syncing #13364094 0x72ed…7821     0.60 blk/s   60.6 tx/s    3.7 Mgas/s      0+   15 Qed Ancient:#12425903 LI:#13364108   20/25 peers      6 MiB chain    5 MiB queue  RPC:  0 conn,    0 req/s,    0 µs
2021-10-06 07:28:02 UTC Reorg to #13364095 0xe9e1…5568 (0x72ed…7821 #13364093 0x606b…def9 0xf0c8…66f1)
2021-10-06 07:28:07 UTC Syncing #13364094 0x72ed…7821     0.00 blk/s    0.0 tx/s    0.0 Mgas/s      0+   17 Qed Ancient:#12425903 LI:#13364110   21/25 peers      6 MiB chain    5 MiB queue  RPC:  0 conn,    0 req/s,    0 µs
2021-10-06 07:28:07 UTC Syncing #13364095 0xe9e1…5568     0.20 blk/s   13.4 tx/s    1.6 Mgas/s      0+   16 Qed Ancient:#12425904 LI:#13364110   21/25 peers      6 MiB chain    4 MiB queue  RPC:  0 conn,    0 req/s,    0 µs
2021-10-06 07:28:14 UTC Syncing #13364095 0xe9e1…5568     0.00 blk/s    0.0 tx/s    0.0 Mgas/s      0+   16 Qed Ancient:#12425904 LI:#13364110   21/25 peers      6 MiB chain    4 MiB queue  RPC:  0 conn,    0 req/s,    0 µs
2021-10-06 07:28:17 UTC Syncing #13364095 0xe9e1…5568     0.00 blk/s    0.0 tx/s    0.0 Mgas/s      0+   17 Qed Ancient:#12425904 LI:#13364111   21/25 peers      6 MiB chain    5 MiB queue  RPC:  0 conn,    0 req/s,    0 µs
2021-10-06 07:28:22 UTC Syncing #13364095 0xe9e1…5568     0.00 blk/s    0.0 tx/s    0.0 Mgas/s      0+   17 Qed Ancient:#12425904 LI:#13364111   21/25 peers      6 MiB chain    5 MiB queue  RPC:  0 conn,    0 req/s,    0 µs
2021-10-06 07:28:40 UTC Syncing #13364096 0x2b02…6c69     0.20 blk/s   98.2 tx/s    6.0 Mgas/s      0+   17 Qed Ancient:#12425905 LI:#13364112   14/25 peers      7 MiB chain    5 MiB queue  RPC:  0 conn,    0 req/s,    0 µs
2021-10-06 07:28:40 UTC Syncing #13364096 0x2b02…6c69     0.10 blk/s   49.1 tx/s    3.0 Mgas/s      0+   17 Qed Ancient:#12425905 LI:#13364112   14/25 peers      6 MiB chain    5 MiB queue  RPC:  0 conn,    0 req/s,    0 µs
2021-10-06 07:28:40 UTC Syncing #13364096 0x2b02…6c69     0.07 blk/s   32.7 tx/s    2.0 Mgas/s      0+   17 Qed Ancient:#12425905 LI:#13364113   14/25 peers      6 MiB chain    5 MiB queue  RPC:  0 conn,    0 req/s,    0 µs
2021-10-06 07:28:42 UTC Syncing #13364096 0x2b02…6c69     0.00 blk/s    0.0 tx/s    0.0 Mgas/s      0+   19 Qed Ancient:#12425905 LI:#13364114   14/25 peers      4 MiB chain    5 MiB queue  RPC:  0 conn,    0 req/s,    0 µs
2021-10-06 07:28:52 UTC Syncing #13364097 0x0529…d3a1     0.20 blk/s   36.8 tx/s    3.0 Mgas/s      0+   18 Qed Ancient:#12425906 LI:#13364114   14/25 peers      4 MiB chain    5 MiB queue  RPC:  0 conn,    0 req/s,    0 µs
2021-10-06 07:28:52 UTC Syncing #13364097 0x0529…d3a1     0.00 blk/s    0.0 tx/s    0.0 Mgas/s      0+   18 Qed Ancient:#12425906 LI:#13364114   14/25 peers      4 MiB chain    5 MiB queue  RPC:  0 conn,    0 req/s,    0 µs
2021-10-06 07:29:01 UTC Syncing #13364098 0xc97a…edf6     0.20 blk/s   33.4 tx/s    3.2 Mgas/s      0+   17 Qed Ancient:#12425907 LI:#13364114   18/25 peers      4 MiB chain    4 MiB queue  RPC:  0 conn,    0 req/s,    0 µs
2021-10-06 07:29:02 UTC Syncing #13364098 0xc97a…edf6     0.00 blk/s    0.0 tx/s    0.0 Mgas/s      0+   18 Qed Ancient:#12425907 LI:#13364115   17/25 peers      4 MiB chain    5 MiB queue  RPC:  0 conn,    0 req/s,    0 µs
2021-10-06 07:29:07 UTC Syncing #13364101 0x9826…5407     0.60 blk/s  124.8 tx/s   10.1 Mgas/s      0+   15 Qed Ancient:#12425910 LI:#13364115   17/25 peers      4 MiB chain    4 MiB queue  RPC:  0 conn,    0 req/s,    0 µs
2021-10-06 07:29:13 UTC Syncing #13364102 0x6fae…9e5b     0.20 blk/s   53.2 tx/s    3.8 Mgas/s      0+   14 Qed Ancient:#12425911 LI:#13364115   17/25 peers      4 MiB chain    4 MiB queue  RPC:  0 conn,    0 req/s,    0 µs
2021-10-06 07:29:18 UTC Syncing #13364104 0x7a0f…c22b     0.41 blk/s   51.2 tx/s    4.0 Mgas/s      0+   14 Qed Ancient:#12425914 LI:#13364117   17/25 peers      4 MiB chain    4 MiB queue  RPC:  0 conn,    0 req/s,    0 µs
2021-10-06 07:29:22 UTC Syncing #13364104 0x7a0f…c22b     0.20 blk/s   45.0 tx/s    3.3 Mgas/s      0+   13 Qed Ancient:#12425915 LI:#13364117   17/25 peers      4 MiB chain    3 MiB queue  RPC:  0 conn,    0 req/s,    0 µs
2021-10-06 07:29:27 UTC Syncing #13364106 0x004d…ec21     0.40 blk/s   50.6 tx/s    3.6 Mgas/s      0+   11 Qed Ancient:#12425917 LI:#13364117   17/25 peers      4 MiB chain    3 MiB queue  RPC:  0 conn,    0 req/s,    0 µs
2021-10-06 07:29:32 UTC Syncing #13364106 0x004d…ec21     0.20 blk/s   84.8 tx/s    6.0 Mgas/s      0+   11 Qed Ancient:#12425918 LI:#13364118   17/25 peers      4 MiB chain    3 MiB queue  RPC:  0 conn,    0 req/s,    0 µs
2021-10-06 07:29:40 UTC Syncing #13364107 0x109d…ad28     0.20 blk/s   92.6 tx/s    6.0 Mgas/s      0+   11 Qed Ancient:#12425919 LI:#13364118   17/25 peers      4 MiB chain    3 MiB queue  RPC:  0 conn,    0 req/s,    0 µs
2021-10-06 07:29:45 UTC Syncing #13364110 0xa41c…de95     0.60 blk/s   57.6 tx/s    5.4 Mgas/s      0+    8 Qed Ancient:#12425922 LI:#13364118   17/25 peers      4 MiB chain    2 MiB queue  RPC:  0 conn,    0 req/s,    0 µs
2021-10-06 07:29:50 UTC Syncing #13364110 0xa41c…de95     0.00 blk/s    0.0 tx/s    0.0 Mgas/s      0+    8 Qed Ancient:#12425922 LI:#13364118   17/25 peers      4 MiB chain    2 MiB queue  RPC:  0 conn,    0 req/s,    0 µs
2021-10-06 07:29:56 UTC Syncing #13364111 0xb065…c520     0.20 blk/s   70.8 tx/s    5.9 Mgas/s      0+    8 Qed Ancient:#12425923 LI:#13364119   17/25 peers      5 MiB chain    2 MiB queue  RPC:  0 conn,    0 req/s,    0 µs
2021-10-06 07:30:01 UTC Syncing #13364112 0x7792…d577     0.20 blk/s   32.4 tx/s    3.3 Mgas/s      0+    7 Qed Ancient:#12425924 LI:#13364119   17/25 peers      5 MiB chain    2 MiB queue  RPC:  0 conn,    0 req/s,    0 µs
2021-10-06 07:30:02 UTC Syncing #13364114 0xe290…7dce     0.40 blk/s   49.2 tx/s    4.8 Mgas/s      0+    5 Qed Ancient:#12425926 LI:#13364119   17/25 peers      5 MiB chain    2 MiB queue  RPC:  0 conn,    0 req/s,    0 µs
2021-10-06 07:30:08 UTC Syncing #13364115 0x99c4…0f0b     0.20 blk/s   67.2 tx/s    5.6 Mgas/s      0+    4 Qed Ancient:#12425927 LI:#13364120   17/25 peers      5 MiB chain    1 MiB queue  RPC:  0 conn,    0 req/s,    0 µs
2021-10-06 07:30:14 UTC Syncing #13364117 0x0691…8b09     0.40 blk/s   19.0 tx/s    1.5 Mgas/s      0+    4 Qed Ancient:#12425929 LI:#13364120   17/25 peers      5 MiB chain    2 MiB queue  RPC:  0 conn,    0 req/s,    0 µs
2021-10-06 07:31:01 UTC Imported #13364121 0x9c59…0dfe (251 txs, 17.42 Mgas, 4691 ms, 119.94 KiB)
2021-10-06 07:31:22 UTC  Ancient:#12428746 AB:#12429217   10/25 peers     75 MiB chain  207 KiB queue  RPC:  0 conn,    0 req/s,    0 µs