2021-10-07 10:58:50 UTC Syncing #13371374 0xe810…22a0     0.20 blk/s   36.8 tx/s    2.7 Mgas/s      0+   23 Qed Ancient:#12752307 LI:#13371398   32/50 peers      6 MiB chain    6 MiB queue  RPC:  0 conn,    0 req/s,    0 µs
2021-10-07 10:58:55 UTC Syncing #13371374 0xe810…22a0     0.00 blk/s    0.0 tx/s    0.0 Mgas/s      0+   24 Qed Ancient:#12752307 LI:#13371399   32/50 peers      1 MiB chain    6 MiB queue  RPC:  0 conn,    0 req/s,    0 µs
2021-10-07 10:59:00 UTC Syncing #13371375 0xf7ab…ed55     0.20 blk/s   83.6 tx/s    5.8 Mgas/s      0+   23 Qed Ancient:#12752308 LI:#13371399   32/50 peers      1 MiB chain    6 MiB queue  RPC:  0 conn,    0 req/s,    0 µs
2021-10-07 10:59:05 UTC Syncing #13371375 0xf7ab…ed55     0.00 blk/s    0.0 tx/s    0.0 Mgas/s      0+   23 Qed Ancient:#12752308 LI:#13371399   32/50 peers      1 MiB chain    6 MiB queue  RPC:  0 conn,    0 req/s,    0 µs
2021-10-07 10:59:10 UTC Syncing #13371378 0xb716…88e9     0.60 blk/s  108.6 tx/s    7.7 Mgas/s      0+   20 Qed Ancient:#12752311 LI:#13371399   32/50 peers      2 MiB chain    5 MiB queue  RPC:  0 conn,    0 req/s,    0 µs
2021-10-07 10:59:15 UTC Syncing #13371378 0xb716…88e9     0.00 blk/s    0.0 tx/s    0.0 Mgas/s      0+   20 Qed Ancient:#12752311 LI:#13371399   32/50 peers      2 MiB chain    5 MiB queue  RPC:  0 conn,    0 req/s,    0 µs
2021-10-07 10:59:20 UTC Syncing #13371379 0x9573…91b1     0.20 blk/s   51.0 tx/s    4.3 Mgas/s      0+   20 Qed Ancient:#12752312 LI:#13371400   32/50 peers      2 MiB chain    5 MiB queue  RPC:  0 conn,    0 req/s,    0 µs
2021-10-07 10:59:25 UTC Syncing #13371381 0x4670…1e00     0.40 blk/s   59.4 tx/s    4.7 Mgas/s      0+   18 Qed Ancient:#12752314 LI:#13371400   32/50 peers      2 MiB chain    5 MiB queue  RPC:  0 conn,    0 req/s,    0 µs
2021-10-07 10:59:30 UTC Syncing #13371383 0xfd04…975e     0.40 blk/s   39.8 tx/s    3.0 Mgas/s      0+   16 Qed Ancient:#12752316 LI:#13371400   32/50 peers      2 MiB chain    5 MiB queue  RPC:  0 conn,    0 req/s,    0 µs
2021-10-07 10:59:35 UTC Syncing #13371384 0xa7bf…e487     0.20 blk/s   55.8 tx/s    4.0 Mgas/s      0+   15 Qed Ancient:#12752317 LI:#13371400   32/50 peers      2 MiB chain    5 MiB queue  RPC:  0 conn,    0 req/s,    0 µs
2021-10-07 10:59:40 UTC Syncing #13371386 0xe37d…448a     0.40 blk/s   28.4 tx/s    1.8 Mgas/s      0+   13 Qed Ancient:#12752319 LI:#13371400   32/50 peers      2 MiB chain    4 MiB queue  RPC:  0 conn,    0 req/s,    0 µs
2021-10-07 10:59:45 UTC Syncing #13371386 0xe37d…448a     0.00 blk/s    0.0 tx/s    0.0 Mgas/s      0+   14 Qed Ancient:#12752319 LI:#13371401   32/50 peers      2 MiB chain    4 MiB queue  RPC:  0 conn,    0 req/s,    0 µs
2021-10-07 10:59:50 UTC Syncing #13371387 0x5e36…3352     0.20 blk/s   71.8 tx/s    5.9 Mgas/s      0+   13 Qed Ancient:#12752320 LI:#13371401   32/50 peers      2 MiB chain    4 MiB queue  RPC:  0 conn,    0 req/s,    0 µs
2021-10-07 10:59:55 UTC Syncing #13371389 0x4564…8449     0.40 blk/s   31.0 tx/s    2.6 Mgas/s      0+   11 Qed Ancient:#12752323 LI:#13371401   32/50 peers      2 MiB chain    4 MiB queue  RPC:  0 conn,    0 req/s,    0 µs
2021-10-07 11:00:00 UTC Syncing #13371390 0x4f0a…1da0     0.20 blk/s   85.2 tx/s    4.6 Mgas/s      0+   11 Qed Ancient:#12752324 LI:#13371402   32/50 peers      2 MiB chain    3 MiB queue  RPC:  0 conn,    0 req/s,    0 µs
2021-10-07 11:00:05 UTC Syncing #13371390 0x4f0a…1da0     0.00 blk/s    0.0 tx/s    0.0 Mgas/s      0+   11 Qed Ancient:#12752324 LI:#13371402   32/50 peers      2 MiB chain    3 MiB queue  RPC:  0 conn,    0 req/s,    0 µs
2021-10-07 11:00:10 UTC Syncing #13371391 0xe084…4250     0.20 blk/s  108.2 tx/s    6.0 Mgas/s      0+   11 Qed Ancient:#12752325 LI:#13371403   32/50 peers      2 MiB chain    4 MiB queue  RPC:  0 conn,    0 req/s,    0 µs
2021-10-07 11:00:15 UTC Syncing #13371391 0xe084…4250     0.00 blk/s    0.0 tx/s    0.0 Mgas/s      0+   11 Qed Ancient:#12752325 LI:#13371403   32/50 peers      2 MiB chain    4 MiB queue  RPC:  0 conn,    0 req/s,    0 µs
2021-10-07 11:00:20 UTC Syncing #13371392 0x4709…6051     0.20 blk/s   43.0 tx/s    4.6 Mgas/s      0+   10 Qed Ancient:#12752326 LI:#13371403   32/50 peers      2 MiB chain    3 MiB queue  RPC:  0 conn,    0 req/s,    0 µs
2021-10-07 11:00:25 UTC Syncing #13371396 0xe6d7…3db2     0.80 blk/s   70.8 tx/s    7.9 Mgas/s      0+    7 Qed Ancient:#12752330 LI:#13371404   32/50 peers      2 MiB chain    2 MiB queue  RPC:  0 conn,    0 req/s,    0 µs
2021-10-07 11:00:30 UTC Syncing #13371396 0xe6d7…3db2     0.00 blk/s    0.0 tx/s    0.0 Mgas/s      0+    7 Qed Ancient:#12752330 LI:#13371404   32/50 peers      2 MiB chain    2 MiB queue  RPC:  0 conn,    0 req/s,    0 µs
2021-10-07 11:00:35 UTC Syncing #13371398 0xd439…6940     0.40 blk/s   83.2 tx/s    6.2 Mgas/s      0+    5 Qed Ancient:#12752332 LI:#13371404   32/50 peers      3 MiB chain    2 MiB queue  RPC:  0 conn,    0 req/s,    0 µs
2021-10-07 11:00:40 UTC Syncing #13371398 0xd439…6940     0.00 blk/s    0.0 tx/s    0.0 Mgas/s      0+    5 Qed Ancient:#12752332 LI:#13371404   32/50 peers      3 MiB chain    2 MiB queue  RPC:  0 conn,    0 req/s,    0 µs
2021-10-07 11:00:45 UTC Syncing #13371399 0xecbb…6317     0.20 blk/s   59.8 tx/s    6.0 Mgas/s      0+    5 Qed Ancient:#12752333 LI:#13371405   32/50 peers      3 MiB chain    2 MiB queue  RPC:  0 conn,    0 req/s,    0 µs
2021-10-07 11:00:50 UTC Syncing #13371399 0xecbb…6317     0.00 blk/s    0.0 tx/s    0.0 Mgas/s      0+    6 Qed Ancient:#12752333 LI:#13371406   32/50 peers      3 MiB chain    2 MiB queue  RPC:  0 conn,    0 req/s,    0 µs
2021-10-07 11:00:55 UTC Syncing #13371400 0x1709…6205     0.20 blk/s   76.4 tx/s    5.9 Mgas/s      0+    5 Qed Ancient:#12752334 LI:#13371406   32/50 peers      3 MiB chain    1 MiB queue  RPC:  0 conn,    0 req/s,    0 µs
2021-10-07 11:01:00 UTC Syncing #13371401 0x60df…8ed5     0.20 blk/s   56.0 tx/s    6.0 Mgas/s      0+    5 Qed Ancient:#12752335 LI:#13371407   32/50 peers      3 MiB chain    1 MiB queue  RPC:  0 conn,    0 req/s,    0 µs
2021-10-07 11:01:05 UTC Syncing #13371402 0xaf23…f122     0.20 blk/s   34.8 tx/s    3.0 Mgas/s      0+    4 Qed Ancient:#12752336 LI:#13371407   32/50 peers      3 MiB chain  779 KiB queue  RPC:  0 conn,    0 req/s,    0 µs
2021-10-07 11:01:10 UTC Syncing #13371402 0xaf23…f122     0.00 blk/s    0.0 tx/s    0.0 Mgas/s      0+    4 Qed Ancient:#12752336 LI:#13371407   32/50 peers      3 MiB chain  779 KiB queue  RPC:  0 conn,    0 req/s,    0 µs
2021-10-07 11:01:27 UTC Imported #13371407 0x4a0e…dce9 (233 txs, 14.74 Mgas, 4897 ms, 53.76 KiB)
2021-10-07 11:01:40 UTC  Ancient:#12753118 AB:#12755694   32/50 peers   744 bytes chain  136 KiB queue  RPC:  0 conn,    0 req/s,    0 µs
2021-10-07 11:02:14 UTC  Ancient:#12753121 AB:#12756404   29/50 peers    215 KiB chain  507 KiB queue  RPC:  0 conn,    0 req/s,    0 µs
2021-10-07 11:02:45 UTC Syncing #13371411 0x81f6…54bc     0.03 blk/s    3.6 tx/s    0.3 Mgas/s      0+    4 Qed Ancient:#12753122 LI:#13371416   29/50 peers    215 KiB chain  693 KiB queue  RPC:  0 conn,    0 req/s,    0 µs
2021-10-07 11:02:50 UTC Syncing #13371411 0x81f6…54bc     0.00 blk/s    0.0 tx/s    0.0 Mgas/s      0+    4 Qed Ancient:#12753122 LI:#13371416   30/50 peers    215 KiB chain  693 KiB queue  RPC:  0 conn,    0 req/s,    0 µs
2021-10-07 11:02:55 UTC Syncing #13371411 0x81f6…54bc     0.00 blk/s    0.0 tx/s    0.0 Mgas/s      0+    4 Qed Ancient:#12753122 LI:#13371416   29/50 peers    215 KiB chain  693 KiB queue  RPC:  0 conn,    0 req/s,    0 µs
2021-10-07 11:03:00 UTC Syncing #13371411 0x81f6…54bc     0.00 blk/s    0.0 tx/s    0.0 Mgas/s      0+    5 Qed Ancient:#12753122 LI:#13371417   29/50 peers    215 KiB chain  872 KiB queue  RPC:  0 conn,    0 req/s,    0 µs
2021-10-07 11:03:05 UTC Syncing #13371412 0xd74a…285d     0.20 blk/s   68.6 tx/s    6.0 Mgas/s      0+    4 Qed Ancient:#12753123 LI:#13371417   29/50 peers    215 KiB chain  612 KiB queue  RPC:  0 conn,    0 req/s,    0 µs
2021-10-07 11:03:10 UTC Syncing #13371412 0xd74a…285d     0.00 blk/s    0.0 tx/s    0.0 Mgas/s      0+    5 Qed Ancient:#12753123 LI:#13371418   29/50 peers    215 KiB chain  945 KiB queue  RPC:  0 conn,    0 req/s,    0 µs
2021-10-07 11:03:15 UTC Syncing #13371412 0xd74a…285d     0.00 blk/s    0.0 tx/s    0.0 Mgas/s      0+    5 Qed Ancient:#12753123 LI:#13371418   29/50 peers    215 KiB chain  945 KiB queue  RPC:  0 conn,    0 req/s,    0 µs
2021-10-07 11:03:20 UTC Syncing #13371412 0xd74a…285d     0.00 blk/s    0.0 tx/s    0.0 Mgas/s      0+    5 Qed Ancient:#12753123 LI:#13371418   30/50 peers    215 KiB chain  945 KiB queue  RPC:  0 conn,    0 req/s,    0 µs
2021-10-07 11:03:25 UTC Syncing #13371412 0xd74a…285d     0.00 blk/s    0.0 tx/s    0.0 Mgas/s      0+    5 Qed Ancient:#12753123 LI:#13371418   29/50 peers    215 KiB chain  945 KiB queue  RPC:  0 conn,    0 req/s,    0 µs
2021-10-07 11:03:30 UTC Syncing #13371413 0xfeaa…80b2     0.20 blk/s   39.6 tx/s    3.4 Mgas/s      0+    5 Qed Ancient:#12753124 LI:#13371419   30/50 peers    356 KiB chain    1 MiB queue  RPC:  0 conn,    0 req/s,    0 µs
2021-10-07 11:03:35 UTC Syncing #13371413 0xfeaa…80b2     0.00 blk/s    0.0 tx/s    0.0 Mgas/s      0+    5 Qed Ancient:#12753124 LI:#13371419   30/50 peers    356 KiB chain    1 MiB queue  RPC:  0 conn,    0 req/s,    0 µs
2021-10-07 11:03:40 UTC Syncing #13371415 0xf826…ca58     0.40 blk/s   42.2 tx/s    3.0 Mgas/s      0+    4 Qed Ancient:#12753126 LI:#13371420   29/50 peers    356 KiB chain    1 MiB queue  RPC:  0 conn,    0 req/s,    0 µs
2021-10-07 11:03:45 UTC Syncing #13371415 0xf826…ca58     0.00 blk/s    0.0 tx/s    0.0 Mgas/s      0+    4 Qed Ancient:#12753126 LI:#13371420   29/50 peers    356 KiB chain    1 MiB queue  RPC:  0 conn,    0 req/s,    0 µs
2021-10-07 11:04:05 UTC Syncing #13371417 0x9e9c…1012     0.10 blk/s   13.9 tx/s    1.2 Mgas/s      0+    4 Qed Ancient:#12753129 LI:#13371422   29/50 peers    357 KiB chain    1 MiB queue  RPC:  0 conn,    0 req/s,    0 µs
2021-10-07 11:04:10 UTC Syncing #13371417 0x9e9c…1012     0.00 blk/s    0.0 tx/s    0.0 Mgas/s      0+    4 Qed Ancient:#12753129 LI:#13371422   30/50 peers    357 KiB chain    1 MiB queue  RPC:  0 conn,    0 req/s,    0 µs
2021-10-07 11:04:15 UTC Syncing #13371417 0x9e9c…1012     0.00 blk/s    0.0 tx/s    0.0 Mgas/s      0+    4 Qed Ancient:#12753129 LI:#13371422   30/50 peers    357 KiB chain    1 MiB queue  RPC:  0 conn,    0 req/s,    0 µs
2021-10-07 11:04:20 UTC Syncing #13371417 0x9e9c…1012     0.00 blk/s    0.0 tx/s    0.0 Mgas/s      0+    4 Qed Ancient:#12753129 LI:#13371422   29/50 peers    357 KiB chain    1 MiB queue  RPC:  0 conn,    0 req/s,    0 µs
2021-10-07 11:04:30 UTC Syncing #13371418 0xfb10…cc47     0.10 blk/s   29.6 tx/s    2.1 Mgas/s      0+    4 Qed Ancient:#12753131 LI:#13371423   29/50 peers    637 KiB chain    1 MiB queue  RPC:  0 conn,    0 req/s,    0 µs
2021-10-07 11:04:35 UTC Syncing #13371418 0xfb10…cc47     0.00 blk/s    0.0 tx/s    0.0 Mgas/s      0+    4 Qed Ancient:#12753131 LI:#13371423   29/50 peers    637 KiB chain    1 MiB queue  RPC:  0 conn,    0 req/s,    0 µs