2021-10-05 23:09:38 UTC Syncing #13361865 0xd6ff…763a     0.20 blk/s   36.4 tx/s    1.6 Mgas/s      0+    7 Qed Ancient:#12322124 LI:#13361873   29/50 peers      3 MiB chain    2 MiB queue  RPC:  0 conn,    0 req/s,    0 µs
2021-10-05 23:09:43 UTC Syncing #13361865 0xd6ff…763a     0.00 blk/s    0.0 tx/s    0.0 Mgas/s      0+    7 Qed Ancient:#12322124 LI:#13361873   29/50 peers      3 MiB chain    2 MiB queue  RPC:  0 conn,    0 req/s,    0 µs
2021-10-05 23:09:48 UTC Syncing #13361866 0x0e1b…beb8     0.20 blk/s   78.2 tx/s    6.0 Mgas/s      0+    6 Qed Ancient:#12322125 LI:#13361873   29/50 peers      3 MiB chain    2 MiB queue  RPC:  0 conn,    0 req/s,    0 µs
2021-10-05 23:09:53 UTC Syncing #13361866 0x0e1b…beb8     0.00 blk/s    0.0 tx/s    0.0 Mgas/s      0+    6 Qed Ancient:#12322125 LI:#13361873   29/50 peers      3 MiB chain    2 MiB queue  RPC:  0 conn,    0 req/s,    0 µs
2021-10-05 23:09:58 UTC Syncing #13361868 0xc37c…9df9     0.40 blk/s   55.6 tx/s    6.0 Mgas/s      0+    5 Qed Ancient:#12322127 LI:#13361874   29/50 peers      3 MiB chain    2 MiB queue  RPC:  0 conn,    0 req/s,    0 µs
2021-10-05 23:10:03 UTC Syncing #13361870 0x54c2…9324     0.40 blk/s   36.2 tx/s    4.7 Mgas/s      0+    4 Qed Ancient:#12322129 LI:#13361875   29/50 peers      3 MiB chain    2 MiB queue  RPC:  0 conn,    0 req/s,    0 µs
2021-10-05 23:10:08 UTC Syncing #13361870 0x54c2…9324     0.00 blk/s    0.0 tx/s    0.0 Mgas/s      0+    6 Qed Ancient:#12322129 LI:#13361877   29/50 peers      3 MiB chain    2 MiB queue  RPC:  0 conn,    0 req/s,    0 µs
2021-10-05 23:10:13 UTC Syncing #13361872 0x7e51…4a71     0.40 blk/s   66.6 tx/s    5.3 Mgas/s      0+    5 Qed Ancient:#12322130 LI:#13361877   29/50 peers      4 MiB chain    2 MiB queue  RPC:  0 conn,    0 req/s,    0 µs
2021-10-05 23:10:18 UTC Syncing #13361872 0x7e51…4a71     0.00 blk/s    0.0 tx/s    0.0 Mgas/s      0+    4 Qed Ancient:#12322131 LI:#13361877   29/50 peers      8 MiB chain  986 KiB queue  RPC:  0 conn,    0 req/s,    0 µs
2021-10-05 23:10:23 UTC Syncing #13361872 0x7e51…4a71     0.00 blk/s    0.0 tx/s    0.0 Mgas/s      0+    4 Qed Ancient:#12322131 LI:#13361877   29/50 peers      8 MiB chain  986 KiB queue  RPC:  0 conn,    0 req/s,    0 µs
2021-10-05 23:10:53 UTC  Ancient:#12322137 AB:#12325449   28/50 peers      6 MiB chain  0 bytes queue  RPC:  0 conn,    0 req/s,    0 µs
2021-10-05 23:10:57 UTC Imported #13361879 0xaa07…9c98 (117 txs, 11.28 Mgas, 4516 ms, 105.23 KiB)
2021-10-05 23:11:06 UTC Imported #13361880 0x6346…73b1 (109 txs, 8.46 Mgas, 3749 ms, 54.91 KiB)
2021-10-05 23:11:26 UTC  Ancient:#12323420 AB:#12326475   28/50 peers      9 MiB chain  0 bytes queue  RPC:  0 conn,    0 req/s,    0 µs
2021-10-05 23:11:58 UTC  Ancient:#12323558 AB:#12327051   26/50 peers      7 MiB chain  508 KiB queue  RPC:  0 conn,    0 req/s,    0 µs
2021-10-05 23:12:13 UTC Syncing #13361880 0x6346…73b1     0.00 blk/s    0.0 tx/s    0.0 Mgas/s      0+    4 Qed Ancient:#12323558 LI:#13361885   32/50 peers      6 MiB chain  903 KiB queue  RPC:  0 conn,    0 req/s,    0 µs
2021-10-05 23:12:18 UTC Syncing #13361880 0x6346…73b1     0.00 blk/s    0.0 tx/s    0.0 Mgas/s      0+    4 Qed Ancient:#12323558 LI:#13361885   33/50 peers      6 MiB chain  903 KiB queue  RPC:  0 conn,    0 req/s,    0 µs
2021-10-05 23:12:23 UTC Syncing #13361880 0x6346…73b1     0.00 blk/s    0.0 tx/s    0.0 Mgas/s      0+    4 Qed Ancient:#12323558 LI:#13361885   31/50 peers      6 MiB chain  903 KiB queue  RPC:  0 conn,    0 req/s,    0 µs
2021-10-05 23:12:28 UTC Syncing #13361880 0x6346…73b1     0.00 blk/s    0.0 tx/s    0.0 Mgas/s      0+    4 Qed Ancient:#12323558 LI:#13361885   29/50 peers      6 MiB chain  903 KiB queue  RPC:  0 conn,    0 req/s,    0 µs
2021-10-05 23:12:33 UTC Syncing #13361880 0x6346…73b1     0.00 blk/s    0.0 tx/s    0.0 Mgas/s      0+    6 Qed Ancient:#12323558 LI:#13361887   26/50 peers      6 MiB chain    1 MiB queue  RPC:  0 conn,    0 req/s,    0 µs
2021-10-05 23:12:38 UTC Syncing #13361880 0x6346…73b1     0.00 blk/s    0.0 tx/s    0.0 Mgas/s      0+    6 Qed Ancient:#12323558 LI:#13361887   26/50 peers      6 MiB chain    1 MiB queue  RPC:  0 conn,    0 req/s,    0 µs
2021-10-05 23:12:43 UTC Syncing #13361880 0x6346…73b1     0.00 blk/s    0.0 tx/s    0.0 Mgas/s      0+    6 Qed Ancient:#12323558 LI:#13361887   27/50 peers      6 MiB chain    1 MiB queue  RPC:  0 conn,    0 req/s,    0 µs
2021-10-05 23:12:48 UTC Syncing #13361880 0x6346…73b1     0.00 blk/s    0.0 tx/s    0.0 Mgas/s      0+    6 Qed Ancient:#12323558 LI:#13361887   27/50 peers      6 MiB chain    1 MiB queue  RPC:  0 conn,    0 req/s,    0 µs
2021-10-05 23:12:53 UTC Syncing #13361880 0x6346…73b1     0.00 blk/s    0.0 tx/s    0.0 Mgas/s      0+    6 Qed Ancient:#12323558 LI:#13361887   27/50 peers      6 MiB chain    1 MiB queue  RPC:  0 conn,    0 req/s,    0 µs
2021-10-05 23:12:58 UTC Syncing #13361880 0x6346…73b1     0.00 blk/s    0.0 tx/s    0.0 Mgas/s      0+    6 Qed Ancient:#12323558 LI:#13361887   25/25 peers      6 MiB chain    1 MiB queue  RPC:  0 conn,    0 req/s,    0 µs
2021-10-05 23:13:03 UTC Syncing #13361881 0x000d…35b3     0.20 blk/s   83.6 tx/s    6.0 Mgas/s      0+    6 Qed Ancient:#12323558 LI:#13361887   25/25 peers      6 MiB chain    1 MiB queue  RPC:  0 conn,    0 req/s,    0 µs
2021-10-05 23:13:08 UTC Syncing #13361881 0x000d…35b3     0.00 blk/s    0.0 tx/s    0.0 Mgas/s      0+    5 Qed Ancient:#12323559 LI:#13361887   25/25 peers      5 MiB chain  903 KiB queue  RPC:  0 conn,    0 req/s,    0 µs
2021-10-05 23:13:13 UTC Syncing #13361881 0x000d…35b3     0.00 blk/s    0.0 tx/s    0.0 Mgas/s      0+    5 Qed Ancient:#12323559 LI:#13361887   25/25 peers      8 MiB chain  903 KiB queue  RPC:  0 conn,    0 req/s,    0 µs
2021-10-05 23:13:18 UTC Syncing #13361881 0x000d…35b3     0.00 blk/s    0.0 tx/s    0.0 Mgas/s      0+    7 Qed Ancient:#12323559 LI:#13361889   24/25 peers      8 MiB chain    2 MiB queue  RPC:  0 conn,    0 req/s,    0 µs
2021-10-05 23:13:23 UTC Syncing #13361881 0x000d…35b3     0.00 blk/s    0.0 tx/s    0.0 Mgas/s      0+    7 Qed Ancient:#12323559 LI:#13361889   24/25 peers      6 MiB chain    2 MiB queue  RPC:  0 conn,    0 req/s,    0 µs
2021-10-05 23:13:28 UTC Syncing #13361881 0x000d…35b3     0.00 blk/s    0.0 tx/s    0.0 Mgas/s      0+    7 Qed Ancient:#12323559 LI:#13361889   24/25 peers      4 MiB chain    2 MiB queue  RPC:  0 conn,    0 req/s,    0 µs
2021-10-05 23:13:33 UTC Syncing #13361881 0x000d…35b3     0.00 blk/s    0.0 tx/s    0.0 Mgas/s      0+    8 Qed Ancient:#12323559 LI:#13361889   26/50 peers      4 MiB chain    2 MiB queue  RPC:  0 conn,    0 req/s,    0 µs
2021-10-05 23:13:38 UTC Syncing #13361881 0x000d…35b3     0.00 blk/s    0.0 tx/s    0.0 Mgas/s      0+    8 Qed Ancient:#12323559 LI:#13361889   27/50 peers      4 MiB chain    2 MiB queue  RPC:  0 conn,    0 req/s,    0 µs
2021-10-05 23:13:43 UTC Syncing #13361881 0x000d…35b3     0.00 blk/s    0.0 tx/s    0.0 Mgas/s      0+    9 Qed Ancient:#12323559 LI:#13361890   27/50 peers      4 MiB chain    3 MiB queue  RPC:  0 conn,    0 req/s,    0 µs
2021-10-05 23:13:48 UTC Syncing #13361881 0x000d…35b3     0.00 blk/s    0.0 tx/s    0.0 Mgas/s      0+    9 Qed Ancient:#12323559 LI:#13361890   27/50 peers      4 MiB chain    3 MiB queue  RPC:  0 conn,    0 req/s,    0 µs
2021-10-05 23:13:53 UTC Syncing #13361881 0x000d…35b3     0.00 blk/s    0.0 tx/s    0.0 Mgas/s      0+    9 Qed Ancient:#12323559 LI:#13361890   27/50 peers      4 MiB chain    3 MiB queue  RPC:  0 conn,    0 req/s,    0 µs
2021-10-05 23:13:58 UTC Syncing #13361881 0x000d…35b3     0.00 blk/s    0.0 tx/s    0.0 Mgas/s      0+   10 Qed Ancient:#12323559 LI:#13361891   27/50 peers      4 MiB chain    3 MiB queue  RPC:  0 conn,    0 req/s,    0 µs
2021-10-05 23:14:03 UTC Syncing #13361881 0x000d…35b3     0.00 blk/s    0.0 tx/s    0.0 Mgas/s      0+   10 Qed Ancient:#12323559 LI:#13361891   27/50 peers      5 MiB chain    3 MiB queue  RPC:  0 conn,    0 req/s,    0 µs
2021-10-05 23:14:08 UTC Syncing #13361881 0x000d…35b3     0.00 blk/s    0.0 tx/s    0.0 Mgas/s      0+   11 Qed Ancient:#12323559 LI:#13361892   28/50 peers      5 MiB chain    3 MiB queue  RPC:  0 conn,    0 req/s,    0 µs
2021-10-05 23:14:13 UTC Syncing #13361883 0x3338…889d     0.40 blk/s   47.6 tx/s    5.5 Mgas/s      0+    9 Qed Ancient:#12323561 LI:#13361892   28/50 peers      5 MiB chain    3 MiB queue  RPC:  0 conn,    0 req/s,    0 µs
2021-10-05 23:14:18 UTC Syncing #13361883 0x3338…889d     0.00 blk/s    0.0 tx/s    0.0 Mgas/s      0+    9 Qed Ancient:#12323561 LI:#13361892   26/50 peers      5 MiB chain    3 MiB queue  RPC:  0 conn,    0 req/s,    0 µs
2021-10-05 23:14:23 UTC Syncing #13361884 0x5c61…ac9b     0.20 blk/s    6.6 tx/s    0.5 Mgas/s      0+    8 Qed Ancient:#12323562 LI:#13361892   26/50 peers      6 MiB chain    3 MiB queue  RPC:  0 conn,    0 req/s,    0 µs
2021-10-05 23:14:28 UTC Syncing #13361884 0x5c61…ac9b     0.00 blk/s    0.0 tx/s    0.0 Mgas/s      0+    8 Qed Ancient:#12323562 LI:#13361892   26/50 peers      6 MiB chain    3 MiB queue  RPC:  0 conn,    0 req/s,    0 µs
2021-10-05 23:14:33 UTC Syncing #13361884 0x5c61…ac9b     0.00 blk/s    0.0 tx/s    0.0 Mgas/s      0+    8 Qed Ancient:#12323562 LI:#13361892   26/50 peers      6 MiB chain    3 MiB queue  RPC:  0 conn,    0 req/s,    0 µs
2021-10-05 23:14:38 UTC Syncing #13361884 0x5c61…ac9b     0.00 blk/s    0.0 tx/s    0.0 Mgas/s      0+    9 Qed Ancient:#12323562 LI:#13361893   26/50 peers      7 MiB chain    3 MiB queue  RPC:  0 conn,    0 req/s,    0 µs
2021-10-05 23:14:43 UTC Syncing #13361884 0x5c61…ac9b     0.00 blk/s    0.0 tx/s    0.0 Mgas/s      0+    9 Qed Ancient:#12323562 LI:#13361893   26/50 peers      7 MiB chain    3 MiB queue  RPC:  0 conn,    0 req/s,    0 µs
2021-10-05 23:14:48 UTC Syncing #13361884 0x5c61…ac9b     0.00 blk/s    0.0 tx/s    0.0 Mgas/s      0+    9 Qed Ancient:#12323562 LI:#13361893   26/50 peers      7 MiB chain    3 MiB queue  RPC:  0 conn,    0 req/s,    0 µs
2021-10-05 23:14:53 UTC Syncing #13361885 0x889e…b5f0     0.20 blk/s   40.4 tx/s    3.7 Mgas/s      0+    8 Qed Ancient:#12323563 LI:#13361893   26/50 peers      7 MiB chain    3 MiB queue  RPC:  0 conn,    0 req/s,    0 µs
2021-10-05 23:14:58 UTC Syncing #13361886 0xb68b…228f     0.20 blk/s   18.4 tx/s    1.0 Mgas/s      0+    7 Qed Ancient:#12323564 LI:#13361893   27/50 peers      7 MiB chain    3 MiB queue  RPC:  0 conn,    0 req/s,    0 µs
2021-10-05 23:15:03 UTC Syncing #13361886 0xb68b…228f     0.00 blk/s    0.0 tx/s    0.0 Mgas/s      0+    7 Qed Ancient:#12323564 LI:#13361893   27/50 peers      7 MiB chain    3 MiB queue  RPC:  0 conn,    0 req/s,    0 µs
2021-10-05 23:15:08 UTC Syncing #13361886 0xb68b…228f     0.00 blk/s    0.0 tx/s    0.0 Mgas/s      0+    7 Qed Ancient:#12323564 LI:#13361893   27/50 peers      4 MiB chain    3 MiB queue  RPC:  0 conn,    0 req/s,    0 µs
2021-10-05 23:15:13 UTC Syncing #13361886 0xb68b…228f     0.00 blk/s    0.0 tx/s    0.0 Mgas/s      0+    7 Qed Ancient:#12323564 LI:#13361893   27/50 peers      4 MiB chain    3 MiB queue  RPC:  0 conn,    0 req/s,    0 µs
2021-10-05 23:15:18 UTC Syncing #13361886 0xb68b…228f     0.00 blk/s    0.0 tx/s    0.0 Mgas/s      0+    8 Qed Ancient:#12323564 LI:#13361894   28/50 peers      4 MiB chain    3 MiB queue  RPC:  0 conn,    0 req/s,    0 µs
2021-10-05 23:15:23 UTC Syncing #13361886 0xb68b…228f     0.00 blk/s    0.0 tx/s    0.0 Mgas/s      0+    8 Qed Ancient:#12323564 LI:#13361894   27/50 peers      4 MiB chain    3 MiB queue  RPC:  0 conn,    0 req/s,    0 µs
2021-10-05 23:15:28 UTC Syncing #13361887 0x8eb0…d744     0.20 blk/s   44.0 tx/s    5.4 Mgas/s      0+    8 Qed Ancient:#12323565 LI:#13361895   28/50 peers      5 MiB chain    3 MiB queue  RPC:  0 conn,    0 req/s,    0 µs