INFO [10-07|23:50:08.034] State heal in progress                   accounts=15412@802.03KiB slots=106,450@7.80MiB codes=12789@108.54MiB nodes=305,508,061@89.98GiB pending=68325
WARN [10-07|23:50:08.039] Unexpected bytecode heal packet          peer=2cd761db reqid=5,702,041,011,212,584,723
INFO [10-07|23:50:17.083] State heal in progress                   accounts=15482@805.69KiB slots=106,453@7.80MiB codes=12790@108.54MiB nodes=305,508,463@89.98GiB pending=68573
INFO [10-07|23:50:20.900] Imported new block headers               count=1    elapsed=6.010ms   number=13,374,807 hash=72fc62..f4b49b
WARN [10-07|23:50:24.612] Unexpected trienode heal packet          peer=998a8de3 reqid=8,254,924,119,689,109,952
WARN [10-07|23:50:24.615] Unexpected trienode heal packet          peer=91cee900 reqid=5,361,531,392,183,652,666
INFO [10-07|23:50:29.202] State heal in progress                   accounts=15779@820.66KiB slots=106,460@7.80MiB codes=12790@108.54MiB nodes=305,509,409@89.98GiB pending=68641
INFO [10-07|23:50:38.985] Imported new block headers               count=1    elapsed=6.026ms   number=13,374,808 hash=deca36..94d97e
INFO [10-07|23:50:39.216] State heal in progress                   accounts=15982@830.61KiB slots=106,467@7.80MiB codes=12790@108.54MiB nodes=305,510,051@89.98GiB pending=68775
INFO [10-07|23:50:47.358] State heal in progress                   accounts=16111@836.58KiB slots=106,470@7.80MiB codes=12790@108.54MiB nodes=305,510,563@89.98GiB pending=68942
INFO [10-07|23:50:58.574] State heal in progress                   accounts=16362@848.73KiB slots=106,475@7.80MiB codes=12790@108.54MiB nodes=305,511,467@89.98GiB pending=69302
INFO [10-07|23:51:08.514] State heal in progress                   accounts=16569@858.67KiB slots=106,488@7.80MiB codes=12790@108.54MiB nodes=305,512,256@89.98GiB pending=69795
WARN [10-07|23:51:08.828] Unexpected trienode heal packet          peer=d6127863 reqid=1,835,940,584,553,504,935
WARN [10-07|23:51:08.929] Unexpected trienode heal packet          peer=78ed84aa reqid=364,702,426,490,123,917
WARN [10-07|23:51:09.266] Unexpected trienode heal packet          peer=67e0712e reqid=7,458,203,948,921,538,407
WARN [10-07|23:51:09.393] Unexpected trienode heal packet          peer=2875b082 reqid=8,987,811,434,530,658,204
WARN [10-07|23:51:09.504] Unexpected trienode heal packet          peer=d9f923cb reqid=2,223,865,824,981,507,778
WARN [10-07|23:51:11.009] Unexpected trienode heal packet          peer=63388568 reqid=5,540,312,951,724,870,056
WARN [10-07|23:51:11.557] Unexpected trienode heal packet          peer=91cee900 reqid=4,825,013,145,389,279,149
WARN [10-07|23:51:11.606] Unexpected trienode heal packet          peer=2d632ef7 reqid=4,883,017,042,621,042,373
INFO [10-07|23:51:12.224] Imported new block headers               count=1    elapsed=10.783ms  number=13,374,809 hash=7a07a4..3fd69b age=1m9s
WARN [10-07|23:51:12.457] Unexpected trienode heal packet          peer=d6e67cd4 reqid=5,246,426,266,106,961,137
INFO [10-07|23:51:12.656] Downloader queue stats                   receiptTasks=0 blockTasks=0  itemSize=271.98KiB throttle=964
INFO [10-07|23:51:16.678] State heal in progress                   accounts=16692@864.32KiB slots=106,497@7.80MiB codes=12790@108.54MiB nodes=305,512,815@89.98GiB pending=70264
WARN [10-07|23:51:16.678] Unexpected trienode heal packet          peer=998a8de3 reqid=5,220,767,084,437,125,713
WARN [10-07|23:51:17.089] Unexpected trienode heal packet          peer=8ed2a53c reqid=5,823,569,934,916,081,412
WARN [10-07|23:51:17.357] Unexpected trienode heal packet          peer=c25dc4e4 reqid=6,943,949,981,642,894,993
WARN [10-07|23:51:17.490] Unexpected trienode heal packet          peer=4d252257 reqid=3,794,734,034,101,590,603
WARN [10-07|23:51:17.556] Unexpected trienode heal packet          peer=9c6767a3 reqid=5,079,131,550,987,803,012
WARN [10-07|23:51:17.995] Unexpected trienode heal packet          peer=a5cef330 reqid=7,765,981,659,883,865,415
WARN [10-07|23:51:21.268] Unexpected trienode heal packet          peer=2cd761db reqid=1,292,215,818,921,972,586
WARN [10-07|23:51:21.361] Unexpected trienode heal packet          peer=d6127863 reqid=9,009,131,478,994,581,449
WARN [10-07|23:51:21.386] Unexpected trienode heal packet          peer=78ed84aa reqid=7,133,703,916,099,380,163
WARN [10-07|23:51:21.388] Unexpected trienode heal packet          peer=67e0712e reqid=1,914,032,028,917,335,546
WARN [10-07|23:51:21.436] Unexpected trienode heal packet          peer=2875b082 reqid=9,100,389,902,953,992,951
WARN [10-07|23:51:21.444] Unexpected trienode heal packet          peer=d9f923cb reqid=6,691,449,412,744,810,897
INFO [10-07|23:51:24.855] State heal in progress                   accounts=16809@869.70KiB slots=106,513@7.81MiB codes=12790@108.54MiB nodes=305,513,366@89.98GiB pending=70864
INFO [10-07|23:51:33.659] State heal in progress                   accounts=16929@875.56KiB slots=106,530@7.81MiB codes=12790@108.54MiB nodes=305,513,991@89.98GiB pending=71918
INFO [10-07|23:51:36.327] Imported new block headers               count=1    elapsed=7.000ms   number=13,374,810 hash=90ec5b..cd8a7a age=1m18s
INFO [10-07|23:51:42.933] State heal in progress                   accounts=17055@881.57KiB slots=106,538@7.81MiB codes=12790@108.54MiB nodes=305,514,615@89.98GiB pending=72680
INFO [10-07|23:51:51.443] State heal in progress                   accounts=17190@888.15KiB slots=106,542@7.81MiB codes=12790@108.54MiB nodes=305,515,201@89.98GiB pending=73162
WARN [10-07|23:51:57.081] Unexpected trienode heal packet          peer=2cd761db reqid=2,014,087,009,095,541,628
WARN [10-07|23:51:57.489] Unexpected trienode heal packet          peer=9c6767a3 reqid=1,196,645,947,344,183,747
WARN [10-07|23:51:57.616] Unexpected trienode heal packet          peer=2d632ef7 reqid=4,232,518,526,718,176,707
WARN [10-07|23:51:58.394] Unexpected trienode heal packet          peer=78ed84aa reqid=6,314,330,989,336,391,412
WARN [10-07|23:51:58.722] Unexpected trienode heal packet          peer=d6127863 reqid=4,376,823,030,161,869,521
WARN [10-07|23:51:58.819] Unexpected trienode heal packet          peer=d6e67cd4 reqid=8,243,549,248,067,424,607
INFO [10-07|23:52:00.980] State heal in progress                   accounts=17280@892.38KiB slots=106,580@7.81MiB codes=12790@108.54MiB nodes=305,515,924@89.98GiB pending=73686
WARN [10-07|23:52:00.981] Unexpected trienode heal packet          peer=91cee900 reqid=5,207,454,456,997,414,824
WARN [10-07|23:52:00.994] Unexpected trienode heal packet          peer=d9f923cb reqid=439,017,706,593,859,143
WARN [10-07|23:52:03.740] Unexpected trienode heal packet          peer=998a8de3 reqid=1,752,886,462,884,038,669
WARN [10-07|23:52:04.265] Unexpected trienode heal packet          peer=63388568 reqid=4,264,492,098,570,766,684
WARN [10-07|23:52:04.814] Unexpected trienode heal packet          peer=8ed2a53c reqid=3,124,650,293,692,251,739
WARN [10-07|23:52:05.311] Unexpected trienode heal packet          peer=67e0712e reqid=5,934,766,398,855,718,872
WARN [10-07|23:52:05.651] Unexpected trienode heal packet          peer=c25dc4e4 reqid=7,883,402,301,599,432,608
WARN [10-07|23:52:05.938] Unexpected trienode heal packet          peer=4d252257 reqid=1,322,265,425,306,145,653
WARN [10-07|23:52:06.115] Unexpected trienode heal packet          peer=a5cef330 reqid=5,486,734,217,018,724,211
INFO [10-07|23:52:09.476] Imported new block headers               count=1    elapsed=8.483ms   number=13,374,811 hash=62a67c..163531 age=1m34s
INFO [10-07|23:52:10.495] State heal in progress                   accounts=17291@892.85KiB slots=106,638@7.82MiB codes=12790@108.54MiB nodes=305,516,385@89.98GiB pending=75056
WARN [10-07|23:52:10.495] Unexpected trienode heal packet          peer=2875b082 reqid=6,100,927,411,430,791,496
WARN [10-07|23:52:10.545] Unexpected trienode heal packet          peer=2cd761db reqid=3,745,288,433,440,367,055
WARN [10-07|23:52:10.582] Unexpected trienode heal packet          peer=9c6767a3 reqid=8,977,176,036,934,800,995
WARN [10-07|23:52:10.620] Unexpected trienode heal packet          peer=2d632ef7 reqid=8,930,529,759,737,744,320
WARN [10-07|23:52:10.655] Unexpected trienode heal packet          peer=d6e67cd4 reqid=8,186,952,495,333,664,491
WARN [10-07|23:52:10.655] Unexpected trienode heal packet          peer=d6127863 reqid=2,027,759,434,148,454,116
WARN [10-07|23:52:10.655] Unexpected trienode heal packet          peer=78ed84aa reqid=7,702,229,291,818,144,552
WARN [10-07|23:52:10.688] Unexpected trienode heal packet          peer=91cee900 reqid=795,537,585,558,515,808
WARN [10-07|23:52:10.692] Unexpected trienode heal packet          peer=d9f923cb reqid=5,569,936,274,489,351,215
INFO [10-07|23:52:12.498] Imported new block headers               count=1    elapsed=6.809ms   number=13,374,812 hash=8f6bb2..a4fabf age=1m3s
INFO [10-07|23:52:12.690] Downloader queue stats                   receiptTasks=0 blockTasks=0  itemSize=284.53KiB throttle=922
INFO [10-07|23:52:15.524] Imported new block headers               count=1    elapsed=7.101ms   number=13,374,813 hash=ccb7e8..40b254
INFO [10-07|23:52:18.605] State heal in progress                   accounts=17323@894.29KiB slots=106,672@7.82MiB codes=12790@108.54MiB nodes=305,516,829@89.98GiB pending=75980
INFO [10-07|23:52:21.582] Imported new block headers               count=1    elapsed=6.538ms   number=13,374,814 hash=67a1fa..670027
WARN [10-07|23:52:26.188] Unexpected trienode heal packet          peer=91cee900 reqid=1,211,977,219,081,138,836
WARN [10-07|23:52:26.189] Unexpected trienode heal packet          peer=78ed84aa reqid=7,728,080,222,249,496,114
WARN [10-07|23:52:26.507] Unexpected trienode heal packet          peer=2875b082 reqid=6,005,757,098,680,126,735
INFO [10-07|23:52:26.674] State heal in progress                   accounts=17353@895.67KiB slots=106,698@7.82MiB codes=12790@108.54MiB nodes=305,517,268@89.98GiB pending=76941
WARN [10-07|23:52:26.675] Unexpected trienode heal packet          peer=67e0712e reqid=4,259,092,967,791,970,924
WARN [10-07|23:52:26.832] Unexpected trienode heal packet          peer=c25dc4e4 reqid=4,539,683,512,600,637,797
WARN [10-07|23:52:27.153] Unexpected trienode heal packet          peer=4d252257 reqid=3,395,416,739,946,322,693
WARN [10-07|23:52:27.620] Unexpected trienode heal packet          peer=9c6767a3 reqid=3,984,133,686,056,287,788
WARN [10-07|23:52:27.752] Unexpected trienode heal packet          peer=d6127863 reqid=678,007,140,547,947,652
WARN [10-07|23:52:27.895] Unexpected trienode heal packet          peer=a5cef330 reqid=7,874,711,795,148,662,466
INFO [10-07|23:52:30.630] Imported new block headers               count=1    elapsed=6.627ms   number=13,374,815 hash=7a5bde..f8559b
INFO [10-07|23:52:37.142] State heal in progress                   accounts=17410@898.62KiB slots=106,738@7.82MiB codes=12790@108.54MiB nodes=305,517,842@89.98GiB pending=77902
WARN [10-07|23:52:37.143] Unexpected trienode heal packet          peer=2d632ef7 reqid=2,580,098,755,485,383,168
WARN [10-07|23:52:37.458] Unexpected trienode heal packet          peer=d9f923cb reqid=2,956,029,282,743,039,445
WARN [10-07|23:52:39.578] Unexpected trienode heal packet          peer=91cee900 reqid=4,711,871,094,922,176,636
INFO [10-07|23:52:39.685] Imported new block headers               count=1    elapsed=14.837ms  number=13,374,816 hash=12f344..ce5b7d
WARN [10-07|23:52:44.856] Unexpected trienode heal packet          peer=2875b082 reqid=1,367,388,981,877,108,648
WARN [10-07|23:52:44.946] Unexpected trienode heal packet          peer=2d632ef7 reqid=3,294,166,287,666,451,553
INFO [10-07|23:52:45.262] State heal in progress                   accounts=17425@899.35KiB slots=106,766@7.83MiB codes=12790@108.54MiB nodes=305,518,220@89.98GiB pending=78867
WARN [10-07|23:52:45.263] Unexpected trienode heal packet          peer=998a8de3 reqid=3,835,162,921,642,105,661
WARN [10-07|23:52:45.811] Unexpected trienode heal packet          peer=63388568 reqid=8,930,260,207,943,470,287
WARN [10-07|23:52:46.646] Unexpected trienode heal packet          peer=8ed2a53c reqid=6,910,074,487,491,439,989
WARN [10-07|23:52:47.013] Unexpected trienode heal packet          peer=78ed84aa reqid=5,646,905,559,866,207,766
WARN [10-07|23:52:47.355] Unexpected trienode heal packet          peer=d6127863 reqid=7,753,501,439,800,490,334
WARN [10-07|23:52:53.132] Unexpected trienode heal packet          peer=2875b082 reqid=8,804,020,799,295,429,123
WARN [10-07|23:52:53.212] Unexpected trienode heal packet          peer=998a8de3 reqid=2,455,997,444,567,654,946
WARN [10-07|23:52:53.212] Unexpected trienode heal packet          peer=63388568 reqid=5,450,966,314,446,914,773
INFO [10-07|23:52:53.371] State heal in progress                   accounts=17469@901.58KiB slots=106,811@7.83MiB codes=12790@108.54MiB nodes=305,518,679@89.98GiB pending=79620
WARN [10-07|23:52:59.844] Unexpected trienode heal packet          peer=d6127863 reqid=8,836,524,396,459,348,470
WARN [10-07|23:52:59.962] Unexpected trienode heal packet          peer=2cd761db reqid=6,802,474,104,379,353,041
WARN [10-07|23:53:00.337] Unexpected trienode heal packet          peer=9c6767a3 reqid=4,476,827,781,070,028,196
WARN [10-07|23:53:00.368] Unexpected trienode heal packet          peer=998a8de3 reqid=8,080,702,068,668,331,632
WARN [10-07|23:53:00.373] Unexpected trienode heal packet          peer=2d632ef7 reqid=7,960,629,434,623,072,848
WARN [10-07|23:53:00.407] Unexpected trienode heal packet          peer=63388568 reqid=2,320,886,158,310,189,140
WARN [10-07|23:53:00.433] Unexpected trienode heal packet          peer=c25dc4e4 reqid=5,640,631,998,146,304,450
INFO [10-07|23:53:03.795] Imported new block headers               count=2    elapsed=13.113ms  number=13,374,818 hash=000f70..babb69
INFO [10-07|23:53:03.920] State heal in progress                   accounts=17541@905.12KiB slots=106,927@7.84MiB codes=12790@108.54MiB nodes=305,519,392@89.98GiB pending=80521
WARN [10-07|23:53:04.008] Unexpected trienode heal packet          peer=2875b082 reqid=1,803,893,652,687,767,679
INFO [10-07|23:53:12.009] State heal in progress                   accounts=17584@907.28KiB slots=107,035@7.85MiB codes=12790@108.54MiB nodes=305,520,018@89.98GiB pending=81227
INFO [10-07|23:53:12.836] Imported new block headers               count=1    elapsed=6.713ms   number=13,374,819 hash=34a2ce..1896ed
INFO [10-07|23:53:13.725] Downloader queue stats                   receiptTasks=0 blockTasks=0  itemSize=261.94KiB throttle=1001
INFO [10-07|23:53:23.057] State heal in progress                   accounts=17627@909.20KiB slots=107,187@7.86MiB codes=12790@108.54MiB nodes=305,520,888@89.98GiB pending=82038
INFO [10-07|23:53:31.814] State heal in progress                   accounts=17670@911.12KiB slots=107,388@7.87MiB codes=12790@108.54MiB nodes=305,521,697@89.98GiB pending=82428
WARN [10-07|23:53:39.807] Unexpected trienode heal packet          peer=2d632ef7 reqid=4,854,437,149,487,617,076
INFO [10-07|23:53:39.935] State heal in progress                   accounts=17712@913.18KiB slots=107,607@7.89MiB codes=12790@108.54MiB nodes=305,522,555@89.98GiB pending=82725
WARN [10-07|23:53:39.936] Unexpected trienode heal packet          peer=d6127863 reqid=261,434,632,520,845,185
WARN [10-07|23:53:40.000] Unexpected trienode heal packet          peer=998a8de3 reqid=6,495,617,724,201,606,356
WARN [10-07|23:53:40.168] Unexpected trienode heal packet          peer=63388568 reqid=878,698,612,454,125,406
WARN [10-07|23:53:40.284] Unexpected trienode heal packet          peer=d9f923cb reqid=2,935,756,552,546,632,036
WARN [10-07|23:53:41.119] Unexpected trienode heal packet          peer=9c6767a3 reqid=1,728,641,357,959,568,989
WARN [10-07|23:53:41.223] Unexpected trienode heal packet          peer=c25dc4e4 reqid=2,446,657,872,649,940,288
WARN [10-07|23:53:41.330] Unexpected trienode heal packet          peer=4d252257 reqid=22,674,272,395,598,361
WARN [10-07|23:53:41.413] Unexpected trienode heal packet          peer=67e0712e reqid=4,724,855,552,742,986,340
WARN [10-07|23:53:41.545] Unexpected trienode heal packet          peer=2875b082 reqid=4,119,625,159,676,302,647
INFO [10-07|23:53:49.377] State heal in progress                   accounts=17728@914.05KiB slots=107,933@7.92MiB codes=12790@108.54MiB nodes=305,523,617@89.98GiB pending=83212
INFO [10-07|23:53:52.095] Imported new block headers               count=2    elapsed=10.987ms  number=13,374,821 hash=a55893..192488
INFO [10-07|23:53:57.446] State heal in progress                   accounts=17748@915.00KiB slots=108,461@7.96MiB codes=12790@108.54MiB nodes=305,524,837@89.98GiB pending=83081
INFO [10-07|23:54:04.161] Imported new block headers               count=1    elapsed=6.253ms   number=13,374,822 hash=775212..6924d5
INFO [10-07|23:54:05.589] State heal in progress                   accounts=17772@916.24KiB slots=109,025@8.00MiB codes=12790@108.54MiB nodes=305,526,125@89.98GiB pending=82934
INFO [10-07|23:54:14.413] State heal in progress                   accounts=17784@916.92KiB slots=109,501@8.04MiB codes=12790@108.54MiB nodes=305,527,293@89.98GiB pending=83062
INFO [10-07|23:54:16.220] Imported new block headers               count=1    elapsed=6.351ms   number=13,374,823 hash=1f5bf9..2ba153
INFO [10-07|23:54:16.768] Downloader queue stats                   receiptTasks=0 blockTasks=0  itemSize=261.21KiB throttle=1004
INFO [10-07|23:54:23.286] State heal in progress                   accounts=17784@916.92KiB slots=110,189@8.09MiB codes=12790@108.54MiB nodes=305,528,775@89.98GiB pending=82674
WARN [10-07|23:54:27.980] Unexpected trienode heal packet          peer=91cee900 reqid=7,618,015,251,450,889,180
INFO [10-07|23:54:31.344] State heal in progress                   accounts=17791@917.22KiB slots=110,822@8.14MiB codes=12790@108.54MiB nodes=305,530,180@89.98GiB pending=82292
ERROR[10-07|23:54:36.735] Snapshot extension registration failed   peer=f2b50b4c err="peer connected on snap without compatible eth support"
INFO [10-07|23:54:37.318] Imported new block headers               count=1    elapsed=6.730ms   number=13,374,824 hash=8ec24e..c2f749
INFO [10-07|23:54:39.532] State heal in progress                   accounts=17791@917.22KiB slots=111,560@8.20MiB codes=12790@108.54MiB nodes=305,531,747@89.98GiB pending=81830
INFO [10-07|23:54:48.222] State heal in progress                   accounts=17795@917.39KiB slots=112,312@8.25MiB codes=12790@108.54MiB nodes=305,533,326@89.98GiB pending=81345
INFO [10-07|23:54:56.286] State heal in progress                   accounts=17802@917.69KiB slots=112,945@8.30MiB codes=12790@108.54MiB nodes=305,534,706@89.98GiB pending=80878
INFO [10-07|23:55:04.610] State heal in progress                   accounts=17802@917.69KiB slots=113,955@8.38MiB codes=12790@108.54MiB nodes=305,536,641@89.98GiB pending=79933
INFO [10-07|23:55:07.449] Imported new block headers               count=2    elapsed=6.230ms   number=13,374,826 hash=3c6904..586ad3
INFO [10-07|23:55:10.473] Imported new block headers               count=1    elapsed=6.233ms   number=13,374,827 hash=a2a5b6..f642c5
INFO [10-07|23:55:12.995] State heal in progress                   accounts=17807@918.02KiB slots=115,015@8.46MiB codes=12790@108.54MiB nodes=305,538,583@89.98GiB pending=78745
WARN [10-07|23:55:17.087] Unexpected trienode heal packet          peer=63388568 reqid=8,706,587,177,427,852,948
WARN [10-07|23:55:17.302] Unexpected trienode heal packet          peer=998a8de3 reqid=8,743,295,870,493,961,955
WARN [10-07|23:55:19.682] Unexpected trienode heal packet          peer=d6e67cd4 reqid=7,463,405,982,771,923,885
WARN [10-07|23:55:20.704] Unexpected trienode heal packet          peer=4d252257 reqid=6,934,835,794,480,298,667
INFO [10-07|23:55:21.122] State heal in progress                   accounts=17807@918.02KiB slots=115,401@8.49MiB codes=12790@108.54MiB nodes=305,539,460@89.98GiB pending=79110
WARN [10-07|23:55:21.123] Unexpected trienode heal packet          peer=2875b082 reqid=6,745,564,810,493,820,568
WARN [10-07|23:55:21.507] Unexpected trienode heal packet          peer=67e0712e reqid=5,627,997,815,318,087,617
WARN [10-07|23:55:21.629] Unexpected trienode heal packet          peer=8ed2a53c reqid=3,440,631,885,444,997,636
WARN [10-07|23:55:22.870] Unexpected trienode heal packet          peer=78ed84aa reqid=6,045,477,076,754,823,379
WARN [10-07|23:55:24.199] Unexpected trienode heal packet          peer=2cd761db reqid=8,012,394,022,558,138,378
INFO [10-07|23:55:25.567] Imported new block headers               count=1    elapsed=6.688ms   number=13,374,828 hash=2b816d..44288c
INFO [10-07|23:55:25.805] Downloader queue stats                   receiptTasks=0 blockTasks=0  itemSize=249.37KiB throttle=1052
WARN [10-07|23:55:26.265] Unexpected trienode heal packet          peer=a5cef330 reqid=6,218,375,026,006,094,816
WARN [10-07|23:55:28.108] Unexpected trienode heal packet          peer=2d632ef7 reqid=2,807,169,376,049,925,313
WARN [10-07|23:55:28.142] Unexpected trienode heal packet          peer=d6127863 reqid=5,377,576,443,108,655,230
WARN [10-07|23:55:28.210] Unexpected trienode heal packet          peer=63388568 reqid=4,425,717,039,536,762,399
WARN [10-07|23:55:28.210] Unexpected trienode heal packet          peer=d9f923cb reqid=2,884,674,711,474,127,298
WARN [10-07|23:55:28.211] Unexpected trienode heal packet          peer=998a8de3 reqid=7,846,144,999,132,416,203
WARN [10-07|23:55:28.265] Unexpected trienode heal packet          peer=91cee900 reqid=7,736,952,567,386,031,889
WARN [10-07|23:55:28.300] Unexpected trienode heal packet          peer=9c6767a3 reqid=4,467,185,420,513,046,243
WARN [10-07|23:55:28.300] Unexpected trienode heal packet          peer=c25dc4e4 reqid=5,482,086,478,178,842,498
WARN [10-07|23:55:28.415] Unexpected trienode heal packet          peer=d6e67cd4 reqid=6,419,231,233,923,319,974
WARN [10-07|23:55:28.415] Unexpected trienode heal packet          peer=4d252257 reqid=1,509,424,753,682,502,652
INFO [10-07|23:55:29.432] State heal in progress                   accounts=17807@918.02KiB slots=115,713@8.51MiB codes=12790@108.54MiB nodes=305,540,183@89.98GiB pending=79894
WARN [10-07|23:55:36.327] Unexpected trienode heal packet          peer=d6127863 reqid=4,419,271,299,361,005,995
WARN [10-07|23:55:36.584] Unexpected trienode heal packet          peer=67e0712e reqid=7,329,552,428,554,147,647
WARN [10-07|23:55:36.750] Unexpected trienode heal packet          peer=78ed84aa reqid=6,718,581,921,127,636,691
WARN [10-07|23:55:37.257] Unexpected trienode heal packet          peer=8ed2a53c reqid=7,269,205,857,657,058,078
WARN [10-07|23:55:37.263] Unexpected trienode heal packet          peer=4d252257 reqid=3,232,640,661,426,997,943
INFO [10-07|23:55:37.742] State heal in progress                   accounts=17807@918.02KiB slots=116,036@8.54MiB codes=12790@108.54MiB nodes=305,540,924@89.98GiB pending=80638
WARN [10-07|23:55:39.079] Unexpected trienode heal packet          peer=2cd761db reqid=7,807,602,021,416,575,053
INFO [10-07|23:55:46.667] Imported new block headers               count=1    elapsed=10.657ms  number=13,374,829 hash=ece020..93d7f6
INFO [10-07|23:55:47.202] State heal in progress                   accounts=17807@918.02KiB slots=116,512@8.58MiB codes=12790@108.54MiB nodes=305,541,978@89.98GiB pending=80963