WARN [10-07|23:45:27.551] Unexpected trienode heal packet          peer=67e0712e reqid=7,551,231,544,433,421,194
WARN [10-07|23:45:27.593] Unexpected trienode heal packet          peer=c25dc4e4 reqid=746,077,659,048,015,398
INFO [10-07|23:45:38.565] State heal in progress                   accounts=13938@731.53KiB slots=106,445@7.80MiB codes=12789@108.54MiB nodes=305,492,977@89.97GiB pending=17460
WARN [10-07|23:45:43.111] Unexpected trienode heal packet          peer=d9f923cb reqid=2,136,661,007,531,538,358
WARN [10-07|23:45:44.718] Unexpected trienode heal packet          peer=d6127863 reqid=5,646,434,303,124,891,520
WARN [10-07|23:45:45.815] Unexpected trienode heal packet          peer=2875b082 reqid=3,848,244,770,406,616,500
WARN [10-07|23:45:45.872] Unexpected trienode heal packet          peer=d6e67cd4 reqid=7,691,784,566,776,174,721
INFO [10-07|23:45:46.921] Writing clean trie cache to disk         path=/data/eth-data/geth/triecache threads=1
INFO [10-07|23:45:46.940] Regenerated local transaction journal    transactions=0 accounts=0
INFO [10-07|23:45:49.122] Persisted the clean trie cache           path=/data/eth-data/geth/triecache elapsed=2.196s
INFO [10-07|23:45:51.498] State heal in progress                   accounts=13938@731.53KiB slots=106,445@7.80MiB codes=12789@108.54MiB nodes=305,495,372@89.97GiB pending=50982
WARN [10-07|23:45:51.500] Unexpected trienode heal packet          peer=91cee900 reqid=224,793,474,484,589,748
WARN [10-07|23:45:51.519] Unexpected trienode heal packet          peer=a5cef330 reqid=1,841,501,364,902,141,815
INFO [10-07|23:45:54.430] Imported new block headers               count=1    elapsed=17.277ms  number=13,374,795 hash=bf845b..1b4a1e
INFO [10-07|23:45:54.470] Downloader queue stats                   receiptTasks=0 blockTasks=0  itemSize=247.58KiB throttle=1059
INFO [10-07|23:46:00.823] State heal in progress                   accounts=13938@731.53KiB slots=106,445@7.80MiB codes=12789@108.54MiB nodes=305,496,236@89.97GiB pending=54720
WARN [10-07|23:46:00.823] Unexpected trienode heal packet          peer=63388568 reqid=6,103,522,729,190,400,382
WARN [10-07|23:46:05.095] Unexpected trienode heal packet          peer=d9f923cb reqid=7,020,743,133,365,868,832
WARN [10-07|23:46:05.137] Unexpected trienode heal packet          peer=2cd761db reqid=4,493,415,563,319,109,790
WARN [10-07|23:46:05.408] Unexpected trienode heal packet          peer=78ed84aa reqid=3,661,395,429,128,264,617
WARN [10-07|23:46:05.685] Unexpected trienode heal packet          peer=998a8de3 reqid=8,661,741,459,965,778,509
WARN [10-07|23:46:05.863] Unexpected trienode heal packet          peer=2d632ef7 reqid=4,152,009,127,180,619,363
WARN [10-07|23:46:06.254] Unexpected trienode heal packet          peer=8ed2a53c reqid=6,159,995,653,498,221,399
WARN [10-07|23:46:06.328] Unexpected trienode heal packet          peer=9c6767a3 reqid=8,590,370,806,889,251,574
WARN [10-07|23:46:06.411] Unexpected trienode heal packet          peer=d6127863 reqid=4,700,727,201,539,438,029
WARN [10-07|23:46:06.455] Unexpected trienode heal packet          peer=67e0712e reqid=7,884,848,955,423,574,063
WARN [10-07|23:46:06.525] Unexpected trienode heal packet          peer=c25dc4e4 reqid=8,302,062,653,077,992,173
WARN [10-07|23:46:06.588] Unexpected trienode heal packet          peer=4d252257 reqid=3,829,267,328,497,558,436
WARN [10-07|23:46:06.664] Unexpected trienode heal packet          peer=2875b082 reqid=6,765,226,486,955,966,270
WARN [10-07|23:46:06.699] Unexpected trienode heal packet          peer=d6e67cd4 reqid=2,615,702,881,606,745,842
WARN [10-07|23:46:06.874] Unexpected trienode heal packet          peer=91cee900 reqid=2,918,802,154,732,590,116
INFO [10-07|23:46:08.830] State heal in progress                   accounts=13938@731.53KiB slots=106,445@7.80MiB codes=12789@108.54MiB nodes=305,496,446@89.97GiB pending=55122
WARN [10-07|23:46:16.000] Unexpected trienode heal packet          peer=c25dc4e4 reqid=6,111,117,999,453,245,187
WARN [10-07|23:46:16.123] Unexpected trienode heal packet          peer=d9f923cb reqid=4,227,000,511,164,396,745
INFO [10-07|23:46:16.949] State heal in progress                   accounts=13938@731.53KiB slots=106,445@7.80MiB codes=12789@108.54MiB nodes=305,496,697@89.97GiB pending=55670
WARN [10-07|23:46:16.949] Unexpected trienode heal packet          peer=91cee900 reqid=8,067,402,697,096,963,304
WARN [10-07|23:46:16.978] Unexpected trienode heal packet          peer=63388568 reqid=8,831,036,086,892,670,843
WARN [10-07|23:46:17.438] Unexpected trienode heal packet          peer=2cd761db reqid=3,623,812,443,896,456,370
WARN [10-07|23:46:17.807] Unexpected trienode heal packet          peer=78ed84aa reqid=1,082,706,065,601,242,564
WARN [10-07|23:46:18.145] Unexpected trienode heal packet          peer=4d252257 reqid=3,418,750,903,541,711,061
WARN [10-07|23:46:18.291] Unexpected trienode heal packet          peer=998a8de3 reqid=8,697,066,471,765,155,378
WARN [10-07|23:46:18.765] Unexpected trienode heal packet          peer=2d632ef7 reqid=754,909,488,697,218,264
WARN [10-07|23:46:19.189] Unexpected trienode heal packet          peer=2875b082 reqid=3,173,921,736,307,050,026
WARN [10-07|23:46:19.350] Unexpected trienode heal packet          peer=8ed2a53c reqid=6,592,485,055,131,524,993
WARN [10-07|23:46:19.920] Unexpected trienode heal packet          peer=9c6767a3 reqid=5,369,099,447,321,349,243
WARN [10-07|23:46:20.325] Unexpected trienode heal packet          peer=d6127863 reqid=7,329,109,167,415,286,761
WARN [10-07|23:46:20.693] Unexpected trienode heal packet          peer=67e0712e reqid=8,890,049,859,559,646,036
WARN [10-07|23:46:21.183] Unexpected trienode heal packet          peer=d6e67cd4 reqid=2,684,368,675,002,409,596
INFO [10-07|23:46:29.070] State heal in progress                   accounts=13938@731.53KiB slots=106,445@7.80MiB codes=12789@108.54MiB nodes=305,497,043@89.97GiB pending=56333
WARN [10-07|23:46:29.070] Unexpected trienode heal packet          peer=a5cef330 reqid=1,182,421,535,282,898,649
WARN [10-07|23:46:34.956] Unexpected trienode heal packet          peer=c25dc4e4 reqid=4,670,328,436,209,087,781
WARN [10-07|23:46:34.987] Unexpected trienode heal packet          peer=d9f923cb reqid=8,205,947,783,915,242,128
WARN [10-07|23:46:35.031] Unexpected trienode heal packet          peer=91cee900 reqid=4,788,415,989,560,051,275
WARN [10-07|23:46:35.069] Unexpected trienode heal packet          peer=63388568 reqid=5,365,084,009,498,711,125
WARN [10-07|23:46:35.104] Unexpected trienode heal packet          peer=2cd761db reqid=2,759,303,728,388,702,014
WARN [10-07|23:46:35.166] Unexpected trienode heal packet          peer=78ed84aa reqid=6,427,536,998,696,295,937
WARN [10-07|23:46:35.197] Unexpected trienode heal packet          peer=4d252257 reqid=8,516,102,457,487,963,995
WARN [10-07|23:46:35.238] Unexpected trienode heal packet          peer=998a8de3 reqid=2,535,691,743,933,047,235
WARN [10-07|23:46:35.289] Unexpected trienode heal packet          peer=2875b082 reqid=2,169,934,123,657,698,258
WARN [10-07|23:46:35.336] Unexpected trienode heal packet          peer=8ed2a53c reqid=1,798,413,193,470,211,974
WARN [10-07|23:46:35.371] Unexpected trienode heal packet          peer=9c6767a3 reqid=6,483,536,409,833,472,234
WARN [10-07|23:46:35.416] Unexpected trienode heal packet          peer=d6127863 reqid=5,893,030,165,988,128,230
WARN [10-07|23:46:35.478] Unexpected trienode heal packet          peer=67e0712e reqid=5,894,574,107,839,840,447
INFO [10-07|23:46:38.375] State heal in progress                   accounts=13938@731.53KiB slots=106,445@7.80MiB codes=12789@108.54MiB nodes=305,497,322@89.97GiB pending=56893
INFO [10-07|23:46:39.622] Imported new block headers               count=1    elapsed=8.009ms   number=13,374,796 hash=28aee6..1df6dd age=1m16s
WARN [10-07|23:46:42.018] Unexpected trienode heal packet          peer=8ed2a53c reqid=2,297,402,289,946,333,554
WARN [10-07|23:46:42.347] Unexpected trienode heal packet          peer=4d252257 reqid=8,694,200,532,841,879,876
INFO [10-07|23:46:45.656] Imported new block headers               count=1    elapsed=6.558ms   number=13,374,797 hash=d89e40..0d20c3 age=1m20s
INFO [10-07|23:46:46.844] State heal in progress                   accounts=13938@731.53KiB slots=106,445@7.80MiB codes=12789@108.54MiB nodes=305,497,604@89.97GiB pending=57909
INFO [10-07|23:46:55.737] State heal in progress                   accounts=13938@731.53KiB slots=106,445@7.80MiB codes=12789@108.54MiB nodes=305,497,884@89.97GiB pending=58689
INFO [10-07|23:47:07.249] State heal in progress                   accounts=13938@731.53KiB slots=106,445@7.80MiB codes=12789@108.54MiB nodes=305,498,273@89.97GiB pending=59721
WARN [10-07|23:47:13.122] Dropping unsynced node during sync       id=86dbae7048a84d53 conn=dyndial addr=95.216.97.204:30303   type=Geth/v1.10.8-stable-...
INFO [10-07|23:47:21.814] Imported new block headers               count=1    elapsed=7.707ms   number=13,374,798 hash=28d4f6..bd018b age=1m28s
INFO [10-07|23:47:22.522] Downloader queue stats                   receiptTasks=0 blockTasks=0  itemSize=272.00KiB throttle=964
INFO [10-07|23:47:28.722] State heal in progress                   accounts=13938@731.53KiB slots=106,445@7.80MiB codes=12789@108.54MiB nodes=305,499,007@89.97GiB pending=61102
INFO [10-07|23:47:36.909] State heal in progress                   accounts=13940@731.62KiB slots=106,445@7.80MiB codes=12789@108.54MiB nodes=305,499,467@89.97GiB pending=61567
INFO [10-07|23:47:55.028] State heal in progress                   accounts=13942@731.71KiB slots=106,445@7.80MiB codes=12789@108.54MiB nodes=305,500,203@89.97GiB pending=63168
INFO [10-07|23:48:05.388] State heal in progress                   accounts=13969@732.89KiB slots=106,445@7.80MiB codes=12789@108.54MiB nodes=305,500,725@89.97GiB pending=63719
INFO [10-07|23:48:13.706] State heal in progress                   accounts=14004@734.65KiB slots=106,445@7.80MiB codes=12789@108.54MiB nodes=305,501,171@89.98GiB pending=64132
INFO [10-07|23:48:20.309] Imported new block headers               count=1    elapsed=7.590ms   number=13,374,799 hash=4411be..e3f8d6 age=1m44s
INFO [10-07|23:48:29.744] State heal in progress                   accounts=14021@735.51KiB slots=106,445@7.80MiB codes=12789@108.54MiB nodes=305,501,776@89.98GiB pending=65220
INFO [10-07|23:48:32.367] Imported new block headers               count=1    elapsed=7.644ms   number=13,374,800 hash=b95a72..102b0d age=1m51s
INFO [10-07|23:48:32.560] Downloader queue stats                   receiptTasks=0 blockTasks=0  itemSize=309.62KiB throttle=847
INFO [10-07|23:48:38.401] Imported new block headers               count=1    elapsed=5.623ms   number=13,374,801 hash=042d70..15dc8a age=1m18s
INFO [10-07|23:48:42.263] State heal in progress                   accounts=14177@742.89KiB slots=106,445@7.80MiB codes=12789@108.54MiB nodes=305,502,610@89.98GiB pending=65793
INFO [10-07|23:48:55.803] State heal in progress                   accounts=14336@750.65KiB slots=106,445@7.80MiB codes=12789@108.54MiB nodes=305,503,511@89.98GiB pending=66491
WARN [10-07|23:48:56.077] Unexpected trienode heal packet          peer=d6e67cd4 reqid=6,043,051,832,536,830,981
WARN [10-07|23:48:56.412] Unexpected trienode heal packet          peer=78ed84aa reqid=2,046,885,710,373,809,444
WARN [10-07|23:49:03.079] Unexpected trienode heal packet          peer=78ed84aa reqid=1,049,451,389,184,444,676
WARN [10-07|23:49:03.163] Unexpected trienode heal packet          peer=c25dc4e4 reqid=3,948,971,896,961,106,252
INFO [10-07|23:49:04.683] State heal in progress                   accounts=14431@755.05KiB slots=106,445@7.80MiB codes=12789@108.54MiB nodes=305,504,068@89.98GiB pending=66898
INFO [10-07|23:49:14.238] State heal in progress                   accounts=14544@760.21KiB slots=106,445@7.80MiB codes=12789@108.54MiB nodes=305,504,663@89.98GiB pending=67501
WARN [10-07|23:49:14.240] Unexpected trienode heal packet          peer=91cee900 reqid=1,541,273,247,940,536,375
WARN [10-07|23:49:14.267] Unexpected trienode heal packet          peer=78ed84aa reqid=2,917,664,573,723,428,279
INFO [10-07|23:49:20.587] Imported new block headers               count=2    elapsed=6.295ms   number=13,374,803 hash=c1a1c4..691a8c
INFO [10-07|23:49:23.624] Imported new block headers               count=1    elapsed=6.669ms   number=13,374,804 hash=56634c..41020c
INFO [10-07|23:49:25.027] State heal in progress                   accounts=14727@768.76KiB slots=106,446@7.80MiB codes=12789@108.54MiB nodes=305,505,404@89.98GiB pending=67690
WARN [10-07|23:49:28.443] Unexpected trienode heal packet          peer=2cd761db reqid=2,762,963,907,676,268,515
INFO [10-07|23:49:35.796] State heal in progress                   accounts=15100@786.85KiB slots=106,447@7.80MiB codes=12789@108.54MiB nodes=305,506,464@89.98GiB pending=67550
INFO [10-07|23:49:50.745] Imported new block headers               count=1    elapsed=6.811ms   number=13,374,805 hash=53cbf5..1c7435
INFO [10-07|23:49:51.286] State heal in progress                   accounts=15180@790.54KiB slots=106,447@7.80MiB codes=12789@108.54MiB nodes=305,507,143@89.98GiB pending=68017
INFO [10-07|23:49:51.610] Downloader queue stats                   receiptTasks=0 blockTasks=0  itemSize=277.15KiB throttle=946
INFO [10-07|23:49:59.921] State heal in progress                   accounts=15292@796.10KiB slots=106,447@7.80MiB codes=12789@108.54MiB nodes=305,507,620@89.98GiB pending=68224
INFO [10-07|23:50:02.813] Imported new block headers               count=1    elapsed=6.613ms   number=13,374,806 hash=3da7a4..6ba0cb
INFO [10-07|23:50:08.034] State heal in progress                   accounts=15412@802.03KiB slots=106,450@7.80MiB codes=12789@108.54MiB nodes=305,508,061@89.98GiB pending=68325
WARN [10-07|23:50:08.039] Unexpected bytecode heal packet          peer=2cd761db reqid=5,702,041,011,212,584,723
INFO [10-07|23:50:17.083] State heal in progress                   accounts=15482@805.69KiB slots=106,453@7.80MiB codes=12790@108.54MiB nodes=305,508,463@89.98GiB pending=68573
INFO [10-07|23:50:20.900] Imported new block headers               count=1    elapsed=6.010ms   number=13,374,807 hash=72fc62..f4b49b
WARN [10-07|23:50:24.612] Unexpected trienode heal packet          peer=998a8de3 reqid=8,254,924,119,689,109,952
WARN [10-07|23:50:24.615] Unexpected trienode heal packet          peer=91cee900 reqid=5,361,531,392,183,652,666
INFO [10-07|23:50:29.202] State heal in progress                   accounts=15779@820.66KiB slots=106,460@7.80MiB codes=12790@108.54MiB nodes=305,509,409@89.98GiB pending=68641
INFO [10-07|23:50:38.985] Imported new block headers               count=1    elapsed=6.026ms   number=13,374,808 hash=deca36..94d97e
INFO [10-07|23:50:39.216] State heal in progress                   accounts=15982@830.61KiB slots=106,467@7.80MiB codes=12790@108.54MiB nodes=305,510,051@89.98GiB pending=68775
INFO [10-07|23:50:47.358] State heal in progress                   accounts=16111@836.58KiB slots=106,470@7.80MiB codes=12790@108.54MiB nodes=305,510,563@89.98GiB pending=68942