WARN [10-06|06:26:18.662] Dropping unsynced node during sync       id=f3968a8e43262741 conn=inbound addr=212.80.12.97:52664    type=Geth/v1.10.9-stable-...
INFO [10-06|06:26:18.740] Looking for peers                        peercount=30 tried=2 static=0
WARN [10-06|06:26:19.838] Unexpected trienode heal packet          peer=2875b082 reqid=5,396,746,286,537,298,789
WARN [10-06|06:26:19.899] Unexpected trienode heal packet          peer=bfdaf535 reqid=3,015,032,445,859,983,347
INFO [10-06|06:26:22.348] Imported new block headers               count=1    elapsed=7.344ms   number=13,363,842 hash=017e0a..ff6ed9
INFO [10-06|06:26:25.079] State heal in progress                   accounts=2273@148.78KiB slots=1057@79.03KiB codes=12421@105.47MiB nodes=294,926,284@86.46GiB pending=94764
INFO [10-06|06:26:28.742] Looking for peers                        peercount=30 tried=3 static=0
INFO [10-06|06:26:33.089] State heal in progress                   accounts=2286@149.47KiB slots=1125@84.14KiB codes=12421@105.47MiB nodes=294,926,840@86.46GiB pending=95399
INFO [10-06|06:26:38.744] Looking for peers                        peercount=30 tried=2 static=0
INFO [10-06|06:26:41.236] State heal in progress                   accounts=2308@150.75KiB slots=1233@92.46KiB codes=12421@105.47MiB nodes=294,927,454@86.46GiB pending=95869
ERROR[10-06|06:26:44.279] Snapshot extension registration failed   peer=f80b417d err="peer connected on snap without compatible eth support"
INFO [10-06|06:26:48.746] Looking for peers                        peercount=31 tried=4 static=0
INFO [10-06|06:26:50.377] State heal in progress                   accounts=2327@152.04KiB slots=1412@106.19KiB codes=12421@105.47MiB nodes=294,928,219@86.46GiB pending=96398
INFO [10-06|06:26:52.497] Imported new block headers               count=1    elapsed=6.667ms   number=13,363,843 hash=90c82f..ebf394
INFO [10-06|06:26:58.533] Imported new block headers               count=1    elapsed=6.656ms   number=13,363,844 hash=e9a56c..fd6c21
INFO [10-06|06:26:58.747] Looking for peers                        peercount=33 tried=1 static=0
ERROR[10-06|06:26:58.900] Snapshot extension registration failed   peer=c65bf9fc err="peer connected on snap without compatible eth support"
INFO [10-06|06:26:59.915] State heal in progress                   accounts=2335@152.50KiB slots=1705@128.78KiB codes=12421@105.47MiB nodes=294,929,249@86.46GiB pending=96756
WARN [10-06|06:27:04.860] Unexpected trienode heal packet          peer=06d5494c reqid=1,062,650,932,115,094,879
INFO [10-06|06:27:07.581] Imported new block headers               count=1    elapsed=6.653ms   number=13,363,845 hash=ebcb70..c74c75
ERROR[10-06|06:27:08.607] Snapshot extension registration failed   peer=3a3c7aea err="peer connected on snap without compatible eth support"
INFO [10-06|06:27:08.801] Looking for peers                        peercount=31 tried=5 static=0
INFO [10-06|06:27:08.824] State heal in progress                   accounts=2342@152.92KiB slots=1805@136.39KiB codes=12421@105.47MiB nodes=294,929,822@86.46GiB pending=97114
WARN [10-06|06:27:11.464] Unexpected trienode heal packet          peer=92981910 reqid=3,484,788,334,338,856,881
WARN [10-06|06:27:13.183] Unexpected trienode heal packet          peer=71fb4a50 reqid=6,177,712,304,163,844,745
INFO [10-06|06:27:13.615] Imported new block headers               count=1    elapsed=6.559ms   number=13,363,846 hash=b5da8c..0409f6
INFO [10-06|06:27:14.053] Downloader queue stats                   receiptTasks=0    blockTasks=0    itemSize=279.80KiB throttle=937
WARN [10-06|06:27:16.006] Unexpected trienode heal packet          peer=2875b082 reqid=6,587,597,963,804,291,876
WARN [10-06|06:27:16.130] Unexpected trienode heal packet          peer=a5cef330 reqid=594,635,849,624,907,193
INFO [10-06|06:27:18.389] State heal in progress                   accounts=2357@153.93KiB slots=1947@147.34KiB codes=12421@105.47MiB nodes=294,930,510@86.47GiB pending=97653
WARN [10-06|06:27:18.390] Unexpected trienode heal packet          peer=bfdaf535 reqid=8,952,091,331,545,053,808
WARN [10-06|06:27:18.405] Unexpected trienode heal packet          peer=9300ae06 reqid=5,974,438,726,719,778,224
INFO [10-06|06:27:18.817] Looking for peers                        peercount=33 tried=2 static=0
ERROR[10-06|06:27:23.028] Snapshot extension registration failed   peer=63cbe74f err="peer connected on snap without compatible eth support"
INFO [10-06|06:27:25.685] Imported new block headers               count=1    elapsed=6.250ms   number=13,363,847 hash=eca7be..e34c19
INFO [10-06|06:27:28.324] State heal in progress                   accounts=2360@154.06KiB slots=2181@165.52KiB codes=12421@105.47MiB nodes=294,931,304@86.47GiB pending=97879
INFO [10-06|06:27:28.918] Looking for peers                        peercount=34 tried=4 static=0
INFO [10-06|06:27:31.720] Imported new block headers               count=1    elapsed=6.441ms   number=13,363,848 hash=22df7c..ab8079
INFO [10-06|06:27:36.608] State heal in progress                   accounts=2372@154.76KiB slots=2365@179.73KiB codes=12421@105.47MiB nodes=294,931,984@86.47GiB pending=98101
INFO [10-06|06:27:39.881] Looking for peers                        peercount=32 tried=4 static=0
ERROR[10-06|06:27:41.519] Snapshot extension registration failed   peer=cf4a3b30 err="peer connected on snap without compatible eth support"
INFO [10-06|06:27:43.790] Imported new block headers               count=2    elapsed=6.413ms   number=13,363,850 hash=678c24..09e56b
INFO [10-06|06:27:47.091] State heal in progress                   accounts=2393@156.01KiB slots=2543@193.49KiB codes=12421@105.47MiB nodes=294,932,774@86.47GiB pending=98615
INFO [10-06|06:27:49.825] Imported new block headers               count=1    elapsed=6.676ms   number=13,363,851 hash=a83e92..7e736f
INFO [10-06|06:27:50.853] Looking for peers                        peercount=33 tried=3 static=0
WARN [10-06|06:27:51.921] Unexpected trienode heal packet          peer=2875b082 reqid=191,375,179,528,418,617
INFO [10-06|06:27:52.846] Imported new block headers               count=1    elapsed=7.319ms   number=13,363,852 hash=09381c..0a5d04
INFO [10-06|06:27:55.794] State heal in progress                   accounts=2405@156.66KiB slots=2667@202.91KiB codes=12421@105.47MiB nodes=294,933,385@86.47GiB pending=99000
INFO [10-06|06:27:55.867] Imported new block headers               count=1    elapsed=7.049ms   number=13,363,853 hash=56f146..6ca888
INFO [10-06|06:28:01.447] Looking for peers                        peercount=31 tried=3 static=0
INFO [10-06|06:28:04.763] State heal in progress                   accounts=2422@157.84KiB slots=3031@231.58KiB codes=12421@105.47MiB nodes=294,934,298@86.47GiB pending=98959
ERROR[10-06|06:28:08.968] Snapshot extension registration failed   peer=50a867f1 err="peer connected on snap without compatible eth support"
INFO [10-06|06:28:11.449] Looking for peers                        peercount=34 tried=3 static=0
INFO [10-06|06:28:14.163] State heal in progress                   accounts=2428@158.18KiB slots=3468@265.66KiB codes=12421@105.47MiB nodes=294,935,380@86.47GiB pending=98807
INFO [10-06|06:28:19.961] Imported new block headers               count=1    elapsed=6.512ms   number=13,363,854 hash=ac6b3f..723e20
INFO [10-06|06:28:21.453] Looking for peers                        peercount=34 tried=6 static=0
INFO [10-06|06:28:22.204] State heal in progress                   accounts=2430@158.32KiB slots=3760@288.37KiB codes=12421@105.47MiB nodes=294,936,243@86.47GiB pending=98894
INFO [10-06|06:28:24.102] Downloader queue stats                   receiptTasks=0    blockTasks=0    itemSize=213.06KiB throttle=1231
INFO [10-06|06:28:31.259] State heal in progress                   accounts=2432@158.53KiB slots=4073@312.70KiB codes=12421@105.47MiB nodes=294,937,239@86.47GiB pending=99069
INFO [10-06|06:28:31.461] Looking for peers                        peercount=34 tried=3 static=0
INFO [10-06|06:28:40.364] State heal in progress                   accounts=2434@158.67KiB slots=4621@354.51KiB codes=12421@105.47MiB nodes=294,938,522@86.47GiB pending=99225
ERROR[10-06|06:28:40.530] Snapshot extension registration failed   peer=36a7624b err="peer connected on snap without compatible eth support"
INFO [10-06|06:28:41.462] Looking for peers                        peercount=32 tried=3 static=0
INFO [10-06|06:28:46.394] Imported new block headers               count=2    elapsed=12.100ms  number=13,363,856 hash=8992c8..fe2f8f
INFO [10-06|06:28:48.425] State heal in progress                   accounts=2434@158.67KiB slots=5066@389.01KiB codes=12421@105.47MiB nodes=294,939,592@86.47GiB pending=99520
INFO [10-06|06:28:51.464] Looking for peers                        peercount=34 tried=4 static=0
INFO [10-06|06:28:52.423] Imported new block headers               count=1    elapsed=7.080ms   number=13,363,857 hash=b6a975..f96e67
INFO [10-06|06:28:57.663] State heal in progress                   accounts=2435@158.78KiB slots=5565@427.47KiB codes=12421@105.47MiB nodes=294,940,804@86.47GiB pending=99573
WARN [10-06|06:28:59.815] Checkpoint challenge timed out, dropping id=03b946c3dcf02e5a conn=inbound addr=65.21.200.91:44628    type=erigon/v2021.10.1-al...
INFO [10-06|06:29:01.468] Looking for peers                        peercount=33 tried=6 static=0
ERROR[10-06|06:29:03.534] Snapshot extension registration failed   peer=37e7bf38 err="peer connected on snap without compatible eth support"
WARN [10-06|06:29:04.170] Unexpected trienode heal packet          peer=9300ae06 reqid=8,458,568,934,653,568,087
INFO [10-06|06:29:06.988] State heal in progress                   accounts=2437@158.87KiB slots=5812@446.88KiB codes=12421@105.47MiB nodes=294,941,589@86.47GiB pending=99780
WARN [10-06|06:29:06.989] Unexpected trienode heal packet          peer=92981910 reqid=4,259,261,006,175,969,461
INFO [10-06|06:29:10.499] Imported new block headers               count=1    elapsed=8.275ms   number=13,363,858 hash=220bb9..e09186
INFO [10-06|06:29:11.468] Looking for peers                        peercount=33 tried=2 static=0
INFO [10-06|06:29:15.149] State heal in progress                   accounts=2437@158.87KiB slots=6121@470.85KiB codes=12421@105.47MiB nodes=294,942,403@86.47GiB pending=99694
ERROR[10-06|06:29:15.227] Snapshot extension registration failed   peer=6c7a9e80 err="peer connected on snap without compatible eth support"
INFO [10-06|06:29:21.468] Looking for peers                        peercount=33 tried=3 static=0
INFO [10-06|06:29:24.107] State heal in progress                   accounts=2439@158.96KiB slots=6472@498.11KiB codes=12421@105.47MiB nodes=294,943,375@86.47GiB pending=99726
INFO [10-06|06:29:29.595] Imported new block headers               count=1    elapsed=9.595ms   number=13,363,859 hash=2e85f1..55e089
INFO [10-06|06:29:30.141] Downloader queue stats                   receiptTasks=0    blockTasks=0    itemSize=254.93KiB throttle=1029
WARN [10-06|06:29:30.536] Unexpected trienode heal packet          peer=9300ae06 reqid=7,043,835,656,373,524,966
INFO [10-06|06:29:31.471] Looking for peers                        peercount=34 tried=4 static=0
INFO [10-06|06:29:32.866] State heal in progress                   accounts=2444@159.34KiB slots=6748@519.33KiB codes=12421@105.47MiB nodes=294,944,188@86.47GiB pending=99785
INFO [10-06|06:29:35.624] Imported new block headers               count=1    elapsed=6.170ms   number=13,363,860 hash=5f9a6c..cc654e
WARN [10-06|06:29:39.974] Unexpected trienode heal packet          peer=2875b082 reqid=6,104,245,439,435,561,870
INFO [10-06|06:29:41.473] Looking for peers                        peercount=34 tried=3 static=0
INFO [10-06|06:29:41.652] State heal in progress                   accounts=2446@159.48KiB slots=7081@545.52KiB codes=12421@105.47MiB nodes=294,945,129@86.47GiB pending=99899
INFO [10-06|06:29:50.322] State heal in progress                   accounts=2446@159.48KiB slots=7474@576.22KiB codes=12421@105.47MiB nodes=294,946,203@86.47GiB pending=99783
INFO [10-06|06:29:51.474] Looking for peers                        peercount=34 tried=2 static=0
INFO [10-06|06:29:59.132] State heal in progress                   accounts=2447@159.53KiB slots=7874@607.39KiB codes=12421@105.47MiB nodes=294,947,235@86.47GiB pending=99603
INFO [10-06|06:30:00.013] Imported new block headers               count=1    elapsed=10.806ms  number=13,363,861 hash=4b049a..9ce13c age=1m1s
INFO [10-06|06:30:01.476] Looking for peers                        peercount=34 tried=3 static=0
INFO [10-06|06:30:03.031] Imported new block headers               count=1    elapsed=6.426ms   number=13,363,862 hash=ca5504..31e09e
WARN [10-06|06:30:06.912] Unexpected trienode heal packet          peer=92981910 reqid=5,425,877,696,757,431,749
INFO [10-06|06:30:07.840] State heal in progress                   accounts=2447@159.53KiB slots=8080@623.55KiB codes=12421@105.47MiB nodes=294,947,991@86.47GiB pending=99909
INFO [10-06|06:30:12.877] Looking for peers                        peercount=34 tried=6 static=0
INFO [10-06|06:30:16.190] State heal in progress                   accounts=2447@159.53KiB slots=8425@650.45KiB codes=12421@105.47MiB nodes=294,948,940@86.47GiB pending=99916
INFO [10-06|06:30:22.877] Looking for peers                        peercount=34 tried=2 static=0
INFO [10-06|06:30:24.285] State heal in progress                   accounts=2450@159.72KiB slots=8928@690.29KiB codes=12421@105.47MiB nodes=294,950,220@86.47GiB pending=99857
INFO [10-06|06:30:28.272] Imported new block headers               count=1    elapsed=7.998ms   number=13,363,863 hash=9e7999..c83b28
INFO [10-06|06:30:32.879] Looking for peers                        peercount=34 tried=4 static=0
INFO [10-06|06:30:33.200] State heal in progress                   accounts=2453@160.02KiB slots=9332@721.68KiB codes=12421@105.47MiB nodes=294,951,424@86.47GiB pending=99942
INFO [10-06|06:30:37.313] Imported new block headers               count=1    elapsed=6.033ms   number=13,363,864 hash=5c7dd3..77daec
WARN [10-06|06:30:37.764] Unexpected trienode heal packet          peer=9300ae06 reqid=3,751,057,971,317,980,477
INFO [10-06|06:30:38.188] Downloader queue stats                   receiptTasks=0    blockTasks=0    itemSize=253.51KiB throttle=1035
WARN [10-06|06:30:38.555] Unexpected trienode heal packet          peer=2875b082 reqid=8,197,509,082,202,383,104
INFO [10-06|06:30:42.643] State heal in progress                   accounts=2453@160.02KiB slots=9527@736.82KiB codes=12421@105.47MiB nodes=294,952,206@86.47GiB pending=100,891
INFO [10-06|06:30:42.880] Looking for peers                        peercount=34 tried=3 static=0
INFO [10-06|06:30:46.358] Imported new block headers               count=1    elapsed=9.029ms   number=13,363,865 hash=ce5321..f32d61
INFO [10-06|06:30:51.316] State heal in progress                   accounts=2454@160.12KiB slots=9834@760.98KiB codes=12421@105.47MiB nodes=294,953,091@86.47GiB pending=101,345
INFO [10-06|06:30:52.882] Looking for peers                        peercount=34 tried=3 static=0
INFO [10-06|06:30:55.992] Imported new block headers               count=1    elapsed=7.415ms   number=13,363,866 hash=77c2b5..e27739
INFO [10-06|06:30:59.986] State heal in progress                   accounts=2454@160.12KiB slots=10110@782.43KiB codes=12421@105.47MiB nodes=294,953,942@86.47GiB pending=101,491
ERROR[10-06|06:31:00.899] Snapshot extension registration failed   peer=dd93e8c0 err="peer connected on snap without compatible eth support"
INFO [10-06|06:31:03.039] Looking for peers                        peercount=34 tried=6 static=0
INFO [10-06|06:31:08.812] State heal in progress                   accounts=2454@160.12KiB slots=10528@814.80KiB codes=12421@105.47MiB nodes=294,955,031@86.47GiB pending=101,407
INFO [10-06|06:31:13.041] Looking for peers                        peercount=34 tried=3 static=0
WARN [10-06|06:31:16.220] Unexpected trienode heal packet          peer=2875b082 reqid=8,670,197,609,165,266,324
WARN [10-06|06:31:16.298] Checkpoint challenge timed out, dropping id=f874975fafdeb6da conn=inbound addr=135.125.160.122:55204 type=erigon/v2021.08.5-al...
INFO [10-06|06:31:18.053] State heal in progress                   accounts=2454@160.12KiB slots=10868@841.42KiB codes=12421@105.47MiB nodes=294,956,065@86.47GiB pending=101,741
WARN [10-06|06:31:18.055] Unexpected trienode heal packet          peer=bfdaf535 reqid=6,378,553,552,773,360,354
INFO [10-06|06:31:20.088] Imported new block headers               count=1    elapsed=7.126ms   number=13,363,867 hash=ef9efa..a63b4f
WARN [10-06|06:31:20.739] Unexpected trienode heal packet          peer=92981910 reqid=913,670,823,930,474,707
INFO [10-06|06:31:23.212] Looking for peers                        peercount=33 tried=2 static=0
WARN [10-06|06:31:24.308] Unexpected trienode heal packet          peer=57e6b6b6 reqid=5,221,124,808,539,599,409
INFO [10-06|06:31:26.610] State heal in progress                   accounts=2454@160.12KiB slots=11178@865.25KiB codes=12421@105.47MiB nodes=294,957,042@86.47GiB pending=102,351
WARN [10-06|06:31:32.348] Unexpected trienode heal packet          peer=bfdaf535 reqid=9,054,110,159,941,301,371
INFO [10-06|06:31:33.297] Looking for peers                        peercount=35 tried=5 static=0
INFO [10-06|06:31:36.093] State heal in progress                   accounts=2455@160.16KiB slots=11505@890.56KiB codes=12421@105.47MiB nodes=294,957,963@86.47GiB pending=102,429