2021-10-05 23:29:34 UTC Syncing #13361953 0x3f84…cad1     0.00 blk/s    0.0 tx/s    0.0 Mgas/s      0+   21 Qed Ancient:#12326084 LI:#13361975   13/25 peers      2 MiB chain    5 MiB queue  RPC:  0 conn,    0 req/s,    0 µs
2021-10-05 23:29:38 UTC Syncing #13361953 0x3f84…cad1     0.00 blk/s    0.0 tx/s    0.0 Mgas/s      0+   23 Qed Ancient:#12326084 LI:#13361977   13/25 peers      2 MiB chain    5 MiB queue  RPC:  0 conn,    0 req/s,    0 µs
2021-10-05 23:29:43 UTC Syncing #13361953 0x3f84…cad1     0.00 blk/s    0.0 tx/s    0.0 Mgas/s      0+   24 Qed Ancient:#12326084 LI:#13361978   14/25 peers      2 MiB chain    6 MiB queue  RPC:  0 conn,    0 req/s,    0 µs
2021-10-05 23:29:52 UTC Syncing #13361954 0x4ceb…7c6c     0.20 blk/s  111.4 tx/s    6.0 Mgas/s      0+   23 Qed Ancient:#12326085 LI:#13361978   13/25 peers      2 MiB chain    5 MiB queue  RPC:  0 conn,    0 req/s,    0 µs
2021-10-05 23:29:53 UTC Syncing #13361954 0x4ceb…7c6c     0.00 blk/s    0.0 tx/s    0.0 Mgas/s      0+   23 Qed Ancient:#12326085 LI:#13361978   13/25 peers      2 MiB chain    5 MiB queue  RPC:  0 conn,    0 req/s,    0 µs
2021-10-05 23:29:59 UTC Syncing #13361954 0x4ceb…7c6c     0.00 blk/s    0.0 tx/s    0.0 Mgas/s      0+   24 Qed Ancient:#12326085 LI:#13361979   14/25 peers      2 MiB chain    6 MiB queue  RPC:  0 conn,    0 req/s,    0 µs
2021-10-05 23:30:04 UTC Syncing #13361954 0x4ceb…7c6c     0.00 blk/s    0.0 tx/s    0.0 Mgas/s      0+   26 Qed Ancient:#12326085 LI:#13361981   16/25 peers      2 MiB chain    6 MiB queue  RPC:  0 conn,    0 req/s,    0 µs
2021-10-05 23:30:08 UTC Syncing #13361954 0x4ceb…7c6c     0.00 blk/s    0.0 tx/s    0.0 Mgas/s      0+   27 Qed Ancient:#12326085 LI:#13361982   22/25 peers      2 MiB chain    6 MiB queue  RPC:  0 conn,    0 req/s,    0 µs
2021-10-05 23:30:13 UTC Syncing #13361954 0x4ceb…7c6c     0.00 blk/s    0.0 tx/s    0.0 Mgas/s      0+   27 Qed Ancient:#12326085 LI:#13361982   24/25 peers      3 MiB chain    6 MiB queue  RPC:  0 conn,    0 req/s,    0 µs
2021-10-05 23:30:18 UTC Syncing #13361954 0x4ceb…7c6c     0.00 blk/s    0.0 tx/s    0.0 Mgas/s      0+   27 Qed Ancient:#12326085 LI:#13361982   24/25 peers      4 MiB chain    6 MiB queue  RPC:  0 conn,    0 req/s,    0 µs
2021-10-05 23:31:01 UTC Syncing #13361955 0x1a36…0885     0.02 blk/s   11.6 tx/s    0.7 Mgas/s      0+   30 Qed Ancient:#12326085 LI:#13361985   23/25 peers      4 MiB chain    7 MiB queue  RPC:  0 conn,    0 req/s,    0 µs
2021-10-05 23:31:22 UTC Syncing #13361955 0x1a36…0885     0.00 blk/s    0.0 tx/s    0.0 Mgas/s      0+   31 Qed Ancient:#12326303 LI:#13361986   23/25 peers      6 MiB chain    8 MiB queue  RPC:  0 conn,    0 req/s,    0 µs
2021-10-05 23:31:29 UTC Syncing #13361955 0x1a36…0885     0.00 blk/s    0.0 tx/s    0.0 Mgas/s      0+   31 Qed Ancient:#12326435 LI:#13361986   22/25 peers      4 MiB chain    8 MiB queue  RPC:  0 conn,    0 req/s,    0 µs
2021-10-05 23:32:01 UTC Syncing #13361955 0x1a36…0885     0.00 blk/s    0.0 tx/s    0.0 Mgas/s      0+   33 Qed Ancient:#12327026 LI:#13361988   25/25 peers     36 KiB chain    8 MiB queue  RPC:  0 conn,    0 req/s,    0 µs
2021-10-05 23:32:20 UTC Syncing #13361955 0x1a36…0885     0.00 blk/s    0.0 tx/s    0.0 Mgas/s      0+   34 Qed Ancient:#12327339 LI:#13361989   22/25 peers    0 bytes chain    9 MiB queue  RPC:  0 conn,    0 req/s,    0 µs
2021-10-05 23:32:20 UTC Syncing #13361955 0x1a36…0885     0.00 blk/s    0.0 tx/s    0.0 Mgas/s      0+   34 Qed Ancient:#12327488 LI:#13361989   22/25 peers      4 MiB chain    9 MiB queue  RPC:  0 conn,    0 req/s,    0 µs
2021-10-05 23:32:39 UTC Syncing #13361955 0x1a36…0885     0.00 blk/s    0.0 tx/s    0.0 Mgas/s      0+   35 Qed Ancient:#12327489 LI:#13361991   21/25 peers      4 MiB chain    9 MiB queue  RPC:  0 conn,    0 req/s,    0 µs
2021-10-05 23:32:39 UTC Syncing #13361955 0x1a36…0885     0.00 blk/s    0.0 tx/s    0.0 Mgas/s      0+   35 Qed Ancient:#12327489 LI:#13361991   21/25 peers      4 MiB chain    9 MiB queue  RPC:  0 conn,    0 req/s,    0 µs
2021-10-05 23:32:51 UTC Syncing #13361956 0x8ebd…649f     0.23 blk/s   36.6 tx/s    2.1 Mgas/s      0+   34 Qed Ancient:#12327490 LI:#13361991   21/25 peers      4 MiB chain    9 MiB queue  RPC:  0 conn,    0 req/s,    0 µs
2021-10-05 23:32:51 UTC Syncing #13361956 0x8ebd…649f     0.00 blk/s    0.0 tx/s    0.0 Mgas/s      0+   34 Qed Ancient:#12327490 LI:#13361991   21/25 peers      4 MiB chain    9 MiB queue  RPC:  0 conn,    0 req/s,    0 µs
2021-10-05 23:32:54 UTC Syncing #13361956 0x8ebd…649f     0.00 blk/s    0.0 tx/s    0.0 Mgas/s      0+   38 Qed Ancient:#12327490 LI:#13361994   19/25 peers      4 MiB chain   10 MiB queue  RPC:  0 conn,    0 req/s,    0 µs
2021-10-05 23:33:05 UTC Syncing #13361957 0x225c…776c     0.20 blk/s   13.8 tx/s    1.5 Mgas/s      0+   37 Qed Ancient:#12327491 LI:#13361994   19/25 peers      4 MiB chain   10 MiB queue  RPC:  0 conn,    0 req/s,    0 µs
2021-10-05 23:33:05 UTC Syncing #13361958 0xa7a7…d069     0.14 blk/s    4.0 tx/s    0.3 Mgas/s      0+   36 Qed Ancient:#12327492 LI:#13361994   17/25 peers      4 MiB chain    9 MiB queue  RPC:  0 conn,    0 req/s,    0 µs
2021-10-05 23:33:14 UTC Syncing #13361958 0xa7a7…d069     0.00 blk/s    0.0 tx/s    0.0 Mgas/s      0+   37 Qed Ancient:#12327492 LI:#13361995   14/25 peers      4 MiB chain   10 MiB queue  RPC:  0 conn,    0 req/s,    0 µs
2021-10-05 23:33:14 UTC Syncing #13361958 0xa7a7…d069     0.00 blk/s    0.0 tx/s    0.0 Mgas/s      0+   37 Qed Ancient:#12327492 LI:#13361995   14/25 peers      4 MiB chain   10 MiB queue  RPC:  0 conn,    0 req/s,    0 µs
2021-10-05 23:33:25 UTC Syncing #13361958 0xa7a7…d069     0.00 blk/s    0.0 tx/s    0.0 Mgas/s      0+   38 Qed Ancient:#12327492 LI:#13361996   12/25 peers      4 MiB chain   10 MiB queue  RPC:  0 conn,    0 req/s,    0 µs
2021-10-05 23:33:25 UTC Syncing #13361958 0xa7a7…d069     0.00 blk/s    0.0 tx/s    0.0 Mgas/s      0+   38 Qed Ancient:#12327492 LI:#13361996   12/25 peers      4 MiB chain   10 MiB queue  RPC:  0 conn,    0 req/s,    0 µs
2021-10-05 23:33:28 UTC Syncing #13361958 0xa7a7…d069     0.00 blk/s    0.0 tx/s    0.0 Mgas/s      0+   40 Qed Ancient:#12327492 LI:#13361998   12/25 peers      4 MiB chain   10 MiB queue  RPC:  0 conn,    0 req/s,    0 µs
2021-10-05 23:33:33 UTC Syncing #13361958 0xa7a7…d069     0.00 blk/s    0.0 tx/s    0.0 Mgas/s      0+   40 Qed Ancient:#12327492 LI:#13361998   12/25 peers      4 MiB chain   10 MiB queue  RPC:  0 conn,    0 req/s,    0 µs
2021-10-05 23:33:46 UTC Syncing #13361959 0x1586…5267     0.20 blk/s   26.8 tx/s    3.0 Mgas/s      0+   39 Qed Ancient:#12327493 LI:#13361998   12/25 peers      4 MiB chain   10 MiB queue  RPC:  0 conn,    0 req/s,    0 µs
2021-10-05 23:33:46 UTC Syncing #13361960 0x68d5…d9d4     0.20 blk/s   17.1 tx/s    1.9 Mgas/s      0+   38 Qed Ancient:#12327494 LI:#13361999   12/25 peers      4 MiB chain   10 MiB queue  RPC:  0 conn,    0 req/s,    0 µs
2021-10-05 23:33:52 UTC Syncing #13361960 0x68d5…d9d4     0.00 blk/s    0.0 tx/s    0.0 Mgas/s      0+   39 Qed Ancient:#12327494 LI:#13361999   12/25 peers      4 MiB chain   10 MiB queue  RPC:  0 conn,    0 req/s,    0 µs
2021-10-05 23:33:53 UTC Syncing #13361960 0x68d5…d9d4     0.00 blk/s    0.0 tx/s    0.0 Mgas/s      0+   39 Qed Ancient:#12327494 LI:#13361999   12/25 peers      4 MiB chain   10 MiB queue  RPC:  0 conn,    0 req/s,    0 µs
2021-10-05 23:33:59 UTC Syncing #13361960 0x68d5…d9d4     0.00 blk/s    0.0 tx/s    0.0 Mgas/s      0+   39 Qed Ancient:#12327494 LI:#13361999   12/25 peers      4 MiB chain   10 MiB queue  RPC:  0 conn,    0 req/s,    0 µs
2021-10-05 23:34:05 UTC Syncing #13361960 0x68d5…d9d4     0.00 blk/s    0.0 tx/s    0.0 Mgas/s      0+   39 Qed Ancient:#12327494 LI:#13361999   12/25 peers      4 MiB chain   10 MiB queue  RPC:  0 conn,    0 req/s,    0 µs
2021-10-05 23:34:13 UTC Syncing #13361961 0xecb6…7147     0.20 blk/s   52.0 tx/s    4.9 Mgas/s      0+   39 Qed Ancient:#12327495 LI:#13362000   13/25 peers      4 MiB chain   11 MiB queue  RPC:  0 conn,    0 req/s,    0 µs
2021-10-05 23:34:18 UTC Syncing #13361962 0x2b55…7e66     0.20 blk/s    6.0 tx/s    0.5 Mgas/s      0+   38 Qed Ancient:#12327496 LI:#13362000   13/25 peers      4 MiB chain   11 MiB queue  RPC:  0 conn,    0 req/s,    0 µs
2021-10-05 23:34:18 UTC Syncing #13361962 0x2b55…7e66     0.00 blk/s    0.0 tx/s    0.0 Mgas/s      0+   38 Qed Ancient:#12327496 LI:#13362000   13/25 peers      4 MiB chain   11 MiB queue  RPC:  0 conn,    0 req/s,    0 µs
2021-10-05 23:34:23 UTC Syncing #13361962 0x2b55…7e66     0.00 blk/s    0.0 tx/s    0.0 Mgas/s      0+   38 Qed Ancient:#12327496 LI:#13362000   26/50 peers      4 MiB chain   11 MiB queue  RPC:  0 conn,    0 req/s,    0 µs
2021-10-05 23:34:29 UTC Syncing #13361962 0x2b55…7e66     0.00 blk/s    0.0 tx/s    0.0 Mgas/s      0+   39 Qed Ancient:#12327496 LI:#13362001   27/50 peers      4 MiB chain   11 MiB queue  RPC:  0 conn,    0 req/s,    0 µs
2021-10-05 23:34:34 UTC Syncing #13361962 0x2b55…7e66     0.00 blk/s    0.0 tx/s    0.0 Mgas/s      0+   39 Qed Ancient:#12327496 LI:#13362001   27/50 peers      4 MiB chain   11 MiB queue  RPC:  0 conn,    0 req/s,    0 µs
2021-10-05 23:34:40 UTC Syncing #13361962 0x2b55…7e66     0.00 blk/s    0.0 tx/s    0.0 Mgas/s      0+   39 Qed Ancient:#12327496 LI:#13362001   27/50 peers      4 MiB chain   11 MiB queue  RPC:  0 conn,    0 req/s,    0 µs
2021-10-05 23:34:43 UTC Syncing #13361962 0x2b55…7e66     0.00 blk/s    0.0 tx/s    0.0 Mgas/s      0+   39 Qed Ancient:#12327496 LI:#13362001   29/50 peers      4 MiB chain   11 MiB queue  RPC:  0 conn,    0 req/s,    0 µs
2021-10-05 23:34:48 UTC Syncing #13361962 0x2b55…7e66     0.00 blk/s    0.0 tx/s    0.0 Mgas/s      0+   39 Qed Ancient:#12327496 LI:#13362001   29/50 peers      4 MiB chain   11 MiB queue  RPC:  0 conn,    0 req/s,    0 µs
2021-10-05 23:34:54 UTC Syncing #13361962 0x2b55…7e66     0.00 blk/s    0.0 tx/s    0.0 Mgas/s      0+   39 Qed Ancient:#12327496 LI:#13362001   29/50 peers      4 MiB chain   11 MiB queue  RPC:  0 conn,    0 req/s,    0 µs
2021-10-05 23:35:06 UTC Syncing #13361963 0x40eb…7090     0.20 blk/s   62.0 tx/s    6.0 Mgas/s      0+   39 Qed Ancient:#12327497 LI:#13362002   27/50 peers      4 MiB chain   11 MiB queue  RPC:  0 conn,    0 req/s,    0 µs
2021-10-05 23:35:06 UTC Syncing #13361964 0x9e17…5b7e     0.14 blk/s    7.9 tx/s    0.9 Mgas/s      0+   38 Qed Ancient:#12327498 LI:#13362002   27/50 peers      4 MiB chain   11 MiB queue  RPC:  0 conn,    0 req/s,    0 µs
2021-10-05 23:35:12 UTC Syncing #13361964 0x9e17…5b7e     0.00 blk/s    0.0 tx/s    0.0 Mgas/s      0+   40 Qed Ancient:#12327498 LI:#13362004   24/25 peers      4 MiB chain   11 MiB queue  RPC:  0 conn,    0 req/s,    0 µs
2021-10-05 23:35:13 UTC Syncing #13361964 0x9e17…5b7e     0.00 blk/s    0.0 tx/s    0.0 Mgas/s      0+   41 Qed Ancient:#12327498 LI:#13362005   24/25 peers      4 MiB chain   12 MiB queue  RPC:  0 conn,    0 req/s,    0 µs
2021-10-05 23:35:22 UTC Syncing #13361964 0x9e17…5b7e     0.00 blk/s    0.0 tx/s    0.0 Mgas/s      0+   41 Qed Ancient:#12327498 LI:#13362005   23/25 peers      4 MiB chain   12 MiB queue  RPC:  0 conn,    0 req/s,    0 µs
2021-10-05 23:35:23 UTC Syncing #13361964 0x9e17…5b7e     0.00 blk/s    0.0 tx/s    0.0 Mgas/s      0+   41 Qed Ancient:#12327498 LI:#13362005   23/25 peers      4 MiB chain   12 MiB queue  RPC:  0 conn,    0 req/s,    0 µs
2021-10-05 23:35:35 UTC Syncing #13361965 0x78cc…c599     0.10 blk/s   28.8 tx/s    2.3 Mgas/s      0+   40 Qed Ancient:#12327499 LI:#13362005   23/25 peers      4 MiB chain   11 MiB queue  RPC:  0 conn,    0 req/s,    0 µs
2021-10-05 23:35:35 UTC Syncing #13361965 0x78cc…c599     0.20 blk/s   57.6 tx/s    4.5 Mgas/s      0+   40 Qed Ancient:#12327499 LI:#13362005   23/25 peers      4 MiB chain   11 MiB queue  RPC:  0 conn,    0 req/s,    0 µs