2021-10-05 23:49:38 UTC  Ancient:#12330827 AB:#12330827    0/25 peers      5 KiB chain  0 bytes queue  RPC:  0 conn,    0 req/s,    0 µs
2021-10-05 23:50:04 UTC Syncing #13362056 0x3681…0123     0.00 blk/s    0.0 tx/s    0.0 Mgas/s      0+    0 Qed Ancient:#12330827 LI:#13362056    3/25 peers      5 KiB chain  0 bytes queue  RPC:  0 conn,    0 req/s,    0 µs
2021-10-05 23:50:09 UTC Syncing #13362056 0x3681…0123     0.00 blk/s    0.0 tx/s    0.0 Mgas/s      0+    9 Qed Ancient:#12330827 LI:#13362066    5/25 peers     78 KiB chain    3 MiB queue  RPC:  0 conn,    0 req/s,    0 µs
2021-10-05 23:50:19 UTC Syncing #13362057 0xe121…bff6     0.10 blk/s    6.3 tx/s    0.3 Mgas/s      0+    8 Qed Ancient:#12330830 LI:#13362066    4/25 peers    214 KiB chain    3 MiB queue  RPC:  0 conn,    0 req/s,    0 µs
2021-10-05 23:50:19 UTC Syncing #13362057 0xe121…bff6     0.20 blk/s   12.6 tx/s    0.6 Mgas/s      0+    8 Qed Ancient:#12330830 LI:#13362066    4/25 peers    214 KiB chain    3 MiB queue  RPC:  0 conn,    0 req/s,    0 µs
2021-10-05 23:50:24 UTC Syncing #13362057 0xe121…bff6     0.00 blk/s    0.0 tx/s    0.0 Mgas/s      0+    8 Qed Ancient:#12330830 LI:#13362066    3/25 peers    214 KiB chain    3 MiB queue  RPC:  0 conn,    0 req/s,    0 µs
2021-10-05 23:50:29 UTC Syncing #13362057 0xe121…bff6     0.00 blk/s    0.0 tx/s    0.0 Mgas/s      0+    8 Qed Ancient:#12330830 LI:#13362066    5/25 peers    215 KiB chain    3 MiB queue  RPC:  0 conn,    0 req/s,    0 µs
2021-10-05 23:50:35 UTC Syncing #13362057 0xe121…bff6     0.00 blk/s    0.0 tx/s    0.0 Mgas/s      0+    8 Qed Ancient:#12330830 LI:#13362066    6/25 peers    215 KiB chain    3 MiB queue  RPC:  0 conn,    0 req/s,    0 µs
2021-10-05 23:50:45 UTC Syncing #13362058 0x075b…8995     0.10 blk/s   24.6 tx/s    3.0 Mgas/s      0+    7 Qed Ancient:#12330832 LI:#13362066    6/25 peers    215 KiB chain    2 MiB queue  RPC:  0 conn,    0 req/s,    0 µs
2021-10-05 23:50:45 UTC Syncing #13362058 0x075b…8995     0.20 blk/s   49.2 tx/s    6.0 Mgas/s      0+    7 Qed Ancient:#12330832 LI:#13362066    6/25 peers    215 KiB chain    2 MiB queue  RPC:  0 conn,    0 req/s,    0 µs
2021-10-05 23:50:49 UTC Syncing #13362058 0x075b…8995     0.00 blk/s    0.0 tx/s    0.0 Mgas/s      0+    8 Qed Ancient:#12330832 LI:#13362067    6/25 peers    215 KiB chain    3 MiB queue  RPC:  0 conn,    0 req/s,    0 µs
2021-10-05 23:50:54 UTC Syncing #13362058 0x075b…8995     0.00 blk/s    0.0 tx/s    0.0 Mgas/s      0+    8 Qed Ancient:#12330832 LI:#13362067    7/25 peers    215 KiB chain    3 MiB queue  RPC:  0 conn,    0 req/s,    0 µs
2021-10-05 23:50:59 UTC Syncing #13362058 0x075b…8995     0.00 blk/s    0.0 tx/s    0.0 Mgas/s      0+    8 Qed Ancient:#12330832 LI:#13362067   10/25 peers    215 KiB chain    3 MiB queue  RPC:  0 conn,    0 req/s,    0 µs
2021-10-05 23:51:04 UTC Syncing #13362058 0x075b…8995     0.00 blk/s    0.0 tx/s    0.0 Mgas/s      0+    9 Qed Ancient:#12330832 LI:#13362068   12/25 peers    215 KiB chain    3 MiB queue  RPC:  0 conn,    0 req/s,    0 µs
2021-10-05 23:51:15 UTC Syncing #13362059 0x357d…783f     0.20 blk/s   59.8 tx/s    6.0 Mgas/s      0+    8 Qed Ancient:#12330833 LI:#13362068   12/25 peers    356 KiB chain    2 MiB queue  RPC:  0 conn,    0 req/s,    0 µs
2021-10-05 23:51:15 UTC Syncing #13362059 0x357d…783f     0.10 blk/s   29.9 tx/s    3.0 Mgas/s      0+    8 Qed Ancient:#12330833 LI:#13362068   12/25 peers    356 KiB chain    2 MiB queue  RPC:  0 conn,    0 req/s,    0 µs
2021-10-05 23:51:19 UTC Syncing #13362059 0x357d…783f     0.00 blk/s    0.0 tx/s    0.0 Mgas/s      0+   10 Qed Ancient:#12330833 LI:#13362069   12/25 peers    356 KiB chain    3 MiB queue  RPC:  0 conn,    0 req/s,    0 µs
2021-10-05 23:51:24 UTC Syncing #13362059 0x357d…783f     0.00 blk/s    0.0 tx/s    0.0 Mgas/s      0+   10 Qed Ancient:#12330833 LI:#13362069   19/25 peers    356 KiB chain    3 MiB queue  RPC:  0 conn,    0 req/s,    0 µs
2021-10-05 23:51:31 UTC Syncing #13362063 0xa0db…69d9     0.80 blk/s   73.8 tx/s    6.0 Mgas/s      0+    6 Qed Ancient:#12330837 LI:#13362069   20/25 peers    912 KiB chain    2 MiB queue  RPC:  0 conn,    0 req/s,    0 µs
2021-10-05 23:51:34 UTC Syncing #13362063 0xa0db…69d9     0.00 blk/s    0.0 tx/s    0.0 Mgas/s      0+    6 Qed Ancient:#12330837 LI:#13362069   20/25 peers    912 KiB chain    2 MiB queue  RPC:  0 conn,    0 req/s,    0 µs
2021-10-05 23:51:40 UTC Syncing #13362063 0xa0db…69d9     0.00 blk/s    0.0 tx/s    0.0 Mgas/s      0+    7 Qed Ancient:#12330837 LI:#13362070   22/25 peers    912 KiB chain    3 MiB queue  RPC:  0 conn,    0 req/s,    0 µs
2021-10-05 23:51:45 UTC Syncing #13362063 0xa0db…69d9     0.00 blk/s    0.0 tx/s    0.0 Mgas/s      0+    8 Qed Ancient:#12330837 LI:#13362071   22/25 peers    912 KiB chain    3 MiB queue  RPC:  0 conn,    0 req/s,    0 µs
2021-10-05 23:51:50 UTC Syncing #13362063 0xa0db…69d9     0.00 blk/s    0.0 tx/s    0.0 Mgas/s      0+    8 Qed Ancient:#12330837 LI:#13362071   23/25 peers    913 KiB chain    3 MiB queue  RPC:  0 conn,    0 req/s,    0 µs
2021-10-05 23:51:54 UTC Syncing #13362063 0xa0db…69d9     0.00 blk/s    0.0 tx/s    0.0 Mgas/s      0+    8 Qed Ancient:#12330837 LI:#13362071   22/25 peers    913 KiB chain    3 MiB queue  RPC:  0 conn,    0 req/s,    0 µs
2021-10-05 23:52:02 UTC Syncing #13362064 0x186d…7e80     0.20 blk/s   97.8 tx/s    6.0 Mgas/s      0+    7 Qed Ancient:#12330838 LI:#13362071   22/25 peers      1 MiB chain    2 MiB queue  RPC:  0 conn,    0 req/s,    0 µs
2021-10-05 23:52:04 UTC Syncing #13362064 0x186d…7e80     0.00 blk/s    0.0 tx/s    0.0 Mgas/s      0+    8 Qed Ancient:#12330838 LI:#13362072   21/25 peers      1 MiB chain    3 MiB queue  RPC:  0 conn,    0 req/s,    0 µs
2021-10-05 23:52:09 UTC Syncing #13362064 0x186d…7e80     0.00 blk/s    0.0 tx/s    0.0 Mgas/s      0+    8 Qed Ancient:#12330838 LI:#13362072   22/25 peers      1 MiB chain    3 MiB queue  RPC:  0 conn,    0 req/s,    0 µs
2021-10-05 23:52:14 UTC Syncing #13362064 0x186d…7e80     0.00 blk/s    0.0 tx/s    0.0 Mgas/s      0+    8 Qed Ancient:#12330838 LI:#13362072   22/25 peers      1 MiB chain    3 MiB queue  RPC:  0 conn,    0 req/s,    0 µs
2021-10-05 23:52:19 UTC Syncing #13362064 0x186d…7e80     0.00 blk/s    0.0 tx/s    0.0 Mgas/s      0+    8 Qed Ancient:#12330838 LI:#13362072   22/25 peers      1 MiB chain    3 MiB queue  RPC:  0 conn,    0 req/s,    0 µs
2021-10-05 23:52:26 UTC Syncing #13362064 0x186d…7e80     0.00 blk/s    0.0 tx/s    0.0 Mgas/s      0+    8 Qed Ancient:#12330838 LI:#13362072   22/25 peers      1 MiB chain    3 MiB queue  RPC:  0 conn,    0 req/s,    0 µs
2021-10-05 23:52:40 UTC Syncing #13362065 0xe5b6…3a78     0.07 blk/s   25.7 tx/s    2.0 Mgas/s      0+    7 Qed Ancient:#12330839 LI:#13362072   22/25 peers      1 MiB chain    2 MiB queue  RPC:  0 conn,    0 req/s,    0 µs
2021-10-05 23:52:40 UTC Syncing #13362065 0xe5b6…3a78     0.20 blk/s   77.2 tx/s    6.0 Mgas/s      0+    7 Qed Ancient:#12330839 LI:#13362072   22/25 peers      1 MiB chain    2 MiB queue  RPC:  0 conn,    0 req/s,    0 µs
2021-10-05 23:52:40 UTC Syncing #13362065 0xe5b6…3a78     0.10 blk/s   38.6 tx/s    3.0 Mgas/s      0+    7 Qed Ancient:#12330839 LI:#13362072   22/25 peers      1 MiB chain    2 MiB queue  RPC:  0 conn,    0 req/s,    0 µs
2021-10-05 23:52:44 UTC Syncing #13362065 0xe5b6…3a78     0.00 blk/s    0.0 tx/s    0.0 Mgas/s      0+    8 Qed Ancient:#12330839 LI:#13362073   17/25 peers      1 MiB chain    3 MiB queue  RPC:  0 conn,    0 req/s,    0 µs
2021-10-05 23:52:49 UTC Syncing #13362065 0xe5b6…3a78     0.00 blk/s    0.0 tx/s    0.0 Mgas/s      0+    8 Qed Ancient:#12330839 LI:#13362073   18/25 peers      2 MiB chain    3 MiB queue  RPC:  0 conn,    0 req/s,    0 µs
2021-10-05 23:52:56 UTC Syncing #13362066 0x050b…58a1     0.20 blk/s   52.6 tx/s    6.0 Mgas/s      0+    8 Qed Ancient:#12330840 LI:#13362074   19/25 peers      2 MiB chain    2 MiB queue  RPC:  0 conn,    0 req/s,    0 µs
2021-10-05 23:53:09 UTC Syncing #13362066 0x050b…58a1     0.00 blk/s    0.0 tx/s    0.0 Mgas/s      0+    8 Qed Ancient:#12330840 LI:#13362074   19/25 peers      2 MiB chain    2 MiB queue  RPC:  0 conn,    0 req/s,    0 µs
2021-10-05 23:53:09 UTC Syncing #13362066 0x050b…58a1     0.00 blk/s    0.0 tx/s    0.0 Mgas/s      0+    8 Qed Ancient:#12330840 LI:#13362074   19/25 peers      2 MiB chain    2 MiB queue  RPC:  0 conn,    0 req/s,    0 µs
2021-10-05 23:53:09 UTC Syncing #13362066 0x050b…58a1     0.00 blk/s    0.0 tx/s    0.0 Mgas/s      0+    8 Qed Ancient:#12330840 LI:#13362074   19/25 peers      2 MiB chain    2 MiB queue  RPC:  0 conn,    0 req/s,    0 µs
2021-10-05 23:53:15 UTC Syncing #13362066 0x050b…58a1     0.00 blk/s    0.0 tx/s    0.0 Mgas/s      0+    9 Qed Ancient:#12330840 LI:#13362075   18/25 peers      2 MiB chain    2 MiB queue  RPC:  0 conn,    0 req/s,    0 µs
2021-10-05 23:53:23 UTC Syncing #13362067 0x7349…14d0     0.20 blk/s   72.4 tx/s    5.4 Mgas/s      0+    8 Qed Ancient:#12330841 LI:#13362075   18/25 peers      2 MiB chain    2 MiB queue  RPC:  0 conn,    0 req/s,    0 µs
2021-10-05 23:53:28 UTC Syncing #13362068 0xb8b9…c331     0.20 blk/s   27.0 tx/s    1.8 Mgas/s      0+    7 Qed Ancient:#12330842 LI:#13362075   16/25 peers      2 MiB chain    2 MiB queue  RPC:  0 conn,    0 req/s,    0 µs
2021-10-05 23:53:29 UTC Syncing #13362069 0x35f6…81f5     0.20 blk/s   16.2 tx/s    1.0 Mgas/s      0+    7 Qed Ancient:#12330843 LI:#13362076   16/25 peers      2 MiB chain    2 MiB queue  RPC:  0 conn,    0 req/s,    0 µs
2021-10-05 23:53:34 UTC Syncing #13362069 0x35f6…81f5     0.20 blk/s   28.0 tx/s    1.9 Mgas/s      0+    6 Qed Ancient:#12330844 LI:#13362076   16/25 peers      2 MiB chain    2 MiB queue  RPC:  0 conn,    0 req/s,    0 µs
2021-10-05 23:53:39 UTC Syncing #13362069 0x35f6…81f5     0.00 blk/s    0.0 tx/s    0.0 Mgas/s      0+    7 Qed Ancient:#12330844 LI:#13362077   16/25 peers      2 MiB chain    2 MiB queue  RPC:  0 conn,    0 req/s,    0 µs
2021-10-05 23:53:44 UTC Syncing #13362069 0x35f6…81f5     0.00 blk/s    0.0 tx/s    0.0 Mgas/s      0+    7 Qed Ancient:#12330844 LI:#13362077   10/25 peers      2 MiB chain    2 MiB queue  RPC:  0 conn,    0 req/s,    0 µs
2021-10-05 23:53:48 UTC Reorg to #13362070 0xbfb5…46ba (0x35f6…81f5 #13362068 0xb8b9…c331 0x837b…8c5a)
2021-10-05 23:53:54 UTC Syncing #13362070 0xbfb5…46ba     0.20 blk/s   52.2 tx/s    3.1 Mgas/s      0+    8 Qed Ancient:#12330845 LI:#13362079   10/25 peers      3 MiB chain    2 MiB queue  RPC:  0 conn,    0 req/s,    0 µs
2021-10-05 23:53:54 UTC Syncing #13362070 0xbfb5…46ba     0.00 blk/s    0.0 tx/s    0.0 Mgas/s      0+    8 Qed Ancient:#12330845 LI:#13362079   10/25 peers      3 MiB chain    2 MiB queue  RPC:  0 conn,    0 req/s,    0 µs
2021-10-05 23:54:03 UTC Syncing #13362071 0x5bcb…44ce     0.21 blk/s    6.2 tx/s    0.3 Mgas/s      0+    7 Qed Ancient:#12330846 LI:#13362079   10/25 peers      3 MiB chain    2 MiB queue  RPC:  0 conn,    0 req/s,    0 µs
2021-10-05 23:54:04 UTC Syncing #13362071 0x5bcb…44ce     0.00 blk/s    0.0 tx/s    0.0 Mgas/s      0+    7 Qed Ancient:#12330846 LI:#13362079   10/25 peers      3 MiB chain    2 MiB queue  RPC:  0 conn,    0 req/s,    0 µs
2021-10-05 23:54:35 UTC Syncing #13362071 0x5bcb…44ce     0.00 blk/s    0.0 tx/s    0.0 Mgas/s      0+    8 Qed Ancient:#12330846 LI:#13362080    9/25 peers      3 MiB chain    2 MiB queue  RPC:  0 conn,    0 req/s,    0 µs
2021-10-05 23:54:35 UTC Syncing #13362072 0xb806…7e5c     0.08 blk/s   22.8 tx/s    2.1 Mgas/s      0+    8 Qed Ancient:#12330986 LI:#13362080    9/25 peers      7 MiB chain    2 MiB queue  RPC:  0 conn,    0 req/s,    0 µs
2021-10-05 23:54:46 UTC Syncing #13362072 0xb806…7e5c     0.00 blk/s    0.0 tx/s    0.0 Mgas/s      0+    8 Qed Ancient:#12331107 LI:#13362080    7/25 peers      2 MiB chain    2 MiB queue  RPC:  0 conn,    0 req/s,    0 µs
2021-10-05 23:54:57 UTC Syncing #13362072 0xb806…7e5c     0.00 blk/s    0.0 tx/s    0.0 Mgas/s      0+    9 Qed Ancient:#12331349 LI:#13362081    7/25 peers      4 MiB chain    3 MiB queue  RPC:  0 conn,    0 req/s,    0 µs
2021-10-05 23:55:00 UTC Syncing #13362072 0xb806…7e5c     0.00 blk/s    0.0 tx/s    0.0 Mgas/s      0+    8 Qed Ancient:#12331535 LI:#13362081    9/25 peers      4 MiB chain    2 MiB queue  RPC:  0 conn,    0 req/s,    0 µs
2021-10-05 23:55:11 UTC Syncing #13362072 0xb806…7e5c     0.00 blk/s    0.0 tx/s    0.0 Mgas/s      0+    8 Qed Ancient:#12331535 LI:#13362081   10/25 peers      4 MiB chain    2 MiB queue  RPC:  0 conn,    0 req/s,    0 µs
2021-10-05 23:55:11 UTC Syncing #13362072 0xb806…7e5c     0.00 blk/s    0.0 tx/s    0.0 Mgas/s      0+    8 Qed Ancient:#12331535 LI:#13362081   10/25 peers      4 MiB chain    2 MiB queue  RPC:  0 conn,    0 req/s,    0 µs
2021-10-05 23:55:14 UTC Syncing #13362072 0xb806…7e5c     0.00 blk/s    0.0 tx/s    0.0 Mgas/s      0+    8 Qed Ancient:#12331535 LI:#13362081    9/25 peers      4 MiB chain    2 MiB queue  RPC:  0 conn,    0 req/s,    0 µs
2021-10-05 23:55:19 UTC Syncing #13362072 0xb806…7e5c     0.00 blk/s    0.0 tx/s    0.0 Mgas/s      0+    8 Qed Ancient:#12331535 LI:#13362081   12/25 peers      4 MiB chain    2 MiB queue  RPC:  0 conn,    0 req/s,    0 µs
2021-10-05 23:55:24 UTC Syncing #13362072 0xb806…7e5c     0.00 blk/s    0.0 tx/s    0.0 Mgas/s      0+    9 Qed Ancient:#12331535 LI:#13362082   12/25 peers      5 MiB chain    3 MiB queue  RPC:  0 conn,    0 req/s,    0 µs
2021-10-05 23:55:34 UTC Syncing #13362072 0xb806…7e5c     0.00 blk/s    0.0 tx/s    0.0 Mgas/s      0+    9 Qed Ancient:#12331535 LI:#13362082   12/25 peers      5 MiB chain    3 MiB queue  RPC:  0 conn,    0 req/s,    0 µs
2021-10-05 23:55:34 UTC Syncing #13362072 0xb806…7e5c     0.00 blk/s    0.0 tx/s    0.0 Mgas/s      0+    9 Qed Ancient:#12331535 LI:#13362082   12/25 peers      5 MiB chain    3 MiB queue  RPC:  0 conn,    0 req/s,    0 µs
2021-10-05 23:55:42 UTC Syncing #13362072 0xb806…7e5c     0.00 blk/s    0.0 tx/s    0.0 Mgas/s      0+    9 Qed Ancient:#12331535 LI:#13362082   14/25 peers      6 MiB chain    3 MiB queue  RPC:  0 conn,    0 req/s,    0 µs
2021-10-05 23:55:44 UTC Syncing #13362072 0xb806…7e5c     0.00 blk/s    0.0 tx/s    0.0 Mgas/s      0+   10 Qed Ancient:#12331535 LI:#13362083   13/25 peers      6 MiB chain    3 MiB queue  RPC:  0 conn,    0 req/s,    0 µs