2021-10-07 12:14:23 UTC Syncing #13371755 0xa219…2e64     0.00 blk/s    0.0 tx/s    0.0 Mgas/s      0+   11 Qed Ancient:#12766424 LI:#13371766   30/50 peers      4 MiB chain    3 MiB queue  RPC:  0 conn,    0 req/s,    0 µs
2021-10-07 12:14:28 UTC Syncing #13371755 0xa219…2e64     0.00 blk/s    0.0 tx/s    0.0 Mgas/s      0+   11 Qed Ancient:#12766424 LI:#13371766   30/50 peers      4 MiB chain    3 MiB queue  RPC:  0 conn,    0 req/s,    0 µs
2021-10-07 12:14:33 UTC Syncing #13371756 0xa457…58a0     0.20 blk/s   90.2 tx/s    6.0 Mgas/s      0+   10 Qed Ancient:#12766425 LI:#13371766   30/50 peers      4 MiB chain    3 MiB queue  RPC:  0 conn,    0 req/s,    0 µs
2021-10-07 12:14:38 UTC Syncing #13371756 0xa457…58a0     0.00 blk/s    0.0 tx/s    0.0 Mgas/s      0+   11 Qed Ancient:#12766425 LI:#13371767   31/50 peers      4 MiB chain    3 MiB queue  RPC:  0 conn,    0 req/s,    0 µs
2021-10-07 12:14:43 UTC Syncing #13371756 0xa457…58a0     0.00 blk/s    0.0 tx/s    0.0 Mgas/s      0+   12 Qed Ancient:#12766425 LI:#13371768   29/50 peers      4 MiB chain    3 MiB queue  RPC:  0 conn,    0 req/s,    0 µs
2021-10-07 12:14:48 UTC Syncing #13371756 0xa457…58a0     0.00 blk/s    0.0 tx/s    0.0 Mgas/s      0+   12 Qed Ancient:#12766425 LI:#13371768   31/50 peers      4 MiB chain    3 MiB queue  RPC:  0 conn,    0 req/s,    0 µs
2021-10-07 12:14:53 UTC Syncing #13371757 0x0ae4…6af9     0.20 blk/s   26.2 tx/s    2.6 Mgas/s      0+   12 Qed Ancient:#12766426 LI:#13371769   31/50 peers      5 MiB chain    4 MiB queue  RPC:  0 conn,    0 req/s,    0 µs
2021-10-07 12:15:05 UTC Syncing #13371758 0xfa87…18e1     0.20 blk/s    3.8 tx/s    0.3 Mgas/s      0+   11 Qed Ancient:#12766427 LI:#13371769   31/50 peers      5 MiB chain    3 MiB queue  RPC:  0 conn,    0 req/s,    0 µs
2021-10-07 12:15:05 UTC Syncing #13371758 0xfa87…18e1     0.10 blk/s    1.9 tx/s    0.2 Mgas/s      0+   11 Qed Ancient:#12766427 LI:#13371769   30/50 peers      5 MiB chain    3 MiB queue  RPC:  0 conn,    0 req/s,    0 µs
2021-10-07 12:15:08 UTC Syncing #13371758 0xfa87…18e1     0.00 blk/s    0.0 tx/s    0.0 Mgas/s      0+   12 Qed Ancient:#12766427 LI:#13371770   30/50 peers      5 MiB chain    3 MiB queue  RPC:  0 conn,    0 req/s,    0 µs
2021-10-07 12:15:13 UTC Syncing #13371758 0xfa87…18e1     0.00 blk/s    0.0 tx/s    0.0 Mgas/s      0+   12 Qed Ancient:#12766427 LI:#13371770   29/50 peers      5 MiB chain    3 MiB queue  RPC:  0 conn,    0 req/s,    0 µs
2021-10-07 12:15:18 UTC Syncing #13371758 0xfa87…18e1     0.00 blk/s    0.0 tx/s    0.0 Mgas/s      0+   13 Qed Ancient:#12766427 LI:#13371771   30/50 peers      5 MiB chain    4 MiB queue  RPC:  0 conn,    0 req/s,    0 µs
2021-10-07 12:15:23 UTC Syncing #13371759 0xa8d4…9dc8     0.20 blk/s   76.8 tx/s    5.7 Mgas/s      0+   12 Qed Ancient:#12766428 LI:#13371771   30/50 peers      5 MiB chain    3 MiB queue  RPC:  0 conn,    0 req/s,    0 µs
2021-10-07 12:15:28 UTC Syncing #13371759 0xa8d4…9dc8     0.00 blk/s    0.0 tx/s    0.0 Mgas/s      0+   12 Qed Ancient:#12766428 LI:#13371771   30/50 peers      5 MiB chain    3 MiB queue  RPC:  0 conn,    0 req/s,    0 µs
2021-10-07 12:15:33 UTC Syncing #13371759 0xa8d4…9dc8     0.20 blk/s   80.6 tx/s    6.0 Mgas/s      0+   11 Qed Ancient:#12766429 LI:#13371771   30/50 peers      6 MiB chain    3 MiB queue  RPC:  0 conn,    0 req/s,    0 µs
2021-10-07 12:15:38 UTC Syncing #13371759 0xa8d4…9dc8     0.00 blk/s    0.0 tx/s    0.0 Mgas/s      0+   11 Qed Ancient:#12766429 LI:#13371771   30/50 peers      6 MiB chain    3 MiB queue  RPC:  0 conn,    0 req/s,    0 µs
2021-10-07 12:15:43 UTC Syncing #13371759 0xa8d4…9dc8     0.00 blk/s    0.0 tx/s    0.0 Mgas/s      0+   11 Qed Ancient:#12766429 LI:#13371771   31/50 peers      6 MiB chain    3 MiB queue  RPC:  0 conn,    0 req/s,    0 µs
2021-10-07 12:15:45 UTC Reorg to #13371760 0x42c4…e737 (0xa8d4…9dc8 #13371758 0xfa87…18e1 0x228d…56ea)
2021-10-07 12:15:49 UTC Syncing #13371761 0x0bfe…7775     0.20 blk/s   55.6 tx/s    4.6 Mgas/s      0+   10 Qed Ancient:#12766430 LI:#13371771   31/50 peers      6 MiB chain    3 MiB queue  RPC:  0 conn,    0 req/s,    0 µs
2021-10-07 12:15:54 UTC Syncing #13371761 0x0bfe…7775     0.20 blk/s   10.6 tx/s    1.9 Mgas/s      0+    9 Qed Ancient:#12766431 LI:#13371771   32/50 peers      6 MiB chain    3 MiB queue  RPC:  0 conn,    0 req/s,    0 µs
2021-10-07 12:15:59 UTC Syncing #13371762 0x0d64…63fd     0.20 blk/s   29.6 tx/s    1.7 Mgas/s      0+    8 Qed Ancient:#12766432 LI:#13371771   32/50 peers      6 MiB chain    2 MiB queue  RPC:  0 conn,    0 req/s,    0 µs
2021-10-07 12:16:03 UTC Syncing #13371762 0x0d64…63fd     0.00 blk/s    0.0 tx/s    0.0 Mgas/s      0+    9 Qed Ancient:#12766432 LI:#13371772   32/50 peers      6 MiB chain    3 MiB queue  RPC:  0 conn,    0 req/s,    0 µs
2021-10-07 12:16:08 UTC Syncing #13371762 0x0d64…63fd     0.00 blk/s    0.0 tx/s    0.0 Mgas/s      0+   10 Qed Ancient:#12766432 LI:#13371773   32/50 peers      6 MiB chain    3 MiB queue  RPC:  0 conn,    0 req/s,    0 µs
2021-10-07 12:16:13 UTC Syncing #13371762 0x0d64…63fd     0.00 blk/s    0.0 tx/s    0.0 Mgas/s      0+   10 Qed Ancient:#12766432 LI:#13371773   32/50 peers      6 MiB chain    3 MiB queue  RPC:  0 conn,    0 req/s,    0 µs
2021-10-07 12:16:18 UTC Syncing #13371762 0x0d64…63fd     0.00 blk/s    0.0 tx/s    0.0 Mgas/s      0+   11 Qed Ancient:#12766432 LI:#13371774   32/50 peers      6 MiB chain    3 MiB queue  RPC:  0 conn,    0 req/s,    0 µs
2021-10-07 12:16:26 UTC Syncing #13371763 0x0954…e24d     0.20 blk/s   90.0 tx/s    5.9 Mgas/s      0+   10 Qed Ancient:#12766433 LI:#13371774   32/50 peers      6 MiB chain    3 MiB queue  RPC:  0 conn,    0 req/s,    0 µs
2021-10-07 12:16:28 UTC Syncing #13371763 0x0954…e24d     0.00 blk/s    0.0 tx/s    0.0 Mgas/s      0+   10 Qed Ancient:#12766433 LI:#13371774   31/50 peers      6 MiB chain    3 MiB queue  RPC:  0 conn,    0 req/s,    0 µs
2021-10-07 12:16:38 UTC Syncing #13371763 0x0954…e24d     0.00 blk/s    0.0 tx/s    0.0 Mgas/s      0+   10 Qed Ancient:#12766433 LI:#13371774   32/50 peers      6 MiB chain    3 MiB queue  RPC:  0 conn,    0 req/s,    0 µs
2021-10-07 12:16:38 UTC Syncing #13371763 0x0954…e24d     0.00 blk/s    0.0 tx/s    0.0 Mgas/s      0+   10 Qed Ancient:#12766433 LI:#13371774   31/50 peers      6 MiB chain    3 MiB queue  RPC:  0 conn,    0 req/s,    0 µs
2021-10-07 12:16:43 UTC Syncing #13371763 0x0954…e24d     0.00 blk/s    0.0 tx/s    0.0 Mgas/s      0+   10 Qed Ancient:#12766433 LI:#13371774   30/50 peers      6 MiB chain    3 MiB queue  RPC:  0 conn,    0 req/s,    0 µs
2021-10-07 12:16:51 UTC Syncing #13371764 0x608c…d509     0.20 blk/s   69.6 tx/s    4.7 Mgas/s      0+    9 Qed Ancient:#12766434 LI:#13371774   30/50 peers      6 MiB chain    2 MiB queue  RPC:  0 conn,    0 req/s,    0 µs
2021-10-07 12:16:57 UTC Syncing #13371764 0x608c…d509     0.00 blk/s    0.0 tx/s    0.0 Mgas/s      0+    9 Qed Ancient:#12766434 LI:#13371775   30/50 peers      6 MiB chain    2 MiB queue  RPC:  0 conn,    0 req/s,    0 µs
2021-10-07 12:16:58 UTC Syncing #13371765 0xb797…6df6     0.20 blk/s   56.6 tx/s    4.1 Mgas/s      0+    9 Qed Ancient:#12766435 LI:#13371775   30/50 peers      6 MiB chain    2 MiB queue  RPC:  0 conn,    0 req/s,    0 µs
2021-10-07 12:17:08 UTC Syncing #13371766 0xc746…d857     0.10 blk/s    3.6 tx/s    0.2 Mgas/s      0+    8 Qed Ancient:#12766436 LI:#13371775   30/50 peers      6 MiB chain    2 MiB queue  RPC:  0 conn,    0 req/s,    0 µs
2021-10-07 12:17:08 UTC Syncing #13371766 0xc746…d857     0.20 blk/s    7.2 tx/s    0.5 Mgas/s      0+    8 Qed Ancient:#12766436 LI:#13371775   30/50 peers      6 MiB chain    2 MiB queue  RPC:  0 conn,    0 req/s,    0 µs
2021-10-07 12:17:13 UTC Syncing #13371766 0xc746…d857     0.00 blk/s    0.0 tx/s    0.0 Mgas/s      0+    9 Qed Ancient:#12766436 LI:#13371776   30/50 peers      6 MiB chain    3 MiB queue  RPC:  0 conn,    0 req/s,    0 µs
2021-10-07 12:17:18 UTC Syncing #13371766 0xc746…d857     0.00 blk/s    0.0 tx/s    0.0 Mgas/s      0+    9 Qed Ancient:#12766436 LI:#13371776   29/50 peers      6 MiB chain    3 MiB queue  RPC:  0 conn,    0 req/s,    0 µs
2021-10-07 12:17:26 UTC Syncing #13371767 0xcc63…225c     0.20 blk/s   74.2 tx/s    5.5 Mgas/s      0+    8 Qed Ancient:#12766437 LI:#13371776   29/50 peers      6 MiB chain    2 MiB queue  RPC:  0 conn,    0 req/s,    0 µs
2021-10-07 12:17:33 UTC Syncing #13371768 0xcf59…d11b     0.20 blk/s   15.6 tx/s    1.2 Mgas/s      0+    7 Qed Ancient:#12766438 LI:#13371777   29/50 peers      6 MiB chain    2 MiB queue  RPC:  0 conn,    0 req/s,    0 µs
2021-10-07 12:17:33 UTC Syncing #13371768 0xcf59…d11b     0.10 blk/s    7.8 tx/s    0.6 Mgas/s      0+    7 Qed Ancient:#12766438 LI:#13371777   29/50 peers      6 MiB chain    2 MiB queue  RPC:  0 conn,    0 req/s,    0 µs
2021-10-07 12:17:38 UTC Syncing #13371769 0xceb3…0e5c     0.20 blk/s   31.6 tx/s    2.4 Mgas/s      0+    7 Qed Ancient:#12766439 LI:#13371777   28/50 peers      6 MiB chain    2 MiB queue  RPC:  0 conn,    0 req/s,    0 µs
2021-10-07 12:17:43 UTC Syncing #13371770 0x9a8d…8142     0.20 blk/s   38.0 tx/s    2.7 Mgas/s      0+    7 Qed Ancient:#12766440 LI:#13371779   27/50 peers      6 MiB chain    2 MiB queue  RPC:  0 conn,    0 req/s,    0 µs
2021-10-07 12:17:48 UTC Syncing #13371770 0x9a8d…8142     0.00 blk/s    0.0 tx/s    0.0 Mgas/s      0+    8 Qed Ancient:#12766440 LI:#13371779   28/50 peers      6 MiB chain    2 MiB queue  RPC:  0 conn,    0 req/s,    0 µs
2021-10-07 12:17:53 UTC Syncing #13371770 0x9a8d…8142     0.00 blk/s    0.0 tx/s    0.0 Mgas/s      0+    9 Qed Ancient:#12766440 LI:#13371780   28/50 peers      6 MiB chain    2 MiB queue  RPC:  0 conn,    0 req/s,    0 µs
2021-10-07 12:18:00 UTC Syncing #13371771 0x56f6…c541     0.20 blk/s   36.4 tx/s    3.4 Mgas/s      0+    8 Qed Ancient:#12766442 LI:#13371780   28/50 peers      6 MiB chain    2 MiB queue  RPC:  0 conn,    0 req/s,    0 µs
2021-10-07 12:18:03 UTC Syncing #13371771 0x56f6…c541     0.00 blk/s    0.0 tx/s    0.0 Mgas/s      0+    9 Qed Ancient:#12766442 LI:#13371781   28/50 peers      6 MiB chain    2 MiB queue  RPC:  0 conn,    0 req/s,    0 µs
2021-10-07 12:18:08 UTC Syncing #13371771 0x56f6…c541     0.00 blk/s    0.0 tx/s    0.0 Mgas/s      0+    9 Qed Ancient:#12766442 LI:#13371781   28/50 peers      6 MiB chain    2 MiB queue  RPC:  0 conn,    0 req/s,    0 µs
2021-10-07 12:18:13 UTC Syncing #13371771 0x56f6…c541     0.00 blk/s    0.0 tx/s    0.0 Mgas/s      0+    9 Qed Ancient:#12766442 LI:#13371781   28/50 peers      6 MiB chain    2 MiB queue  RPC:  0 conn,    0 req/s,    0 µs
2021-10-07 12:18:21 UTC Syncing #13371772 0x9250…d1dc     0.20 blk/s   95.8 tx/s    6.0 Mgas/s      0+    8 Qed Ancient:#12766443 LI:#13371781   28/50 peers      6 MiB chain    2 MiB queue  RPC:  0 conn,    0 req/s,    0 µs
2021-10-07 12:18:23 UTC Syncing #13371772 0x9250…d1dc     0.00 blk/s    0.0 tx/s    0.0 Mgas/s      0+    8 Qed Ancient:#12766443 LI:#13371781   28/50 peers      6 MiB chain    2 MiB queue  RPC:  0 conn,    0 req/s,    0 µs
2021-10-07 12:18:28 UTC Syncing #13371772 0x9250…d1dc     0.00 blk/s    0.0 tx/s    0.0 Mgas/s      0+    8 Qed Ancient:#12766443 LI:#13371781   28/50 peers      6 MiB chain    2 MiB queue  RPC:  0 conn,    0 req/s,    0 µs
2021-10-07 12:18:33 UTC Syncing #13371772 0x9250…d1dc     0.00 blk/s    0.0 tx/s    0.0 Mgas/s      0+    8 Qed Ancient:#12766443 LI:#13371781   29/50 peers      6 MiB chain    2 MiB queue  RPC:  0 conn,    0 req/s,    0 µs
2021-10-07 12:18:41 UTC Syncing #13371773 0x1ed8…8cb0     0.20 blk/s   29.0 tx/s    2.8 Mgas/s      0+    8 Qed Ancient:#12766444 LI:#13371782   28/50 peers      6 MiB chain    2 MiB queue  RPC:  0 conn,    0 req/s,    0 µs
2021-10-07 12:18:43 UTC Syncing #13371773 0x1ed8…8cb0     0.00 blk/s    0.0 tx/s    0.0 Mgas/s      0+    8 Qed Ancient:#12766444 LI:#13371782   28/50 peers      6 MiB chain    2 MiB queue  RPC:  0 conn,    0 req/s,    0 µs
2021-10-07 12:18:51 UTC Syncing #13371774 0x9939…c525     0.20 blk/s   25.4 tx/s    2.0 Mgas/s      0+    8 Qed Ancient:#12766445 LI:#13371784   28/50 peers      6 MiB chain    2 MiB queue  RPC:  0 conn,    0 req/s,    0 µs
2021-10-07 12:18:53 UTC Syncing #13371774 0x9939…c525     0.00 blk/s    0.0 tx/s    0.0 Mgas/s      0+    9 Qed Ancient:#12766445 LI:#13371784   28/50 peers      6 MiB chain    2 MiB queue  RPC:  0 conn,    0 req/s,    0 µs
2021-10-07 12:18:58 UTC Syncing #13371775 0x3c70…bffc     0.20 blk/s   60.4 tx/s    3.7 Mgas/s      0+    8 Qed Ancient:#12766446 LI:#13371784   30/50 peers      6 MiB chain    2 MiB queue  RPC:  0 conn,    0 req/s,    0 µs
2021-10-07 12:19:03 UTC Syncing #13371775 0x3c70…bffc     0.00 blk/s    0.0 tx/s    0.0 Mgas/s      0+    8 Qed Ancient:#12766446 LI:#13371784   30/50 peers      6 MiB chain    2 MiB queue  RPC:  0 conn,    0 req/s,    0 µs
2021-10-07 12:19:08 UTC Syncing #13371775 0x3c70…bffc     0.00 blk/s    0.0 tx/s    0.0 Mgas/s      0+    8 Qed Ancient:#12766446 LI:#13371784   31/50 peers      6 MiB chain    2 MiB queue  RPC:  0 conn,    0 req/s,    0 µs
2021-10-07 12:19:13 UTC Syncing #13371775 0x3c70…bffc     0.00 blk/s    0.0 tx/s    0.0 Mgas/s      0+    8 Qed Ancient:#12766446 LI:#13371784   31/50 peers      6 MiB chain    2 MiB queue  RPC:  0 conn,    0 req/s,    0 µs
2021-10-07 12:19:18 UTC Syncing #13371775 0x3c70…bffc     0.00 blk/s    0.0 tx/s    0.0 Mgas/s      0+    8 Qed Ancient:#12766446 LI:#13371784   31/50 peers      6 MiB chain    2 MiB queue  RPC:  0 conn,    0 req/s,    0 µs
2021-10-07 12:19:23 UTC Syncing #13371776 0xa17e…7117     0.20 blk/s   77.6 tx/s    5.7 Mgas/s      0+    8 Qed Ancient:#12766447 LI:#13371785   31/50 peers      6 MiB chain    2 MiB queue  RPC:  0 conn,    0 req/s,    0 µs
2021-10-07 12:19:33 UTC Syncing #13371777 0x3bf4…477b     0.10 blk/s   12.5 tx/s    1.0 Mgas/s      0+    7 Qed Ancient:#12766448 LI:#13371785   31/50 peers      6 MiB chain    2 MiB queue  RPC:  0 conn,    0 req/s,    0 µs
2021-10-07 12:19:33 UTC Syncing #13371777 0x3bf4…477b     0.20 blk/s   25.0 tx/s    1.9 Mgas/s      0+    7 Qed Ancient:#12766448 LI:#13371785   31/50 peers      6 MiB chain    2 MiB queue  RPC:  0 conn,    0 req/s,    0 µs
2021-10-07 12:19:38 UTC Syncing #13371777 0x3bf4…477b     0.00 blk/s    0.0 tx/s    0.0 Mgas/s      0+    7 Qed Ancient:#12766448 LI:#13371785   31/50 peers      6 MiB chain    2 MiB queue  RPC:  0 conn,    0 req/s,    0 µs
2021-10-07 12:19:54 UTC Syncing #13371778 0xe1f4…dd9f     0.20 blk/s   28.4 tx/s    2.1 Mgas/s      0+    6 Qed Ancient:#12766449 LI:#13371786   32/50 peers      8 MiB chain    2 MiB queue  RPC:  0 conn,    0 req/s,    0 µs
2021-10-07 12:19:54 UTC Syncing #13371779 0x2ee4…3908     0.20 blk/s   18.1 tx/s    1.3 Mgas/s      0+    6 Qed Ancient:#12766450 LI:#13371786   31/50 peers      8 MiB chain    2 MiB queue  RPC:  0 conn,    0 req/s,    0 µs
2021-10-07 12:19:54 UTC Syncing #13371779 0x2ee4…3908     0.10 blk/s    3.9 tx/s    0.3 Mgas/s      0+    6 Qed Ancient:#12766450 LI:#13371786   31/50 peers      8 MiB chain    2 MiB queue  RPC:  0 conn,    0 req/s,    0 µs
2021-10-07 12:19:58 UTC Syncing #13371779 0x2ee4…3908     0.00 blk/s    0.0 tx/s    0.0 Mgas/s      0+    6 Qed Ancient:#12766450 LI:#13371786   30/50 peers      5 MiB chain    2 MiB queue  RPC:  0 conn,    0 req/s,    0 µs
2021-10-07 12:20:04 UTC Syncing #13371780 0x3366…75a5     0.20 blk/s   60.0 tx/s    4.7 Mgas/s      0+    5 Qed Ancient:#12766451 LI:#13371786   29/50 peers      5 MiB chain    2 MiB queue  RPC:  0 conn,    0 req/s,    0 µs