INFO [10-06|02:54:28.149] Imported new block headers               count=1   elapsed=9.407ms   number=13,362,876 hash=11f5fc..95f863
ERROR[10-06|02:54:33.770] Snapshot extension registration failed   peer=219700a3 err="peer connected on snap without compatible eth support"
INFO [10-06|02:54:34.534] State heal in progress                   accounts=3217@195.04KiB slots=272@20.69KiB codes=12404@105.33MiB nodes=293,937,918@86.14GiB pending=90042
INFO [10-06|02:54:37.195] Imported new block headers               count=1   elapsed=6.259ms   number=13,362,877 hash=cf0ed2..14ca8a
INFO [10-06|02:54:37.856] Looking for peers                        peercount=18 tried=4 static=0
ERROR[10-06|02:54:38.790] Snapshot extension registration failed   peer=20dcc090 err="peer connected on snap without compatible eth support"
INFO [10-06|02:54:46.244] Imported new block headers               count=1   elapsed=6.201ms   number=13,362,878 hash=2cd797..0a8122
INFO [10-06|02:54:47.556] State heal in progress                   accounts=3270@198.20KiB slots=416@31.24KiB codes=12404@105.33MiB nodes=293,938,928@86.14GiB pending=90849
INFO [10-06|02:54:47.858] Looking for peers                        peercount=18 tried=1 static=0
ERROR[10-06|02:54:51.554] Snapshot extension registration failed   peer=9bd3dcce err="peer connected on snap without compatible eth support"
INFO [10-06|02:54:56.865] State heal in progress                   accounts=3270@198.20KiB slots=448@33.75KiB codes=12404@105.33MiB nodes=293,939,360@86.14GiB pending=91362
INFO [10-06|02:54:58.290] Looking for peers                        peercount=19 tried=4 static=0
INFO [10-06|02:55:05.030] Downloader queue stats                   receiptTasks=0   blockTasks=0   itemSize=260.78KiB throttle=1006
WARN [10-06|02:55:08.220] Checkpoint challenge timed out, dropping id=55e1cc903804469a conn=inbound addr=47.252.3.222:36748   type=erigon/v2021.08.5-al...
INFO [10-06|02:55:08.301] State heal in progress                   accounts=3293@199.77KiB slots=479@36.23KiB codes=12404@105.33MiB nodes=293,940,078@86.14GiB pending=92902
INFO [10-06|02:55:08.304] Looking for peers                        peercount=16 tried=4 static=0
INFO [10-06|02:55:16.379] Imported new block headers               count=1   elapsed=6.953ms   number=13,362,879 hash=452a6c..1df0a2
INFO [10-06|02:55:18.466] Looking for peers                        peercount=16 tried=3 static=0
INFO [10-06|02:55:18.819] State heal in progress                   accounts=3352@203.65KiB slots=590@44.44KiB codes=12404@105.33MiB nodes=293,940,918@86.14GiB pending=94281
INFO [10-06|02:55:19.403] Imported new block headers               count=1   elapsed=6.538ms   number=13,362,880 hash=d01e4b..ec0e65
ERROR[10-06|02:55:19.411] Snapshot extension registration failed   peer=31d434bf err="peer connected on snap without compatible eth support"
INFO [10-06|02:55:28.467] Looking for peers                        peercount=16 tried=3 static=0
INFO [10-06|02:55:28.636] State heal in progress                   accounts=3375@205.13KiB slots=643@48.60KiB codes=12404@105.33MiB nodes=293,941,593@86.14GiB pending=95794
INFO [10-06|02:55:32.173] Imported new block headers               count=1   elapsed=7.604ms   number=13,362,881 hash=b677c2..3ae828
INFO [10-06|02:55:35.197] Imported new block headers               count=1   elapsed=8.408ms   number=13,362,882 hash=de7345..eb70fa
ERROR[10-06|02:55:36.989] Snapshot extension registration failed   peer=40708135 err="peer connected on snap without compatible eth support"
INFO [10-06|02:55:37.633] State heal in progress                   accounts=3421@208.12KiB slots=704@53.17KiB codes=12404@105.33MiB nodes=293,942,261@86.14GiB pending=96705
INFO [10-06|02:55:38.479] Looking for peers                        peercount=18 tried=2 static=0
INFO [10-06|02:55:48.481] Looking for peers                        peercount=18 tried=3 static=0
INFO [10-06|02:55:48.503] State heal in progress                   accounts=3424@208.26KiB slots=782@59.18KiB codes=12404@105.33MiB nodes=293,942,926@86.14GiB pending=98101
INFO [10-06|02:55:53.285] Imported new block headers               count=1   elapsed=7.565ms   number=13,362,883 hash=efcf63..a62280
WARN [10-06|02:55:56.021] Checkpoint challenge timed out, dropping id=737b74140b6a3be9 conn=inbound addr=20.76.217.64:47460   type=OpenEthereum/v3.3.0-...
INFO [10-06|02:55:56.309] Imported new block headers               count=1   elapsed=7.202ms   number=13,362,884 hash=77256c..d626f1
INFO [10-06|02:55:58.482] Looking for peers                        peercount=16 tried=4 static=0
INFO [10-06|02:55:59.243] State heal in progress                   accounts=3435@209.02KiB slots=854@64.55KiB codes=12404@105.33MiB nodes=293,943,567@86.14GiB pending=99055
INFO [10-06|02:55:59.644] Imported new block headers               count=2   elapsed=5.807ms   number=13,362,886 hash=9cd86e..3ccc4e
INFO [10-06|02:56:02.669] Imported new block headers               count=1   elapsed=6.554ms   number=13,362,887 hash=b89696..7d565b
ERROR[10-06|02:56:05.206] Snapshot extension registration failed   peer=36a7624b err="peer connected on snap without compatible eth support"
INFO [10-06|02:56:08.600] Looking for peers                        peercount=16 tried=3 static=0
INFO [10-06|02:56:08.701] State heal in progress                   accounts=3482@212.01KiB slots=897@67.73KiB codes=12404@105.33MiB nodes=293,944,242@86.14GiB pending=99918
INFO [10-06|02:56:11.716] Imported new block headers               count=1   elapsed=5.844ms   number=13,362,888 hash=77a058..0670ec
INFO [10-06|02:56:18.078] Downloader queue stats                   receiptTasks=0   blockTasks=0   itemSize=211.69KiB throttle=1239
INFO [10-06|02:56:18.412] State heal in progress                   accounts=3498@213.00KiB slots=963@72.66KiB codes=12404@105.33MiB nodes=293,944,888@86.14GiB pending=100,902
INFO [10-06|02:56:18.602] Looking for peers                        peercount=15 tried=5 static=0
INFO [10-06|02:56:27.539] State heal in progress                   accounts=3518@214.00KiB slots=1162@87.44KiB codes=12404@105.33MiB nodes=293,945,640@86.14GiB pending=101,402
INFO [10-06|02:56:28.603] Looking for peers                        peercount=15 tried=3 static=0
INFO [10-06|02:56:36.952] State heal in progress                   accounts=3542@215.34KiB slots=1334@100.21KiB codes=12404@105.33MiB nodes=293,946,389@86.14GiB pending=101,802
INFO [10-06|02:56:38.604] Looking for peers                        peercount=16 tried=3 static=0
INFO [10-06|02:56:46.255] State heal in progress                   accounts=3542@215.34KiB slots=1525@114.21KiB codes=12404@105.33MiB nodes=293,947,091@86.14GiB pending=102,096
INFO [10-06|02:56:48.606] Looking for peers                        peercount=16 tried=2 static=0
INFO [10-06|02:56:56.375] State heal in progress                   accounts=3551@215.85KiB slots=1751@131.11KiB codes=12404@105.33MiB nodes=293,948,001@86.15GiB pending=102,529
INFO [10-06|02:56:58.608] Looking for peers                        peercount=16 tried=3 static=0
ERROR[10-06|02:57:00.453] Snapshot extension registration failed   peer=20dcc090 err="peer connected on snap without compatible eth support"
INFO [10-06|02:57:05.061] State heal in progress                   accounts=3565@216.82KiB slots=1872@140.08KiB codes=12404@105.33MiB nodes=293,948,546@86.15GiB pending=102,872
INFO [10-06|02:57:08.609] Looking for peers                        peercount=15 tried=4 static=0
INFO [10-06|02:57:08.961] Imported new block headers               count=1   elapsed=6.979ms   number=13,362,889 hash=1aa5b4..8ccca5 age=1m11s
INFO [10-06|02:57:11.984] Imported new block headers               count=1   elapsed=6.498ms   number=13,362,890 hash=8547cf..f3db42 age=1m13s
WARN [10-06|02:57:12.142] Pivot became stale, moving               old=13,362,763 new=13,362,827
INFO [10-06|02:57:12.410] Imported new block receipts              count=64  elapsed=266.561ms number=13,362,826 hash=0414e0..9c6b62 age=13m7s    size=9.63MiB
INFO [10-06|02:57:12.500] State heal in progress                   accounts=3579@217.67KiB slots=2020@150.83KiB codes=12404@105.33MiB nodes=293,949,076@86.15GiB pending=103,065
WARN [10-06|02:57:13.683] Unexpected trienode heal packet          peer=766a3d9d reqid=5,258,717,156,865,038,521
INFO [10-06|02:57:15.007] Imported new block headers               count=1   elapsed=6.772ms   number=13,362,891 hash=c68fc2..1ea923 age=1m7s
INFO [10-06|02:57:18.612] Looking for peers                        peercount=14 tried=3 static=0
ERROR[10-06|02:57:23.539] Snapshot extension registration failed   peer=f80b417d err="peer connected on snap without compatible eth support"
INFO [10-06|02:57:24.010] State heal in progress                   accounts=3579@217.67KiB slots=2020@150.83KiB codes=12404@105.33MiB nodes=293,951,139@86.15GiB pending=31457
INFO [10-06|02:57:24.066] Imported new block headers               count=1   elapsed=17.347ms  number=13,362,892 hash=9391b8..51f372
INFO [10-06|02:57:24.514] Downloader queue stats                   receiptTasks=0   blockTasks=0   itemSize=284.20KiB throttle=923
INFO [10-06|02:57:28.613] Looking for peers                        peercount=15 tried=3 static=0
INFO [10-06|02:57:37.934] State heal in progress                   accounts=3579@217.67KiB slots=2020@150.83KiB codes=12404@105.33MiB nodes=293,953,785@86.15GiB pending=59631
INFO [10-06|02:57:38.614] Looking for peers                        peercount=14 tried=2 static=0
ERROR[10-06|02:57:39.019] Snapshot extension registration failed   peer=b58b4e2f err="peer connected on snap without compatible eth support"
WARN [10-06|02:57:43.190] Checkpoint challenge timed out, dropping id=de8dbc145269ca0a conn=inbound addr=217.238.6.88:36912   type=Geth/v1.10.8-stable-...
INFO [10-06|02:57:48.176] Imported new block headers               count=1   elapsed=11.740ms  number=13,362,893 hash=ff41b4..5b68e0
INFO [10-06|02:57:48.618] Looking for peers                        peercount=14 tried=4 static=0
INFO [10-06|02:57:48.828] State heal in progress                   accounts=3579@217.67KiB slots=2020@150.83KiB codes=12404@105.33MiB nodes=293,955,442@86.15GiB pending=66237
INFO [10-06|02:57:54.207] Imported new block headers               count=1   elapsed=7.110ms   number=13,362,894 hash=a87979..d6740c
INFO [10-06|02:57:58.621] Looking for peers                        peercount=14 tried=3 static=0
INFO [10-06|02:58:00.242] Imported new block headers               count=1   elapsed=6.686ms   number=13,362,895 hash=46f511..50e5cc
INFO [10-06|02:58:00.409] State heal in progress                   accounts=3579@217.67KiB slots=2020@150.83KiB codes=12404@105.33MiB nodes=293,956,989@86.15GiB pending=69099
ERROR[10-06|02:58:01.616] Snapshot extension registration failed   peer=2fa88aea err="peer connected on snap without compatible eth support"
ERROR[10-06|02:58:02.869] Snapshot extension registration failed   peer=159bab88 err="peer connected on snap without compatible eth support"
INFO [10-06|02:58:06.278] Imported new block headers               count=1   elapsed=7.111ms   number=13,362,896 hash=b6b526..5ae452
INFO [10-06|02:58:08.630] Looking for peers                        peercount=15 tried=3 static=0
INFO [10-06|02:58:10.713] State heal in progress                   accounts=3579@217.67KiB slots=2020@150.83KiB codes=12404@105.33MiB nodes=293,957,795@86.15GiB pending=70885
ERROR[10-06|02:58:12.179] Snapshot extension registration failed   peer=b3f6135d err="peer connected on snap without compatible eth support"
INFO [10-06|02:58:18.631] Looking for peers                        peercount=16 tried=2 static=0
INFO [10-06|02:58:21.352] Imported new block headers               count=1   elapsed=8.125ms   number=13,362,897 hash=58570e..9a6221
INFO [10-06|02:58:23.959] State heal in progress                   accounts=3579@217.67KiB slots=2020@150.83KiB codes=12404@105.33MiB nodes=293,958,696@86.15GiB pending=72672
INFO [10-06|02:58:28.632] Looking for peers                        peercount=16 tried=4 static=0
INFO [10-06|02:58:30.417] Imported new block headers               count=1   elapsed=7.298ms   number=13,362,898 hash=ecbfef..83e86f
INFO [10-06|02:58:31.570] Downloader queue stats                   receiptTasks=0   blockTasks=0   itemSize=271.53KiB throttle=966
INFO [10-06|02:58:38.353] State heal in progress                   accounts=3579@217.67KiB slots=2020@150.83KiB codes=12404@105.33MiB nodes=293,959,645@86.15GiB pending=73849
INFO [10-06|02:58:38.633] Looking for peers                        peercount=16 tried=3 static=0
ERROR[10-06|02:58:46.461] Snapshot extension registration failed   peer=159bab88 err="peer connected on snap without compatible eth support"
ERROR[10-06|02:58:47.830] Snapshot extension registration failed   peer=7a37991d err="peer connected on snap without compatible eth support"
INFO [10-06|02:58:48.634] Looking for peers                        peercount=18 tried=3 static=0
INFO [10-06|02:58:52.648] State heal in progress                   accounts=3579@217.67KiB slots=2020@150.83KiB codes=12404@105.33MiB nodes=293,960,502@86.15GiB pending=74814
INFO [10-06|02:58:58.635] Looking for peers                        peercount=19 tried=3 static=0
WARN [10-06|02:59:03.043] Dropping unsynced node during sync       id=892ff1d92a15261d conn=inbound addr=18.142.145.182:51652 type=OpenEthereum/v3.3.0-...
INFO [10-06|02:59:05.509] State heal in progress                   accounts=3579@217.67KiB slots=2020@150.83KiB codes=12404@105.33MiB nodes=293,961,372@86.15GiB pending=75923
INFO [10-06|02:59:08.636] Looking for peers                        peercount=19 tried=3 static=0
INFO [10-06|02:59:14.806] State heal in progress                   accounts=3580@217.71KiB slots=2020@150.83KiB codes=12404@105.33MiB nodes=293,962,018@86.15GiB pending=76579
INFO [10-06|02:59:18.638] Looking for peers                        peercount=20 tried=2 static=0
INFO [10-06|02:59:24.364] State heal in progress                   accounts=3580@217.71KiB slots=2020@150.83KiB codes=12404@105.33MiB nodes=293,962,761@86.15GiB pending=77359
INFO [10-06|02:59:29.538] Looking for peers                        peercount=20 tried=3 static=0
INFO [10-06|02:59:37.533] State heal in progress                   accounts=3590@218.21KiB slots=2020@150.83KiB codes=12404@105.33MiB nodes=293,963,532@86.15GiB pending=78355
INFO [10-06|02:59:39.539] Looking for peers                        peercount=21 tried=4 static=0
ERROR[10-06|02:59:41.498] Snapshot extension registration failed   peer=7c3e4da0 err="peer connected on snap without compatible eth support"
INFO [10-06|02:59:49.540] Looking for peers                        peercount=22 tried=2 static=0
INFO [10-06|02:59:51.160] State heal in progress                   accounts=3591@218.26KiB slots=2020@150.83KiB codes=12404@105.33MiB nodes=293,964,009@86.15GiB pending=78900
WARN [10-06|02:59:51.164] Unexpected trienode heal packet          peer=766a3d9d reqid=214,642,959,457,606,962