INFO [10-06|03:13:59.298] State heal in progress                   accounts=8868@525.96KiB slots=13767@1.03MiB    codes=12405@105.33MiB nodes=294,044,413@86.18GiB pending=110,809
INFO [10-06|03:14:07.748] State heal in progress                   accounts=8868@525.96KiB slots=13767@1.03MiB    codes=12405@105.33MiB nodes=294,045,220@86.18GiB pending=116,893
INFO [10-06|03:14:16.033] State heal in progress                   accounts=8868@525.96KiB slots=13767@1.03MiB    codes=12405@105.33MiB nodes=294,046,125@86.18GiB pending=124,307
INFO [10-06|03:14:25.928] State heal in progress                   accounts=8868@525.96KiB slots=13767@1.03MiB    codes=12405@105.33MiB nodes=294,047,128@86.18GiB pending=131,908
WARN [10-06|03:14:33.498] Dropping unsynced node during sync       id=1411502d71e1dbc2 conn=inbound addr=185.24.122.38:56852   type=OpenEthereum/v3.3.0-...
ERROR[10-06|03:14:34.767] Snapshot extension registration failed   peer=3503425b err="peer connected on snap without compatible eth support"
INFO [10-06|03:14:35.820] State heal in progress                   accounts=8868@525.96KiB slots=13767@1.03MiB    codes=12405@105.33MiB nodes=294,048,200@86.18GiB pending=140,017
INFO [10-06|03:14:46.706] State heal in progress                   accounts=8868@525.96KiB slots=13767@1.03MiB    codes=12405@105.33MiB nodes=294,049,337@86.18GiB pending=148,547
INFO [10-06|03:14:53.390] Imported new block headers               count=1   elapsed=10.510ms  number=13,362,967 hash=7e0787..5b24cb age=1m28s
INFO [10-06|03:14:54.343] Downloader queue stats                   receiptTasks=0   blockTasks=0   itemSize=260.78KiB throttle=1006
INFO [10-06|03:14:57.925] State heal in progress                   accounts=8868@525.96KiB slots=13767@1.03MiB    codes=12405@105.33MiB nodes=294,050,096@86.18GiB pending=150,894
ERROR[10-06|03:14:59.161] Snapshot extension registration failed   peer=5dfca27c err="peer connected on snap without compatible eth support"
INFO [10-06|03:15:06.789] State heal in progress                   accounts=8868@525.96KiB slots=13767@1.03MiB    codes=12405@105.33MiB nodes=294,050,658@86.18GiB pending=152,392
INFO [10-06|03:15:19.422] State heal in progress                   accounts=8868@525.96KiB slots=13767@1.03MiB    codes=12405@105.33MiB nodes=294,051,314@86.18GiB pending=153,583
WARN [10-06|03:15:24.531] Dropping unsynced node during sync       id=1411502d71e1dbc2 conn=inbound addr=185.24.122.38:40616   type=OpenEthereum/v3.3.0-...
WARN [10-06|03:15:26.924] Unexpected trienode heal packet          peer=8228fb3a reqid=8,949,077,120,342,469,054
INFO [10-06|03:15:27.422] State heal in progress                   accounts=8869@526.00KiB slots=13767@1.03MiB    codes=12405@105.33MiB nodes=294,051,785@86.18GiB pending=155,058
WARN [10-06|03:15:27.423] Unexpected trienode heal packet          peer=f1697752 reqid=2,220,687,793,022,820,998
WARN [10-06|03:15:35.999] Dropping unsynced node during sync       id=620479f55bb64150 conn=inbound addr=93.115.28.167:52754   type=OpenEthereum/v3.3.0-...
INFO [10-06|03:15:37.614] State heal in progress                   accounts=8938@529.55KiB slots=13767@1.03MiB    codes=12405@105.33MiB nodes=294,052,576@86.18GiB pending=156,902
INFO [10-06|03:15:46.067] State heal in progress                   accounts=8972@531.29KiB slots=13767@1.03MiB    codes=12405@105.33MiB nodes=294,053,225@86.18GiB pending=157,904
INFO [10-06|03:15:47.595] Imported new block headers               count=1   elapsed=9.836ms   number=13,362,968 hash=36e3f6..f06293 age=2m5s
INFO [10-06|03:15:55.617] State heal in progress                   accounts=9042@534.71KiB slots=13767@1.03MiB    codes=12405@105.33MiB nodes=294,054,045@86.18GiB pending=159,455
ERROR[10-06|03:15:58.773] Snapshot extension registration failed   peer=20dcc090 err="peer connected on snap without compatible eth support"
ERROR[10-06|03:16:03.019] Snapshot extension registration failed   peer=f80b417d err="peer connected on snap without compatible eth support"
ERROR[10-06|03:16:03.701] Snapshot extension registration failed   peer=eecaebed err="peer connected on snap without compatible eth support"
INFO [10-06|03:16:05.249] State heal in progress                   accounts=9069@536.14KiB slots=13767@1.03MiB    codes=12405@105.33MiB nodes=294,054,821@86.18GiB pending=162,174
INFO [10-06|03:16:06.545] Imported new block headers               count=2   elapsed=6.930ms   number=13,362,970 hash=d99280..a401c2 age=1m18s
INFO [10-06|03:16:07.388] Downloader queue stats                   receiptTasks=0   blockTasks=0   itemSize=298.62KiB throttle=878
INFO [10-06|03:16:12.577] Imported new block headers               count=1   elapsed=6.122ms   number=13,362,971 hash=c17279..7338af
INFO [10-06|03:16:13.315] State heal in progress                   accounts=9103@537.89KiB slots=13767@1.03MiB    codes=12405@105.33MiB nodes=294,055,408@86.18GiB pending=163,409
WARN [10-06|03:16:14.258] Checkpoint challenge timed out, dropping id=671ea12df2825bd3 conn=inbound addr=27.111.169.25:3844    type=OpenEthereum/v3.3.0-...
ERROR[10-06|03:16:17.411] Snapshot extension registration failed   peer=b6d46900 err="peer connected on snap without compatible eth support"
INFO [10-06|03:16:22.984] State heal in progress                   accounts=9422@555.19KiB slots=13767@1.03MiB    codes=12405@105.33MiB nodes=294,056,727@86.18GiB pending=165,149
WARN [10-06|03:16:25.506] Dropping unsynced node during sync       id=1411502d71e1dbc2 conn=inbound addr=185.24.122.38:50752   type=OpenEthereum/v3.3.0-...
INFO [10-06|03:16:31.511] State heal in progress                   accounts=9607@565.67KiB slots=13767@1.03MiB    codes=12405@105.33MiB nodes=294,057,738@86.18GiB pending=165,798
INFO [10-06|03:16:36.683] Imported new block headers               count=1   elapsed=6.248ms   number=13,362,972 hash=782bf7..d84325
INFO [10-06|03:16:40.234] State heal in progress                   accounts=9815@577.51KiB slots=13767@1.03MiB    codes=12405@105.33MiB nodes=294,058,759@86.18GiB pending=166,114
INFO [10-06|03:16:42.717] Imported new block headers               count=1   elapsed=7.048ms   number=13,362,973 hash=231608..241564
WARN [10-06|03:16:46.816] Checkpoint challenge timed out, dropping id=1e2fa142d3009aac conn=inbound addr=104.131.177.161:44960 type=OpenEthereum/v3.3.0-...
INFO [10-06|03:16:48.626] State heal in progress                   accounts=9962@586.23KiB slots=13769@1.03MiB    codes=12405@105.33MiB nodes=294,059,508@86.18GiB pending=166,791
INFO [10-06|03:16:51.761] Imported new block headers               count=1   elapsed=6.125ms   number=13,362,974 hash=88cf34..0b89bc
ERROR[10-06|03:16:55.159] Snapshot extension registration failed   peer=f80b417d err="peer connected on snap without compatible eth support"
INFO [10-06|03:16:56.651] State heal in progress                   accounts=10232@602.06KiB slots=13771@1.03MiB    codes=12405@105.33MiB nodes=294,060,468@86.18GiB pending=166,916
INFO [10-06|03:17:04.656] State heal in progress                   accounts=10562@622.44KiB slots=13772@1.03MiB    codes=12405@105.33MiB nodes=294,061,577@86.18GiB pending=167,130
INFO [10-06|03:17:13.891] State heal in progress                   accounts=10871@641.32KiB slots=13774@1.03MiB    codes=12405@105.33MiB nodes=294,062,723@86.18GiB pending=167,537
ERROR[10-06|03:17:13.934] Snapshot extension registration failed   peer=6f817b70 err="peer connected on snap without compatible eth support"
INFO [10-06|03:17:14.236] Imported new block headers               count=1   elapsed=7.405ms   number=13,362,975 hash=e32e5f..ba82bf
INFO [10-06|03:17:14.430] Downloader queue stats                   receiptTasks=0   blockTasks=0   itemSize=323.60KiB throttle=811
INFO [10-06|03:17:22.127] State heal in progress                   accounts=11045@651.39KiB slots=13782@1.03MiB    codes=12405@105.33MiB nodes=294,063,632@86.18GiB pending=168,343
INFO [10-06|03:17:32.153] State heal in progress                   accounts=11366@671.71KiB slots=13787@1.03MiB    codes=12405@105.33MiB nodes=294,064,930@86.18GiB pending=169,114
ERROR[10-06|03:17:33.302] Snapshot extension registration failed   peer=aec4562e err="peer connected on snap without compatible eth support"
ERROR[10-06|03:17:40.177] Snapshot extension registration failed   peer=20dcc090 err="peer connected on snap without compatible eth support"
INFO [10-06|03:17:42.342] State heal in progress                   accounts=11620@687.53KiB slots=13791@1.03MiB    codes=12405@105.33MiB nodes=294,066,158@86.18GiB pending=170,678
INFO [10-06|03:17:51.820] State heal in progress                   accounts=11847@702.37KiB slots=13809@1.03MiB    codes=12405@105.33MiB nodes=294,067,209@86.18GiB pending=172,109
INFO [10-06|03:17:56.396] Imported new block headers               count=1   elapsed=6.663ms   number=13,362,976 hash=5b42ce..980a11 age=1m17s
WARN [10-06|03:17:57.406] Unexpected bytecode heal packet          peer=125ace34 reqid=1,914,262,174,928,701,063
INFO [10-06|03:18:01.094] State heal in progress                   accounts=12103@718.85KiB slots=13835@1.03MiB    codes=12405@105.33MiB nodes=294,068,355@86.18GiB pending=173,527
INFO [10-06|03:18:05.434] Imported new block headers               count=1   elapsed=5.539ms   number=13,362,977 hash=609e28..4a2511 age=1m15s
INFO [10-06|03:18:09.119] State heal in progress                   accounts=12211@726.23KiB slots=13847@1.03MiB    codes=12405@105.33MiB nodes=294,069,105@86.18GiB pending=174,940
ERROR[10-06|03:18:12.713] Snapshot extension registration failed   peer=aec4562e err="peer connected on snap without compatible eth support"
INFO [10-06|03:18:18.238] State heal in progress                   accounts=12285@730.95KiB slots=13886@1.04MiB    codes=12405@105.33MiB nodes=294,069,916@86.18GiB pending=176,780
INFO [10-06|03:18:20.493] Imported new block headers               count=1   elapsed=8.470ms   number=13,362,978 hash=a493f1..224de5 age=1m8s
INFO [10-06|03:18:21.489] Downloader queue stats                   receiptTasks=0   blockTasks=0   itemSize=332.57KiB throttle=789
ERROR[10-06|03:18:24.181] Snapshot extension registration failed   peer=2eed2385 err="peer connected on snap without compatible eth support"
INFO [10-06|03:18:28.828] State heal in progress                   accounts=12316@732.78KiB slots=13904@1.04MiB    codes=12405@105.33MiB nodes=294,070,567@86.18GiB pending=177,802
WARN [10-06|03:18:32.300] Unexpected trienode heal packet          peer=6181d749 reqid=2,781,498,158,197,998,169
INFO [10-06|03:18:32.540] Imported new block headers               count=1   elapsed=8.198ms   number=13,362,979 hash=6f9183..57ff01
ERROR[10-06|03:18:34.443] Snapshot extension registration failed   peer=1f9d978a err="peer connected on snap without compatible eth support"
WARN [10-06|03:18:34.492] Unexpected bytecode heal packet          peer=8228fb3a reqid=1,564,091,897,231,457,134
WARN [10-06|03:18:34.499] Unexpected trienode heal packet          peer=8228fb3a reqid=874,629,791,371,113,156
WARN [10-06|03:18:35.110] Unexpected trienode heal packet          peer=f1697752 reqid=5,460,291,523,664,470,504
INFO [10-06|03:18:35.558] Imported new block headers               count=1   elapsed=7.042ms   number=13,362,980 hash=5f8db3..66c2a6
WARN [10-06|03:18:35.675] Unexpected trienode heal packet          peer=0c13ed86 reqid=1,814,908,319,243,448,520
INFO [10-06|03:18:39.213] State heal in progress                   accounts=12342@734.51KiB slots=13925@1.04MiB    codes=12405@105.33MiB nodes=294,071,197@86.18GiB pending=178,820
INFO [10-06|03:18:47.605] Imported new block headers               count=1   elapsed=6.892ms   number=13,362,981 hash=24c4fd..65051c
INFO [10-06|03:18:49.039] State heal in progress                   accounts=12401@738.15KiB slots=13950@1.04MiB    codes=12406@105.33MiB nodes=294,071,899@86.18GiB pending=180,031
INFO [10-06|03:18:59.187] State heal in progress                   accounts=12432@740.10KiB slots=13971@1.04MiB    codes=12406@105.33MiB nodes=294,072,543@86.18GiB pending=181,607
INFO [10-06|03:19:07.681] Imported new block headers               count=1   elapsed=8.832ms   number=13,362,982 hash=f59601..c9ce64
INFO [10-06|03:19:10.065] State heal in progress                   accounts=12467@742.27KiB slots=14044@1.05MiB    codes=12406@105.33MiB nodes=294,073,371@86.18GiB pending=182,644
INFO [10-06|03:19:18.192] Imported new block headers               count=1   elapsed=7.705ms   number=13,362,983 hash=b6a12f..ffb0ab
INFO [10-06|03:19:18.398] State heal in progress                   accounts=12473@742.59KiB slots=14100@1.05MiB    codes=12406@105.33MiB nodes=294,073,983@86.19GiB pending=183,629
INFO [10-06|03:19:21.209] Imported new block headers               count=1   elapsed=5.488ms   number=13,362,984 hash=3c3cf3..1cb563
INFO [10-06|03:19:21.538] Downloader queue stats                   receiptTasks=0   blockTasks=0   itemSize=305.63KiB throttle=858
INFO [10-06|03:19:27.384] State heal in progress                   accounts=12513@745.24KiB slots=14136@1.06MiB    codes=12406@105.33MiB nodes=294,074,709@86.19GiB pending=184,691
INFO [10-06|03:19:38.162] State heal in progress                   accounts=12513@745.24KiB slots=14189@1.06MiB    codes=12406@105.33MiB nodes=294,075,381@86.19GiB pending=185,328
INFO [10-06|03:19:39.751] Imported new block headers               count=1   elapsed=6.570ms   number=13,362,985 hash=409873..f35d31
INFO [10-06|03:19:47.955] State heal in progress                   accounts=12518@745.57KiB slots=14270@1.07MiB    codes=12406@105.33MiB nodes=294,076,084@86.19GiB pending=185,957