$ python steady_state_analyzer.py -c ./experiments/go-ethereum/experiment_config_go-ethereum.ini --host http://localhost:9090 --start=2021-10-07T07:00:00+02:00 --end=2021-10-07T12:00:00+02:00

+--------------+-------------+------------------+----------------------+------------------------------+------------------------+
| Syscall Name |  Error Code | Samples in Total | Invocations in Total |         Failure Rate         |        Variance        |
+--------------+-------------+------------------+----------------------+------------------------------+------------------------+
|   accept4    |    EAGAIN   |       1201       |        49815         | 0.500000, 0.499692, 0.500000 | 2.408713282454387e-06  |
|   accept4    |   SUCCESS   |        -         |        49877         |              -               |           -            |
|   connect    | EINPROGRESS |        29        |         110          | 0.086364, 0.282840, 0.384615 |  0.008458310875876587  |
|   connect    |   SUCCESS   |        -         |         8860         |              -               |           -            |
|  epoll_ctl   |    EPERM    |       1201       |        25654         | 0.069930, 0.097660, 0.121212 | 0.0065426113776234475  |
|  epoll_ctl   |   SUCCESS   |        -         |        129803        |              -               |           -            |
| epoll_pwait  |    EINTR    |        36        |          36          | 0.000021, 0.000034, 0.000049 | 1.0595895328047425e-10 |
| epoll_pwait  |   SUCCESS   |        -         |       36609205       |              -               |           -            |
|    futex     |    EAGAIN   |       1201       |        89220         | 0.003152, 0.006259, 0.011594 | 7.461145163451071e-06  |
|    futex     |  ETIMEDOUT  |       1201       |        75824         | 0.002606, 0.005404, 0.014425 | 3.4546984186690964e-05 |
|    futex     |   SUCCESS   |        -         |       14472078       |              -               |           -            |
|  newfstatat  |    ENOENT   |        5         |          5           | 0.200000, 0.220000, 0.250000 | 0.0005999999999999996  |
|  newfstatat  |   SUCCESS   |        -         |         1472         |              -               |           -            |
|     read     |    EAGAIN   |       1200       |       7165712        | 0.489060, 0.495251, 0.497738 | 1.0596629311329928e-05 |
|     read     |  ECONNRESET |        6         |          6           | 0.000069, 0.000105, 0.000159 | 1.2409496985199626e-09 |
|     read     |   SUCCESS   |        -         |       7302755        |              -               |           -            |
|   recvfrom   |    EAGAIN   |       1200       |        63649         | 0.471259, 0.493653, 0.500000 | 0.0001219477326443365  |
|   recvfrom   |   SUCCESS   |        -         |        65632         |              -               |           -            |
|   unlinkat   |    EISDIR   |        5         |          10          | 0.333333, 0.333333, 0.333333 |          0.0           |
|   unlinkat   |  ENOTEMPTY  |        5         |          5           | 0.166667, 0.166667, 0.166667 |          0.0           |
|   unlinkat   |   SUCCESS   |        -         |         2493         |              -               |           -            |
|    write     |    EAGAIN   |        7         |          60          | 0.002520, 0.021368, 0.050672 | 0.0003314512273471779  |
|    write     |  ECONNRESET |        1         |          1           | 0.003058, 0.003058, 0.003058 |          0.0           |
|    write     |   SUCCESS   |        -         |       1406033        |              -               |           -            |
+--------------+-------------+------------------+----------------------+------------------------------+------------------------+

+---------------------+---------------------+---------------------+--------------------+-----------------------+
|     Metric Name     |         Min         |         Mean        |        Max         |        Variance       |
+---------------------+---------------------+---------------------+--------------------+-----------------------+
|      disk_read      |  15988447.473552281 |   24535515.9613855  |  50604515.9348327  |   137495311685184.05  |
|      disk_write     |  421.01497588272696 |  278115.47423918766 | 111901.66189174663 |   5114910317763.955   |
| known_announcements |  1.1599774253058397 |  2.1308834449707827 | 3.358095302813577  |  0.44240813614180335  |
|   known_broadcasts  | 0.18600551807074578 | 0.37666063227111307 | 0.6305473490916456 |  0.01806736143233791  |
|     memory_used     |     1613046662.0    |  1839199886.8533332 | 2075855158.8000002 | 2.006956511563385e+16 |
|      peer_stats     |         50.0        |  50.645833333333336 |        52.0        |   0.5424826388888908  |
|    traffic_egress   |  2074.9394626144817 |  4724.504905915707  |  6840.9895928249   |   134890590.41398814  |
|   traffic_ingress   |  140487.8354989997  |  196699.59782281137 | 279151.43808311824 |   2628030417.749273   |
+---------------------+---------------------+---------------------+--------------------+-----------------------+