$ python steady_state_analyzer.py -c ./experiments/go-ethereum/experiment_config_go-ethereum.ini --host http://localhost:9090 --start=2021-10-05T14:00:00+02:00 --end=2021-10-05T19:00:00+02:00

+--------------+------------+------------------+----------------------+------------------------------+------------------------+
| Syscall Name | Error Code | Samples in Total | Invocations in Total |         Failure Rate         |        Variance        |
+--------------+------------+------------------+----------------------+------------------------------+------------------------+
|   accept4    |   EAGAIN   |       1201       |        51640         | 0.500000, 0.499803, 0.500000 | 1.1787447589015166e-06 |
|   accept4    |  SUCCESS   |        -         |        51681         |              -               |           -            |
|  epoll_ctl   |   EPERM    |       1201       |        12520         | 0.073529, 0.097929, 0.133333 | 0.0004497941902913298  |
|  epoll_ctl   |  SUCCESS   |        -         |        117662        |              -               |           -            |
| epoll_pwait  |   EINTR    |        36        |          36          | 0.000023, 0.000039, 0.000052 | 8.079770590147147e-11  |
| epoll_pwait  |  SUCCESS   |        -         |       32481031       |              -               |           -            |
|    futex     |   EAGAIN   |       1201       |        76953         | 0.003317, 0.006267, 0.010984 | 6.936378731225985e-06  |
|    futex     | ETIMEDOUT  |       1201       |        64848         | 0.002591, 0.005281, 0.014812 |  3.11574543052617e-05  |
|    futex     |  SUCCESS   |        -         |       12293842       |              -               |           -            |
|  newfstatat  |   ENOENT   |        5         |          5           | 0.183333, 0.283333, 0.450000 |  0.01277777777777778   |
|  newfstatat  |  SUCCESS   |        -         |         207          |              -               |           -            |
|     read     |   EAGAIN   |       1201       |       6329704        | 0.490439, 0.495140, 0.497514 | 8.677525170806516e-06  |
|     read     | ECONNRESET |        6         |          7           | 0.000090, 0.000149, 0.000211 | 2.2807097404284582e-09 |
|     read     |  SUCCESS   |        -         |       6452205        |              -               |           -            |
|   recvfrom   |   EAGAIN   |       1201       |        71556         | 0.476190, 0.494582, 0.500000 | 8.652778617360777e-05  |
|   recvfrom   |  SUCCESS   |        -         |        73425         |              -               |           -            |
|   unlinkat   |   EISDIR   |        5         |          10          | 0.333333, 0.333333, 0.333333 |          0.0           |
|   unlinkat   | ENOTEMPTY  |        5         |          5           | 0.166667, 0.166667, 0.166667 |          0.0           |
|   unlinkat   |  SUCCESS   |        -         |          40          |              -               |           -            |
|    write     |   EAGAIN   |        9         |          60          | 0.001969, 0.013314, 0.028049 | 9.072644994465135e-05  |
|    write     |   EPIPE    |        1         |          1           | 0.000065, 0.000065, 0.000065 |          0.0           |
|    write     |  SUCCESS   |        -         |        590676        |              -               |           -            |
+--------------+------------+------------------+----------------------+------------------------------+------------------------+

+---------------------+---------------------+--------------------+--------------------+------------------------+
|     Metric Name     |         Min         |        Mean        |        Max         |        Variance        |
+---------------------+---------------------+--------------------+--------------------+------------------------+
|      disk_read      |  16163070.019227225 | 21485699.151444796 | 39131688.67229811  |   50953969131407.94    |
|      disk_write     |  510.4879972980622  | 16059.076733924641 | 81870.29287720058  |   768744661.5271736    |
| known_announcements |  1.0642846256094787 | 1.8597531090208685 | 2.9031833395877413 |   0.3089515246521312   |
|   known_broadcasts  | 0.38344163775199586 | 0.6411159497288934 | 0.9514492005501279 |  0.030423226869012273  |
|     memory_used     |  1662396421.6000001 | 1902155653.3966668 |    2146221468.6    | 2.2128231871693504e+16 |
|      peer_stats     |         50.0        | 50.614583333333336 |        52.0        |   0.4824956597222151   |
|    traffic_egress   |  2162.2472015861877 | 6204.797356773087  | 23655.84731689273  |   139232422.55686566   |
|   traffic_ingress   |  144921.61296189282 | 193475.3468960228  | 261734.8613573127  |   1150583557.686609    |
+---------------------+---------------------+--------------------+--------------------+------------------------+