WARN [10-07|10:58:08.991] Unexpected trienode heal packet          peer=7c043366 reqid=1,341,615,279,693,481,245
WARN [10-07|10:58:09.071] Unexpected trienode heal packet          peer=df5f16fe reqid=813,856,298,850,406,846
WARN [10-07|10:58:09.121] Unexpected trienode heal packet          peer=18abee8b reqid=6,781,445,241,169,033,680
WARN [10-07|10:58:09.171] Unexpected trienode heal packet          peer=6dffc356 reqid=8,770,231,828,831,677,109
WARN [10-07|10:58:10.148] Unexpected trienode heal packet          peer=2f43953b reqid=2,235,763,156,783,454,722
WARN [10-07|10:58:10.734] Unexpected trienode heal packet          peer=543ccb27 reqid=7,621,985,678,648,161,675
WARN [10-07|10:58:10.875] Unexpected trienode heal packet          peer=7b3c9ee8 reqid=5,472,604,311,159,585,725
WARN [10-07|10:58:11.026] Unexpected trienode heal packet          peer=80eb3449 reqid=6,681,192,481,240,168,297
INFO [10-07|10:58:11.066] Imported new block headers               count=1    elapsed=7.676ms   number=13,371,392 hash=47099e..ec6051
WARN [10-07|10:58:11.149] Unexpected trienode heal packet          peer=ce63274a reqid=8,513,604,968,680,503,918
WARN [10-07|10:58:11.222] Unexpected trienode heal packet          peer=6a5307af reqid=106,334,947,016,650,209
WARN [10-07|10:58:11.816] Unexpected trienode heal packet          peer=5612187f reqid=480,157,783,034,079,622
WARN [10-07|10:58:12.194] Unexpected trienode heal packet          peer=cfd618ea reqid=1,027,167,198,929,281,751
WARN [10-07|10:58:12.278] Unexpected trienode heal packet          peer=579a88ab reqid=520,485,155,979,562,842
WARN [10-07|10:58:12.360] Unexpected trienode heal packet          peer=91f83f5b reqid=9,155,629,516,010,189,485
WARN [10-07|10:58:12.416] Unexpected trienode heal packet          peer=8fe0dc37 reqid=4,110,701,751,778,325,028
WARN [10-07|10:58:12.508] Unexpected trienode heal packet          peer=b1aeea0e reqid=1,653,386,535,078,487,422
WARN [10-07|10:58:12.535] Unexpected trienode heal packet          peer=c7ebdb32 reqid=3,345,313,045,744,654,613
INFO [10-07|10:58:15.825] State heal in progress                   accounts=612,319@31.03MiB slots=351,433@25.80MiB codes=12682@107.72MiB nodes=301,900,819@88.86GiB pending=104,202
INFO [10-07|10:58:17.714] Imported new block headers               count=2    elapsed=11.920ms  number=13,371,394 hash=50e3db..d00e23
INFO [10-07|10:58:23.975] State heal in progress                   accounts=612,319@31.03MiB slots=351,433@25.80MiB codes=12682@107.72MiB nodes=301,901,135@88.86GiB pending=104,775
INFO [10-07|10:58:32.949] State heal in progress                   accounts=612,319@31.03MiB slots=351,433@25.80MiB codes=12682@107.72MiB nodes=301,901,458@88.86GiB pending=105,293
WARN [10-07|10:58:32.950] Unexpected trienode heal packet          peer=4a5075e4 reqid=3,535,707,704,072,715,072
WARN [10-07|10:58:34.467] Unexpected trienode heal packet          peer=23d01f57 reqid=1,079,898,516,287,695,667
WARN [10-07|10:58:36.631] Unexpected trienode heal packet          peer=e23ac764 reqid=1,385,585,913,463,851,294
WARN [10-07|10:58:38.555] Unexpected trienode heal packet          peer=8c1647aa reqid=5,390,509,229,235,152,755
WARN [10-07|10:58:39.263] Unexpected trienode heal packet          peer=b1aeea0e reqid=5,554,756,717,477,145,752
WARN [10-07|10:58:39.439] Unexpected trienode heal packet          peer=7c043366 reqid=5,720,219,574,177,024,263
WARN [10-07|10:58:39.983] Unexpected trienode heal packet          peer=18abee8b reqid=8,245,626,351,553,518,591
INFO [10-07|10:58:41.919] State heal in progress                   accounts=612,319@31.03MiB slots=351,433@25.80MiB codes=12682@107.72MiB nodes=301,901,812@88.86GiB pending=105,882
WARN [10-07|10:58:41.919] Unexpected trienode heal packet          peer=df5f16fe reqid=7,520,913,283,311,489,778
WARN [10-07|10:58:42.440] Unexpected trienode heal packet          peer=6dffc356 reqid=8,515,394,955,018,447,637
WARN [10-07|10:58:44.138] Unexpected trienode heal packet          peer=2f43953b reqid=8,347,570,738,049,523,102
INFO [10-07|10:58:50.076] Imported new block headers               count=2    elapsed=7.958ms   number=13,371,396 hash=e6d79f..3f3db2
INFO [10-07|10:58:51.208] State heal in progress                   accounts=612,319@31.03MiB slots=351,433@25.80MiB codes=12682@107.72MiB nodes=301,902,118@88.86GiB pending=106,256
INFO [10-07|10:58:53.511] Imported new block headers               count=1    elapsed=8.460ms   number=13,371,397 hash=7197a3..53e757
INFO [10-07|10:58:53.955] Downloader queue stats                   receiptTasks=0   blockTasks=0   itemSize=261.94KiB throttle=1001
INFO [10-07|10:58:59.887] State heal in progress                   accounts=612,319@31.03MiB slots=351,433@25.80MiB codes=12682@107.72MiB nodes=301,902,439@88.86GiB pending=106,953
INFO [10-07|10:59:11.288] State heal in progress                   accounts=612,319@31.03MiB slots=351,433@25.80MiB codes=12682@107.72MiB nodes=301,902,846@88.86GiB pending=107,599
INFO [10-07|10:59:19.436] Imported new block headers               count=1    elapsed=9.091ms   number=13,371,398 hash=d43922..e56940
INFO [10-07|10:59:22.021] State heal in progress                   accounts=612,319@31.03MiB slots=351,433@25.80MiB codes=12682@107.72MiB nodes=301,903,205@88.86GiB pending=108,020
WARN [10-07|10:59:23.290] Unexpected trienode heal packet          peer=8affc2e7 reqid=4,219,831,924,199,486,440
INFO [10-07|10:59:34.926] State heal in progress                   accounts=612,319@31.03MiB slots=351,433@25.80MiB codes=12682@107.72MiB nodes=301,903,600@88.86GiB pending=108,490
WARN [10-07|10:59:34.929] Unexpected trienode heal packet          peer=c7ebdb32 reqid=2,398,185,032,638,540,751
INFO [10-07|10:59:45.367] Imported new block headers               count=1    elapsed=10.714ms  number=13,371,399 hash=ecbb51..5c6317
INFO [10-07|10:59:52.069] State heal in progress                   accounts=612,319@31.03MiB slots=351,433@25.80MiB codes=12682@107.72MiB nodes=301,904,332@88.86GiB pending=110,111
WARN [10-07|10:59:56.445] Unexpected trienode heal packet          peer=23d01f57 reqid=7,514,273,033,310,563,278
INFO [10-07|10:59:58.436] Imported new block headers               count=1    elapsed=9.646ms   number=13,371,400 hash=17098f..a16205 age=1m6s
INFO [10-07|10:59:58.991] Downloader queue stats                   receiptTasks=0   blockTasks=0   itemSize=288.21KiB throttle=910
INFO [10-07|11:00:04.262] State heal in progress                   accounts=612,319@31.03MiB slots=351,433@25.80MiB codes=12682@107.72MiB nodes=301,904,725@88.86GiB pending=110,613
INFO [10-07|11:00:11.502] Imported new block headers               count=1    elapsed=7.820ms   number=13,371,401 hash=60dfe8..9f8ed5
INFO [10-07|11:00:12.367] State heal in progress                   accounts=612,319@31.03MiB slots=351,433@25.80MiB codes=12682@107.72MiB nodes=301,905,003@88.86GiB pending=111,007
WARN [10-07|11:00:12.374] Unexpected trienode heal packet          peer=18abee8b reqid=7,262,282,397,153,347,586
INFO [10-07|11:00:21.356] Imported new block headers               count=1    elapsed=7.481ms   number=13,371,402 hash=af237c..e8f122
INFO [10-07|11:00:22.446] State heal in progress                   accounts=612,319@31.03MiB slots=351,433@25.80MiB codes=12682@107.72MiB nodes=301,905,378@88.86GiB pending=111,525
WARN [10-07|11:00:22.446] Unexpected trienode heal packet          peer=8fe0dc37 reqid=6,327,969,151,747,636,712
WARN [10-07|11:00:22.731] Unexpected trienode heal packet          peer=7c043366 reqid=4,949,771,939,074,166,471
WARN [10-07|11:00:24.274] Unexpected trienode heal packet          peer=6dffc356 reqid=3,439,615,078,851,996,910
INFO [10-07|11:00:32.557] State heal in progress                   accounts=612,319@31.03MiB slots=351,433@25.80MiB codes=12682@107.72MiB nodes=301,905,852@88.86GiB pending=112,627
WARN [10-07|11:00:32.557] Unexpected trienode heal packet          peer=df5f16fe reqid=3,923,580,672,314,844,103
WARN [10-07|11:00:33.635] Unexpected trienode heal packet          peer=2f43953b reqid=4,795,108,315,325,634,035
INFO [10-07|11:00:43.913] State heal in progress                   accounts=612,319@31.03MiB slots=351,433@25.80MiB codes=12682@107.72MiB nodes=301,906,282@88.86GiB pending=113,304
WARN [10-07|11:00:43.914] Unexpected trienode heal packet          peer=b1aeea0e reqid=1,017,424,735,117,931,282
INFO [10-07|11:00:44.068] Imported new block headers               count=1    elapsed=9.138ms   number=13,371,403 hash=a459c9..5ba8a8
WARN [10-07|11:00:44.432] Unexpected trienode heal packet          peer=80eb3449 reqid=8,577,326,231,342,293,594
WARN [10-07|11:00:45.051] Unexpected trienode heal packet          peer=ce63274a reqid=6,794,246,639,812,471,754
WARN [10-07|11:00:45.772] Unexpected trienode heal packet          peer=6a5307af reqid=9,030,568,018,627,436,019
WARN [10-07|11:00:49.439] Unexpected trienode heal packet          peer=7b3c9ee8 reqid=2,899,750,991,988,293,078
WARN [10-07|11:00:50.545] Unexpected trienode heal packet          peer=543ccb27 reqid=4,218,873,281,926,389,053
WARN [10-07|11:00:50.646] Unexpected trienode heal packet          peer=5612187f reqid=6,944,526,852,559,756,957
INFO [10-07|11:00:50.707] Imported new block headers               count=1    elapsed=7.127ms   number=13,371,404 hash=5aa6d9..2bc4b9
INFO [10-07|11:00:57.346] Imported new block headers               count=1    elapsed=6.996ms   number=13,371,405 hash=cf7917..33983b
INFO [10-07|11:01:01.333] State heal in progress                   accounts=612,319@31.03MiB slots=351,433@25.80MiB codes=12682@107.72MiB nodes=301,906,860@88.87GiB pending=114,039
WARN [10-07|11:01:01.559] Unexpected trienode heal packet          peer=c7ebdb32 reqid=5,378,754,037,520,312,607
WARN [10-07|11:01:02.409] Unexpected trienode heal packet          peer=23d01f57 reqid=6,254,489,150,755,739,209
WARN [10-07|11:01:02.455] Unexpected trienode heal packet          peer=e23ac764 reqid=2,761,665,567,181,479,438
WARN [10-07|11:01:03.049] Unexpected trienode heal packet          peer=8fe0dc37 reqid=6,667,419,797,563,151,112
WARN [10-07|11:01:03.054] Unexpected trienode heal packet          peer=7c043366 reqid=8,076,959,175,540,739,402
WARN [10-07|11:01:03.098] Unexpected trienode heal packet          peer=6dffc356 reqid=8,121,923,605,169,804,038
WARN [10-07|11:01:03.121] Unexpected trienode heal packet          peer=df5f16fe reqid=2,719,228,703,910,116,457
WARN [10-07|11:01:03.122] Unexpected trienode heal packet          peer=2f43953b reqid=4,346,992,848,711,089,963
WARN [10-07|11:01:03.143] Unexpected trienode heal packet          peer=b1aeea0e reqid=1,847,873,047,047,256,890
WARN [10-07|11:01:03.199] Unexpected trienode heal packet          peer=80eb3449 reqid=4,540,299,418,977,220,298
INFO [10-07|11:01:16.348] State heal in progress                   accounts=612,319@31.03MiB slots=351,433@25.80MiB codes=12682@107.72MiB nodes=301,907,537@88.87GiB pending=115,284
INFO [10-07|11:01:24.975] State heal in progress                   accounts=612,320@31.03MiB slots=351,433@25.80MiB codes=12682@107.72MiB nodes=301,907,948@88.87GiB pending=116,074
WARN [10-07|11:01:26.534] Unexpected trienode heal packet          peer=e23ac764 reqid=2,059,158,419,996,181,912
WARN [10-07|11:01:27.864] Unexpected trienode heal packet          peer=18abee8b reqid=8,558,204,550,391,696,000
INFO [10-07|11:01:32.911] Imported new block headers               count=1    elapsed=7.247ms   number=13,371,406 hash=eaa709..7384fd
INFO [10-07|11:01:33.049] Downloader queue stats                   receiptTasks=0   blockTasks=0   itemSize=265.53KiB throttle=988
INFO [10-07|11:01:33.942] State heal in progress                   accounts=612,320@31.03MiB slots=351,433@25.80MiB codes=12682@107.72MiB nodes=301,908,265@88.87GiB pending=116,502
WARN [10-07|11:01:33.942] Unexpected trienode heal packet          peer=8c1647aa reqid=4,048,754,146,932,523,307
WARN [10-07|11:01:34.961] Unexpected trienode heal packet          peer=91f83f5b reqid=8,424,599,809,172,438,928
WARN [10-07|11:01:35.313] Unexpected trienode heal packet          peer=6dffc356 reqid=4,063,361,755,757,993,322
WARN [10-07|11:01:37.537] Unexpected trienode heal packet          peer=2f43953b reqid=6,813,516,004,746,040,705
INFO [10-07|11:01:39.551] Imported new block headers               count=1    elapsed=7.918ms   number=13,371,407 hash=4a0e61..e7dce9
WARN [10-07|11:01:40.076] Unexpected trienode heal packet          peer=7c043366 reqid=6,593,705,935,226,678,316
WARN [10-07|11:01:40.394] Unexpected trienode heal packet          peer=ce63274a reqid=4,828,416,946,789,822,102
WARN [10-07|11:01:41.276] Unexpected trienode heal packet          peer=df5f16fe reqid=7,740,743,318,545,947,482
INFO [10-07|11:01:42.046] State heal in progress                   accounts=612,322@31.03MiB slots=351,433@25.80MiB codes=12682@107.72MiB nodes=301,908,581@88.87GiB pending=116,839
INFO [10-07|11:01:49.404] Imported new block headers               count=1    elapsed=6.694ms   number=13,371,408 hash=60c272..319132
INFO [10-07|11:01:55.801] State heal in progress                   accounts=612,323@31.03MiB slots=351,433@25.80MiB codes=12682@107.72MiB nodes=301,909,178@88.87GiB pending=117,719
INFO [10-07|11:01:56.046] Imported new block headers               count=1    elapsed=8.497ms   number=13,371,409 hash=abee82..b1e361
INFO [10-07|11:02:06.913] State heal in progress                   accounts=612,323@31.03MiB slots=351,433@25.80MiB codes=12682@107.72MiB nodes=301,909,647@88.87GiB pending=118,589
WARN [10-07|11:02:07.160] Unexpected trienode heal packet          peer=8c1647aa reqid=7,269,973,553,014,519,800
INFO [10-07|11:02:15.540] Imported new block headers               count=1    elapsed=7.383ms   number=13,371,410 hash=aaf18f..705515
INFO [10-07|11:02:17.932] State heal in progress                   accounts=612,352@31.03MiB slots=351,433@25.80MiB codes=12682@107.72MiB nodes=301,910,189@88.87GiB pending=119,360
WARN [10-07|11:02:22.836] Unexpected trienode heal packet          peer=4a5075e4 reqid=8,879,814,844,105,519,430
INFO [10-07|11:02:25.401] Imported new block headers               count=1    elapsed=7.892ms   number=13,371,411 hash=81f681..9c54bc
INFO [10-07|11:02:30.583] State heal in progress                   accounts=612,394@31.04MiB slots=351,433@25.80MiB codes=12682@107.72MiB nodes=301,910,775@88.87GiB pending=120,029
WARN [10-07|11:02:30.584] Unexpected trienode heal packet          peer=80eb3449 reqid=8,271,611,078,846,933,225
WARN [10-07|11:02:30.595] Unexpected trienode heal packet          peer=18abee8b reqid=8,132,187,240,492,143,782
INFO [10-07|11:02:35.257] Imported new block headers               count=1    elapsed=9.150ms   number=13,371,412 hash=d74ad4..50285d
INFO [10-07|11:02:36.083] Downloader queue stats                   receiptTasks=0   blockTasks=0   itemSize=268.32KiB throttle=977
WARN [10-07|11:02:36.518] Unexpected trienode heal packet          peer=e23ac764 reqid=4,623,243,357,060,301,294
INFO [10-07|11:02:38.681] Imported new block headers               count=1    elapsed=5.804ms   number=13,371,413 hash=feaa43..a280b2
INFO [10-07|11:02:40.505] State heal in progress                   accounts=612,404@31.04MiB slots=351,433@25.80MiB codes=12682@107.72MiB nodes=301,911,166@88.87GiB pending=120,443
WARN [10-07|11:02:40.506] Unexpected trienode heal packet          peer=23d01f57 reqid=7,507,645,176,715,729,890
INFO [10-07|11:02:45.325] Imported new block headers               count=1    elapsed=8.248ms   number=13,371,414 hash=a4f0c6..27202b
INFO [10-07|11:02:49.245] State heal in progress                   accounts=612,410@31.04MiB slots=351,433@25.80MiB codes=12682@107.72MiB nodes=301,911,485@88.87GiB pending=120,827
WARN [10-07|11:02:49.246] Unexpected trienode heal packet          peer=6dffc356 reqid=7,984,782,187,849,957,535
WARN [10-07|11:02:54.807] Unexpected trienode heal packet          peer=6a5307af reqid=1,063,671,750,174,859,716
INFO [10-07|11:02:58.396] Imported new block headers               count=1    elapsed=10.369ms  number=13,371,415 hash=f826be..e6ca58
INFO [10-07|11:03:01.714] State heal in progress                   accounts=612,426@31.04MiB slots=351,433@25.80MiB codes=12682@107.72MiB nodes=301,912,034@88.87GiB pending=121,535
WARN [10-07|11:03:01.715] Unexpected trienode heal packet          peer=2f43953b reqid=7,991,654,649,697,045,274
INFO [10-07|11:03:08.248] Imported new block headers               count=1    elapsed=7.760ms   number=13,371,416 hash=6f49db..894232
INFO [10-07|11:03:10.650] State heal in progress                   accounts=612,443@31.04MiB slots=351,433@25.80MiB codes=12682@107.72MiB nodes=301,912,334@88.87GiB pending=121,841
WARN [10-07|11:03:10.651] Unexpected trienode heal packet          peer=91f83f5b reqid=6,620,278,731,370,101,442
WARN [10-07|11:03:11.068] Unexpected trienode heal packet          peer=7c043366 reqid=5,660,117,804,374,956,884