INFO [10-05|23:17:25.508] Downloader queue stats                   receiptTasks=0    blockTasks=0    itemSize=261.37KiB throttle=1003
WARN [10-05|23:17:26.920] Unexpected trienode heal packet          peer=1c3b1bd5 reqid=5,119,852,445,336,208,639
WARN [10-05|23:17:27.419] Unexpected trienode heal packet          peer=18091dfc reqid=1,824,177,791,742,125,267
WARN [10-05|23:17:27.851] Unexpected trienode heal packet          peer=85c41b4d reqid=3,665,690,733,605,398,806
WARN [10-05|23:17:28.066] Unexpected trienode heal packet          peer=94901c99 reqid=644,312,786,821,470,666
WARN [10-05|23:17:28.336] Unexpected trienode heal packet          peer=bf3f5d56 reqid=9,204,424,101,177,084,613
INFO [10-05|23:17:35.563] State heal in progress                   accounts=2,149,582@114.12MiB slots=2,086,942@153.02MiB codes=12383@105.11MiB nodes=293,017,373@85.80GiB pending=93306
INFO [10-05|23:17:44.019] State heal in progress                   accounts=2,149,582@114.12MiB slots=2,086,942@153.02MiB codes=12383@105.11MiB nodes=293,017,975@85.80GiB pending=95330
INFO [10-05|23:17:55.172] Imported new block headers               count=1    elapsed=7.512ms   number=13,361,904 hash=fa156a..20002a age=1m1s
INFO [10-05|23:17:56.698] State heal in progress                   accounts=2,149,582@114.12MiB slots=2,086,942@153.02MiB codes=12383@105.11MiB nodes=293,018,545@85.80GiB pending=96903
INFO [10-05|23:18:09.558] State heal in progress                   accounts=2,149,582@114.12MiB slots=2,086,942@153.02MiB codes=12383@105.11MiB nodes=293,019,091@85.80GiB pending=98207
WARN [10-05|23:18:09.560] Unexpected trienode heal packet          peer=7df6c090 reqid=5,129,989,781,480,360,003
WARN [10-05|23:18:14.991] Unexpected trienode heal packet          peer=7b9ee052 reqid=6,638,911,745,529,028,610
INFO [10-05|23:18:16.249] Imported new block headers               count=1    elapsed=8.475ms   number=13,361,905 hash=0eadea..50af09 age=1m17s
WARN [10-05|23:18:16.584] Unexpected trienode heal packet          peer=d39fedf5 reqid=7,045,906,753,414,953,015
WARN [10-05|23:18:17.222] Unexpected trienode heal packet          peer=59bb9549 reqid=5,339,429,404,522,045,614
INFO [10-05|23:18:18.181] State heal in progress                   accounts=2,149,582@114.12MiB slots=2,086,942@153.02MiB codes=12383@105.11MiB nodes=293,019,389@85.80GiB pending=98539
WARN [10-05|23:18:18.183] Unexpected trienode heal packet          peer=0f1292ed reqid=7,511,612,901,788,989,948
WARN [10-05|23:18:18.387] Unexpected trienode heal packet          peer=cddd749d reqid=2,798,299,981,635,290,727
INFO [10-05|23:18:22.277] Imported new block headers               count=1    elapsed=6.956ms   number=13,361,906 hash=e79658..39f859 age=1m2s
INFO [10-05|23:18:28.306] Imported new block headers               count=1    elapsed=7.175ms   number=13,361,907 hash=c68af2..fff8a6
INFO [10-05|23:18:28.548] Downloader queue stats                   receiptTasks=0    blockTasks=0    itemSize=288.93KiB throttle=908
INFO [10-05|23:18:30.329] State heal in progress                   accounts=2,149,582@114.12MiB slots=2,086,942@153.02MiB codes=12383@105.11MiB nodes=293,019,854@85.80GiB pending=99339
WARN [10-05|23:18:30.330] Unexpected trienode heal packet          peer=85c41b4d reqid=533,120,084,096,916,477
WARN [10-05|23:18:30.550] Unexpected trienode heal packet          peer=94901c99 reqid=5,694,100,165,708,406,994
WARN [10-05|23:18:30.695] Unexpected trienode heal packet          peer=1c3b1bd5 reqid=4,977,196,785,358,018,156
WARN [10-05|23:18:31.751] Unexpected trienode heal packet          peer=7d2d9e2c reqid=8,183,244,219,275,594,852
INFO [10-05|23:18:38.897] State heal in progress                   accounts=2,149,582@114.12MiB slots=2,086,942@153.02MiB codes=12383@105.11MiB nodes=293,020,361@85.80GiB pending=100,885
WARN [10-05|23:18:38.898] Unexpected trienode heal packet          peer=18091dfc reqid=2,190,324,754,977,860,490
WARN [10-05|23:18:38.955] Unexpected trienode heal packet          peer=173e78c9 reqid=5,381,109,638,549,420,390
WARN [10-05|23:18:39.006] Unexpected trienode heal packet          peer=8be19c68 reqid=3,688,012,977,002,888,463
WARN [10-05|23:18:39.046] Unexpected trienode heal packet          peer=bf3f5d56 reqid=6,559,856,331,834,482,894
WARN [10-05|23:18:39.141] Unexpected trienode heal packet          peer=a5cef330 reqid=3,937,341,478,100,473,838
WARN [10-05|23:18:39.793] Unexpected trienode heal packet          peer=7df6c090 reqid=3,550,448,326,633,164,198
WARN [10-05|23:18:39.805] Unexpected trienode heal packet          peer=e88d56c5 reqid=3,302,150,239,328,825,151
WARN [10-05|23:18:39.850] Unexpected trienode heal packet          peer=f30756f1 reqid=2,714,901,199,070,670,531
WARN [10-05|23:18:39.880] Unexpected trienode heal packet          peer=4dbac660 reqid=5,625,943,383,168,667,059
WARN [10-05|23:18:40.113] Unexpected trienode heal packet          peer=59bb9549 reqid=6,297,431,655,464,206,725
INFO [10-05|23:18:46.371] Imported new block headers               count=1    elapsed=6.482ms   number=13,361,908 hash=945831..9599b5
INFO [10-05|23:18:46.941] State heal in progress                   accounts=2,149,584@114.12MiB slots=2,086,942@153.02MiB codes=12383@105.11MiB nodes=293,020,715@85.80GiB pending=101,305
INFO [10-05|23:18:57.506] State heal in progress                   accounts=2,149,588@114.12MiB slots=2,086,942@153.02MiB codes=12383@105.11MiB nodes=293,021,169@85.80GiB pending=101,771
WARN [10-05|23:18:57.506] Unexpected trienode heal packet          peer=cea2efda reqid=2,749,698,067,150,138,158
WARN [10-05|23:18:57.909] Unexpected trienode heal packet          peer=173e78c9 reqid=8,382,424,012,393,793,662
WARN [10-05|23:18:58.301] Unexpected trienode heal packet          peer=8be19c68 reqid=5,336,181,471,302,306,503
INFO [10-05|23:18:58.419] Imported new block headers               count=1    elapsed=6.606ms   number=13,361,909 hash=1bab00..c56ea4
WARN [10-05|23:18:58.576] Unexpected trienode heal packet          peer=a5cef330 reqid=1,586,008,893,790,910,444
WARN [10-05|23:19:01.728] Unexpected trienode heal packet          peer=7df6c090 reqid=7,109,718,255,377,511,985
WARN [10-05|23:19:02.359] Unexpected trienode heal packet          peer=e88d56c5 reqid=2,632,238,765,802,709,535
INFO [10-05|23:19:05.535] State heal in progress                   accounts=2,149,592@114.12MiB slots=2,086,942@153.02MiB codes=12383@105.11MiB nodes=293,021,486@85.80GiB pending=102,099
WARN [10-05|23:19:05.535] Unexpected trienode heal packet          peer=0f1292ed reqid=4,728,168,317,134,868,570
WARN [10-05|23:19:06.031] Unexpected trienode heal packet          peer=cddd749d reqid=3,096,956,440,962,189,698
WARN [10-05|23:19:08.504] Unexpected trienode heal packet          peer=7b9ee052 reqid=3,056,700,699,659,904,949
INFO [10-05|23:19:16.737] State heal in progress                   accounts=2,149,598@114.12MiB slots=2,086,942@153.02MiB codes=12383@105.11MiB nodes=293,021,965@85.80GiB pending=102,635
WARN [10-05|23:19:17.094] Unexpected trienode heal packet          peer=bf3f5d56 reqid=5,449,903,509,463,467,925
INFO [10-05|23:19:19.500] Imported new block headers               count=1    elapsed=10.336ms  number=13,361,910 hash=e94ffd..f9bdcf
WARN [10-05|23:19:20.340] Unexpected trienode heal packet          peer=cea2efda reqid=2,925,168,595,591,767,537
WARN [10-05|23:19:20.385] Unexpected trienode heal packet          peer=173e78c9 reqid=8,470,299,826,302,152,187
WARN [10-05|23:19:20.391] Unexpected trienode heal packet          peer=8be19c68 reqid=133,893,849,959,849,781
WARN [10-05|23:19:20.408] Unexpected trienode heal packet          peer=a5cef330 reqid=3,454,837,079,100,673,607
WARN [10-05|23:19:20.417] Unexpected trienode heal packet          peer=7df6c090 reqid=7,388,890,777,808,808,165
WARN [10-05|23:19:20.465] Unexpected trienode heal packet          peer=e88d56c5 reqid=586,638,634,544,411,358
WARN [10-05|23:19:20.508] Unexpected trienode heal packet          peer=f30756f1 reqid=5,864,404,312,351,526,336
WARN [10-05|23:19:20.546] Unexpected trienode heal packet          peer=4dbac660 reqid=2,824,408,362,435,181,671
WARN [10-05|23:19:20.676] Unexpected trienode heal packet          peer=0f1292ed reqid=1,564,372,583,145,838,048
WARN [10-05|23:19:20.693] Unexpected trienode heal packet          peer=cddd749d reqid=7,725,854,503,866,418,921
WARN [10-05|23:19:20.732] Unexpected trienode heal packet          peer=7b9ee052 reqid=2,157,889,727,148,085,375
WARN [10-05|23:19:20.746] Unexpected trienode heal packet          peer=85c41b4d reqid=394,000,100,707,681,139
INFO [10-05|23:19:22.519] Imported new block headers               count=1    elapsed=8.832ms   number=13,361,911 hash=e97d04..de988f
INFO [10-05|23:19:33.240] State heal in progress                   accounts=2,149,603@114.12MiB slots=2,086,942@153.02MiB codes=12383@105.11MiB nodes=293,022,660@85.80GiB pending=103,457
WARN [10-05|23:19:33.242] Unexpected trienode heal packet          peer=18091dfc reqid=5,157,674,556,663,111,407
WARN [10-05|23:19:33.694] Unexpected trienode heal packet          peer=bf3f5d56 reqid=8,508,164,886,249,998,529
WARN [10-05|23:19:34.667] Unexpected trienode heal packet          peer=a5cef330 reqid=6,091,889,873,462,716,213
WARN [10-05|23:19:35.103] Unexpected trienode heal packet          peer=cea2efda reqid=4,579,274,133,460,838,642
WARN [10-05|23:19:35.264] Unexpected trienode heal packet          peer=173e78c9 reqid=8,780,504,449,505,258,145
WARN [10-05|23:19:35.429] Unexpected trienode heal packet          peer=8be19c68 reqid=6,154,261,536,570,465,335
WARN [10-05|23:19:35.592] Unexpected trienode heal packet          peer=7df6c090 reqid=870,646,269,232,673,078
WARN [10-05|23:19:35.882] Unexpected trienode heal packet          peer=4dbac660 reqid=4,064,069,868,265,445,829
WARN [10-05|23:19:36.306] Unexpected trienode heal packet          peer=cddd749d reqid=5,596,210,739,316,407,586
WARN [10-05|23:19:39.965] Unexpected trienode heal packet          peer=1c3b1bd5 reqid=5,741,134,818,168,699,892
WARN [10-05|23:19:40.434] Unexpected trienode heal packet          peer=59bb9549 reqid=3,939,207,336,290,115,250
WARN [10-05|23:19:41.072] Unexpected trienode heal packet          peer=85c41b4d reqid=2,898,731,243,031,362,531
INFO [10-05|23:19:41.276] State heal in progress                   accounts=2,149,605@114.12MiB slots=2,086,942@153.02MiB codes=12383@105.11MiB nodes=293,023,029@85.80GiB pending=104,050
WARN [10-05|23:19:41.276] Unexpected trienode heal packet          peer=0f1292ed reqid=6,430,345,939,786,752,690
INFO [10-05|23:19:49.548] State heal in progress                   accounts=2,149,606@114.12MiB slots=2,086,942@153.02MiB codes=12383@105.11MiB nodes=293,023,410@85.80GiB pending=104,682
WARN [10-05|23:19:49.562] Unexpected trienode heal packet          peer=bf3f5d56 reqid=6,469,610,520,971,997,852
WARN [10-05|23:19:49.584] Unexpected trienode heal packet          peer=a5cef330 reqid=6,988,033,523,098,399,279
WARN [10-05|23:19:49.590] Unexpected trienode heal packet          peer=cea2efda reqid=5,958,569,208,750,223,607
WARN [10-05|23:19:49.591] Unexpected trienode heal packet          peer=173e78c9 reqid=8,070,713,677,476,958,544
WARN [10-05|23:19:49.603] Unexpected trienode heal packet          peer=8be19c68 reqid=5,309,353,907,971,476,279
INFO [10-05|23:19:49.619] Imported new block headers               count=1    elapsed=8.143ms   number=13,361,912 hash=0df16d..a42900
WARN [10-05|23:19:49.626] Unexpected trienode heal packet          peer=7df6c090 reqid=6,596,983,330,955,408,341
WARN [10-05|23:19:49.626] Unexpected trienode heal packet          peer=e88d56c5 reqid=410,731,709,565,468,916
WARN [10-05|23:19:49.659] Unexpected trienode heal packet          peer=4dbac660 reqid=8,420,806,138,150,461,008
WARN [10-05|23:19:49.755] Unexpected trienode heal packet          peer=94901c99 reqid=1,484,722,800,725,635,117
WARN [10-05|23:19:49.794] Unexpected trienode heal packet          peer=7b9ee052 reqid=6,251,799,766,917,237,269
INFO [10-05|23:19:50.586] Downloader queue stats                   receiptTasks=0    blockTasks=0    itemSize=264.81KiB throttle=990
INFO [10-05|23:19:55.647] Imported new block headers               count=1    elapsed=7.036ms   number=13,361,913 hash=e3d19e..fb2341
INFO [10-05|23:19:58.666] Imported new block headers               count=1    elapsed=6.394ms   number=13,361,914 hash=253382..7f32e3
INFO [10-05|23:20:01.687] Imported new block headers               count=1    elapsed=6.881ms   number=13,361,915 hash=7fade9..942692
INFO [10-05|23:20:02.944] State heal in progress                   accounts=2,149,669@114.12MiB slots=2,086,942@153.02MiB codes=12383@105.11MiB nodes=293,024,180@85.81GiB pending=105,811
WARN [10-05|23:20:09.225] Unexpected trienode heal packet          peer=1c3b1bd5 reqid=1,312,786,050,850,784,823
WARN [10-05|23:20:09.403] Unexpected trienode heal packet          peer=59bb9549 reqid=7,892,722,993,211,115,844
WARN [10-05|23:20:09.432] Unexpected trienode heal packet          peer=e88d56c5 reqid=3,731,632,264,491,820,717
INFO [10-05|23:20:10.728] Imported new block headers               count=1    elapsed=6.781ms   number=13,361,916 hash=84f1f1..279582
INFO [10-05|23:20:15.687] State heal in progress                   accounts=2,149,746@114.13MiB slots=2,086,942@153.02MiB codes=12383@105.11MiB nodes=293,024,892@85.81GiB pending=106,547
WARN [10-05|23:20:15.689] Unexpected trienode heal packet          peer=d39fedf5 reqid=2,328,838,655,428,359,107
WARN [10-05|23:20:16.816] Unexpected trienode heal packet          peer=7b9ee052 reqid=3,914,790,631,603,914,865
WARN [10-05|23:20:17.087] Unexpected trienode heal packet          peer=94901c99 reqid=6,207,084,906,579,942,375
WARN [10-05|23:20:17.186] Unexpected trienode heal packet          peer=f30756f1 reqid=1,877,328,383,002,733,161
WARN [10-05|23:20:17.327] Unexpected trienode heal packet          peer=8be19c68 reqid=6,937,798,177,942,575,000
WARN [10-05|23:20:17.395] Unexpected trienode heal packet          peer=173e78c9 reqid=2,930,561,441,716,730,200
WARN [10-05|23:20:17.418] Unexpected trienode heal packet          peer=85c41b4d reqid=1,169,982,480,365,716,107
WARN [10-05|23:20:17.492] Unexpected trienode heal packet          peer=0f1292ed reqid=5,742,136,597,850,514,048
WARN [10-05|23:20:17.544] Unexpected trienode heal packet          peer=a5cef330 reqid=790,789,361,979,038,186
WARN [10-05|23:20:18.638] Unexpected trienode heal packet          peer=bf3f5d56 reqid=2,815,725,462,833,887,669
WARN [10-05|23:20:19.181] Unexpected trienode heal packet          peer=18091dfc reqid=1,655,735,601,440,198,422
WARN [10-05|23:20:19.547] Unexpected trienode heal packet          peer=cddd749d reqid=5,691,850,486,223,511,866
INFO [10-05|23:20:19.773] Imported new block headers               count=1    elapsed=5.844ms   number=13,361,917 hash=afadd4..b9af7f
WARN [10-05|23:20:22.570] Unexpected trienode heal packet          peer=cea2efda reqid=2,256,146,830,784,053,475
WARN [10-05|23:20:22.578] Unexpected trienode heal packet          peer=4dbac660 reqid=8,522,916,578,482,196,946
WARN [10-05|23:20:22.611] Unexpected trienode heal packet          peer=7df6c090 reqid=2,084,672,405,361,159,251
WARN [10-05|23:20:22.612] Unexpected trienode heal packet          peer=1c3b1bd5 reqid=7,891,012,159,176,611,685
INFO [10-05|23:20:27.366] State heal in progress                   accounts=2,149,827@114.13MiB slots=2,086,942@153.02MiB codes=12383@105.11MiB nodes=293,025,664@85.81GiB pending=107,345
WARN [10-05|23:20:27.395] Unexpected trienode heal packet          peer=e88d56c5 reqid=4,057,292,101,925,338,628
WARN [10-05|23:20:27.402] Unexpected trienode heal packet          peer=d39fedf5 reqid=5,172,985,027,215,643,959
WARN [10-05|23:20:27.411] Unexpected trienode heal packet          peer=7b9ee052 reqid=2,963,818,973,562,331,808
WARN [10-05|23:20:27.432] Unexpected trienode heal packet          peer=94901c99 reqid=4,922,355,647,432,705,154
WARN [10-05|23:20:27.435] Unexpected trienode heal packet          peer=f30756f1 reqid=910,109,557,496,441,372
INFO [10-05|23:20:34.839] Imported new block headers               count=1    elapsed=7.973ms   number=13,361,918 hash=f918a9..2d06fd
INFO [10-05|23:20:37.079] State heal in progress                   accounts=2,149,937@114.14MiB slots=2,086,942@153.02MiB codes=12383@105.11MiB nodes=293,026,476@85.81GiB pending=108,075
INFO [10-05|23:20:43.884] Imported new block headers               count=2    elapsed=12.275ms  number=13,361,920 hash=264401..d7ddc3
INFO [10-05|23:20:45.119] State heal in progress                   accounts=2,150,096@114.15MiB slots=2,086,942@153.02MiB codes=12383@105.11MiB nodes=293,027,182@85.81GiB pending=108,297
INFO [10-05|23:20:53.463] State heal in progress                   accounts=2,150,317@114.16MiB slots=2,086,947@153.02MiB codes=12384@105.11MiB nodes=293,028,062@85.81GiB pending=108,525
INFO [10-05|23:20:58.965] Imported new block headers               count=1    elapsed=6.781ms   number=13,361,921 hash=1cc7d1..148291
INFO [10-05|23:20:59.620] Downloader queue stats                   receiptTasks=0    blockTasks=0    itemSize=252.46KiB throttle=1039
INFO [10-05|23:21:01.983] Imported new block headers               count=1    elapsed=7.174ms   number=13,361,922 hash=2dd298..ac3060
INFO [10-05|23:21:03.413] State heal in progress                   accounts=2,150,616@114.17MiB slots=2,086,949@153.02MiB codes=12384@105.11MiB nodes=293,029,116@85.81GiB pending=108,686
INFO [10-05|23:21:05.778] Imported new block headers               count=1    elapsed=6.319ms   number=13,361,923 hash=bb3a8a..83d33d
INFO [10-05|23:21:11.608] State heal in progress                   accounts=2,150,991@114.19MiB slots=2,086,960@153.02MiB codes=12385@105.13MiB nodes=293,030,228@85.81GiB pending=108,597
INFO [10-05|23:21:14.820] Imported new block headers               count=1    elapsed=6.034ms   number=13,361,924 hash=0e0900..c188b8
INFO [10-05|23:21:20.146] State heal in progress                   accounts=2,151,280@114.21MiB slots=2,086,977@153.03MiB codes=12386@105.15MiB nodes=293,031,173@85.81GiB pending=108,977
INFO [10-05|23:21:20.848] Imported new block headers               count=1    elapsed=6.275ms   number=13,361,925 hash=8506cc..600a21
INFO [10-05|23:21:28.523] State heal in progress                   accounts=2,151,640@114.23MiB slots=2,087,016@153.03MiB codes=12386@105.15MiB nodes=293,032,266@85.81GiB pending=109,012
INFO [10-05|23:21:37.460] State heal in progress                   accounts=2,151,884@114.24MiB slots=2,087,041@153.03MiB codes=12386@105.15MiB nodes=293,033,174@85.81GiB pending=109,598
INFO [10-05|23:21:38.919] Imported new block headers               count=1    elapsed=10.312ms  number=13,361,926 hash=e9c352..bf2a4c
INFO [10-05|23:21:47.684] State heal in progress                   accounts=2,152,106@114.25MiB slots=2,087,075@153.03MiB codes=12386@105.15MiB nodes=293,034,140@85.81GiB pending=110,772
WARN [10-05|23:21:47.768] Unexpected trienode heal packet          peer=94901c99 reqid=448,088,031,098,861,350
INFO [10-05|23:21:47.954] Imported new block headers               count=1    elapsed=6.169ms   number=13,361,927 hash=f8e603..520346
WARN [10-05|23:21:48.324] Unexpected trienode heal packet          peer=1c3b1bd5 reqid=9,207,090,027,486,996,338
INFO [10-05|23:21:50.975] Imported new block headers               count=1    elapsed=8.478ms   number=13,361,928 hash=29a57f..0af1b8
INFO [10-05|23:21:53.992] Imported new block headers               count=1    elapsed=6.898ms   number=13,361,929 hash=6fcb86..ade3a7
INFO [10-05|23:21:57.239] State heal in progress                   accounts=2,152,408@114.27MiB slots=2,087,115@153.04MiB codes=12386@105.15MiB nodes=293,035,128@85.81GiB pending=111,294
WARN [10-05|23:21:58.352] Unexpected trienode heal packet          peer=94901c99 reqid=2,111,265,038,954,235,650
WARN [10-05|23:21:58.688] Unexpected trienode heal packet          peer=1c3b1bd5 reqid=4,408,633,822,073,279,652
WARN [10-05|23:21:59.188] Unexpected trienode heal packet          peer=cea2efda reqid=3,072,883,885,304,240,690
WARN [10-05|23:21:59.250] Unexpected trienode heal packet          peer=85c41b4d reqid=3,121,284,627,755,201,408
INFO [10-05|23:22:00.023] Imported new block headers               count=1    elapsed=8.693ms   number=13,361,930 hash=510f79..cbd504
INFO [10-05|23:22:00.658] Downloader queue stats                   receiptTasks=0    blockTasks=0    itemSize=237.11KiB throttle=1106
INFO [10-05|23:22:07.268] State heal in progress                   accounts=2,152,498@114.27MiB slots=2,087,197@153.04MiB codes=12386@105.15MiB nodes=293,035,844@85.81GiB pending=111,831
WARN [10-05|23:22:11.010] Unexpected trienode heal packet          peer=4dbac660 reqid=4,935,855,218,547,635,381
WARN [10-05|23:22:11.407] Unexpected trienode heal packet          peer=e88d56c5 reqid=2,220,302,310,698,411,866
WARN [10-05|23:22:11.820] Unexpected trienode heal packet          peer=94901c99 reqid=6,038,234,847,105,464,837
INFO [10-05|23:22:16.270] State heal in progress                   accounts=2,152,586@114.28MiB slots=2,087,275@153.05MiB codes=12386@105.15MiB nodes=293,036,605@85.81GiB pending=112,801
INFO [10-05|23:22:21.105] Imported new block headers               count=1    elapsed=7.975ms   number=13,361,931 hash=b4a2fd..1b87bd
INFO [10-05|23:22:24.317] State heal in progress                   accounts=2,152,642@114.28MiB slots=2,087,334@153.05MiB codes=12387@105.15MiB nodes=293,037,236@85.81GiB pending=114,366
WARN [10-05|23:22:24.497] Unexpected trienode heal packet          peer=4dbac660 reqid=6,908,879,142,094,499,995
WARN [10-05|23:22:24.707] Unexpected trienode heal packet          peer=e88d56c5 reqid=5,821,085,630,614,352,289
WARN [10-05|23:22:24.772] Unexpected trienode heal packet          peer=7df6c090 reqid=5,595,347,641,303,067,593
WARN [10-05|23:22:25.002] Unexpected trienode heal packet          peer=94901c99 reqid=6,201,038,141,391,491,456
WARN [10-05|23:22:25.020] Unexpected trienode heal packet          peer=173e78c9 reqid=3,559,883,224,018,621,481
WARN [10-05|23:22:25.247] Unexpected trienode heal packet          peer=1c3b1bd5 reqid=184,978,898,193,144,259
WARN [10-05|23:22:25.779] Unexpected trienode heal packet          peer=85c41b4d reqid=2,514,747,200,351,118,961
WARN [10-05|23:22:26.010] Unexpected trienode heal packet          peer=cea2efda reqid=2,226,123,370,773,082,597
WARN [10-05|23:22:26.134] Unexpected trienode heal packet          peer=d39fedf5 reqid=7,246,545,426,353,209,767
WARN [10-05|23:22:26.748] Unexpected trienode heal packet          peer=59bb9549 reqid=7,172,222,299,870,167,075
WARN [10-05|23:22:27.886] Unexpected trienode heal packet          peer=7b9ee052 reqid=652,182,510,308,574,946
WARN [10-05|23:22:30.483] Unexpected trienode heal packet          peer=a5cef330 reqid=2,920,307,151,001,591,204
INFO [10-05|23:22:32.512] State heal in progress                   accounts=2,152,694@114.28MiB slots=2,087,434@153.06MiB codes=12387@105.15MiB nodes=293,037,968@85.81GiB pending=115,362
WARN [10-05|23:22:32.513] Unexpected trienode heal packet          peer=0f1292ed reqid=959,175,073,387,229,332
WARN [10-05|23:22:32.583] Unexpected trienode heal packet          peer=bf3f5d56 reqid=5,758,421,035,622,682,957
INFO [10-05|23:22:40.586] State heal in progress                   accounts=2,152,830@114.29MiB slots=2,087,529@153.07MiB codes=12387@105.15MiB nodes=293,038,758@85.81GiB pending=115,828
INFO [10-05|23:22:42.184] Imported new block headers               count=2    elapsed=8.319ms   number=13,361,933 hash=17a440..ee7389
INFO [10-05|23:22:48.857] State heal in progress                   accounts=2,152,904@114.29MiB slots=2,087,575@153.07MiB codes=12388@105.16MiB nodes=293,039,352@85.81GiB pending=116,538
WARN [10-05|23:22:49.761] Unexpected trienode heal packet          peer=59bb9549 reqid=5,472,394,321,206,223,596
WARN [10-05|23:22:49.850] Unexpected trienode heal packet          peer=7b9ee052 reqid=8,007,920,831,663,583,728
WARN [10-05|23:22:51.169] Unexpected trienode heal packet          peer=1c3b1bd5 reqid=3,983,870,011,384,269,041
WARN [10-05|23:22:51.771] Unexpected trienode heal packet          peer=f30756f1 reqid=2,121,902,172,108,969,000
WARN [10-05|23:22:52.035] Unexpected trienode heal packet          peer=7df6c090 reqid=5,990,614,179,703,215,238
WARN [10-05|23:22:52.218] Unexpected trienode heal packet          peer=0f1292ed reqid=1,110,538,873,408,190,064
WARN [10-05|23:22:52.305] Unexpected trienode heal packet          peer=bf3f5d56 reqid=4,585,232,931,496,109,144
WARN [10-05|23:22:52.796] Unexpected trienode heal packet          peer=e88d56c5 reqid=2,834,667,075,535,500,284
WARN [10-05|23:22:52.947] Unexpected trienode heal packet          peer=94901c99 reqid=240,570,222,181,374,690
WARN [10-05|23:22:53.112] Unexpected trienode heal packet          peer=18091dfc reqid=312,298,862,941,973,285
INFO [10-05|23:22:54.232] Imported new block headers               count=1    elapsed=7.325ms   number=13,361,934 hash=48b3e2..6dedeb
WARN [10-05|23:22:54.313] Unexpected trienode heal packet          peer=85c41b4d reqid=3,142,134,461,983,410,430
WARN [10-05|23:22:54.527] Unexpected trienode heal packet          peer=173e78c9 reqid=4,760,876,007,479,972,183
INFO [10-05|23:22:57.252] Imported new block headers               count=1    elapsed=7.288ms   number=13,361,935 hash=117c73..511f71
INFO [10-05|23:22:57.607] State heal in progress                   accounts=2,152,964@114.30MiB slots=2,087,667@153.08MiB codes=12388@105.16MiB nodes=293,040,033@85.81GiB pending=117,108