WARN [10-05|23:12:32.108] Unexpected trienode heal packet          peer=0f1292ed reqid=664,475,721,284,680,884
WARN [10-05|23:12:32.117] Unexpected trienode heal packet          peer=4dbac660 reqid=2,506,588,314,713,487,606
WARN [10-05|23:12:32.390] Unexpected trienode heal packet          peer=173e78c9 reqid=865,161,688,854,555,416
INFO [10-05|23:12:32.735] Imported new block headers               count=1    elapsed=6.875ms   number=13,361,884 hash=5c6156..91ac9b
INFO [10-05|23:12:38.764] Imported new block headers               count=1    elapsed=6.561ms   number=13,361,885 hash=889ec2..4bb5f0
INFO [10-05|23:12:41.055] State heal in progress                   accounts=2,149,449@114.11MiB slots=2,081,906@152.63MiB codes=12383@105.11MiB nodes=292,988,639@85.79GiB pending=123,868
WARN [10-05|23:12:45.887] Unexpected trienode heal packet          peer=7d2d9e2c reqid=3,318,188,964,092,715,908
WARN [10-05|23:12:48.959] Unexpected trienode heal packet          peer=cddd749d reqid=5,764,037,664,547,877,278
INFO [10-05|23:12:50.270] State heal in progress                   accounts=2,149,453@114.11MiB slots=2,081,955@152.64MiB codes=12383@105.11MiB nodes=292,989,173@85.79GiB pending=124,956
WARN [10-05|23:12:50.629] Unexpected trienode heal packet          peer=94901c99 reqid=1,089,121,734,593,737,894
INFO [10-05|23:12:58.356] State heal in progress                   accounts=2,149,465@114.11MiB slots=2,081,999@152.64MiB codes=12383@105.11MiB nodes=292,989,653@85.79GiB pending=125,732
INFO [10-05|23:13:08.232] State heal in progress                   accounts=2,149,471@114.11MiB slots=2,082,079@152.64MiB codes=12383@105.11MiB nodes=292,990,277@85.79GiB pending=126,757
INFO [10-05|23:13:09.019] Imported new block headers               count=1    elapsed=7.275ms   number=13,361,886 hash=b68baf..77228f
INFO [10-05|23:13:10.042] Downloader queue stats                   receiptTasks=0    blockTasks=0    itemSize=238.05KiB throttle=1102
INFO [10-05|23:13:12.039] Imported new block headers               count=1    elapsed=7.906ms   number=13,361,887 hash=8eb004..a0d744
INFO [10-05|23:13:17.138] State heal in progress                   accounts=2,149,473@114.11MiB slots=2,082,184@152.65MiB codes=12383@105.11MiB nodes=292,990,874@85.79GiB pending=127,564
WARN [10-05|23:13:17.139] Unexpected trienode heal packet          peer=7d2d9e2c reqid=5,646,348,955,284,165,697
WARN [10-05|23:13:21.598] Unexpected trienode heal packet          peer=1c3b1bd5 reqid=2,242,320,031,387,144,089
WARN [10-05|23:13:22.283] Unexpected trienode heal packet          peer=7df6c090 reqid=3,008,700,752,535,769,300
WARN [10-05|23:13:23.333] Unexpected trienode heal packet          peer=bf3f5d56 reqid=2,176,080,975,517,198,405
INFO [10-05|23:13:25.654] State heal in progress                   accounts=2,149,480@114.11MiB slots=2,082,359@152.67MiB codes=12383@105.11MiB nodes=292,991,545@85.79GiB pending=128,259
WARN [10-05|23:13:25.654] Unexpected trienode heal packet          peer=e88d56c5 reqid=5,033,214,789,239,544,698
WARN [10-05|23:13:26.280] Unexpected trienode heal packet          peer=85c41b4d reqid=941,881,916,831,787,765
WARN [10-05|23:13:26.678] Unexpected trienode heal packet          peer=4dbac660 reqid=676,854,074,207,000,733
WARN [10-05|23:13:27.982] Unexpected trienode heal packet          peer=f30756f1 reqid=3,534,242,249,731,215,378
WARN [10-05|23:13:28.292] Unexpected trienode heal packet          peer=0f1292ed reqid=760,830,821,747,947,604
WARN [10-05|23:13:28.296] Unexpected trienode heal packet          peer=7b9ee052 reqid=6,711,211,061,552,487,470
WARN [10-05|23:13:30.451] Unexpected trienode heal packet          peer=173e78c9 reqid=1,248,925,200,648,004,972
WARN [10-05|23:13:30.600] Unexpected trienode heal packet          peer=18091dfc reqid=5,584,047,413,193,961,630
WARN [10-05|23:13:31.287] Unexpected trienode heal packet          peer=cea2efda reqid=4,032,211,203,740,811,733
WARN [10-05|23:13:31.494] Unexpected trienode heal packet          peer=59bb9549 reqid=7,031,742,593,292,656,284
INFO [10-05|23:13:33.819] State heal in progress                   accounts=2,149,506@114.12MiB slots=2,082,478@152.68MiB codes=12383@105.11MiB nodes=292,992,124@85.79GiB pending=128,807
WARN [10-05|23:13:33.819] Unexpected trienode heal packet          peer=a5cef330 reqid=8,021,038,870,834,998,285
WARN [10-05|23:13:36.283] Unexpected trienode heal packet          peer=7d2d9e2c reqid=1,029,715,680,487,391,670
WARN [10-05|23:13:36.308] Unexpected trienode heal packet          peer=cddd749d reqid=4,383,887,054,900,677,637
INFO [10-05|23:13:43.065] State heal in progress                   accounts=2,149,523@114.12MiB slots=2,082,750@152.70MiB codes=12383@105.11MiB nodes=292,993,117@85.79GiB pending=129,325
INFO [10-05|23:13:47.209] Imported new block headers               count=1    elapsed=8.438ms   number=13,361,888 hash=132980..8572e6 age=1m15s
WARN [10-05|23:13:49.888] Unexpected trienode heal packet          peer=8be19c68 reqid=199,663,485,428,227,456
INFO [10-05|23:13:52.283] State heal in progress                   accounts=2,149,530@114.12MiB slots=2,083,005@152.72MiB codes=12383@105.11MiB nodes=292,994,070@85.79GiB pending=129,997
WARN [10-05|23:13:53.661] Unexpected trienode heal packet          peer=f30756f1 reqid=1,241,411,702,133,342,805
WARN [10-05|23:13:53.749] Unexpected trienode heal packet          peer=d39fedf5 reqid=5,898,590,010,932,697,279
WARN [10-05|23:13:56.049] Unexpected trienode heal packet          peer=0f1292ed reqid=2,347,393,698,482,174,018
WARN [10-05|23:13:56.134] Unexpected trienode heal packet          peer=7b9ee052 reqid=310,781,938,169,497,478
INFO [10-05|23:13:56.247] Imported new block headers               count=1    elapsed=6.673ms   number=13,361,889 hash=997b4a..3ee4fe
WARN [10-05|23:13:56.523] Unexpected trienode heal packet          peer=173e78c9 reqid=2,077,609,770,758,371,820
WARN [10-05|23:13:56.661] Unexpected trienode heal packet          peer=7df6c090 reqid=793,909,389,323,030,185
WARN [10-05|23:13:56.861] Unexpected trienode heal packet          peer=18091dfc reqid=3,823,376,223,318,202,146
WARN [10-05|23:13:56.923] Unexpected trienode heal packet          peer=cea2efda reqid=4,013,153,381,478,524,567
WARN [10-05|23:13:57.026] Unexpected trienode heal packet          peer=59bb9549 reqid=6,969,118,462,463,278,540
WARN [10-05|23:13:57.914] Unexpected trienode heal packet          peer=a5cef330 reqid=8,378,137,258,859,077,807
WARN [10-05|23:13:58.973] Unexpected trienode heal packet          peer=7d2d9e2c reqid=5,416,962,957,002,178,201
WARN [10-05|23:14:00.004] Unexpected trienode heal packet          peer=e88d56c5 reqid=5,937,523,006,075,307,361
WARN [10-05|23:14:00.146] Unexpected trienode heal packet          peer=cddd749d reqid=6,722,659,742,271,114,755
INFO [10-05|23:14:02.977] State heal in progress                   accounts=2,149,543@114.12MiB slots=2,083,301@152.74MiB codes=12383@105.11MiB nodes=292,995,180@85.79GiB pending=130,700
WARN [10-05|23:14:02.979] Unexpected trienode heal packet          peer=94901c99 reqid=1,404,666,663,765,183,601
WARN [10-05|23:14:03.974] Unexpected trienode heal packet          peer=bf3f5d56 reqid=2,156,172,953,843,407,263
WARN [10-05|23:14:03.986] Unexpected trienode heal packet          peer=8be19c68 reqid=3,251,107,443,111,743,644
WARN [10-05|23:14:05.603] Unexpected trienode heal packet          peer=85c41b4d reqid=8,741,073,164,010,977,954
WARN [10-05|23:14:05.631] Unexpected trienode heal packet          peer=1c3b1bd5 reqid=635,206,098,598,909,719
WARN [10-05|23:14:05.638] Unexpected trienode heal packet          peer=4dbac660 reqid=2,090,041,007,313,062,131
INFO [10-05|23:14:11.112] State heal in progress                   accounts=2,149,545@114.12MiB slots=2,083,958@152.79MiB codes=12383@105.11MiB nodes=292,996,567@85.79GiB pending=130,499
INFO [10-05|23:14:11.305] Imported new block headers               count=1    elapsed=6.788ms   number=13,361,890 hash=d366d5..404b81 age=1m4s
INFO [10-05|23:14:12.081] Downloader queue stats                   receiptTasks=0    blockTasks=0    itemSize=288.04KiB throttle=911
INFO [10-05|23:14:19.951] State heal in progress                   accounts=2,149,573@114.12MiB slots=2,084,387@152.82MiB codes=12383@105.11MiB nodes=292,997,695@85.79GiB pending=130,572
WARN [10-05|23:14:24.166] Unexpected trienode heal packet          peer=18091dfc reqid=7,846,689,402,752,944,532
WARN [10-05|23:14:25.196] Unexpected trienode heal packet          peer=7b9ee052 reqid=2,443,655,231,343,713,448
INFO [10-05|23:14:28.013] State heal in progress                   accounts=2,149,581@114.12MiB slots=2,085,260@152.89MiB codes=12383@105.11MiB nodes=292,999,341@85.79GiB pending=129,708
INFO [10-05|23:14:38.146] State heal in progress                   accounts=2,149,581@114.12MiB slots=2,085,397@152.90MiB codes=12383@105.11MiB nodes=292,999,997@85.80GiB pending=130,097
INFO [10-05|23:14:38.408] Imported new block headers               count=1    elapsed=7.614ms   number=13,361,891 hash=ada238..ec7e60
INFO [10-05|23:14:47.084] State heal in progress                   accounts=2,149,581@114.12MiB slots=2,085,455@152.91MiB codes=12383@105.11MiB nodes=293,000,446@85.80GiB pending=130,454
INFO [10-05|23:14:57.441] State heal in progress                   accounts=2,149,581@114.12MiB slots=2,085,645@152.92MiB codes=12383@105.11MiB nodes=293,001,192@85.80GiB pending=130,755
INFO [10-05|23:15:06.744] State heal in progress                   accounts=2,149,581@114.12MiB slots=2,085,853@152.94MiB codes=12383@105.11MiB nodes=293,001,932@85.80GiB pending=130,984
INFO [10-05|23:15:15.379] State heal in progress                   accounts=2,149,581@114.12MiB slots=2,086,139@152.96MiB codes=12383@105.11MiB nodes=293,002,756@85.80GiB pending=131,099
WARN [10-05|23:15:15.381] Unexpected trienode heal packet          peer=94901c99 reqid=689,532,347,390,914,237
WARN [10-05|23:15:15.954] Unexpected trienode heal packet          peer=e88d56c5 reqid=3,928,085,662,249,045,760
WARN [10-05|23:15:16.226] Unexpected trienode heal packet          peer=d39fedf5 reqid=2,731,285,329,122,379,204
WARN [10-05|23:15:18.172] Unexpected trienode heal packet          peer=18091dfc reqid=6,297,263,462,026,205,896
WARN [10-05|23:15:18.635] Unexpected trienode heal packet          peer=7b9ee052 reqid=3,439,647,724,460,731,150
WARN [10-05|23:15:19.999] Unexpected trienode heal packet          peer=85c41b4d reqid=6,310,388,481,851,114,812
WARN [10-05|23:15:20.324] Unexpected trienode heal packet          peer=1c3b1bd5 reqid=3,518,401,558,003,001,077
INFO [10-05|23:15:20.553] Imported new block headers               count=1    elapsed=6.242ms   number=13,361,892 hash=c1ff89..b54947 age=1m26s
INFO [10-05|23:15:21.131] Downloader queue stats                   receiptTasks=0    blockTasks=0    itemSize=271.13KiB throttle=967
WARN [10-05|23:15:21.234] Unexpected trienode heal packet          peer=8be19c68 reqid=8,086,256,593,538,056,955
WARN [10-05|23:15:21.338] Unexpected trienode heal packet          peer=4dbac660 reqid=3,179,546,167,163,603,803
INFO [10-05|23:15:23.392] State heal in progress                   accounts=2,149,582@114.12MiB slots=2,086,315@152.97MiB codes=12383@105.11MiB nodes=293,003,375@85.80GiB pending=131,265
WARN [10-05|23:15:23.393] Unexpected trienode heal packet          peer=f30756f1 reqid=2,903,961,326,310,678,400
WARN [10-05|23:15:23.771] Unexpected trienode heal packet          peer=59bb9549 reqid=1,093,868,989,632,648,290
WARN [10-05|23:15:25.305] Unexpected trienode heal packet          peer=7d2d9e2c reqid=2,681,373,152,974,019,956
WARN [10-05|23:15:26.909] Unexpected trienode heal packet          peer=173e78c9 reqid=5,066,134,521,044,937,199
WARN [10-05|23:15:27.090] Unexpected trienode heal packet          peer=7df6c090 reqid=8,243,157,046,647,874,846
WARN [10-05|23:15:27.403] Unexpected trienode heal packet          peer=cea2efda reqid=6,769,705,112,249,357,425
WARN [10-05|23:15:27.887] Unexpected trienode heal packet          peer=0f1292ed reqid=1,040,200,905,668,936,296
WARN [10-05|23:15:28.103] Unexpected trienode heal packet          peer=a5cef330 reqid=6,200,250,451,279,227,582
INFO [10-05|23:15:29.594] Imported new block headers               count=1    elapsed=8.644ms   number=13,361,893 hash=74c57b..cd3c74 age=1m22s
WARN [10-05|23:15:29.855] Unexpected trienode heal packet          peer=cddd749d reqid=5,101,401,495,889,103,914
INFO [10-05|23:15:32.217] State heal in progress                   accounts=2,149,582@114.12MiB slots=2,086,516@152.99MiB codes=12383@105.11MiB nodes=293,004,094@85.80GiB pending=131,465
WARN [10-05|23:15:32.218] Unexpected trienode heal packet          peer=bf3f5d56 reqid=5,954,736,927,609,142,257
WARN [10-05|23:15:33.689] Unexpected trienode heal packet          peer=18091dfc reqid=1,563,910,831,114,087,688
WARN [10-05|23:15:33.690] Unexpected trienode heal packet          peer=7b9ee052 reqid=37,104,635,518,917,818
WARN [10-05|23:15:33.692] Unexpected trienode heal packet          peer=85c41b4d reqid=7,389,020,571,662,023,721
WARN [10-05|23:15:33.693] Unexpected trienode heal packet          peer=94901c99 reqid=5,070,370,484,228,362,337
WARN [10-05|23:15:33.694] Unexpected trienode heal packet          peer=e88d56c5 reqid=3,143,857,486,661,782,895
WARN [10-05|23:15:33.695] Unexpected trienode heal packet          peer=1c3b1bd5 reqid=1,630,871,259,804,213,083
WARN [10-05|23:15:33.696] Unexpected trienode heal packet          peer=d39fedf5 reqid=9,337,834,308,040,056
WARN [10-05|23:15:33.698] Unexpected trienode heal packet          peer=8be19c68 reqid=9,210,657,052,350,725,756
INFO [10-05|23:15:38.631] Imported new block headers               count=1    elapsed=6.610ms   number=13,361,894 hash=d7a1ec..dc8c30 age=1m5s
INFO [10-05|23:15:41.557] State heal in progress                   accounts=2,149,582@114.12MiB slots=2,086,871@153.02MiB codes=12383@105.11MiB nodes=293,005,059@85.80GiB pending=131,519
INFO [10-05|23:15:41.649] Imported new block headers               count=2    elapsed=6.066ms   number=13,361,896 hash=d7377b..87b6d8
WARN [10-05|23:15:42.150] Pivot became stale, moving               old=13,361,770 new=13,361,834
INFO [10-05|23:15:42.347] Imported new block receipts              count=64   elapsed=193.680ms number=13,361,833 hash=fdc2c9..6b5f9c age=15m57s   size=8.81MiB
INFO [10-05|23:15:43.408] State heal in progress                   accounts=2,149,582@114.12MiB slots=2,086,942@153.02MiB codes=12383@105.11MiB nodes=293,005,256@85.80GiB pending=131,498
WARN [10-05|23:15:43.436] Unexpected trienode heal packet          peer=7d2d9e2c reqid=7,444,820,330,162,757,953
WARN [10-05|23:15:43.444] Unexpected trienode heal packet          peer=bf3f5d56 reqid=1,553,819,586,896,971,588
WARN [10-05|23:15:43.461] Unexpected trienode heal packet          peer=4dbac660 reqid=8,232,124,408,939,277,067
WARN [10-05|23:15:43.495] Unexpected trienode heal packet          peer=59bb9549 reqid=3,253,944,680,827,320,549
WARN [10-05|23:15:43.586] Unexpected trienode heal packet          peer=7df6c090 reqid=7,672,813,719,981,201,168
WARN [10-05|23:15:43.603] Unexpected trienode heal packet          peer=e88d56c5 reqid=2,074,562,378,177,920,666
WARN [10-05|23:15:43.603] Unexpected trienode heal packet          peer=1c3b1bd5 reqid=2,810,305,080,649,037,274
WARN [10-05|23:15:43.607] Unexpected trienode heal packet          peer=173e78c9 reqid=3,271,938,695,840,582,898
WARN [10-05|23:15:43.611] Unexpected trienode heal packet          peer=cea2efda reqid=8,409,220,673,109,128,996
WARN [10-05|23:15:43.616] Unexpected trienode heal packet          peer=f30756f1 reqid=6,741,291,854,766,376,068
WARN [10-05|23:15:43.646] Unexpected trienode heal packet          peer=8be19c68 reqid=1,848,218,231,260,202,324
WARN [10-05|23:15:43.646] Unexpected trienode heal packet          peer=0f1292ed reqid=6,747,219,765,868,897,929
INFO [10-05|23:15:47.677] Imported new block headers               count=1    elapsed=6.469ms   number=13,361,897 hash=f49b14..dd148f
INFO [10-05|23:15:52.810] State heal in progress                   accounts=2,149,582@114.12MiB slots=2,086,942@153.02MiB codes=12383@105.11MiB nodes=293,006,987@85.80GiB pending=25358
WARN [10-05|23:15:57.820] Unexpected trienode heal packet          peer=a5cef330 reqid=8,070,289,577,534,902,791
WARN [10-05|23:15:57.829] Unexpected trienode heal packet          peer=4dbac660 reqid=3,684,118,596,749,657,230
INFO [10-05|23:16:01.267] State heal in progress                   accounts=2,149,582@114.12MiB slots=2,086,942@153.02MiB codes=12383@105.11MiB nodes=293,008,601@85.80GiB pending=45340
INFO [10-05|23:16:09.464] State heal in progress                   accounts=2,149,582@114.12MiB slots=2,086,942@153.02MiB codes=12383@105.11MiB nodes=293,009,265@85.80GiB pending=47842
WARN [10-05|23:16:10.464] Unexpected trienode heal packet          peer=cddd749d reqid=8,543,898,156,800,990,057
WARN [10-05|23:16:14.684] Unexpected trienode heal packet          peer=85c41b4d reqid=3,079,582,753,467,319,836
INFO [10-05|23:16:14.796] Imported new block headers               count=1    elapsed=10.474ms  number=13,361,898 hash=e157c2..a30bb8
WARN [10-05|23:16:14.798] Unexpected trienode heal packet          peer=94901c99 reqid=1,239,601,256,947,386,739
WARN [10-05|23:16:15.516] Unexpected trienode heal packet          peer=7df6c090 reqid=6,890,348,428,645,633,269
WARN [10-05|23:16:16.813] Unexpected trienode heal packet          peer=7d2d9e2c reqid=8,340,987,566,653,400,632
INFO [10-05|23:16:20.825] Imported new block headers               count=1    elapsed=8.747ms   number=13,361,899 hash=0474e0..b9452f
INFO [10-05|23:16:21.452] Downloader queue stats                   receiptTasks=0    blockTasks=0    itemSize=240.40KiB throttle=1091
INFO [10-05|23:16:26.199] State heal in progress                   accounts=2,149,582@114.12MiB slots=2,086,942@153.02MiB codes=12383@105.11MiB nodes=293,011,262@85.80GiB pending=68228
WARN [10-05|23:16:26.200] Unexpected trienode heal packet          peer=e88d56c5 reqid=2,418,751,966,525,807,210
WARN [10-05|23:16:26.261] Unexpected trienode heal packet          peer=f30756f1 reqid=8,217,952,295,234,122,777
WARN [10-05|23:16:26.560] Unexpected trienode heal packet          peer=cea2efda reqid=6,106,141,515,282,301,225
WARN [10-05|23:16:26.678] Unexpected trienode heal packet          peer=8be19c68 reqid=4,822,291,037,442,578,253
WARN [10-05|23:16:26.748] Unexpected trienode heal packet          peer=173e78c9 reqid=1,226,242,938,216,713,962
WARN [10-05|23:16:26.790] Unexpected trienode heal packet          peer=0f1292ed reqid=6,074,036,880,180,435,265
WARN [10-05|23:16:26.901] Unexpected trienode heal packet          peer=4dbac660 reqid=5,503,764,052,604,253,426
WARN [10-05|23:16:26.912] Unexpected trienode heal packet          peer=7b9ee052 reqid=1,990,497,249,512,895,250
WARN [10-05|23:16:27.248] Unexpected trienode heal packet          peer=d39fedf5 reqid=3,218,420,667,287,599,820
WARN [10-05|23:16:27.378] Unexpected trienode heal packet          peer=59bb9549 reqid=7,659,193,445,932,870,254
WARN [10-05|23:16:27.645] Unexpected trienode heal packet          peer=1c3b1bd5 reqid=6,153,502,342,941,874,048
WARN [10-05|23:16:28.241] Unexpected trienode heal packet          peer=18091dfc reqid=5,810,684,490,857,638,949
WARN [10-05|23:16:28.261] Unexpected trienode heal packet          peer=bf3f5d56 reqid=5,592,966,827,231,719,067
WARN [10-05|23:16:28.718] Unexpected trienode heal packet          peer=cddd749d reqid=5,226,734,381,103,828,245
WARN [10-05|23:16:28.729] Unexpected trienode heal packet          peer=85c41b4d reqid=5,963,367,307,082,887,725
WARN [10-05|23:16:28.748] Unexpected trienode heal packet          peer=94901c99 reqid=5,652,276,889,828,566,852
INFO [10-05|23:16:34.335] State heal in progress                   accounts=2,149,582@114.12MiB slots=2,086,942@153.02MiB codes=12383@105.11MiB nodes=293,011,971@85.80GiB pending=71165
INFO [10-05|23:16:41.904] Imported new block headers               count=1    elapsed=7.927ms   number=13,361,900 hash=ba58e2..b6f285
INFO [10-05|23:16:42.414] State heal in progress                   accounts=2,149,582@114.12MiB slots=2,086,942@153.02MiB codes=12383@105.11MiB nodes=293,012,680@85.80GiB pending=73950
WARN [10-05|23:16:44.587] Unexpected trienode heal packet          peer=18091dfc reqid=2,015,147,223,888,868,540
WARN [10-05|23:16:45.376] Unexpected trienode heal packet          peer=85c41b4d reqid=1,494,416,666,077,866,098
WARN [10-05|23:16:45.468] Unexpected trienode heal packet          peer=cddd749d reqid=2,842,356,519,629,557,933
WARN [10-05|23:16:50.360] Unexpected trienode heal packet          peer=94901c99 reqid=3,924,682,846,021,281,399
INFO [10-05|23:16:50.441] State heal in progress                   accounts=2,149,582@114.12MiB slots=2,086,942@153.02MiB codes=12383@105.11MiB nodes=293,013,377@85.80GiB pending=76823
WARN [10-05|23:16:57.595] Unexpected trienode heal packet          peer=a5cef330 reqid=9,088,822,838,821,709,067
INFO [10-05|23:16:57.949] Imported new block headers               count=1    elapsed=6.552ms   number=13,361,901 hash=bff54e..95b42e
INFO [10-05|23:17:00.970] Imported new block headers               count=1    elapsed=7.453ms   number=13,361,902 hash=ae5f26..545ae8
INFO [10-05|23:17:03.633] State heal in progress                   accounts=2,149,582@114.12MiB slots=2,086,942@153.02MiB codes=12383@105.11MiB nodes=293,014,557@85.80GiB pending=81561
WARN [10-05|23:17:03.634] Unexpected trienode heal packet          peer=f30756f1 reqid=2,083,106,060,216,126,899
WARN [10-05|23:17:03.726] Unexpected trienode heal packet          peer=cea2efda reqid=2,317,963,076,372,971,247
WARN [10-05|23:17:03.824] Unexpected trienode heal packet          peer=4dbac660 reqid=9,154,894,740,822,745,724
WARN [10-05|23:17:04.214] Unexpected trienode heal packet          peer=8be19c68 reqid=4,233,992,683,469,506,998
WARN [10-05|23:17:04.311] Unexpected trienode heal packet          peer=173e78c9 reqid=4,464,571,295,387,290,295
WARN [10-05|23:17:04.438] Unexpected trienode heal packet          peer=0f1292ed reqid=8,422,643,246,590,148,549
WARN [10-05|23:17:04.549] Unexpected trienode heal packet          peer=7b9ee052 reqid=6,691,701,459,738,100,440
WARN [10-05|23:17:04.891] Unexpected trienode heal packet          peer=d39fedf5 reqid=9,205,828,249,996,580,796
WARN [10-05|23:17:05.153] Unexpected trienode heal packet          peer=59bb9549 reqid=34,053,242,663,885,013
WARN [10-05|23:17:05.511] Unexpected trienode heal packet          peer=1c3b1bd5 reqid=4,024,058,732,764,871,800
WARN [10-05|23:17:06.460] Unexpected trienode heal packet          peer=18091dfc reqid=4,947,673,322,962,786,028
WARN [10-05|23:17:06.487] Unexpected trienode heal packet          peer=85c41b4d reqid=8,797,988,293,156,860,173
WARN [10-05|23:17:06.494] Unexpected trienode heal packet          peer=cddd749d reqid=7,827,859,199,432,186,865
WARN [10-05|23:17:06.513] Unexpected trienode heal packet          peer=94901c99 reqid=5,497,619,604,637,838,460
WARN [10-05|23:17:06.534] Unexpected trienode heal packet          peer=bf3f5d56 reqid=1,256,866,082,506,643,822
WARN [10-05|23:17:06.675] Unexpected trienode heal packet          peer=7df6c090 reqid=8,956,785,512,742,249,083
INFO [10-05|23:17:13.119] State heal in progress                   accounts=2,149,582@114.12MiB slots=2,086,942@153.02MiB codes=12383@105.11MiB nodes=293,015,389@85.80GiB pending=85072
INFO [10-05|23:17:22.070] State heal in progress                   accounts=2,149,582@114.12MiB slots=2,086,942@153.02MiB codes=12383@105.11MiB nodes=293,016,228@85.80GiB pending=88532
WARN [10-05|23:17:22.073] Unexpected trienode heal packet          peer=7df6c090 reqid=3,373,570,949,850,518,674
WARN [10-05|23:17:24.287] Unexpected trienode heal packet          peer=173e78c9 reqid=7,575,369,096,323,779,953
WARN [10-05|23:17:24.397] Unexpected trienode heal packet          peer=0f1292ed reqid=2,961,566,948,186,680,209
WARN [10-05|23:17:24.451] Unexpected trienode heal packet          peer=7b9ee052 reqid=5,780,457,034,737,080,553
WARN [10-05|23:17:24.776] Unexpected trienode heal packet          peer=d39fedf5 reqid=2,049,660,750,269,151,796
WARN [10-05|23:17:24.993] Unexpected trienode heal packet          peer=59bb9549 reqid=4,297,545,071,007,842,288
INFO [10-05|23:17:25.062] Imported new block headers               count=1    elapsed=11.388ms  number=13,361,903 hash=029d58..2a6246
WARN [10-05|23:17:25.286] Unexpected trienode heal packet          peer=cddd749d reqid=5,328,785,911,129,481,732
INFO [10-05|23:17:25.508] Downloader queue stats                   receiptTasks=0    blockTasks=0    itemSize=261.37KiB throttle=1003
WARN [10-05|23:17:26.920] Unexpected trienode heal packet          peer=1c3b1bd5 reqid=5,119,852,445,336,208,639
WARN [10-05|23:17:27.419] Unexpected trienode heal packet          peer=18091dfc reqid=1,824,177,791,742,125,267
WARN [10-05|23:17:27.851] Unexpected trienode heal packet          peer=85c41b4d reqid=3,665,690,733,605,398,806
WARN [10-05|23:17:28.066] Unexpected trienode heal packet          peer=94901c99 reqid=644,312,786,821,470,666
WARN [10-05|23:17:28.336] Unexpected trienode heal packet          peer=bf3f5d56 reqid=9,204,424,101,177,084,613
INFO [10-05|23:17:35.563] State heal in progress                   accounts=2,149,582@114.12MiB slots=2,086,942@153.02MiB codes=12383@105.11MiB nodes=293,017,373@85.80GiB pending=93306
INFO [10-05|23:17:44.019] State heal in progress                   accounts=2,149,582@114.12MiB slots=2,086,942@153.02MiB codes=12383@105.11MiB nodes=293,017,975@85.80GiB pending=95330
INFO [10-05|23:17:55.172] Imported new block headers               count=1    elapsed=7.512ms   number=13,361,904 hash=fa156a..20002a age=1m1s