2021-10-06 07:55:53 UTC Syncing #13364215 0xaf27…57ce     0.00 blk/s    0.0 tx/s    0.0 Mgas/s      0+   14 Qed Ancient:#12432578 LI:#13364230    2/25 peers      4 MiB chain    4 MiB queue  RPC:  0 conn,    0 req/s,    0 µs
2021-10-06 07:55:59 UTC Syncing #13364215 0xaf27…57ce     0.00 blk/s    0.0 tx/s    0.0 Mgas/s      0+   14 Qed Ancient:#12432578 LI:#13364230    4/25 peers      4 MiB chain    4 MiB queue  RPC:  0 conn,    0 req/s,    0 µs
2021-10-06 07:56:03 UTC Syncing #13364215 0xaf27…57ce     0.00 blk/s    0.0 tx/s    0.0 Mgas/s      0+   14 Qed Ancient:#12432578 LI:#13364230    6/25 peers      4 MiB chain    4 MiB queue  RPC:  0 conn,    0 req/s,    0 µs
2021-10-06 07:56:09 UTC Syncing #13364215 0xaf27…57ce     0.00 blk/s    0.0 tx/s    0.0 Mgas/s      0+   14 Qed Ancient:#12432578 LI:#13364230    8/25 peers      4 MiB chain    4 MiB queue  RPC:  0 conn,    0 req/s,    0 µs
2021-10-06 07:56:13 UTC Syncing #13364216 0xe19d…74f2     0.20 blk/s   69.4 tx/s    6.0 Mgas/s      0+   13 Qed Ancient:#12432580 LI:#13364230    7/25 peers      4 MiB chain    3 MiB queue  RPC:  0 conn,    0 req/s,    0 µs
2021-10-06 07:56:18 UTC Syncing #13364216 0xe19d…74f2     0.00 blk/s    0.0 tx/s    0.0 Mgas/s      0+   13 Qed Ancient:#12432580 LI:#13364230    7/25 peers      4 MiB chain    3 MiB queue  RPC:  0 conn,    0 req/s,    0 µs
2021-10-06 07:56:23 UTC Syncing #13364217 0xa88d…b794     0.20 blk/s   27.6 tx/s    2.4 Mgas/s      0+   12 Qed Ancient:#12432581 LI:#13364229    7/25 peers      4 MiB chain    3 MiB queue  RPC:  0 conn,    0 req/s,    0 µs
2021-10-06 07:56:28 UTC Syncing #13364217 0xa88d…b794     0.00 blk/s    0.0 tx/s    0.0 Mgas/s      0+   14 Qed Ancient:#12432581 LI:#13364232    7/25 peers      4 MiB chain    4 MiB queue  RPC:  0 conn,    0 req/s,    0 µs
2021-10-06 07:56:33 UTC Syncing #13364217 0xa88d…b794     0.00 blk/s    0.0 tx/s    0.0 Mgas/s      0+   14 Qed Ancient:#12432581 LI:#13364232    5/25 peers      4 MiB chain    4 MiB queue  RPC:  0 conn,    0 req/s,    0 µs
2021-10-06 07:56:38 UTC Syncing #13364218 0x923d…c2a0     0.20 blk/s   45.2 tx/s    3.4 Mgas/s      0+   13 Qed Ancient:#12432582 LI:#13364232    8/25 peers      4 MiB chain    3 MiB queue  RPC:  0 conn,    0 req/s,    0 µs
2021-10-06 07:57:18 UTC Syncing #13364219 0x0420…c8e4     0.03 blk/s   10.1 tx/s    0.9 Mgas/s      0+   14 Qed Ancient:#12432925 LI:#13364233    4/25 peers    0 bytes chain    4 MiB queue  RPC:  0 conn,    0 req/s,    0 µs
2021-10-06 07:57:18 UTC Syncing #13364219 0x0420…c8e4     0.00 blk/s    0.0 tx/s    0.0 Mgas/s      0+   14 Qed Ancient:#12433115 LI:#13364233    4/25 peers      4 MiB chain    4 MiB queue  RPC:  0 conn,    0 req/s,    0 µs
2021-10-06 07:58:01 UTC Syncing #13364219 0x0420…c8e4     0.00 blk/s    0.0 tx/s    0.0 Mgas/s      0+   20 Qed Ancient:#12433731 LI:#13364239    6/25 peers      9 MiB chain    5 MiB queue  RPC:  0 conn,    0 req/s,    0 µs
2021-10-06 07:58:14 UTC Syncing #13364219 0x0420…c8e4     0.00 blk/s    0.0 tx/s    0.0 Mgas/s      0+   20 Qed Ancient:#12433732 LI:#13364240    7/25 peers    109 KiB chain    5 MiB queue  RPC:  0 conn,    0 req/s,    0 µs
2021-10-06 07:58:20 UTC Syncing #13364222 0x768f…496f     0.65 blk/s   31.0 tx/s    4.2 Mgas/s      0+   18 Qed Ancient:#12433735 LI:#13364240    7/25 peers    215 KiB chain    5 MiB queue  RPC:  0 conn,    0 req/s,    0 µs
2021-10-06 07:58:36 UTC Syncing #13364222 0x768f…496f     0.00 blk/s    0.0 tx/s    0.0 Mgas/s      0+   20 Qed Ancient:#12433796 LI:#13364243    5/25 peers      2 MiB chain    5 MiB queue  RPC:  0 conn,    0 req/s,    0 µs
2021-10-06 07:58:36 UTC Syncing #13364222 0x768f…496f     0.00 blk/s    0.0 tx/s    0.0 Mgas/s      0+   20 Qed Ancient:#12433796 LI:#13364243    5/25 peers      2 MiB chain    5 MiB queue  RPC:  0 conn,    0 req/s,    0 µs
2021-10-06 07:58:43 UTC Syncing #13364223 0x5a92…3016     0.54 blk/s  112.4 tx/s    8.5 Mgas/s      0+   19 Qed Ancient:#12433797 LI:#13364243    5/25 peers      2 MiB chain    5 MiB queue  RPC:  0 conn,    0 req/s,    0 µs
2021-10-06 07:58:43 UTC Syncing #13364224 0xb96d…49a6     0.18 blk/s    6.2 tx/s    0.6 Mgas/s      0+   18 Qed Ancient:#12433798 LI:#13364244    5/25 peers      2 MiB chain    5 MiB queue  RPC:  0 conn,    0 req/s,    0 µs
2021-10-06 07:58:49 UTC Syncing #13364224 0xb96d…49a6     0.00 blk/s    0.0 tx/s    0.0 Mgas/s      0+   19 Qed Ancient:#12433798 LI:#13364244    5/25 peers      2 MiB chain    5 MiB queue  RPC:  0 conn,    0 req/s,    0 µs
2021-10-06 07:58:57 UTC Syncing #13364224 0xb96d…49a6     0.00 blk/s    0.0 tx/s    0.0 Mgas/s      0+   19 Qed Ancient:#12433798 LI:#13364244    4/25 peers      2 MiB chain    5 MiB queue  RPC:  0 conn,    0 req/s,    0 µs
2021-10-06 07:58:58 UTC Syncing #13364224 0xb96d…49a6     0.00 blk/s    0.0 tx/s    0.0 Mgas/s      0+   19 Qed Ancient:#12433798 LI:#13364244    4/25 peers      2 MiB chain    5 MiB queue  RPC:  0 conn,    0 req/s,    0 µs
2021-10-06 07:59:03 UTC Syncing #13364224 0xb96d…49a6     0.00 blk/s    0.0 tx/s    0.0 Mgas/s      0+   19 Qed Ancient:#12433798 LI:#13364244    4/25 peers      2 MiB chain    5 MiB queue  RPC:  0 conn,    0 req/s,    0 µs
2021-10-06 07:59:09 UTC Syncing #13364225 0x74c6…3469     0.20 blk/s   74.4 tx/s    5.9 Mgas/s      0+   18 Qed Ancient:#12433799 LI:#13364244    4/25 peers      2 MiB chain    5 MiB queue  RPC:  0 conn,    0 req/s,    0 µs
2021-10-06 07:59:20 UTC Syncing #13364225 0x74c6…3469     0.00 blk/s    0.0 tx/s    0.0 Mgas/s      0+   18 Qed Ancient:#12433799 LI:#13364244    3/25 peers      2 MiB chain    5 MiB queue  RPC:  0 conn,    0 req/s,    0 µs
2021-10-06 07:59:20 UTC Syncing #13364225 0x74c6…3469     0.00 blk/s    0.0 tx/s    0.0 Mgas/s      0+   18 Qed Ancient:#12433799 LI:#13364244    3/25 peers      2 MiB chain    5 MiB queue  RPC:  0 conn,    0 req/s,    0 µs
2021-10-06 07:59:23 UTC Syncing #13364225 0x74c6…3469     0.00 blk/s    0.0 tx/s    0.0 Mgas/s      0+   18 Qed Ancient:#12433799 LI:#13364244    3/25 peers      2 MiB chain    5 MiB queue  RPC:  0 conn,    0 req/s,    0 µs
2021-10-06 07:59:29 UTC Syncing #13364226 0x724b…ea1c     0.20 blk/s   37.4 tx/s    2.8 Mgas/s      0+   17 Qed Ancient:#12433800 LI:#13364244    3/25 peers      2 MiB chain    5 MiB queue  RPC:  0 conn,    0 req/s,    0 µs
2021-10-06 07:59:38 UTC Syncing #13364227 0x917e…05bd     0.20 blk/s    8.6 tx/s    0.4 Mgas/s      0+   16 Qed Ancient:#12433801 LI:#13364244    3/25 peers      2 MiB chain    4 MiB queue  RPC:  0 conn,    0 req/s,    0 µs
2021-10-06 07:59:38 UTC Syncing #13364227 0x917e…05bd     0.10 blk/s    4.3 tx/s    0.2 Mgas/s      0+   16 Qed Ancient:#12433801 LI:#13364244    3/25 peers      2 MiB chain    4 MiB queue  RPC:  0 conn,    0 req/s,    0 µs
2021-10-06 07:59:50 UTC Syncing #13364228 0x52d9…e06a     0.10 blk/s    8.9 tx/s    0.6 Mgas/s      0+   16 Qed Ancient:#12433802 LI:#13364245    3/25 peers      2 MiB chain    4 MiB queue  RPC:  0 conn,    0 req/s,    0 µs
2021-10-06 07:59:50 UTC Syncing #13364228 0x52d9…e06a     0.20 blk/s   17.8 tx/s    1.1 Mgas/s      0+   16 Qed Ancient:#12433802 LI:#13364245    3/25 peers      2 MiB chain    4 MiB queue  RPC:  0 conn,    0 req/s,    0 µs
2021-10-06 07:59:53 UTC Syncing #13364228 0x52d9…e06a     0.00 blk/s    0.0 tx/s    0.0 Mgas/s      0+   16 Qed Ancient:#12433802 LI:#13364245    2/25 peers      2 MiB chain    4 MiB queue  RPC:  0 conn,    0 req/s,    0 µs
2021-10-06 07:59:58 UTC Syncing #13364228 0x52d9…e06a     0.00 blk/s    0.0 tx/s    0.0 Mgas/s      0+   16 Qed Ancient:#12433802 LI:#13364245    2/25 peers      2 MiB chain    4 MiB queue  RPC:  0 conn,    0 req/s,    0 µs
2021-10-06 08:00:03 UTC Syncing #13364228 0x52d9…e06a     0.00 blk/s    0.0 tx/s    0.0 Mgas/s      0+   16 Qed Ancient:#12433802 LI:#13364245    4/25 peers      2 MiB chain    4 MiB queue  RPC:  0 conn,    0 req/s,    0 µs
2021-10-06 08:00:08 UTC Syncing #13364228 0x52d9…e06a     0.00 blk/s    0.0 tx/s    0.0 Mgas/s      0+   18 Qed Ancient:#12433802 LI:#13364247    7/25 peers      2 MiB chain    5 MiB queue  RPC:  0 conn,    0 req/s,    0 µs
2021-10-06 08:00:13 UTC Syncing #13364228 0x52d9…e06a     0.00 blk/s    0.0 tx/s    0.0 Mgas/s      0+   18 Qed Ancient:#12433802 LI:#13364247    7/25 peers      3 MiB chain    5 MiB queue  RPC:  0 conn,    0 req/s,    0 µs
2021-10-06 08:00:27 UTC Syncing #13364229 0xd62a…6035     0.20 blk/s   85.2 tx/s    6.0 Mgas/s      0+   17 Qed Ancient:#12433803 LI:#13364247    8/25 peers      3 MiB chain    4 MiB queue  RPC:  0 conn,    0 req/s,    0 µs
2021-10-06 08:00:27 UTC Syncing #13364229 0xd62a…6035     0.00 blk/s    0.0 tx/s    0.0 Mgas/s      0+   17 Qed Ancient:#12433803 LI:#13364247    8/25 peers      3 MiB chain    4 MiB queue  RPC:  0 conn,    0 req/s,    0 µs
2021-10-06 08:00:34 UTC Syncing #13364229 0xd62a…6035     0.00 blk/s    0.0 tx/s    0.0 Mgas/s      0+   17 Qed Ancient:#12433803 LI:#13364247    6/25 peers      3 MiB chain    4 MiB queue  RPC:  0 conn,    0 req/s,    0 µs
2021-10-06 08:00:41 UTC Syncing #13364230 0xc9c4…61de     0.30 blk/s  118.4 tx/s    8.9 Mgas/s      0+   16 Qed Ancient:#12433804 LI:#13364247    6/25 peers      3 MiB chain    4 MiB queue  RPC:  0 conn,    0 req/s,    0 µs
2021-10-06 08:00:49 UTC Syncing #13364230 0xc9c4…61de     0.00 blk/s    0.0 tx/s    0.0 Mgas/s      0+   16 Qed Ancient:#12433804 LI:#13364247    6/25 peers      3 MiB chain    4 MiB queue  RPC:  0 conn,    0 req/s,    0 µs
2021-10-06 08:00:49 UTC Syncing #13364230 0xc9c4…61de     0.00 blk/s    0.0 tx/s    0.0 Mgas/s      0+   16 Qed Ancient:#12433804 LI:#13364247    6/25 peers      3 MiB chain    4 MiB queue  RPC:  0 conn,    0 req/s,    0 µs
2021-10-06 08:00:53 UTC Syncing #13364230 0xc9c4…61de     0.00 blk/s    0.0 tx/s    0.0 Mgas/s      0+   16 Qed Ancient:#12433804 LI:#13364247    6/25 peers      3 MiB chain    4 MiB queue  RPC:  0 conn,    0 req/s,    0 µs
2021-10-06 08:00:58 UTC Syncing #13364230 0xc9c4…61de     0.00 blk/s    0.0 tx/s    0.0 Mgas/s      0+   18 Qed Ancient:#12433804 LI:#13364249    6/25 peers      3 MiB chain    5 MiB queue  RPC:  0 conn,    0 req/s,    0 µs
2021-10-06 08:01:22 UTC Syncing #13364232 0x9ed3…133c     0.20 blk/s   35.5 tx/s    3.4 Mgas/s      0+   16 Qed Ancient:#12433807 LI:#13364249    6/25 peers      3 MiB chain    5 MiB queue  RPC:  0 conn,    0 req/s,    0 µs
2021-10-06 08:01:22 UTC Syncing #13364232 0x9ed3…133c     0.00 blk/s    0.0 tx/s    0.0 Mgas/s      0+   16 Qed Ancient:#12433807 LI:#13364249    6/25 peers      3 MiB chain    5 MiB queue  RPC:  0 conn,    0 req/s,    0 µs
2021-10-06 08:01:22 UTC Syncing #13364230 0xc9c4…61de     0.00 blk/s    0.0 tx/s    0.0 Mgas/s      0+   18 Qed Ancient:#12433804 LI:#13364249    6/25 peers      3 MiB chain    5 MiB queue  RPC:  0 conn,    0 req/s,    0 µs
2021-10-06 08:01:28 UTC Syncing #13364232 0x9ed3…133c     0.39 blk/s   68.5 tx/s    6.5 Mgas/s      0+   17 Qed Ancient:#12433807 LI:#13364250    5/25 peers      3 MiB chain    5 MiB queue  RPC:  0 conn,    0 req/s,    0 µs
2021-10-06 08:01:33 UTC Syncing #13364232 0x9ed3…133c     0.00 blk/s    0.0 tx/s    0.0 Mgas/s      0+   18 Qed Ancient:#12433807 LI:#13364251    4/25 peers      3 MiB chain    5 MiB queue  RPC:  0 conn,    0 req/s,    0 µs
2021-10-06 08:01:49 UTC Syncing #13364233 0xe661…77ae     0.12 blk/s   29.1 tx/s    3.3 Mgas/s      0+   19 Qed Ancient:#12433808 LI:#13364252    3/25 peers      3 MiB chain    5 MiB queue  RPC:  0 conn,    0 req/s,    0 µs
2021-10-06 08:02:00 UTC Syncing #13364233 0xe661…77ae     0.00 blk/s    0.0 tx/s    0.0 Mgas/s      0+   18 Qed Ancient:#12433887 LI:#13364252    3/25 peers      5 MiB chain    5 MiB queue  RPC:  0 conn,    0 req/s,    0 µs
2021-10-06 08:02:00 UTC Syncing #13364234 0xfd37…0d67     0.06 blk/s    9.7 tx/s    0.5 Mgas/s      0+   18 Qed Ancient:#12433900 LI:#13364252    3/25 peers      5 MiB chain    5 MiB queue  RPC:  0 conn,    0 req/s,    0 µs
2021-10-06 08:02:00 UTC Syncing #13364234 0xfd37…0d67     0.00 blk/s    0.0 tx/s    0.0 Mgas/s      0+   18 Qed Ancient:#12433900 LI:#13364252    3/25 peers      5 MiB chain    5 MiB queue  RPC:  0 conn,    0 req/s,    0 µs