ERROR[10-06|04:45:22.191] Snapshot extension registration failed   peer=20dcc090 err="peer connected on snap without compatible eth support"
WARN [10-06|04:45:24.587] Unexpected trienode heal packet          peer=694bda5d reqid=3,682,169,934,655,138,119
INFO [10-06|04:45:31.050] State heal in progress                   accounts=3301@196.98KiB slots=2729@220.09KiB codes=12410@105.37MiB nodes=294,487,386@86.31GiB pending=132,113
WARN [10-06|04:45:31.051] Unexpected trienode heal packet          peer=8d83f6a2 reqid=3,749,532,903,256,430,918
WARN [10-06|04:45:31.852] Unexpected trienode heal packet          peer=10c39cf1 reqid=3,133,208,683,579,747,236
WARN [10-06|04:45:32.240] Unexpected trienode heal packet          peer=8118fd55 reqid=2,983,064,072,276,674,591
WARN [10-06|04:45:35.058] Unexpected trienode heal packet          peer=75ccfef3 reqid=8,164,898,230,780,170,165
WARN [10-06|04:45:38.546] Unexpected trienode heal packet          peer=4405f015 reqid=8,635,075,981,989,344,669
INFO [10-06|04:45:41.318] State heal in progress                   accounts=3341@199.41KiB slots=2866@231.14KiB codes=12410@105.37MiB nodes=294,488,069@86.31GiB pending=133,045
WARN [10-06|04:45:41.624] Unexpected trienode heal packet          peer=98b07229 reqid=2,578,966,823,013,478,774
INFO [10-06|04:45:49.927] State heal in progress                   accounts=3374@201.27KiB slots=2930@236.33KiB codes=12410@105.37MiB nodes=294,488,627@86.31GiB pending=134,069
INFO [10-06|04:45:50.126] Imported new block headers               count=1    elapsed=12.061ms  number=13,363,381 hash=d27fa2..90a3e9 age=1m
WARN [10-06|04:45:56.038] Checkpoint challenge timed out, dropping id=e83a720b2aab2a4b conn=inbound addr=3.83.255.197:37820    type=OpenEthereum/v3.3.0-...
ERROR[10-06|04:45:57.640] Snapshot extension registration failed   peer=f80b417d err="peer connected on snap without compatible eth support"
INFO [10-06|04:45:57.933] State heal in progress                   accounts=3401@202.95KiB slots=3000@241.95KiB codes=12410@105.37MiB nodes=294,489,120@86.31GiB pending=134,997
INFO [10-06|04:46:00.224] Imported new block headers               count=1    elapsed=7.200ms   number=13,363,382 hash=9dcd18..2db16d age=1m3s
INFO [10-06|04:46:01.560] Downloader queue stats                   receiptTasks=0   blockTasks=0   itemSize=261.10KiB throttle=1005
INFO [10-06|04:46:06.362] State heal in progress                   accounts=3427@204.54KiB slots=3093@249.45KiB codes=12410@105.37MiB nodes=294,489,653@86.31GiB pending=135,787
INFO [10-06|04:46:16.801] State heal in progress                   accounts=3461@206.39KiB slots=3209@258.91KiB codes=12410@105.37MiB nodes=294,490,336@86.32GiB pending=136,786
INFO [10-06|04:46:21.320] Imported new block headers               count=1    elapsed=12.552ms  number=13,363,383 hash=5bc91f..6d3a4e age=1m6s
INFO [10-06|04:46:24.970] State heal in progress                   accounts=3491@208.20KiB slots=3337@269.40KiB codes=12410@105.37MiB nodes=294,490,942@86.32GiB pending=137,694
INFO [10-06|04:46:34.973] State heal in progress                   accounts=3524@210.27KiB slots=3465@279.88KiB codes=12410@105.37MiB nodes=294,491,623@86.32GiB pending=138,631
INFO [10-06|04:46:36.373] Imported new block headers               count=1    elapsed=6.346ms   number=13,363,384 hash=198f64..ae0ca0
INFO [10-06|04:46:42.403] Imported new block headers               count=1    elapsed=7.184ms   number=13,363,385 hash=93bcea..bd3ff8
INFO [10-06|04:46:43.213] State heal in progress                   accounts=3565@212.59KiB slots=3545@286.24KiB codes=12410@105.37MiB nodes=294,492,167@86.32GiB pending=139,417
INFO [10-06|04:46:49.460] Imported new block headers               count=1    elapsed=5.879ms   number=13,363,386 hash=dcb905..1d4721
INFO [10-06|04:46:51.650] State heal in progress                   accounts=3598@214.43KiB slots=3665@295.87KiB codes=12410@105.37MiB nodes=294,492,758@86.32GiB pending=140,206
INFO [10-06|04:47:01.981] State heal in progress                   accounts=3640@216.91KiB slots=3783@305.27KiB codes=12410@105.37MiB nodes=294,493,451@86.32GiB pending=141,231
INFO [10-06|04:47:07.544] Imported new block headers               count=1    elapsed=6.044ms   number=13,363,387 hash=7251d8..9fbe6f
INFO [10-06|04:47:07.606] Downloader queue stats                   receiptTasks=0   blockTasks=0   itemSize=301.05KiB throttle=871
INFO [10-06|04:47:11.536] State heal in progress                   accounts=3670@218.86KiB slots=3874@312.62KiB codes=12410@105.37MiB nodes=294,494,034@86.32GiB pending=142,167
INFO [10-06|04:47:20.873] Imported new block headers               count=1    elapsed=6.750ms   number=13,363,388 hash=7a0d25..a1d9f5
INFO [10-06|04:47:21.652] State heal in progress                   accounts=3700@220.69KiB slots=4009@323.52KiB codes=12410@105.37MiB nodes=294,494,748@86.32GiB pending=143,323
INFO [10-06|04:47:23.904] Imported new block headers               count=1    elapsed=6.991ms   number=13,363,389 hash=b8bf3a..4bd490
INFO [10-06|04:47:30.980] State heal in progress                   accounts=3741@223.52KiB slots=4154@335.35KiB codes=12410@105.37MiB nodes=294,495,463@86.32GiB pending=144,499
INFO [10-06|04:47:33.502] Imported new block headers               count=2    elapsed=6.655ms   number=13,363,391 hash=02950b..4fe037
INFO [10-06|04:47:39.038] State heal in progress                   accounts=3761@224.68KiB slots=4416@356.33KiB codes=12410@105.37MiB nodes=294,496,179@86.32GiB pending=145,073
INFO [10-06|04:47:48.491] State heal in progress                   accounts=3770@225.20KiB slots=4753@383.58KiB codes=12410@105.37MiB nodes=294,497,167@86.32GiB pending=145,213
INFO [10-06|04:47:54.582] Imported new block headers               count=1    elapsed=7.270ms   number=13,363,392 hash=e382c8..10881c
INFO [10-06|04:47:58.109] State heal in progress                   accounts=3787@226.19KiB slots=4996@403.26KiB codes=12410@105.37MiB nodes=294,498,015@86.32GiB pending=145,784
INFO [10-06|04:48:06.791] State heal in progress                   accounts=3804@227.22KiB slots=5204@420.15KiB codes=12410@105.37MiB nodes=294,498,750@86.32GiB pending=146,228
INFO [10-06|04:48:09.972] Imported new block headers               count=2    elapsed=10.234ms  number=13,363,394 hash=cde2fb..ebd490
INFO [10-06|04:48:10.638] Downloader queue stats                   receiptTasks=0   blockTasks=0   itemSize=281.92KiB throttle=930
INFO [10-06|04:48:15.398] State heal in progress                   accounts=3819@228.13KiB slots=5316@429.25KiB codes=12410@105.37MiB nodes=294,499,344@86.32GiB pending=146,855
INFO [10-06|04:48:19.009] Imported new block headers               count=1    elapsed=6.710ms   number=13,363,395 hash=a3a352..eb92a9
INFO [10-06|04:48:23.694] State heal in progress                   accounts=3837@229.18KiB slots=5614@453.24KiB codes=12410@105.37MiB nodes=294,500,183@86.32GiB pending=147,205
INFO [10-06|04:48:31.841] State heal in progress                   accounts=3863@230.86KiB slots=5861@473.22KiB codes=12410@105.37MiB nodes=294,500,954@86.32GiB pending=147,596
INFO [10-06|04:48:40.347] State heal in progress                   accounts=3873@231.46KiB slots=6087@491.52KiB codes=12410@105.37MiB nodes=294,501,670@86.32GiB pending=148,107
INFO [10-06|04:48:46.113] Imported new block headers               count=1    elapsed=7.672ms   number=13,363,396 hash=c82363..4941bc
ERROR[10-06|04:48:46.354] Snapshot extension registration failed   peer=3fa903d3 err="peer connected on snap without compatible eth support"
INFO [10-06|04:48:48.727] State heal in progress                   accounts=3885@232.17KiB slots=6286@507.54KiB codes=12410@105.37MiB nodes=294,502,413@86.32GiB pending=148,631
INFO [10-06|04:48:49.136] Imported new block headers               count=1    elapsed=11.943ms  number=13,363,397 hash=bdbcbf..b88544
INFO [10-06|04:48:52.533] Imported new block headers               count=2    elapsed=16.296ms  number=13,363,399 hash=e60294..71a304
INFO [10-06|04:48:56.755] State heal in progress                   accounts=3889@232.34KiB slots=6611@533.80KiB codes=12410@105.37MiB nodes=294,503,268@86.32GiB pending=148,694
INFO [10-06|04:49:04.757] State heal in progress                   accounts=3898@232.90KiB slots=6960@561.94KiB codes=12410@105.37MiB nodes=294,504,187@86.32GiB pending=148,835
ERROR[10-06|04:49:12.412] Snapshot extension registration failed   peer=83a1b3f5 err="peer connected on snap without compatible eth support"
INFO [10-06|04:49:13.220] State heal in progress                   accounts=3912@233.79KiB slots=7234@584.12KiB codes=12410@105.37MiB nodes=294,505,009@86.32GiB pending=149,094
INFO [10-06|04:49:21.320] State heal in progress                   accounts=3920@234.20KiB slots=7549@609.74KiB codes=12410@105.37MiB nodes=294,505,861@86.32GiB pending=149,190
INFO [10-06|04:49:30.843] State heal in progress                   accounts=3930@234.76KiB slots=7751@626.07KiB codes=12410@105.37MiB nodes=294,506,649@86.32GiB pending=149,581
INFO [10-06|04:49:31.670] Imported new block headers               count=1    elapsed=6.955ms   number=13,363,400 hash=c076fe..7ce8ed
INFO [10-06|04:49:32.686] Downloader queue stats                   receiptTasks=0   blockTasks=0   itemSize=282.52KiB throttle=928
INFO [10-06|04:49:37.699] Imported new block headers               count=1    elapsed=6.507ms   number=13,363,401 hash=fabaad..8f5974
WARN [10-06|04:49:38.689] Pivot became stale, moving               old=13,363,275 new=13,363,339
INFO [10-06|04:49:38.899] Imported new block receipts              count=64   elapsed=207.999ms number=13,363,338 hash=708c51..122618 age=15m8s    size=8.97MiB
INFO [10-06|04:49:39.231] State heal in progress                   accounts=3946@235.60KiB slots=7989@645.19KiB codes=12410@105.37MiB nodes=294,507,402@86.32GiB pending=149,923
INFO [10-06|04:49:39.245] State heal in progress                   accounts=3946@235.60KiB slots=7989@645.19KiB codes=12410@105.37MiB nodes=294,507,402@86.32GiB pending=149,923
WARN [10-06|04:49:39.245] Unexpected trienode heal packet          peer=4b2f77e8 reqid=6,037,643,664,753,690,678
WARN [10-06|04:49:39.255] Unexpected trienode heal packet          peer=694bda5d reqid=796,337,926,441,668,785
WARN [10-06|04:49:39.266] Unexpected trienode heal packet          peer=80a8b61f reqid=7,857,762,416,740,248,807
WARN [10-06|04:49:39.329] Unexpected trienode heal packet          peer=4405f015 reqid=6,522,680,344,483,732,791
WARN [10-06|04:49:39.335] Unexpected trienode heal packet          peer=75ccfef3 reqid=7,962,397,806,224,520,357
WARN [10-06|04:49:39.374] Unexpected trienode heal packet          peer=10c39cf1 reqid=8,479,510,080,488,974,621
WARN [10-06|04:49:39.405] Unexpected trienode heal packet          peer=756c3e84 reqid=898,205,852,918,755,477
WARN [10-06|04:49:39.449] Unexpected trienode heal packet          peer=8d83f6a2 reqid=7,737,249,879,159,321,162
WARN [10-06|04:49:39.450] Unexpected trienode heal packet          peer=8e79838c reqid=5,019,503,246,762,862,838
WARN [10-06|04:49:39.459] Unexpected trienode heal packet          peer=5d0a9911 reqid=7,017,517,741,983,177,723
WARN [10-06|04:49:39.470] Unexpected trienode heal packet          peer=781103fa reqid=3,655,168,224,933,745,879
WARN [10-06|04:49:39.477] Unexpected trienode heal packet          peer=2875b082 reqid=5,012,852,885,662,570,385
INFO [10-06|04:49:47.527] State heal in progress                   accounts=3946@235.60KiB slots=7989@645.19KiB codes=12410@105.37MiB nodes=294,509,020@86.32GiB pending=20462
WARN [10-06|04:49:57.031] Dropping unsynced node during sync       id=3f42842d3bad7dd7 conn=inbound addr=47.243.35.213:34050   type=OpenEthereum/v3.3.0-...
INFO [10-06|04:49:57.038] State heal in progress                   accounts=3946@235.60KiB slots=7989@645.19KiB codes=12410@105.37MiB nodes=294,511,164@86.32GiB pending=53572
INFO [10-06|04:49:58.790] Imported new block headers               count=1    elapsed=15.090ms  number=13,363,402 hash=8232de..36e8f6 age=1m8s
INFO [10-06|04:50:08.683] State heal in progress                   accounts=3946@235.60KiB slots=7989@645.19KiB codes=12410@105.37MiB nodes=294,512,642@86.32GiB pending=63287
INFO [10-06|04:50:16.696] State heal in progress                   accounts=3946@235.60KiB slots=7989@645.19KiB codes=12410@105.37MiB nodes=294,513,567@86.32GiB pending=64847
INFO [10-06|04:50:26.863] State heal in progress                   accounts=3946@235.60KiB slots=7989@645.19KiB codes=12410@105.37MiB nodes=294,514,683@86.32GiB pending=67641
INFO [10-06|04:50:31.910] Imported new block headers               count=1    elapsed=8.168ms   number=13,363,403 hash=816e9d..a4c098 age=1m2s
INFO [10-06|04:50:35.693] State heal in progress                   accounts=3946@235.60KiB slots=7989@645.19KiB codes=12410@105.37MiB nodes=294,515,580@86.32GiB pending=70581
WARN [10-06|04:50:35.693] Unexpected trienode heal packet          peer=781103fa reqid=2,735,939,084,104,047,233
WARN [10-06|04:50:41.987] Unexpected trienode heal packet          peer=5d0a9911 reqid=1,222,257,066,373,649,956
INFO [10-06|04:50:44.605] Imported new block headers               count=1    elapsed=7.689ms   number=13,363,404 hash=f78365..44b3b1 age=1m10s