INFO [10-06|04:40:02.611] Imported new block headers               count=1    elapsed=6.645ms   number=13,363,354 hash=468d5f..615dd2
INFO [10-06|04:40:05.674] State heal in progress                   accounts=2421@143.73KiB slots=122@9.66KiB codes=12410@105.37MiB nodes=294,468,315@86.31GiB pending=101,754
ERROR[10-06|04:40:09.558] Snapshot extension registration failed   peer=20dcc090 err="peer connected on snap without compatible eth support"
INFO [10-06|04:40:15.870] State heal in progress                   accounts=2455@145.74KiB slots=139@11.05KiB codes=12410@105.37MiB nodes=294,468,853@86.31GiB pending=102,819
INFO [10-06|04:40:17.673] Imported new block headers               count=1    elapsed=6.510ms   number=13,363,355 hash=91a003..32a968
INFO [10-06|04:40:20.692] Imported new block headers               count=1    elapsed=6.294ms   number=13,363,356 hash=404d42..b4b349
INFO [10-06|04:40:26.780] State heal in progress                   accounts=2528@149.99KiB slots=173@13.81KiB codes=12410@105.37MiB nodes=294,469,539@86.31GiB pending=104,218
INFO [10-06|04:40:35.333] State heal in progress                   accounts=2610@154.84KiB slots=182@14.55KiB codes=12410@105.37MiB nodes=294,470,137@86.31GiB pending=105,358
INFO [10-06|04:40:43.837] State heal in progress                   accounts=2639@156.52KiB slots=291@23.28KiB codes=12410@105.37MiB nodes=294,470,779@86.31GiB pending=106,171
ERROR[10-06|04:40:47.385] Snapshot extension registration failed   peer=20dcc090 err="peer connected on snap without compatible eth support"
WARN [10-06|04:40:47.884] Checkpoint challenge timed out, dropping id=ce097d0f11fe2dc2 conn=inbound addr=97.115.64.40:43338    type=erigon/v2021.09.4-al...
INFO [10-06|04:40:50.803] Imported new block headers               count=1    elapsed=6.658ms   number=13,363,357 hash=3065c4..24b648
INFO [10-06|04:40:51.348] Downloader queue stats                   receiptTasks=0   blockTasks=0   itemSize=311.15KiB throttle=843
ERROR[10-06|04:40:53.233] Snapshot extension registration failed   peer=aec4562e err="peer connected on snap without compatible eth support"
INFO [10-06|04:40:54.103] State heal in progress                   accounts=2639@156.52KiB slots=373@29.76KiB codes=12410@105.37MiB nodes=294,471,365@86.31GiB pending=106,742
ERROR[10-06|04:40:59.380] Snapshot extension registration failed   peer=b52c702e err="peer connected on snap without compatible eth support"
INFO [10-06|04:41:02.615] State heal in progress                   accounts=2639@156.52KiB slots=490@39.17KiB codes=12410@105.37MiB nodes=294,471,936@86.31GiB pending=107,098
INFO [10-06|04:41:11.644] State heal in progress                   accounts=2650@157.11KiB slots=667@53.44KiB codes=12410@105.37MiB nodes=294,472,649@86.31GiB pending=107,532
ERROR[10-06|04:41:15.963] Snapshot extension registration failed   peer=cf1e4940 err="peer connected on snap without compatible eth support"
INFO [10-06|04:41:19.708] State heal in progress                   accounts=2665@158.06KiB slots=863@69.32KiB codes=12410@105.37MiB nodes=294,473,357@86.31GiB pending=107,827
ERROR[10-06|04:41:21.264] Snapshot extension registration failed   peer=20dcc090 err="peer connected on snap without compatible eth support"
INFO [10-06|04:41:28.484] State heal in progress                   accounts=2666@158.10KiB slots=1143@91.95KiB codes=12410@105.37MiB nodes=294,474,181@86.31GiB pending=107,964
ERROR[10-06|04:41:34.980] Snapshot extension registration failed   peer=c152a0b4 err="peer connected on snap without compatible eth support"
INFO [10-06|04:41:35.965] Imported new block headers               count=1    elapsed=6.315ms   number=13,363,358 hash=47965a..83e315 age=1m20s
INFO [10-06|04:41:37.907] State heal in progress                   accounts=2675@158.86KiB slots=1290@103.90KiB codes=12410@105.37MiB nodes=294,474,765@86.31GiB pending=108,478
INFO [10-06|04:41:38.984] Imported new block headers               count=1    elapsed=6.084ms   number=13,363,359 hash=249536..a797b3 age=1m18s
ERROR[10-06|04:41:40.425] Snapshot extension registration failed   peer=b17b6239 err="peer connected on snap without compatible eth support"
INFO [10-06|04:41:46.568] State heal in progress                   accounts=2683@159.33KiB slots=1387@111.81KiB codes=12410@105.37MiB nodes=294,475,219@86.31GiB pending=109,088
INFO [10-06|04:41:48.069] Imported new block headers               count=1    elapsed=6.356ms   number=13,363,360 hash=177c15..5e8396 age=1m2s
INFO [10-06|04:41:54.384] Downloader queue stats                   receiptTasks=0   blockTasks=0   itemSize=328.38KiB throttle=799
INFO [10-06|04:41:55.704] State heal in progress                   accounts=2693@159.87KiB slots=1521@122.55KiB codes=12410@105.37MiB nodes=294,475,806@86.31GiB pending=109,634
ERROR[10-06|04:42:02.849] Snapshot extension registration failed   peer=85512e24 err="peer connected on snap without compatible eth support"
ERROR[10-06|04:42:04.992] Snapshot extension registration failed   peer=20dcc090 err="peer connected on snap without compatible eth support"
INFO [10-06|04:42:05.267] State heal in progress                   accounts=2693@159.87KiB slots=1589@128.04KiB codes=12410@105.37MiB nodes=294,476,258@86.31GiB pending=110,189
WARN [10-06|04:42:06.072] Checkpoint challenge timed out, dropping id=c8690ae9f07e1a42 conn=inbound addr=188.34.132.166:46378  type=erigon/v2021.08.4-al...
INFO [10-06|04:42:15.710] State heal in progress                   accounts=2693@159.87KiB slots=1661@133.91KiB codes=12410@105.37MiB nodes=294,476,716@86.31GiB pending=110,806
INFO [10-06|04:42:26.086] State heal in progress                   accounts=2694@159.92KiB slots=1738@140.08KiB codes=12410@105.37MiB nodes=294,477,176@86.31GiB pending=111,405
INFO [10-06|04:42:29.291] Imported new block headers               count=1    elapsed=7.077ms   number=13,363,361 hash=5f4dae..554416 age=1m8s
ERROR[10-06|04:42:31.241] Snapshot extension registration failed   peer=3e412007 err="peer connected on snap without compatible eth support"
INFO [10-06|04:42:32.310] Imported new block headers               count=1    elapsed=6.860ms   number=13,363,362 hash=6c994a..735e09 age=1m8s
INFO [10-06|04:42:34.710] State heal in progress                   accounts=2694@159.92KiB slots=1769@142.62KiB codes=12410@105.37MiB nodes=294,477,496@86.31GiB pending=111,935
WARN [10-06|04:42:37.632] Checkpoint challenge timed out, dropping id=fbc58bff3da45777 conn=inbound addr=3.209.226.183:33572   type=OpenEthereum/v3.3.0-...
INFO [10-06|04:42:44.057] State heal in progress                   accounts=2694@159.92KiB slots=1849@149.11KiB codes=12410@105.37MiB nodes=294,477,947@86.31GiB pending=112,466
INFO [10-06|04:42:44.373] Imported new block headers               count=1    elapsed=13.582ms  number=13,363,363 hash=fd3a65..a22e96
WARN [10-06|04:42:49.181] Dropping unsynced node during sync       id=1411502d71e1dbc2 conn=inbound addr=185.24.122.38:46460   type=OpenEthereum/v3.3.0-...
INFO [10-06|04:42:52.629] State heal in progress                   accounts=2694@159.92KiB slots=1873@151.04KiB codes=12410@105.37MiB nodes=294,478,265@86.31GiB pending=112,980
INFO [10-06|04:42:53.410] Imported new block headers               count=1    elapsed=7.518ms   number=13,363,364 hash=e7f79a..2d45f8
ERROR[10-06|04:42:53.451] Snapshot extension registration failed   peer=fc089df1 err="peer connected on snap without compatible eth support"
INFO [10-06|04:42:54.422] Downloader queue stats                   receiptTasks=0   blockTasks=0   itemSize=305.59KiB throttle=858
INFO [10-06|04:42:59.438] Imported new block headers               count=1    elapsed=6.906ms   number=13,363,365 hash=493430..23a072
INFO [10-06|04:43:02.372] State heal in progress                   accounts=2694@159.92KiB slots=1921@154.96KiB codes=12410@105.37MiB nodes=294,478,814@86.31GiB pending=114,427
INFO [10-06|04:43:05.467] Imported new block headers               count=1    elapsed=5.470ms   number=13,363,366 hash=3551ad..04ad24
ERROR[10-06|04:43:11.536] Snapshot extension registration failed   peer=85512e24 err="peer connected on snap without compatible eth support"
INFO [10-06|04:43:13.380] State heal in progress                   accounts=2719@161.53KiB slots=1976@159.36KiB codes=12410@105.37MiB nodes=294,479,487@86.31GiB pending=116,950
WARN [10-06|04:43:13.382] Unexpected trienode heal packet          peer=8d83f6a2 reqid=1,295,770,579,169,426,013
INFO [10-06|04:43:15.424] Imported new block headers               count=1    elapsed=6.219ms   number=13,363,367 hash=88a53a..af5ce8
INFO [10-06|04:43:20.473] Imported new block headers               count=2    elapsed=17.014ms  number=13,363,369 hash=883f30..ccecbd
INFO [10-06|04:43:23.143] State heal in progress                   accounts=2723@161.88KiB slots=2017@162.67KiB codes=12410@105.37MiB nodes=294,479,969@86.31GiB pending=117,801
INFO [10-06|04:43:23.485] Imported new block headers               count=1    elapsed=7.481ms   number=13,363,370 hash=c2df78..89e47b
INFO [10-06|04:43:32.526] Imported new block headers               count=1    elapsed=6.297ms   number=13,363,371 hash=ec15ba..6dffbf
INFO [10-06|04:43:33.554] State heal in progress                   accounts=2723@161.88KiB slots=2066@166.64KiB codes=12410@105.37MiB nodes=294,480,572@86.31GiB pending=119,490
WARN [10-06|04:43:34.882] Checkpoint challenge timed out, dropping id=55e1cc903804469a conn=inbound addr=47.252.3.222:33484    type=erigon/v2021.08.5-al...
INFO [10-06|04:43:38.899] Imported new block headers               count=1    elapsed=13.178ms  number=13,363,372 hash=b421ca..b47970
INFO [10-06|04:43:41.653] State heal in progress                   accounts=2873@171.44KiB slots=2116@170.61KiB codes=12410@105.37MiB nodes=294,481,137@86.31GiB pending=119,911
INFO [10-06|04:43:41.912] Imported new block headers               count=1    elapsed=6.704ms   number=13,363,373 hash=870a41..ce8188
ERROR[10-06|04:43:42.042] Snapshot extension registration failed   peer=1583ccec err="peer connected on snap without compatible eth support"
ERROR[10-06|04:43:42.488] Snapshot extension registration failed   peer=20dcc090 err="peer connected on snap without compatible eth support"
INFO [10-06|04:43:49.901] State heal in progress                   accounts=2891@172.40KiB slots=2146@173.08KiB codes=12410@105.37MiB nodes=294,481,529@86.31GiB pending=120,562
ERROR[10-06|04:43:54.900] Snapshot extension registration failed   peer=1125cc47 err="peer connected on snap without compatible eth support"
INFO [10-06|04:43:56.974] Imported new block headers               count=1    elapsed=6.780ms   number=13,363,374 hash=8f0646..5b457b
INFO [10-06|04:43:57.457] Downloader queue stats                   receiptTasks=0   blockTasks=0   itemSize=250.60KiB throttle=1047
INFO [10-06|04:43:59.307] State heal in progress                   accounts=2938@175.17KiB slots=2192@176.76KiB codes=12410@105.37MiB nodes=294,482,101@86.31GiB pending=121,736
INFO [10-06|04:43:59.992] Imported new block headers               count=1    elapsed=5.514ms   number=13,363,375 hash=3eafc5..896113
INFO [10-06|04:44:08.834] State heal in progress                   accounts=2958@176.51KiB slots=2251@181.53KiB codes=12410@105.37MiB nodes=294,482,617@86.31GiB pending=122,677
INFO [10-06|04:44:15.056] Imported new block headers               count=1    elapsed=6.489ms   number=13,363,376 hash=cd545d..c7a314
ERROR[10-06|04:44:15.823] Snapshot extension registration failed   peer=37eff617 err="peer connected on snap without compatible eth support"
INFO [10-06|04:44:19.017] State heal in progress                   accounts=3016@179.93KiB slots=2327@187.66KiB codes=12410@105.37MiB nodes=294,483,254@86.31GiB pending=123,699
WARN [10-06|04:44:25.643] Unexpected trienode heal packet          peer=9086923e reqid=1,557,435,736,731,562,448
ERROR[10-06|04:44:26.743] Snapshot extension registration failed   peer=98998f1a err="peer connected on snap without compatible eth support"
INFO [10-06|04:44:28.565] State heal in progress                   accounts=3079@183.74KiB slots=2354@189.84KiB codes=12410@105.37MiB nodes=294,483,771@86.31GiB pending=124,669
ERROR[10-06|04:44:34.202] Snapshot extension registration failed   peer=aec4562e err="peer connected on snap without compatible eth support"
INFO [10-06|04:44:37.040] State heal in progress                   accounts=3107@185.55KiB slots=2406@194.03KiB codes=12410@105.37MiB nodes=294,484,278@86.31GiB pending=125,706
INFO [10-06|04:44:43.710] Imported new block headers               count=1    elapsed=8.269ms   number=13,363,377 hash=999ee9..42859e age=1m5s
ERROR[10-06|04:44:45.253] Snapshot extension registration failed   peer=6f817b70 err="peer connected on snap without compatible eth support"
INFO [10-06|04:44:45.965] State heal in progress                   accounts=3143@187.87KiB slots=2465@198.75KiB codes=12410@105.37MiB nodes=294,484,748@86.31GiB pending=126,579
ERROR[10-06|04:44:47.749] Snapshot extension registration failed   peer=20dcc090 err="peer connected on snap without compatible eth support"
ERROR[10-06|04:44:49.933] Snapshot extension registration failed   peer=a05e766c err="peer connected on snap without compatible eth support"
INFO [10-06|04:44:52.763] Imported new block headers               count=1    elapsed=7.131ms   number=13,363,378 hash=3b0c71..54cc68
INFO [10-06|04:44:54.929] State heal in progress                   accounts=3176@189.82KiB slots=2519@203.11KiB codes=12410@105.37MiB nodes=294,485,278@86.31GiB pending=127,595
INFO [10-06|04:44:59.789] Imported new block headers               count=1    elapsed=8.153ms   number=13,363,379 hash=3f40bd..f2f78e
INFO [10-06|04:45:01.492] Downloader queue stats                   receiptTasks=0   blockTasks=0   itemSize=292.43KiB throttle=897
INFO [10-06|04:45:04.850] State heal in progress                   accounts=3211@191.82KiB slots=2574@207.52KiB codes=12410@105.37MiB nodes=294,485,823@86.31GiB pending=128,722
INFO [10-06|04:45:13.277] State heal in progress                   accounts=3235@193.23KiB slots=2645@213.28KiB codes=12410@105.37MiB nodes=294,486,347@86.31GiB pending=129,724
INFO [10-06|04:45:19.338] Imported new block headers               count=1    elapsed=7.279ms   number=13,363,380 hash=309620..9203ce
INFO [10-06|04:45:22.078] State heal in progress                   accounts=3261@194.84KiB slots=2697@217.45KiB codes=12410@105.37MiB nodes=294,486,855@86.31GiB pending=130,788
WARN [10-06|04:45:22.080] Unexpected trienode heal packet          peer=756c3e84 reqid=388,537,139,882,583,841
ERROR[10-06|04:45:22.191] Snapshot extension registration failed   peer=20dcc090 err="peer connected on snap without compatible eth support"
WARN [10-06|04:45:24.587] Unexpected trienode heal packet          peer=694bda5d reqid=3,682,169,934,655,138,119
INFO [10-06|04:45:31.050] State heal in progress                   accounts=3301@196.98KiB slots=2729@220.09KiB codes=12410@105.37MiB nodes=294,487,386@86.31GiB pending=132,113
WARN [10-06|04:45:31.051] Unexpected trienode heal packet          peer=8d83f6a2 reqid=3,749,532,903,256,430,918
WARN [10-06|04:45:31.852] Unexpected trienode heal packet          peer=10c39cf1 reqid=3,133,208,683,579,747,236
WARN [10-06|04:45:32.240] Unexpected trienode heal packet          peer=8118fd55 reqid=2,983,064,072,276,674,591
WARN [10-06|04:45:35.058] Unexpected trienode heal packet          peer=75ccfef3 reqid=8,164,898,230,780,170,165
WARN [10-06|04:45:38.546] Unexpected trienode heal packet          peer=4405f015 reqid=8,635,075,981,989,344,669
INFO [10-06|04:45:41.318] State heal in progress                   accounts=3341@199.41KiB slots=2866@231.14KiB codes=12410@105.37MiB nodes=294,488,069@86.31GiB pending=133,045
WARN [10-06|04:45:41.624] Unexpected trienode heal packet          peer=98b07229 reqid=2,578,966,823,013,478,774