WARN [10-06|04:55:29.636] Dropping unsynced node during sync       id=015a3ad26cebb106 conn=inbound addr=47.96.169.40:40122    type=OpenEthereum/v3.3.0-...
WARN [10-06|04:55:31.562] Unexpected trienode heal packet          peer=2875b082 reqid=4,310,812,625,937,507,480
ERROR[10-06|04:55:31.633] Snapshot extension registration failed   peer=653558a6 err="peer connected on snap without compatible eth support"
ERROR[10-06|04:55:33.071] Snapshot extension registration failed   peer=75880f26 err="peer connected on snap without compatible eth support"
INFO [10-06|04:55:37.742] Imported new block headers               count=1    elapsed=6.948ms   number=13,363,428 hash=9fd7df..16c7f7
ERROR[10-06|04:55:40.829] Snapshot extension registration failed   peer=a90d187c err="peer connected on snap without compatible eth support"
INFO [10-06|04:55:43.771] Imported new block headers               count=1    elapsed=6.427ms   number=13,363,429 hash=ded0e3..ea29c8
INFO [10-06|04:55:44.523] Downloader queue stats                   receiptTasks=0   blockTasks=0   itemSize=283.73KiB throttle=924
ERROR[10-06|04:55:45.347] Snapshot extension registration failed   peer=9a6a4094 err="peer connected on snap without compatible eth support"
ERROR[10-06|04:55:46.649] Snapshot extension registration failed   peer=dfcf040e err="peer connected on snap without compatible eth support"
INFO [10-06|04:55:49.997] State heal in progress                   accounts=3978@237.29KiB slots=7989@645.19KiB codes=12410@105.37MiB nodes=294,535,384@86.33GiB pending=187,636
WARN [10-06|04:55:49.998] Unexpected trienode heal packet          peer=18abee8b reqid=4,602,191,445,494,965,935
WARN [10-06|04:55:50.011] Unexpected trienode heal packet          peer=4f4e7745 reqid=9,103,256,226,968,970,039
WARN [10-06|04:55:50.145] Unexpected trienode heal packet          peer=8ecd134f reqid=265,726,936,689,600,540
WARN [10-06|04:55:50.927] Unexpected trienode heal packet          peer=d604e921 reqid=6,049,927,642,070,596,273
INFO [10-06|04:55:52.818] Imported new block headers               count=1    elapsed=6.289ms   number=13,363,430 hash=2dba94..8f4c35
WARN [10-06|04:55:57.355] Unexpected trienode heal packet          peer=ba7d03a2 reqid=6,201,407,753,509,331,932
WARN [10-06|04:55:57.379] Unexpected trienode heal packet          peer=f5af817a reqid=5,257,530,275,747,736,453
WARN [10-06|04:55:57.390] Unexpected trienode heal packet          peer=5d0a9911 reqid=5,609,554,663,506,993,395
WARN [10-06|04:55:57.425] Unexpected trienode heal packet          peer=43b62607 reqid=1,064,889,452,691,304,576
INFO [10-06|04:55:58.852] Imported new block headers               count=1    elapsed=9.425ms   number=13,363,431 hash=273477..8b81ef
INFO [10-06|04:56:02.993] State heal in progress                   accounts=3990@237.88KiB slots=7989@645.19KiB codes=12410@105.37MiB nodes=294,535,941@86.33GiB pending=188,322
WARN [10-06|04:56:02.994] Unexpected trienode heal packet          peer=9086923e reqid=8,704,645,456,857,918,870
WARN [10-06|04:56:03.014] Unexpected trienode heal packet          peer=61551118 reqid=6,762,362,569,107,266,767
ERROR[10-06|04:56:06.486] Snapshot extension registration failed   peer=394f23e8 err="peer connected on snap without compatible eth support"
INFO [10-06|04:56:11.641] State heal in progress                   accounts=3992@237.96KiB slots=7989@645.19KiB codes=12410@105.37MiB nodes=294,536,288@86.33GiB pending=188,694
ERROR[10-06|04:56:12.767] Snapshot extension registration failed   peer=75142bbd err="peer connected on snap without compatible eth support"
ERROR[10-06|04:56:16.844] Snapshot extension registration failed   peer=cf4a3b30 err="peer connected on snap without compatible eth support"
ERROR[10-06|04:56:20.492] Snapshot extension registration failed   peer=85512e24 err="peer connected on snap without compatible eth support"
INFO [10-06|04:56:21.781] State heal in progress                   accounts=3994@238.11KiB slots=7989@645.19KiB codes=12410@105.37MiB nodes=294,536,659@86.33GiB pending=189,203
INFO [10-06|04:56:30.978] State heal in progress                   accounts=4001@238.47KiB slots=7989@645.19KiB codes=12410@105.37MiB nodes=294,537,050@86.33GiB pending=189,717
WARN [10-06|04:56:32.900] Dropping unsynced node during sync       id=c0ee9f3fbf14acf3 conn=inbound addr=73.168.103.27:48078   type=OpenEthereum/v3.3.0-...
INFO [10-06|04:56:43.321] State heal in progress                   accounts=4006@238.75KiB slots=7989@645.19KiB codes=12410@105.37MiB nodes=294,537,578@86.33GiB pending=190,276
INFO [10-06|04:56:56.786] Imported new block headers               count=1    elapsed=9.872ms   number=13,363,432 hash=de0dfd..951a60 age=1m16s
INFO [10-06|04:56:57.562] Downloader queue stats                   receiptTasks=0   blockTasks=0   itemSize=290.27KiB throttle=904
ERROR[10-06|04:56:57.815] Snapshot extension registration failed   peer=15df0d51 err="peer connected on snap without compatible eth support"
INFO [10-06|04:56:57.901] State heal in progress                   accounts=4017@239.42KiB slots=7989@645.19KiB codes=12410@105.37MiB nodes=294,538,158@86.33GiB pending=191,051
WARN [10-06|04:56:57.902] Unexpected trienode heal packet          peer=8ecd134f reqid=1,928,966,543,950,826,269
WARN [10-06|04:57:00.782] Unexpected trienode heal packet          peer=4f4e7745 reqid=6,122,428,791,612,246,983
INFO [10-06|04:57:11.228] State heal in progress                   accounts=4024@239.79KiB slots=7989@645.19KiB codes=12410@105.37MiB nodes=294,538,710@86.33GiB pending=191,772
INFO [10-06|04:57:11.855] Imported new block headers               count=1    elapsed=7.190ms   number=13,363,433 hash=125af9..882833 age=1m20s
INFO [10-06|04:57:14.875] Imported new block headers               count=1    elapsed=7.327ms   number=13,363,434 hash=08b421..c215ad age=1m19s
INFO [10-06|04:57:20.903] Imported new block headers               count=2    elapsed=7.019ms   number=13,363,436 hash=0b52d1..d41634
INFO [10-06|04:57:22.525] State heal in progress                   accounts=4030@240.05KiB slots=7989@645.19KiB codes=12410@105.37MiB nodes=294,539,197@86.33GiB pending=192,504
INFO [10-06|04:57:26.942] Imported new block headers               count=1    elapsed=9.497ms   number=13,363,437 hash=719663..5b6370
INFO [10-06|04:57:31.621] State heal in progress                   accounts=4033@240.23KiB slots=7989@645.19KiB codes=12410@105.37MiB nodes=294,539,581@86.33GiB pending=192,924
INFO [10-06|04:57:32.969] Imported new block headers               count=1    elapsed=5.970ms   number=13,363,438 hash=22b35a..d1607d
INFO [10-06|04:57:39.619] Imported new block headers               count=1    elapsed=6.200ms   number=13,363,439 hash=45359e..9e2f44
INFO [10-06|04:57:39.851] State heal in progress                   accounts=4037@240.53KiB slots=7989@645.19KiB codes=12410@105.37MiB nodes=294,539,924@86.33GiB pending=193,536
INFO [10-06|04:57:51.211] Imported new block headers               count=2    elapsed=6.249ms   number=13,363,441 hash=56b66a..47d53b
INFO [10-06|04:57:51.232] State heal in progress                   accounts=4041@240.81KiB slots=7989@645.19KiB codes=12410@105.37MiB nodes=294,540,404@86.33GiB pending=194,210
WARN [10-06|04:57:52.340] Unexpected trienode heal packet          peer=18abee8b reqid=409,528,157,725,112,975
INFO [10-06|04:58:01.766] State heal in progress                   accounts=4041@240.81KiB slots=7989@645.19KiB codes=12410@105.37MiB nodes=294,540,806@86.33GiB pending=194,939
WARN [10-06|04:58:01.767] Unexpected trienode heal packet          peer=4f4e7745 reqid=6,398,407,398,427,781,620
WARN [10-06|04:58:01.800] Unexpected trienode heal packet          peer=ba7d03a2 reqid=1,111,919,971,385,912,181
WARN [10-06|04:58:01.840] Unexpected trienode heal packet          peer=9086923e reqid=4,717,735,789,507,951,003
WARN [10-06|04:58:04.666] Unexpected trienode heal packet          peer=d604e921 reqid=2,261,045,627,594,950,171
WARN [10-06|04:58:07.821] Dropping unsynced node during sync       id=c8f947168d90e6c2 conn=dyndial addr=14.2.195.59:30304     type=Geth/v1.10.9-stable-...
INFO [10-06|04:58:09.280] Imported new block headers               count=1    elapsed=7.086ms   number=13,363,442 hash=36cd33..cc02cb
INFO [10-06|04:58:09.604] Downloader queue stats                   receiptTasks=0   blockTasks=0   itemSize=241.33KiB throttle=1087
INFO [10-06|04:58:12.852] State heal in progress                   accounts=4048@241.19KiB slots=7989@645.19KiB codes=12410@105.37MiB nodes=294,541,250@86.33GiB pending=195,536
WARN [10-06|04:58:12.853] Unexpected trienode heal packet          peer=8ecd134f reqid=9,220,269,654,277,227,901
WARN [10-06|04:58:12.854] Unexpected bytecode heal packet          peer=8ecd134f reqid=5,933,384,635,526,158,303
INFO [10-06|04:58:15.308] Imported new block headers               count=1    elapsed=6.205ms   number=13,363,443 hash=787027..850d68
WARN [10-06|04:58:20.412] Unexpected trienode heal packet          peer=2875b082 reqid=21,005,169,509,154,210
INFO [10-06|04:58:22.690] State heal in progress                   accounts=4059@241.72KiB slots=7989@645.19KiB codes=12410@105.37MiB nodes=294,541,672@86.33GiB pending=195,946
WARN [10-06|04:58:22.691] Unexpected trienode heal packet          peer=f5af817a reqid=3,734,000,995,936,361,388
WARN [10-06|04:58:25.669] Unexpected trienode heal packet          peer=5d0a9911 reqid=2,274,199,373,872,667,149
WARN [10-06|04:58:26.521] Unexpected trienode heal packet          peer=43b62607 reqid=4,001,844,000,537,784,163
INFO [10-06|04:58:34.424] State heal in progress                   accounts=4063@241.89KiB slots=7989@645.19KiB codes=12411@105.38MiB nodes=294,542,130@86.33GiB pending=196,627
WARN [10-06|04:58:34.425] Unexpected trienode heal packet          peer=61551118 reqid=839,523,877,792,064,060
WARN [10-06|04:58:34.443] Unexpected trienode heal packet          peer=18abee8b reqid=6,710,919,100,832,729,774
WARN [10-06|04:58:34.454] Unexpected trienode heal packet          peer=9086923e reqid=7,606,740,855,443,067,625
WARN [10-06|04:58:34.473] Unexpected trienode heal packet          peer=ba7d03a2 reqid=1,153,548,522,570,392,682
ERROR[10-06|04:58:36.634] Snapshot extension registration failed   peer=cbd3f861 err="peer connected on snap without compatible eth support"
INFO [10-06|04:58:40.844] Imported new block headers               count=1    elapsed=8.683ms   number=13,363,444 hash=1b0ae7..1eec77
INFO [10-06|04:58:43.315] State heal in progress                   accounts=4134@246.06KiB slots=7989@645.19KiB codes=12411@105.38MiB nodes=294,542,637@86.34GiB pending=197,170
INFO [10-06|04:58:43.868] Imported new block headers               count=1    elapsed=5.657ms   number=13,363,445 hash=58d210..76fceb
INFO [10-06|04:58:46.889] Imported new block headers               count=1    elapsed=7.031ms   number=13,363,446 hash=61c282..1ff7f5
INFO [10-06|04:58:56.273] State heal in progress                   accounts=4199@249.79KiB slots=7989@645.19KiB codes=12411@105.38MiB nodes=294,543,268@86.34GiB pending=197,737
WARN [10-06|04:59:02.434] Unexpected trienode heal packet          peer=5d0a9911 reqid=7,131,198,897,196,039,023
WARN [10-06|04:59:03.425] Unexpected trienode heal packet          peer=ba7d03a2 reqid=5,668,388,531,902,580,727
WARN [10-06|04:59:03.552] Unexpected trienode heal packet          peer=9086923e reqid=288,328,533,460,927,394
INFO [10-06|04:59:07.974] Imported new block headers               count=1    elapsed=6.985ms   number=13,363,447 hash=f02986..0912d7
INFO [10-06|04:59:11.092] Imported new block headers               count=1    elapsed=14.015ms  number=13,363,448 hash=940e05..49a50f
INFO [10-06|04:59:11.207] State heal in progress                   accounts=4278@255.10KiB slots=7989@645.19KiB codes=12411@105.38MiB nodes=294,544,028@86.34GiB pending=198,662
INFO [10-06|04:59:11.652] Downloader queue stats                   receiptTasks=0   blockTasks=0   itemSize=207.45KiB throttle=1264
WARN [10-06|04:59:11.654] Unexpected trienode heal packet          peer=f5af817a reqid=3,945,524,351,770,224,519
WARN [10-06|04:59:12.609] Unexpected trienode heal packet          peer=43b62607 reqid=8,596,002,851,420,721,967
INFO [10-06|04:59:20.065] State heal in progress                   accounts=4296@256.13KiB slots=7989@645.19KiB codes=12411@105.38MiB nodes=294,544,411@86.34GiB pending=199,054
WARN [10-06|04:59:20.066] Unexpected trienode heal packet          peer=4f4e7745 reqid=7,089,431,919,942,392,019
WARN [10-06|04:59:20.069] Unexpected trienode heal packet          peer=18abee8b reqid=5,277,535,712,908,761,549
INFO [10-06|04:59:23.136] Imported new block headers               count=1    elapsed=5.888ms   number=13,363,449 hash=3fe6ec..ca2985
WARN [10-06|04:59:24.440] Unexpected trienode heal packet          peer=61551118 reqid=7,895,210,899,046,914,659
WARN [10-06|04:59:24.479] Unexpected trienode heal packet          peer=d604e921 reqid=6,799,539,896,391,670,076
INFO [10-06|04:59:28.890] State heal in progress                   accounts=4602@272.82KiB slots=7989@645.19KiB codes=12411@105.38MiB nodes=294,545,477@86.34GiB pending=199,354
INFO [10-06|04:59:39.927] State heal in progress                   accounts=4797@283.24KiB slots=7989@645.19KiB codes=12411@105.38MiB nodes=294,546,372@86.34GiB pending=199,905
INFO [10-06|04:59:40.418] Imported new block headers               count=1    elapsed=6.540ms   number=13,363,450 hash=b7e9d4..75148e
INFO [10-06|04:59:48.495] State heal in progress                   accounts=4913@289.31KiB slots=7989@645.19KiB codes=12411@105.38MiB nodes=294,546,959@86.34GiB pending=200,303
INFO [10-06|04:59:57.801] State heal in progress                   accounts=5091@298.68KiB slots=7989@645.19KiB codes=12411@105.38MiB nodes=294,547,775@86.34GiB pending=200,662
INFO [10-06|05:00:02.121] Imported new block headers               count=1    elapsed=6.611ms   number=13,363,451 hash=64d871..be6336
WARN [10-06|05:00:03.305] Unexpected bytecode heal packet          peer=2875b082 reqid=195,273,457,459,174,656
INFO [10-06|05:00:08.102] State heal in progress                   accounts=5300@310.30KiB slots=7989@645.19KiB codes=12411@105.38MiB nodes=294,548,702@86.34GiB pending=201,035
INFO [10-06|05:00:08.389] Imported new block headers               count=1    elapsed=7.012ms   number=13,363,452 hash=ee0efa..7c4da9
INFO [10-06|05:00:11.409] Imported new block headers               count=1    elapsed=6.945ms   number=13,363,453 hash=446fe6..07b48b
INFO [10-06|05:00:11.686] Downloader queue stats                   receiptTasks=0   blockTasks=0   itemSize=188.89KiB throttle=1388
INFO [10-06|05:00:18.240] State heal in progress                   accounts=5429@317.71KiB slots=7992@645.45KiB codes=12411@105.38MiB nodes=294,549,456@86.34GiB pending=202,515
INFO [10-06|05:00:26.692] State heal in progress                   accounts=5884@341.92KiB slots=7995@645.73KiB codes=12412@105.39MiB nodes=294,550,506@86.34GiB pending=202,639
INFO [10-06|05:00:29.476] Imported new block headers               count=1    elapsed=7.074ms   number=13,363,454 hash=d0752f..74e3a5
INFO [10-06|05:00:35.352] State heal in progress                   accounts=6527@379.55KiB slots=8000@646.15KiB codes=12413@105.39MiB nodes=294,552,192@86.34GiB pending=206,132
INFO [10-06|05:00:43.952] State heal in progress                   accounts=6559@381.18KiB slots=8005@646.54KiB codes=12413@105.39MiB nodes=294,552,869@86.34GiB pending=211,559
WARN [10-06|05:00:45.033] Checkpoint challenge timed out, dropping id=3c584fa20ed474b4 conn=inbound addr=88.84.26.40:59166     type=Nethermind/v1.10.79-...