2021-10-06 08:31:37 UTC Syncing #13364345 0xb66f…badd     0.20 blk/s   31.2 tx/s    2.7 Mgas/s      0+   10 Qed Ancient:#12440646 LI:#13364355   17/25 peers      5 MiB chain    3 MiB queue  RPC:  0 conn,    0 req/s,    0 µs
2021-10-06 08:31:42 UTC Syncing #13364345 0xb66f…badd     0.00 blk/s    0.0 tx/s    0.0 Mgas/s      0+   10 Qed Ancient:#12440646 LI:#13364355   20/25 peers      5 MiB chain    3 MiB queue  RPC:  0 conn,    0 req/s,    0 µs
2021-10-06 08:31:51 UTC Reorg to #13364346 0x6909…b88b (0xb66f…badd #13364344 0xb1cc…be0c 0x211f…23b5)
2021-10-06 08:31:54 UTC Syncing #13364345 0xb66f…badd     0.00 blk/s    0.0 tx/s    0.0 Mgas/s      0+   10 Qed Ancient:#12440646 LI:#13364355   20/25 peers      5 MiB chain    3 MiB queue  RPC:  0 conn,    0 req/s,    0 µs
2021-10-06 08:31:54 UTC Syncing #13364346 0x6909…b88b     0.10 blk/s   26.8 tx/s    1.9 Mgas/s      0+    9 Qed Ancient:#12440647 LI:#13364355   21/25 peers      5 MiB chain    3 MiB queue  RPC:  0 conn,    0 req/s,    0 µs
2021-10-06 08:32:02 UTC Syncing #13364347 0x73a1…a3a2     0.20 blk/s   10.6 tx/s    0.6 Mgas/s      0+    9 Qed Ancient:#12440648 LI:#13364356   19/25 peers      5 MiB chain    3 MiB queue  RPC:  0 conn,    0 req/s,    0 µs
2021-10-06 08:32:08 UTC Syncing #13364347 0x73a1…a3a2     0.00 blk/s    0.0 tx/s    0.0 Mgas/s      0+    9 Qed Ancient:#12440648 LI:#13364356   18/25 peers      5 MiB chain    3 MiB queue  RPC:  0 conn,    0 req/s,    0 µs
2021-10-06 08:32:08 UTC Syncing #13364347 0x73a1…a3a2     0.00 blk/s    0.0 tx/s    0.0 Mgas/s      0+    9 Qed Ancient:#12440648 LI:#13364356   18/25 peers      5 MiB chain    3 MiB queue  RPC:  0 conn,    0 req/s,    0 µs
2021-10-06 08:32:12 UTC Syncing #13364347 0x73a1…a3a2     0.00 blk/s    0.0 tx/s    0.0 Mgas/s      0+   10 Qed Ancient:#12440648 LI:#13364357   15/25 peers      5 MiB chain    3 MiB queue  RPC:  0 conn,    0 req/s,    0 µs
2021-10-06 08:32:17 UTC Syncing #13364347 0x73a1…a3a2     0.00 blk/s    0.0 tx/s    0.0 Mgas/s      0+   10 Qed Ancient:#12440648 LI:#13364357   14/25 peers      5 MiB chain    3 MiB queue  RPC:  0 conn,    0 req/s,    0 µs
2021-10-06 08:32:24 UTC Syncing #13364347 0x73a1…a3a2     0.00 blk/s    0.0 tx/s    0.0 Mgas/s      0+   10 Qed Ancient:#12440648 LI:#13364357   15/25 peers      5 MiB chain    3 MiB queue  RPC:  0 conn,    0 req/s,    0 µs
2021-10-06 08:32:28 UTC Syncing #13364348 0xbee6…6e2c     0.20 blk/s   77.6 tx/s    4.8 Mgas/s      0+   10 Qed Ancient:#12440649 LI:#13364358   15/25 peers      5 MiB chain    3 MiB queue  RPC:  0 conn,    0 req/s,    0 µs
2021-10-06 08:32:32 UTC Reorg to #13364350 0x44e5…366f (0x3375…c7f2 #13364348 0xbee6…6e2c 0x962d…2cd1)
2021-10-06 08:32:32 UTC Syncing #13364350 0x44e5…366f     0.60 blk/s  129.2 tx/s    7.8 Mgas/s      0+    7 Qed Ancient:#12440652 LI:#13364359   14/25 peers      6 MiB chain    2 MiB queue  RPC:  0 conn,    0 req/s,    0 µs
2021-10-06 08:32:40 UTC Syncing #13364351 0x258e…6bc6     0.20 blk/s   28.4 tx/s    1.9 Mgas/s      0+    8 Qed Ancient:#12440653 LI:#13364360   14/25 peers      6 MiB chain    1 MiB queue  RPC:  0 conn,    0 req/s,    0 µs
2021-10-06 08:32:45 UTC Syncing #13364353 0xfd73…4a9e     0.40 blk/s   75.2 tx/s    4.4 Mgas/s      0+    6 Qed Ancient:#12440655 LI:#13364360   14/25 peers      6 MiB chain    1 MiB queue  RPC:  0 conn,    0 req/s,    0 µs
2021-10-06 08:32:50 UTC Syncing #13364354 0xb290…b16b     0.20 blk/s   29.0 tx/s    1.6 Mgas/s      0+    5 Qed Ancient:#12440656 LI:#13364360   14/25 peers      6 MiB chain 1023 KiB queue  RPC:  0 conn,    0 req/s,    0 µs
2021-10-06 08:33:43 UTC Imported #13364362 0xaa2d…b2a1 (109 txs, 8.36 Mgas, 2877 ms, 41.50 KiB)
2021-10-06 08:34:50 UTC Syncing #13364362 0xaa2d…b2a1     0.07 blk/s   13.7 tx/s    0.9 Mgas/s      0+    5 Qed Ancient:#12443929 LI:#13364367    2/25 peers      2 MiB chain    1 MiB queue  RPC:  0 conn,    0 req/s,    0 µs
2021-10-06 08:34:50 UTC Syncing #13364362 0xaa2d…b2a1     0.07 blk/s   13.7 tx/s    0.9 Mgas/s      0+    5 Qed Ancient:#12443843 LI:#13364367    4/25 peers     74 MiB chain    1 MiB queue  RPC:  0 conn,    0 req/s,    0 µs
2021-10-06 08:35:21 UTC Syncing #13364362 0xaa2d…b2a1     0.00 blk/s    0.0 tx/s    0.0 Mgas/s      0+    5 Qed Ancient:#12443929 LI:#13364367    2/25 peers      2 MiB chain    1 MiB queue  RPC:  0 conn,    0 req/s,    0 µs
2021-10-06 08:35:29 UTC Syncing #13364362 0xaa2d…b2a1     0.00 blk/s    0.0 tx/s    0.0 Mgas/s      0+    4 Qed Ancient:#12443929 LI:#13364367    0/25 peers      2 MiB chain  709 KiB queue  RPC:  0 conn,    0 req/s,    0 µs
2021-10-06 08:35:32 UTC Syncing #13364362 0xaa2d…b2a1     0.00 blk/s    0.0 tx/s    0.0 Mgas/s      0+    4 Qed Ancient:#12443929 LI:#13364367    0/25 peers      2 MiB chain  709 KiB queue  RPC:  0 conn,    0 req/s,    0 µs
2021-10-06 08:35:37 UTC Syncing #13364362 0xaa2d…b2a1     0.00 blk/s    0.0 tx/s    0.0 Mgas/s      0+    4 Qed Ancient:#12443929 LI:#13364367    0/25 peers      2 MiB chain  709 KiB queue  RPC:  0 conn,    0 req/s,    0 µs
2021-10-06 08:35:42 UTC Syncing #13364362 0xaa2d…b2a1     0.00 blk/s    0.0 tx/s    0.0 Mgas/s      0+    4 Qed Ancient:#12443929 LI:#13364367    0/25 peers      2 MiB chain  709 KiB queue  RPC:  0 conn,    0 req/s,    0 µs
2021-10-06 08:35:47 UTC Syncing #13364362 0xaa2d…b2a1     0.00 blk/s    0.0 tx/s    0.0 Mgas/s      0+    4 Qed Ancient:#12443929 LI:#13364367    0/25 peers      2 MiB chain  709 KiB queue  RPC:  0 conn,    0 req/s,    0 µs
2021-10-06 08:35:52 UTC Syncing #13364362 0xaa2d…b2a1     0.00 blk/s    0.0 tx/s    0.0 Mgas/s      0+    4 Qed Ancient:#12443929 LI:#13364367    0/25 peers      2 MiB chain  709 KiB queue  RPC:  0 conn,    0 req/s,    0 µs
2021-10-06 08:35:57 UTC Syncing #13364362 0xaa2d…b2a1     0.00 blk/s    0.0 tx/s    0.0 Mgas/s      0+    4 Qed Ancient:#12443929 LI:#13364367    0/25 peers      2 MiB chain  709 KiB queue  RPC:  0 conn,    0 req/s,    0 µs
2021-10-06 08:36:04 UTC Syncing #13364362 0xaa2d…b2a1     0.00 blk/s    0.0 tx/s    0.0 Mgas/s      0+    4 Qed Ancient:#12443929 LI:#13364367    0/25 peers      2 MiB chain  709 KiB queue  RPC:  0 conn,    0 req/s,    0 µs
2021-10-06 08:36:12 UTC Syncing #13364363 0xa7f7…9b0a     0.20 blk/s   80.2 tx/s    6.0 Mgas/s      0+    3 Qed Ancient:#12443929 LI:#13364367    2/25 peers      2 MiB chain  358 KiB queue  RPC:  0 conn,    0 req/s,    0 µs
2021-10-06 08:36:12 UTC Syncing #13364363 0xa7f7…9b0a     0.10 blk/s   40.1 tx/s    3.0 Mgas/s      0+    3 Qed Ancient:#12443929 LI:#13364367    2/25 peers      2 MiB chain  358 KiB queue  RPC:  0 conn,    0 req/s,    0 µs
2021-10-06 08:36:15 UTC Could not revert to previous block, last: 13364367 (0x9f61…c413)
2021-10-06 08:36:17 UTC Syncing #13364363 0xa7f7…9b0a     0.00 blk/s    0.0 tx/s    0.0 Mgas/s      0+    3 Qed Ancient:#12443929 LI:#13364363    2/25 peers      2 MiB chain  358 KiB queue  RPC:  0 conn,    0 req/s,    0 µs
2021-10-06 08:36:23 UTC Syncing #13364363 0xa7f7…9b0a     0.00 blk/s    0.0 tx/s    0.0 Mgas/s      0+    3 Qed Ancient:#12443929 LI:#13364363    4/25 peers      4 MiB chain  358 KiB queue  RPC:  0 conn,    0 req/s,    0 µs
2021-10-06 08:36:27 UTC Syncing #13364363 0xa7f7…9b0a     0.00 blk/s    0.0 tx/s    0.0 Mgas/s      0+    8 Qed Ancient:#12443929 LI:#13364372    4/25 peers      6 MiB chain    3 MiB queue  RPC:  0 conn,    0 req/s,    0 µs
2021-10-06 08:36:33 UTC Syncing #13364363 0xa7f7…9b0a     0.00 blk/s    0.0 tx/s    0.0 Mgas/s      0+    8 Qed Ancient:#12443929 LI:#13364372    5/25 peers      6 MiB chain    3 MiB queue  RPC:  0 conn,    0 req/s,    0 µs
2021-10-06 08:36:37 UTC Syncing #13364363 0xa7f7…9b0a     0.00 blk/s    0.0 tx/s    0.0 Mgas/s      0+    9 Qed Ancient:#12443929 LI:#13364373    4/25 peers    104 KiB chain    3 MiB queue  RPC:  0 conn,    0 req/s,    0 µs
2021-10-06 08:36:45 UTC Syncing #13364364 0x0d79…8eb5     0.20 blk/s   48.6 tx/s    4.0 Mgas/s      0+    9 Qed Ancient:#12443930 LI:#13364374    4/25 peers    284 KiB chain    3 MiB queue  RPC:  0 conn,    0 req/s,    0 µs
2021-10-06 08:36:47 UTC Syncing #13364364 0x0d79…8eb5     0.00 blk/s    0.0 tx/s    0.0 Mgas/s      0+    9 Qed Ancient:#12443930 LI:#13364374    3/25 peers    284 KiB chain    3 MiB queue  RPC:  0 conn,    0 req/s,    0 µs
2021-10-06 08:36:52 UTC Syncing #13364365 0x304e…0b0e     0.20 blk/s   10.8 tx/s    1.2 Mgas/s      0+    8 Qed Ancient:#12443931 LI:#13364374    3/25 peers    284 KiB chain    3 MiB queue  RPC:  0 conn,    0 req/s,    0 µs
2021-10-06 08:37:00 UTC Syncing #13364366 0x422e…3a68     0.20 blk/s   21.6 tx/s    1.8 Mgas/s      0+    7 Qed Ancient:#12443932 LI:#13364374    5/25 peers    284 KiB chain    3 MiB queue  RPC:  0 conn,    0 req/s,    0 µs
2021-10-06 08:37:05 UTC Syncing #13364366 0x422e…3a68     0.00 blk/s    0.0 tx/s    0.0 Mgas/s      0+    7 Qed Ancient:#12443932 LI:#13364374    5/25 peers    284 KiB chain    3 MiB queue  RPC:  0 conn,    0 req/s,    0 µs
2021-10-06 08:37:13 UTC Syncing #13364367 0x9f61…c413     0.10 blk/s    9.0 tx/s    0.7 Mgas/s      0+    6 Qed Ancient:#12443934 LI:#13364374    5/25 peers    355 KiB chain    2 MiB queue  RPC:  0 conn,    0 req/s,    0 µs
2021-10-06 08:37:13 UTC Syncing #13364367 0x9f61…c413     0.20 blk/s   18.0 tx/s    1.5 Mgas/s      0+    6 Qed Ancient:#12443934 LI:#13364374    5/25 peers    355 KiB chain    2 MiB queue  RPC:  0 conn,    0 req/s,    0 µs
2021-10-06 08:37:17 UTC Syncing #13364367 0x9f61…c413     0.00 blk/s    0.0 tx/s    0.0 Mgas/s      0+    7 Qed Ancient:#12443934 LI:#13364375    4/25 peers    355 KiB chain    2 MiB queue  RPC:  0 conn,    0 req/s,    0 µs