2021-10-06 08:36:33 UTC Syncing #13364363 0xa7f7…9b0a     0.00 blk/s    0.0 tx/s    0.0 Mgas/s      0+    8 Qed Ancient:#12443929 LI:#13364372    5/25 peers      6 MiB chain    3 MiB queue  RPC:  0 conn,    0 req/s,    0 µs
2021-10-06 08:36:37 UTC Syncing #13364363 0xa7f7…9b0a     0.00 blk/s    0.0 tx/s    0.0 Mgas/s      0+    9 Qed Ancient:#12443929 LI:#13364373    4/25 peers    104 KiB chain    3 MiB queue  RPC:  0 conn,    0 req/s,    0 µs
2021-10-06 08:36:45 UTC Syncing #13364364 0x0d79…8eb5     0.20 blk/s   48.6 tx/s    4.0 Mgas/s      0+    9 Qed Ancient:#12443930 LI:#13364374    4/25 peers    284 KiB chain    3 MiB queue  RPC:  0 conn,    0 req/s,    0 µs
2021-10-06 08:36:47 UTC Syncing #13364364 0x0d79…8eb5     0.00 blk/s    0.0 tx/s    0.0 Mgas/s      0+    9 Qed Ancient:#12443930 LI:#13364374    3/25 peers    284 KiB chain    3 MiB queue  RPC:  0 conn,    0 req/s,    0 µs
2021-10-06 08:36:52 UTC Syncing #13364365 0x304e…0b0e     0.20 blk/s   10.8 tx/s    1.2 Mgas/s      0+    8 Qed Ancient:#12443931 LI:#13364374    3/25 peers    284 KiB chain    3 MiB queue  RPC:  0 conn,    0 req/s,    0 µs
2021-10-06 08:37:00 UTC Syncing #13364366 0x422e…3a68     0.20 blk/s   21.6 tx/s    1.8 Mgas/s      0+    7 Qed Ancient:#12443932 LI:#13364374    5/25 peers    284 KiB chain    3 MiB queue  RPC:  0 conn,    0 req/s,    0 µs
2021-10-06 08:37:05 UTC Syncing #13364366 0x422e…3a68     0.00 blk/s    0.0 tx/s    0.0 Mgas/s      0+    7 Qed Ancient:#12443932 LI:#13364374    5/25 peers    284 KiB chain    3 MiB queue  RPC:  0 conn,    0 req/s,    0 µs
2021-10-06 08:37:13 UTC Syncing #13364367 0x9f61…c413     0.10 blk/s    9.0 tx/s    0.7 Mgas/s      0+    6 Qed Ancient:#12443934 LI:#13364374    5/25 peers    355 KiB chain    2 MiB queue  RPC:  0 conn,    0 req/s,    0 µs
2021-10-06 08:37:13 UTC Syncing #13364367 0x9f61…c413     0.20 blk/s   18.0 tx/s    1.5 Mgas/s      0+    6 Qed Ancient:#12443934 LI:#13364374    5/25 peers    355 KiB chain    2 MiB queue  RPC:  0 conn,    0 req/s,    0 µs
2021-10-06 08:37:17 UTC Syncing #13364367 0x9f61…c413     0.00 blk/s    0.0 tx/s    0.0 Mgas/s      0+    7 Qed Ancient:#12443934 LI:#13364375    4/25 peers    355 KiB chain    2 MiB queue  RPC:  0 conn,    0 req/s,    0 µs
2021-10-06 08:37:24 UTC Syncing #13364367 0x9f61…c413     0.00 blk/s    0.0 tx/s    0.0 Mgas/s      0+    7 Qed Ancient:#12443934 LI:#13364375    4/25 peers    355 KiB chain    2 MiB queue  RPC:  0 conn,    0 req/s,    0 µs
2021-10-06 08:37:28 UTC Syncing #13364367 0x9f61…c413     0.00 blk/s    0.0 tx/s    0.0 Mgas/s      0+    7 Qed Ancient:#12443934 LI:#13364375    5/25 peers    355 KiB chain    2 MiB queue  RPC:  0 conn,    0 req/s,    0 µs
2021-10-06 08:37:33 UTC Syncing #13364368 0xa8cf…7d60     0.20 blk/s   70.2 tx/s    5.9 Mgas/s      0+    6 Qed Ancient:#12443935 LI:#13364375    5/25 peers    495 KiB chain    2 MiB queue  RPC:  0 conn,    0 req/s,    0 µs
2021-10-06 08:37:37 UTC Syncing #13364368 0xa8cf…7d60     0.00 blk/s    0.0 tx/s    0.0 Mgas/s      0+    7 Qed Ancient:#12443935 LI:#13364376    7/25 peers    495 KiB chain    2 MiB queue  RPC:  0 conn,    0 req/s,    0 µs
2021-10-06 08:37:43 UTC Syncing #13364368 0xa8cf…7d60     0.00 blk/s    0.0 tx/s    0.0 Mgas/s      0+    7 Qed Ancient:#12443935 LI:#13364376    9/25 peers    495 KiB chain    2 MiB queue  RPC:  0 conn,    0 req/s,    0 µs
2021-10-06 08:37:47 UTC Syncing #13364368 0xa8cf…7d60     0.00 blk/s    0.0 tx/s    0.0 Mgas/s      0+    9 Qed Ancient:#12443935 LI:#13364378   11/25 peers    780 KiB chain    3 MiB queue  RPC:  0 conn,    0 req/s,    0 µs
2021-10-06 08:37:52 UTC Syncing #13364368 0xa8cf…7d60     0.00 blk/s    0.0 tx/s    0.0 Mgas/s      0+    9 Qed Ancient:#12443935 LI:#13364378   15/25 peers    971 KiB chain    3 MiB queue  RPC:  0 conn,    0 req/s,    0 µs
2021-10-06 08:37:58 UTC Syncing #13364368 0xa8cf…7d60     0.00 blk/s    0.0 tx/s    0.0 Mgas/s      0+   10 Qed Ancient:#12443935 LI:#13364379   15/25 peers    971 KiB chain    3 MiB queue  RPC:  0 conn,    0 req/s,    0 µs
2021-10-06 08:38:03 UTC Syncing #13364369 0x9876…1c78     0.20 blk/s   84.4 tx/s    6.0 Mgas/s      0+    9 Qed Ancient:#12443936 LI:#13364379   17/25 peers    972 KiB chain    2 MiB queue  RPC:  0 conn,    0 req/s,    0 µs
2021-10-06 08:38:14 UTC Syncing #13364369 0x9876…1c78     0.00 blk/s    0.0 tx/s    0.0 Mgas/s      0+    9 Qed Ancient:#12443936 LI:#13364379   18/25 peers    972 KiB chain    2 MiB queue  RPC:  0 conn,    0 req/s,    0 µs
2021-10-06 08:38:14 UTC Syncing #13364369 0x9876…1c78     0.00 blk/s    0.0 tx/s    0.0 Mgas/s      0+    9 Qed Ancient:#12443936 LI:#13364379   18/25 peers    972 KiB chain    2 MiB queue  RPC:  0 conn,    0 req/s,    0 µs
2021-10-06 08:38:17 UTC Syncing #13364369 0x9876…1c78     0.00 blk/s    0.0 tx/s    0.0 Mgas/s      0+   11 Qed Ancient:#12443936 LI:#13364381   15/25 peers    972 KiB chain    3 MiB queue  RPC:  0 conn,    0 req/s,    0 µs
2021-10-06 08:38:23 UTC Syncing #13364369 0x9876…1c78     0.00 blk/s    0.0 tx/s    0.0 Mgas/s      0+   11 Qed Ancient:#12443936 LI:#13364381   17/25 peers    972 KiB chain    3 MiB queue  RPC:  0 conn,    0 req/s,    0 µs
2021-10-06 08:38:28 UTC Syncing #13364369 0x9876…1c78     0.00 blk/s    0.0 tx/s    0.0 Mgas/s      0+   12 Qed Ancient:#12443936 LI:#13364382   17/25 peers    972 KiB chain    3 MiB queue  RPC:  0 conn,    0 req/s,    0 µs
2021-10-06 08:38:39 UTC Syncing #13364371 0x74bd…7369     0.20 blk/s   51.0 tx/s    4.0 Mgas/s      0+   10 Qed Ancient:#12443939 LI:#13364382   17/25 peers      1 MiB chain    3 MiB queue  RPC:  0 conn,    0 req/s,    0 µs
2021-10-06 08:38:39 UTC Syncing #13364370 0x1043…08ab     0.20 blk/s   74.8 tx/s    6.0 Mgas/s      0+   11 Qed Ancient:#12443937 LI:#13364382   17/25 peers    972 KiB chain    3 MiB queue  RPC:  0 conn,    0 req/s,    0 µs
2021-10-06 08:38:46 UTC Syncing #13364372 0x720f…6580     0.40 blk/s   36.2 tx/s    2.7 Mgas/s      0+   10 Qed Ancient:#12443940 LI:#13364383   14/25 peers      1 MiB chain    3 MiB queue  RPC:  0 conn,    0 req/s,    0 µs
2021-10-06 08:38:51 UTC Syncing #13364372 0x720f…6580     0.00 blk/s    0.0 tx/s    0.0 Mgas/s      0+   10 Qed Ancient:#12443940 LI:#13364383   14/25 peers      1 MiB chain    3 MiB queue  RPC:  0 conn,    0 req/s,    0 µs
2021-10-06 08:38:56 UTC Syncing #13364373 0xa6dd…9280     0.20 blk/s   29.8 tx/s    2.3 Mgas/s      0+    9 Qed Ancient:#12443941 LI:#13364383   13/25 peers      1 MiB chain    3 MiB queue  RPC:  0 conn,    0 req/s,    0 µs
2021-10-06 08:38:57 UTC Syncing #13364374 0x35eb…17b8     0.20 blk/s   14.2 tx/s    0.8 Mgas/s      0+    8 Qed Ancient:#12443942 LI:#13364383   13/25 peers      1 MiB chain    2 MiB queue  RPC:  0 conn,    0 req/s,    0 µs
2021-10-06 08:39:03 UTC Syncing #13364374 0x35eb…17b8     0.00 blk/s    0.0 tx/s    0.0 Mgas/s      0+    9 Qed Ancient:#12443942 LI:#13364384   13/25 peers      1 MiB chain    3 MiB queue  RPC:  0 conn,    0 req/s,    0 µs
2021-10-06 08:39:07 UTC Syncing #13364374 0x35eb…17b8     0.00 blk/s    0.0 tx/s    0.0 Mgas/s      0+   12 Qed Ancient:#12443942 LI:#13364387   12/25 peers      1 MiB chain    3 MiB queue  RPC:  0 conn,    0 req/s,    0 µs
2021-10-06 08:39:12 UTC Syncing #13364374 0x35eb…17b8     0.00 blk/s    0.0 tx/s    0.0 Mgas/s      0+   12 Qed Ancient:#12443942 LI:#13364387   11/25 peers      1 MiB chain    3 MiB queue  RPC:  0 conn,    0 req/s,    0 µs
2021-10-06 08:39:17 UTC Syncing #13364374 0x35eb…17b8     0.00 blk/s    0.0 tx/s    0.0 Mgas/s      0+   12 Qed Ancient:#12443942 LI:#13364387   10/25 peers      1 MiB chain    3 MiB queue  RPC:  0 conn,    0 req/s,    0 µs
2021-10-06 08:39:22 UTC Syncing #13364374 0x35eb…17b8     0.00 blk/s    0.0 tx/s    0.0 Mgas/s      0+   12 Qed Ancient:#12443942 LI:#13364387   12/25 peers      1 MiB chain    3 MiB queue  RPC:  0 conn,    0 req/s,    0 µs
2021-10-06 08:39:27 UTC Syncing #13364374 0x35eb…17b8     0.00 blk/s    0.0 tx/s    0.0 Mgas/s      0+   12 Qed Ancient:#12443942 LI:#13364387   12/25 peers      1 MiB chain    3 MiB queue  RPC:  0 conn,    0 req/s,    0 µs
2021-10-06 08:39:32 UTC Syncing #13364375 0x3e08…2e3a     0.20 blk/s   93.0 tx/s    6.0 Mgas/s      0+   11 Qed Ancient:#12443945 LI:#13364387   12/25 peers      1 MiB chain    3 MiB queue  RPC:  0 conn,    0 req/s,    0 µs
2021-10-06 08:39:37 UTC Syncing #13364375 0x3e08…2e3a     0.00 blk/s    0.0 tx/s    0.0 Mgas/s      0+   11 Qed Ancient:#12443945 LI:#13364387   12/25 peers      1 MiB chain    3 MiB queue  RPC:  0 conn,    0 req/s,    0 µs
2021-10-06 08:39:42 UTC Syncing #13364375 0x3e08…2e3a     0.00 blk/s    0.0 tx/s    0.0 Mgas/s      0+   11 Qed Ancient:#12443945 LI:#13364387   10/25 peers      1 MiB chain    3 MiB queue  RPC:  0 conn,    0 req/s,    0 µs
2021-10-06 08:39:47 UTC Syncing #13364375 0x3e08…2e3a     0.00 blk/s    0.0 tx/s    0.0 Mgas/s      0+   11 Qed Ancient:#12443945 LI:#13364387   10/25 peers      1 MiB chain    3 MiB queue  RPC:  0 conn,    0 req/s,    0 µs
2021-10-06 08:39:56 UTC Syncing #13364376 0x009b…047a     0.20 blk/s   68.4 tx/s    5.1 Mgas/s      0+   10 Qed Ancient:#12443946 LI:#13364387    6/25 peers      1 MiB chain    2 MiB queue  RPC:  0 conn,    0 req/s,    0 µs
2021-10-06 08:40:01 UTC Syncing #13364377 0xf39d…5631     0.20 blk/s   14.4 tx/s    1.2 Mgas/s      0+   10 Qed Ancient:#12443947 LI:#13364388    6/25 peers      1 MiB chain    3 MiB queue  RPC:  0 conn,    0 req/s,    0 µs
2021-10-06 08:40:06 UTC Syncing #13364378 0xdc67…109b     0.20 blk/s   10.8 tx/s    0.9 Mgas/s      0+    9 Qed Ancient:#12443948 LI:#13364388    6/25 peers      1 MiB chain    3 MiB queue  RPC:  0 conn,    0 req/s,    0 µs
2021-10-06 08:40:08 UTC Syncing #13364378 0xdc67…109b     0.00 blk/s    0.0 tx/s    0.0 Mgas/s      0+    9 Qed Ancient:#12443948 LI:#13364388    6/25 peers      1 MiB chain    3 MiB queue  RPC:  0 conn,    0 req/s,    0 µs
2021-10-06 08:40:18 UTC Syncing #13364379 0xb8bd…139c     0.20 blk/s   14.0 tx/s    1.1 Mgas/s      0+    8 Qed Ancient:#12443949 LI:#13364388    8/25 peers      1 MiB chain    2 MiB queue  RPC:  0 conn,    0 req/s,    0 µs
2021-10-06 08:40:18 UTC Syncing #13364379 0xb8bd…139c     0.10 blk/s    7.0 tx/s    0.6 Mgas/s      0+    8 Qed Ancient:#12443949 LI:#13364388    8/25 peers      1 MiB chain    2 MiB queue  RPC:  0 conn,    0 req/s,    0 µs
2021-10-06 08:40:22 UTC Syncing #13364379 0xb8bd…139c     0.00 blk/s    0.0 tx/s    0.0 Mgas/s      0+    8 Qed Ancient:#12443949 LI:#13364388    9/25 peers      1 MiB chain    2 MiB queue  RPC:  0 conn,    0 req/s,    0 µs
2021-10-06 08:40:27 UTC Syncing #13364379 0xb8bd…139c     0.00 blk/s    0.0 tx/s    0.0 Mgas/s      0+    8 Qed Ancient:#12443949 LI:#13364388   10/25 peers      1 MiB chain    2 MiB queue  RPC:  0 conn,    0 req/s,    0 µs
2021-10-06 08:40:41 UTC Syncing #13364380 0xa91d…7ea1     0.10 blk/s   24.3 tx/s    2.0 Mgas/s      0+    7 Qed Ancient:#12443950 LI:#13364388   10/25 peers      2 MiB chain    2 MiB queue  RPC:  0 conn,    0 req/s,    0 µs
2021-10-06 08:40:41 UTC Syncing #13364380 0xa91d…7ea1     0.20 blk/s   48.6 tx/s    4.1 Mgas/s      0+    7 Qed Ancient:#12443950 LI:#13364388   10/25 peers      2 MiB chain    2 MiB queue  RPC:  0 conn,    0 req/s,    0 µs
2021-10-06 08:40:42 UTC Syncing #13364380 0xa91d…7ea1     0.00 blk/s    0.0 tx/s    0.0 Mgas/s      0+    7 Qed Ancient:#12443950 LI:#13364388   10/25 peers      2 MiB chain    2 MiB queue  RPC:  0 conn,    0 req/s,    0 µs
2021-10-06 08:40:51 UTC Syncing #13364381 0x11f8…d6af     0.20 blk/s   26.2 tx/s    2.7 Mgas/s      0+    6 Qed Ancient:#12443951 LI:#13364388   10/25 peers      2 MiB chain    2 MiB queue  RPC:  0 conn,    0 req/s,    0 µs
2021-10-06 08:40:56 UTC Syncing #13364382 0x11ee…41d7     0.20 blk/s   21.0 tx/s    2.3 Mgas/s      0+    6 Qed Ancient:#12443951 LI:#13364388    7/25 peers      2 MiB chain    2 MiB queue  RPC:  0 conn,    0 req/s,    0 µs
2021-10-06 08:40:57 UTC Syncing #13364382 0x11ee…41d7     0.00 blk/s    0.0 tx/s    0.0 Mgas/s      0+    5 Qed Ancient:#12443952 LI:#13364388    7/25 peers      2 MiB chain    1 MiB queue  RPC:  0 conn,    0 req/s,    0 µs
2021-10-06 08:41:02 UTC Syncing #13364382 0x11ee…41d7     0.00 blk/s    0.0 tx/s    0.0 Mgas/s      0+    5 Qed Ancient:#12443952 LI:#13364388   11/25 peers      2 MiB chain    1 MiB queue  RPC:  0 conn,    0 req/s,    0 µs
2021-10-06 08:41:30 UTC Syncing #13364383 0x5864…5e8d     0.04 blk/s    3.6 tx/s    0.3 Mgas/s      0+    7 Qed Ancient:#12443953 LI:#13364391   13/25 peers      2 MiB chain    2 MiB queue  RPC:  0 conn,    0 req/s,    0 µs
2021-10-06 08:41:38 UTC Syncing #13364383 0x5864…5e8d     0.00 blk/s    0.0 tx/s    0.0 Mgas/s      0+    7 Qed Ancient:#12443953 LI:#13364391   12/25 peers      2 MiB chain    2 MiB queue  RPC:  0 conn,    0 req/s,    0 µs
2021-10-06 08:41:47 UTC Syncing #13364384 0xa111…3b37     0.19 blk/s   63.5 tx/s    5.7 Mgas/s      0+    7 Qed Ancient:#12444051 LI:#13364391   12/25 peers      5 MiB chain    2 MiB queue  RPC:  0 conn,    0 req/s,    0 µs
2021-10-06 08:41:47 UTC Syncing #13364384 0xa111…3b37     0.00 blk/s    0.0 tx/s    0.0 Mgas/s      0+    7 Qed Ancient:#12444139 LI:#13364391   12/25 peers      5 MiB chain    2 MiB queue  RPC:  0 conn,    0 req/s,    0 µs
2021-10-06 08:41:58 UTC Syncing #13364385 0x8a89…dc1e     0.19 blk/s   15.8 tx/s    1.1 Mgas/s      0+    7 Qed Ancient:#12444141 LI:#13364393   11/25 peers      5 MiB chain    2 MiB queue  RPC:  0 conn,    0 req/s,    0 µs
2021-10-06 08:41:58 UTC Syncing #13364386 0xf6f3…97f8     0.16 blk/s    6.3 tx/s    0.6 Mgas/s      0+    6 Qed Ancient:#12444142 LI:#13364393   10/25 peers      5 MiB chain    2 MiB queue  RPC:  0 conn,    0 req/s,    0 µs
2021-10-06 08:42:10 UTC Syncing #13364386 0xf6f3…97f8     0.00 blk/s    0.0 tx/s    0.0 Mgas/s      0+    6 Qed Ancient:#12444142 LI:#13364393    9/25 peers      5 MiB chain    2 MiB queue  RPC:  0 conn,    0 req/s,    0 µs
2021-10-06 08:42:10 UTC Syncing #13364387 0x1143…5cd0     0.13 blk/s    9.8 tx/s    0.8 Mgas/s      0+    5 Qed Ancient:#12444143 LI:#13364393    9/25 peers      5 MiB chain    2 MiB queue  RPC:  0 conn,    0 req/s,    0 µs
2021-10-06 08:42:15 UTC Syncing #13364387 0x1143…5cd0     0.00 blk/s    0.0 tx/s    0.0 Mgas/s      0+    5 Qed Ancient:#12444143 LI:#13364393    7/25 peers      5 MiB chain    2 MiB queue  RPC:  0 conn,    0 req/s,    0 µs
2021-10-06 08:42:17 UTC Syncing #13364387 0x1143…5cd0     0.00 blk/s    0.0 tx/s    0.0 Mgas/s      0+    5 Qed Ancient:#12444143 LI:#13364393    6/25 peers      5 MiB chain    2 MiB queue  RPC:  0 conn,    0 req/s,    0 µs