2021-10-08 02:56:57 UTC Syncing #13375631 0xb3ac…c63d     0.10 blk/s    5.5 tx/s    0.4 Mgas/s      0+   34 Qed Ancient:#12957971 LI:#13375665   13/25 peers      4 MiB chain   10 MiB queue  RPC:  0 conn,    0 req/s,    0 µs
2021-10-08 02:56:57 UTC Syncing #13375631 0xb3ac…c63d     0.20 blk/s   11.0 tx/s    0.8 Mgas/s      0+   34 Qed Ancient:#12957971 LI:#13375665   13/25 peers      4 MiB chain   10 MiB queue  RPC:  0 conn,    0 req/s,    0 µs
2021-10-08 02:57:00 UTC Syncing #13375631 0xb3ac…c63d     0.00 blk/s    0.0 tx/s    0.0 Mgas/s      0+   35 Qed Ancient:#12957971 LI:#13375666   13/25 peers      4 MiB chain   10 MiB queue  RPC:  0 conn,    0 req/s,    0 µs
2021-10-08 02:57:17 UTC Syncing #13375632 0x2a36…e423     0.10 blk/s   57.0 tx/s    3.0 Mgas/s      0+   34 Qed Ancient:#12957972 LI:#13375666   13/25 peers      4 MiB chain   10 MiB queue  RPC:  0 conn,    0 req/s,    0 µs
2021-10-08 02:57:17 UTC Syncing #13375632 0x2a36…e423     0.00 blk/s    0.0 tx/s    0.0 Mgas/s      0+   34 Qed Ancient:#12957972 LI:#13375666   13/25 peers      4 MiB chain   10 MiB queue  RPC:  0 conn,    0 req/s,    0 µs
2021-10-08 02:57:17 UTC Syncing #13375632 0x2a36…e423     0.20 blk/s  114.0 tx/s    6.0 Mgas/s      0+   34 Qed Ancient:#12957972 LI:#13375666   13/25 peers      4 MiB chain   10 MiB queue  RPC:  0 conn,    0 req/s,    0 µs
2021-10-08 02:57:20 UTC Syncing #13375632 0x2a36…e423     0.00 blk/s    0.0 tx/s    0.0 Mgas/s      0+   35 Qed Ancient:#12957972 LI:#13375667    9/25 peers      4 MiB chain   10 MiB queue  RPC:  0 conn,    0 req/s,    0 µs
2021-10-08 02:57:25 UTC Syncing #13375632 0x2a36…e423     0.00 blk/s    0.0 tx/s    0.0 Mgas/s      0+   35 Qed Ancient:#12957972 LI:#13375667    8/25 peers      4 MiB chain   10 MiB queue  RPC:  0 conn,    0 req/s,    0 µs
2021-10-08 02:57:30 UTC Syncing #13375632 0x2a36…e423     0.00 blk/s    0.0 tx/s    0.0 Mgas/s      0+   35 Qed Ancient:#12957972 LI:#13375667   12/25 peers      4 MiB chain   10 MiB queue  RPC:  0 conn,    0 req/s,    0 µs
2021-10-08 02:57:35 UTC Syncing #13375632 0x2a36…e423     0.00 blk/s    0.0 tx/s    0.0 Mgas/s      0+   35 Qed Ancient:#12957972 LI:#13375667   12/25 peers      4 MiB chain   10 MiB queue  RPC:  0 conn,    0 req/s,    0 µs
2021-10-08 02:57:40 UTC Syncing #13375632 0x2a36…e423     0.00 blk/s    0.0 tx/s    0.0 Mgas/s      0+   36 Qed Ancient:#12957972 LI:#13375668   13/25 peers      4 MiB chain   11 MiB queue  RPC:  0 conn,    0 req/s,    0 µs
2021-10-08 02:57:46 UTC Syncing #13375632 0x2a36…e423     0.00 blk/s    0.0 tx/s    0.0 Mgas/s      0+   36 Qed Ancient:#12957972 LI:#13375668   15/25 peers      4 MiB chain   11 MiB queue  RPC:  0 conn,    0 req/s,    0 µs
2021-10-08 02:57:47 UTC Panic occured, see stderr for details


====================

   0: panic_hook::set_with::{{closure}}
   1: std::panicking::rust_panic_with_hook
             at /rustc/2fd73fabe469357a12c2c974c140f67e7cdd76d0/library/std/src/panicking.rs:595:17
   2: std::panicking::begin_panic_handler::{{closure}}
             at /rustc/2fd73fabe469357a12c2c974c140f67e7cdd76d0/library/std/src/panicking.rs:497:13
   3: std::sys_common::backtrace::__rust_end_short_backtrace
             at /rustc/2fd73fabe469357a12c2c974c140f67e7cdd76d0/library/std/src/sys_common/backtrace.rs:141:18
   4: rust_begin_unwind
             at /rustc/2fd73fabe469357a12c2c974c140f67e7cdd76d0/library/std/src/panicking.rs:493:5
   5: core::panicking::panic_fmt
             at /rustc/2fd73fabe469357a12c2c974c140f67e7cdd76d0/library/core/src/panicking.rs:92:14
   6: core::option::expect_none_failed
             at /rustc/2fd73fabe469357a12c2c974c140f67e7cdd76d0/library/core/src/option.rs:1300:5
   7: <ethcore_network_devp2p::host::Host as ethcore_io::IoHandler<ethcore_network::NetworkIoMessage>>::update_stream
   8: mio::deprecated::event_loop::EventLoop<H>::run
   9: std::sys_common::backtrace::__rust_begin_short_backtrace
  10: core::ops::function::FnOnce::call_once{{vtable.shim}}
  11: <alloc::boxed::Box<F,A> as core::ops::function::FnOnce<Args>>::call_once
             at /rustc/2fd73fabe469357a12c2c974c140f67e7cdd76d0/library/alloc/src/boxed.rs:1521:9
      <alloc::boxed::Box<F,A> as core::ops::function::FnOnce<Args>>::call_once
             at /rustc/2fd73fabe469357a12c2c974c140f67e7cdd76d0/library/alloc/src/boxed.rs:1521:9
      std::sys::unix::thread::Thread::new::thread_start
             at /rustc/2fd73fabe469357a12c2c974c140f67e7cdd76d0/library/std/src/sys/unix/thread.rs:71:17
  12: start_thread
  13: __clone


Thread '<unnamed>' panicked at 'Error reregistering UDP socket: Os { code: 2, kind: NotFound, message: "No such file or directory" }', crates/net/network-devp2p/src/host.rs:1425

This is a bug. Please report it at:

    https://github.com/openethereum/openethereum/issues/new


2021-10-08 02:57:47 UTC Finishing work, please wait...
2021-10-08 02:58:13 UTC Syncing #13375633 0x6b52…6b05     0.20 blk/s   52.2 tx/s    6.0 Mgas/s      0+   35 Qed Ancient:#12957973 LI:#13375668   15/25 peers      4 MiB chain   10 MiB queue  RPC:  0 conn,    0 req/s,    0 µs
2021-10-08 02:58:13 UTC Syncing #13375634 0x7664…b167     0.20 blk/s   55.8 tx/s    4.9 Mgas/s      0+   35 Qed Ancient:#12957976 LI:#13375668   15/25 peers      4 MiB chain   10 MiB queue  RPC:  0 conn,    0 req/s,    0 µs
2021-10-08 02:58:13 UTC Syncing #13375634 0x7664…b167     0.07 blk/s   20.2 tx/s    1.8 Mgas/s      0+   35 Qed Ancient:#12957976 LI:#13375668   15/25 peers      4 MiB chain   10 MiB queue  RPC:  0 conn,    0 req/s,    0 µs
2021-10-08 02:58:13 UTC Syncing #13375634 0x7664…b167     0.13 blk/s   37.2 tx/s    3.2 Mgas/s      0+   35 Qed Ancient:#12957976 LI:#13375668   15/25 peers      4 MiB chain   10 MiB queue  RPC:  0 conn,    0 req/s,    0 µs
2021-10-08 02:58:19 UTC Error on IO service shutdown: NotifyError::Full(..)
Error: 1