WARN [10-08|02:30:58.179] Unexpected trienode heal packet          peer=6df3eddf reqid=6,507,159,416,429,943,259
WARN [10-08|02:30:58.181] Unexpected trienode heal packet          peer=d5e1821e reqid=7,157,620,216,008,894,108
WARN [10-08|02:30:58.195] Unexpected trienode heal packet          peer=b68a0839 reqid=4,107,684,652,920,069,613
WARN [10-08|02:30:58.219] Unexpected trienode heal packet          peer=34d6bd73 reqid=8,572,374,386,199,397,411
WARN [10-08|02:30:58.250] Unexpected trienode heal packet          peer=5ba6086d reqid=1,467,228,394,027,406,812
INFO [10-08|02:31:05.766] Imported new block headers               count=1    elapsed=8.596ms   number=13,375,555 hash=c4cf41..23506b
INFO [10-08|02:31:05.864] Downloader queue stats                   receiptTasks=0  blockTasks=0   itemSize=234.55KiB throttle=1118
INFO [10-08|02:31:10.166] State heal in progress                   accounts=11242@572.09KiB slots=76847@5.92MiB    codes=12808@108.69MiB nodes=306,360,170@90.23GiB pending=71733
WARN [10-08|02:31:10.359] Unexpected trienode heal packet          peer=0a592fa0 reqid=4,319,635,645,583,550,616
INFO [10-08|02:31:21.581] State heal in progress                   accounts=11350@577.99KiB slots=76848@5.92MiB    codes=12808@108.69MiB nodes=306,360,798@90.23GiB pending=72099
WARN [10-08|02:31:29.381] Unexpected trienode heal packet          peer=8ef6d1fe reqid=6,249,785,114,795,096,384
INFO [10-08|02:31:29.715] State heal in progress                   accounts=11423@581.86KiB slots=76848@5.92MiB    codes=12808@108.69MiB nodes=306,361,245@90.24GiB pending=72330
WARN [10-08|02:31:29.716] Unexpected trienode heal packet          peer=766a3d9d reqid=3,955,843,822,055,585,098
WARN [10-08|02:31:29.778] Unexpected trienode heal packet          peer=31e47659 reqid=1,985,847,862,221,812,245
INFO [10-08|02:31:30.847] Imported new block headers               count=1    elapsed=9.325ms   number=13,375,556 hash=9d78aa..0b4d9f age=1m15s
WARN [10-08|02:31:34.513] Unexpected trienode heal packet          peer=1d585e7c reqid=6,570,945,102,781,633,597
WARN [10-08|02:31:34.887] Unexpected trienode heal packet          peer=0c13ed86 reqid=1,995,350,315,797,457,469
WARN [10-08|02:31:35.188] Unexpected trienode heal packet          peer=b68a0839 reqid=969,252,974,422,497,618
WARN [10-08|02:31:35.358] Unexpected trienode heal packet          peer=6df3eddf reqid=4,100,467,496,047,849,934
WARN [10-08|02:31:35.807] Unexpected trienode heal packet          peer=b4fd376f reqid=7,487,850,496,873,268,923
WARN [10-08|02:31:35.914] Unexpected trienode heal packet          peer=4d4acdf1 reqid=7,550,344,372,250,555,127
WARN [10-08|02:31:36.050] Unexpected trienode heal packet          peer=34d6bd73 reqid=2,395,056,345,287,348,504
WARN [10-08|02:31:36.334] Unexpected trienode heal packet          peer=0a592fa0 reqid=854,292,158,354,799,739
WARN [10-08|02:31:36.379] Unexpected trienode heal packet          peer=81e8669c reqid=4,943,874,054,946,952,093
INFO [10-08|02:31:42.583] State heal in progress                   accounts=11529@587.47KiB slots=76850@5.92MiB    codes=12808@108.69MiB nodes=306,361,933@90.24GiB pending=72761
WARN [10-08|02:31:42.584] Unexpected trienode heal packet          peer=8ef6d1fe reqid=8,604,763,647,765,548,662
WARN [10-08|02:31:42.619] Unexpected trienode heal packet          peer=a2fd1bf1 reqid=2,196,569,896,963,396,417
WARN [10-08|02:31:42.694] Unexpected trienode heal packet          peer=766a3d9d reqid=1,295,652,821,961,210,823
WARN [10-08|02:31:42.709] Unexpected trienode heal packet          peer=31e47659 reqid=1,003,909,503,548,843,491
WARN [10-08|02:31:42.719] Unexpected trienode heal packet          peer=1d585e7c reqid=5,355,799,312,037,241,381
WARN [10-08|02:31:42.743] Unexpected trienode heal packet          peer=d5e1821e reqid=1,630,151,379,897,456,157
WARN [10-08|02:31:42.797] Unexpected trienode heal packet          peer=0c13ed86 reqid=3,679,815,324,368,708,221
WARN [10-08|02:31:42.812] Unexpected trienode heal packet          peer=b68a0839 reqid=4,407,829,431,168,350,056
WARN [10-08|02:31:42.816] Unexpected trienode heal packet          peer=6df3eddf reqid=7,218,723,617,431,404,176
WARN [10-08|02:31:42.816] Unexpected trienode heal packet          peer=b4fd376f reqid=8,354,574,001,909,151,334
WARN [10-08|02:31:42.866] Unexpected trienode heal packet          peer=4d4acdf1 reqid=2,886,686,385,642,856,924
INFO [10-08|02:31:50.699] State heal in progress                   accounts=11607@591.72KiB slots=76853@5.92MiB    codes=12808@108.69MiB nodes=306,362,406@90.24GiB pending=73172
INFO [10-08|02:32:00.358] State heal in progress                   accounts=11725@598.19KiB slots=76858@5.92MiB    codes=12808@108.69MiB nodes=306,362,986@90.24GiB pending=73447
INFO [10-08|02:32:11.392] State heal in progress                   accounts=11835@604.30KiB slots=76861@5.92MiB    codes=12808@108.69MiB nodes=306,363,599@90.24GiB pending=73871
WARN [10-08|02:32:11.393] Unexpected trienode heal packet          peer=b68a0839 reqid=7,130,562,744,807,991,899
INFO [10-08|02:32:11.423] Imported new block headers               count=1    elapsed=7.754ms   number=13,375,557 hash=583c8f..441d32 age=1m49s
INFO [10-08|02:32:11.901] Downloader queue stats                   receiptTasks=0  blockTasks=0   itemSize=271.63KiB throttle=966
INFO [10-08|02:32:21.130] State heal in progress                   accounts=12018@614.58KiB slots=76872@5.92MiB    codes=12808@108.69MiB nodes=306,364,270@90.24GiB pending=74277
WARN [10-08|02:32:21.586] Unexpected trienode heal packet          peer=0c13ed86 reqid=7,677,602,152,461,415,476
INFO [10-08|02:32:30.288] State heal in progress                   accounts=12155@621.88KiB slots=76877@5.92MiB    codes=12808@108.69MiB nodes=306,364,904@90.24GiB pending=74559
WARN [10-08|02:32:34.437] Unexpected trienode heal packet          peer=b68a0839 reqid=7,647,173,799,006,282,931
WARN [10-08|02:32:34.538] Unexpected trienode heal packet          peer=8ef6d1fe reqid=1,029,410,487,654,102,503
WARN [10-08|02:32:34.734] Unexpected trienode heal packet          peer=766a3d9d reqid=8,029,991,864,288,850,599
WARN [10-08|02:32:35.095] Unexpected trienode heal packet          peer=a2fd1bf1 reqid=5,056,220,430,031,483,124
WARN [10-08|02:32:35.532] Unexpected trienode heal packet          peer=0a592fa0 reqid=7,874,135,106,891,803,337
WARN [10-08|02:32:35.581] Unexpected trienode heal packet          peer=6df3eddf reqid=7,665,614,169,196,148,871
INFO [10-08|02:32:39.285] State heal in progress                   accounts=12239@626.01KiB slots=76905@5.92MiB    codes=12808@108.69MiB nodes=306,365,526@90.24GiB pending=74906
WARN [10-08|02:32:44.280] Unexpected trienode heal packet          peer=8ef6d1fe reqid=9,065,781,918,716,009,895
WARN [10-08|02:32:44.297] Unexpected trienode heal packet          peer=a2fd1bf1 reqid=3,509,945,485,608,500,099
WARN [10-08|02:32:44.301] Unexpected trienode heal packet          peer=0a592fa0 reqid=2,586,017,214,065,588,511
INFO [10-08|02:32:47.612] State heal in progress                   accounts=12362@632.33KiB slots=76913@5.92MiB    codes=12808@108.69MiB nodes=306,366,093@90.24GiB pending=75256
WARN [10-08|02:32:47.614] Unexpected trienode heal packet          peer=6df3eddf reqid=5,941,001,299,115,175,723
WARN [10-08|02:32:47.620] Unexpected trienode heal packet          peer=b4fd376f reqid=247,530,610,962,103,676
WARN [10-08|02:32:47.639] Unexpected trienode heal packet          peer=34d6bd73 reqid=2,510,190,343,039,140,634
WARN [10-08|02:32:47.656] Unexpected trienode heal packet          peer=d5e1821e reqid=8,736,803,106,916,629,287
WARN [10-08|02:32:47.704] Unexpected trienode heal packet          peer=0c13ed86 reqid=6,848,206,069,536,472,223
WARN [10-08|02:32:47.720] Unexpected trienode heal packet          peer=1d585e7c reqid=2,900,491,226,743,777,651
INFO [10-08|02:32:55.620] State heal in progress                   accounts=12529@641.49KiB slots=76967@5.93MiB    codes=12808@108.69MiB nodes=306,366,798@90.24GiB pending=75528
WARN [10-08|02:33:02.910] Unexpected trienode heal packet          peer=34d6bd73 reqid=1,107,187,414,827,258,133
WARN [10-08|02:33:02.913] Unexpected trienode heal packet          peer=1d585e7c reqid=3,869,048,641,726,550,357
WARN [10-08|02:33:03.035] Unexpected trienode heal packet          peer=4d4acdf1 reqid=1,251,701,236,448,852,123
INFO [10-08|02:33:06.358] State heal in progress                   accounts=12682@650.61KiB slots=77021@5.93MiB    codes=12808@108.69MiB nodes=306,367,609@90.24GiB pending=76276
WARN [10-08|02:33:06.359] Unexpected trienode heal packet          peer=a2fd1bf1 reqid=1,298,059,819,397,934,811
WARN [10-08|02:33:06.549] Unexpected trienode heal packet          peer=b68a0839 reqid=8,709,437,701,905,320,915
WARN [10-08|02:33:06.694] Unexpected trienode heal packet          peer=8ef6d1fe reqid=9,016,729,811,275,451,054
WARN [10-08|02:33:06.777] Unexpected trienode heal packet          peer=766a3d9d reqid=8,960,373,671,504,591,209
WARN [10-08|02:33:09.480] Unexpected trienode heal packet          peer=6df3eddf reqid=2,023,410,563,530,535,006
WARN [10-08|02:33:09.536] Unexpected trienode heal packet          peer=0a592fa0 reqid=6,664,727,248,451,618,243
WARN [10-08|02:33:09.544] Unexpected trienode heal packet          peer=0c13ed86 reqid=517,137,756,095,695,794
WARN [10-08|02:33:09.548] Unexpected trienode heal packet          peer=d5e1821e reqid=3,613,965,467,949,452,620
INFO [10-08|02:33:17.388] State heal in progress                   accounts=12775@655.76KiB slots=77099@5.94MiB    codes=12808@108.69MiB nodes=306,368,364@90.24GiB pending=77001
INFO [10-08|02:33:20.017] Imported new block headers               count=1    elapsed=6.265ms   number=13,375,558 hash=51d9e7..5561c8 age=2m19s
WARN [10-08|02:33:20.921] Unexpected trienode heal packet          peer=d5e1821e reqid=710,604,103,427,550,428
WARN [10-08|02:33:20.938] Unexpected trienode heal packet          peer=34d6bd73 reqid=6,385,148,858,365,181,127
INFO [10-08|02:33:20.938] Downloader queue stats                   receiptTasks=0  blockTasks=0   itemSize=292.87KiB throttle=896
WARN [10-08|02:33:20.955] Unexpected trienode heal packet          peer=b4fd376f reqid=4,172,363,730,123,641,844
WARN [10-08|02:33:20.970] Unexpected trienode heal packet          peer=b68a0839 reqid=3,113,210,298,761,074,312
WARN [10-08|02:33:21.052] Unexpected trienode heal packet          peer=8ef6d1fe reqid=4,444,481,602,780,549,213
WARN [10-08|02:33:24.865] Unexpected trienode heal packet          peer=0a592fa0 reqid=8,159,189,549,784,407,207
INFO [10-08|02:33:28.114] State heal in progress                   accounts=12841@659.27KiB slots=77162@5.94MiB    codes=12808@108.69MiB nodes=306,369,062@90.24GiB pending=77717
WARN [10-08|02:33:28.115] Unexpected trienode heal packet          peer=6df3eddf reqid=358,886,286,290,807,507
WARN [10-08|02:33:28.175] Unexpected trienode heal packet          peer=766a3d9d reqid=6,966,386,152,448,113,518
WARN [10-08|02:33:28.264] Unexpected trienode heal packet          peer=d5e1821e reqid=5,824,408,054,290,179,851
INFO [10-08|02:33:32.492] Imported new block headers               count=1    elapsed=7.144ms   number=13,375,559 hash=87deb5..69f56e age=2m7s
WARN [10-08|02:33:34.861] Unexpected trienode heal packet          peer=a2fd1bf1 reqid=5,279,066,975,960,602,094
WARN [10-08|02:33:34.973] Unexpected trienode heal packet          peer=0a592fa0 reqid=4,718,963,445,307,067,064
WARN [10-08|02:33:34.996] Unexpected trienode heal packet          peer=6df3eddf reqid=3,963,165,022,036,290,103
INFO [10-08|02:33:37.446] State heal in progress                   accounts=12917@663.44KiB slots=77265@5.95MiB    codes=12808@108.69MiB nodes=306,369,739@90.24GiB pending=78088
WARN [10-08|02:33:43.561] Unexpected trienode heal packet          peer=0a592fa0 reqid=5,938,825,513,575,726,373
WARN [10-08|02:33:43.590] Unexpected trienode heal packet          peer=d5e1821e reqid=2,499,184,954,694,355,579
WARN [10-08|02:33:43.665] Unexpected trienode heal packet          peer=0c13ed86 reqid=1,314,398,234,826,109,551
WARN [10-08|02:33:43.727] Unexpected trienode heal packet          peer=766a3d9d reqid=3,401,739,265,837,341,371
INFO [10-08|02:33:44.963] Imported new block headers               count=1    elapsed=6.540ms   number=13,375,560 hash=9a2498..b48ad1 age=1m39s
INFO [10-08|02:33:46.576] State heal in progress                   accounts=12968@666.27KiB slots=77390@5.96MiB    codes=12808@108.69MiB nodes=306,370,393@90.24GiB pending=78390
WARN [10-08|02:33:46.578] Unexpected trienode heal packet          peer=8ef6d1fe reqid=95,741,537,089,478,071
WARN [10-08|02:33:46.668] Unexpected trienode heal packet          peer=b68a0839 reqid=7,802,178,803,441,495,267
WARN [10-08|02:33:46.782] Unexpected trienode heal packet          peer=34d6bd73 reqid=8,501,093,397,556,915,079
WARN [10-08|02:33:46.844] Unexpected trienode heal packet          peer=b4fd376f reqid=5,465,879,989,979,824,789
WARN [10-08|02:33:50.014] Unexpected trienode heal packet          peer=1d585e7c reqid=3,884,526,751,080,147,526
WARN [10-08|02:33:50.096] Unexpected trienode heal packet          peer=6df3eddf reqid=326,901,691,815,721,691
WARN [10-08|02:33:50.170] Unexpected trienode heal packet          peer=4d4acdf1 reqid=7,966,233,295,879,421,683
WARN [10-08|02:33:50.260] Unexpected trienode heal packet          peer=0a592fa0 reqid=5,400,697,463,452,403,377
WARN [10-08|02:33:53.062] Unexpected trienode heal packet          peer=0c13ed86 reqid=8,497,655,704,575,178,826
WARN [10-08|02:33:53.086] Unexpected trienode heal packet          peer=766a3d9d reqid=8,114,507,784,964,051,858
WARN [10-08|02:33:53.097] Unexpected trienode heal packet          peer=8ef6d1fe reqid=3,392,643,744,444,158,973
INFO [10-08|02:33:55.047] State heal in progress                   accounts=13000@668.08KiB slots=77559@5.98MiB    codes=12808@108.69MiB nodes=306,371,064@90.24GiB pending=78542
INFO [10-08|02:34:00.532] Imported new block headers               count=1    elapsed=6.717ms   number=13,375,561 hash=b06315..5714f8
INFO [10-08|02:34:03.774] State heal in progress                   accounts=13025@669.55KiB slots=77705@5.99MiB    codes=12808@108.69MiB nodes=306,371,716@90.24GiB pending=78769
INFO [10-08|02:34:12.142] State heal in progress                   accounts=13064@671.73KiB slots=77851@6.00MiB    codes=12808@108.69MiB nodes=306,372,379@90.24GiB pending=78933
WARN [10-08|02:34:12.143] Unexpected trienode heal packet          peer=0c13ed86 reqid=7,878,892,799,643,027,220
WARN [10-08|02:34:12.351] Unexpected trienode heal packet          peer=766a3d9d reqid=2,141,388,447,305,910,901
WARN [10-08|02:34:12.637] Unexpected trienode heal packet          peer=34d6bd73 reqid=7,878,303,372,750,039,988
WARN [10-08|02:34:12.672] Unexpected trienode heal packet          peer=b4fd376f reqid=3,406,228,699,708,697,095
WARN [10-08|02:34:12.699] Unexpected trienode heal packet          peer=a2fd1bf1 reqid=4,975,572,275,435,612,416
WARN [10-08|02:34:16.055] Unexpected trienode heal packet          peer=6df3eddf reqid=5,577,202,478,759,114,476
WARN [10-08|02:34:16.547] Unexpected trienode heal packet          peer=8ef6d1fe reqid=1,847,596,299,877,114,113
WARN [10-08|02:34:16.627] Unexpected trienode heal packet          peer=4d4acdf1 reqid=4,464,224,820,739,834,240
WARN [10-08|02:34:19.378] Unexpected trienode heal packet          peer=0c13ed86 reqid=2,426,019,332,863,068,606
WARN [10-08|02:34:19.386] Unexpected trienode heal packet          peer=d5e1821e reqid=2,161,767,815,193,576,158
WARN [10-08|02:34:19.389] Unexpected trienode heal packet          peer=766a3d9d reqid=6,780,080,729,272,146,832
WARN [10-08|02:34:19.393] Unexpected trienode heal packet          peer=b68a0839 reqid=3,191,621,850,113,523,447
WARN [10-08|02:34:19.408] Unexpected trienode heal packet          peer=34d6bd73 reqid=1,014,808,131,461,508,946
INFO [10-08|02:34:21.871] State heal in progress                   accounts=13084@672.68KiB slots=78021@6.01MiB    codes=12808@108.69MiB nodes=306,373,099@90.24GiB pending=79256
INFO [10-08|02:34:32.125] State heal in progress                   accounts=13117@674.63KiB slots=78237@6.03MiB    codes=12808@108.69MiB nodes=306,373,946@90.24GiB pending=79447
INFO [10-08|02:34:35.025] Imported new block headers               count=1    elapsed=6.057ms   number=13,375,562 hash=f9b2e8..ecc065 age=1m8s
INFO [10-08|02:34:35.985] Downloader queue stats                   receiptTasks=0  blockTasks=0   itemSize=328.34KiB throttle=799
INFO [10-08|02:34:38.254] Imported new block headers               count=1    elapsed=9.729ms   number=13,375,563 hash=99d6d6..3c3eac
INFO [10-08|02:34:41.096] State heal in progress                   accounts=13133@675.51KiB slots=78464@6.05MiB    codes=12808@108.69MiB nodes=306,374,654@90.24GiB pending=79500
INFO [10-08|02:34:49.123] State heal in progress                   accounts=13140@675.88KiB slots=78672@6.06MiB    codes=12808@108.69MiB nodes=306,375,351@90.24GiB pending=79543
INFO [10-08|02:34:53.908] Imported new block headers               count=1    elapsed=6.067ms   number=13,375,564 hash=ae7f72..14ffd1
INFO [10-08|02:34:57.160] State heal in progress                   accounts=13144@676.11KiB slots=78900@6.08MiB    codes=12808@108.69MiB nodes=306,376,037@90.24GiB pending=79519
INFO [10-08|02:35:05.162] State heal in progress                   accounts=13146@676.21KiB slots=79151@6.10MiB    codes=12808@108.69MiB nodes=306,376,745@90.24GiB pending=79350
INFO [10-08|02:35:14.043] State heal in progress                   accounts=13150@676.37KiB slots=79481@6.13MiB    codes=12808@108.69MiB nodes=306,377,623@90.24GiB pending=79414
INFO [10-08|02:35:23.252] State heal in progress                   accounts=13154@676.61KiB slots=79824@6.15MiB    codes=12808@108.69MiB nodes=306,378,563@90.24GiB pending=79565
INFO [10-08|02:35:28.350] Imported new block headers               count=1    elapsed=9.834ms   number=13,375,565 hash=67c77f..8184be
INFO [10-08|02:35:31.586] State heal in progress                   accounts=13154@676.61KiB slots=80099@6.17MiB    codes=12808@108.69MiB nodes=306,379,327@90.24GiB pending=79467
INFO [10-08|02:35:39.586] State heal in progress                   accounts=13155@676.65KiB slots=80358@6.19MiB    codes=12808@108.69MiB nodes=306,380,069@90.24GiB pending=79370
INFO [10-08|02:35:47.764] State heal in progress                   accounts=13162@677.02KiB slots=80602@6.21MiB    codes=12808@108.69MiB nodes=306,380,805@90.24GiB pending=79216
INFO [10-08|02:35:56.723] State heal in progress                   accounts=13162@677.02KiB slots=80949@6.24MiB    codes=12808@108.69MiB nodes=306,381,797@90.24GiB pending=79003
INFO [10-08|02:36:04.745] State heal in progress                   accounts=13164@677.16KiB slots=81226@6.26MiB    codes=12808@108.69MiB nodes=306,382,605@90.24GiB pending=78854
INFO [10-08|02:36:13.509] State heal in progress                   accounts=13164@677.16KiB slots=81578@6.29MiB    codes=12808@108.69MiB nodes=306,383,539@90.24GiB pending=78836
INFO [10-08|02:36:22.119] State heal in progress                   accounts=13164@677.16KiB slots=81876@6.31MiB    codes=12808@108.69MiB nodes=306,384,404@90.24GiB pending=78829