WARN [10-08|02:25:50.972] Unexpected trienode heal packet          peer=d5e1821e reqid=846,724,731,381,096,709
INFO [10-08|02:25:52.017] Imported new block headers               count=1    elapsed=6.285ms   number=13,375,532 hash=16523c..46123c
INFO [10-08|02:25:52.215] Downloader queue stats                   receiptTasks=0  blockTasks=0   itemSize=280.63KiB throttle=935
WARN [10-08|02:25:52.330] Unexpected trienode heal packet          peer=34d6bd73 reqid=4,166,454,408,908,404,224
INFO [10-08|02:25:54.067] State heal in progress                   accounts=10713@545.16KiB slots=69959@5.40MiB    codes=12808@108.69MiB nodes=306,330,649@90.23GiB pending=53276
INFO [10-08|02:25:55.206] Imported new block headers               count=1    elapsed=6.579ms   number=13,375,533 hash=84b8cc..155b43
INFO [10-08|02:26:02.074] State heal in progress                   accounts=10713@545.16KiB slots=70436@5.43MiB    codes=12808@108.69MiB nodes=306,331,650@90.23GiB pending=52760
INFO [10-08|02:26:10.364] State heal in progress                   accounts=10713@545.16KiB slots=70838@5.46MiB    codes=12808@108.69MiB nodes=306,332,598@90.23GiB pending=52454
INFO [10-08|02:26:10.845] Imported new block headers               count=1    elapsed=6.990ms   number=13,375,534 hash=47367c..fb229e
INFO [10-08|02:26:18.399] State heal in progress                   accounts=10713@545.16KiB slots=71251@5.49MiB    codes=12808@108.69MiB nodes=306,333,559@90.23GiB pending=52577
INFO [10-08|02:26:24.354] Writing clean trie cache to disk         path=/data/eth-data/geth/triecache threads=1
INFO [10-08|02:26:24.373] Regenerated local transaction journal    transactions=0 accounts=0
INFO [10-08|02:26:26.400] Persisted the clean trie cache           path=/data/eth-data/geth/triecache elapsed=2.039s
INFO [10-08|02:26:26.685] State heal in progress                   accounts=10713@545.16KiB slots=71670@5.53MiB    codes=12808@108.69MiB nodes=306,334,592@90.23GiB pending=52952
INFO [10-08|02:26:34.804] State heal in progress                   accounts=10713@545.16KiB slots=72082@5.56MiB    codes=12808@108.69MiB nodes=306,335,707@90.23GiB pending=53211
INFO [10-08|02:26:42.853] State heal in progress                   accounts=10713@545.16KiB slots=73119@5.63MiB    codes=12808@108.69MiB nodes=306,337,686@90.23GiB pending=52825
INFO [10-08|02:26:50.930] State heal in progress                   accounts=10775@547.99KiB slots=74702@5.76MiB    codes=12808@108.69MiB nodes=306,340,446@90.23GiB pending=52539
WARN [10-08|02:26:57.717] Unexpected trienode heal packet          peer=d5e1821e reqid=5,329,155,621,361,107,762
WARN [10-08|02:26:58.153] Unexpected trienode heal packet          peer=4d4acdf1 reqid=8,517,251,888,156,971,387
WARN [10-08|02:26:58.427] Unexpected trienode heal packet          peer=5ba6086d reqid=5,644,243,398,281,156,850
INFO [10-08|02:27:00.666] Imported new block headers               count=1    elapsed=7.542ms   number=13,375,535 hash=1cb1a8..62840d age=1m13s
INFO [10-08|02:27:01.255] Downloader queue stats                   receiptTasks=0  blockTasks=0   itemSize=275.94KiB throttle=951
INFO [10-08|02:27:02.358] State heal in progress                   accounts=10830@550.58KiB slots=75245@5.80MiB    codes=12808@108.69MiB nodes=306,341,760@90.23GiB pending=52595
WARN [10-08|02:27:02.358] Unexpected trienode heal packet          peer=b68a0839 reqid=8,048,411,954,359,337,106
WARN [10-08|02:27:02.625] Unexpected trienode heal packet          peer=6df3eddf reqid=4,432,234,372,926,392,323
WARN [10-08|02:27:04.232] Unexpected trienode heal packet          peer=0c13ed86 reqid=7,716,288,210,030,513,932
WARN [10-08|02:27:04.422] Unexpected trienode heal packet          peer=34d6bd73 reqid=7,209,702,892,651,209,508
WARN [10-08|02:27:04.606] Unexpected trienode heal packet          peer=0a592fa0 reqid=705,113,206,554,211,460
WARN [10-08|02:27:05.017] Unexpected trienode heal packet          peer=b4fd376f reqid=5,890,913,600,971,088,585
WARN [10-08|02:27:05.902] Unexpected trienode heal packet          peer=1d585e7c reqid=2,099,224,267,651,834,795
WARN [10-08|02:27:08.764] Unexpected trienode heal packet          peer=81e8669c reqid=1,462,605,568,374,495,143
INFO [10-08|02:27:11.465] State heal in progress                   accounts=10834@550.82KiB slots=75522@5.82MiB    codes=12808@108.69MiB nodes=306,342,459@90.23GiB pending=53196
WARN [10-08|02:27:11.465] Unexpected trienode heal packet          peer=a2fd1bf1 reqid=4,366,097,240,873,786,269
WARN [10-08|02:27:11.986] Unexpected trienode heal packet          peer=8ef6d1fe reqid=8,374,227,662,047,509,574
WARN [10-08|02:27:14.615] Unexpected trienode heal packet          peer=5ba6086d reqid=5,133,172,683,577,760,284
WARN [10-08|02:27:14.616] Unexpected trienode heal packet          peer=4d4acdf1 reqid=8,610,134,331,448,048,195
WARN [10-08|02:27:14.616] Unexpected trienode heal packet          peer=d5e1821e reqid=7,538,300,609,384,192,903
WARN [10-08|02:27:14.629] Unexpected trienode heal packet          peer=b68a0839 reqid=6,431,094,405,921,495,749
WARN [10-08|02:27:14.632] Unexpected trienode heal packet          peer=6df3eddf reqid=7,705,462,807,893,656,538
WARN [10-08|02:27:14.687] Unexpected trienode heal packet          peer=0c13ed86 reqid=1,567,254,675,840,636,441
WARN [10-08|02:27:14.689] Unexpected trienode heal packet          peer=34d6bd73 reqid=5,537,187,377,639,250,839
WARN [10-08|02:27:14.696] Unexpected trienode heal packet          peer=0a592fa0 reqid=2,335,526,984,056,747,379
INFO [10-08|02:27:19.996] State heal in progress                   accounts=10868@552.41KiB slots=75751@5.84MiB    codes=12808@108.69MiB nodes=306,343,115@90.23GiB pending=53941
WARN [10-08|02:27:26.765] Unexpected trienode heal packet          peer=8ef6d1fe reqid=5,755,961,967,418,411,382
WARN [10-08|02:27:27.143] Unexpected trienode heal packet          peer=d5e1821e reqid=8,878,022,817,766,471,108
WARN [10-08|02:27:27.398] Unexpected trienode heal packet          peer=6df3eddf reqid=544,444,239,293,829,516
WARN [10-08|02:27:27.644] Unexpected trienode heal packet          peer=b68a0839 reqid=7,548,302,951,027,369,313
INFO [10-08|02:27:30.836] Imported new block headers               count=3    elapsed=13.169ms  number=13,375,538 hash=10f36e..8c703e
INFO [10-08|02:27:31.152] State heal in progress                   accounts=10905@554.14KiB slots=76039@5.86MiB    codes=12808@108.69MiB nodes=306,343,967@90.23GiB pending=54777
WARN [10-08|02:27:31.510] Unexpected trienode heal packet          peer=0c13ed86 reqid=4,367,657,566,394,153,872
WARN [10-08|02:27:31.723] Unexpected trienode heal packet          peer=b4fd376f reqid=6,185,608,335,156,017,664
WARN [10-08|02:27:32.103] Unexpected trienode heal packet          peer=1d585e7c reqid=3,555,804,548,635,738,160
WARN [10-08|02:27:34.653] Unexpected trienode heal packet          peer=8ef6d1fe reqid=3,574,917,448,789,633,934
WARN [10-08|02:27:34.653] Unexpected trienode heal packet          peer=d5e1821e reqid=3,907,715,556,173,264,393
WARN [10-08|02:27:34.663] Unexpected trienode heal packet          peer=6df3eddf reqid=1,736,908,895,063,305,917
INFO [10-08|02:27:39.407] State heal in progress                   accounts=10935@555.62KiB slots=76288@5.88MiB    codes=12808@108.69MiB nodes=306,344,681@90.23GiB pending=55325
INFO [10-08|02:27:48.924] State heal in progress                   accounts=10951@556.38KiB slots=76541@5.90MiB    codes=12808@108.69MiB nodes=306,345,427@90.23GiB pending=55787
INFO [10-08|02:27:58.389] State heal in progress                   accounts=10961@556.88KiB slots=76713@5.91MiB    codes=12808@108.69MiB nodes=306,346,087@90.23GiB pending=56066
WARN [10-08|02:28:00.664] Unexpected trienode heal packet          peer=6df3eddf reqid=6,697,543,648,954,607,833
WARN [10-08|02:28:00.893] Unexpected trienode heal packet          peer=8ef6d1fe reqid=6,363,673,111,893,259,511
WARN [10-08|02:28:01.024] Unexpected trienode heal packet          peer=d5e1821e reqid=4,148,682,002,713,750,310
WARN [10-08|02:28:01.156] Unexpected trienode heal packet          peer=b68a0839 reqid=2,016,866,590,189,325,636
WARN [10-08|02:28:01.265] Unexpected trienode heal packet          peer=0a592fa0 reqid=7,603,425,998,049,144,588
WARN [10-08|02:28:01.333] Unexpected trienode heal packet          peer=4d4acdf1 reqid=5,746,824,341,436,259,109
WARN [10-08|02:28:01.495] Unexpected trienode heal packet          peer=5ba6086d reqid=726,980,695,462,045,663
INFO [10-08|02:28:02.073] Imported new block headers               count=1    elapsed=9.846ms   number=13,375,539 hash=181363..20d4ac
INFO [10-08|02:28:02.287] Downloader queue stats                   receiptTasks=0  blockTasks=0   itemSize=298.86KiB throttle=878
WARN [10-08|02:28:02.287] Pivot became stale, moving               old=13,375,413 new=13,375,477
INFO [10-08|02:28:02.518] Imported new block receipts              count=64   elapsed=228.671ms number=13,375,476 hash=f76e14..a4c880 age=16m21s    size=8.31MiB
INFO [10-08|02:28:03.745] State heal in progress                   accounts=10968@557.24KiB slots=76846@5.92MiB    codes=12808@108.69MiB nodes=306,346,523@90.23GiB pending=56236
INFO [10-08|02:28:13.756] State heal in progress                   accounts=10968@557.24KiB slots=76846@5.92MiB    codes=12808@108.69MiB nodes=306,348,347@90.23GiB pending=28304
WARN [10-08|02:28:18.393] Unexpected trienode heal packet          peer=a2fd1bf1 reqid=2,449,650,326,752,999,284
INFO [10-08|02:28:25.472] Imported new block headers               count=1    elapsed=6.900ms   number=13,375,540 hash=03ab3a..1eb03e
INFO [10-08|02:28:25.751] State heal in progress                   accounts=10968@557.24KiB slots=76846@5.92MiB    codes=12808@108.69MiB nodes=306,350,290@90.23GiB pending=47595
WARN [10-08|02:28:25.754] Unexpected trienode heal packet          peer=1d585e7c reqid=1,769,521,759,914,152,187
WARN [10-08|02:28:26.057] Unexpected trienode heal packet          peer=8ef6d1fe reqid=8,773,405,941,949,802,501
WARN [10-08|02:28:26.320] Unexpected trienode heal packet          peer=d5e1821e reqid=4,493,193,995,627,787,326
WARN [10-08|02:28:26.620] Unexpected trienode heal packet          peer=b68a0839 reqid=4,760,926,067,067,389,833
WARN [10-08|02:28:26.828] Unexpected trienode heal packet          peer=34d6bd73 reqid=168,705,994,192,223,736
WARN [10-08|02:28:26.966] Unexpected trienode heal packet          peer=5ba6086d reqid=1,277,078,963,255,286,571
WARN [10-08|02:28:27.137] Unexpected trienode heal packet          peer=b4fd376f reqid=350,784,399,278,889,070
WARN [10-08|02:28:27.280] Unexpected trienode heal packet          peer=4d4acdf1 reqid=6,774,086,908,605,028,458
WARN [10-08|02:28:27.397] Unexpected trienode heal packet          peer=0a592fa0 reqid=14,231,824,662,967,307
WARN [10-08|02:28:27.481] Unexpected trienode heal packet          peer=81e8669c reqid=1,729,959,187,172,422,055
WARN [10-08|02:28:30.131] Unexpected trienode heal packet          peer=0c13ed86 reqid=808,204,658,397,122,753
WARN [10-08|02:28:30.154] Unexpected trienode heal packet          peer=6df3eddf reqid=3,594,714,961,739,756,855
INFO [10-08|02:28:31.853] Imported new block headers               count=2    elapsed=6.403ms   number=13,375,542 hash=c0f392..8f214d
INFO [10-08|02:28:40.178] State heal in progress                   accounts=10968@557.24KiB slots=76846@5.92MiB    codes=12808@108.69MiB nodes=306,351,627@90.23GiB pending=53418
INFO [10-08|02:28:41.325] Imported new block headers               count=1    elapsed=6.269ms   number=13,375,543 hash=5a0ee7..6d8bf5
INFO [10-08|02:28:47.698] Imported new block headers               count=1    elapsed=8.816ms   number=13,375,544 hash=306ce8..d85b89
INFO [10-08|02:28:48.184] State heal in progress                   accounts=10968@557.24KiB slots=76846@5.92MiB    codes=12808@108.69MiB nodes=306,352,562@90.23GiB pending=56181
INFO [10-08|02:28:53.986] Imported new block headers               count=1    elapsed=6.391ms   number=13,375,545 hash=14ca72..c7b553
INFO [10-08|02:28:57.309] Imported new block headers               count=1    elapsed=6.661ms   number=13,375,546 hash=3db14e..c82ed2
INFO [10-08|02:28:57.549] State heal in progress                   accounts=10968@557.24KiB slots=76846@5.92MiB    codes=12808@108.69MiB nodes=306,353,221@90.23GiB pending=58506
WARN [10-08|02:28:57.627] Unexpected trienode heal packet          peer=4d4acdf1 reqid=3,013,154,926,924,071,920
WARN [10-08|02:28:57.656] Unexpected trienode heal packet          peer=0a592fa0 reqid=7,973,918,343,599,330,660
WARN [10-08|02:28:59.079] Unexpected trienode heal packet          peer=0c13ed86 reqid=6,604,030,742,249,346,450
WARN [10-08|02:28:59.158] Unexpected trienode heal packet          peer=b68a0839 reqid=6,605,687,908,481,811,069
WARN [10-08|02:28:59.307] Unexpected trienode heal packet          peer=81e8669c reqid=9,214,215,914,742,877,744
WARN [10-08|02:29:00.169] Unexpected trienode heal packet          peer=34d6bd73 reqid=3,443,765,266,550,645,198
INFO [10-08|02:29:08.769] State heal in progress                   accounts=10968@557.24KiB slots=76846@5.92MiB    codes=12808@108.69MiB nodes=306,353,953@90.23GiB pending=60747
WARN [10-08|02:29:08.878] Unexpected trienode heal packet          peer=4d4acdf1 reqid=8,714,984,922,534,820,648
INFO [10-08|02:29:18.107] State heal in progress                   accounts=10968@557.24KiB slots=76846@5.92MiB    codes=12808@108.69MiB nodes=306,354,566@90.23GiB pending=62759
INFO [10-08|02:29:26.275] State heal in progress                   accounts=10968@557.24KiB slots=76846@5.92MiB    codes=12808@108.69MiB nodes=306,355,120@90.23GiB pending=64420
INFO [10-08|02:29:31.633] Imported new block headers               count=1    elapsed=8.531ms   number=13,375,547 hash=af38c6..27447f
INFO [10-08|02:29:31.812] Downloader queue stats                   receiptTasks=0  blockTasks=0   itemSize=249.21KiB throttle=1052
INFO [10-08|02:29:35.517] State heal in progress                   accounts=10968@557.24KiB slots=76846@5.92MiB    codes=12808@108.69MiB nodes=306,355,651@90.23GiB pending=65786
INFO [10-08|02:29:45.696] State heal in progress                   accounts=10971@557.49KiB slots=76846@5.92MiB    codes=12808@108.69MiB nodes=306,356,084@90.23GiB pending=66344
WARN [10-08|02:29:45.979] Unexpected trienode heal packet          peer=0a592fa0 reqid=3,508,922,398,168,323,327
INFO [10-08|02:29:50.409] Imported new block headers               count=2    elapsed=6.481ms   number=13,375,549 hash=b36270..a8f034
INFO [10-08|02:29:55.877] State heal in progress                   accounts=10974@557.67KiB slots=76846@5.92MiB    codes=12808@108.69MiB nodes=306,356,563@90.23GiB pending=67310
WARN [10-08|02:29:56.194] Unexpected trienode heal packet          peer=b68a0839 reqid=652,720,578,817,683,779
INFO [10-08|02:30:03.130] Imported new block headers               count=1    elapsed=6.272ms   number=13,375,550 hash=d2e56a..68bc56
INFO [10-08|02:30:06.141] State heal in progress                   accounts=10990@558.48KiB slots=76846@5.92MiB    codes=12808@108.69MiB nodes=306,356,957@90.23GiB pending=67664
WARN [10-08|02:30:06.460] Unexpected trienode heal packet          peer=0a592fa0 reqid=7,155,216,541,845,104,257
INFO [10-08|02:30:12.534] Imported new block headers               count=1    elapsed=6.173ms   number=13,375,551 hash=73b01a..244aaa
INFO [10-08|02:30:15.598] State heal in progress                   accounts=11004@559.33KiB slots=76846@5.92MiB    codes=12808@108.69MiB nodes=306,357,375@90.23GiB pending=68342
WARN [10-08|02:30:15.644] Unexpected trienode heal packet          peer=8ef6d1fe reqid=1,176,739,980,172,227,144
WARN [10-08|02:30:15.654] Unexpected trienode heal packet          peer=5ba6086d reqid=3,640,403,538,209,969,634
WARN [10-08|02:30:15.692] Unexpected trienode heal packet          peer=d5e1821e reqid=5,177,811,125,242,910,475
INFO [10-08|02:30:15.790] Imported new block headers               count=1    elapsed=6.050ms   number=13,375,552 hash=77a5b2..fb7447
INFO [10-08|02:30:18.995] Imported new block headers               count=1    elapsed=6.965ms   number=13,375,553 hash=355d0b..09a28c
INFO [10-08|02:30:24.615] State heal in progress                   accounts=11017@560.07KiB slots=76846@5.92MiB    codes=12808@108.69MiB nodes=306,357,778@90.23GiB pending=68872
WARN [10-08|02:30:24.725] Unexpected trienode heal packet          peer=0a592fa0 reqid=2,247,285,259,374,658,557
WARN [10-08|02:30:24.758] Unexpected trienode heal packet          peer=b68a0839 reqid=3,860,534,614,630,689,941
WARN [10-08|02:30:24.860] Unexpected trienode heal packet          peer=d5e1821e reqid=664,311,605,722,969,261
INFO [10-08|02:30:25.297] Imported new block headers               count=1    elapsed=6.084ms   number=13,375,554 hash=d3a558..1ff3d7
INFO [10-08|02:30:33.695] State heal in progress                   accounts=11025@560.46KiB slots=76846@5.92MiB    codes=12808@108.69MiB nodes=306,358,205@90.23GiB pending=69633
WARN [10-08|02:30:33.786] Unexpected trienode heal packet          peer=766a3d9d reqid=5,712,303,554,585,562,662
WARN [10-08|02:30:36.403] Unexpected trienode heal packet          peer=a2fd1bf1 reqid=1,885,927,080,309,584,547
WARN [10-08|02:30:36.475] Unexpected trienode heal packet          peer=8ef6d1fe reqid=50,891,861,275,393,350
WARN [10-08|02:30:36.533] Unexpected trienode heal packet          peer=b68a0839 reqid=3,637,405,408,544,161,698
WARN [10-08|02:30:36.566] Unexpected trienode heal packet          peer=6df3eddf reqid=3,464,183,463,772,362,798
WARN [10-08|02:30:36.622] Unexpected trienode heal packet          peer=34d6bd73 reqid=1,443,058,302,482,916,431
WARN [10-08|02:30:36.686] Unexpected trienode heal packet          peer=1d585e7c reqid=8,957,395,174,973,624,969
WARN [10-08|02:30:36.721] Unexpected trienode heal packet          peer=5ba6086d reqid=4,676,001,752,484,426,059
INFO [10-08|02:30:45.113] State heal in progress                   accounts=11073@562.82KiB slots=76846@5.92MiB    codes=12808@108.69MiB nodes=306,358,811@90.23GiB pending=70508
WARN [10-08|02:30:45.455] Unexpected trienode heal packet          peer=0a592fa0 reqid=2,803,192,083,861,665,070
WARN [10-08|02:30:45.601] Unexpected trienode heal packet          peer=8ef6d1fe reqid=1,845,070,598,277,550,125
WARN [10-08|02:30:45.622] Unexpected trienode heal packet          peer=766a3d9d reqid=3,080,942,945,107,183,529
WARN [10-08|02:30:45.676] Unexpected trienode heal packet          peer=6df3eddf reqid=1,249,834,464,442,038,874
WARN [10-08|02:30:51.820] Unexpected trienode heal packet          peer=d5e1821e reqid=7,995,436,339,325,157,897
WARN [10-08|02:30:51.823] Unexpected trienode heal packet          peer=1d585e7c reqid=636,074,051,285,563,370
WARN [10-08|02:30:51.868] Unexpected trienode heal packet          peer=5ba6086d reqid=6,986,249,354,576,361,860
WARN [10-08|02:30:52.100] Unexpected trienode heal packet          peer=0c13ed86 reqid=3,520,564,958,705,364,875
INFO [10-08|02:30:58.126] State heal in progress                   accounts=11143@566.77KiB slots=76846@5.92MiB    codes=12808@108.69MiB nodes=306,359,502@90.23GiB pending=71204
WARN [10-08|02:30:58.128] Unexpected trienode heal packet          peer=a2fd1bf1 reqid=6,977,377,590,776,732,065
WARN [10-08|02:30:58.159] Unexpected trienode heal packet          peer=766a3d9d reqid=8,431,514,999,630,562,036
WARN [10-08|02:30:58.162] Unexpected trienode heal packet          peer=8ef6d1fe reqid=3,708,597,243,135,323,307
WARN [10-08|02:30:58.163] Unexpected trienode heal packet          peer=b4fd376f reqid=5,882,973,557,202,622,680
WARN [10-08|02:30:58.166] Unexpected trienode heal packet          peer=4d4acdf1 reqid=5,964,949,910,240,865,319
WARN [10-08|02:30:58.168] Unexpected trienode heal packet          peer=0a592fa0 reqid=3,218,576,187,177,852,718
WARN [10-08|02:30:58.179] Unexpected trienode heal packet          peer=6df3eddf reqid=6,507,159,416,429,943,259
WARN [10-08|02:30:58.181] Unexpected trienode heal packet          peer=d5e1821e reqid=7,157,620,216,008,894,108
WARN [10-08|02:30:58.195] Unexpected trienode heal packet          peer=b68a0839 reqid=4,107,684,652,920,069,613
WARN [10-08|02:30:58.219] Unexpected trienode heal packet          peer=34d6bd73 reqid=8,572,374,386,199,397,411
WARN [10-08|02:30:58.250] Unexpected trienode heal packet          peer=5ba6086d reqid=1,467,228,394,027,406,812
INFO [10-08|02:31:05.766] Imported new block headers               count=1    elapsed=8.596ms   number=13,375,555 hash=c4cf41..23506b
INFO [10-08|02:31:05.864] Downloader queue stats                   receiptTasks=0  blockTasks=0   itemSize=234.55KiB throttle=1118
INFO [10-08|02:31:10.166] State heal in progress                   accounts=11242@572.09KiB slots=76847@5.92MiB    codes=12808@108.69MiB nodes=306,360,170@90.23GiB pending=71733
WARN [10-08|02:31:10.359] Unexpected trienode heal packet          peer=0a592fa0 reqid=4,319,635,645,583,550,616
INFO [10-08|02:31:21.581] State heal in progress                   accounts=11350@577.99KiB slots=76848@5.92MiB    codes=12808@108.69MiB nodes=306,360,798@90.23GiB pending=72099