ERROR[10-06|05:20:43.791] Snapshot extension registration failed   peer=d6f391f8 err="peer connected on snap without compatible eth support"
ERROR[10-06|05:20:44.841] Snapshot extension registration failed   peer=54b2c230 err="peer connected on snap without compatible eth support"
INFO [10-06|05:20:46.427] State heal in progress                   accounts=3585@218.58KiB slots=6574@472.35KiB codes=12415@105.40MiB nodes=294,644,534@86.37GiB pending=74237
WARN [10-06|05:20:46.428] Unexpected trienode heal packet          peer=a0378d3b reqid=4,857,554,916,449,224,783
INFO [10-06|05:20:48.387] Imported new block headers               count=1    elapsed=14.184ms  number=13,363,553 hash=514b75..160587
WARN [10-06|05:20:51.778] Unexpected trienode heal packet          peer=229a28e0 reqid=4,312,656,739,997,383,766
INFO [10-06|05:21:03.533] Imported new block headers               count=1    elapsed=43.410ms  number=13,363,554 hash=565b8d..bdb172 age=1m2s
INFO [10-06|05:21:04.312] Downloader queue stats                   receiptTasks=0   blockTasks=0   itemSize=121.41KiB throttle=2160
INFO [10-06|05:21:07.243] State heal in progress                   accounts=3585@218.58KiB slots=6574@472.35KiB codes=12415@105.40MiB nodes=294,645,898@86.37GiB pending=79368
WARN [10-06|05:21:07.284] Unexpected trienode heal packet          peer=8f153760 reqid=2,242,219,326,166,718,892
INFO [10-06|05:21:22.687] State heal in progress                   accounts=3585@218.58KiB slots=6574@472.35KiB codes=12415@105.40MiB nodes=294,646,513@86.37GiB pending=80729
INFO [10-06|05:21:27.605] Imported new block headers               count=1    elapsed=7.549ms   number=13,363,555 hash=4d620c..fc3012 age=1m9s
WARN [10-06|05:21:33.179] Checkpoint challenge timed out, dropping id=55e1cc903804469a conn=inbound addr=47.252.3.222:53152    type=erigon/v2021.08.5-al...
INFO [10-06|05:21:33.311] State heal in progress                   accounts=3585@218.58KiB slots=6574@472.35KiB codes=12415@105.40MiB nodes=294,646,890@86.37GiB pending=81493
WARN [10-06|05:21:33.312] Unexpected trienode heal packet          peer=8f153760 reqid=4,885,519,691,179,686,552
WARN [10-06|05:21:33.353] Unexpected trienode heal packet          peer=19d53014 reqid=1,932,308,723,314,850,132
WARN [10-06|05:21:33.752] Unexpected trienode heal packet          peer=a0378d3b reqid=2,717,974,323,583,629,135
WARN [10-06|05:21:36.300] Unexpected trienode heal packet          peer=ea7b6a8c reqid=2,056,615,832,458,837,635
ERROR[10-06|05:21:44.688] Snapshot extension registration failed   peer=ea823330 err="peer connected on snap without compatible eth support"
INFO [10-06|05:21:45.677] Imported new block headers               count=1    elapsed=6.247ms   number=13,363,556 hash=59d397..b0e6f5
INFO [10-06|05:21:48.698] Imported new block headers               count=1    elapsed=6.674ms   number=13,363,557 hash=56d1ab..238cd5
ERROR[10-06|05:21:49.998] Snapshot extension registration failed   peer=20dcc090 err="peer connected on snap without compatible eth support"
INFO [10-06|05:21:50.110] State heal in progress                   accounts=3585@218.58KiB slots=6574@472.35KiB codes=12415@105.40MiB nodes=294,647,459@86.37GiB pending=82822
INFO [10-06|05:21:54.731] Imported new block headers               count=1    elapsed=6.352ms   number=13,363,558 hash=99a8c5..130176
ERROR[10-06|05:21:56.197] Snapshot extension registration failed   peer=1fdbbcbd err="peer connected on snap without compatible eth support"
INFO [10-06|05:22:04.892] State heal in progress                   accounts=3585@218.58KiB slots=6574@472.35KiB codes=12415@105.40MiB nodes=294,647,911@86.37GiB pending=83680
INFO [10-06|05:22:12.808] Imported new block headers               count=2    elapsed=7.515ms   number=13,363,560 hash=1a3a12..443436
ERROR[10-06|05:22:13.460] Snapshot extension registration failed   peer=c65bf9fc err="peer connected on snap without compatible eth support"
INFO [10-06|05:22:16.814] State heal in progress                   accounts=3585@218.58KiB slots=6574@472.35KiB codes=12415@105.40MiB nodes=294,648,369@86.37GiB pending=84835
INFO [10-06|05:22:17.358] Downloader queue stats                   receiptTasks=0   blockTasks=0   itemSize=107.94KiB throttle=2429
INFO [10-06|05:22:27.878] Imported new block headers               count=2    elapsed=11.317ms  number=13,363,562 hash=93ffb0..44cc35
INFO [10-06|05:22:28.960] State heal in progress                   accounts=3585@218.58KiB slots=6574@472.35KiB codes=12415@105.40MiB nodes=294,648,779@86.37GiB pending=85603
INFO [10-06|05:22:30.893] Imported new block headers               count=1    elapsed=5.976ms   number=13,363,563 hash=b75166..389dc2
ERROR[10-06|05:22:34.699] Snapshot extension registration failed   peer=20dcc090 err="peer connected on snap without compatible eth support"
INFO [10-06|05:22:40.742] State heal in progress                   accounts=3585@218.58KiB slots=6574@472.35KiB codes=12415@105.40MiB nodes=294,649,226@86.37GiB pending=86586
INFO [10-06|05:22:42.948] Imported new block headers               count=1    elapsed=7.880ms   number=13,363,564 hash=1feb35..c5d2c2
INFO [10-06|05:22:48.977] Imported new block headers               count=1    elapsed=6.208ms   number=13,363,565 hash=b9378b..8f9b60
INFO [10-06|05:22:53.052] State heal in progress                   accounts=3585@218.58KiB slots=6574@472.35KiB codes=12415@105.40MiB nodes=294,649,665@86.37GiB pending=87469
INFO [10-06|05:23:01.030] Imported new block headers               count=1    elapsed=5.993ms   number=13,363,566 hash=f5db19..57663b
ERROR[10-06|05:23:03.896] Snapshot extension registration failed   peer=ea823330 err="peer connected on snap without compatible eth support"
ERROR[10-06|05:23:05.316] Snapshot extension registration failed   peer=b9458d0b err="peer connected on snap without compatible eth support"
INFO [10-06|05:23:06.823] State heal in progress                   accounts=3585@218.58KiB slots=6574@472.35KiB codes=12415@105.40MiB nodes=294,650,118@86.37GiB pending=88395
WARN [10-06|05:23:07.266] Unexpected trienode heal packet          peer=a0378d3b reqid=1,954,570,522,667,959,481
ERROR[10-06|05:23:09.970] Snapshot extension registration failed   peer=48d37088 err="peer connected on snap without compatible eth support"
INFO [10-06|05:23:19.235] State heal in progress                   accounts=3585@218.58KiB slots=6574@472.35KiB codes=12415@105.40MiB nodes=294,650,559@86.37GiB pending=89337
WARN [10-06|05:23:19.236] Unexpected trienode heal packet          peer=8f153760 reqid=8,335,755,411,711,662,924
WARN [10-06|05:23:20.954] Unexpected trienode heal packet          peer=19d53014 reqid=7,759,383,292,129,159,096
WARN [10-06|05:23:21.907] Unexpected trienode heal packet          peer=ea7b6a8c reqid=5,965,844,836,197,347,809
ERROR[10-06|05:23:24.937] Snapshot extension registration failed   peer=d0d0c417 err="peer connected on snap without compatible eth support"
WARN [10-06|05:23:25.450] Unexpected trienode heal packet          peer=bcaabf75 reqid=2,438,200,391,451,406,653
ERROR[10-06|05:23:26.767] Snapshot extension registration failed   peer=20dcc090 err="peer connected on snap without compatible eth support"
INFO [10-06|05:23:34.760] Imported new block headers               count=1    elapsed=6.598ms   number=13,363,567 hash=b3af3e..7a205b
INFO [10-06|05:23:36.421] Downloader queue stats                   receiptTasks=0   blockTasks=0   itemSize=109.23KiB throttle=2400
ERROR[10-06|05:23:37.075] Snapshot extension registration failed   peer=40708135 err="peer connected on snap without compatible eth support"
INFO [10-06|05:23:39.479] State heal in progress                   accounts=3585@218.58KiB slots=6574@472.35KiB codes=12415@105.40MiB nodes=294,651,219@86.37GiB pending=90786
WARN [10-06|05:23:39.480] Unexpected trienode heal packet          peer=229a28e0 reqid=7,459,428,878,958,010,896
ERROR[10-06|05:23:39.862] Snapshot extension registration failed   peer=f80b417d err="peer connected on snap without compatible eth support"
ERROR[10-06|05:23:40.634] Snapshot extension registration failed   peer=cd1cdc46 err="peer connected on snap without compatible eth support"
INFO [10-06|05:23:41.039] Imported new block headers               count=1    elapsed=9.224ms   number=13,363,568 hash=6f3142..887f8b
WARN [10-06|05:23:41.382] Unexpected trienode heal packet          peer=4d4acdf1 reqid=2,061,883,716,950,858,755
WARN [10-06|05:23:43.436] Unexpected trienode heal packet          peer=07c610a7 reqid=4,837,851,677,755,553,015
INFO [10-06|05:23:47.067] Imported new block headers               count=1    elapsed=6.688ms   number=13,363,569 hash=b62a56..3054e5
INFO [10-06|05:23:56.059] State heal in progress                   accounts=3585@218.58KiB slots=6574@472.35KiB codes=12415@105.40MiB nodes=294,651,801@86.37GiB pending=92039
WARN [10-06|05:23:56.574] Unexpected trienode heal packet          peer=a0378d3b reqid=1,711,074,001,321,785,733
WARN [10-06|05:23:56.596] Unexpected trienode heal packet          peer=8f153760 reqid=241,324,030,038,914,369
WARN [10-06|05:23:56.617] Unexpected trienode heal packet          peer=19d53014 reqid=2,901,054,339,449,558,191
INFO [10-06|05:24:05.181] State heal in progress                   accounts=3585@218.58KiB slots=6574@472.35KiB codes=12415@105.40MiB nodes=294,652,214@86.38GiB pending=92577
ERROR[10-06|05:24:08.942] Snapshot extension registration failed   peer=20dcc090 err="peer connected on snap without compatible eth support"
INFO [10-06|05:24:14.428] State heal in progress                   accounts=3585@218.58KiB slots=6574@472.35KiB codes=12415@105.40MiB nodes=294,652,571@86.38GiB pending=93136
INFO [10-06|05:24:26.363] State heal in progress                   accounts=3585@218.58KiB slots=6574@472.35KiB codes=12415@105.40MiB nodes=294,652,973@86.38GiB pending=93822
WARN [10-06|05:24:32.891] Unexpected trienode heal packet          peer=8f153760 reqid=8,143,640,242,804,192,636
WARN [10-06|05:24:33.777] Unexpected trienode heal packet          peer=07c610a7 reqid=6,848,203,683,490,308,428
INFO [10-06|05:24:38.855] State heal in progress                   accounts=3585@218.58KiB slots=6574@472.35KiB codes=12415@105.40MiB nodes=294,653,515@86.38GiB pending=94856
WARN [10-06|05:24:38.856] Unexpected trienode heal packet          peer=19d53014 reqid=6,564,843,584,938,186,158
WARN [10-06|05:24:39.196] Unexpected trienode heal packet          peer=bcaabf75 reqid=7,970,318,079,693,612,180
WARN [10-06|05:24:42.258] Unexpected trienode heal packet          peer=229a28e0 reqid=7,848,405,504,280,362,221
WARN [10-06|05:24:43.934] Unexpected trienode heal packet          peer=4d4acdf1 reqid=8,205,720,566,048,804,387
ERROR[10-06|05:24:47.640] Snapshot extension registration failed   peer=20dcc090 err="peer connected on snap without compatible eth support"
INFO [10-06|05:24:49.003] State heal in progress                   accounts=3585@218.58KiB slots=6574@472.35KiB codes=12415@105.40MiB nodes=294,653,901@86.38GiB pending=95475
WARN [10-06|05:24:49.004] Unexpected trienode heal packet          peer=8ffa4333 reqid=3,474,106,375,189,473,512
ERROR[10-06|05:24:49.604] Snapshot extension registration failed   peer=a90d187c err="peer connected on snap without compatible eth support"
INFO [10-06|05:24:50.304] Imported new block headers               count=2    elapsed=8.037ms   number=13,363,571 hash=0deb2d..56edde age=1m11s
INFO [10-06|05:24:53.475] Downloader queue stats                   receiptTasks=0   blockTasks=0   itemSize=125.29KiB throttle=2093
INFO [10-06|05:24:56.342] Imported new block headers               count=1    elapsed=12.071ms  number=13,363,572 hash=66ec8a..58a0ef age=1m11s
INFO [10-06|05:24:58.331] State heal in progress                   accounts=3585@218.58KiB slots=6574@472.35KiB codes=12415@105.40MiB nodes=294,654,278@86.38GiB pending=96088
ERROR[10-06|05:25:00.570] Snapshot extension registration failed   peer=70d956b8 err="peer connected on snap without compatible eth support"
INFO [10-06|05:25:05.389] Imported new block headers               count=2    elapsed=10.685ms  number=13,363,574 hash=f88c42..171d3e
INFO [10-06|05:25:09.562] State heal in progress                   accounts=3619@220.24KiB slots=6574@472.35KiB codes=12415@105.40MiB nodes=294,654,894@86.38GiB pending=96616
WARN [10-06|05:25:09.563] Unexpected trienode heal packet          peer=8f153760 reqid=8,907,773,851,120,695,880
WARN [10-06|05:25:09.578] Unexpected trienode heal packet          peer=07c610a7 reqid=8,483,668,010,468,309,138
WARN [10-06|05:25:09.641] Unexpected trienode heal packet          peer=19d53014 reqid=4,789,226,834,720,106,468
INFO [10-06|05:25:11.427] Imported new block headers               count=2    elapsed=12.036ms  number=13,363,576 hash=af6b96..2dde04
ERROR[10-06|05:25:15.799] Snapshot extension registration failed   peer=3e412007 err="peer connected on snap without compatible eth support"
ERROR[10-06|05:25:20.806] Snapshot extension registration failed   peer=f5e504e1 err="peer connected on snap without compatible eth support"
INFO [10-06|05:25:23.668] State heal in progress                   accounts=3668@222.57KiB slots=6574@472.35KiB codes=12415@105.40MiB nodes=294,655,615@86.38GiB pending=97267
INFO [10-06|05:25:35.231] State heal in progress                   accounts=3718@225.13KiB slots=6574@472.35KiB codes=12415@105.40MiB nodes=294,656,289@86.38GiB pending=97802
INFO [10-06|05:25:44.820] State heal in progress                   accounts=3749@226.62KiB slots=6574@472.35KiB codes=12415@105.40MiB nodes=294,656,812@86.38GiB pending=98298
INFO [10-06|05:25:50.603] Imported new block headers               count=1    elapsed=10.902ms  number=13,363,577 hash=2eea46..b157b0
INFO [10-06|05:25:53.891] State heal in progress                   accounts=3758@227.00KiB slots=6574@472.35KiB codes=12415@105.40MiB nodes=294,657,179@86.38GiB pending=98893
INFO [10-06|05:25:54.513] Downloader queue stats                   receiptTasks=0   blockTasks=0   itemSize=108.71KiB throttle=2412
INFO [10-06|05:26:04.552] State heal in progress                   accounts=3777@228.01KiB slots=6574@472.35KiB codes=12415@105.40MiB nodes=294,657,735@86.38GiB pending=99649