INFO [10-06|05:15:21.878] State heal in progress                   accounts=1867@114.51KiB slots=1630@115.45KiB codes=12415@105.40MiB nodes=294,611,491@86.36GiB pending=83294
WARN [10-06|05:15:26.339] Dropping unsynced node during sync       id=f2defb4ea102bf8b conn=inbound addr=39.183.9.163:21455    type=Geth/v1.10.6-unstabl...
INFO [10-06|05:15:32.229] State heal in progress                   accounts=1884@115.54KiB slots=1896@134.22KiB codes=12415@105.40MiB nodes=294,612,481@86.36GiB pending=83729
INFO [10-06|05:15:40.677] Imported new block headers               count=1    elapsed=6.455ms   number=13,363,530 hash=3c228d..cd1685 age=1m9s
INFO [10-06|05:15:41.069] Downloader queue stats                   receiptTasks=0   blockTasks=0   itemSize=111.90KiB throttle=2343
INFO [10-06|05:15:42.047] State heal in progress                   accounts=1884@115.54KiB slots=2078@147.41KiB codes=12415@105.40MiB nodes=294,613,321@86.36GiB pending=84614
INFO [10-06|05:15:51.338] State heal in progress                   accounts=1894@116.16KiB slots=2281@161.83KiB codes=12415@105.40MiB nodes=294,614,115@86.36GiB pending=85135
INFO [10-06|05:16:00.163] State heal in progress                   accounts=2156@131.68KiB slots=2477@176.00KiB codes=12415@105.40MiB nodes=294,615,290@86.36GiB pending=85218
ERROR[10-06|05:16:03.124] Snapshot extension registration failed   peer=51071016 err="peer connected on snap without compatible eth support"
ERROR[10-06|05:16:06.815] Snapshot extension registration failed   peer=20dcc090 err="peer connected on snap without compatible eth support"
INFO [10-06|05:16:09.871] State heal in progress                   accounts=2295@140.24KiB slots=2766@196.83KiB codes=12415@105.40MiB nodes=294,616,459@86.36GiB pending=85557
INFO [10-06|05:16:10.780] Imported new block headers               count=1    elapsed=5.988ms   number=13,363,531 hash=a5d4f0..1e4b6c age=1m30s
ERROR[10-06|05:16:15.211] Snapshot extension registration failed   peer=a90d187c err="peer connected on snap without compatible eth support"
INFO [10-06|05:16:18.043] State heal in progress                   accounts=2328@142.32KiB slots=2871@204.56KiB codes=12415@105.40MiB nodes=294,617,088@86.36GiB pending=86210
INFO [10-06|05:16:22.832] Imported new block headers               count=1    elapsed=7.831ms   number=13,363,532 hash=b4e893..b21cb8 age=1m11s
INFO [10-06|05:16:28.192] State heal in progress                   accounts=2433@148.75KiB slots=3108@221.82KiB codes=12415@105.40MiB nodes=294,618,065@86.36GiB pending=86615
ERROR[10-06|05:16:28.420] Snapshot extension registration failed   peer=159bab88 err="peer connected on snap without compatible eth support"
INFO [10-06|05:16:37.588] State heal in progress                   accounts=2501@153.36KiB slots=3262@232.72KiB codes=12415@105.40MiB nodes=294,618,846@86.36GiB pending=86877
WARN [10-06|05:16:39.290] Dropping unsynced node during sync       id=015a3ad26cebb106 conn=inbound addr=47.96.169.40:58824    type=OpenEthereum/v3.3.0-...
ERROR[10-06|05:16:40.111] Snapshot extension registration failed   peer=20dcc090 err="peer connected on snap without compatible eth support"
WARN [10-06|05:16:40.854] Dropping unsynced node during sync       id=678517f99d7e1d4c conn=inbound addr=203.221.156.106:60554 type=Geth/v1.10.8-stable-...
INFO [10-06|05:16:43.917] Imported new block headers               count=1    elapsed=6.000ms   number=13,363,533 hash=b60a0f..8e7e86 age=1m6s
INFO [10-06|05:16:45.614] State heal in progress                   accounts=2595@159.58KiB slots=3389@241.89KiB codes=12415@105.40MiB nodes=294,619,690@86.36GiB pending=87578
WARN [10-06|05:16:47.490] Dropping unsynced node during sync       id=f34bd5a304a9c2a3 conn=inbound addr=24.212.145.207:55492  type=Geth/v1.10.7-stable-...
INFO [10-06|05:16:52.959] Imported new block headers               count=1    elapsed=6.081ms   number=13,363,534 hash=96663a..e75ee8
WARN [10-06|05:16:53.366] Checkpoint challenge timed out, dropping id=872511662df9b895 conn=inbound addr=47.90.137.68:48584    type=erigon/v2021.08.5-al...
INFO [10-06|05:16:54.046] State heal in progress                   accounts=2642@162.37KiB slots=3472@247.80KiB codes=12415@105.40MiB nodes=294,620,362@86.36GiB pending=87935
ERROR[10-06|05:16:54.793] Snapshot extension registration failed   peer=9a2e6f86 err="peer connected on snap without compatible eth support"
WARN [10-06|05:16:56.867] Dropping unsynced node during sync       id=cf5a014ed1965aa6 conn=inbound addr=172.104.214.155:45276 type=Nethermind/v1.11.1-0...
INFO [10-06|05:16:58.986] Imported new block headers               count=1    elapsed=6.261ms   number=13,363,535 hash=342a5b..e65d61
ERROR[10-06|05:16:59.249] Snapshot extension registration failed   peer=aab0a17f err="peer connected on snap without compatible eth support"
INFO [10-06|05:17:02.527] State heal in progress                   accounts=2697@165.55KiB slots=3673@262.34KiB codes=12415@105.40MiB nodes=294,621,158@86.36GiB pending=88099
ERROR[10-06|05:17:03.662] Snapshot extension registration failed   peer=b58b4e2f err="peer connected on snap without compatible eth support"
INFO [10-06|05:17:05.013] Imported new block headers               count=1    elapsed=5.908ms   number=13,363,536 hash=184bf2..95e064
INFO [10-06|05:17:08.123] Downloader queue stats                   receiptTasks=0   blockTasks=0   itemSize=112.46KiB throttle=2332
INFO [10-06|05:17:11.425] State heal in progress                   accounts=2811@172.39KiB slots=3865@276.11KiB codes=12415@105.40MiB nodes=294,622,150@86.36GiB pending=88403
ERROR[10-06|05:17:11.986] Snapshot extension registration failed   peer=20dcc090 err="peer connected on snap without compatible eth support"
ERROR[10-06|05:17:12.895] Snapshot extension registration failed   peer=cb5b9771 err="peer connected on snap without compatible eth support"
INFO [10-06|05:17:14.066] Imported new block headers               count=1    elapsed=7.317ms   number=13,363,537 hash=a7d28a..ed9bd2
ERROR[10-06|05:17:16.323] Snapshot extension registration failed   peer=94a32324 err="peer connected on snap without compatible eth support"
INFO [10-06|05:17:24.997] State heal in progress                   accounts=2939@180.07KiB slots=3936@281.38KiB codes=12415@105.40MiB nodes=294,623,242@86.36GiB pending=89400
WARN [10-06|05:17:27.309] Dropping unsynced node during sync       id=1411502d71e1dbc2 conn=inbound addr=185.24.122.38:37058   type=OpenEthereum/v3.3.0-...
INFO [10-06|05:17:34.647] State heal in progress                   accounts=3015@184.88KiB slots=4101@293.25KiB codes=12415@105.40MiB nodes=294,624,119@86.36GiB pending=89794
INFO [10-06|05:17:38.204] Imported new block headers               count=1    elapsed=5.891ms   number=13,363,538 hash=e01215..2ea764
ERROR[10-06|05:17:39.877] Snapshot extension registration failed   peer=aec4562e err="peer connected on snap without compatible eth support"
INFO [10-06|05:17:43.725] State heal in progress                   accounts=3110@190.73KiB slots=4346@311.07KiB codes=12415@105.40MiB nodes=294,625,091@86.36GiB pending=89979
ERROR[10-06|05:17:47.816] Snapshot extension registration failed   peer=0c79ffae err="peer connected on snap without compatible eth support"
INFO [10-06|05:17:50.268] Imported new block headers               count=1    elapsed=8.617ms   number=13,363,539 hash=e1039e..67beb9
INFO [10-06|05:17:53.345] State heal in progress                   accounts=3174@194.25KiB slots=4478@320.48KiB codes=12415@105.40MiB nodes=294,625,957@86.36GiB pending=90630
INFO [10-06|05:17:56.299] Imported new block headers               count=1    elapsed=8.223ms   number=13,363,540 hash=31c90b..47e076
ERROR[10-06|05:17:59.487] Snapshot extension registration failed   peer=f477fd86 err="peer connected on snap without compatible eth support"
INFO [10-06|05:18:01.771] State heal in progress                   accounts=3232@197.64KiB slots=4736@339.20KiB codes=12415@105.40MiB nodes=294,626,977@86.36GiB pending=90890
WARN [10-06|05:18:04.685] Checkpoint challenge timed out, dropping id=9c8c910c3098b87f conn=inbound addr=162.55.135.157:49546  type=erigon/v2021.09.1-al...
ERROR[10-06|05:18:07.856] Snapshot extension registration failed   peer=9bd3dcce err="peer connected on snap without compatible eth support"
ERROR[10-06|05:18:10.182] Snapshot extension registration failed   peer=b52c702e err="peer connected on snap without compatible eth support"
INFO [10-06|05:18:11.296] State heal in progress                   accounts=3281@200.32KiB slots=5001@358.06KiB codes=12415@105.40MiB nodes=294,627,943@86.36GiB pending=91010
ERROR[10-06|05:18:15.905] Snapshot extension registration failed   peer=5e8011ec err="peer connected on snap without compatible eth support"
INFO [10-06|05:18:20.878] State heal in progress                   accounts=3336@203.77KiB slots=5155@369.13KiB codes=12415@105.40MiB nodes=294,628,795@86.37GiB pending=92012
ERROR[10-06|05:18:21.802] Snapshot extension registration failed   peer=d25775d5 err="peer connected on snap without compatible eth support"
WARN [10-06|05:18:26.957] Dropping unsynced node during sync       id=4e6ff08a176f5d4c conn=inbound addr=82.75.117.182:37146   type=Geth/v1.10.8-stable-...
INFO [10-06|05:18:29.900] State heal in progress                   accounts=3381@206.54KiB slots=5375@385.01KiB codes=12415@105.40MiB nodes=294,629,592@86.37GiB pending=92253
INFO [10-06|05:18:32.454] Imported new block headers               count=1    elapsed=22.433ms  number=13,363,541 hash=8c263d..50c3e4 age=1m2s
INFO [10-06|05:18:34.178] Downloader queue stats                   receiptTasks=0   blockTasks=0   itemSize=116.13KiB throttle=2258
INFO [10-06|05:18:38.741] State heal in progress                   accounts=3407@207.95KiB slots=5601@401.51KiB codes=12415@105.40MiB nodes=294,630,380@86.37GiB pending=92403
ERROR[10-06|05:18:40.613] Snapshot extension registration failed   peer=0a1e471f err="peer connected on snap without compatible eth support"
INFO [10-06|05:18:41.485] Imported new block headers               count=1    elapsed=6.704ms   number=13,363,542 hash=1f5cf4..3396bb
INFO [10-06|05:18:47.798] State heal in progress                   accounts=3444@210.21KiB slots=5754@412.68KiB codes=12415@105.40MiB nodes=294,631,209@86.37GiB pending=93248
INFO [10-06|05:18:50.527] Imported new block headers               count=1    elapsed=6.585ms   number=13,363,543 hash=ecf727..0ee928
ERROR[10-06|05:18:56.444] Snapshot extension registration failed   peer=9bd3dcce err="peer connected on snap without compatible eth support"
INFO [10-06|05:18:56.770] State heal in progress                   accounts=3462@211.40KiB slots=5941@426.18KiB codes=12415@105.40MiB nodes=294,631,993@86.37GiB pending=93959
INFO [10-06|05:19:05.799] State heal in progress                   accounts=3506@214.14KiB slots=6141@440.55KiB codes=12415@105.40MiB nodes=294,632,798@86.37GiB pending=94283
INFO [10-06|05:19:08.602] Imported new block headers               count=1    elapsed=6.593ms   number=13,363,544 hash=8f2aec..b04574
INFO [10-06|05:19:11.623] Imported new block headers               count=1    elapsed=5.898ms   number=13,363,545 hash=056026..263c72
INFO [10-06|05:19:14.651] Imported new block headers               count=2    elapsed=13.117ms  number=13,363,547 hash=0cd474..e50175
INFO [10-06|05:19:16.364] State heal in progress                   accounts=3549@216.63KiB slots=6365@457.04KiB codes=12415@105.40MiB nodes=294,633,759@86.37GiB pending=94745
INFO [10-06|05:19:23.689] Imported new block headers               count=1    elapsed=7.005ms   number=13,363,548 hash=ae4bd4..ae97a0
INFO [10-06|05:19:25.250] State heal in progress                   accounts=3554@216.95KiB slots=6464@464.27KiB codes=12415@105.40MiB nodes=294,634,330@86.37GiB pending=95290
ERROR[10-06|05:19:28.283] Snapshot extension registration failed   peer=ae8f0800 err="peer connected on snap without compatible eth support"
WARN [10-06|05:19:31.209] Pivot became stale, moving               old=13,363,420 new=13,363,486
INFO [10-06|05:19:31.369] Imported new block receipts              count=66   elapsed=157.473ms number=13,363,485 hash=ea32a1..b752a3 age=13m26s   size=7.17MiB
INFO [10-06|05:19:33.205] State heal in progress                   accounts=3585@218.58KiB slots=6574@472.35KiB codes=12415@105.40MiB nodes=294,634,880@86.37GiB pending=95554
ERROR[10-06|05:19:40.099] Snapshot extension registration failed   peer=6922ba1a err="peer connected on snap without compatible eth support"
ERROR[10-06|05:19:42.527] Snapshot extension registration failed   peer=a90d187c err="peer connected on snap without compatible eth support"
INFO [10-06|05:19:45.037] State heal in progress                   accounts=3585@218.58KiB slots=6574@472.35KiB codes=12415@105.40MiB nodes=294,637,204@86.37GiB pending=29887
INFO [10-06|05:19:50.984] Imported new block headers               count=1    elapsed=6.621ms   number=13,363,549 hash=13aa3d..907852
INFO [10-06|05:19:51.259] Downloader queue stats                   receiptTasks=0   blockTasks=0   itemSize=93.46KiB  throttle=2805
INFO [10-06|05:19:57.800] State heal in progress                   accounts=3585@218.58KiB slots=6574@472.35KiB codes=12415@105.40MiB nodes=294,638,704@86.37GiB pending=45583
INFO [10-06|05:20:00.032] Imported new block headers               count=1    elapsed=10.746ms  number=13,363,550 hash=9c18ab..9bbc0f
INFO [10-06|05:20:03.049] Imported new block headers               count=1    elapsed=6.327ms   number=13,363,551 hash=11b84c..d47c62
ERROR[10-06|05:20:06.571] Snapshot extension registration failed   peer=adf33177 err="peer connected on snap without compatible eth support"
INFO [10-06|05:20:07.252] State heal in progress                   accounts=3585@218.58KiB slots=6574@472.35KiB codes=12415@105.40MiB nodes=294,639,637@86.37GiB pending=51410
ERROR[10-06|05:20:13.365] Snapshot extension registration failed   peer=b3f6135d err="peer connected on snap without compatible eth support"
WARN [10-06|05:20:14.838] Unexpected trienode heal packet          peer=229a28e0 reqid=7,287,346,769,290,480,111
INFO [10-06|05:20:16.534] State heal in progress                   accounts=3585@218.58KiB slots=6574@472.35KiB codes=12415@105.40MiB nodes=294,640,691@86.37GiB pending=60991
WARN [10-06|05:20:16.535] Unexpected trienode heal packet          peer=4d4acdf1 reqid=5,190,295,807,942,652,025
WARN [10-06|05:20:18.107] Unexpected trienode heal packet          peer=ea7b6a8c reqid=4,676,430,034,938,460,402
ERROR[10-06|05:20:20.840] Snapshot extension registration failed   peer=2e94dc38 err="peer connected on snap without compatible eth support"
ERROR[10-06|05:20:21.564] Snapshot extension registration failed   peer=db10c423 err="peer connected on snap without compatible eth support"
INFO [10-06|05:20:24.758] State heal in progress                   accounts=3585@218.58KiB slots=6574@472.35KiB codes=12415@105.40MiB nodes=294,641,632@86.37GiB pending=69192
WARN [10-06|05:20:24.760] Unexpected trienode heal packet          peer=8ffa4333 reqid=217,410,360,912,034,877
INFO [10-06|05:20:30.159] Imported new block headers               count=1    elapsed=7.048ms   number=13,363,552 hash=2574c7..a09a44
ERROR[10-06|05:20:35.983] Snapshot extension registration failed   peer=b6d46900 err="peer connected on snap without compatible eth support"
INFO [10-06|05:20:36.807] State heal in progress                   accounts=3585@218.58KiB slots=6574@472.35KiB codes=12415@105.40MiB nodes=294,643,201@86.37GiB pending=72257
WARN [10-06|05:20:42.855] Unexpected trienode heal packet          peer=19d53014 reqid=8,470,172,005,743,325,112
ERROR[10-06|05:20:43.791] Snapshot extension registration failed   peer=d6f391f8 err="peer connected on snap without compatible eth support"
ERROR[10-06|05:20:44.841] Snapshot extension registration failed   peer=54b2c230 err="peer connected on snap without compatible eth support"
INFO [10-06|05:20:46.427] State heal in progress                   accounts=3585@218.58KiB slots=6574@472.35KiB codes=12415@105.40MiB nodes=294,644,534@86.37GiB pending=74237
WARN [10-06|05:20:46.428] Unexpected trienode heal packet          peer=a0378d3b reqid=4,857,554,916,449,224,783
INFO [10-06|05:20:48.387] Imported new block headers               count=1    elapsed=14.184ms  number=13,363,553 hash=514b75..160587
WARN [10-06|05:20:51.778] Unexpected trienode heal packet          peer=229a28e0 reqid=4,312,656,739,997,383,766
INFO [10-06|05:21:03.533] Imported new block headers               count=1    elapsed=43.410ms  number=13,363,554 hash=565b8d..bdb172 age=1m2s
INFO [10-06|05:21:04.312] Downloader queue stats                   receiptTasks=0   blockTasks=0   itemSize=121.41KiB throttle=2160
INFO [10-06|05:21:07.243] State heal in progress                   accounts=3585@218.58KiB slots=6574@472.35KiB codes=12415@105.40MiB nodes=294,645,898@86.37GiB pending=79368
WARN [10-06|05:21:07.284] Unexpected trienode heal packet          peer=8f153760 reqid=2,242,219,326,166,718,892