WARN [10-06|05:30:39.256] Dropping unsynced node during sync       id=25aa52dcb0d4fd9b conn=inbound addr=51.159.1.144:35012    type=Geth/v1.10.9-stable-...
INFO [10-06|05:30:44.490] Imported new block headers               count=1    elapsed=6.186ms   number=13,363,592 hash=d87ba9..981486
INFO [10-06|05:30:47.135] State heal in progress                   accounts=9409@525.19KiB slots=8295@604.02KiB codes=12416@105.41MiB nodes=294,684,998@86.38GiB pending=113,713
INFO [10-06|05:30:53.538] Imported new block headers               count=1    elapsed=6.388ms   number=13,363,593 hash=99fc34..8b6604
INFO [10-06|05:30:55.899] State heal in progress                   accounts=9467@528.33KiB slots=8730@636.02KiB codes=12416@105.41MiB nodes=294,686,437@86.38GiB pending=113,950
INFO [10-06|05:30:56.561] Imported new block headers               count=1    elapsed=6.053ms   number=13,363,594 hash=788f94..579cb9
INFO [10-06|05:31:03.992] State heal in progress                   accounts=9535@531.71KiB slots=8867@646.05KiB codes=12416@105.41MiB nodes=294,687,178@86.38GiB pending=114,242
ERROR[10-06|05:31:04.917] Snapshot extension registration failed   peer=40708135 err="peer connected on snap without compatible eth support"
INFO [10-06|05:31:05.613] Imported new block headers               count=1    elapsed=6.935ms   number=13,363,595 hash=dac8e4..220133
INFO [10-06|05:31:06.729] Downloader queue stats                   receiptTasks=0   blockTasks=0   itemSize=134.68KiB throttle=1947
INFO [10-06|05:31:13.543] State heal in progress                   accounts=9605@535.88KiB slots=9102@663.43KiB codes=12416@105.41MiB nodes=294,688,117@86.38GiB pending=114,318
INFO [10-06|05:31:23.067] State heal in progress                   accounts=9696@540.75KiB slots=9358@682.31KiB codes=12416@105.41MiB nodes=294,689,284@86.38GiB pending=115,370
INFO [10-06|05:31:31.319] State heal in progress                   accounts=9730@542.50KiB slots=9634@702.49KiB codes=12416@105.41MiB nodes=294,690,212@86.38GiB pending=116,175
INFO [10-06|05:31:41.349] State heal in progress                   accounts=9778@545.00KiB slots=9909@722.75KiB codes=12416@105.41MiB nodes=294,691,250@86.38GiB pending=116,584
INFO [10-06|05:31:47.800] Imported new block headers               count=1    elapsed=6.756ms   number=13,363,596 hash=ecfc14..6bf41d
INFO [10-06|05:31:49.506] State heal in progress                   accounts=9778@545.00KiB slots=10061@733.81KiB codes=12416@105.41MiB nodes=294,691,830@86.38GiB pending=116,790
ERROR[10-06|05:31:50.188] Snapshot extension registration failed   peer=20dcc090 err="peer connected on snap without compatible eth support"
WARN [10-06|05:31:51.378] Dropping unsynced node during sync       id=f2defb4ea102bf8b conn=inbound addr=39.183.9.163:21439    type=Geth/v1.10.6-unstabl...
ERROR[10-06|05:31:53.309] Snapshot extension registration failed   peer=51d80fd5 err="peer connected on snap without compatible eth support"
INFO [10-06|05:31:58.401] State heal in progress                   accounts=9824@547.67KiB slots=10258@748.35KiB codes=12416@105.41MiB nodes=294,692,645@86.38GiB pending=117,073
INFO [10-06|05:31:59.861] Imported new block headers               count=1    elapsed=6.873ms   number=13,363,597 hash=842a1f..18b86d age=1m4s
INFO [10-06|05:32:06.709] State heal in progress                   accounts=9872@550.23KiB slots=10618@774.55KiB codes=12416@105.41MiB nodes=294,693,577@86.38GiB pending=117,140
INFO [10-06|05:32:08.768] Downloader queue stats                   receiptTasks=0   blockTasks=0   itemSize=124.45KiB throttle=2107
INFO [10-06|05:32:15.065] State heal in progress                   accounts=9924@552.79KiB slots=10836@790.33KiB codes=12416@105.41MiB nodes=294,694,394@86.38GiB pending=117,390
INFO [10-06|05:32:24.316] State heal in progress                   accounts=9970@555.16KiB slots=11018@803.76KiB codes=12416@105.41MiB nodes=294,695,142@86.39GiB pending=117,565
INFO [10-06|05:32:32.710] State heal in progress                   accounts=9981@555.80KiB slots=11187@815.98KiB codes=12416@105.41MiB nodes=294,695,757@86.39GiB pending=117,745
INFO [10-06|05:32:39.034] Imported new block headers               count=1    elapsed=7.636ms   number=13,363,598 hash=a33a56..6f140d age=1m40s
ERROR[10-06|05:32:39.498] Snapshot extension registration failed   peer=2eed2385 err="peer connected on snap without compatible eth support"
INFO [10-06|05:32:42.085] State heal in progress                   accounts=9984@555.93KiB slots=11545@841.85KiB codes=12416@105.41MiB nodes=294,696,657@86.39GiB pending=117,708
ERROR[10-06|05:32:48.101] Snapshot extension registration failed   peer=fc089df1 err="peer connected on snap without compatible eth support"
ERROR[10-06|05:32:48.763] Snapshot extension registration failed   peer=f80b417d err="peer connected on snap without compatible eth support"
INFO [10-06|05:32:51.463] State heal in progress                   accounts=10017@557.59KiB slots=11703@853.26KiB codes=12416@105.41MiB nodes=294,697,296@86.39GiB pending=117,851
ERROR[10-06|05:32:58.449] Snapshot extension registration failed   peer=83a1b3f5 err="peer connected on snap without compatible eth support"
INFO [10-06|05:33:00.133] Imported new block headers               count=1    elapsed=9.936ms   number=13,363,599 hash=68e091..ead281 age=1m15s
INFO [10-06|05:33:00.581] State heal in progress                   accounts=10049@559.58KiB slots=11902@867.63KiB codes=12416@105.41MiB nodes=294,698,047@86.39GiB pending=118,048
WARN [10-06|05:33:07.475] Dropping unsynced node during sync       id=0b916969868112c1 conn=inbound addr=52.189.68.73:1984     type=Geth/v1.10.10-unstab...
INFO [10-06|05:33:09.853] State heal in progress                   accounts=10080@561.32KiB slots=12093@881.65KiB codes=12416@105.41MiB nodes=294,698,784@86.39GiB pending=118,149
ERROR[10-06|05:33:09.863] Snapshot extension registration failed   peer=40708135 err="peer connected on snap without compatible eth support"
WARN [10-06|05:33:10.621] Checkpoint challenge timed out, dropping id=e29a927fb214bd99 conn=dyndial addr=35.212.231.192:30303  type=erigon/v2021.09.1-al...
INFO [10-06|05:33:18.215] Imported new block headers               count=1    elapsed=6.522ms   number=13,363,600 hash=39a6b0..dd7b65 age=1m20s
INFO [10-06|05:33:19.660] State heal in progress                   accounts=10080@561.32KiB slots=12255@893.57KiB codes=12416@105.41MiB nodes=294,699,408@86.39GiB pending=118,357
INFO [10-06|05:33:21.238] Imported new block headers               count=1    elapsed=6.467ms   number=13,363,601 hash=814237..93d638
INFO [10-06|05:33:27.278] Imported new block headers               count=1    elapsed=6.171ms   number=13,363,602 hash=71b584..82b90b
INFO [10-06|05:33:27.927] State heal in progress                   accounts=10083@561.51KiB slots=12409@904.76KiB codes=12416@105.41MiB nodes=294,699,939@86.39GiB pending=118,423
INFO [10-06|05:33:28.852] Downloader queue stats                   receiptTasks=0   blockTasks=0   itemSize=153.21KiB throttle=1712
INFO [10-06|05:33:38.075] State heal in progress                   accounts=10092@562.02KiB slots=12635@921.38KiB codes=12416@105.41MiB nodes=294,700,641@86.39GiB pending=118,425
INFO [10-06|05:33:42.359] Imported new block headers               count=1    elapsed=5.863ms   number=13,363,603 hash=402dce..91c633
INFO [10-06|05:33:46.339] State heal in progress                   accounts=10114@563.33KiB slots=12810@934.05KiB codes=12416@105.41MiB nodes=294,701,287@86.39GiB pending=118,500
INFO [10-06|05:33:55.269] State heal in progress                   accounts=10118@563.50KiB slots=13005@948.57KiB codes=12416@105.41MiB nodes=294,701,995@86.39GiB pending=118,521
INFO [10-06|05:34:05.686] State heal in progress                   accounts=10121@563.62KiB slots=13240@965.66KiB codes=12416@105.41MiB nodes=294,702,807@86.39GiB pending=118,623
INFO [10-06|05:34:15.526] Imported new block headers               count=1    elapsed=6.900ms   number=13,363,604 hash=b70bad..30ff2b
INFO [10-06|05:34:15.867] State heal in progress                   accounts=10136@564.34KiB slots=13491@984.14KiB codes=12416@105.41MiB nodes=294,703,642@86.39GiB pending=118,626
INFO [10-06|05:34:21.561] Imported new block headers               count=1    elapsed=6.415ms   number=13,363,605 hash=002895..e6769b
INFO [10-06|05:34:24.257] State heal in progress                   accounts=10138@564.43KiB slots=13670@997.37KiB codes=12416@105.41MiB nodes=294,704,258@86.39GiB pending=118,566
INFO [10-06|05:34:24.585] Imported new block headers               count=1    elapsed=6.422ms   number=13,363,606 hash=2f2437..2bad3b
INFO [10-06|05:34:30.620] Imported new block headers               count=1    elapsed=5.711ms   number=13,363,607 hash=89e803..c4c049
INFO [10-06|05:34:33.207] State heal in progress                   accounts=10141@564.56KiB slots=13923@1015.87KiB codes=12416@105.41MiB nodes=294,705,136@86.39GiB pending=118,609
INFO [10-06|05:34:35.889] Downloader queue stats                   receiptTasks=0   blockTasks=0   itemSize=145.96KiB throttle=1797
INFO [10-06|05:34:42.140] State heal in progress                   accounts=10149@564.98KiB slots=14141@1.01MiB    codes=12416@105.41MiB nodes=294,706,053@86.39GiB pending=118,754
INFO [10-06|05:34:50.175] State heal in progress                   accounts=10149@564.98KiB slots=14575@1.04MiB    codes=12416@105.41MiB nodes=294,707,139@86.39GiB pending=118,375
INFO [10-06|05:34:54.733] Imported new block headers               count=1    elapsed=6.471ms   number=13,363,608 hash=d4cd26..d9ca5f
INFO [10-06|05:34:58.432] State heal in progress                   accounts=10149@564.98KiB slots=14723@1.05MiB    codes=12416@105.41MiB nodes=294,707,715@86.39GiB pending=118,655
INFO [10-06|05:35:08.600] State heal in progress                   accounts=10162@565.79KiB slots=14954@1.07MiB    codes=12416@105.41MiB nodes=294,708,562@86.39GiB pending=118,921
INFO [10-06|05:35:16.864] State heal in progress                   accounts=10172@566.34KiB slots=15333@1.09MiB    codes=12416@105.41MiB nodes=294,709,593@86.39GiB pending=118,705
INFO [10-06|05:35:25.698] State heal in progress                   accounts=10175@566.53KiB slots=15887@1.13MiB    codes=12416@105.41MiB nodes=294,710,866@86.39GiB pending=118,399
INFO [10-06|05:35:33.749] State heal in progress                   accounts=10182@566.96KiB slots=16158@1.15MiB    codes=12416@105.41MiB nodes=294,711,712@86.39GiB pending=118,722
INFO [10-06|05:35:42.771] State heal in progress                   accounts=10191@567.47KiB slots=16633@1.19MiB    codes=12416@105.41MiB nodes=294,712,843@86.39GiB pending=118,363
INFO [10-06|05:35:51.403] State heal in progress                   accounts=10192@567.57KiB slots=17239@1.23MiB    codes=12416@105.41MiB nodes=294,714,137@86.39GiB pending=117,707
INFO [10-06|05:35:59.939] State heal in progress                   accounts=10192@567.57KiB slots=17725@1.27MiB    codes=12416@105.41MiB nodes=294,715,313@86.39GiB pending=117,430
INFO [10-06|05:36:09.267] State heal in progress                   accounts=10196@567.86KiB slots=18096@1.29MiB    codes=12416@105.41MiB nodes=294,716,350@86.39GiB pending=117,147