2021-10-06 01:01:22 UTC Syncing #13362293 0xe787…9b7c     0.00 blk/s    0.0 tx/s    0.0 Mgas/s      0+   47 Qed Ancient:#12343681 LI:#13362341   38/50 peers      5 MiB chain   12 MiB queue  RPC:  0 conn,    0 req/s,    0 µs
2021-10-06 01:01:27 UTC Syncing #13362293 0xe787…9b7c     0.00 blk/s    0.0 tx/s    0.0 Mgas/s      0+   47 Qed Ancient:#12343681 LI:#13362341   38/50 peers      5 MiB chain   12 MiB queue  RPC:  0 conn,    0 req/s,    0 µs
2021-10-06 01:01:32 UTC Syncing #13362294 0x7175…e95f     0.20 blk/s   49.6 tx/s    5.0 Mgas/s      0+   47 Qed Ancient:#12343683 LI:#13362342   38/50 peers      5 MiB chain   12 MiB queue  RPC:  0 conn,    0 req/s,    0 µs
2021-10-06 01:01:37 UTC Syncing #13362295 0x6e15…19fe     0.20 blk/s   15.8 tx/s    1.1 Mgas/s      0+   47 Qed Ancient:#12343684 LI:#13362343   38/50 peers      5 MiB chain   12 MiB queue  RPC:  0 conn,    0 req/s,    0 µs
2021-10-06 01:01:42 UTC Syncing #13362295 0x6e15…19fe     0.00 blk/s    0.0 tx/s    0.0 Mgas/s      0+   47 Qed Ancient:#12343684 LI:#13362343   38/50 peers      5 MiB chain   12 MiB queue  RPC:  0 conn,    0 req/s,    0 µs
2021-10-06 01:01:47 UTC Syncing #13362296 0xa469…9abe     0.20 blk/s   10.2 tx/s    1.4 Mgas/s      0+   47 Qed Ancient:#12343685 LI:#13362344   39/50 peers      5 MiB chain   12 MiB queue  RPC:  0 conn,    0 req/s,    0 µs
2021-10-06 01:01:52 UTC Syncing #13362296 0xa469…9abe     0.00 blk/s    0.0 tx/s    0.0 Mgas/s      0+   47 Qed Ancient:#12343685 LI:#13362344   39/50 peers      5 MiB chain   12 MiB queue  RPC:  0 conn,    0 req/s,    0 µs
2021-10-06 01:01:57 UTC Syncing #13362296 0xa469…9abe     0.00 blk/s    0.0 tx/s    0.0 Mgas/s      0+   47 Qed Ancient:#12343685 LI:#13362344   39/50 peers      5 MiB chain   12 MiB queue  RPC:  0 conn,    0 req/s,    0 µs
2021-10-06 01:02:02 UTC Syncing #13362297 0x422d…2dc5     0.20 blk/s   20.0 tx/s    2.4 Mgas/s      0+   46 Qed Ancient:#12343686 LI:#13362344   39/50 peers      5 MiB chain   12 MiB queue  RPC:  0 conn,    0 req/s,    0 µs
2021-10-06 01:02:07 UTC Syncing #13362297 0x422d…2dc5     0.00 blk/s    0.0 tx/s    0.0 Mgas/s      0+   46 Qed Ancient:#12343686 LI:#13362344   39/50 peers      5 MiB chain   12 MiB queue  RPC:  0 conn,    0 req/s,    0 µs
2021-10-06 01:02:12 UTC Syncing #13362298 0xfd80…9263     0.20 blk/s    9.6 tx/s    0.9 Mgas/s      0+   46 Qed Ancient:#12343687 LI:#13362345   39/50 peers      5 MiB chain   12 MiB queue  RPC:  0 conn,    0 req/s,    0 µs
2021-10-06 01:02:17 UTC Syncing #13362298 0xfd80…9263     0.00 blk/s    0.0 tx/s    0.0 Mgas/s      0+   46 Qed Ancient:#12343687 LI:#13362345   39/50 peers      5 MiB chain   12 MiB queue  RPC:  0 conn,    0 req/s,    0 µs
2021-10-06 01:02:22 UTC Syncing #13362301 0x0f75…2d77     0.60 blk/s   72.4 tx/s    6.8 Mgas/s      0+   43 Qed Ancient:#12343691 LI:#13362345   39/50 peers      5 MiB chain   12 MiB queue  RPC:  0 conn,    0 req/s,    0 µs
2021-10-06 01:02:27 UTC Syncing #13362302 0x4a30…e66d     0.20 blk/s   71.0 tx/s    6.0 Mgas/s      0+   42 Qed Ancient:#12343692 LI:#13362345   39/50 peers      5 MiB chain   11 MiB queue  RPC:  0 conn,    0 req/s,    0 µs
2021-10-06 01:02:32 UTC Syncing #13362302 0x4a30…e66d     0.00 blk/s    0.0 tx/s    0.0 Mgas/s      0+   43 Qed Ancient:#12343692 LI:#13362346   39/50 peers      5 MiB chain   11 MiB queue  RPC:  0 conn,    0 req/s,    0 µs
2021-10-06 01:02:37 UTC Syncing #13362305 0x075c…4b92     0.60 blk/s   68.4 tx/s    6.2 Mgas/s      0+   40 Qed Ancient:#12343695 LI:#13362346   39/50 peers      5 MiB chain   11 MiB queue  RPC:  0 conn,    0 req/s,    0 µs
2021-10-06 01:02:42 UTC Syncing #13362305 0x075c…4b92     0.00 blk/s    0.0 tx/s    0.0 Mgas/s      0+   40 Qed Ancient:#12343695 LI:#13362346   38/50 peers      5 MiB chain   11 MiB queue  RPC:  0 conn,    0 req/s,    0 µs
2021-10-06 01:02:47 UTC Syncing #13362306 0x1962…9b01     0.20 blk/s   66.4 tx/s    6.0 Mgas/s      0+   39 Qed Ancient:#12343696 LI:#13362346   37/50 peers      5 MiB chain   11 MiB queue  RPC:  0 conn,    0 req/s,    0 µs
2021-10-06 01:02:52 UTC Syncing #13362307 0x719c…0cfd     0.20 blk/s   80.6 tx/s    6.0 Mgas/s      0+   38 Qed Ancient:#12343697 LI:#13362346   37/50 peers      5 MiB chain   10 MiB queue  RPC:  0 conn,    0 req/s,    0 µs
2021-10-06 01:02:57 UTC Syncing #13362308 0x9ac9…5325     0.20 blk/s   59.4 tx/s    6.0 Mgas/s      0+   37 Qed Ancient:#12343699 LI:#13362346   37/50 peers      5 MiB chain   10 MiB queue  RPC:  0 conn,    0 req/s,    0 µs
2021-10-06 01:03:02 UTC Syncing #13362310 0xa872…c0a6     0.40 blk/s   58.4 tx/s    5.5 Mgas/s      0+   35 Qed Ancient:#12343701 LI:#13362346   37/50 peers      5 MiB chain   10 MiB queue  RPC:  0 conn,    0 req/s,    0 µs
2021-10-06 01:03:07 UTC Syncing #13362312 0xde36…0f9f     0.40 blk/s   42.4 tx/s    3.2 Mgas/s      0+   34 Qed Ancient:#12343703 LI:#13362347   37/50 peers      4 MiB chain    9 MiB queue  RPC:  0 conn,    0 req/s,    0 µs
2021-10-06 01:03:12 UTC Syncing #13362313 0x23a4…b990     0.20 blk/s   67.0 tx/s    6.0 Mgas/s      0+   33 Qed Ancient:#12343704 LI:#13362347   38/50 peers      4 MiB chain    9 MiB queue  RPC:  0 conn,    0 req/s,    0 µs
2021-10-06 01:03:17 UTC Syncing #13362314 0x6d0a…e9e2     0.20 blk/s   24.2 tx/s    2.5 Mgas/s      0+   32 Qed Ancient:#12343705 LI:#13362347   39/50 peers      4 MiB chain    9 MiB queue  RPC:  0 conn,    0 req/s,    0 µs
2021-10-06 01:03:22 UTC Syncing #13362315 0x1241…b608     0.20 blk/s   25.6 tx/s    2.0 Mgas/s      0+   31 Qed Ancient:#12343706 LI:#13362347   39/50 peers      5 MiB chain    9 MiB queue  RPC:  0 conn,    0 req/s,    0 µs
2021-10-06 01:03:27 UTC Syncing #13362317 0x849f…660c     0.40 blk/s   55.8 tx/s    5.5 Mgas/s      0+   30 Qed Ancient:#12343708 LI:#13362348   39/50 peers      5 MiB chain    9 MiB queue  RPC:  0 conn,    0 req/s,    0 µs
2021-10-06 01:03:32 UTC Syncing #13362317 0x849f…660c     0.00 blk/s    0.0 tx/s    0.0 Mgas/s      0+   30 Qed Ancient:#12343708 LI:#13362348   38/50 peers      5 MiB chain    9 MiB queue  RPC:  0 conn,    0 req/s,    0 µs
2021-10-06 01:03:37 UTC Syncing #13362318 0x59c0…7a24     0.20 blk/s   83.6 tx/s    6.0 Mgas/s      0+   29 Qed Ancient:#12343709 LI:#13362348   38/50 peers      5 MiB chain    8 MiB queue  RPC:  0 conn,    0 req/s,    0 µs
2021-10-06 01:03:42 UTC Syncing #13362319 0xddcb…1771     0.20 blk/s   87.8 tx/s    6.0 Mgas/s      0+   29 Qed Ancient:#12343709 LI:#13362348   38/50 peers      5 MiB chain    8 MiB queue  RPC:  0 conn,    0 req/s,    0 µs
2021-10-06 01:03:47 UTC Syncing #13362319 0xddcb…1771     0.00 blk/s    0.0 tx/s    0.0 Mgas/s      0+   28 Qed Ancient:#12343710 LI:#13362348   38/50 peers      5 MiB chain    8 MiB queue  RPC:  0 conn,    0 req/s,    0 µs
2021-10-06 01:03:52 UTC Syncing #13362320 0x6da3…f647     0.20 blk/s   63.4 tx/s    6.0 Mgas/s      0+   29 Qed Ancient:#12343711 LI:#13362349   37/50 peers      5 MiB chain    8 MiB queue  RPC:  0 conn,    0 req/s,    0 µs
2021-10-06 01:03:57 UTC Syncing #13362323 0x5255…e5e0     0.60 blk/s   45.0 tx/s    3.6 Mgas/s      0+   25 Qed Ancient:#12343714 LI:#13362349   38/50 peers      5 MiB chain    7 MiB queue  RPC:  0 conn,    0 req/s,    0 µs
2021-10-06 01:04:02 UTC Syncing #13362324 0x5a97…c24c     0.20 blk/s   44.4 tx/s    3.2 Mgas/s      0+   24 Qed Ancient:#12343715 LI:#13362349   38/50 peers      5 MiB chain    7 MiB queue  RPC:  0 conn,    0 req/s,    0 µs
2021-10-06 01:04:07 UTC Syncing #13362324 0x5a97…c24c     0.00 blk/s    0.0 tx/s    0.0 Mgas/s      0+   24 Qed Ancient:#12343715 LI:#13362349   38/50 peers      5 MiB chain    7 MiB queue  RPC:  0 conn,    0 req/s,    0 µs
2021-10-06 01:04:12 UTC Syncing #13362325 0x6d74…5db8     0.20 blk/s   98.8 tx/s    6.0 Mgas/s      0+   24 Qed Ancient:#12343716 LI:#13362350   39/50 peers      5 MiB chain    6 MiB queue  RPC:  0 conn,    0 req/s,    0 µs
2021-10-06 01:04:17 UTC Syncing #13362326 0x7fe6…6c0e     0.20 blk/s   64.6 tx/s    6.0 Mgas/s      0+   23 Qed Ancient:#12343717 LI:#13362350   39/50 peers      5 MiB chain    6 MiB queue  RPC:  0 conn,    0 req/s,    0 µs
2021-10-06 01:04:22 UTC Syncing #13362328 0x387a…f69d     0.40 blk/s   24.2 tx/s    2.4 Mgas/s      0+   21 Qed Ancient:#12343721 LI:#13362350   39/50 peers      5 MiB chain    6 MiB queue  RPC:  0 conn,    0 req/s,    0 µs
2021-10-06 01:04:27 UTC Syncing #13362330 0xe170…1ab2     0.40 blk/s   29.4 tx/s    2.6 Mgas/s      0+   19 Qed Ancient:#12343723 LI:#13362350   39/50 peers      5 MiB chain    6 MiB queue  RPC:  0 conn,    0 req/s,    0 µs
2021-10-06 01:04:32 UTC Syncing #13362332 0x095d…d2fe     0.40 blk/s   49.4 tx/s    3.1 Mgas/s      0+   17 Qed Ancient:#12343725 LI:#13362350   39/50 peers      5 MiB chain    6 MiB queue  RPC:  0 conn,    0 req/s,    0 µs
2021-10-06 01:04:37 UTC Syncing #13362333 0x1260…254e     0.20 blk/s   27.6 tx/s    1.9 Mgas/s      0+   16 Qed Ancient:#12343726 LI:#13362350   39/50 peers      5 MiB chain    5 MiB queue  RPC:  0 conn,    0 req/s,    0 µs
2021-10-06 01:04:42 UTC Syncing #13362333 0x1260…254e     0.00 blk/s    0.0 tx/s    0.0 Mgas/s      0+   17 Qed Ancient:#12343726 LI:#13362351   39/50 peers      5 MiB chain    5 MiB queue  RPC:  0 conn,    0 req/s,    0 µs
2021-10-06 01:04:47 UTC Syncing #13362335 0xb051…ceb9     0.40 blk/s   83.4 tx/s    7.6 Mgas/s      0+   19 Qed Ancient:#12343728 LI:#13362353   39/50 peers      5 MiB chain    5 MiB queue  RPC:  0 conn,    0 req/s,    0 µs
2021-10-06 01:04:52 UTC Syncing #13362337 0x1099…d8a9     0.40 blk/s   43.6 tx/s    4.0 Mgas/s      0+   17 Qed Ancient:#12343730 LI:#13362353   39/50 peers      5 MiB chain    5 MiB queue  RPC:  0 conn,    0 req/s,    0 µs
2021-10-06 01:04:57 UTC Syncing #13362337 0x1099…d8a9     0.00 blk/s    0.0 tx/s    0.0 Mgas/s      0+   17 Qed Ancient:#12343730 LI:#13362353   39/50 peers      5 MiB chain    5 MiB queue  RPC:  0 conn,    0 req/s,    0 µs
2021-10-06 01:05:02 UTC Syncing #13362338 0x75ac…19fc     0.20 blk/s   94.0 tx/s    6.0 Mgas/s      0+   16 Qed Ancient:#12343731 LI:#13362353   38/50 peers      5 MiB chain    4 MiB queue  RPC:  0 conn,    0 req/s,    0 µs
2021-10-06 01:05:07 UTC Syncing #13362339 0x8243…b5ad     0.20 blk/s   47.0 tx/s    5.1 Mgas/s      0+   15 Qed Ancient:#12343732 LI:#13362353   38/50 peers      5 MiB chain    4 MiB queue  RPC:  0 conn,    0 req/s,    0 µs
2021-10-06 01:05:12 UTC Syncing #13362340 0x3bad…b656     0.20 blk/s   21.2 tx/s    1.7 Mgas/s      0+   14 Qed Ancient:#12343733 LI:#13362353   38/50 peers      5 MiB chain    3 MiB queue  RPC:  0 conn,    0 req/s,    0 µs
2021-10-06 01:05:17 UTC Syncing #13362341 0xf3c8…9f0d     0.20 blk/s   83.2 tx/s    6.0 Mgas/s      0+   13 Qed Ancient:#12343734 LI:#13362353   38/50 peers      5 MiB chain    3 MiB queue  RPC:  0 conn,    0 req/s,    0 µs
2021-10-06 01:05:22 UTC Syncing #13362341 0xf3c8…9f0d     0.00 blk/s    0.0 tx/s    0.0 Mgas/s      0+   13 Qed Ancient:#12343734 LI:#13362353   38/50 peers      5 MiB chain    3 MiB queue  RPC:  0 conn,    0 req/s,    0 µs
2021-10-06 01:05:27 UTC Syncing #13362343 0xeb3c…1759     0.40 blk/s   55.8 tx/s    4.7 Mgas/s      0+   12 Qed Ancient:#12343736 LI:#13362354   38/50 peers      5 MiB chain    3 MiB queue  RPC:  0 conn,    0 req/s,    0 µs
2021-10-06 01:05:32 UTC Syncing #13362345 0x9ddb…ff61     0.40 blk/s   63.2 tx/s    6.3 Mgas/s      0+   10 Qed Ancient:#12343738 LI:#13362354   38/50 peers      5 MiB chain    3 MiB queue  RPC:  0 conn,    0 req/s,    0 µs
2021-10-06 01:05:37 UTC Syncing #13362346 0x0725…1f55     0.20 blk/s   50.2 tx/s    4.3 Mgas/s      0+    9 Qed Ancient:#12343739 LI:#13362354   38/50 peers      5 MiB chain    2 MiB queue  RPC:  0 conn,    0 req/s,    0 µs
2021-10-06 01:05:42 UTC Syncing #13362346 0x0725…1f55     0.00 blk/s    0.0 tx/s    0.0 Mgas/s      0+   10 Qed Ancient:#12343739 LI:#13362355   38/50 peers      5 MiB chain    3 MiB queue  RPC:  0 conn,    0 req/s,    0 µs
2021-10-06 01:05:47 UTC Syncing #13362347 0x44d8…2af3     0.20 blk/s   88.4 tx/s    6.0 Mgas/s      0+   10 Qed Ancient:#12343740 LI:#13362356   38/50 peers      5 MiB chain    2 MiB queue  RPC:  0 conn,    0 req/s,    0 µs
2021-10-06 01:05:52 UTC Syncing #13362348 0x8603…0f7c     0.20 blk/s   46.4 tx/s    4.5 Mgas/s      0+   10 Qed Ancient:#12343741 LI:#13362357   38/50 peers      4 MiB chain    2 MiB queue  RPC:  0 conn,    0 req/s,    0 µs
2021-10-06 01:05:57 UTC Syncing #13362349 0x6295…a692     0.20 blk/s   50.4 tx/s    3.6 Mgas/s      0+    9 Qed Ancient:#12343742 LI:#13362357   38/50 peers      4 MiB chain    2 MiB queue  RPC:  0 conn,    0 req/s,    0 µs
2021-10-06 01:06:02 UTC Syncing #13362351 0x4dcc…a881     0.40 blk/s   75.0 tx/s    5.8 Mgas/s      0+    7 Qed Ancient:#12343744 LI:#13362357   38/50 peers      4 MiB chain    1 MiB queue  RPC:  0 conn,    0 req/s,    0 µs
2021-10-06 01:06:27 UTC Imported #13362358 0xfdff…ff36 (296 txs, 21.80 Mgas, 7040 ms, 130.41 KiB)
2021-10-06 01:06:36 UTC  Ancient:#12344432 AB:#12347257   35/50 peers     36 KiB chain  0 bytes queue  RPC:  0 conn,    0 req/s,    0 µs
2021-10-06 01:06:45 UTC Imported #13362359 0x8c44…251b (244 txs, 17.54 Mgas, 5552 ms, 107.19 KiB)
2021-10-06 01:07:05 UTC Imported #13362360 0x1906…4071 (128 txs, 8.85 Mgas, 3698 ms, 44.10 KiB)