2021-10-06 01:16:22 UTC Syncing #13362370 0xbcbd…0f94     0.00 blk/s    0.0 tx/s    0.0 Mgas/s      0+   29 Qed Ancient:#12349219 LI:#13362399   24/25 peers      4 MiB chain    8 MiB queue  RPC:  0 conn,    0 req/s,    0 µs
2021-10-06 01:16:27 UTC Syncing #13362370 0xbcbd…0f94     0.00 blk/s    0.0 tx/s    0.0 Mgas/s      0+   30 Qed Ancient:#12349219 LI:#13362400   26/50 peers      4 MiB chain    8 MiB queue  RPC:  0 conn,    0 req/s,    0 µs
2021-10-06 01:16:32 UTC Syncing #13362370 0xbcbd…0f94     0.00 blk/s    0.0 tx/s    0.0 Mgas/s      0+   30 Qed Ancient:#12349219 LI:#13362400   26/50 peers      4 MiB chain    8 MiB queue  RPC:  0 conn,    0 req/s,    0 µs
2021-10-06 01:16:37 UTC Syncing #13362372 0x1d3c…3596     0.40 blk/s   77.8 tx/s    4.8 Mgas/s      0+   28 Qed Ancient:#12349222 LI:#13362400   26/50 peers      4 MiB chain    8 MiB queue  RPC:  0 conn,    0 req/s,    0 µs
2021-10-06 01:16:42 UTC Syncing #13362373 0x2dc1…1afa     0.20 blk/s   19.0 tx/s    2.7 Mgas/s      0+   29 Qed Ancient:#12349223 LI:#13362402   25/25 peers      4 MiB chain    8 MiB queue  RPC:  0 conn,    0 req/s,    0 µs
2021-10-06 01:16:47 UTC Syncing #13362373 0x2dc1…1afa     0.00 blk/s    0.0 tx/s    0.0 Mgas/s      0+   29 Qed Ancient:#12349223 LI:#13362402   25/25 peers      4 MiB chain    8 MiB queue  RPC:  0 conn,    0 req/s,    0 µs
2021-10-06 01:16:52 UTC Syncing #13362373 0x2dc1…1afa     0.00 blk/s    0.0 tx/s    0.0 Mgas/s      0+   30 Qed Ancient:#12349223 LI:#13362403   25/25 peers      4 MiB chain    8 MiB queue  RPC:  0 conn,    0 req/s,    0 µs
2021-10-06 01:16:57 UTC Syncing #13362374 0x4f5d…67aa     0.20 blk/s   46.2 tx/s    2.9 Mgas/s      0+   30 Qed Ancient:#12349224 LI:#13362404   26/50 peers      4 MiB chain    8 MiB queue  RPC:  0 conn,    0 req/s,    0 µs
2021-10-06 01:17:02 UTC Syncing #13362374 0x4f5d…67aa     0.00 blk/s    0.0 tx/s    0.0 Mgas/s      0+   30 Qed Ancient:#12349224 LI:#13362404   24/25 peers      4 MiB chain    8 MiB queue  RPC:  0 conn,    0 req/s,    0 µs
2021-10-06 01:17:07 UTC Syncing #13362374 0x4f5d…67aa     0.00 blk/s    0.0 tx/s    0.0 Mgas/s      0+   31 Qed Ancient:#12349224 LI:#13362405   24/25 peers      4 MiB chain    8 MiB queue  RPC:  0 conn,    0 req/s,    0 µs
2021-10-06 01:17:12 UTC Syncing #13362374 0x4f5d…67aa     0.00 blk/s    0.0 tx/s    0.0 Mgas/s      0+   31 Qed Ancient:#12349224 LI:#13362405   24/25 peers      4 MiB chain    8 MiB queue  RPC:  0 conn,    0 req/s,    0 µs
2021-10-06 01:17:17 UTC Syncing #13362375 0xcef4…4c46     0.20 blk/s   70.6 tx/s    5.9 Mgas/s      0+   30 Qed Ancient:#12349226 LI:#13362405   25/25 peers      4 MiB chain    7 MiB queue  RPC:  0 conn,    0 req/s,    0 µs
2021-10-06 01:17:22 UTC Syncing #13362375 0xcef4…4c46     0.00 blk/s    0.0 tx/s    0.0 Mgas/s      0+   30 Qed Ancient:#12349226 LI:#13362405   27/50 peers      4 MiB chain    7 MiB queue  RPC:  0 conn,    0 req/s,    0 µs
2021-10-06 01:17:27 UTC Syncing #13362375 0xcef4…4c46     0.00 blk/s    0.0 tx/s    0.0 Mgas/s      0+   30 Qed Ancient:#12349226 LI:#13362405   29/50 peers      4 MiB chain    7 MiB queue  RPC:  0 conn,    0 req/s,    0 µs
2021-10-06 01:17:32 UTC Syncing #13362375 0xcef4…4c46     0.00 blk/s    0.0 tx/s    0.0 Mgas/s      0+   31 Qed Ancient:#12349226 LI:#13362406   29/50 peers      6 MiB chain    8 MiB queue  RPC:  0 conn,    0 req/s,    0 µs
2021-10-06 01:17:37 UTC Syncing #13362375 0xcef4…4c46     0.00 blk/s    0.0 tx/s    0.0 Mgas/s      0+   31 Qed Ancient:#12349226 LI:#13362406   28/50 peers      7 MiB chain    8 MiB queue  RPC:  0 conn,    0 req/s,    0 µs
2021-10-06 01:17:42 UTC Syncing #13362376 0x5c81…2212     0.20 blk/s   58.2 tx/s    5.9 Mgas/s      0+   30 Qed Ancient:#12349227 LI:#13362406   28/50 peers      7 MiB chain    8 MiB queue  RPC:  0 conn,    0 req/s,    0 µs
2021-10-06 01:17:48 UTC Syncing #13362377 0xe340…bad1     0.20 blk/s   14.4 tx/s    2.2 Mgas/s      0+   30 Qed Ancient:#12349228 LI:#13362407   30/50 peers      5 MiB chain    8 MiB queue  RPC:  0 conn,    0 req/s,    0 µs
2021-10-06 01:17:52 UTC Syncing #13362378 0x0b4d…beaa     0.20 blk/s    7.6 tx/s    0.8 Mgas/s      0+   29 Qed Ancient:#12349229 LI:#13362407   30/50 peers      5 MiB chain    8 MiB queue  RPC:  0 conn,    0 req/s,    0 µs
2021-10-06 01:17:57 UTC Syncing #13362378 0x0b4d…beaa     0.00 blk/s    0.0 tx/s    0.0 Mgas/s      0+   29 Qed Ancient:#12349229 LI:#13362407   32/50 peers      5 MiB chain    8 MiB queue  RPC:  0 conn,    0 req/s,    0 µs
2021-10-06 01:18:02 UTC Syncing #13362378 0x0b4d…beaa     0.00 blk/s    0.0 tx/s    0.0 Mgas/s      0+   29 Qed Ancient:#12349229 LI:#13362407   31/50 peers      5 MiB chain    8 MiB queue  RPC:  0 conn,    0 req/s,    0 µs
2021-10-06 01:18:07 UTC Syncing #13362379 0xb31e…3fe4     0.20 blk/s   25.4 tx/s    2.7 Mgas/s      0+   28 Qed Ancient:#12349230 LI:#13362407   31/50 peers      5 MiB chain    8 MiB queue  RPC:  0 conn,    0 req/s,    0 µs
2021-10-06 01:18:12 UTC Syncing #13362380 0x5ed1…110f     0.20 blk/s    8.0 tx/s    0.7 Mgas/s      0+   27 Qed Ancient:#12349231 LI:#13362407   31/50 peers      5 MiB chain    7 MiB queue  RPC:  0 conn,    0 req/s,    0 µs
2021-10-06 01:18:17 UTC Syncing #13362380 0x5ed1…110f     0.00 blk/s    0.0 tx/s    0.0 Mgas/s      0+   28 Qed Ancient:#12349231 LI:#13362408   31/50 peers      5 MiB chain    8 MiB queue  RPC:  0 conn,    0 req/s,    0 µs
2021-10-06 01:18:22 UTC Syncing #13362380 0x5ed1…110f     0.00 blk/s    0.0 tx/s    0.0 Mgas/s      0+   28 Qed Ancient:#12349231 LI:#13362408   31/50 peers      5 MiB chain    8 MiB queue  RPC:  0 conn,    0 req/s,    0 µs
2021-10-06 01:18:27 UTC Syncing #13362380 0x5ed1…110f     0.00 blk/s    0.0 tx/s    0.0 Mgas/s      0+   28 Qed Ancient:#12349231 LI:#13362408   31/50 peers      5 MiB chain    8 MiB queue  RPC:  0 conn,    0 req/s,    0 µs
2021-10-06 01:18:32 UTC Syncing #13362380 0x5ed1…110f     0.00 blk/s    0.0 tx/s    0.0 Mgas/s      0+   28 Qed Ancient:#12349231 LI:#13362408   32/50 peers      5 MiB chain    8 MiB queue  RPC:  0 conn,    0 req/s,    0 µs
2021-10-06 01:18:37 UTC Syncing #13362380 0x5ed1…110f     0.00 blk/s    0.0 tx/s    0.0 Mgas/s      0+   29 Qed Ancient:#12349231 LI:#13362409   32/50 peers      5 MiB chain    8 MiB queue  RPC:  0 conn,    0 req/s,    0 µs
2021-10-06 01:18:42 UTC Syncing #13362381 0xb94e…f6f2     0.20 blk/s   68.2 tx/s    6.0 Mgas/s      0+   29 Qed Ancient:#12349232 LI:#13362410   32/50 peers      5 MiB chain    7 MiB queue  RPC:  0 conn,    0 req/s,    0 µs
2021-10-06 01:18:47 UTC Syncing #13362381 0xb94e…f6f2     0.00 blk/s    0.0 tx/s    0.0 Mgas/s      0+   29 Qed Ancient:#12349232 LI:#13362410   32/50 peers      5 MiB chain    7 MiB queue  RPC:  0 conn,    0 req/s,    0 µs
2021-10-06 01:18:52 UTC Syncing #13362381 0xb94e…f6f2     0.00 blk/s    0.0 tx/s    0.0 Mgas/s      0+   29 Qed Ancient:#12349232 LI:#13362410   32/50 peers      5 MiB chain    7 MiB queue  RPC:  0 conn,    0 req/s,    0 µs
2021-10-06 01:18:57 UTC Syncing #13362381 0xb94e…f6f2     0.00 blk/s    0.0 tx/s    0.0 Mgas/s      0+   30 Qed Ancient:#12349232 LI:#13362411   32/50 peers      5 MiB chain    8 MiB queue  RPC:  0 conn,    0 req/s,    0 µs
2021-10-06 01:19:02 UTC Syncing #13362381 0xb94e…f6f2     0.00 blk/s    0.0 tx/s    0.0 Mgas/s      0+   30 Qed Ancient:#12349232 LI:#13362411   33/50 peers      5 MiB chain    8 MiB queue  RPC:  0 conn,    0 req/s,    0 µs
2021-10-06 01:19:07 UTC Syncing #13362381 0xb94e…f6f2     0.00 blk/s    0.0 tx/s    0.0 Mgas/s      0+   30 Qed Ancient:#12349232 LI:#13362411   33/50 peers      5 MiB chain    8 MiB queue  RPC:  0 conn,    0 req/s,    0 µs
2021-10-06 01:19:12 UTC Syncing #13362382 0xc108…d7f9     0.20 blk/s   65.8 tx/s    6.0 Mgas/s      0+   29 Qed Ancient:#12349233 LI:#13362411   33/50 peers      5 MiB chain    7 MiB queue  RPC:  0 conn,    0 req/s,    0 µs
2021-10-06 01:19:17 UTC Syncing #13362383 0xc489…cebd     0.20 blk/s    9.2 tx/s    1.3 Mgas/s      0+   29 Qed Ancient:#12349235 LI:#13362412   32/50 peers      5 MiB chain    7 MiB queue  RPC:  0 conn,    0 req/s,    0 µs
2021-10-06 01:19:22 UTC Syncing #13362383 0xc489…cebd     0.00 blk/s    0.0 tx/s    0.0 Mgas/s      0+   30 Qed Ancient:#12349235 LI:#13362413   31/50 peers      5 MiB chain    7 MiB queue  RPC:  0 conn,    0 req/s,    0 µs
2021-10-06 01:19:27 UTC Syncing #13362383 0xc489…cebd     0.00 blk/s    0.0 tx/s    0.0 Mgas/s      0+   31 Qed Ancient:#12349235 LI:#13362414   31/50 peers      5 MiB chain    8 MiB queue  RPC:  0 conn,    0 req/s,    0 µs
2021-10-06 01:19:32 UTC Syncing #13362383 0xc489…cebd     0.00 blk/s    0.0 tx/s    0.0 Mgas/s      0+   31 Qed Ancient:#12349235 LI:#13362414   32/50 peers      6 MiB chain    8 MiB queue  RPC:  0 conn,    0 req/s,    0 µs
2021-10-06 01:19:37 UTC Syncing #13362383 0xc489…cebd     0.00 blk/s    0.0 tx/s    0.0 Mgas/s      0+   31 Qed Ancient:#12349235 LI:#13362414   31/50 peers      6 MiB chain    8 MiB queue  RPC:  0 conn,    0 req/s,    0 µs
2021-10-06 01:19:42 UTC Syncing #13362383 0xc489…cebd     0.00 blk/s    0.0 tx/s    0.0 Mgas/s      0+   31 Qed Ancient:#12349235 LI:#13362414   32/50 peers      6 MiB chain    8 MiB queue  RPC:  0 conn,    0 req/s,    0 µs
2021-10-06 01:19:47 UTC Syncing #13362384 0xc9a8…8581     0.20 blk/s   50.8 tx/s    6.0 Mgas/s      0+   30 Qed Ancient:#12349237 LI:#13362414   34/50 peers      6 MiB chain    7 MiB queue  RPC:  0 conn,    0 req/s,    0 µs
2021-10-06 01:19:52 UTC Syncing #13362384 0xc9a8…8581     0.00 blk/s    0.0 tx/s    0.0 Mgas/s      0+   30 Qed Ancient:#12349237 LI:#13362414   35/50 peers      3 MiB chain    7 MiB queue  RPC:  0 conn,    0 req/s,    0 µs
2021-10-06 01:19:57 UTC Syncing #13362384 0xc9a8…8581     0.00 blk/s    0.0 tx/s    0.0 Mgas/s      0+   30 Qed Ancient:#12349237 LI:#13362414   36/50 peers      3 MiB chain    7 MiB queue  RPC:  0 conn,    0 req/s,    0 µs
2021-10-06 01:20:02 UTC Syncing #13362384 0xc9a8…8581     0.00 blk/s    0.0 tx/s    0.0 Mgas/s      0+   30 Qed Ancient:#12349237 LI:#13362414   36/50 peers      3 MiB chain    7 MiB queue  RPC:  0 conn,    0 req/s,    0 µs
2021-10-06 01:20:07 UTC Syncing #13362386 0x259e…faea     0.40 blk/s   75.0 tx/s    6.8 Mgas/s      0+   28 Qed Ancient:#12349240 LI:#13362414   36/50 peers      3 MiB chain    7 MiB queue  RPC:  0 conn,    0 req/s,    0 µs
2021-10-06 01:20:12 UTC Syncing #13362386 0x259e…faea     0.00 blk/s    0.0 tx/s    0.0 Mgas/s      0+   28 Qed Ancient:#12349240 LI:#13362414   36/50 peers      3 MiB chain    7 MiB queue  RPC:  0 conn,    0 req/s,    0 µs
2021-10-06 01:20:17 UTC Syncing #13362386 0x259e…faea     0.00 blk/s    0.0 tx/s    0.0 Mgas/s      0+   28 Qed Ancient:#12349240 LI:#13362414   37/50 peers      3 MiB chain    7 MiB queue  RPC:  0 conn,    0 req/s,    0 µs
2021-10-06 01:20:22 UTC Syncing #13362386 0x259e…faea     0.00 blk/s    0.0 tx/s    0.0 Mgas/s      0+   28 Qed Ancient:#12349240 LI:#13362414   36/50 peers      3 MiB chain    7 MiB queue  RPC:  0 conn,    0 req/s,    0 µs
2021-10-06 01:20:27 UTC Syncing #13362387 0xaa14…54cf     0.20 blk/s   48.4 tx/s    5.9 Mgas/s      0+   28 Qed Ancient:#12349241 LI:#13362415   36/50 peers      3 MiB chain    7 MiB queue  RPC:  0 conn,    0 req/s,    0 µs
2021-10-06 01:20:32 UTC Syncing #13362387 0xaa14…54cf     0.00 blk/s    0.0 tx/s    0.0 Mgas/s      0+   28 Qed Ancient:#12349241 LI:#13362415   36/50 peers      3 MiB chain    7 MiB queue  RPC:  0 conn,    0 req/s,    0 µs
2021-10-06 01:20:37 UTC Syncing #13362388 0xd897…bb2a     0.20 blk/s   26.8 tx/s    2.8 Mgas/s      0+   27 Qed Ancient:#12349242 LI:#13362415   36/50 peers      3 MiB chain    7 MiB queue  RPC:  0 conn,    0 req/s,    0 µs
2021-10-06 01:20:42 UTC Syncing #13362390 0x9739…3a68     0.40 blk/s   25.6 tx/s    2.3 Mgas/s      0+   26 Qed Ancient:#12349244 LI:#13362416   36/50 peers      3 MiB chain    7 MiB queue  RPC:  0 conn,    0 req/s,    0 µs
2021-10-06 01:20:47 UTC Syncing #13362390 0x9739…3a68     0.00 blk/s    0.0 tx/s    0.0 Mgas/s      0+   28 Qed Ancient:#12349244 LI:#13362418   35/50 peers      3 MiB chain    7 MiB queue  RPC:  0 conn,    0 req/s,    0 µs
2021-10-06 01:20:52 UTC Syncing #13362390 0x9739…3a68     0.00 blk/s    0.0 tx/s    0.0 Mgas/s      0+   28 Qed Ancient:#12349244 LI:#13362418   35/50 peers      3 MiB chain    7 MiB queue  RPC:  0 conn,    0 req/s,    0 µs
2021-10-06 01:20:57 UTC Syncing #13362391 0x2557…c8f5     0.20 blk/s   41.2 tx/s    3.2 Mgas/s      0+   28 Qed Ancient:#12349244 LI:#13362418   33/50 peers      3 MiB chain    7 MiB queue  RPC:  0 conn,    0 req/s,    0 µs
2021-10-06 01:21:02 UTC Syncing #13362391 0x2557…c8f5     0.00 blk/s    0.0 tx/s    0.0 Mgas/s      0+   28 Qed Ancient:#12349245 LI:#13362419   34/50 peers      3 MiB chain    7 MiB queue  RPC:  0 conn,    0 req/s,    0 µs
2021-10-06 01:21:07 UTC Syncing #13362391 0x2557…c8f5     0.00 blk/s    0.0 tx/s    0.0 Mgas/s      0+   28 Qed Ancient:#12349245 LI:#13362419   34/50 peers      3 MiB chain    7 MiB queue  RPC:  0 conn,    0 req/s,    0 µs
2021-10-06 01:21:12 UTC Syncing #13362392 0x2bff…118a     0.20 blk/s   35.8 tx/s    2.4 Mgas/s      0+   27 Qed Ancient:#12349246 LI:#13362419   34/50 peers      3 MiB chain    7 MiB queue  RPC:  0 conn,    0 req/s,    0 µs
2021-10-06 01:21:17 UTC Syncing #13362392 0x2bff…118a     0.00 blk/s    0.0 tx/s    0.0 Mgas/s      0+   28 Qed Ancient:#12349246 LI:#13362420   34/50 peers      3 MiB chain    7 MiB queue  RPC:  0 conn,    0 req/s,    0 µs
2021-10-06 01:21:22 UTC Syncing #13362393 0x4596…727d     0.20 blk/s   39.0 tx/s    3.2 Mgas/s      0+   27 Qed Ancient:#12349247 LI:#13362420   34/50 peers      4 MiB chain    7 MiB queue  RPC:  0 conn,    0 req/s,    0 µs
2021-10-06 01:21:27 UTC Syncing #13362393 0x4596…727d     0.00 blk/s    0.0 tx/s    0.0 Mgas/s      0+   27 Qed Ancient:#12349247 LI:#13362420   33/50 peers      4 MiB chain    7 MiB queue  RPC:  0 conn,    0 req/s,    0 µs
2021-10-06 01:21:32 UTC Syncing #13362394 0x1032…12b8     0.20 blk/s   12.8 tx/s    1.1 Mgas/s      0+   27 Qed Ancient:#12349248 LI:#13362421   32/50 peers      4 MiB chain    7 MiB queue  RPC:  0 conn,    0 req/s,    0 µs
2021-10-06 01:21:37 UTC Syncing #13362394 0x1032…12b8     0.00 blk/s    0.0 tx/s    0.0 Mgas/s      0+   27 Qed Ancient:#12349248 LI:#13362421   32/50 peers      4 MiB chain    7 MiB queue  RPC:  0 conn,    0 req/s,    0 µs
2021-10-06 01:21:42 UTC Syncing #13362395 0x327e…0d77     0.20 blk/s   21.4 tx/s    1.5 Mgas/s      0+   26 Qed Ancient:#12349249 LI:#13362421   32/50 peers      4 MiB chain    7 MiB queue  RPC:  0 conn,    0 req/s,    0 µs
2021-10-06 01:21:47 UTC Syncing #13362395 0x327e…0d77     0.00 blk/s    0.0 tx/s    0.0 Mgas/s      0+   26 Qed Ancient:#12349249 LI:#13362421   32/50 peers      4 MiB chain    7 MiB queue  RPC:  0 conn,    0 req/s,    0 µs
2021-10-06 01:21:52 UTC Syncing #13362395 0x327e…0d77     0.00 blk/s    0.0 tx/s    0.0 Mgas/s      0+   26 Qed Ancient:#12349249 LI:#13362421   32/50 peers      4 MiB chain    7 MiB queue  RPC:  0 conn,    0 req/s,    0 µs
2021-10-06 01:21:57 UTC Syncing #13362395 0x327e…0d77     0.00 blk/s    0.0 tx/s    0.0 Mgas/s      0+   28 Qed Ancient:#12349249 LI:#13362423   32/50 peers      4 MiB chain    7 MiB queue  RPC:  0 conn,    0 req/s,    0 µs
2021-10-06 01:22:02 UTC Syncing #13362395 0x327e…0d77     0.00 blk/s    0.0 tx/s    0.0 Mgas/s      0+   28 Qed Ancient:#12349249 LI:#13362423   32/50 peers      4 MiB chain    7 MiB queue  RPC:  0 conn,    0 req/s,    0 µs
2021-10-06 01:22:07 UTC Syncing #13362395 0x327e…0d77     0.00 blk/s    0.0 tx/s    0.0 Mgas/s      0+   28 Qed Ancient:#12349249 LI:#13362423   32/50 peers      4 MiB chain    7 MiB queue  RPC:  0 conn,    0 req/s,    0 µs