2021-10-07 16:04:16 UTC Syncing #13372758 0xb7d9…21a6     0.20 blk/s   85.0 tx/s    6.0 Mgas/s      0+    8 Qed Ancient:#12812585 LI:#13372766    5/25 peers      5 MiB chain    2 MiB queue  RPC:  0 conn,    0 req/s,    0 µs
2021-10-07 16:04:20 UTC Syncing #13372760 0x0eab…31c0     0.40 blk/s   67.6 tx/s    4.2 Mgas/s      0+    6 Qed Ancient:#12812587 LI:#13372766    4/25 peers      5 MiB chain    2 MiB queue  RPC:  0 conn,    0 req/s,    0 µs
2021-10-07 16:04:26 UTC Syncing #13372760 0x0eab…31c0     0.00 blk/s    0.0 tx/s    0.0 Mgas/s      0+    7 Qed Ancient:#12812587 LI:#13372767    3/25 peers      5 MiB chain    2 MiB queue  RPC:  0 conn,    0 req/s,    0 µs
2021-10-07 16:04:30 UTC Syncing #13372762 0x7088…da48     0.40 blk/s   77.8 tx/s    5.1 Mgas/s      0+    5 Qed Ancient:#12812589 LI:#13372767    3/25 peers      5 MiB chain    2 MiB queue  RPC:  0 conn,    0 req/s,    0 µs
2021-10-07 16:04:33 UTC Syncing #13372762 0x7088…da48     0.00 blk/s    0.0 tx/s    0.0 Mgas/s      0+    5 Qed Ancient:#12812589 LI:#13372765    3/25 peers      5 MiB chain    2 MiB queue  RPC:  0 conn,    0 req/s,    0 µs
2021-10-07 16:04:38 UTC Syncing #13372763 0x5af1…2c31     0.20 blk/s  101.6 tx/s    5.9 Mgas/s      0+    5 Qed Ancient:#12812590 LI:#13372767    3/25 peers      5 MiB chain    2 MiB queue  RPC:  0 conn,    0 req/s,    0 µs
2021-10-07 16:05:04 UTC Imported #13372767 0x5748…2483 (439 txs, 29.28 Mgas, 4115 ms, 125.83 KiB)
2021-10-07 16:05:13 UTC  Ancient:#12814402 AB:#12814402    2/25 peers     39 MiB chain  0 bytes queue  RPC:  0 conn,    0 req/s,    0 µs
2021-10-07 16:06:04 UTC  Ancient:#12814402 AB:#12814402    2/25 peers     76 KiB chain  0 bytes queue  RPC:  0 conn,    0 req/s,    0 µs
2021-10-07 16:06:15 UTC Reorg to #13372768 0xd955…6b50 (0x0868…baf1 0x525a…3646 #13372765 0xd87b…79fd 0xeacb…70f0 0x5748…2483)
2021-10-07 16:06:41 UTC Syncing #13372768 0xd955…6b50     0.03 blk/s    8.2 tx/s    0.5 Mgas/s      0+    9 Qed Ancient:#12814402 LI:#13372777    2/25 peers    678 KiB chain    2 MiB queue  RPC:  0 conn,    0 req/s,    0 µs
2021-10-07 16:07:04 UTC Syncing #13372768 0xd955…6b50     0.00 blk/s    0.0 tx/s    0.0 Mgas/s      0+   10 Qed Ancient:#12814442 LI:#13372778    1/25 peers      2 MiB chain    2 MiB queue  RPC:  0 conn,    0 req/s,    0 µs
2021-10-07 16:07:04 UTC Syncing #13372768 0xd955…6b50     0.00 blk/s    0.0 tx/s    0.0 Mgas/s      0+   10 Qed Ancient:#12814442 LI:#13372778    1/25 peers      2 MiB chain    2 MiB queue  RPC:  0 conn,    0 req/s,    0 µs
2021-10-07 16:07:16 UTC Syncing #13372768 0xd955…6b50     0.00 blk/s    0.0 tx/s    0.0 Mgas/s      0+   10 Qed Ancient:#12814501 LI:#13372778    1/25 peers      3 MiB chain    2 MiB queue  RPC:  0 conn,    0 req/s,    0 µs
2021-10-07 16:07:31 UTC Syncing #13372768 0xd955…6b50     0.00 blk/s    0.0 tx/s    0.0 Mgas/s      0+   11 Qed Ancient:#12814520 LI:#13372779    1/25 peers      3 MiB chain    3 MiB queue  RPC:  0 conn,    0 req/s,    0 µs
2021-10-07 16:07:51 UTC Syncing #13372768 0xd955…6b50     0.00 blk/s    0.0 tx/s    0.0 Mgas/s      0+   11 Qed Ancient:#12814541 LI:#13372779    1/25 peers      3 MiB chain    3 MiB queue  RPC:  0 conn,    0 req/s,    0 µs
2021-10-07 16:08:09 UTC Syncing #13372768 0xd955…6b50     0.00 blk/s    0.0 tx/s    0.0 Mgas/s      0+   12 Qed Ancient:#12814541 LI:#13372780    0/25 peers      3 MiB chain    3 MiB queue  RPC:  0 conn,    0 req/s,    0 µs
2021-10-07 16:08:11 UTC Syncing #13372768 0xd955…6b50     0.00 blk/s    0.0 tx/s    0.0 Mgas/s      0+   12 Qed Ancient:#12814541 LI:#13372780    0/25 peers      3 MiB chain    3 MiB queue  RPC:  0 conn,    0 req/s,    0 µs
2021-10-07 16:08:21 UTC Syncing #13372768 0xd955…6b50     0.00 blk/s    0.0 tx/s    0.0 Mgas/s      0+   12 Qed Ancient:#12814541 LI:#13372780    0/25 peers      3 MiB chain    3 MiB queue  RPC:  0 conn,    0 req/s,    0 µs
2021-10-07 16:08:24 UTC Syncing #13372768 0xd955…6b50     0.00 blk/s    0.0 tx/s    0.0 Mgas/s      0+   12 Qed Ancient:#12814541 LI:#13372780    0/25 peers      3 MiB chain    3 MiB queue  RPC:  0 conn,    0 req/s,    0 µs
2021-10-07 16:08:27 UTC Syncing #13372769 0x006a…9436     0.28 blk/s    7.2 tx/s    0.4 Mgas/s      0+   10 Qed Ancient:#12814541 LI:#13372780    0/25 peers      3 MiB chain    3 MiB queue  RPC:  0 conn,    0 req/s,    0 µs
2021-10-07 16:08:33 UTC Syncing #13372769 0x006a…9436     0.00 blk/s    0.0 tx/s    0.0 Mgas/s      0+   10 Qed Ancient:#12814541 LI:#13372780    0/25 peers      3 MiB chain    3 MiB queue  RPC:  0 conn,    0 req/s,    0 µs
2021-10-07 16:08:37 UTC Syncing #13372769 0x006a…9436     0.00 blk/s    0.0 tx/s    0.0 Mgas/s      0+   10 Qed Ancient:#12814541 LI:#13372780    0/25 peers      3 MiB chain    3 MiB queue  RPC:  0 conn,    0 req/s,    0 µs
2021-10-07 16:08:43 UTC Syncing #13372770 0x89fc…8342     0.20 blk/s   47.4 tx/s    3.1 Mgas/s      0+    9 Qed Ancient:#12814541 LI:#13372780    0/25 peers      3 MiB chain    2 MiB queue  RPC:  0 conn,    0 req/s,    0 µs
2021-10-07 16:08:48 UTC Syncing #13372770 0x89fc…8342     0.00 blk/s    0.0 tx/s    0.0 Mgas/s      0+    9 Qed Ancient:#12814541 LI:#13372780    0/25 peers      3 MiB chain    2 MiB queue  RPC:  0 conn,    0 req/s,    0 µs
2021-10-07 16:08:52 UTC Syncing #13372773 0x11a5…97fa     0.60 blk/s   44.4 tx/s    3.7 Mgas/s      0+    6 Qed Ancient:#12814541 LI:#13372780    0/25 peers      3 MiB chain    2 MiB queue  RPC:  0 conn,    0 req/s,    0 µs
2021-10-07 16:08:58 UTC Syncing #13372773 0x11a5…97fa     0.00 blk/s    0.0 tx/s    0.0 Mgas/s      0+    6 Qed Ancient:#12814541 LI:#13372780    0/25 peers      3 MiB chain    2 MiB queue  RPC:  0 conn,    0 req/s,    0 µs
2021-10-07 16:09:02 UTC Syncing #13372773 0x11a5…97fa     0.00 blk/s    0.0 tx/s    0.0 Mgas/s      0+    6 Qed Ancient:#12814541 LI:#13372780    0/25 peers      3 MiB chain    2 MiB queue  RPC:  0 conn,    0 req/s,    0 µs
2021-10-07 16:09:08 UTC Syncing #13372773 0x11a5…97fa     0.00 blk/s    0.0 tx/s    0.0 Mgas/s      0+    6 Qed Ancient:#12814541 LI:#13372780    0/25 peers      3 MiB chain    2 MiB queue  RPC:  0 conn,    0 req/s,    0 µs
2021-10-07 16:09:13 UTC Syncing #13372773 0x11a5…97fa     0.00 blk/s    0.0 tx/s    0.0 Mgas/s      0+    6 Qed Ancient:#12814541 LI:#13372780    0/25 peers      3 MiB chain    2 MiB queue  RPC:  0 conn,    0 req/s,    0 µs
2021-10-07 16:09:23 UTC Syncing #13372775 0xbc81…37c0     0.20 blk/s   51.9 tx/s    3.4 Mgas/s      0+    4 Qed Ancient:#12814541 LI:#13372780    0/25 peers      3 MiB chain    2 MiB queue  RPC:  0 conn,    0 req/s,    0 µs
2021-10-07 16:09:23 UTC Syncing #13372774 0x467d…35bd     0.20 blk/s   84.6 tx/s    5.5 Mgas/s      0+    5 Qed Ancient:#12814541 LI:#13372780    0/25 peers      3 MiB chain    2 MiB queue  RPC:  0 conn,    0 req/s,    0 µs
2021-10-07 16:09:38 UTC Syncing #13372776 0x3eba…4e5f     0.13 blk/s   16.1 tx/s    1.1 Mgas/s      0+    3 Qed Ancient:#12814541 LI:#13372780    1/25 peers      3 MiB chain    1 MiB queue  RPC:  0 conn,    0 req/s,    0 µs
2021-10-07 16:09:44 UTC Syncing #13372776 0x3eba…4e5f     0.00 blk/s    0.0 tx/s    0.0 Mgas/s      0+    3 Qed Ancient:#12814541 LI:#13372780    1/25 peers      3 MiB chain    1 MiB queue  RPC:  0 conn,    0 req/s,    0 µs
2021-10-07 16:09:48 UTC Syncing #13372776 0x3eba…4e5f     0.00 blk/s    0.0 tx/s    0.0 Mgas/s      0+   17 Qed Ancient:#12814541 LI:#13372794    2/25 peers      3 MiB chain    4 MiB queue  RPC:  0 conn,    0 req/s,    0 µs
2021-10-07 16:09:54 UTC Syncing #13372777 0x150e…8bd5     0.20 blk/s  102.2 tx/s    5.9 Mgas/s      0+   16 Qed Ancient:#12814543 LI:#13372794    3/25 peers      3 MiB chain    4 MiB queue  RPC:  0 conn,    0 req/s,    0 µs
2021-10-07 16:10:02 UTC Syncing #13372777 0x150e…8bd5     0.00 blk/s    0.0 tx/s    0.0 Mgas/s      0+   17 Qed Ancient:#12814543 LI:#13372795    3/25 peers      3 MiB chain    4 MiB queue  RPC:  0 conn,    0 req/s,    0 µs
2021-10-07 16:10:03 UTC Syncing #13372777 0x150e…8bd5     0.00 blk/s    0.0 tx/s    0.0 Mgas/s      0+   17 Qed Ancient:#12814543 LI:#13372791    3/25 peers      3 MiB chain    4 MiB queue  RPC:  0 conn,    0 req/s,    0 µs
2021-10-07 16:10:10 UTC Syncing #13372777 0x150e…8bd5     0.00 blk/s    0.0 tx/s    0.0 Mgas/s      0+   18 Qed Ancient:#12814543 LI:#13372791    3/25 peers      3 MiB chain    4 MiB queue  RPC:  0 conn,    0 req/s,    0 µs
2021-10-07 16:10:13 UTC Syncing #13372777 0x150e…8bd5     0.00 blk/s    0.0 tx/s    0.0 Mgas/s      0+   18 Qed Ancient:#12814543 LI:#13372791    3/25 peers      3 MiB chain    4 MiB queue  RPC:  0 conn,    0 req/s,    0 µs
2021-10-07 16:10:18 UTC Syncing #13372778 0xfb02…9eab     0.20 blk/s   46.0 tx/s    3.6 Mgas/s      0+   17 Qed Ancient:#12814544 LI:#13372791    3/25 peers      3 MiB chain    4 MiB queue  RPC:  0 conn,    0 req/s,    0 µs
2021-10-07 16:10:25 UTC Syncing #13372779 0xd15a…28fd     0.20 blk/s  120.2 tx/s    6.0 Mgas/s      0+   16 Qed Ancient:#12814545 LI:#13372791    3/25 peers      5 MiB chain    3 MiB queue  RPC:  0 conn,    0 req/s,    0 µs
2021-10-07 16:10:31 UTC Syncing #13372780 0xf822…d0ae     0.20 blk/s   28.2 tx/s    2.1 Mgas/s      0+   15 Qed Ancient:#12814546 LI:#13372791    3/25 peers      5 MiB chain    3 MiB queue  RPC:  0 conn,    0 req/s,    0 µs
2021-10-07 16:10:36 UTC Syncing #13372781 0x6edb…cc42     0.20 blk/s   48.8 tx/s    3.9 Mgas/s      0+   14 Qed Ancient:#12814547 LI:#13372791    3/25 peers      5 MiB chain    3 MiB queue  RPC:  0 conn,    0 req/s,    0 µs
2021-10-07 16:10:41 UTC Syncing #13372784 0xfe69…3db7     0.60 blk/s   56.4 tx/s    3.8 Mgas/s      0+   11 Qed Ancient:#12814550 LI:#13372791    3/25 peers      5 MiB chain    3 MiB queue  RPC:  0 conn,    0 req/s,    0 µs
2021-10-07 16:10:45 UTC Syncing #13372785 0x9dbe…a75f     0.20 blk/s   20.4 tx/s    1.4 Mgas/s      0+   10 Qed Ancient:#12814551 LI:#13372791    3/25 peers      5 MiB chain    2 MiB queue  RPC:  0 conn,    0 req/s,    0 µs
2021-10-07 16:10:51 UTC Syncing #13372786 0x4984…8990     0.20 blk/s   64.8 tx/s    6.0 Mgas/s      0+    9 Qed Ancient:#12814552 LI:#13372791    3/25 peers      5 MiB chain    2 MiB queue  RPC:  0 conn,    0 req/s,    0 µs
2021-10-07 16:10:56 UTC Syncing #13372788 0x1772…5421     0.40 blk/s   32.6 tx/s    2.5 Mgas/s      0+    8 Qed Ancient:#12814554 LI:#13372796    3/25 peers      5 MiB chain    2 MiB queue  RPC:  0 conn,    0 req/s,    0 µs
2021-10-07 16:11:02 UTC Syncing #13372790 0xec02…3cf6     0.40 blk/s   55.8 tx/s    3.6 Mgas/s      0+    6 Qed Ancient:#12814556 LI:#13372796    3/25 peers      5 MiB chain    2 MiB queue  RPC:  0 conn,    0 req/s,    0 µs
2021-10-07 16:11:03 UTC Syncing #13372790 0xec02…3cf6     0.00 blk/s    0.0 tx/s    0.0 Mgas/s      0+    6 Qed Ancient:#12814556 LI:#13372796    3/25 peers      5 MiB chain    2 MiB queue  RPC:  0 conn,    0 req/s,    0 µs
2021-10-07 16:11:09 UTC Syncing #13372791 0x719f…c3c3     0.20 blk/s   84.8 tx/s    6.0 Mgas/s      0+    5 Qed Ancient:#12814557 LI:#13372796    3/25 peers      5 MiB chain    1 MiB queue  RPC:  0 conn,    0 req/s,    0 µs
2021-10-07 16:11:16 UTC Syncing #13372792 0x48a5…7daa     0.20 blk/s   66.0 tx/s    6.0 Mgas/s      0+    6 Qed Ancient:#12814558 LI:#13372798    2/25 peers      5 MiB chain    2 MiB queue  RPC:  0 conn,    0 req/s,    0 µs
2021-10-07 16:11:18 UTC Syncing #13372793 0x520c…36a2     0.20 blk/s   46.0 tx/s    3.7 Mgas/s      0+    5 Qed Ancient:#12814559 LI:#13372798    2/25 peers      5 MiB chain    2 MiB queue  RPC:  0 conn,    0 req/s,    0 µs
2021-10-07 16:11:28 UTC Syncing #13372795 0x157f…5bdd     0.20 blk/s   24.4 tx/s    1.5 Mgas/s      0+    3 Qed Ancient:#12814561 LI:#13372798    2/25 peers      5 MiB chain    1 MiB queue  RPC:  0 conn,    0 req/s,    0 µs