2021-10-07 20:12:58 UTC Syncing #13373838 0xef3c…88b1     0.20 blk/s   44.4 tx/s    2.5 Mgas/s      0+   40 Qed Ancient:#12873453 LI:#13373877   15/25 peers      3 MiB chain   11 MiB queue  RPC:  0 conn,    0 req/s,    0 µs
2021-10-07 20:13:04 UTC Syncing #13373839 0xad16…7952     0.20 blk/s    8.0 tx/s    0.5 Mgas/s      0+   40 Qed Ancient:#12873454 LI:#13373878   15/25 peers      3 MiB chain   11 MiB queue  RPC:  0 conn,    0 req/s,    0 µs
2021-10-07 20:13:04 UTC Syncing #13373839 0xad16…7952     0.00 blk/s    0.0 tx/s    0.0 Mgas/s      0+   40 Qed Ancient:#12873454 LI:#13373878   15/25 peers      3 MiB chain   11 MiB queue  RPC:  0 conn,    0 req/s,    0 µs
2021-10-07 20:13:10 UTC Syncing #13373839 0xad16…7952     0.00 blk/s    0.0 tx/s    0.0 Mgas/s      0+   40 Qed Ancient:#12873454 LI:#13373878   15/25 peers      3 MiB chain   11 MiB queue  RPC:  0 conn,    0 req/s,    0 µs
2021-10-07 20:13:16 UTC Syncing #13373840 0x9a16…9f35     0.20 blk/s   58.6 tx/s    4.0 Mgas/s      0+   40 Qed Ancient:#12873455 LI:#13373879   15/25 peers      3 MiB chain   11 MiB queue  RPC:  0 conn,    0 req/s,    0 µs
2021-10-07 20:13:20 UTC Syncing #13373840 0x9a16…9f35     0.00 blk/s    0.0 tx/s    0.0 Mgas/s      0+   40 Qed Ancient:#12873455 LI:#13373879   15/25 peers      3 MiB chain   11 MiB queue  RPC:  0 conn,    0 req/s,    0 µs
2021-10-07 20:13:24 UTC Syncing #13373840 0x9a16…9f35     0.00 blk/s    0.0 tx/s    0.0 Mgas/s      0+   41 Qed Ancient:#12873455 LI:#13373880   13/25 peers      3 MiB chain   12 MiB queue  RPC:  0 conn,    0 req/s,    0 µs
2021-10-07 20:13:31 UTC Syncing #13373841 0x849f…3331     0.20 blk/s   79.2 tx/s    3.9 Mgas/s      0+   40 Qed Ancient:#12873456 LI:#13373880   16/25 peers      3 MiB chain   12 MiB queue  RPC:  0 conn,    0 req/s,    0 µs
2021-10-07 20:13:36 UTC Syncing #13373842 0x4de1…a2f6     0.20 blk/s   15.0 tx/s    0.8 Mgas/s      0+   39 Qed Ancient:#12873457 LI:#13373880   16/25 peers      3 MiB chain   11 MiB queue  RPC:  0 conn,    0 req/s,    0 µs
2021-10-07 20:13:41 UTC Syncing #13373843 0x2f94…408b     0.20 blk/s   28.0 tx/s    1.6 Mgas/s      0+   38 Qed Ancient:#12873458 LI:#13373880   16/25 peers      3 MiB chain   11 MiB queue  RPC:  0 conn,    0 req/s,    0 µs
2021-10-07 20:13:48 UTC Syncing #13373843 0x2f94…408b     0.00 blk/s    0.0 tx/s    0.0 Mgas/s      0+   38 Qed Ancient:#12873458 LI:#13373880   15/25 peers      3 MiB chain   11 MiB queue  RPC:  0 conn,    0 req/s,    0 µs
2021-10-07 20:13:49 UTC Syncing #13373843 0x2f94…408b     0.00 blk/s    0.0 tx/s    0.0 Mgas/s      0+   38 Qed Ancient:#12873458 LI:#13373880   15/25 peers      3 MiB chain   11 MiB queue  RPC:  0 conn,    0 req/s,    0 µs
2021-10-07 20:13:58 UTC Syncing #13373844 0x8655…899e     0.20 blk/s   44.8 tx/s    3.5 Mgas/s      0+   37 Qed Ancient:#12873459 LI:#13373880   15/25 peers      3 MiB chain   11 MiB queue  RPC:  0 conn,    0 req/s,    0 µs
2021-10-07 20:13:59 UTC Syncing #13373844 0x8655…899e     0.00 blk/s    0.0 tx/s    0.0 Mgas/s      0+   37 Qed Ancient:#12873459 LI:#13373880   15/25 peers      3 MiB chain   11 MiB queue  RPC:  0 conn,    0 req/s,    0 µs
2021-10-07 20:14:05 UTC Syncing #13373845 0x703e…3613     0.20 blk/s   18.8 tx/s    1.3 Mgas/s      0+   36 Qed Ancient:#12873460 LI:#13373880   14/25 peers      3 MiB chain   11 MiB queue  RPC:  0 conn,    0 req/s,    0 µs
2021-10-07 20:14:09 UTC Syncing #13373845 0x703e…3613     0.00 blk/s    0.0 tx/s    0.0 Mgas/s      0+   37 Qed Ancient:#12873460 LI:#13373881   10/25 peers      3 MiB chain   11 MiB queue  RPC:  0 conn,    0 req/s,    0 µs
2021-10-07 20:14:19 UTC Syncing #13373846 0xf0d0…f606     0.10 blk/s   11.6 tx/s    1.2 Mgas/s      0+   36 Qed Ancient:#12873461 LI:#13373881   12/25 peers      3 MiB chain   11 MiB queue  RPC:  0 conn,    0 req/s,    0 µs
2021-10-07 20:14:19 UTC Syncing #13373846 0xf0d0…f606     0.20 blk/s   23.2 tx/s    2.5 Mgas/s      0+   36 Qed Ancient:#12873461 LI:#13373881   12/25 peers      3 MiB chain   11 MiB queue  RPC:  0 conn,    0 req/s,    0 µs
2021-10-07 20:14:24 UTC Syncing #13373846 0xf0d0…f606     0.00 blk/s    0.0 tx/s    0.0 Mgas/s      0+   36 Qed Ancient:#12873461 LI:#13373881   14/25 peers      3 MiB chain   11 MiB queue  RPC:  0 conn,    0 req/s,    0 µs
2021-10-07 20:14:29 UTC Syncing #13373846 0xf0d0…f606     0.00 blk/s    0.0 tx/s    0.0 Mgas/s      0+   36 Qed Ancient:#12873461 LI:#13373881   17/25 peers      3 MiB chain   11 MiB queue  RPC:  0 conn,    0 req/s,    0 µs
2021-10-07 20:14:34 UTC Syncing #13373846 0xf0d0…f606     0.00 blk/s    0.0 tx/s    0.0 Mgas/s      0+   36 Qed Ancient:#12873461 LI:#13373881   17/25 peers      3 MiB chain   11 MiB queue  RPC:  0 conn,    0 req/s,    0 µs
2021-10-07 20:14:39 UTC Syncing #13373846 0xf0d0…f606     0.00 blk/s    0.0 tx/s    0.0 Mgas/s      0+   37 Qed Ancient:#12873461 LI:#13373882   15/25 peers      3 MiB chain   11 MiB queue  RPC:  0 conn,    0 req/s,    0 µs
2021-10-07 20:14:44 UTC Syncing #13373846 0xf0d0…f606     0.00 blk/s    0.0 tx/s    0.0 Mgas/s      0+   38 Qed Ancient:#12873461 LI:#13373883   18/25 peers      3 MiB chain   12 MiB queue  RPC:  0 conn,    0 req/s,    0 µs
2021-10-07 20:14:50 UTC Syncing #13373847 0x1cd6…4172     0.20 blk/s   70.0 tx/s    6.1 Mgas/s      0+   37 Qed Ancient:#12873462 LI:#13373883   19/25 peers      5 MiB chain   11 MiB queue  RPC:  0 conn,    0 req/s,    0 µs
2021-10-07 20:14:54 UTC Syncing #13373847 0x1cd6…4172     0.00 blk/s    0.0 tx/s    0.0 Mgas/s      0+   37 Qed Ancient:#12873462 LI:#13373883   18/25 peers      5 MiB chain   11 MiB queue  RPC:  0 conn,    0 req/s,    0 µs
2021-10-07 20:15:02 UTC Syncing #13373847 0x1cd6…4172     0.00 blk/s    0.0 tx/s    0.0 Mgas/s      0+   38 Qed Ancient:#12873462 LI:#13373884   21/25 peers      5 MiB chain   11 MiB queue  RPC:  0 conn,    0 req/s,    0 µs
2021-10-07 20:15:05 UTC Syncing #13373847 0x1cd6…4172     0.00 blk/s    0.0 tx/s    0.0 Mgas/s      0+   38 Qed Ancient:#12873462 LI:#13373884   21/25 peers      5 MiB chain   11 MiB queue  RPC:  0 conn,    0 req/s,    0 µs
2021-10-07 20:15:09 UTC Syncing #13373847 0x1cd6…4172     0.00 blk/s    0.0 tx/s    0.0 Mgas/s      0+   38 Qed Ancient:#12873462 LI:#13373884   20/25 peers      5 MiB chain   11 MiB queue  RPC:  0 conn,    0 req/s,    0 µs
2021-10-07 20:15:16 UTC Syncing #13373848 0x14bf…e20a     0.20 blk/s   83.8 tx/s    6.0 Mgas/s      0+   37 Qed Ancient:#12873463 LI:#13373884   23/25 peers      5 MiB chain   11 MiB queue  RPC:  0 conn,    0 req/s,    0 µs
2021-10-07 20:15:19 UTC Syncing #13373848 0x14bf…e20a     0.00 blk/s    0.0 tx/s    0.0 Mgas/s      0+   39 Qed Ancient:#12873463 LI:#13373886   21/25 peers      5 MiB chain   11 MiB queue  RPC:  0 conn,    0 req/s,    0 µs
2021-10-07 20:15:24 UTC Syncing #13373848 0x14bf…e20a     0.00 blk/s    0.0 tx/s    0.0 Mgas/s      0+   39 Qed Ancient:#12873463 LI:#13373886   21/25 peers      5 MiB chain   11 MiB queue  RPC:  0 conn,    0 req/s,    0 µs
2021-10-07 20:15:29 UTC Syncing #13373848 0x14bf…e20a     0.00 blk/s    0.0 tx/s    0.0 Mgas/s      0+   39 Qed Ancient:#12873463 LI:#13373886   21/25 peers      5 MiB chain   11 MiB queue  RPC:  0 conn,    0 req/s,    0 µs
2021-10-07 20:15:34 UTC Syncing #13373848 0x14bf…e20a     0.00 blk/s    0.0 tx/s    0.0 Mgas/s      0+   39 Qed Ancient:#12873463 LI:#13373886   21/25 peers      5 MiB chain   11 MiB queue  RPC:  0 conn,    0 req/s,    0 µs
2021-10-07 20:15:39 UTC Syncing #13373848 0x14bf…e20a     0.00 blk/s    0.0 tx/s    0.0 Mgas/s      0+   39 Qed Ancient:#12873463 LI:#13373886   21/25 peers      5 MiB chain   11 MiB queue  RPC:  0 conn,    0 req/s,    0 µs
2021-10-07 20:15:47 UTC Syncing #13373849 0xd691…cdee     0.20 blk/s   82.0 tx/s    5.8 Mgas/s      0+   41 Qed Ancient:#12873464 LI:#13373889   20/25 peers      5 MiB chain   11 MiB queue  RPC:  0 conn,    0 req/s,    0 µs
2021-10-07 20:15:49 UTC Syncing #13373849 0xd691…cdee     0.20 blk/s   74.2 tx/s    5.1 Mgas/s      0+   43 Qed Ancient:#12873465 LI:#13373892   19/25 peers      6 MiB chain   11 MiB queue  RPC:  0 conn,    0 req/s,    0 µs
2021-10-07 20:15:52 UTC Reorg to #13373850 0x4b1c…21b7 (0xd691…cdee #13373848 0x14bf…e20a 0x0862…39d8)
2021-10-07 20:15:56 UTC Syncing #13373850 0x4b1c…21b7     0.20 blk/s   27.0 tx/s    2.1 Mgas/s      0+   43 Qed Ancient:#12873467 LI:#13373893   19/25 peers      6 MiB chain   11 MiB queue  RPC:  0 conn,    0 req/s,    0 µs
2021-10-07 20:16:02 UTC Syncing #13373851 0xa018…6183     0.20 blk/s   22.8 tx/s    1.3 Mgas/s      0+   42 Qed Ancient:#12873468 LI:#13373893   19/25 peers      6 MiB chain   11 MiB queue  RPC:  0 conn,    0 req/s,    0 µs
2021-10-07 20:16:05 UTC Syncing #13373851 0xa018…6183     0.00 blk/s    0.0 tx/s    0.0 Mgas/s      0+   42 Qed Ancient:#12873468 LI:#13373894   11/25 peers      3 MiB chain   11 MiB queue  RPC:  0 conn,    0 req/s,    0 µs
2021-10-07 20:16:09 UTC Syncing #13373851 0xa018…6183     0.00 blk/s    0.0 tx/s    0.0 Mgas/s      0+   44 Qed Ancient:#12873468 LI:#13373895   11/25 peers      3 MiB chain   11 MiB queue  RPC:  0 conn,    0 req/s,    0 µs
2021-10-07 20:16:14 UTC Syncing #13373851 0xa018…6183     0.00 blk/s    0.0 tx/s    0.0 Mgas/s      0+   44 Qed Ancient:#12873468 LI:#13373895   11/25 peers      3 MiB chain   11 MiB queue  RPC:  0 conn,    0 req/s,    0 µs
2021-10-07 20:16:19 UTC Syncing #13373852 0x2696…d1fe     0.20 blk/s  102.2 tx/s    5.5 Mgas/s      0+   44 Qed Ancient:#12873469 LI:#13373896   14/25 peers      3 MiB chain   11 MiB queue  RPC:  0 conn,    0 req/s,    0 µs
2021-10-07 20:16:24 UTC Syncing #13373852 0x2696…d1fe     0.00 blk/s    0.0 tx/s    0.0 Mgas/s      0+   44 Qed Ancient:#12873469 LI:#13373896   13/25 peers      4 MiB chain   11 MiB queue  RPC:  0 conn,    0 req/s,    0 µs
2021-10-07 20:16:29 UTC Syncing #13373852 0x2696…d1fe     0.00 blk/s    0.0 tx/s    0.0 Mgas/s      0+   45 Qed Ancient:#12873469 LI:#13373897   13/25 peers      4 MiB chain   12 MiB queue  RPC:  0 conn,    0 req/s,    0 µs
2021-10-07 20:16:37 UTC Syncing #13373852 0x2696…d1fe     0.00 blk/s    0.0 tx/s    0.0 Mgas/s      0+   46 Qed Ancient:#12873469 LI:#13373898   12/25 peers      4 MiB chain   12 MiB queue  RPC:  0 conn,    0 req/s,    0 µs
2021-10-07 20:16:39 UTC Syncing #13373852 0x2696…d1fe     0.00 blk/s    0.0 tx/s    0.0 Mgas/s      0+   46 Qed Ancient:#12873469 LI:#13373898   12/25 peers      4 MiB chain   12 MiB queue  RPC:  0 conn,    0 req/s,    0 µs
2021-10-07 20:16:44 UTC Syncing #13373852 0x2696…d1fe     0.00 blk/s    0.0 tx/s    0.0 Mgas/s      0+   47 Qed Ancient:#12873469 LI:#13373899   13/25 peers      4 MiB chain   12 MiB queue  RPC:  0 conn,    0 req/s,    0 µs
2021-10-07 20:16:51 UTC Syncing #13373853 0xe89d…9f3e     0.20 blk/s   66.2 tx/s    5.0 Mgas/s      0+   47 Qed Ancient:#12873471 LI:#13373900   15/25 peers      4 MiB chain   12 MiB queue  RPC:  0 conn,    0 req/s,    0 µs
2021-10-07 20:16:59 UTC Syncing #13373854 0x2b52…5919     0.20 blk/s   21.4 tx/s    1.6 Mgas/s      0+   46 Qed Ancient:#12873472 LI:#13373900   16/25 peers      4 MiB chain   12 MiB queue  RPC:  0 conn,    0 req/s,    0 µs
2021-10-07 20:16:59 UTC Syncing #13373855 0x9923…d85e     0.20 blk/s   13.8 tx/s    1.1 Mgas/s      0+   45 Qed Ancient:#12873473 LI:#13373900   16/25 peers      4 MiB chain   12 MiB queue  RPC:  0 conn,    0 req/s,    0 µs
2021-10-07 20:17:06 UTC Syncing #13373855 0x9923…d85e     0.00 blk/s    0.0 tx/s    0.0 Mgas/s      0+   45 Qed Ancient:#12873473 LI:#13373900   16/25 peers      4 MiB chain   12 MiB queue  RPC:  0 conn,    0 req/s,    0 µs
2021-10-07 20:17:11 UTC Syncing #13373856 0xe09b…8ed1     0.20 blk/s   29.2 tx/s    2.2 Mgas/s      0+   44 Qed Ancient:#12873474 LI:#13373900   16/25 peers      4 MiB chain   11 MiB queue  RPC:  0 conn,    0 req/s,    0 µs
2021-10-07 20:17:14 UTC Syncing #13373856 0xe09b…8ed1     0.00 blk/s    0.0 tx/s    0.0 Mgas/s      0+   45 Qed Ancient:#12873474 LI:#13373901   15/25 peers      4 MiB chain   12 MiB queue  RPC:  0 conn,    0 req/s,    0 µs
2021-10-07 20:17:19 UTC Syncing #13373856 0xe09b…8ed1     0.00 blk/s    0.0 tx/s    0.0 Mgas/s      0+   45 Qed Ancient:#12873474 LI:#13373901   19/25 peers      5 MiB chain   12 MiB queue  RPC:  0 conn,    0 req/s,    0 µs
2021-10-07 20:17:24 UTC Syncing #13373856 0xe09b…8ed1     0.00 blk/s    0.0 tx/s    0.0 Mgas/s      0+   45 Qed Ancient:#12873474 LI:#13373901   21/25 peers      5 MiB chain   12 MiB queue  RPC:  0 conn,    0 req/s,    0 µs
2021-10-07 20:17:38 UTC Syncing #13373857 0xb972…76f2     0.10 blk/s   21.8 tx/s    1.4 Mgas/s      0+   44 Qed Ancient:#12873475 LI:#13373901   22/25 peers      5 MiB chain   12 MiB queue  RPC:  0 conn,    0 req/s,    0 µs
2021-10-07 20:17:38 UTC Syncing #13373857 0xb972…76f2     0.20 blk/s   43.6 tx/s    2.9 Mgas/s      0+   44 Qed Ancient:#12873475 LI:#13373901   22/25 peers      5 MiB chain   12 MiB queue  RPC:  0 conn,    0 req/s,    0 µs
2021-10-07 20:17:39 UTC Syncing #13373857 0xb972…76f2     0.00 blk/s    0.0 tx/s    0.0 Mgas/s      0+   45 Qed Ancient:#12873475 LI:#13373902   22/25 peers      5 MiB chain   12 MiB queue  RPC:  0 conn,    0 req/s,    0 µs
2021-10-07 20:17:44 UTC Syncing #13373857 0xb972…76f2     0.00 blk/s    0.0 tx/s    0.0 Mgas/s      0+   46 Qed Ancient:#12873475 LI:#13373903   12/25 peers      5 MiB chain   12 MiB queue  RPC:  0 conn,    0 req/s,    0 µs
2021-10-07 20:17:56 UTC Syncing #13373857 0xb972…76f2     0.00 blk/s    0.0 tx/s    0.0 Mgas/s      0+   46 Qed Ancient:#12873475 LI:#13373903   13/25 peers      5 MiB chain   12 MiB queue  RPC:  0 conn,    0 req/s,    0 µs
2021-10-07 20:17:56 UTC Syncing #13373857 0xb972…76f2     0.00 blk/s    0.0 tx/s    0.0 Mgas/s      0+   46 Qed Ancient:#12873475 LI:#13373903   13/25 peers      5 MiB chain   12 MiB queue  RPC:  0 conn,    0 req/s,    0 µs
2021-10-07 20:18:04 UTC Syncing #13373858 0xd17e…f30b     0.20 blk/s   56.6 tx/s    5.5 Mgas/s      0+   46 Qed Ancient:#12873476 LI:#13373904   16/25 peers      5 MiB chain   12 MiB queue  RPC:  0 conn,    0 req/s,    0 µs
2021-10-07 20:18:04 UTC Syncing #13373860 0x44e7…d2ee     0.40 blk/s   26.2 tx/s    1.8 Mgas/s      0+   44 Qed Ancient:#12873478 LI:#13373904   16/25 peers      5 MiB chain   12 MiB queue  RPC:  0 conn,    0 req/s,    0 µs
2021-10-07 20:18:14 UTC Syncing #13373860 0x44e7…d2ee     0.20 blk/s    7.4 tx/s    0.6 Mgas/s      0+   43 Qed Ancient:#12873479 LI:#13373904   16/25 peers      5 MiB chain   12 MiB queue  RPC:  0 conn,    0 req/s,    0 µs
2021-10-07 20:18:14 UTC Syncing #13373860 0x44e7…d2ee     0.00 blk/s    0.0 tx/s    0.0 Mgas/s      0+   43 Qed Ancient:#12873479 LI:#13373904   15/25 peers      5 MiB chain   12 MiB queue  RPC:  0 conn,    0 req/s,    0 µs
2021-10-07 20:18:19 UTC Syncing #13373860 0x44e7…d2ee     0.00 blk/s    0.0 tx/s    0.0 Mgas/s      0+   43 Qed Ancient:#12873479 LI:#13373904   10/25 peers      5 MiB chain   12 MiB queue  RPC:  0 conn,    0 req/s,    0 µs
2021-10-07 20:18:33 UTC Syncing #13373861 0xfb4f…8eeb     0.12 blk/s   37.9 tx/s    2.6 Mgas/s      0+   44 Qed Ancient:#12873479 LI:#13373905   10/25 peers      5 MiB chain   12 MiB queue  RPC:  0 conn,    0 req/s,    0 µs
2021-10-07 20:18:44 UTC Syncing #13373862 0x3f1a…3bfb     0.09 blk/s    9.3 tx/s    0.5 Mgas/s      0+   45 Qed Ancient:#12873721 LI:#13373907    9/25 peers     12 MiB chain   13 MiB queue  RPC:  0 conn,    0 req/s,    0 µs
2021-10-07 20:18:44 UTC Syncing #13373861 0xfb4f…8eeb     0.00 blk/s    0.0 tx/s    0.0 Mgas/s      0+   45 Qed Ancient:#12873492 LI:#13373907    9/25 peers      7 MiB chain   13 MiB queue  RPC:  0 conn,    0 req/s,    0 µs