2021-10-06 05:12:31 UTC Syncing #13363511 0x9ef5…d10b     0.07 blk/s    3.0 tx/s    0.7 Mgas/s      0+    1 Qed Ancient:#12400910 LI:#13363513    7/25 peers      4 MiB chain   34 KiB queue  RPC:  0 conn,    0 req/s,    0 µs
2021-10-06 05:12:54 UTC Imported #13363516 0x0239…6e1a (20 txs, 5.52 Mgas, 268 ms, 23.95 KiB)
2021-10-06 05:13:02 UTC  Ancient:#12401116 AB:#12403556    9/25 peers      5 MiB chain  0 bytes queue  RPC:  0 conn,    0 req/s,    0 µs
2021-10-06 05:13:15 UTC Imported #13363518 0xedea…1f7f (9 txs, 1.15 Mgas, 1388 ms, 7.05 KiB)
2021-10-06 05:13:36 UTC  Ancient:#12401758 AB:#12404069    9/25 peers      2 MiB chain  0 bytes queue  RPC:  0 conn,    0 req/s,    0 µs
2021-10-06 05:14:03 UTC Syncing #13363523 0xd56f…9309     0.11 blk/s    9.3 tx/s    1.9 Mgas/s      0+    4 Qed Ancient:#12401808 LI:#13363527   13/25 peers      4 MiB chain  171 KiB queue  RPC:  0 conn,    0 req/s,    0 µs
2021-10-06 05:14:03 UTC Syncing #13363523 0xd56f…9309     0.11 blk/s    9.3 tx/s    1.9 Mgas/s      0+    5 Qed Ancient:#12401808 LI:#13363527   13/25 peers      4 MiB chain  294 KiB queue  RPC:  0 conn,    0 req/s,    0 µs
2021-10-06 05:14:08 UTC Imported #13363527 0x7bb2…38fb (7 txs, 1.16 Mgas, 17 ms, 4.47 KiB)
2021-10-06 05:14:30 UTC Reorg to #13363528 0xa5ed…5cfd (0x937d…3e33 #13363526 0xb765…1af5 0x7bb2…38fb)
2021-10-06 05:14:33 UTC Imported #13363528 0xaf9e…1a3f (165 txs, 30.11 Mgas, 2760 ms, 141.50 KiB)
2021-10-06 05:14:39 UTC  Ancient:#12402334 AB:#12405240   14/25 peers      2 MiB chain  0 bytes queue  RPC:  0 conn,    0 req/s,    0 µs
2021-10-06 05:14:41 UTC Imported #13363529 0x7824…8cc9 (162 txs, 30.07 Mgas, 7467 ms, 127.01 KiB)
2021-10-06 05:14:56 UTC Imported #13363530 0x3c22…1685 (42 txs, 10.63 Mgas, 4184 ms, 43.05 KiB)
2021-10-06 05:15:11 UTC  Ancient:#12403264 AB:#12406235   12/25 peers      9 MiB chain  0 bytes queue  RPC:  0 conn,    0 req/s,    0 µs
2021-10-06 05:15:26 UTC Imported #13363531 0xa5d4…4b6c (111 txs, 27.46 Mgas, 6682 ms, 112.72 KiB)
2021-10-06 05:15:42 UTC  Ancient:#12403804 AB:#12407043    8/25 peers      4 MiB chain  0 bytes queue  RPC:  0 conn,    0 req/s,    0 µs
2021-10-06 05:15:49 UTC Imported #13363532 0xb4e8…1cb8 (121 txs, 22.29 Mgas, 8299 ms, 91.17 KiB)
2021-10-06 05:16:16 UTC Imported #13363533 0xb60a…7e86 (98 txs, 20.85 Mgas, 4797 ms, 76.58 KiB)
2021-10-06 05:16:26 UTC  Ancient:#12404745 AB:#12407340   14/25 peers     10 MiB chain  0 bytes queue  RPC:  0 conn,    0 req/s,    0 µs
2021-10-06 05:16:26 UTC  Ancient:#12404746 AB:#12407340   14/25 peers     36 KiB chain  0 bytes queue  RPC:  0 conn,    0 req/s,    0 µs
2021-10-06 05:16:40 UTC Syncing #13363533 0xb60a…7e86     0.00 blk/s    0.0 tx/s    0.0 Mgas/s      0+    0 Qed Ancient:#12404861 LI:#13363533   10/25 peers      2 MiB chain  0 bytes queue  RPC:  0 conn,    0 req/s,    0 µs
2021-10-06 05:16:46 UTC Syncing #13363533 0xb60a…7e86     0.00 blk/s    0.0 tx/s    0.0 Mgas/s      0+    0 Qed Ancient:#12405031 LI:#13363533   10/25 peers      4 MiB chain  0 bytes queue  RPC:  0 conn,    0 req/s,    0 µs
2021-10-06 05:16:56 UTC Imported #13363535 0x342a…5d61 (99 txs, 14.80 Mgas, 3139 ms, 58.84 KiB)
2021-10-06 05:17:06 UTC Imported #13363537 0xa7d2…9bd2 (30 txs, 6.30 Mgas, 3595 ms, 24.57 KiB)
2021-10-06 05:17:17 UTC  Ancient:#12405522 AB:#12408034   11/25 peers      4 MiB chain  0 bytes queue  RPC:  0 conn,    0 req/s,    0 µs
2021-10-06 05:17:32 UTC Imported #13363539 0xe103…beb9 (30 txs, 6.34 Mgas, 2352 ms, 25.32 KiB)
2021-10-06 05:17:46 UTC Imported #13363540 0x31c9…e076 (175 txs, 29.81 Mgas, 10081 ms, 117.79 KiB)
2021-10-06 05:17:51 UTC  Ancient:#12405919 AB:#12408222   12/25 peers      5 MiB chain  0 bytes queue  RPC:  0 conn,    0 req/s,    0 µs
2021-10-06 05:17:58 UTC Imported #13363542 0x1f5c…96bb (3 txs, 1.11 Mgas, 87 ms, 4.16 KiB)
2021-10-06 05:18:34 UTC  Ancient:#12406437 AB:#12408675   14/25 peers      5 MiB chain  0 bytes queue  RPC:  0 conn,    0 req/s,    0 µs