2021-10-06 05:26:30 UTC Syncing #13363578 0xcfb9…47d1     0.00 blk/s    0.0 tx/s    0.0 Mgas/s      0+    0 Qed Ancient:#12409913 LI:#13363578    1/25 peers      4 MiB chain  0 bytes queue  RPC:  0 conn,    0 req/s,    0 µs
2021-10-06 05:27:01 UTC  Ancient:#12409927 AB:#12411326    5/25 peers      5 MiB chain  306 KiB queue  RPC:  0 conn,    0 req/s,    0 µs
2021-10-06 05:27:20 UTC Syncing #13363580 0x0ab9…c60f     0.00 blk/s    0.0 tx/s    0.0 Mgas/s      0+    4 Qed Ancient:#12409927 LI:#13363584    5/25 peers      5 MiB chain  630 KiB queue  RPC:  0 conn,    0 req/s,    0 µs
2021-10-06 05:27:38 UTC Imported #13363584 0xed29…22d5 (94 txs, 10.56 Mgas, 2258 ms, 46.78 KiB) + another 1 block(s) containing 52 tx(s)
2021-10-06 05:27:53 UTC  Ancient:#12410191 AB:#12412703   10/25 peers      3 MiB chain  0 bytes queue  RPC:  0 conn,    0 req/s,    0 µs
2021-10-06 05:28:01 UTC Imported #13363585 0xd929…7714 (158 txs, 20.65 Mgas, 8251 ms, 82.15 KiB)
2021-10-06 05:28:28 UTC Imported #13363588 0x3491…8d9b (78 txs, 7.43 Mgas, 5177 ms, 31.75 KiB)
2021-10-06 05:28:31 UTC  Ancient:#12410980 AB:#12413173   12/25 peers    575 KiB chain  0 bytes queue  RPC:  0 conn,    0 req/s,    0 µs
2021-10-06 05:29:17 UTC  Ancient:#12411616 AB:#12413911   11/25 peers   744 bytes chain  0 bytes queue  RPC:  0 conn,    0 req/s,    0 µs
2021-10-06 05:29:18 UTC Imported #13363589 0x10f6…7243 (219 txs, 29.98 Mgas, 11316 ms, 125.54 KiB)
2021-10-06 05:30:16 UTC  Ancient:#12413650 AB:#12414090    7/25 peers    0 bytes chain  307 KiB queue  RPC:  0 conn,    0 req/s,    0 µs
2021-10-06 05:30:46 UTC Syncing #13363590 0x19bd…9879     0.00 blk/s    0.0 tx/s    0.0 Mgas/s      0+    3 Qed Ancient:#12414090 LI:#13363593    5/25 peers      1 KiB chain  679 KiB queue  RPC:  0 conn,    0 req/s,    0 µs
2021-10-06 05:31:06 UTC Syncing #13363590 0x19bd…9879     0.00 blk/s    0.0 tx/s    0.0 Mgas/s      0+    5 Qed Ancient:#12414107 LI:#13363595    4/25 peers    567 KiB chain  847 KiB queue  RPC:  0 conn,    0 req/s,    0 µs
2021-10-06 05:31:12 UTC Syncing #13363590 0x19bd…9879     0.00 blk/s    0.0 tx/s    0.0 Mgas/s      0+    5 Qed Ancient:#12414124 LI:#13363597    4/25 peers      1 MiB chain  847 KiB queue  RPC:  0 conn,    0 req/s,    0 µs
2021-10-06 05:31:37 UTC Syncing #13363590 0x19bd…9879     0.00 blk/s    0.0 tx/s    0.0 Mgas/s      0+    7 Qed Ancient:#12414173 LI:#13363597    3/25 peers      2 MiB chain    1 MiB queue  RPC:  0 conn,    0 req/s,    0 µs
2021-10-06 05:32:48 UTC Syncing #13363590 0x19bd…9879     0.00 blk/s    0.0 tx/s    0.0 Mgas/s      0+    9 Qed Ancient:#12414291 LI:#13363599    2/25 peers      4 MiB chain    2 MiB queue  RPC:  0 conn,    0 req/s,    0 µs
2021-10-06 05:32:48 UTC Syncing #13363590 0x19bd…9879     0.00 blk/s    0.0 tx/s    0.0 Mgas/s      0+    9 Qed Ancient:#12414295 LI:#13363599    2/25 peers      4 MiB chain    2 MiB queue  RPC:  0 conn,    0 req/s,    0 µs
2021-10-06 05:33:31 UTC Syncing #13363590 0x19bd…9879     0.00 blk/s    0.0 tx/s    0.0 Mgas/s      0+   11 Qed Ancient:#12414376 LI:#13363603    1/25 peers      4 MiB chain    2 MiB queue  RPC:  0 conn,    0 req/s,    0 µs
2021-10-06 05:33:31 UTC Syncing #13363590 0x19bd…9879     0.00 blk/s    0.0 tx/s    0.0 Mgas/s      0+   11 Qed Ancient:#12414376 LI:#13363603    1/25 peers      4 MiB chain    2 MiB queue  RPC:  0 conn,    0 req/s,    0 µs
2021-10-06 05:33:57 UTC Syncing #13363590 0x19bd…9879     0.00 blk/s    0.0 tx/s    0.0 Mgas/s      0+   13 Qed Ancient:#12414392 LI:#13363603    0/25 peers      4 MiB chain    2 MiB queue  RPC:  0 conn,    0 req/s,    0 µs
2021-10-06 05:34:00 UTC Syncing #13363590 0x19bd…9879     0.00 blk/s    0.0 tx/s    0.0 Mgas/s      0+   13 Qed Ancient:#12414392 LI:#13363603    0/25 peers      4 MiB chain    2 MiB queue  RPC:  0 conn,    0 req/s,    0 µs
2021-10-06 05:34:04 UTC Syncing #13363590 0x19bd…9879     0.00 blk/s    0.0 tx/s    0.0 Mgas/s      0+   13 Qed Ancient:#12414392 LI:#13363603    0/25 peers      4 MiB chain    2 MiB queue  RPC:  0 conn,    0 req/s,    0 µs
2021-10-06 05:34:04 UTC Syncing #13363590 0x19bd…9879     0.00 blk/s    0.0 tx/s    0.0 Mgas/s      0+   13 Qed Ancient:#12414392 LI:#13363603    0/25 peers      4 MiB chain    2 MiB queue  RPC:  0 conn,    0 req/s,    0 µs
2021-10-06 05:34:07 UTC Syncing #13363590 0x19bd…9879     0.00 blk/s    0.0 tx/s    0.0 Mgas/s      0+   13 Qed Ancient:#12414392 LI:#13363603    0/25 peers      4 MiB chain    2 MiB queue  RPC:  0 conn,    0 req/s,    0 µs
2021-10-06 05:34:11 UTC Syncing #13363590 0x19bd…9879     0.00 blk/s    0.0 tx/s    0.0 Mgas/s      0+   12 Qed Ancient:#12414392 LI:#13363603    0/25 peers      5 MiB chain    2 MiB queue  RPC:  0 conn,    0 req/s,    0 µs
2021-10-06 05:34:16 UTC Syncing #13363590 0x19bd…9879     0.00 blk/s    0.0 tx/s    0.0 Mgas/s      0+   12 Qed Ancient:#12414392 LI:#13363603    0/25 peers      5 MiB chain    2 MiB queue  RPC:  0 conn,    0 req/s,    0 µs
2021-10-06 05:34:21 UTC Syncing #13363592 0xd87b…1486     0.40 blk/s   30.6 tx/s    5.8 Mgas/s      0+   10 Qed Ancient:#12414392 LI:#13363603    0/25 peers      5 MiB chain    2 MiB queue  RPC:  0 conn,    0 req/s,    0 µs
2021-10-06 05:34:26 UTC Syncing #13363592 0xd87b…1486     0.00 blk/s    0.0 tx/s    0.0 Mgas/s      0+   10 Qed Ancient:#12414392 LI:#13363603    0/25 peers      5 MiB chain    2 MiB queue  RPC:  0 conn,    0 req/s,    0 µs
2021-10-06 05:34:31 UTC Syncing #13363594 0x788f…9cb9     0.40 blk/s   73.2 tx/s    4.2 Mgas/s      0+    8 Qed Ancient:#12414392 LI:#13363603    0/25 peers      5 MiB chain    2 MiB queue  RPC:  0 conn,    0 req/s,    0 µs
2021-10-06 05:34:36 UTC Syncing #13363595 0xdac8…0133     0.20 blk/s   14.0 tx/s    1.4 Mgas/s      0+    7 Qed Ancient:#12414392 LI:#13363603    0/25 peers      5 MiB chain    1 MiB queue  RPC:  0 conn,    0 req/s,    0 µs