2021-10-08 01:30:59 UTC Syncing #13375286 0xd295…6a2c     0.20 blk/s   23.8 tx/s    2.0 Mgas/s      0+    0 Qed Ancient:#12939200 LI:#13375286    2/25 peers     18 MiB chain  0 bytes queue  RPC:  0 conn,    0 req/s,    0 µs
2021-10-08 01:31:13 UTC  Ancient:#12939912 AB:#12939936    1/25 peers    284 KiB chain  0 bytes queue  RPC:  0 conn,    0 req/s,    0 µs
2021-10-08 01:31:23 UTC Syncing #13375286 0xd295…6a2c     0.00 blk/s    0.0 tx/s    0.0 Mgas/s      0+   21 Qed Ancient:#12939936 LI:#13375308    2/25 peers    641 KiB chain    5 MiB queue  RPC:  0 conn,    0 req/s,    0 µs
2021-10-08 01:31:28 UTC Syncing #13375286 0xd295…6a2c     0.00 blk/s    0.0 tx/s    0.0 Mgas/s      0+   21 Qed Ancient:#12939936 LI:#13375308    5/25 peers    641 KiB chain    5 MiB queue  RPC:  0 conn,    0 req/s,    0 µs
2021-10-08 01:31:33 UTC Syncing #13375286 0xd295…6a2c     0.00 blk/s    0.0 tx/s    0.0 Mgas/s      0+   21 Qed Ancient:#12939936 LI:#13375308    6/25 peers    641 KiB chain    5 MiB queue  RPC:  0 conn,    0 req/s,    0 µs
2021-10-08 01:31:39 UTC Syncing #13375286 0xd295…6a2c     0.00 blk/s    0.0 tx/s    0.0 Mgas/s      0+   21 Qed Ancient:#12939936 LI:#13375308    7/25 peers      2 MiB chain    5 MiB queue  RPC:  0 conn,    0 req/s,    0 µs
2021-10-08 01:31:51 UTC Syncing #13375287 0xf088…12f0     0.20 blk/s   48.8 tx/s    5.1 Mgas/s      0+   20 Qed Ancient:#12939937 LI:#13375308    8/25 peers      2 MiB chain    5 MiB queue  RPC:  0 conn,    0 req/s,    0 µs
2021-10-08 01:31:51 UTC Syncing #13375287 0xf088…12f0     0.10 blk/s   24.4 tx/s    2.5 Mgas/s      0+   20 Qed Ancient:#12939937 LI:#13375308    8/25 peers      2 MiB chain    5 MiB queue  RPC:  0 conn,    0 req/s,    0 µs
2021-10-08 01:32:02 UTC Syncing #13375288 0xf48e…c8b9     0.20 blk/s   33.6 tx/s    2.5 Mgas/s      0+   21 Qed Ancient:#12939938 LI:#13375310    3/25 peers      2 MiB chain    5 MiB queue  RPC:  0 conn,    0 req/s,    0 µs
2021-10-08 01:32:02 UTC Syncing #13375288 0xf48e…c8b9     0.10 blk/s   16.8 tx/s    1.2 Mgas/s      0+   21 Qed Ancient:#12939938 LI:#13375310    3/25 peers      2 MiB chain    5 MiB queue  RPC:  0 conn,    0 req/s,    0 µs
2021-10-08 01:32:14 UTC Syncing #13375290 0x078d…ade6     0.20 blk/s   24.1 tx/s    1.9 Mgas/s      0+   20 Qed Ancient:#12939941 LI:#13375311    2/25 peers      2 MiB chain    5 MiB queue  RPC:  0 conn,    0 req/s,    0 µs
2021-10-08 01:32:14 UTC Syncing #13375289 0xdf5b…6586     0.20 blk/s   29.8 tx/s    2.1 Mgas/s      0+   21 Qed Ancient:#12939939 LI:#13375311    2/25 peers      2 MiB chain    5 MiB queue  RPC:  0 conn,    0 req/s,    0 µs
2021-10-08 01:32:14 UTC Syncing #13375290 0x078d…ade6     0.07 blk/s    6.1 tx/s    0.6 Mgas/s      0+   20 Qed Ancient:#12939941 LI:#13375311    2/25 peers      2 MiB chain    5 MiB queue  RPC:  0 conn,    0 req/s,    0 µs
2021-10-08 01:32:25 UTC Syncing #13375292 0xcbd8…b274     0.20 blk/s   14.4 tx/s    1.0 Mgas/s      0+   18 Qed Ancient:#12939944 LI:#13375311    3/25 peers      2 MiB chain    5 MiB queue  RPC:  0 conn,    0 req/s,    0 µs
2021-10-08 01:32:25 UTC Syncing #13375291 0x3844…1edc     0.20 blk/s    6.4 tx/s    0.3 Mgas/s      0+   19 Qed Ancient:#12939943 LI:#13375311    3/25 peers      2 MiB chain    5 MiB queue  RPC:  0 conn,    0 req/s,    0 µs
2021-10-08 01:32:32 UTC Syncing #13375292 0xcbd8…b274     0.20 blk/s   22.4 tx/s    1.7 Mgas/s      0+   18 Qed Ancient:#12939944 LI:#13375311    2/25 peers      2 MiB chain    5 MiB queue  RPC:  0 conn,    0 req/s,    0 µs
2021-10-08 01:32:33 UTC Syncing #13375292 0xcbd8…b274     0.00 blk/s    0.0 tx/s    0.0 Mgas/s      0+   22 Qed Ancient:#12939944 LI:#13375315    3/25 peers      2 MiB chain    5 MiB queue  RPC:  0 conn,    0 req/s,    0 µs
2021-10-08 01:32:38 UTC Syncing #13375292 0xcbd8…b274     0.00 blk/s    0.0 tx/s    0.0 Mgas/s      0+   22 Qed Ancient:#12939944 LI:#13375315    3/25 peers      2 MiB chain    5 MiB queue  RPC:  0 conn,    0 req/s,    0 µs
2021-10-08 01:32:43 UTC Syncing #13375292 0xcbd8…b274     0.00 blk/s    0.0 tx/s    0.0 Mgas/s      0+   23 Qed Ancient:#12939944 LI:#13375316    3/25 peers      2 MiB chain    6 MiB queue  RPC:  0 conn,    0 req/s,    0 µs
2021-10-08 01:32:48 UTC Syncing #13375292 0xcbd8…b274     0.00 blk/s    0.0 tx/s    0.0 Mgas/s      0+   26 Qed Ancient:#12939944 LI:#13375318    3/25 peers      2 MiB chain    7 MiB queue  RPC:  0 conn,    0 req/s,    0 µs
2021-10-08 01:32:53 UTC Syncing #13375292 0xcbd8…b274     0.00 blk/s    0.0 tx/s    0.0 Mgas/s      0+   26 Qed Ancient:#12939944 LI:#13375318    3/25 peers      2 MiB chain    7 MiB queue  RPC:  0 conn,    0 req/s,    0 µs
2021-10-08 01:32:58 UTC Syncing #13375292 0xcbd8…b274     0.00 blk/s    0.0 tx/s    0.0 Mgas/s      0+   26 Qed Ancient:#12939944 LI:#13375318    3/25 peers      2 MiB chain    7 MiB queue  RPC:  0 conn,    0 req/s,    0 µs
2021-10-08 01:33:03 UTC Syncing #13375292 0xcbd8…b274     0.00 blk/s    0.0 tx/s    0.0 Mgas/s      0+   27 Qed Ancient:#12939944 LI:#13375319    4/25 peers      2 MiB chain    8 MiB queue  RPC:  0 conn,    0 req/s,    0 µs
2021-10-08 01:33:18 UTC Syncing #13375293 0x618f…5c72     0.10 blk/s   43.5 tx/s    3.0 Mgas/s      0+   26 Qed Ancient:#12939945 LI:#13375319    6/25 peers      2 MiB chain    7 MiB queue  RPC:  0 conn,    0 req/s,    0 µs
2021-10-08 01:33:18 UTC Syncing #13375293 0x618f…5c72     0.20 blk/s   87.0 tx/s    6.0 Mgas/s      0+   26 Qed Ancient:#12939945 LI:#13375319    6/25 peers      2 MiB chain    7 MiB queue  RPC:  0 conn,    0 req/s,    0 µs
2021-10-08 01:33:18 UTC Syncing #13375293 0x618f…5c72     0.00 blk/s    0.0 tx/s    0.0 Mgas/s      0+   26 Qed Ancient:#12939945 LI:#13375319    5/25 peers      2 MiB chain    7 MiB queue  RPC:  0 conn,    0 req/s,    0 µs
2021-10-08 01:33:23 UTC Syncing #13375293 0x618f…5c72     0.00 blk/s    0.0 tx/s    0.0 Mgas/s      0+   26 Qed Ancient:#12939945 LI:#13375319    8/25 peers      2 MiB chain    7 MiB queue  RPC:  0 conn,    0 req/s,    0 µs
2021-10-08 01:33:32 UTC Syncing #13375293 0x618f…5c72     0.00 blk/s    0.0 tx/s    0.0 Mgas/s      0+   26 Qed Ancient:#12939945 LI:#13375319    9/25 peers      4 MiB chain    7 MiB queue  RPC:  0 conn,    0 req/s,    0 µs
2021-10-08 01:33:33 UTC Syncing #13375293 0x618f…5c72     0.00 blk/s    0.0 tx/s    0.0 Mgas/s      0+   27 Qed Ancient:#12939945 LI:#13375320   10/25 peers      6 MiB chain    8 MiB queue  RPC:  0 conn,    0 req/s,    0 µs
2021-10-08 01:33:38 UTC Syncing #13375293 0x618f…5c72     0.00 blk/s    0.0 tx/s    0.0 Mgas/s      0+   27 Qed Ancient:#12939945 LI:#13375320   10/25 peers      6 MiB chain    8 MiB queue  RPC:  0 conn,    0 req/s,    0 µs
2021-10-08 01:33:44 UTC Syncing #13375294 0x64f2…8862     0.20 blk/s   76.2 tx/s    6.0 Mgas/s      0+   26 Qed Ancient:#12939946 LI:#13375320   10/25 peers      6 MiB chain    8 MiB queue  RPC:  0 conn,    0 req/s,    0 µs
2021-10-08 01:33:52 UTC Syncing #13375294 0x64f2…8862     0.00 blk/s    0.0 tx/s    0.0 Mgas/s      0+   26 Qed Ancient:#12939946 LI:#13375320   10/25 peers      6 MiB chain    8 MiB queue  RPC:  0 conn,    0 req/s,    0 µs
2021-10-08 01:33:53 UTC Syncing #13375294 0x64f2…8862     0.00 blk/s    0.0 tx/s    0.0 Mgas/s      0+   26 Qed Ancient:#12939946 LI:#13375320   10/25 peers      6 MiB chain    8 MiB queue  RPC:  0 conn,    0 req/s,    0 µs
2021-10-08 01:34:07 UTC Syncing #13375295 0xf2b3…8115     0.20 blk/s   12.0 tx/s    1.7 Mgas/s      0+   25 Qed Ancient:#12939947 LI:#13375320   10/25 peers      6 MiB chain    7 MiB queue  RPC:  0 conn,    0 req/s,    0 µs
2021-10-08 01:34:07 UTC Syncing #13375295 0xf2b3…8115     0.10 blk/s    6.0 tx/s    0.8 Mgas/s      0+   25 Qed Ancient:#12939947 LI:#13375320   10/25 peers      6 MiB chain    7 MiB queue  RPC:  0 conn,    0 req/s,    0 µs
2021-10-08 01:34:08 UTC Syncing #13375295 0xf2b3…8115     0.00 blk/s    0.0 tx/s    0.0 Mgas/s      0+   25 Qed Ancient:#12939947 LI:#13375320    9/25 peers      6 MiB chain    7 MiB queue  RPC:  0 conn,    0 req/s,    0 µs
2021-10-08 01:34:13 UTC Syncing #13375295 0xf2b3…8115     0.00 blk/s    0.0 tx/s    0.0 Mgas/s      0+   27 Qed Ancient:#12939947 LI:#13375322    8/25 peers      6 MiB chain    8 MiB queue  RPC:  0 conn,    0 req/s,    0 µs
2021-10-08 01:34:19 UTC Syncing #13375295 0xf2b3…8115     0.00 blk/s    0.0 tx/s    0.0 Mgas/s      0+   27 Qed Ancient:#12939947 LI:#13375322    8/25 peers      6 MiB chain    8 MiB queue  RPC:  0 conn,    0 req/s,    0 µs
2021-10-08 01:34:23 UTC Syncing #13375295 0xf2b3…8115     0.00 blk/s    0.0 tx/s    0.0 Mgas/s      0+   27 Qed Ancient:#12939947 LI:#13375322    8/25 peers      6 MiB chain    8 MiB queue  RPC:  0 conn,    0 req/s,    0 µs
2021-10-08 01:34:33 UTC Syncing #13375296 0x444e…88e1     0.10 blk/s   39.6 tx/s    3.0 Mgas/s      0+   26 Qed Ancient:#12939948 LI:#13375322    8/25 peers      6 MiB chain    8 MiB queue  RPC:  0 conn,    0 req/s,    0 µs
2021-10-08 01:34:33 UTC Syncing #13375296 0x444e…88e1     0.20 blk/s   79.2 tx/s    6.0 Mgas/s      0+   26 Qed Ancient:#12939948 LI:#13375322    8/25 peers      6 MiB chain    8 MiB queue  RPC:  0 conn,    0 req/s,    0 µs
2021-10-08 01:34:50 UTC Syncing #13375296 0x444e…88e1     0.00 blk/s    0.0 tx/s    0.0 Mgas/s      0+   27 Qed Ancient:#12939948 LI:#13375323    3/25 peers      6 MiB chain    8 MiB queue  RPC:  0 conn,    0 req/s,    0 µs
2021-10-08 01:34:50 UTC Syncing #13375297 0x5454…12eb     0.09 blk/s   10.6 tx/s    0.9 Mgas/s      0+   26 Qed Ancient:#12939949 LI:#13375323    3/25 peers      6 MiB chain    8 MiB queue  RPC:  0 conn,    0 req/s,    0 µs
2021-10-08 01:35:03 UTC Syncing #13375297 0x5454…12eb     0.00 blk/s    0.0 tx/s    0.0 Mgas/s      0+   26 Qed Ancient:#12939949 LI:#13375323    3/25 peers      6 MiB chain    8 MiB queue  RPC:  0 conn,    0 req/s,    0 µs
2021-10-08 01:35:03 UTC Syncing #13375297 0x5454…12eb     0.00 blk/s    0.0 tx/s    0.0 Mgas/s      0+   26 Qed Ancient:#12939949 LI:#13375323    3/25 peers      6 MiB chain    8 MiB queue  RPC:  0 conn,    0 req/s,    0 µs
2021-10-08 01:35:11 UTC Syncing #13375298 0x499f…70e5     0.18 blk/s   43.8 tx/s    3.7 Mgas/s      0+   25 Qed Ancient:#12939950 LI:#13375323    2/25 peers      6 MiB chain    7 MiB queue  RPC:  0 conn,    0 req/s,    0 µs
2021-10-08 01:35:23 UTC Syncing #13375299 0x6dac…5e84     0.10 blk/s   19.4 tx/s    1.0 Mgas/s      0+   24 Qed Ancient:#12939951 LI:#13375323    2/25 peers      6 MiB chain    7 MiB queue  RPC:  0 conn,    0 req/s,    0 µs
2021-10-08 01:35:23 UTC Syncing #13375298 0x499f…70e5     0.00 blk/s    0.0 tx/s    0.0 Mgas/s      0+   25 Qed Ancient:#12939950 LI:#13375323    2/25 peers      6 MiB chain    7 MiB queue  RPC:  0 conn,    0 req/s,    0 µs
2021-10-08 01:35:23 UTC Syncing #13375299 0x6dac…5e84     0.00 blk/s    0.0 tx/s    0.0 Mgas/s      0+   24 Qed Ancient:#12939951 LI:#13375323    2/25 peers      6 MiB chain    7 MiB queue  RPC:  0 conn,    0 req/s,    0 µs
2021-10-08 01:35:30 UTC Syncing #13375300 0x4d79…4118     0.21 blk/s   32.8 tx/s    2.5 Mgas/s      0+   23 Qed Ancient:#12939952 LI:#13375323    2/25 peers      6 MiB chain    7 MiB queue  RPC:  0 conn,    0 req/s,    0 µs
2021-10-08 01:35:42 UTC Syncing #13375300 0x4d79…4118     0.00 blk/s    0.0 tx/s    0.0 Mgas/s      0+   23 Qed Ancient:#12939952 LI:#13375323    2/25 peers      6 MiB chain    7 MiB queue  RPC:  0 conn,    0 req/s,    0 µs
2021-10-08 01:35:42 UTC Syncing #13375300 0x4d79…4118     0.00 blk/s    0.0 tx/s    0.0 Mgas/s      0+   23 Qed Ancient:#12939952 LI:#13375323    2/25 peers      6 MiB chain    7 MiB queue  RPC:  0 conn,    0 req/s,    0 µs
2021-10-08 01:35:43 UTC Syncing #13375300 0x4d79…4118     0.00 blk/s    0.0 tx/s    0.0 Mgas/s      0+   23 Qed Ancient:#12939952 LI:#13375323    2/25 peers      6 MiB chain    7 MiB queue  RPC:  0 conn,    0 req/s,    0 µs
2021-10-08 01:35:52 UTC Syncing #13375301 0x2e10…becd     0.20 blk/s   49.6 tx/s    3.7 Mgas/s      0+   22 Qed Ancient:#12939953 LI:#13375323    2/25 peers      6 MiB chain    7 MiB queue  RPC:  0 conn,    0 req/s,    0 µs
2021-10-08 01:35:53 UTC Syncing #13375301 0x2e10…becd     0.00 blk/s    0.0 tx/s    0.0 Mgas/s      0+   22 Qed Ancient:#12939953 LI:#13375323    2/25 peers      6 MiB chain    7 MiB queue  RPC:  0 conn,    0 req/s,    0 µs
2021-10-08 01:35:58 UTC Syncing #13375301 0x2e10…becd     0.00 blk/s    0.0 tx/s    0.0 Mgas/s      0+   22 Qed Ancient:#12939953 LI:#13375323    2/25 peers      6 MiB chain    7 MiB queue  RPC:  0 conn,    0 req/s,    0 µs
2021-10-08 01:36:03 UTC Syncing #13375301 0x2e10…becd     0.00 blk/s    0.0 tx/s    0.0 Mgas/s      0+   22 Qed Ancient:#12939953 LI:#13375323    2/25 peers      6 MiB chain    7 MiB queue  RPC:  0 conn,    0 req/s,    0 µs
2021-10-08 01:36:14 UTC Syncing #13375303 0x5583…128e     0.20 blk/s   15.9 tx/s    1.3 Mgas/s      0+   27 Qed Ancient:#12939955 LI:#13375330    3/25 peers      6 MiB chain    8 MiB queue  RPC:  0 conn,    0 req/s,    0 µs
2021-10-08 01:36:14 UTC Syncing #13375303 0x5583…128e     0.40 blk/s   31.8 tx/s    2.7 Mgas/s      0+   27 Qed Ancient:#12939955 LI:#13375330    3/25 peers      6 MiB chain    8 MiB queue  RPC:  0 conn,    0 req/s,    0 µs
2021-10-08 01:36:19 UTC Syncing #13375303 0x5583…128e     0.00 blk/s    0.0 tx/s    0.0 Mgas/s      0+   27 Qed Ancient:#12939955 LI:#13375330    2/25 peers      6 MiB chain    8 MiB queue  RPC:  0 conn,    0 req/s,    0 µs
2021-10-08 01:36:23 UTC Syncing #13375303 0x5583…128e     0.00 blk/s    0.0 tx/s    0.0 Mgas/s      0+   27 Qed Ancient:#12939955 LI:#13375330    2/25 peers      6 MiB chain    8 MiB queue  RPC:  0 conn,    0 req/s,    0 µs
2021-10-08 01:36:29 UTC Syncing #13375303 0x5583…128e     0.00 blk/s    0.0 tx/s    0.0 Mgas/s      0+   27 Qed Ancient:#12939955 LI:#13375330    3/25 peers      6 MiB chain    8 MiB queue  RPC:  0 conn,    0 req/s,    0 µs
2021-10-08 01:36:33 UTC Syncing #13375303 0x5583…128e     0.00 blk/s    0.0 tx/s    0.0 Mgas/s      0+   28 Qed Ancient:#12939955 LI:#13375331    5/25 peers      6 MiB chain    9 MiB queue  RPC:  0 conn,    0 req/s,    0 µs
2021-10-08 01:36:38 UTC Syncing #13375303 0x5583…128e     0.00 blk/s    0.0 tx/s    0.0 Mgas/s      0+   29 Qed Ancient:#12939955 LI:#13375332    7/25 peers      6 MiB chain    9 MiB queue  RPC:  0 conn,    0 req/s,    0 µs
2021-10-08 01:36:43 UTC Syncing #13375303 0x5583…128e     0.00 blk/s    0.0 tx/s    0.0 Mgas/s      0+   30 Qed Ancient:#12939955 LI:#13375333    9/25 peers      6 MiB chain    9 MiB queue  RPC:  0 conn,    0 req/s,    0 µs
2021-10-08 01:36:48 UTC Syncing #13375303 0x5583…128e     0.00 blk/s    0.0 tx/s    0.0 Mgas/s      0+   30 Qed Ancient:#12939955 LI:#13375333   12/25 peers      6 MiB chain    9 MiB queue  RPC:  0 conn,    0 req/s,    0 µs
2021-10-08 01:37:06 UTC Syncing #13375304 0x9cf8…fd20     0.07 blk/s   25.9 tx/s    2.0 Mgas/s      0+   31 Qed Ancient:#12939956 LI:#13375334   10/25 peers      6 MiB chain   10 MiB queue  RPC:  0 conn,    0 req/s,    0 µs
2021-10-08 01:37:06 UTC Syncing #13375304 0x9cf8…fd20     0.00 blk/s    0.0 tx/s    0.0 Mgas/s      0+   31 Qed Ancient:#12940093 LI:#13375334   10/25 peers      6 MiB chain   10 MiB queue  RPC:  0 conn,    0 req/s,    0 µs