2021-10-07 18:52:33 UTC Syncing #13373469 0x1bf7…a0b8     0.00 blk/s    0.0 tx/s    0.0 Mgas/s      0+   27 Qed Ancient:#12853372 LI:#13373494   32/50 peers      5 MiB chain    8 MiB queue  RPC:  0 conn,    0 req/s,    0 µs
2021-10-07 18:52:39 UTC Syncing #13373470 0x9bbc…a8fc     0.20 blk/s   73.8 tx/s    4.8 Mgas/s      0+   26 Qed Ancient:#12853373 LI:#13373494   32/50 peers      5 MiB chain    7 MiB queue  RPC:  0 conn,    0 req/s,    0 µs
2021-10-07 18:52:43 UTC Syncing #13373470 0x9bbc…a8fc     0.00 blk/s    0.0 tx/s    0.0 Mgas/s      0+   26 Qed Ancient:#12853373 LI:#13373494   33/50 peers      5 MiB chain    7 MiB queue  RPC:  0 conn,    0 req/s,    0 µs
2021-10-07 18:52:48 UTC Syncing #13373470 0x9bbc…a8fc     0.00 blk/s    0.0 tx/s    0.0 Mgas/s      0+   26 Qed Ancient:#12853373 LI:#13373494   33/50 peers      6 MiB chain    7 MiB queue  RPC:  0 conn,    0 req/s,    0 µs
2021-10-07 18:53:00 UTC Syncing #13373471 0x60ea…5173     0.10 blk/s   45.8 tx/s    3.0 Mgas/s      0+   25 Qed Ancient:#12853374 LI:#13373494   33/50 peers      6 MiB chain    7 MiB queue  RPC:  0 conn,    0 req/s,    0 µs
2021-10-07 18:53:00 UTC Syncing #13373471 0x60ea…5173     0.20 blk/s   91.6 tx/s    6.0 Mgas/s      0+   25 Qed Ancient:#12853374 LI:#13373494   33/50 peers      6 MiB chain    7 MiB queue  RPC:  0 conn,    0 req/s,    0 µs
2021-10-07 18:53:03 UTC Syncing #13373471 0x60ea…5173     0.00 blk/s    0.0 tx/s    0.0 Mgas/s      0+   26 Qed Ancient:#12853374 LI:#13373495   34/50 peers      6 MiB chain    7 MiB queue  RPC:  0 conn,    0 req/s,    0 µs
2021-10-07 18:53:11 UTC Syncing #13373471 0x60ea…5173     0.00 blk/s    0.0 tx/s    0.0 Mgas/s      0+   26 Qed Ancient:#12853374 LI:#13373495   34/50 peers      6 MiB chain    7 MiB queue  RPC:  0 conn,    0 req/s,    0 µs
2021-10-07 18:53:17 UTC Syncing #13373472 0xda37…4a08     0.20 blk/s  107.4 tx/s    6.0 Mgas/s      0+   26 Qed Ancient:#12853375 LI:#13373496   32/50 peers      6 MiB chain    7 MiB queue  RPC:  0 conn,    0 req/s,    0 µs
2021-10-07 18:53:20 UTC Syncing #13373474 0x4988…a9bb     0.40 blk/s   10.0 tx/s    0.6 Mgas/s      0+   24 Qed Ancient:#12853377 LI:#13373496   32/50 peers      6 MiB chain    7 MiB queue  RPC:  0 conn,    0 req/s,    0 µs
2021-10-07 18:53:23 UTC Syncing #13373474 0x4988…a9bb     0.00 blk/s    0.0 tx/s    0.0 Mgas/s      0+   24 Qed Ancient:#12853377 LI:#13373496   31/50 peers      6 MiB chain    7 MiB queue  RPC:  0 conn,    0 req/s,    0 µs
2021-10-07 18:53:28 UTC Syncing #13373474 0x4988…a9bb     0.00 blk/s    0.0 tx/s    0.0 Mgas/s      0+   24 Qed Ancient:#12853377 LI:#13373496   18/25 peers      6 MiB chain    7 MiB queue  RPC:  0 conn,    0 req/s,    0 µs
2021-10-07 18:53:33 UTC Syncing #13373474 0x4988…a9bb     0.00 blk/s    0.0 tx/s    0.0 Mgas/s      0+   24 Qed Ancient:#12853377 LI:#13373496   15/25 peers      6 MiB chain    7 MiB queue  RPC:  0 conn,    0 req/s,    0 µs
2021-10-07 18:53:38 UTC Syncing #13373474 0x4988…a9bb     0.00 blk/s    0.0 tx/s    0.0 Mgas/s      0+   25 Qed Ancient:#12853377 LI:#13373497   11/25 peers      6 MiB chain    7 MiB queue  RPC:  0 conn,    0 req/s,    0 µs
2021-10-07 18:53:49 UTC Syncing #13373475 0x4804…bef2     0.10 blk/s   38.5 tx/s    3.0 Mgas/s      0+   24 Qed Ancient:#12853378 LI:#13373497   11/25 peers      6 MiB chain    7 MiB queue  RPC:  0 conn,    0 req/s,    0 µs
2021-10-07 18:53:49 UTC Syncing #13373475 0x4804…bef2     0.20 blk/s   77.0 tx/s    6.0 Mgas/s      0+   24 Qed Ancient:#12853378 LI:#13373497   11/25 peers      6 MiB chain    7 MiB queue  RPC:  0 conn,    0 req/s,    0 µs
2021-10-07 18:53:56 UTC Syncing #13373476 0x2e7d…a4bb     0.20 blk/s   33.8 tx/s    2.8 Mgas/s      0+   23 Qed Ancient:#12853379 LI:#13373497    8/25 peers      1 MiB chain    6 MiB queue  RPC:  0 conn,    0 req/s,    0 µs
2021-10-07 18:53:58 UTC Syncing #13373476 0x2e7d…a4bb     0.00 blk/s    0.0 tx/s    0.0 Mgas/s      0+   23 Qed Ancient:#12853379 LI:#13373497    5/25 peers      1 MiB chain    6 MiB queue  RPC:  0 conn,    0 req/s,    0 µs
2021-10-07 18:54:03 UTC Syncing #13373476 0x2e7d…a4bb     0.00 blk/s    0.0 tx/s    0.0 Mgas/s      0+   24 Qed Ancient:#12853379 LI:#13373498    5/25 peers      1 MiB chain    7 MiB queue  RPC:  0 conn,    0 req/s,    0 µs
2021-10-07 18:54:08 UTC Syncing #13373476 0x2e7d…a4bb     0.00 blk/s    0.0 tx/s    0.0 Mgas/s      0+   24 Qed Ancient:#12853379 LI:#13373498    5/25 peers      1 MiB chain    7 MiB queue  RPC:  0 conn,    0 req/s,    0 µs
2021-10-07 18:54:13 UTC Syncing #13373476 0x2e7d…a4bb     0.00 blk/s    0.0 tx/s    0.0 Mgas/s      0+   24 Qed Ancient:#12853379 LI:#13373498    5/25 peers      1 MiB chain    7 MiB queue  RPC:  0 conn,    0 req/s,    0 µs
2021-10-07 18:54:24 UTC Syncing #13373478 0xbf56…2d3f     0.20 blk/s   51.7 tx/s    3.5 Mgas/s      0+   22 Qed Ancient:#12853381 LI:#13373498    5/25 peers      2 MiB chain    6 MiB queue  RPC:  0 conn,    0 req/s,    0 µs
2021-10-07 18:54:24 UTC Syncing #13373478 0xbf56…2d3f     0.40 blk/s  103.4 tx/s    7.0 Mgas/s      0+   22 Qed Ancient:#12853381 LI:#13373498    5/25 peers      2 MiB chain    6 MiB queue  RPC:  0 conn,    0 req/s,    0 µs
2021-10-07 18:54:30 UTC Syncing #13373478 0xbf56…2d3f     0.00 blk/s    0.0 tx/s    0.0 Mgas/s      0+   22 Qed Ancient:#12853381 LI:#13373498    5/25 peers      2 MiB chain    6 MiB queue  RPC:  0 conn,    0 req/s,    0 µs
2021-10-07 18:54:39 UTC Syncing #13373480 0xfbf5…4123     0.20 blk/s   31.7 tx/s    2.0 Mgas/s      0+   20 Qed Ancient:#12853383 LI:#13373498    5/25 peers      2 MiB chain    6 MiB queue  RPC:  0 conn,    0 req/s,    0 µs
2021-10-07 18:54:39 UTC Syncing #13373480 0xfbf5…4123     0.40 blk/s   63.4 tx/s    4.0 Mgas/s      0+   20 Qed Ancient:#12853383 LI:#13373498    5/25 peers      2 MiB chain    6 MiB queue  RPC:  0 conn,    0 req/s,    0 µs
2021-10-07 18:54:48 UTC Syncing #13373480 0xfbf5…4123     0.00 blk/s    0.0 tx/s    0.0 Mgas/s      0+   20 Qed Ancient:#12853383 LI:#13373498    5/25 peers      2 MiB chain    6 MiB queue  RPC:  0 conn,    0 req/s,    0 µs
2021-10-07 18:54:48 UTC Syncing #13373480 0xfbf5…4123     0.00 blk/s    0.0 tx/s    0.0 Mgas/s      0+   20 Qed Ancient:#12853383 LI:#13373498    5/25 peers      2 MiB chain    6 MiB queue  RPC:  0 conn,    0 req/s,    0 µs
2021-10-07 18:54:53 UTC Syncing #13373480 0xfbf5…4123     0.00 blk/s    0.0 tx/s    0.0 Mgas/s      0+   20 Qed Ancient:#12853383 LI:#13373498    1/25 peers      2 MiB chain    6 MiB queue  RPC:  0 conn,    0 req/s,    0 µs
2021-10-07 18:54:58 UTC Syncing #13373480 0xfbf5…4123     0.00 blk/s    0.0 tx/s    0.0 Mgas/s      0+   20 Qed Ancient:#12853383 LI:#13373498    0/25 peers      2 MiB chain    6 MiB queue  RPC:  0 conn,    0 req/s,    0 µs
2021-10-07 18:55:03 UTC Syncing #13373481 0x6b09…8794     0.20 blk/s   77.0 tx/s    6.0 Mgas/s      0+   19 Qed Ancient:#12853384 LI:#13373498    1/25 peers      2 MiB chain    5 MiB queue  RPC:  0 conn,    0 req/s,    0 µs
2021-10-07 18:55:08 UTC Syncing #13373481 0x6b09…8794     0.20 blk/s   58.0 tx/s    3.9 Mgas/s      0+   18 Qed Ancient:#12853385 LI:#13373498    1/25 peers      3 MiB chain    5 MiB queue  RPC:  0 conn,    0 req/s,    0 µs
2021-10-07 18:55:17 UTC Syncing #13373482 0x3b6a…4103     0.20 blk/s   33.2 tx/s    2.2 Mgas/s      0+   17 Qed Ancient:#12853386 LI:#13373498    1/25 peers      3 MiB chain    5 MiB queue  RPC:  0 conn,    0 req/s,    0 µs
2021-10-07 18:55:18 UTC Syncing #13373482 0x3b6a…4103     0.00 blk/s    0.0 tx/s    0.0 Mgas/s      0+   17 Qed Ancient:#12853386 LI:#13373498    1/25 peers      3 MiB chain    5 MiB queue  RPC:  0 conn,    0 req/s,    0 µs
2021-10-07 18:55:23 UTC Syncing #13373482 0x3b6a…4103     0.00 blk/s    0.0 tx/s    0.0 Mgas/s      0+   17 Qed Ancient:#12853386 LI:#13373498    1/25 peers      3 MiB chain    5 MiB queue  RPC:  0 conn,    0 req/s,    0 µs
2021-10-07 18:55:28 UTC Syncing #13373482 0x3b6a…4103     0.00 blk/s    0.0 tx/s    0.0 Mgas/s      0+   17 Qed Ancient:#12853386 LI:#13373498    1/25 peers      3 MiB chain    5 MiB queue  RPC:  0 conn,    0 req/s,    0 µs
2021-10-07 18:55:33 UTC Syncing #13373482 0x3b6a…4103     0.00 blk/s    0.0 tx/s    0.0 Mgas/s      0+   17 Qed Ancient:#12853386 LI:#13373498    2/25 peers      3 MiB chain    5 MiB queue  RPC:  0 conn,    0 req/s,    0 µs
2021-10-07 18:55:39 UTC Syncing #13373484 0x38d0…090f     0.40 blk/s   68.0 tx/s    5.2 Mgas/s      0+   15 Qed Ancient:#12853389 LI:#13373498    4/25 peers      3 MiB chain    4 MiB queue  RPC:  0 conn,    0 req/s,    0 µs
2021-10-07 18:55:43 UTC Syncing #13373484 0x38d0…090f     0.20 blk/s   58.8 tx/s    4.5 Mgas/s      0+   14 Qed Ancient:#12853390 LI:#13373498    3/25 peers      3 MiB chain    4 MiB queue  RPC:  0 conn,    0 req/s,    0 µs
2021-10-07 18:55:48 UTC Syncing #13373484 0x38d0…090f     0.00 blk/s    0.0 tx/s    0.0 Mgas/s      0+   14 Qed Ancient:#12853390 LI:#13373498    3/25 peers      3 MiB chain    4 MiB queue  RPC:  0 conn,    0 req/s,    0 µs
2021-10-07 18:55:56 UTC Syncing #13373485 0xd5dc…833d     0.20 blk/s   22.0 tx/s    2.7 Mgas/s      0+   13 Qed Ancient:#12853391 LI:#13373498    3/25 peers      3 MiB chain    4 MiB queue  RPC:  0 conn,    0 req/s,    0 µs
2021-10-07 18:55:59 UTC Syncing #13373486 0x837d…617b     0.40 blk/s   42.4 tx/s    2.1 Mgas/s      0+   11 Qed Ancient:#12853393 LI:#13373498    3/25 peers      3 MiB chain    3 MiB queue  RPC:  0 conn,    0 req/s,    0 µs
2021-10-07 18:56:03 UTC Syncing #13373486 0x837d…617b     0.00 blk/s    0.0 tx/s    0.0 Mgas/s      0+   11 Qed Ancient:#12853393 LI:#13373498    3/25 peers      3 MiB chain    3 MiB queue  RPC:  0 conn,    0 req/s,    0 µs
2021-10-07 18:56:08 UTC Syncing #13373486 0x837d…617b     0.00 blk/s    0.0 tx/s    0.0 Mgas/s      0+   11 Qed Ancient:#12853393 LI:#13373497    3/25 peers      3 MiB chain    3 MiB queue  RPC:  0 conn,    0 req/s,    0 µs
2021-10-07 18:56:13 UTC Syncing #13373486 0x837d…617b     0.00 blk/s    0.0 tx/s    0.0 Mgas/s      0+   11 Qed Ancient:#12853393 LI:#13373497    2/25 peers      3 MiB chain    3 MiB queue  RPC:  0 conn,    0 req/s,    0 µs
2021-10-07 18:56:20 UTC Syncing #13373487 0x4885…c1e7     0.20 blk/s   92.8 tx/s    6.0 Mgas/s      0+   10 Qed Ancient:#12853394 LI:#13373497    2/25 peers      3 MiB chain    3 MiB queue  RPC:  0 conn,    0 req/s,    0 µs
2021-10-07 18:56:29 UTC Syncing #13373488 0xa701…538e     0.10 blk/s    7.4 tx/s    0.6 Mgas/s      0+    9 Qed Ancient:#12853395 LI:#13373497    2/25 peers      3 MiB chain    3 MiB queue  RPC:  0 conn,    0 req/s,    0 µs
2021-10-07 18:56:29 UTC Syncing #13373488 0xa701…538e     0.20 blk/s   14.8 tx/s    1.2 Mgas/s      0+    9 Qed Ancient:#12853395 LI:#13373497    2/25 peers      3 MiB chain    3 MiB queue  RPC:  0 conn,    0 req/s,    0 µs
2021-10-07 18:56:33 UTC Could not revert to previous block, last: 13373497 (0x8f27…84f5)
2021-10-07 18:56:33 UTC Syncing #13373488 0xa701…538e     0.00 blk/s    0.0 tx/s    0.0 Mgas/s      0+    9 Qed Ancient:#12853395 LI:#13373488    2/25 peers      3 MiB chain    3 MiB queue  RPC:  0 conn,    0 req/s,    0 µs
2021-10-07 18:56:38 UTC Syncing #13373488 0xa701…538e     0.00 blk/s    0.0 tx/s    0.0 Mgas/s      0+    9 Qed Ancient:#12853395 LI:#13373488    2/25 peers      3 MiB chain    3 MiB queue  RPC:  0 conn,    0 req/s,    0 µs
2021-10-07 18:56:43 UTC Syncing #13373488 0xa701…538e     0.00 blk/s    0.0 tx/s    0.0 Mgas/s      0+    9 Qed Ancient:#12853395 LI:#13373488    2/25 peers      3 MiB chain    3 MiB queue  RPC:  0 conn,    0 req/s,    0 µs
2021-10-07 18:56:48 UTC Syncing #13373488 0xa701…538e     0.00 blk/s    0.0 tx/s    0.0 Mgas/s      0+    9 Qed Ancient:#12853395 LI:#13373488    1/25 peers      3 MiB chain    3 MiB queue  RPC:  0 conn,    0 req/s,    0 µs
2021-10-07 18:56:55 UTC Syncing #13373489 0xfdea…8082     0.20 blk/s   98.8 tx/s    6.0 Mgas/s      0+    8 Qed Ancient:#12853396 LI:#13373488    1/25 peers      3 MiB chain    2 MiB queue  RPC:  0 conn,    0 req/s,    0 µs
2021-10-07 18:56:58 UTC Syncing #13373489 0xfdea…8082     0.00 blk/s    0.0 tx/s    0.0 Mgas/s      0+    8 Qed Ancient:#12853396 LI:#13373488    2/25 peers      3 MiB chain    2 MiB queue  RPC:  0 conn,    0 req/s,    0 µs
2021-10-07 18:57:05 UTC Syncing #13373490 0xa50e…0210     0.20 blk/s   28.0 tx/s    2.4 Mgas/s      0+    7 Qed Ancient:#12853397 LI:#13373488    1/25 peers      3 MiB chain    2 MiB queue  RPC:  0 conn,    0 req/s,    0 µs
2021-10-07 18:57:21 UTC Syncing #13373492 0x94ed…128d     0.40 blk/s   24.8 tx/s    1.8 Mgas/s      0+    5 Qed Ancient:#12853399 LI:#13373488    1/25 peers      3 MiB chain    2 MiB queue  RPC:  0 conn,    0 req/s,    0 µs
2021-10-07 18:57:21 UTC Syncing #13373492 0x94ed…128d     0.20 blk/s   12.4 tx/s    0.9 Mgas/s      0+    5 Qed Ancient:#12853399 LI:#13373488    1/25 peers      3 MiB chain    2 MiB queue  RPC:  0 conn,    0 req/s,    0 µs
2021-10-07 18:57:21 UTC Syncing #13373492 0x94ed…128d     0.13 blk/s    8.3 tx/s    0.6 Mgas/s      0+    5 Qed Ancient:#12853399 LI:#13373488    1/25 peers      3 MiB chain    2 MiB queue  RPC:  0 conn,    0 req/s,    0 µs
2021-10-07 18:57:23 UTC Syncing #13373492 0x94ed…128d     0.00 blk/s    0.0 tx/s    0.0 Mgas/s      0+    5 Qed Ancient:#12853399 LI:#13373488    1/25 peers      3 MiB chain    2 MiB queue  RPC:  0 conn,    0 req/s,    0 µs
2021-10-07 18:57:34 UTC Syncing #13373493 0xc529…2d58     0.10 blk/s   42.0 tx/s    3.0 Mgas/s      0+    4 Qed Ancient:#12853400 LI:#13373488    1/25 peers      3 MiB chain    1 MiB queue  RPC:  0 conn,    0 req/s,    0 µs
2021-10-07 18:57:34 UTC Syncing #13373493 0xc529…2d58     0.20 blk/s   84.0 tx/s    6.0 Mgas/s      0+    4 Qed Ancient:#12853400 LI:#13373488    1/25 peers      3 MiB chain    1 MiB queue  RPC:  0 conn,    0 req/s,    0 µs
2021-10-07 18:57:38 UTC Syncing #13373493 0xc529…2d58     0.00 blk/s    0.0 tx/s    0.0 Mgas/s      0+    4 Qed Ancient:#12853400 LI:#13373488    0/25 peers      3 MiB chain    1 MiB queue  RPC:  0 conn,    0 req/s,    0 µs
2021-10-07 18:57:43 UTC Syncing #13373493 0xc529…2d58     0.00 blk/s    0.0 tx/s    0.0 Mgas/s      0+    4 Qed Ancient:#12853400 LI:#13373488    0/25 peers      3 MiB chain    1 MiB queue  RPC:  0 conn,    0 req/s,    0 µs
2021-10-07 18:57:48 UTC Syncing #13373493 0xc529…2d58     0.00 blk/s    0.0 tx/s    0.0 Mgas/s      0+    4 Qed Ancient:#12853400 LI:#13373488    0/25 peers      3 MiB chain    1 MiB queue  RPC:  0 conn,    0 req/s,    0 µs
2021-10-07 18:57:53 UTC Syncing #13373493 0xc529…2d58     0.00 blk/s    0.0 tx/s    0.0 Mgas/s      0+    4 Qed Ancient:#12853400 LI:#13373488    0/25 peers      3 MiB chain    1 MiB queue  RPC:  0 conn,    0 req/s,    0 µs
2021-10-07 18:57:58 UTC Syncing #13373493 0xc529…2d58     0.00 blk/s    0.0 tx/s    0.0 Mgas/s      0+    4 Qed Ancient:#12853400 LI:#13373488    0/25 peers      3 MiB chain    1 MiB queue  RPC:  0 conn,    0 req/s,    0 µs
2021-10-07 18:58:03 UTC Syncing #13373493 0xc529…2d58     0.00 blk/s    0.0 tx/s    0.0 Mgas/s      0+    4 Qed Ancient:#12853400 LI:#13373488    1/25 peers      3 MiB chain    1 MiB queue  RPC:  0 conn,    0 req/s,    0 µs