2021-10-06 02:34:45 UTC Syncing #13362726 0x2ba2…6e8b     0.00 blk/s    0.0 tx/s    0.0 Mgas/s      0+   50 Qed Ancient:#12367381 LI:#13362777    4/25 peers      3 MiB chain   14 MiB queue  RPC:  0 conn,    0 req/s,    0 µs
2021-10-06 02:34:58 UTC Syncing #13362727 0x8a19…ad99     0.17 blk/s   58.3 tx/s    4.6 Mgas/s      0+   49 Qed Ancient:#12367382 LI:#13362777    1/25 peers      3 MiB chain   14 MiB queue  RPC:  0 conn,    0 req/s,    0 µs
2021-10-06 02:34:58 UTC Syncing #13362728 0x3c68…da65     0.19 blk/s   37.6 tx/s    2.9 Mgas/s      0+   48 Qed Ancient:#12367383 LI:#13362777    1/25 peers      4 MiB chain   14 MiB queue  RPC:  0 conn,    0 req/s,    0 µs
2021-10-06 02:35:05 UTC Syncing #13362729 0x86e4…98e2     0.20 blk/s   16.2 tx/s    1.2 Mgas/s      0+   47 Qed Ancient:#12367384 LI:#13362777    1/25 peers      4 MiB chain   13 MiB queue  RPC:  0 conn,    0 req/s,    0 µs
2021-10-06 02:35:10 UTC Syncing #13362729 0x86e4…98e2     0.00 blk/s    0.0 tx/s    0.0 Mgas/s      0+   47 Qed Ancient:#12367384 LI:#13362777    1/25 peers      4 MiB chain   13 MiB queue  RPC:  0 conn,    0 req/s,    0 µs
2021-10-06 02:35:11 UTC Syncing #13362729 0x86e4…98e2     0.00 blk/s    0.0 tx/s    0.0 Mgas/s      0+   47 Qed Ancient:#12367384 LI:#13362777    1/25 peers      4 MiB chain   13 MiB queue  RPC:  0 conn,    0 req/s,    0 µs
2021-10-06 02:35:16 UTC Syncing #13362729 0x86e4…98e2     0.00 blk/s    0.0 tx/s    0.0 Mgas/s      0+   47 Qed Ancient:#12367384 LI:#13362777    1/25 peers      4 MiB chain   13 MiB queue  RPC:  0 conn,    0 req/s,    0 µs
2021-10-06 02:35:27 UTC Syncing #13362731 0x2787…724c     0.20 blk/s   30.6 tx/s    2.5 Mgas/s      0+   45 Qed Ancient:#12367387 LI:#13362777    1/25 peers      4 MiB chain   13 MiB queue  RPC:  0 conn,    0 req/s,    0 µs
2021-10-06 02:35:27 UTC Syncing #13362730 0x553f…5187     0.20 blk/s   58.4 tx/s    4.6 Mgas/s      0+   46 Qed Ancient:#12367385 LI:#13362777    1/25 peers      4 MiB chain   13 MiB queue  RPC:  0 conn,    0 req/s,    0 µs
2021-10-06 02:35:32 UTC Syncing #13362731 0x2787…724c     0.20 blk/s    2.8 tx/s    0.3 Mgas/s      0+   45 Qed Ancient:#12367387 LI:#13362777    1/25 peers      4 MiB chain   13 MiB queue  RPC:  0 conn,    0 req/s,    0 µs
2021-10-06 02:35:38 UTC Syncing #13362732 0x562d…3bbd     0.20 blk/s   17.6 tx/s    4.0 Mgas/s      0+   44 Qed Ancient:#12367388 LI:#13362777    1/25 peers      4 MiB chain   13 MiB queue  RPC:  0 conn,    0 req/s,    0 µs
2021-10-06 02:35:41 UTC Syncing #13362732 0x562d…3bbd     0.00 blk/s    0.0 tx/s    0.0 Mgas/s      0+   44 Qed Ancient:#12367388 LI:#13362777    1/25 peers      4 MiB chain   13 MiB queue  RPC:  0 conn,    0 req/s,    0 µs
2021-10-06 02:35:46 UTC Syncing #13362732 0x562d…3bbd     0.00 blk/s    0.0 tx/s    0.0 Mgas/s      0+   44 Qed Ancient:#12367388 LI:#13362777    1/25 peers      4 MiB chain   13 MiB queue  RPC:  0 conn,    0 req/s,    0 µs
2021-10-06 02:35:51 UTC Syncing #13362732 0x562d…3bbd     0.00 blk/s    0.0 tx/s    0.0 Mgas/s      0+   49 Qed Ancient:#12367388 LI:#13362782    3/25 peers      4 MiB chain   14 MiB queue  RPC:  0 conn,    0 req/s,    0 µs
2021-10-06 02:36:07 UTC Syncing #13362733 0x69ee…8afb     0.20 blk/s   54.4 tx/s    4.5 Mgas/s      0+   48 Qed Ancient:#12367389 LI:#13362782    3/25 peers      4 MiB chain   14 MiB queue  RPC:  0 conn,    0 req/s,    0 µs
2021-10-06 02:36:07 UTC Syncing #13362734 0x8485…b7ab     0.20 blk/s   43.6 tx/s    3.4 Mgas/s      0+   48 Qed Ancient:#12367406 LI:#13362782    3/25 peers      4 MiB chain   14 MiB queue  RPC:  0 conn,    0 req/s,    0 µs
2021-10-06 02:36:07 UTC Syncing #13362734 0x8485…b7ab     0.13 blk/s   28.9 tx/s    2.3 Mgas/s      0+   48 Qed Ancient:#12367406 LI:#13362782    3/25 peers      4 MiB chain   14 MiB queue  RPC:  0 conn,    0 req/s,    0 µs
2021-10-06 02:36:14 UTC Syncing #13362734 0x8485…b7ab     0.00 blk/s    0.0 tx/s    0.0 Mgas/s      0+   47 Qed Ancient:#12367407 LI:#13362782    3/25 peers      4 MiB chain   14 MiB queue  RPC:  0 conn,    0 req/s,    0 µs
2021-10-06 02:36:21 UTC Syncing #13362735 0x6dfe…edda     0.10 blk/s    8.0 tx/s    0.6 Mgas/s      0+   46 Qed Ancient:#12367408 LI:#13362782    3/25 peers      4 MiB chain   13 MiB queue  RPC:  0 conn,    0 req/s,    0 µs
2021-10-06 02:36:21 UTC Syncing #13362735 0x6dfe…edda     0.20 blk/s   16.0 tx/s    1.2 Mgas/s      0+   46 Qed Ancient:#12367408 LI:#13362782    3/25 peers      4 MiB chain   13 MiB queue  RPC:  0 conn,    0 req/s,    0 µs
2021-10-06 02:36:26 UTC Syncing #13362735 0x6dfe…edda     0.00 blk/s    0.0 tx/s    0.0 Mgas/s      0+   47 Qed Ancient:#12367408 LI:#13362782    3/25 peers      4 MiB chain   14 MiB queue  RPC:  0 conn,    0 req/s,    0 µs
2021-10-06 02:36:31 UTC Syncing #13362735 0x6dfe…edda     0.00 blk/s    0.0 tx/s    0.0 Mgas/s      0+   51 Qed Ancient:#12367408 LI:#13362786   10/25 peers      4 MiB chain   15 MiB queue  RPC:  0 conn,    0 req/s,    0 µs
2021-10-06 02:36:48 UTC Syncing #13362735 0x6dfe…edda     0.00 blk/s    0.0 tx/s    0.0 Mgas/s      0+   52 Qed Ancient:#12367408 LI:#13362788   18/25 peers      4 MiB chain   15 MiB queue  RPC:  0 conn,    0 req/s,    0 µs
2021-10-06 02:36:48 UTC Syncing #13362735 0x6dfe…edda     0.00 blk/s    0.0 tx/s    0.0 Mgas/s      0+   52 Qed Ancient:#12367408 LI:#13362788   18/25 peers      5 MiB chain   15 MiB queue  RPC:  0 conn,    0 req/s,    0 µs
2021-10-06 02:36:48 UTC Syncing #13362735 0x6dfe…edda     0.00 blk/s    0.0 tx/s    0.0 Mgas/s      0+   53 Qed Ancient:#12367408 LI:#13362788   18/25 peers      5 MiB chain   15 MiB queue  RPC:  0 conn,    0 req/s,    0 µs
2021-10-06 02:36:51 UTC Syncing #13362735 0x6dfe…edda     0.00 blk/s    0.0 tx/s    0.0 Mgas/s      0+   55 Qed Ancient:#12367408 LI:#13362789   18/25 peers      5 MiB chain   15 MiB queue  RPC:  0 conn,    0 req/s,    0 µs
2021-10-06 02:37:04 UTC Syncing #13362737 0x9bbc…137d     0.20 blk/s   44.7 tx/s    4.2 Mgas/s      0+   53 Qed Ancient:#12367410 LI:#13362789   17/25 peers      5 MiB chain   15 MiB queue  RPC:  0 conn,    0 req/s,    0 µs
2021-10-06 02:37:04 UTC Syncing #13362736 0x0734…5cc0     0.20 blk/s   64.8 tx/s    6.0 Mgas/s      0+   54 Qed Ancient:#12367409 LI:#13362789   17/25 peers      5 MiB chain   15 MiB queue  RPC:  0 conn,    0 req/s,    0 µs
2021-10-06 02:37:13 UTC Syncing #13362737 0x9bbc…137d     0.20 blk/s   24.6 tx/s    2.5 Mgas/s      0+   54 Qed Ancient:#12367410 LI:#13362790   17/25 peers      5 MiB chain   15 MiB queue  RPC:  0 conn,    0 req/s,    0 µs
2021-10-06 02:37:13 UTC Syncing #13362737 0x9bbc…137d     0.10 blk/s   12.4 tx/s    1.2 Mgas/s      0+   54 Qed Ancient:#12367410 LI:#13362790   17/25 peers      5 MiB chain   15 MiB queue  RPC:  0 conn,    0 req/s,    0 µs
2021-10-06 02:37:22 UTC Syncing #13362738 0x908c…eedf     0.10 blk/s   17.5 tx/s    1.3 Mgas/s      0+   53 Qed Ancient:#12367411 LI:#13362790   17/25 peers      5 MiB chain   15 MiB queue  RPC:  0 conn,    0 req/s,    0 µs
2021-10-06 02:37:22 UTC Syncing #13362738 0x908c…eedf     0.20 blk/s   35.0 tx/s    2.7 Mgas/s      0+   53 Qed Ancient:#12367411 LI:#13362790   17/25 peers      5 MiB chain   15 MiB queue  RPC:  0 conn,    0 req/s,    0 µs
2021-10-06 02:37:26 UTC Syncing #13362738 0x908c…eedf     0.00 blk/s    0.0 tx/s    0.0 Mgas/s      0+   56 Qed Ancient:#12367411 LI:#13362794   16/25 peers      5 MiB chain   16 MiB queue  RPC:  0 conn,    0 req/s,    0 µs
2021-10-06 02:37:31 UTC Syncing #13362738 0x908c…eedf     0.00 blk/s    0.0 tx/s    0.0 Mgas/s      0+   57 Qed Ancient:#12367411 LI:#13362794   11/25 peers      5 MiB chain   16 MiB queue  RPC:  0 conn,    0 req/s,    0 µs
2021-10-06 02:37:36 UTC Syncing #13362738 0x908c…eedf     0.00 blk/s    0.0 tx/s    0.0 Mgas/s      0+   58 Qed Ancient:#12367411 LI:#13362795   14/25 peers      5 MiB chain   16 MiB queue  RPC:  0 conn,    0 req/s,    0 µs
2021-10-06 02:37:48 UTC Syncing #13362740 0x1c36…e7ce     0.20 blk/s   37.5 tx/s    2.1 Mgas/s      0+   56 Qed Ancient:#12367413 LI:#13362795   14/25 peers      5 MiB chain   15 MiB queue  RPC:  0 conn,    0 req/s,    0 µs
2021-10-06 02:37:48 UTC Syncing #13362740 0x1c36…e7ce     0.40 blk/s   75.0 tx/s    4.3 Mgas/s      0+   56 Qed Ancient:#12367413 LI:#13362795   14/25 peers      5 MiB chain   15 MiB queue  RPC:  0 conn,    0 req/s,    0 µs
2021-10-06 02:37:57 UTC Syncing #13362740 0x1c36…e7ce     0.00 blk/s    0.0 tx/s    0.0 Mgas/s      0+   57 Qed Ancient:#12367413 LI:#13362796   14/25 peers      5 MiB chain   16 MiB queue  RPC:  0 conn,    0 req/s,    0 µs
2021-10-06 02:37:57 UTC Syncing #13362740 0x1c36…e7ce     0.00 blk/s    0.0 tx/s    0.0 Mgas/s      0+   57 Qed Ancient:#12367413 LI:#13362796   14/25 peers      5 MiB chain   16 MiB queue  RPC:  0 conn,    0 req/s,    0 µs
2021-10-06 02:38:01 UTC Syncing #13362740 0x1c36…e7ce     0.00 blk/s    0.0 tx/s    0.0 Mgas/s      0+   58 Qed Ancient:#12367413 LI:#13362797   11/25 peers      5 MiB chain   16 MiB queue  RPC:  0 conn,    0 req/s,    0 µs
2021-10-06 02:38:16 UTC Syncing #13362740 0x1c36…e7ce     0.00 blk/s    0.0 tx/s    0.0 Mgas/s      0+   58 Qed Ancient:#12367413 LI:#13362797   16/25 peers      5 MiB chain   16 MiB queue  RPC:  0 conn,    0 req/s,    0 µs
2021-10-06 02:38:16 UTC Syncing #13362740 0x1c36…e7ce     0.00 blk/s    0.0 tx/s    0.0 Mgas/s      0+   58 Qed Ancient:#12367413 LI:#13362797   16/25 peers      5 MiB chain   16 MiB queue  RPC:  0 conn,    0 req/s,    0 µs
2021-10-06 02:38:16 UTC Syncing #13362740 0x1c36…e7ce     0.00 blk/s    0.0 tx/s    0.0 Mgas/s      0+   59 Qed Ancient:#12367413 LI:#13362798   16/25 peers      5 MiB chain   16 MiB queue  RPC:  0 conn,    0 req/s,    0 µs
2021-10-06 02:38:26 UTC Syncing #13362741 0xc4b1…1c9b     0.10 blk/s   27.4 tx/s    2.6 Mgas/s      0+   58 Qed Ancient:#12367414 LI:#13362798   16/25 peers      5 MiB chain   16 MiB queue  RPC:  0 conn,    0 req/s,    0 µs
2021-10-06 02:38:26 UTC Syncing #13362741 0xc4b1…1c9b     0.20 blk/s   54.8 tx/s    5.1 Mgas/s      0+   58 Qed Ancient:#12367414 LI:#13362798   16/25 peers      5 MiB chain   16 MiB queue  RPC:  0 conn,    0 req/s,    0 µs
2021-10-06 02:38:33 UTC Syncing #13362741 0xc4b1…1c9b     0.00 blk/s    0.0 tx/s    0.0 Mgas/s      0+   61 Qed Ancient:#12367414 LI:#13362800   14/25 peers      5 MiB chain   17 MiB queue  RPC:  0 conn,    0 req/s,    0 µs
2021-10-06 02:38:36 UTC Syncing #13362741 0xc4b1…1c9b     0.00 blk/s    0.0 tx/s    0.0 Mgas/s      0+   61 Qed Ancient:#12367414 LI:#13362800   14/25 peers      5 MiB chain   17 MiB queue  RPC:  0 conn,    0 req/s,    0 µs
2021-10-06 02:38:45 UTC Syncing #13362742 0xa7ef…45dc     0.20 blk/s  101.0 tx/s    4.4 Mgas/s      0+   60 Qed Ancient:#12367415 LI:#13362800   14/25 peers      5 MiB chain   17 MiB queue  RPC:  0 conn,    0 req/s,    0 µs
2021-10-06 02:38:55 UTC Syncing #13362743 0xe8c6…e542     0.10 blk/s   12.0 tx/s    0.7 Mgas/s      0+   59 Qed Ancient:#12367416 LI:#13362800   14/25 peers      5 MiB chain   16 MiB queue  RPC:  0 conn,    0 req/s,    0 µs
2021-10-06 02:38:55 UTC Syncing #13362743 0xe8c6…e542     0.20 blk/s   24.0 tx/s    1.4 Mgas/s      0+   59 Qed Ancient:#12367416 LI:#13362800   14/25 peers      5 MiB chain   16 MiB queue  RPC:  0 conn,    0 req/s,    0 µs
2021-10-06 02:39:04 UTC Syncing #13362745 0xb1b4…0160     0.20 blk/s   22.5 tx/s    1.8 Mgas/s      0+   57 Qed Ancient:#12367418 LI:#13362800   14/25 peers      5 MiB chain   16 MiB queue  RPC:  0 conn,    0 req/s,    0 µs
2021-10-06 02:39:04 UTC Syncing #13362744 0xe8b6…e613     0.20 blk/s   41.8 tx/s    3.5 Mgas/s      0+   58 Qed Ancient:#12367417 LI:#13362800   14/25 peers      5 MiB chain   16 MiB queue  RPC:  0 conn,    0 req/s,    0 µs
2021-10-06 02:39:11 UTC Syncing #13362745 0xb1b4…0160     0.20 blk/s    3.2 tx/s    0.2 Mgas/s      0+   57 Qed Ancient:#12367418 LI:#13362800   14/25 peers      5 MiB chain   16 MiB queue  RPC:  0 conn,    0 req/s,    0 µs
2021-10-06 02:39:11 UTC Syncing #13362745 0xb1b4…0160     0.10 blk/s    1.6 tx/s    0.1 Mgas/s      0+   57 Qed Ancient:#12367418 LI:#13362800   14/25 peers      5 MiB chain   16 MiB queue  RPC:  0 conn,    0 req/s,    0 µs
2021-10-06 02:39:19 UTC Syncing #13362747 0xa4d3…62ee     0.40 blk/s   50.8 tx/s    4.1 Mgas/s      0+   55 Qed Ancient:#12367420 LI:#13362800   13/25 peers      5 MiB chain   15 MiB queue  RPC:  0 conn,    0 req/s,    0 µs
2021-10-06 02:39:27 UTC Syncing #13362747 0xa4d3…62ee     0.00 blk/s    0.0 tx/s    0.0 Mgas/s      0+   56 Qed Ancient:#12367420 LI:#13362801   13/25 peers      5 MiB chain   16 MiB queue  RPC:  0 conn,    0 req/s,    0 µs
2021-10-06 02:39:27 UTC Syncing #13362747 0xa4d3…62ee     0.00 blk/s    0.0 tx/s    0.0 Mgas/s      0+   56 Qed Ancient:#12367420 LI:#13362801   13/25 peers      5 MiB chain   16 MiB queue  RPC:  0 conn,    0 req/s,    0 µs
2021-10-06 02:39:31 UTC Syncing #13362747 0xa4d3…62ee     0.00 blk/s    0.0 tx/s    0.0 Mgas/s      0+   57 Qed Ancient:#12367420 LI:#13362802   10/25 peers      5 MiB chain   16 MiB queue  RPC:  0 conn,    0 req/s,    0 µs
2021-10-06 02:39:36 UTC Syncing #13362747 0xa4d3…62ee     0.00 blk/s    0.0 tx/s    0.0 Mgas/s      0+   57 Qed Ancient:#12367420 LI:#13362802   10/25 peers      5 MiB chain   16 MiB queue  RPC:  0 conn,    0 req/s,    0 µs
2021-10-06 02:39:44 UTC Syncing #13362749 0x7314…2e6e     0.40 blk/s   89.8 tx/s    6.9 Mgas/s      0+   56 Qed Ancient:#12367422 LI:#13362803   10/25 peers      5 MiB chain   17 MiB queue  RPC:  0 conn,    0 req/s,    0 µs
2021-10-06 02:39:52 UTC Syncing #13362749 0x7314…2e6e     0.00 blk/s    0.0 tx/s    0.0 Mgas/s      0+   56 Qed Ancient:#12367422 LI:#13362803   10/25 peers      5 MiB chain   17 MiB queue  RPC:  0 conn,    0 req/s,    0 µs
2021-10-06 02:39:52 UTC Syncing #13362749 0x7314…2e6e     0.00 blk/s    0.0 tx/s    0.0 Mgas/s      0+   56 Qed Ancient:#12367422 LI:#13362803   10/25 peers      5 MiB chain   17 MiB queue  RPC:  0 conn,    0 req/s,    0 µs
2021-10-06 02:39:56 UTC Syncing #13362749 0x7314…2e6e     0.00 blk/s    0.0 tx/s    0.0 Mgas/s      0+   56 Qed Ancient:#12367422 LI:#13362803   10/25 peers      5 MiB chain   17 MiB queue  RPC:  0 conn,    0 req/s,    0 µs
2021-10-06 02:40:04 UTC Syncing #13362750 0xf5ec…37cc     0.20 blk/s   42.0 tx/s    3.4 Mgas/s      0+   56 Qed Ancient:#12367423 LI:#13362804   10/25 peers      5 MiB chain   17 MiB queue  RPC:  0 conn,    0 req/s,    0 µs
2021-10-06 02:40:06 UTC Syncing #13362750 0xf5ec…37cc     0.00 blk/s    0.0 tx/s    0.0 Mgas/s      0+   56 Qed Ancient:#12367423 LI:#13362804   10/25 peers      5 MiB chain   17 MiB queue  RPC:  0 conn,    0 req/s,    0 µs
2021-10-06 02:40:11 UTC Syncing #13362750 0xf5ec…37cc     0.00 blk/s    0.0 tx/s    0.0 Mgas/s      0+   57 Qed Ancient:#12367423 LI:#13362805   13/25 peers      5 MiB chain   17 MiB queue  RPC:  0 conn,    0 req/s,    0 µs
2021-10-06 02:40:16 UTC Syncing #13362750 0xf5ec…37cc     0.00 blk/s    0.0 tx/s    0.0 Mgas/s      0+   57 Qed Ancient:#12367423 LI:#13362805   14/25 peers      5 MiB chain   17 MiB queue  RPC:  0 conn,    0 req/s,    0 µs
2021-10-06 02:40:28 UTC Syncing #13362752 0xda81…85eb     0.20 blk/s   26.1 tx/s    2.2 Mgas/s      0+   57 Qed Ancient:#12367425 LI:#13362807   16/25 peers      5 MiB chain   17 MiB queue  RPC:  0 conn,    0 req/s,    0 µs
2021-10-06 02:40:28 UTC Syncing #13362752 0xda81…85eb     0.40 blk/s   52.2 tx/s    4.5 Mgas/s      0+   57 Qed Ancient:#12367425 LI:#13362807   16/25 peers      5 MiB chain   17 MiB queue  RPC:  0 conn,    0 req/s,    0 µs
2021-10-06 02:40:33 UTC Syncing #13362752 0xda81…85eb     0.00 blk/s    0.0 tx/s    0.0 Mgas/s      0+   59 Qed Ancient:#12367425 LI:#13362809   16/25 peers      5 MiB chain   17 MiB queue  RPC:  0 conn,    0 req/s,    0 µs