2021-10-06 02:26:43 UTC Syncing #13362713 0xd638…a975     0.00 blk/s    0.0 tx/s    0.0 Mgas/s      0+   22 Qed Ancient:#12363830 LI:#13362736   23/25 peers    915 KiB chain    6 MiB queue  RPC:  0 conn,    0 req/s,    0 µs
2021-10-06 02:26:46 UTC Syncing #13362713 0xd638…a975     0.00 blk/s    0.0 tx/s    0.0 Mgas/s      0+   23 Qed Ancient:#12363830 LI:#13362737   24/25 peers    915 KiB chain    6 MiB queue  RPC:  0 conn,    0 req/s,    0 µs
2021-10-06 02:26:53 UTC Syncing #13362713 0xd638…a975     0.00 blk/s    0.0 tx/s    0.0 Mgas/s      0+   23 Qed Ancient:#12363830 LI:#13362737   24/25 peers    915 KiB chain    6 MiB queue  RPC:  0 conn,    0 req/s,    0 µs
2021-10-06 02:26:57 UTC Syncing #13362713 0xd638…a975     0.00 blk/s    0.0 tx/s    0.0 Mgas/s      0+   23 Qed Ancient:#12363830 LI:#13362737   24/25 peers    915 KiB chain    6 MiB queue  RPC:  0 conn,    0 req/s,    0 µs
2021-10-06 02:27:02 UTC Syncing #13362713 0xd638…a975     0.00 blk/s    0.0 tx/s    0.0 Mgas/s      0+   24 Qed Ancient:#12363830 LI:#13362738   24/25 peers    915 KiB chain    6 MiB queue  RPC:  0 conn,    0 req/s,    0 µs
2021-10-06 02:27:06 UTC Syncing #13362714 0x1b7d…a185     0.20 blk/s   84.6 tx/s    6.0 Mgas/s      0+   23 Qed Ancient:#12363831 LI:#13362738   23/25 peers    915 KiB chain    6 MiB queue  RPC:  0 conn,    0 req/s,    0 µs
2021-10-06 02:27:28 UTC Syncing #13362714 0x1b7d…a185     0.00 blk/s    0.0 tx/s    0.0 Mgas/s      0+   25 Qed Ancient:#12363831 LI:#13362740   26/50 peers      1 MiB chain    6 MiB queue  RPC:  0 conn,    0 req/s,    0 µs
2021-10-06 02:29:11 UTC Syncing #13362715 0x4dc2…1005     0.01 blk/s    3.9 tx/s    0.3 Mgas/s      0+   35 Qed Ancient:#12365147 LI:#13362750   18/25 peers     36 KiB chain    9 MiB queue  RPC:  0 conn,    0 req/s,    0 µs
2021-10-06 02:29:45 UTC Syncing #13362715 0x4dc2…1005     0.00 blk/s    0.0 tx/s    0.0 Mgas/s      0+   36 Qed Ancient:#12365899 LI:#13362751   12/25 peers    0 bytes chain    9 MiB queue  RPC:  0 conn,    0 req/s,    0 µs
2021-10-06 02:29:45 UTC Syncing #13362715 0x4dc2…1005     0.00 blk/s    0.0 tx/s    0.0 Mgas/s      0+   36 Qed Ancient:#12366228 LI:#13362751   12/25 peers    0 bytes chain    9 MiB queue  RPC:  0 conn,    0 req/s,    0 µs
2021-10-06 02:30:30 UTC Syncing #13362715 0x4dc2…1005     0.00 blk/s    0.0 tx/s    0.0 Mgas/s      0+   44 Qed Ancient:#12366877 LI:#13362759    3/25 peers    0 bytes chain   11 MiB queue  RPC:  0 conn,    0 req/s,    0 µs
2021-10-06 02:30:30 UTC Syncing #13362715 0x4dc2…1005     0.00 blk/s    0.0 tx/s    0.0 Mgas/s      0+   44 Qed Ancient:#12367333 LI:#13362759    3/25 peers    0 bytes chain   11 MiB queue  RPC:  0 conn,    0 req/s,    0 µs
2021-10-06 02:30:35 UTC Syncing #13362715 0x4dc2…1005     0.00 blk/s    0.0 tx/s    0.0 Mgas/s      0+   43 Qed Ancient:#12367333 LI:#13362759    3/25 peers     77 KiB chain   10 MiB queue  RPC:  0 conn,    0 req/s,    0 µs
2021-10-06 02:30:51 UTC Syncing #13362715 0x4dc2…1005     0.00 blk/s    0.0 tx/s    0.0 Mgas/s      0+   43 Qed Ancient:#12367333 LI:#13362759    3/25 peers     77 KiB chain   10 MiB queue  RPC:  0 conn,    0 req/s,    0 µs
2021-10-06 02:30:51 UTC Syncing #13362715 0x4dc2…1005     0.00 blk/s    0.0 tx/s    0.0 Mgas/s      0+   43 Qed Ancient:#12367333 LI:#13362759    3/25 peers     77 KiB chain   10 MiB queue  RPC:  0 conn,    0 req/s,    0 µs
2021-10-06 02:30:56 UTC Syncing #13362715 0x4dc2…1005     0.00 blk/s    0.0 tx/s    0.0 Mgas/s      0+   43 Qed Ancient:#12367333 LI:#13362759    3/25 peers     77 KiB chain   10 MiB queue  RPC:  0 conn,    0 req/s,    0 µs
2021-10-06 02:31:01 UTC Syncing #13362715 0x4dc2…1005     0.00 blk/s    0.0 tx/s    0.0 Mgas/s      0+   47 Qed Ancient:#12367333 LI:#13362763    5/25 peers    495 KiB chain   12 MiB queue  RPC:  0 conn,    0 req/s,    0 µs
2021-10-06 02:31:21 UTC Syncing #13362715 0x4dc2…1005     0.00 blk/s    0.0 tx/s    0.0 Mgas/s      0+   47 Qed Ancient:#12367333 LI:#13362763    3/25 peers      1 MiB chain   12 MiB queue  RPC:  0 conn,    0 req/s,    0 µs
2021-10-06 02:31:21 UTC Syncing #13362717 0x5ae6…91a8     0.20 blk/s   26.7 tx/s    2.5 Mgas/s      0+   46 Qed Ancient:#12367368 LI:#13362763    3/25 peers      2 MiB chain   11 MiB queue  RPC:  0 conn,    0 req/s,    0 µs
2021-10-06 02:31:21 UTC Syncing #13362717 0x5ae6…91a8     0.11 blk/s   14.2 tx/s    1.3 Mgas/s      0+   46 Qed Ancient:#12367368 LI:#13362763    3/25 peers      2 MiB chain   11 MiB queue  RPC:  0 conn,    0 req/s,    0 µs
2021-10-06 02:31:35 UTC Syncing #13362718 0xc45b…01c3     0.09 blk/s    6.6 tx/s    0.5 Mgas/s      0+   44 Qed Ancient:#12367370 LI:#13362763    3/25 peers      2 MiB chain   11 MiB queue  RPC:  0 conn,    0 req/s,    0 µs
2021-10-06 02:31:35 UTC Syncing #13362717 0x5ae6…91a8     0.00 blk/s    0.0 tx/s    0.0 Mgas/s      0+   45 Qed Ancient:#12367369 LI:#13362763    3/25 peers      2 MiB chain   11 MiB queue  RPC:  0 conn,    0 req/s,    0 µs
2021-10-06 02:31:42 UTC Syncing #13362718 0xc45b…01c3     0.10 blk/s    7.4 tx/s    0.6 Mgas/s      0+   44 Qed Ancient:#12367370 LI:#13362763    3/25 peers      2 MiB chain   11 MiB queue  RPC:  0 conn,    0 req/s,    0 µs
2021-10-06 02:31:42 UTC Syncing #13362718 0xc45b…01c3     0.20 blk/s   14.8 tx/s    1.1 Mgas/s      0+   44 Qed Ancient:#12367370 LI:#13362763    3/25 peers      2 MiB chain   11 MiB queue  RPC:  0 conn,    0 req/s,    0 µs
2021-10-06 02:31:48 UTC Syncing #13362719 0xda28…3735     0.20 blk/s    9.6 tx/s    0.9 Mgas/s      0+   43 Qed Ancient:#12367371 LI:#13362763    3/25 peers      2 MiB chain   11 MiB queue  RPC:  0 conn,    0 req/s,    0 µs
2021-10-06 02:31:52 UTC Syncing #13362719 0xda28…3735     0.00 blk/s    0.0 tx/s    0.0 Mgas/s      0+   43 Qed Ancient:#12367371 LI:#13362763    3/25 peers      2 MiB chain   11 MiB queue  RPC:  0 conn,    0 req/s,    0 µs
2021-10-06 02:31:56 UTC Syncing #13362719 0xda28…3735     0.00 blk/s    0.0 tx/s    0.0 Mgas/s      0+   43 Qed Ancient:#12367371 LI:#13362763    2/25 peers      2 MiB chain   11 MiB queue  RPC:  0 conn,    0 req/s,    0 µs
2021-10-06 02:32:01 UTC Syncing #13362719 0xda28…3735     0.00 blk/s    0.0 tx/s    0.0 Mgas/s      0+   43 Qed Ancient:#12367371 LI:#13362763    2/25 peers      2 MiB chain   11 MiB queue  RPC:  0 conn,    0 req/s,    0 µs
2021-10-06 02:32:07 UTC Syncing #13362719 0xda28…3735     0.00 blk/s    0.0 tx/s    0.0 Mgas/s      0+   43 Qed Ancient:#12367371 LI:#13362763    4/25 peers      2 MiB chain   11 MiB queue  RPC:  0 conn,    0 req/s,    0 µs
2021-10-06 02:32:11 UTC Syncing #13362719 0xda28…3735     0.00 blk/s    0.0 tx/s    0.0 Mgas/s      0+   47 Qed Ancient:#12367371 LI:#13362767    6/25 peers      2 MiB chain   13 MiB queue  RPC:  0 conn,    0 req/s,    0 µs
2021-10-06 02:32:16 UTC Syncing #13362719 0xda28…3735     0.00 blk/s    0.0 tx/s    0.0 Mgas/s      0+   47 Qed Ancient:#12367371 LI:#13362767    7/25 peers      2 MiB chain   13 MiB queue  RPC:  0 conn,    0 req/s,    0 µs
2021-10-06 02:32:21 UTC Syncing #13362719 0xda28…3735     0.00 blk/s    0.0 tx/s    0.0 Mgas/s      0+   47 Qed Ancient:#12367371 LI:#13362767    9/25 peers      2 MiB chain   13 MiB queue  RPC:  0 conn,    0 req/s,    0 µs
2021-10-06 02:32:33 UTC Syncing #13362720 0xe86c…1387     0.10 blk/s   40.2 tx/s    3.0 Mgas/s      0+   48 Qed Ancient:#12367374 LI:#13362769   12/25 peers      2 MiB chain   13 MiB queue  RPC:  0 conn,    0 req/s,    0 µs
2021-10-06 02:32:33 UTC Syncing #13362720 0xe86c…1387     0.20 blk/s   80.4 tx/s    6.0 Mgas/s      0+   48 Qed Ancient:#12367374 LI:#13362769   12/25 peers      2 MiB chain   13 MiB queue  RPC:  0 conn,    0 req/s,    0 µs
2021-10-06 02:32:44 UTC Syncing #13362721 0xd02b…dfa3     0.10 blk/s   10.6 tx/s    2.2 Mgas/s      0+   47 Qed Ancient:#12367375 LI:#13362769   10/25 peers      2 MiB chain   12 MiB queue  RPC:  0 conn,    0 req/s,    0 µs
2021-10-06 02:32:44 UTC Syncing #13362721 0xd02b…dfa3     0.20 blk/s   21.2 tx/s    4.3 Mgas/s      0+   47 Qed Ancient:#12367375 LI:#13362769   10/25 peers      2 MiB chain   12 MiB queue  RPC:  0 conn,    0 req/s,    0 µs
2021-10-06 02:32:46 UTC Syncing #13362721 0xd02b…dfa3     0.00 blk/s    0.0 tx/s    0.0 Mgas/s      0+   49 Qed Ancient:#12367375 LI:#13362771    7/25 peers      2 MiB chain   13 MiB queue  RPC:  0 conn,    0 req/s,    0 µs
2021-10-06 02:32:52 UTC Syncing #13362721 0xd02b…dfa3     0.00 blk/s    0.0 tx/s    0.0 Mgas/s      0+   50 Qed Ancient:#12367375 LI:#13362772    6/25 peers      2 MiB chain   13 MiB queue  RPC:  0 conn,    0 req/s,    0 µs
2021-10-06 02:32:58 UTC Syncing #13362721 0xd02b…dfa3     0.00 blk/s    0.0 tx/s    0.0 Mgas/s      0+   51 Qed Ancient:#12367375 LI:#13362773    6/25 peers      2 MiB chain   13 MiB queue  RPC:  0 conn,    0 req/s,    0 µs
2021-10-06 02:33:01 UTC Syncing #13362721 0xd02b…dfa3     0.00 blk/s    0.0 tx/s    0.0 Mgas/s      0+   51 Qed Ancient:#12367375 LI:#13362773   10/25 peers      3 MiB chain   13 MiB queue  RPC:  0 conn,    0 req/s,    0 µs
2021-10-06 02:33:09 UTC Syncing #13362721 0xd02b…dfa3     0.00 blk/s    0.0 tx/s    0.0 Mgas/s      0+   52 Qed Ancient:#12367375 LI:#13362774   11/25 peers      3 MiB chain   14 MiB queue  RPC:  0 conn,    0 req/s,    0 µs
2021-10-06 02:33:13 UTC Syncing #13362721 0xd02b…dfa3     0.00 blk/s    0.0 tx/s    0.0 Mgas/s      0+   52 Qed Ancient:#12367375 LI:#13362774   11/25 peers      3 MiB chain   14 MiB queue  RPC:  0 conn,    0 req/s,    0 µs
2021-10-06 02:33:16 UTC Syncing #13362721 0xd02b…dfa3     0.00 blk/s    0.0 tx/s    0.0 Mgas/s      0+   52 Qed Ancient:#12367375 LI:#13362774   11/25 peers      3 MiB chain   14 MiB queue  RPC:  0 conn,    0 req/s,    0 µs
2021-10-06 02:33:21 UTC Syncing #13362721 0xd02b…dfa3     0.00 blk/s    0.0 tx/s    0.0 Mgas/s      0+   52 Qed Ancient:#12367375 LI:#13362774   11/25 peers      3 MiB chain   14 MiB queue  RPC:  0 conn,    0 req/s,    0 µs
2021-10-06 02:33:26 UTC Syncing #13362722 0x6890…1835     0.20 blk/s   77.0 tx/s    6.0 Mgas/s      0+   52 Qed Ancient:#12367377 LI:#13362775   11/25 peers      3 MiB chain   14 MiB queue  RPC:  0 conn,    0 req/s,    0 µs
2021-10-06 02:33:36 UTC Syncing #13362722 0x6890…1835     0.00 blk/s    0.0 tx/s    0.0 Mgas/s      0+   52 Qed Ancient:#12367377 LI:#13362775   11/25 peers      3 MiB chain   14 MiB queue  RPC:  0 conn,    0 req/s,    0 µs
2021-10-06 02:33:36 UTC Syncing #13362722 0x6890…1835     0.00 blk/s    0.0 tx/s    0.0 Mgas/s      0+   52 Qed Ancient:#12367377 LI:#13362775   11/25 peers      3 MiB chain   14 MiB queue  RPC:  0 conn,    0 req/s,    0 µs
2021-10-06 02:33:47 UTC Syncing #13362724 0x0063…ec8e     0.20 blk/s   16.1 tx/s    1.4 Mgas/s      0+   50 Qed Ancient:#12367379 LI:#13362775   10/25 peers      3 MiB chain   14 MiB queue  RPC:  0 conn,    0 req/s,    0 µs
2021-10-06 02:33:47 UTC Syncing #13362723 0x2c6b…367b     0.20 blk/s   22.4 tx/s    2.0 Mgas/s      0+   51 Qed Ancient:#12367378 LI:#13362775   10/25 peers      3 MiB chain   14 MiB queue  RPC:  0 conn,    0 req/s,    0 µs
2021-10-06 02:34:00 UTC Syncing #13362724 0x0063…ec8e     0.20 blk/s    9.8 tx/s    0.8 Mgas/s      0+   51 Qed Ancient:#12367379 LI:#13362776    8/25 peers      3 MiB chain   14 MiB queue  RPC:  0 conn,    0 req/s,    0 µs
2021-10-06 02:34:00 UTC Syncing #13362724 0x0063…ec8e     0.10 blk/s    4.9 tx/s    0.4 Mgas/s      0+   51 Qed Ancient:#12367379 LI:#13362776    8/25 peers      3 MiB chain   14 MiB queue  RPC:  0 conn,    0 req/s,    0 µs
2021-10-06 02:34:05 UTC Syncing #13362725 0x5cf7…3ad9     0.20 blk/s   28.0 tx/s    1.9 Mgas/s      0+   50 Qed Ancient:#12367380 LI:#13362776    9/25 peers      3 MiB chain   14 MiB queue  RPC:  0 conn,    0 req/s,    0 µs
2021-10-06 02:34:06 UTC Syncing #13362725 0x5cf7…3ad9     0.00 blk/s    0.0 tx/s    0.0 Mgas/s      0+   50 Qed Ancient:#12367380 LI:#13362776    9/25 peers      3 MiB chain   14 MiB queue  RPC:  0 conn,    0 req/s,    0 µs
2021-10-06 02:34:11 UTC Syncing #13362725 0x5cf7…3ad9     0.00 blk/s    0.0 tx/s    0.0 Mgas/s      0+   51 Qed Ancient:#12367380 LI:#13362777    9/25 peers      3 MiB chain   14 MiB queue  RPC:  0 conn,    0 req/s,    0 µs
2021-10-06 02:34:18 UTC Syncing #13362725 0x5cf7…3ad9     0.00 blk/s    0.0 tx/s    0.0 Mgas/s      0+   51 Qed Ancient:#12367380 LI:#13362777    9/25 peers      3 MiB chain   14 MiB queue  RPC:  0 conn,    0 req/s,    0 µs
2021-10-06 02:34:22 UTC Syncing #13362725 0x5cf7…3ad9     0.00 blk/s    0.0 tx/s    0.0 Mgas/s      0+   51 Qed Ancient:#12367380 LI:#13362777    8/25 peers      3 MiB chain   14 MiB queue  RPC:  0 conn,    0 req/s,    0 µs
2021-10-06 02:34:28 UTC Syncing #13362726 0x2ba2…6e8b     0.20 blk/s   16.4 tx/s    1.5 Mgas/s      0+   50 Qed Ancient:#12367381 LI:#13362777    8/25 peers      3 MiB chain   14 MiB queue  RPC:  0 conn,    0 req/s,    0 µs
2021-10-06 02:34:32 UTC Syncing #13362726 0x2ba2…6e8b     0.00 blk/s    0.0 tx/s    0.0 Mgas/s      0+   50 Qed Ancient:#12367381 LI:#13362777    7/25 peers      3 MiB chain   14 MiB queue  RPC:  0 conn,    0 req/s,    0 µs
2021-10-06 02:34:45 UTC Syncing #13362726 0x2ba2…6e8b     0.00 blk/s    0.0 tx/s    0.0 Mgas/s      0+   50 Qed Ancient:#12367381 LI:#13362777    4/25 peers      3 MiB chain   14 MiB queue  RPC:  0 conn,    0 req/s,    0 µs
2021-10-06 02:34:45 UTC Syncing #13362726 0x2ba2…6e8b     0.00 blk/s    0.0 tx/s    0.0 Mgas/s      0+   50 Qed Ancient:#12367381 LI:#13362777    4/25 peers      3 MiB chain   14 MiB queue  RPC:  0 conn,    0 req/s,    0 µs
2021-10-06 02:34:58 UTC Syncing #13362727 0x8a19…ad99     0.17 blk/s   58.3 tx/s    4.6 Mgas/s      0+   49 Qed Ancient:#12367382 LI:#13362777    1/25 peers      3 MiB chain   14 MiB queue  RPC:  0 conn,    0 req/s,    0 µs
2021-10-06 02:34:58 UTC Syncing #13362728 0x3c68…da65     0.19 blk/s   37.6 tx/s    2.9 Mgas/s      0+   48 Qed Ancient:#12367383 LI:#13362777    1/25 peers      4 MiB chain   14 MiB queue  RPC:  0 conn,    0 req/s,    0 µs
2021-10-06 02:35:05 UTC Syncing #13362729 0x86e4…98e2     0.20 blk/s   16.2 tx/s    1.2 Mgas/s      0+   47 Qed Ancient:#12367384 LI:#13362777    1/25 peers      4 MiB chain   13 MiB queue  RPC:  0 conn,    0 req/s,    0 µs
2021-10-06 02:35:10 UTC Syncing #13362729 0x86e4…98e2     0.00 blk/s    0.0 tx/s    0.0 Mgas/s      0+   47 Qed Ancient:#12367384 LI:#13362777    1/25 peers      4 MiB chain   13 MiB queue  RPC:  0 conn,    0 req/s,    0 µs
2021-10-06 02:35:11 UTC Syncing #13362729 0x86e4…98e2     0.00 blk/s    0.0 tx/s    0.0 Mgas/s      0+   47 Qed Ancient:#12367384 LI:#13362777    1/25 peers      4 MiB chain   13 MiB queue  RPC:  0 conn,    0 req/s,    0 µs
2021-10-06 02:35:16 UTC Syncing #13362729 0x86e4…98e2     0.00 blk/s    0.0 tx/s    0.0 Mgas/s      0+   47 Qed Ancient:#12367384 LI:#13362777    1/25 peers      4 MiB chain   13 MiB queue  RPC:  0 conn,    0 req/s,    0 µs
2021-10-06 02:35:27 UTC Syncing #13362731 0x2787…724c     0.20 blk/s   30.6 tx/s    2.5 Mgas/s      0+   45 Qed Ancient:#12367387 LI:#13362777    1/25 peers      4 MiB chain   13 MiB queue  RPC:  0 conn,    0 req/s,    0 µs
2021-10-06 02:35:27 UTC Syncing #13362730 0x553f…5187     0.20 blk/s   58.4 tx/s    4.6 Mgas/s      0+   46 Qed Ancient:#12367385 LI:#13362777    1/25 peers      4 MiB chain   13 MiB queue  RPC:  0 conn,    0 req/s,    0 µs