2021-10-07 18:47:12 UTC Syncing #13373451 0x1018…8ae6     0.00 blk/s    0.0 tx/s    0.0 Mgas/s      0+   22 Qed Ancient:#12853350 LI:#13373471   28/50 peers      4 MiB chain    6 MiB queue  RPC:  0 conn,    0 req/s,    0 µs
2021-10-07 18:47:13 UTC Syncing #13373451 0x1018…8ae6     0.00 blk/s    0.0 tx/s    0.0 Mgas/s      0+   22 Qed Ancient:#12853350 LI:#13373471   28/50 peers      4 MiB chain    6 MiB queue  RPC:  0 conn,    0 req/s,    0 µs
2021-10-07 18:47:29 UTC Syncing #13373452 0x4219…f046     0.06 blk/s   32.5 tx/s    1.9 Mgas/s      0+   24 Qed Ancient:#12853351 LI:#13373474   23/25 peers      5 MiB chain    6 MiB queue  RPC:  0 conn,    0 req/s,    0 µs
2021-10-07 18:47:45 UTC Syncing #13373452 0x4219…f046     0.00 blk/s    0.0 tx/s    0.0 Mgas/s      0+   24 Qed Ancient:#12853351 LI:#13373474   23/25 peers      5 MiB chain    6 MiB queue  RPC:  0 conn,    0 req/s,    0 µs
2021-10-07 18:47:45 UTC Syncing #13373452 0x4219…f046     0.00 blk/s    0.0 tx/s    0.0 Mgas/s      0+   24 Qed Ancient:#12853351 LI:#13373474   23/25 peers      5 MiB chain    6 MiB queue  RPC:  0 conn,    0 req/s,    0 µs
2021-10-07 18:47:48 UTC Syncing #13373452 0x4219…f046     0.00 blk/s    0.0 tx/s    0.0 Mgas/s      0+   26 Qed Ancient:#12853351 LI:#13373476   20/25 peers      5 MiB chain    7 MiB queue  RPC:  0 conn,    0 req/s,    0 µs
2021-10-07 18:47:53 UTC Syncing #13373452 0x4219…f046     0.00 blk/s    0.0 tx/s    0.0 Mgas/s      0+   26 Qed Ancient:#12853351 LI:#13373476   20/25 peers      7 MiB chain    7 MiB queue  RPC:  0 conn,    0 req/s,    0 µs
2021-10-07 18:48:15 UTC Syncing #13373453 0xd78b…1beb     0.10 blk/s   44.2 tx/s    3.0 Mgas/s      0+   25 Qed Ancient:#12853353 LI:#13373476   19/25 peers      7 MiB chain    6 MiB queue  RPC:  0 conn,    0 req/s,    0 µs
2021-10-07 18:48:15 UTC Syncing #13373453 0xd78b…1beb     0.00 blk/s    0.0 tx/s    0.0 Mgas/s      0+   25 Qed Ancient:#12853353 LI:#13373476   19/25 peers      7 MiB chain    6 MiB queue  RPC:  0 conn,    0 req/s,    0 µs
2021-10-07 18:48:15 UTC Syncing #13373453 0xd78b…1beb     0.20 blk/s   88.4 tx/s    6.0 Mgas/s      0+   25 Qed Ancient:#12853353 LI:#13373476   19/25 peers      7 MiB chain    6 MiB queue  RPC:  0 conn,    0 req/s,    0 µs
2021-10-07 18:48:18 UTC Syncing #13373453 0xd78b…1beb     0.00 blk/s    0.0 tx/s    0.0 Mgas/s      0+   26 Qed Ancient:#12853353 LI:#13373477   14/25 peers      7 MiB chain    7 MiB queue  RPC:  0 conn,    0 req/s,    0 µs
2021-10-07 18:48:23 UTC Syncing #13373453 0xd78b…1beb     0.00 blk/s    0.0 tx/s    0.0 Mgas/s      0+   27 Qed Ancient:#12853353 LI:#13373478   14/25 peers      4 MiB chain    7 MiB queue  RPC:  0 conn,    0 req/s,    0 µs
2021-10-07 18:48:28 UTC Syncing #13373453 0xd78b…1beb     0.00 blk/s    0.0 tx/s    0.0 Mgas/s      0+   27 Qed Ancient:#12853353 LI:#13373478   15/25 peers      4 MiB chain    7 MiB queue  RPC:  0 conn,    0 req/s,    0 µs
2021-10-07 18:48:38 UTC Syncing #13373454 0xfc38…de5c     0.20 blk/s   65.8 tx/s    6.0 Mgas/s      0+   26 Qed Ancient:#12853354 LI:#13373478   17/25 peers      4 MiB chain    7 MiB queue  RPC:  0 conn,    0 req/s,    0 µs
2021-10-07 18:48:38 UTC Syncing #13373454 0xfc38…de5c     0.00 blk/s    0.0 tx/s    0.0 Mgas/s      0+   26 Qed Ancient:#12853354 LI:#13373478   17/25 peers      4 MiB chain    7 MiB queue  RPC:  0 conn,    0 req/s,    0 µs
2021-10-07 18:48:47 UTC Syncing #13373456 0x90cb…54d7     0.40 blk/s   30.0 tx/s    2.4 Mgas/s      0+   24 Qed Ancient:#12853356 LI:#13373478   18/25 peers      4 MiB chain    6 MiB queue  RPC:  0 conn,    0 req/s,    0 µs
2021-10-07 18:48:52 UTC Syncing #13373456 0x90cb…54d7     0.00 blk/s    0.0 tx/s    0.0 Mgas/s      0+   25 Qed Ancient:#12853356 LI:#13373479   18/25 peers      4 MiB chain    7 MiB queue  RPC:  0 conn,    0 req/s,    0 µs
2021-10-07 18:48:53 UTC Syncing #13373456 0x90cb…54d7     0.00 blk/s    0.0 tx/s    0.0 Mgas/s      0+   25 Qed Ancient:#12853356 LI:#13373479   18/25 peers      4 MiB chain    7 MiB queue  RPC:  0 conn,    0 req/s,    0 µs
2021-10-07 18:49:11 UTC Syncing #13373456 0x90cb…54d7     0.00 blk/s    0.0 tx/s    0.0 Mgas/s      0+   26 Qed Ancient:#12853356 LI:#13373480   20/25 peers      4 MiB chain    7 MiB queue  RPC:  0 conn,    0 req/s,    0 µs
2021-10-07 18:49:11 UTC Syncing #13373456 0x90cb…54d7     0.00 blk/s    0.0 tx/s    0.0 Mgas/s      0+   26 Qed Ancient:#12853356 LI:#13373480   20/25 peers      4 MiB chain    7 MiB queue  RPC:  0 conn,    0 req/s,    0 µs
2021-10-07 18:49:11 UTC Syncing #13373456 0x90cb…54d7     0.00 blk/s    0.0 tx/s    0.0 Mgas/s      0+   26 Qed Ancient:#12853356 LI:#13373480   20/25 peers      4 MiB chain    7 MiB queue  RPC:  0 conn,    0 req/s,    0 µs
2021-10-07 18:49:16 UTC Syncing #13373457 0xe72d…8b2e     0.20 blk/s   84.0 tx/s    6.0 Mgas/s      0+   26 Qed Ancient:#12853357 LI:#13373481   19/25 peers      4 MiB chain    7 MiB queue  RPC:  0 conn,    0 req/s,    0 µs
2021-10-07 18:49:18 UTC Syncing #13373457 0xe72d…8b2e     0.00 blk/s    0.0 tx/s    0.0 Mgas/s      0+   27 Qed Ancient:#12853357 LI:#13373481   19/25 peers      4 MiB chain    7 MiB queue  RPC:  0 conn,    0 req/s,    0 µs
2021-10-07 18:49:23 UTC Syncing #13373457 0xe72d…8b2e     0.20 blk/s   45.8 tx/s    3.3 Mgas/s      0+   26 Qed Ancient:#12853358 LI:#13373481   22/25 peers      5 MiB chain    7 MiB queue  RPC:  0 conn,    0 req/s,    0 µs
2021-10-07 18:49:28 UTC Syncing #13373457 0xe72d…8b2e     0.00 blk/s    0.0 tx/s    0.0 Mgas/s      0+   26 Qed Ancient:#12853358 LI:#13373481   26/50 peers      5 MiB chain    7 MiB queue  RPC:  0 conn,    0 req/s,    0 µs
2021-10-07 18:49:37 UTC Syncing #13373458 0xf067…8642     0.20 blk/s   27.2 tx/s    2.2 Mgas/s      0+   25 Qed Ancient:#12853359 LI:#13373481   25/25 peers      5 MiB chain    7 MiB queue  RPC:  0 conn,    0 req/s,    0 µs
2021-10-07 18:49:38 UTC Syncing #13373458 0xf067…8642     0.00 blk/s    0.0 tx/s    0.0 Mgas/s      0+   25 Qed Ancient:#12853359 LI:#13373481   25/25 peers      5 MiB chain    7 MiB queue  RPC:  0 conn,    0 req/s,    0 µs
2021-10-07 18:49:43 UTC Syncing #13373458 0xf067…8642     0.00 blk/s    0.0 tx/s    0.0 Mgas/s      0+   25 Qed Ancient:#12853359 LI:#13373481   27/50 peers      5 MiB chain    7 MiB queue  RPC:  0 conn,    0 req/s,    0 µs
2021-10-07 18:49:48 UTC Syncing #13373458 0xf067…8642     0.00 blk/s    0.0 tx/s    0.0 Mgas/s      0+   28 Qed Ancient:#12853359 LI:#13373484   24/25 peers      5 MiB chain    7 MiB queue  RPC:  0 conn,    0 req/s,    0 µs
2021-10-07 18:49:53 UTC Syncing #13373459 0x812a…db0e     0.20 blk/s   63.0 tx/s    3.5 Mgas/s      0+   28 Qed Ancient:#12853360 LI:#13373483   24/25 peers      6 MiB chain    8 MiB queue  RPC:  0 conn,    0 req/s,    0 µs
2021-10-07 18:49:59 UTC Syncing #13373460 0xc509…349e     0.20 blk/s    5.0 tx/s    0.2 Mgas/s      0+   27 Qed Ancient:#12853361 LI:#13373483   24/25 peers      6 MiB chain    7 MiB queue  RPC:  0 conn,    0 req/s,    0 µs
2021-10-07 18:50:07 UTC Syncing #13373460 0xc509…349e     0.20 blk/s   57.2 tx/s    3.3 Mgas/s      0+   29 Qed Ancient:#12853362 LI:#13373486   24/25 peers      6 MiB chain    8 MiB queue  RPC:  0 conn,    0 req/s,    0 µs
2021-10-07 18:50:08 UTC Syncing #13373460 0xc509…349e     0.00 blk/s    0.0 tx/s    0.0 Mgas/s      0+   29 Qed Ancient:#12853362 LI:#13373486   24/25 peers      6 MiB chain    8 MiB queue  RPC:  0 conn,    0 req/s,    0 µs
2021-10-07 18:50:19 UTC Syncing #13373460 0xc509…349e     0.00 blk/s    0.0 tx/s    0.0 Mgas/s      0+   29 Qed Ancient:#12853362 LI:#13373486   26/50 peers      6 MiB chain    8 MiB queue  RPC:  0 conn,    0 req/s,    0 µs
2021-10-07 18:50:19 UTC Syncing #13373460 0xc509…349e     0.00 blk/s    0.0 tx/s    0.0 Mgas/s      0+   29 Qed Ancient:#12853362 LI:#13373486   26/50 peers      6 MiB chain    8 MiB queue  RPC:  0 conn,    0 req/s,    0 µs
2021-10-07 18:50:29 UTC Syncing #13373463 0x938d…5da3     0.30 blk/s   36.1 tx/s    2.9 Mgas/s      0+   26 Qed Ancient:#12853365 LI:#13373486   28/50 peers      6 MiB chain    7 MiB queue  RPC:  0 conn,    0 req/s,    0 µs
2021-10-07 18:50:29 UTC Syncing #13373462 0x12cd…3f2a     0.40 blk/s   63.8 tx/s    5.2 Mgas/s      0+   27 Qed Ancient:#12853364 LI:#13373486   28/50 peers      6 MiB chain    7 MiB queue  RPC:  0 conn,    0 req/s,    0 µs
2021-10-07 18:50:37 UTC Syncing #13373463 0x938d…5da3     0.20 blk/s    8.4 tx/s    0.7 Mgas/s      0+   27 Qed Ancient:#12853365 LI:#13373487   28/50 peers      6 MiB chain    8 MiB queue  RPC:  0 conn,    0 req/s,    0 µs
2021-10-07 18:50:43 UTC Syncing #13373464 0xfcbf…25a6     0.10 blk/s   13.1 tx/s    0.9 Mgas/s      0+   27 Qed Ancient:#12853366 LI:#13373488   26/50 peers      6 MiB chain    8 MiB queue  RPC:  0 conn,    0 req/s,    0 µs
2021-10-07 18:50:43 UTC Syncing #13373464 0xfcbf…25a6     0.20 blk/s   26.2 tx/s    1.7 Mgas/s      0+   27 Qed Ancient:#12853366 LI:#13373488   26/50 peers      6 MiB chain    8 MiB queue  RPC:  0 conn,    0 req/s,    0 µs
2021-10-07 18:50:54 UTC Syncing #13373464 0xfcbf…25a6     0.00 blk/s    0.0 tx/s    0.0 Mgas/s      0+   27 Qed Ancient:#12853366 LI:#13373488   27/50 peers      6 MiB chain    8 MiB queue  RPC:  0 conn,    0 req/s,    0 µs
2021-10-07 18:50:54 UTC Syncing #13373464 0xfcbf…25a6     0.00 blk/s    0.0 tx/s    0.0 Mgas/s      0+   27 Qed Ancient:#12853366 LI:#13373488   27/50 peers      6 MiB chain    8 MiB queue  RPC:  0 conn,    0 req/s,    0 µs
2021-10-07 18:50:58 UTC Syncing #13373465 0x7ccf…c636     0.40 blk/s   56.0 tx/s    6.5 Mgas/s      0+   26 Qed Ancient:#12853367 LI:#13373488   27/50 peers      6 MiB chain    7 MiB queue  RPC:  0 conn,    0 req/s,    0 µs
2021-10-07 18:51:04 UTC Syncing #13373466 0x674e…5142     0.20 blk/s    5.4 tx/s    0.4 Mgas/s      0+   24 Qed Ancient:#12853369 LI:#13373488   27/50 peers      6 MiB chain    7 MiB queue  RPC:  0 conn,    0 req/s,    0 µs
2021-10-07 18:51:08 UTC Syncing #13373466 0x674e…5142     0.00 blk/s    0.0 tx/s    0.0 Mgas/s      0+   24 Qed Ancient:#12853369 LI:#13373488   26/50 peers      6 MiB chain    7 MiB queue  RPC:  0 conn,    0 req/s,    0 µs
2021-10-07 18:51:13 UTC Syncing #13373466 0x674e…5142     0.00 blk/s    0.0 tx/s    0.0 Mgas/s      0+   24 Qed Ancient:#12853369 LI:#13373488   28/50 peers      6 MiB chain    7 MiB queue  RPC:  0 conn,    0 req/s,    0 µs
2021-10-07 18:51:18 UTC Syncing #13373466 0x674e…5142     0.00 blk/s    0.0 tx/s    0.0 Mgas/s      0+   24 Qed Ancient:#12853369 LI:#13373488   28/50 peers      6 MiB chain    7 MiB queue  RPC:  0 conn,    0 req/s,    0 µs
2021-10-07 18:51:23 UTC Syncing #13373466 0x674e…5142     0.00 blk/s    0.0 tx/s    0.0 Mgas/s      0+   25 Qed Ancient:#12853369 LI:#13373489   28/50 peers      5 MiB chain    7 MiB queue  RPC:  0 conn,    0 req/s,    0 µs
2021-10-07 18:51:28 UTC Syncing #13373467 0xd527…fe5f     0.20 blk/s   92.6 tx/s    6.0 Mgas/s      0+   26 Qed Ancient:#12853370 LI:#13373491   27/50 peers      5 MiB chain    7 MiB queue  RPC:  0 conn,    0 req/s,    0 µs
2021-10-07 18:51:33 UTC Syncing #13373467 0xd527…fe5f     0.00 blk/s    0.0 tx/s    0.0 Mgas/s      0+   27 Qed Ancient:#12853370 LI:#13373492   27/50 peers      5 MiB chain    7 MiB queue  RPC:  0 conn,    0 req/s,    0 µs
2021-10-07 18:51:38 UTC Syncing #13373467 0xd527…fe5f     0.00 blk/s    0.0 tx/s    0.0 Mgas/s      0+   27 Qed Ancient:#12853370 LI:#13373492   27/50 peers      5 MiB chain    7 MiB queue  RPC:  0 conn,    0 req/s,    0 µs
2021-10-07 18:51:43 UTC Syncing #13373467 0xd527…fe5f     0.00 blk/s    0.0 tx/s    0.0 Mgas/s      0+   27 Qed Ancient:#12853370 LI:#13373492   27/50 peers      5 MiB chain    7 MiB queue  RPC:  0 conn,    0 req/s,    0 µs
2021-10-07 18:51:48 UTC Syncing #13373467 0xd527…fe5f     0.00 blk/s    0.0 tx/s    0.0 Mgas/s      0+   27 Qed Ancient:#12853370 LI:#13373492   27/50 peers      5 MiB chain    7 MiB queue  RPC:  0 conn,    0 req/s,    0 µs
2021-10-07 18:51:53 UTC Syncing #13373467 0xd527…fe5f     0.00 blk/s    0.0 tx/s    0.0 Mgas/s      0+   28 Qed Ancient:#12853370 LI:#13373493   27/50 peers      5 MiB chain    8 MiB queue  RPC:  0 conn,    0 req/s,    0 µs
2021-10-07 18:51:59 UTC Syncing #13373468 0x290f…c1e9     0.20 blk/s   58.4 tx/s    4.0 Mgas/s      0+   27 Qed Ancient:#12853371 LI:#13373493   27/50 peers      5 MiB chain    8 MiB queue  RPC:  0 conn,    0 req/s,    0 µs
2021-10-07 18:52:03 UTC Syncing #13373468 0x290f…c1e9     0.00 blk/s    0.0 tx/s    0.0 Mgas/s      0+   27 Qed Ancient:#12853371 LI:#13373493   27/50 peers      5 MiB chain    8 MiB queue  RPC:  0 conn,    0 req/s,    0 µs
2021-10-07 18:52:12 UTC Syncing #13373469 0x1bf7…a0b8     0.20 blk/s   31.8 tx/s    2.2 Mgas/s      0+   26 Qed Ancient:#12853372 LI:#13373493   29/50 peers      5 MiB chain    7 MiB queue  RPC:  0 conn,    0 req/s,    0 µs
2021-10-07 18:52:13 UTC Syncing #13373469 0x1bf7…a0b8     0.00 blk/s    0.0 tx/s    0.0 Mgas/s      0+   26 Qed Ancient:#12853372 LI:#13373493   29/50 peers      5 MiB chain    7 MiB queue  RPC:  0 conn,    0 req/s,    0 µs
2021-10-07 18:52:18 UTC Syncing #13373469 0x1bf7…a0b8     0.00 blk/s    0.0 tx/s    0.0 Mgas/s      0+   26 Qed Ancient:#12853372 LI:#13373493   31/50 peers      5 MiB chain    7 MiB queue  RPC:  0 conn,    0 req/s,    0 µs
2021-10-07 18:52:23 UTC Syncing #13373469 0x1bf7…a0b8     0.00 blk/s    0.0 tx/s    0.0 Mgas/s      0+   27 Qed Ancient:#12853372 LI:#13373494   31/50 peers      5 MiB chain    8 MiB queue  RPC:  0 conn,    0 req/s,    0 µs
2021-10-07 18:52:28 UTC Syncing #13373469 0x1bf7…a0b8     0.00 blk/s    0.0 tx/s    0.0 Mgas/s      0+   27 Qed Ancient:#12853372 LI:#13373494   32/50 peers      5 MiB chain    8 MiB queue  RPC:  0 conn,    0 req/s,    0 µs
2021-10-07 18:52:33 UTC Syncing #13373469 0x1bf7…a0b8     0.00 blk/s    0.0 tx/s    0.0 Mgas/s      0+   27 Qed Ancient:#12853372 LI:#13373494   32/50 peers      5 MiB chain    8 MiB queue  RPC:  0 conn,    0 req/s,    0 µs
2021-10-07 18:52:39 UTC Syncing #13373470 0x9bbc…a8fc     0.20 blk/s   73.8 tx/s    4.8 Mgas/s      0+   26 Qed Ancient:#12853373 LI:#13373494   32/50 peers      5 MiB chain    7 MiB queue  RPC:  0 conn,    0 req/s,    0 µs
2021-10-07 18:52:43 UTC Syncing #13373470 0x9bbc…a8fc     0.00 blk/s    0.0 tx/s    0.0 Mgas/s      0+   26 Qed Ancient:#12853373 LI:#13373494   33/50 peers      5 MiB chain    7 MiB queue  RPC:  0 conn,    0 req/s,    0 µs
2021-10-07 18:52:48 UTC Syncing #13373470 0x9bbc…a8fc     0.00 blk/s    0.0 tx/s    0.0 Mgas/s      0+   26 Qed Ancient:#12853373 LI:#13373494   33/50 peers      6 MiB chain    7 MiB queue  RPC:  0 conn,    0 req/s,    0 µs
2021-10-07 18:53:00 UTC Syncing #13373471 0x60ea…5173     0.10 blk/s   45.8 tx/s    3.0 Mgas/s      0+   25 Qed Ancient:#12853374 LI:#13373494   33/50 peers      6 MiB chain    7 MiB queue  RPC:  0 conn,    0 req/s,    0 µs
2021-10-07 18:53:00 UTC Syncing #13373471 0x60ea…5173     0.20 blk/s   91.6 tx/s    6.0 Mgas/s      0+   25 Qed Ancient:#12853374 LI:#13373494   33/50 peers      6 MiB chain    7 MiB queue  RPC:  0 conn,    0 req/s,    0 µs
2021-10-07 18:53:03 UTC Syncing #13373471 0x60ea…5173     0.00 blk/s    0.0 tx/s    0.0 Mgas/s      0+   26 Qed Ancient:#12853374 LI:#13373495   34/50 peers      6 MiB chain    7 MiB queue  RPC:  0 conn,    0 req/s,    0 µs
2021-10-07 18:53:11 UTC Syncing #13373471 0x60ea…5173     0.00 blk/s    0.0 tx/s    0.0 Mgas/s      0+   26 Qed Ancient:#12853374 LI:#13373495   34/50 peers      6 MiB chain    7 MiB queue  RPC:  0 conn,    0 req/s,    0 µs
2021-10-07 18:53:17 UTC Syncing #13373472 0xda37…4a08     0.20 blk/s  107.4 tx/s    6.0 Mgas/s      0+   26 Qed Ancient:#12853375 LI:#13373496   32/50 peers      6 MiB chain    7 MiB queue  RPC:  0 conn,    0 req/s,    0 µs