INFO [10-06|01:08:43.240] Imported new block headers               count=1    elapsed=12.497ms  number=13,362,362 hash=8778dd..1ea8c3 age=1m19s
ERROR[10-06|01:08:43.709] Snapshot extension registration failed   peer=40678fb5 err="peer connected on snap without compatible eth support"
INFO [10-06|01:08:46.652] Imported new block headers               count=1    elapsed=8.410ms   number=13,362,363 hash=f30110..e99f65 age=1m
ERROR[10-06|01:08:49.286] Snapshot extension registration failed   peer=1d4fc8e3 err="peer connected on snap without compatible eth support"
ERROR[10-06|01:08:50.533] Snapshot extension registration failed   peer=17bfcda0 err="peer connected on snap without compatible eth support"
ERROR[10-06|01:08:51.893] Snapshot extension registration failed   peer=3300220c err="peer connected on snap without compatible eth support"
INFO [10-06|01:08:52.327] State heal in progress                   accounts=2927@189.52KiB slots=44@3.49KiB  codes=12396@105.25MiB nodes=293,528,381@86.00GiB pending=92947
INFO [10-06|01:08:53.505] Imported new block headers               count=1    elapsed=6.160ms   number=13,362,364 hash=527a55..8522e5
INFO [10-06|01:09:03.241] State heal in progress                   accounts=2942@190.70KiB slots=44@3.49KiB  codes=12396@105.25MiB nodes=293,529,141@86.00GiB pending=93728
INFO [10-06|01:09:03.540] Imported new block headers               count=1    elapsed=8.683ms   number=13,362,365 hash=293975..637bce
INFO [10-06|01:09:10.220] Imported new block headers               count=1    elapsed=7.255ms   number=13,362,366 hash=4d5a4b..e4cd66
INFO [10-06|01:09:11.543] State heal in progress                   accounts=2999@194.46KiB slots=44@3.49KiB  codes=12396@105.25MiB nodes=293,529,797@86.00GiB pending=94275
INFO [10-06|01:09:13.604] Downloader queue stats                   receiptTasks=0   blockTasks=0    itemSize=263.05KiB throttle=997
WARN [10-06|01:09:14.751] Dropping unsynced node during sync       id=6033ff995320f1d9 conn=inbound addr=65.21.230.244:47342   type="nimbus-eth1 v0.1.0 [..."
WARN [10-06|01:09:17.456] Unable to send to InfluxDB               err="Post \"http://localhost:8086/write?consistency=&db=chaosevm&precision=&rp=\": context deadline exceeded (Client.Timeout exceeded while awaiting headers)"
INFO [10-06|01:09:22.032] State heal in progress                   accounts=3056@198.96KiB slots=44@3.49KiB  codes=12396@105.25MiB nodes=293,530,738@86.00GiB pending=95143
INFO [10-06|01:09:26.628] Imported new block headers               count=1    elapsed=6.602ms   number=13,362,367 hash=8676f6..872521
INFO [10-06|01:09:26.837] Imported new block headers               count=1    elapsed=6.451ms   number=13,362,368 hash=e9f46b..cede38
WARN [10-06|01:09:27.467] Unable to send to InfluxDB               err="Post \"http://localhost:8086/write?consistency=&db=chaosevm&precision=&rp=\": context deadline exceeded (Client.Timeout exceeded while awaiting headers)"
CRIT [10-06|01:09:31.996] Failed to persist healing data           err="write /data/eth-data/geth/chaindata/1287129.log: resource temporarily unavailable"